# ali-to-post "ark:gunzip -c exp/tri5a_ali/pre_ali.1.gz|" ark:- | weight-silence-post 0.0 1:2 exp/tri5a/final.alimdl ark:- ark:- | gmm-post-to-gpost exp/tri5a/final.alimdl "ark,s,cs:apply-cmvn  --utt2spk=ark:data/train/split1/1/utt2spk scp:data/train/split1/1/cmvn.scp scp:data/train/split1/1/feats.scp ark:- | splice-feats  ark:- ark:- | transform-feats exp/tri5a/final.mat ark:- ark:- |" ark:- ark:- | gmm-est-fmllr-gpost --fmllr-update-type=full --spk2utt=ark:data/train/split1/1/spk2utt exp/tri5a/final.mdl "ark,s,cs:apply-cmvn  --utt2spk=ark:data/train/split1/1/utt2spk scp:data/train/split1/1/cmvn.scp scp:data/train/split1/1/feats.scp ark:- | splice-feats  ark:- ark:- | transform-feats exp/tri5a/final.mat ark:- ark:- |" ark,s,cs:- ark:exp/tri5a_ali/trans.1 
# Started at Wed Sep 28 18:20:35 CST 2022
#
ali-to-post 'ark:gunzip -c exp/tri5a_ali/pre_ali.1.gz|' ark:- 
weight-silence-post 0.0 1:2 exp/tri5a/final.alimdl ark:- ark:- 
gmm-post-to-gpost exp/tri5a/final.alimdl 'ark,s,cs:apply-cmvn  --utt2spk=ark:data/train/split1/1/utt2spk scp:data/train/split1/1/cmvn.scp scp:data/train/split1/1/feats.scp ark:- | splice-feats  ark:- ark:- | transform-feats exp/tri5a/final.mat ark:- ark:- |' ark:- ark:- 
gmm-est-fmllr-gpost --fmllr-update-type=full --spk2utt=ark:data/train/split1/1/spk2utt exp/tri5a/final.mdl 'ark,s,cs:apply-cmvn  --utt2spk=ark:data/train/split1/1/utt2spk scp:data/train/split1/1/cmvn.scp scp:data/train/split1/1/feats.scp ark:- | splice-feats  ark:- ark:- | transform-feats exp/tri5a/final.mat ark:- ark:- |' ark,s,cs:- ark:exp/tri5a_ali/trans.1 
transform-feats exp/tri5a/final.mat ark:- ark:- 
apply-cmvn --utt2spk=ark:data/train/split1/1/utt2spk scp:data/train/split1/1/cmvn.scp scp:data/train/split1/1/feats.scp ark:- 
transform-feats exp/tri5a/final.mat ark:- ark:- 
splice-feats ark:- ark:- 
splice-feats ark:- ark:- 
apply-cmvn --utt2spk=ark:data/train/split1/1/utt2spk scp:data/train/split1/1/cmvn.scp scp:data/train/split1/1/feats.scp ark:- 
LOG (ali-to-post[5.5.1049~1-4592c5]:main():ali-to-post.cc:73) Converted 1899 alignments.
LOG (weight-silence-post[5.5.1049~1-4592c5]:main():weight-silence-post.cc:95) Done 1899 posteriors.
WARNING (gmm-est-fmllr-gpost[5.5.1049~1-4592c5]:main():gmm-est-fmllr-gpost.cc:116) Did not find posteriors for utterance SuiSiann_1137
WARNING (gmm-est-fmllr-gpost[5.5.1049~1-4592c5]:main():gmm-est-fmllr-gpost.cc:116) Did not find posteriors for utterance SuiSiann_1841
WARNING (gmm-est-fmllr-gpost[5.5.1049~1-4592c5]:main():gmm-est-fmllr-gpost.cc:116) Did not find posteriors for utterance SuiSiann_1866
WARNING (gmm-est-fmllr-gpost[5.5.1049~1-4592c5]:main():gmm-est-fmllr-gpost.cc:116) Did not find posteriors for utterance SuiSiann_2025
WARNING (gmm-est-fmllr-gpost[5.5.1049~1-4592c5]:main():gmm-est-fmllr-gpost.cc:116) Did not find posteriors for utterance SuiSiann_2275
WARNING (gmm-est-fmllr-gpost[5.5.1049~1-4592c5]:main():gmm-est-fmllr-gpost.cc:116) Did not find posteriors for utterance SuiSiann_2437
WARNING (gmm-est-fmllr-gpost[5.5.1049~1-4592c5]:main():gmm-est-fmllr-gpost.cc:116) Did not find posteriors for utterance SuiSiann_2491
WARNING (gmm-est-fmllr-gpost[5.5.1049~1-4592c5]:main():gmm-est-fmllr-gpost.cc:116) Did not find posteriors for utterance SuiSiann_2493
LOG (apply-cmvn[5.5.1049~1-4592c5]:main():apply-cmvn.cc:162) Applied cepstral mean normalization to 1907 utterances, errors on 0
LOG (apply-cmvn[5.5.1049~1-4592c5]:main():apply-cmvn.cc:162) Applied cepstral mean normalization to 1907 utterances, errors on 0
LOG (transform-feats[5.5.1049~1-4592c5]:main():transform-feats.cc:158) Overall average [pseudo-]logdet is -23.9099 over 792377 frames.
LOG (transform-feats[5.5.1049~1-4592c5]:main():transform-feats.cc:161) Applied transform to 1907 utterances; 0 had errors.
LOG (gmm-post-to-gpost[5.5.1049~1-4592c5]:main():gmm-post-to-gpost.cc:124) Done 1899 files, 8 with no posteriors, 0 with other errors.
LOG (gmm-post-to-gpost[5.5.1049~1-4592c5]:main():gmm-post-to-gpost.cc:128) Overall avg like per frame (Gaussian only) = -40.6999 over 624061 frames.
LOG (gmm-post-to-gpost[5.5.1049~1-4592c5]:main():gmm-post-to-gpost.cc:131) Done converting post to gpost
LOG (transform-feats[5.5.1049~1-4592c5]:main():transform-feats.cc:158) Overall average [pseudo-]logdet is -23.9099 over 792377 frames.
LOG (transform-feats[5.5.1049~1-4592c5]:main():transform-feats.cc:161) Applied transform to 1907 utterances; 0 had errors.
LOG (gmm-est-fmllr-gpost[5.5.1049~1-4592c5]:ComputeFmllrMatrixDiagGmmFull():fmllr-diag-gmm.cc:262) fMLLR objf improvement is 3.82342 per frame over 624061 frames.
LOG (gmm-est-fmllr-gpost[5.5.1049~1-4592c5]:main():gmm-est-fmllr-gpost.cc:141) For speaker SuiSiann, auxf-impr from fMLLR is 3.82342, over 624061 frames.

LOG (gmm-est-fmllr-gpost[5.5.1049~1-4592c5]:main():gmm-est-fmllr-gpost.cc:186) Done 1899 files, 8 with no gposts, 0 with other errors.
LOG (gmm-est-fmllr-gpost[5.5.1049~1-4592c5]:main():gmm-est-fmllr-gpost.cc:188) Overall fMLLR auxf impr per frame is 3.82342 over 624061 frames.
# Accounting: time=5 threads=1
# Ended (code 0) at Wed Sep 28 18:20:40 CST 2022, elapsed time 5 seconds
