# gmm-acc-stats-ali exp/tri4a/21.mdl "ark,s,cs:apply-cmvn  --utt2spk=ark:data/train/split1/1/utt2spk scp:data/train/split1/1/cmvn.scp scp:data/train/split1/1/feats.scp ark:- | splice-feats  ark:- ark:- | transform-feats exp/tri3a_ali/final.mat ark:- ark:- | transform-feats --utt2spk=ark:data/train/split1/1/utt2spk ark:exp/tri4a/trans.1 ark:- ark:- |" "ark,s,cs:gunzip -c exp/tri4a/ali.1.gz|" exp/tri4a/21.1.acc 
# Started at Sun Sep 25 13:14:05 CST 2022
#
gmm-acc-stats-ali exp/tri4a/21.mdl 'ark,s,cs:apply-cmvn  --utt2spk=ark:data/train/split1/1/utt2spk scp:data/train/split1/1/cmvn.scp scp:data/train/split1/1/feats.scp ark:- | splice-feats  ark:- ark:- | transform-feats exp/tri3a_ali/final.mat ark:- ark:- | transform-feats --utt2spk=ark:data/train/split1/1/utt2spk ark:exp/tri4a/trans.1 ark:- ark:- |' 'ark,s,cs:gunzip -c exp/tri4a/ali.1.gz|' exp/tri4a/21.1.acc 
transform-feats exp/tri3a_ali/final.mat ark:- ark:- 
splice-feats ark:- ark:- 
transform-feats --utt2spk=ark:data/train/split1/1/utt2spk ark:exp/tri4a/trans.1 ark:- ark:- 
apply-cmvn --utt2spk=ark:data/train/split1/1/utt2spk scp:data/train/split1/1/cmvn.scp scp:data/train/split1/1/feats.scp ark:- 
LOG (gmm-acc-stats-ali[5.5.1047~1-09a63]:main():gmm-acc-stats-ali.cc:105) Processed 50 utterances; for utterance SuiSiann_0071 avg. like is -49.0554 over 96 frames.
LOG (gmm-acc-stats-ali[5.5.1047~1-09a63]:main():gmm-acc-stats-ali.cc:105) Processed 100 utterances; for utterance SuiSiann_0301 avg. like is -33.7009 over 99 frames.
LOG (gmm-acc-stats-ali[5.5.1047~1-09a63]:main():gmm-acc-stats-ali.cc:105) Processed 150 utterances; for utterance SuiSiann_0392 avg. like is -40.7062 over 207 frames.
LOG (gmm-acc-stats-ali[5.5.1047~1-09a63]:main():gmm-acc-stats-ali.cc:105) Processed 200 utterances; for utterance SuiSiann_0460 avg. like is -50.3718 over 204 frames.
LOG (gmm-acc-stats-ali[5.5.1047~1-09a63]:main():gmm-acc-stats-ali.cc:105) Processed 250 utterances; for utterance SuiSiann_0520 avg. like is -46.964 over 162 frames.
LOG (gmm-acc-stats-ali[5.5.1047~1-09a63]:main():gmm-acc-stats-ali.cc:105) Processed 300 utterances; for utterance SuiSiann_0593 avg. like is -51.6419 over 321 frames.
LOG (gmm-acc-stats-ali[5.5.1047~1-09a63]:main():gmm-acc-stats-ali.cc:105) Processed 350 utterances; for utterance SuiSiann_0943 avg. like is -46.7815 over 969 frames.
LOG (gmm-acc-stats-ali[5.5.1047~1-09a63]:main():gmm-acc-stats-ali.cc:105) Processed 400 utterances; for utterance SuiSiann_1038 avg. like is -47.2321 over 528 frames.
LOG (gmm-acc-stats-ali[5.5.1047~1-09a63]:main():gmm-acc-stats-ali.cc:105) Processed 450 utterances; for utterance SuiSiann_1129 avg. like is -48.2531 over 804 frames.
WARNING (gmm-acc-stats-ali[5.5.1047~1-09a63]:main():gmm-acc-stats-ali.cc:79) No alignment for utterance SuiSiann_1137
LOG (gmm-acc-stats-ali[5.5.1047~1-09a63]:main():gmm-acc-stats-ali.cc:105) Processed 500 utterances; for utterance SuiSiann_1265 avg. like is -49.5369 over 1197 frames.
LOG (gmm-acc-stats-ali[5.5.1047~1-09a63]:main():gmm-acc-stats-ali.cc:105) Processed 550 utterances; for utterance SuiSiann_1357 avg. like is -45.0483 over 1275 frames.
LOG (gmm-acc-stats-ali[5.5.1047~1-09a63]:main():gmm-acc-stats-ali.cc:105) Processed 600 utterances; for utterance SuiSiann_1433 avg. like is -49.3532 over 198 frames.
LOG (gmm-acc-stats-ali[5.5.1047~1-09a63]:main():gmm-acc-stats-ali.cc:105) Processed 650 utterances; for utterance SuiSiann_1497 avg. like is -43.3763 over 153 frames.
LOG (gmm-acc-stats-ali[5.5.1047~1-09a63]:main():gmm-acc-stats-ali.cc:105) Processed 700 utterances; for utterance SuiSiann_1584 avg. like is -54.2849 over 147 frames.
LOG (gmm-acc-stats-ali[5.5.1047~1-09a63]:main():gmm-acc-stats-ali.cc:105) Processed 750 utterances; for utterance SuiSiann_1656 avg. like is -48.7016 over 318 frames.
LOG (gmm-acc-stats-ali[5.5.1047~1-09a63]:main():gmm-acc-stats-ali.cc:105) Processed 800 utterances; for utterance SuiSiann_1724 avg. like is -52.6213 over 399 frames.
LOG (gmm-acc-stats-ali[5.5.1047~1-09a63]:main():gmm-acc-stats-ali.cc:105) Processed 850 utterances; for utterance SuiSiann_1795 avg. like is -36.2926 over 72 frames.
WARNING (gmm-acc-stats-ali[5.5.1047~1-09a63]:main():gmm-acc-stats-ali.cc:79) No alignment for utterance SuiSiann_1841
LOG (gmm-acc-stats-ali[5.5.1047~1-09a63]:main():gmm-acc-stats-ali.cc:105) Processed 900 utterances; for utterance SuiSiann_1860 avg. like is -42.6521 over 243 frames.
WARNING (gmm-acc-stats-ali[5.5.1047~1-09a63]:main():gmm-acc-stats-ali.cc:79) No alignment for utterance SuiSiann_1866
LOG (gmm-acc-stats-ali[5.5.1047~1-09a63]:main():gmm-acc-stats-ali.cc:105) Processed 950 utterances; for utterance SuiSiann_1929 avg. like is -50.3389 over 180 frames.
LOG (gmm-acc-stats-ali[5.5.1047~1-09a63]:main():gmm-acc-stats-ali.cc:105) Processed 1000 utterances; for utterance SuiSiann_2000 avg. like is -43.1654 over 81 frames.
WARNING (gmm-acc-stats-ali[5.5.1047~1-09a63]:main():gmm-acc-stats-ali.cc:79) No alignment for utterance SuiSiann_2025
LOG (gmm-acc-stats-ali[5.5.1047~1-09a63]:main():gmm-acc-stats-ali.cc:105) Processed 1050 utterances; for utterance SuiSiann_2069 avg. like is -45.0727 over 426 frames.
LOG (gmm-acc-stats-ali[5.5.1047~1-09a63]:main():gmm-acc-stats-ali.cc:105) Processed 1100 utterances; for utterance SuiSiann_2181 avg. like is -44.6158 over 963 frames.
WARNING (gmm-acc-stats-ali[5.5.1047~1-09a63]:main():gmm-acc-stats-ali.cc:79) No alignment for utterance SuiSiann_2275
LOG (gmm-acc-stats-ali[5.5.1047~1-09a63]:main():gmm-acc-stats-ali.cc:105) Processed 1150 utterances; for utterance SuiSiann_2298 avg. like is -49.1448 over 267 frames.
LOG (gmm-acc-stats-ali[5.5.1047~1-09a63]:main():gmm-acc-stats-ali.cc:105) Processed 1200 utterances; for utterance SuiSiann_2360 avg. like is -46.0338 over 387 frames.
LOG (gmm-acc-stats-ali[5.5.1047~1-09a63]:main():gmm-acc-stats-ali.cc:105) Processed 1250 utterances; for utterance SuiSiann_2422 avg. like is -47.3835 over 408 frames.
WARNING (gmm-acc-stats-ali[5.5.1047~1-09a63]:main():gmm-acc-stats-ali.cc:79) No alignment for utterance SuiSiann_2437
WARNING (gmm-acc-stats-ali[5.5.1047~1-09a63]:main():gmm-acc-stats-ali.cc:79) No alignment for utterance SuiSiann_2491
LOG (gmm-acc-stats-ali[5.5.1047~1-09a63]:main():gmm-acc-stats-ali.cc:105) Processed 1300 utterances; for utterance SuiSiann_2492 avg. like is -43.925 over 849 frames.
WARNING (gmm-acc-stats-ali[5.5.1047~1-09a63]:main():gmm-acc-stats-ali.cc:79) No alignment for utterance SuiSiann_2493
LOG (gmm-acc-stats-ali[5.5.1047~1-09a63]:main():gmm-acc-stats-ali.cc:105) Processed 1350 utterances; for utterance SuiSiann_2565 avg. like is -48.0507 over 138 frames.
WARNING (gmm-acc-stats-ali[5.5.1047~1-09a63]:main():gmm-acc-stats-ali.cc:79) No alignment for utterance SuiSiann_2573
LOG (gmm-acc-stats-ali[5.5.1047~1-09a63]:main():gmm-acc-stats-ali.cc:105) Processed 1400 utterances; for utterance SuiSiann_2642 avg. like is -40.9338 over 225 frames.
LOG (gmm-acc-stats-ali[5.5.1047~1-09a63]:main():gmm-acc-stats-ali.cc:105) Processed 1450 utterances; for utterance SuiSiann_2720 avg. like is -46.957 over 345 frames.
LOG (gmm-acc-stats-ali[5.5.1047~1-09a63]:main():gmm-acc-stats-ali.cc:105) Processed 1500 utterances; for utterance SuiSiann_2799 avg. like is -52.1472 over 342 frames.
LOG (gmm-acc-stats-ali[5.5.1047~1-09a63]:main():gmm-acc-stats-ali.cc:105) Processed 1550 utterances; for utterance SuiSiann_2912 avg. like is -46.435 over 636 frames.
LOG (gmm-acc-stats-ali[5.5.1047~1-09a63]:main():gmm-acc-stats-ali.cc:105) Processed 1600 utterances; for utterance SuiSiann_3011 avg. like is -47.347 over 174 frames.
LOG (gmm-acc-stats-ali[5.5.1047~1-09a63]:main():gmm-acc-stats-ali.cc:105) Processed 1650 utterances; for utterance SuiSiann_3082 avg. like is -45.2087 over 258 frames.
LOG (gmm-acc-stats-ali[5.5.1047~1-09a63]:main():gmm-acc-stats-ali.cc:105) Processed 1700 utterances; for utterance SuiSiann_3164 avg. like is -52.461 over 261 frames.
LOG (gmm-acc-stats-ali[5.5.1047~1-09a63]:main():gmm-acc-stats-ali.cc:105) Processed 1750 utterances; for utterance SuiSiann_3236 avg. like is -46.0717 over 573 frames.
LOG (gmm-acc-stats-ali[5.5.1047~1-09a63]:main():gmm-acc-stats-ali.cc:105) Processed 1800 utterances; for utterance SuiSiann_3299 avg. like is -49.9227 over 156 frames.
LOG (gmm-acc-stats-ali[5.5.1047~1-09a63]:main():gmm-acc-stats-ali.cc:105) Processed 1850 utterances; for utterance SuiSiann_3365 avg. like is -51.9347 over 141 frames.
LOG (apply-cmvn[5.5.1047~1-09a63]:main():apply-cmvn.cc:162) Applied cepstral mean normalization to 1907 utterances, errors on 0
LOG (transform-feats[5.5.1047~1-09a63]:main():transform-feats.cc:158) Overall average [pseudo-]logdet is -22.8546 over 792377 frames.
LOG (transform-feats[5.5.1047~1-09a63]:main():transform-feats.cc:161) Applied transform to 1907 utterances; 0 had errors.
LOG (transform-feats[5.5.1047~1-09a63]:main():transform-feats.cc:158) Overall average logdet is 0.664326 over 792377 frames.
LOG (transform-feats[5.5.1047~1-09a63]:main():transform-feats.cc:161) Applied transform to 1907 utterances; 0 had errors.
LOG (gmm-acc-stats-ali[5.5.1047~1-09a63]:main():gmm-acc-stats-ali.cc:112) Done 1898 files, 9 with errors.
LOG (gmm-acc-stats-ali[5.5.1047~1-09a63]:main():gmm-acc-stats-ali.cc:115) Overall avg like per frame (Gaussian only) = -47.3909 over 788012 frames.
LOG (gmm-acc-stats-ali[5.5.1047~1-09a63]:main():gmm-acc-stats-ali.cc:123) Written accs.
# Accounting: time=1 threads=1
# Ended (code 0) at Sun Sep 25 13:14:06 CST 2022, elapsed time 1 seconds
