# gmm-acc-stats-ali exp/tri4a/31.mdl "ark,s,cs:apply-cmvn  --utt2spk=ark:data/train/split1/1/utt2spk scp:data/train/split1/1/cmvn.scp scp:data/train/split1/1/feats.scp ark:- | splice-feats  ark:- ark:- | transform-feats exp/tri3a_ali/final.mat ark:- ark:- | transform-feats --utt2spk=ark:data/train/split1/1/utt2spk ark:exp/tri4a/trans.1 ark:- ark:- |" "ark,s,cs:gunzip -c exp/tri4a/ali.1.gz|" exp/tri4a/31.1.acc 
# Started at Wed Sep  7 15:57:38 CST 2022
#
gmm-acc-stats-ali exp/tri4a/31.mdl 'ark,s,cs:apply-cmvn  --utt2spk=ark:data/train/split1/1/utt2spk scp:data/train/split1/1/cmvn.scp scp:data/train/split1/1/feats.scp ark:- | splice-feats  ark:- ark:- | transform-feats exp/tri3a_ali/final.mat ark:- ark:- | transform-feats --utt2spk=ark:data/train/split1/1/utt2spk ark:exp/tri4a/trans.1 ark:- ark:- |' 'ark,s,cs:gunzip -c exp/tri4a/ali.1.gz|' exp/tri4a/31.1.acc 
transform-feats exp/tri3a_ali/final.mat ark:- ark:- 
splice-feats ark:- ark:- 
transform-feats --utt2spk=ark:data/train/split1/1/utt2spk ark:exp/tri4a/trans.1 ark:- ark:- 
apply-cmvn --utt2spk=ark:data/train/split1/1/utt2spk scp:data/train/split1/1/cmvn.scp scp:data/train/split1/1/feats.scp ark:- 
LOG (gmm-acc-stats-ali[5.5.1047~1-09a63]:main():gmm-acc-stats-ali.cc:105) Processed 50 utterances; for utterance SuiSiann_1049 avg. like is -52.7121 over 315 frames.
LOG (gmm-acc-stats-ali[5.5.1047~1-09a63]:main():gmm-acc-stats-ali.cc:105) Processed 100 utterances; for utterance SuiSiann_1099 avg. like is -59.3152 over 900 frames.
LOG (gmm-acc-stats-ali[5.5.1047~1-09a63]:main():gmm-acc-stats-ali.cc:105) Processed 150 utterances; for utterance SuiSiann_1149 avg. like is -59.773 over 1131 frames.
LOG (gmm-acc-stats-ali[5.5.1047~1-09a63]:main():gmm-acc-stats-ali.cc:105) Processed 200 utterances; for utterance SuiSiann_1199 avg. like is -57.4619 over 228 frames.
LOG (gmm-acc-stats-ali[5.5.1047~1-09a63]:main():gmm-acc-stats-ali.cc:105) Processed 250 utterances; for utterance SuiSiann_1249 avg. like is -60.3194 over 1788 frames.
LOG (gmm-acc-stats-ali[5.5.1047~1-09a63]:main():gmm-acc-stats-ali.cc:105) Processed 300 utterances; for utterance SuiSiann_1299 avg. like is -59.4595 over 1664 frames.
LOG (gmm-acc-stats-ali[5.5.1047~1-09a63]:main():gmm-acc-stats-ali.cc:105) Processed 350 utterances; for utterance SuiSiann_1349 avg. like is -55.6997 over 636 frames.
LOG (gmm-acc-stats-ali[5.5.1047~1-09a63]:main():gmm-acc-stats-ali.cc:105) Processed 400 utterances; for utterance SuiSiann_1399 avg. like is -50.5349 over 108 frames.
LOG (gmm-acc-stats-ali[5.5.1047~1-09a63]:main():gmm-acc-stats-ali.cc:105) Processed 450 utterances; for utterance SuiSiann_1449 avg. like is -60.0163 over 312 frames.
LOG (gmm-acc-stats-ali[5.5.1047~1-09a63]:main():gmm-acc-stats-ali.cc:105) Processed 500 utterances; for utterance SuiSiann_1499 avg. like is -60.7106 over 450 frames.
LOG (gmm-acc-stats-ali[5.5.1047~1-09a63]:main():gmm-acc-stats-ali.cc:105) Processed 550 utterances; for utterance SuiSiann_1549 avg. like is -58.5281 over 285 frames.
LOG (gmm-acc-stats-ali[5.5.1047~1-09a63]:main():gmm-acc-stats-ali.cc:105) Processed 600 utterances; for utterance SuiSiann_1599 avg. like is -58.7327 over 264 frames.
LOG (gmm-acc-stats-ali[5.5.1047~1-09a63]:main():gmm-acc-stats-ali.cc:105) Processed 650 utterances; for utterance SuiSiann_1649 avg. like is -58.3224 over 63 frames.
LOG (gmm-acc-stats-ali[5.5.1047~1-09a63]:main():gmm-acc-stats-ali.cc:105) Processed 700 utterances; for utterance SuiSiann_1699 avg. like is -54.1679 over 144 frames.
LOG (gmm-acc-stats-ali[5.5.1047~1-09a63]:main():gmm-acc-stats-ali.cc:105) Processed 750 utterances; for utterance SuiSiann_1749 avg. like is -55.567 over 180 frames.
LOG (gmm-acc-stats-ali[5.5.1047~1-09a63]:main():gmm-acc-stats-ali.cc:105) Processed 800 utterances; for utterance SuiSiann_1799 avg. like is -57.0628 over 81 frames.
LOG (gmm-acc-stats-ali[5.5.1047~1-09a63]:main():gmm-acc-stats-ali.cc:105) Processed 850 utterances; for utterance SuiSiann_1849 avg. like is -51.6073 over 204 frames.
LOG (gmm-acc-stats-ali[5.5.1047~1-09a63]:main():gmm-acc-stats-ali.cc:105) Processed 900 utterances; for utterance SuiSiann_1899 avg. like is -62.9803 over 321 frames.
LOG (gmm-acc-stats-ali[5.5.1047~1-09a63]:main():gmm-acc-stats-ali.cc:105) Processed 950 utterances; for utterance SuiSiann_1949 avg. like is -55.2697 over 306 frames.
LOG (gmm-acc-stats-ali[5.5.1047~1-09a63]:main():gmm-acc-stats-ali.cc:105) Processed 1000 utterances; for utterance SuiSiann_1999 avg. like is -61.394 over 87 frames.
LOG (gmm-acc-stats-ali[5.5.1047~1-09a63]:main():gmm-acc-stats-ali.cc:105) Processed 1050 utterances; for utterance SuiSiann_2049 avg. like is -62.624 over 369 frames.
LOG (gmm-acc-stats-ali[5.5.1047~1-09a63]:main():gmm-acc-stats-ali.cc:105) Processed 1100 utterances; for utterance SuiSiann_2099 avg. like is -60.7544 over 957 frames.
LOG (gmm-acc-stats-ali[5.5.1047~1-09a63]:main():gmm-acc-stats-ali.cc:105) Processed 1150 utterances; for utterance SuiSiann_2149 avg. like is -62.3407 over 177 frames.
LOG (gmm-acc-stats-ali[5.5.1047~1-09a63]:main():gmm-acc-stats-ali.cc:105) Processed 1200 utterances; for utterance SuiSiann_2199 avg. like is -59.6868 over 423 frames.
LOG (gmm-acc-stats-ali[5.5.1047~1-09a63]:main():gmm-acc-stats-ali.cc:105) Processed 1250 utterances; for utterance SuiSiann_2249 avg. like is -56.7208 over 681 frames.
LOG (gmm-acc-stats-ali[5.5.1047~1-09a63]:main():gmm-acc-stats-ali.cc:105) Processed 1300 utterances; for utterance SuiSiann_2299 avg. like is -61.5946 over 363 frames.
LOG (gmm-acc-stats-ali[5.5.1047~1-09a63]:main():gmm-acc-stats-ali.cc:105) Processed 1350 utterances; for utterance SuiSiann_2349 avg. like is -57.485 over 384 frames.
LOG (gmm-acc-stats-ali[5.5.1047~1-09a63]:main():gmm-acc-stats-ali.cc:105) Processed 1400 utterances; for utterance SuiSiann_2399 avg. like is -60.347 over 915 frames.
LOG (gmm-acc-stats-ali[5.5.1047~1-09a63]:main():gmm-acc-stats-ali.cc:105) Processed 1450 utterances; for utterance SuiSiann_2449 avg. like is -59.3822 over 582 frames.
LOG (gmm-acc-stats-ali[5.5.1047~1-09a63]:main():gmm-acc-stats-ali.cc:105) Processed 1500 utterances; for utterance SuiSiann_2499 avg. like is -57.334 over 708 frames.
LOG (gmm-acc-stats-ali[5.5.1047~1-09a63]:main():gmm-acc-stats-ali.cc:105) Processed 1550 utterances; for utterance SuiSiann_2549 avg. like is -56.2811 over 909 frames.
LOG (gmm-acc-stats-ali[5.5.1047~1-09a63]:main():gmm-acc-stats-ali.cc:105) Processed 1600 utterances; for utterance SuiSiann_2599 avg. like is -59.1805 over 462 frames.
LOG (gmm-acc-stats-ali[5.5.1047~1-09a63]:main():gmm-acc-stats-ali.cc:105) Processed 1650 utterances; for utterance SuiSiann_2649 avg. like is -58.9222 over 45 frames.
LOG (gmm-acc-stats-ali[5.5.1047~1-09a63]:main():gmm-acc-stats-ali.cc:105) Processed 1700 utterances; for utterance SuiSiann_2699 avg. like is -57.8241 over 69 frames.
LOG (gmm-acc-stats-ali[5.5.1047~1-09a63]:main():gmm-acc-stats-ali.cc:105) Processed 1750 utterances; for utterance SuiSiann_2749 avg. like is -62.0712 over 579 frames.
LOG (gmm-acc-stats-ali[5.5.1047~1-09a63]:main():gmm-acc-stats-ali.cc:105) Processed 1800 utterances; for utterance SuiSiann_2799 avg. like is -56.7703 over 342 frames.
LOG (gmm-acc-stats-ali[5.5.1047~1-09a63]:main():gmm-acc-stats-ali.cc:105) Processed 1850 utterances; for utterance SuiSiann_2849 avg. like is -60.7946 over 597 frames.
LOG (gmm-acc-stats-ali[5.5.1047~1-09a63]:main():gmm-acc-stats-ali.cc:105) Processed 1900 utterances; for utterance SuiSiann_2899 avg. like is -52.4694 over 186 frames.
LOG (gmm-acc-stats-ali[5.5.1047~1-09a63]:main():gmm-acc-stats-ali.cc:105) Processed 1950 utterances; for utterance SuiSiann_2949 avg. like is -64.3081 over 186 frames.
LOG (gmm-acc-stats-ali[5.5.1047~1-09a63]:main():gmm-acc-stats-ali.cc:105) Processed 2000 utterances; for utterance SuiSiann_2999 avg. like is -57.9351 over 1251 frames.
LOG (gmm-acc-stats-ali[5.5.1047~1-09a63]:main():gmm-acc-stats-ali.cc:105) Processed 2050 utterances; for utterance SuiSiann_3049 avg. like is -61.8674 over 177 frames.
LOG (gmm-acc-stats-ali[5.5.1047~1-09a63]:main():gmm-acc-stats-ali.cc:105) Processed 2100 utterances; for utterance SuiSiann_3099 avg. like is -55.4707 over 216 frames.
LOG (gmm-acc-stats-ali[5.5.1047~1-09a63]:main():gmm-acc-stats-ali.cc:105) Processed 2150 utterances; for utterance SuiSiann_3149 avg. like is -66.1951 over 168 frames.
LOG (gmm-acc-stats-ali[5.5.1047~1-09a63]:main():gmm-acc-stats-ali.cc:105) Processed 2200 utterances; for utterance SuiSiann_3199 avg. like is -60.749 over 438 frames.
LOG (gmm-acc-stats-ali[5.5.1047~1-09a63]:main():gmm-acc-stats-ali.cc:105) Processed 2250 utterances; for utterance SuiSiann_3249 avg. like is -63.5856 over 345 frames.
LOG (gmm-acc-stats-ali[5.5.1047~1-09a63]:main():gmm-acc-stats-ali.cc:105) Processed 2300 utterances; for utterance SuiSiann_3299 avg. like is -60.9772 over 156 frames.
LOG (gmm-acc-stats-ali[5.5.1047~1-09a63]:main():gmm-acc-stats-ali.cc:105) Processed 2350 utterances; for utterance SuiSiann_3349 avg. like is -56.8947 over 171 frames.
LOG (gmm-acc-stats-ali[5.5.1047~1-09a63]:main():gmm-acc-stats-ali.cc:105) Processed 2400 utterances; for utterance SuiSiann_3399 avg. like is -62.4119 over 207 frames.
LOG (gmm-acc-stats-ali[5.5.1047~1-09a63]:main():gmm-acc-stats-ali.cc:105) Processed 2450 utterances; for utterance SuiSiann_3449 avg. like is -59.3115 over 3012 frames.
WARNING (gmm-acc-stats-ali[5.5.1047~1-09a63]:main():gmm-acc-stats-ali.cc:79) No alignment for utterance SuiSiann_3458
WARNING (gmm-acc-stats-ali[5.5.1047~1-09a63]:main():gmm-acc-stats-ali.cc:79) No alignment for utterance SuiSiann_3459
WARNING (gmm-acc-stats-ali[5.5.1047~1-09a63]:main():gmm-acc-stats-ali.cc:79) No alignment for utterance SuiSiann_3461
WARNING (gmm-acc-stats-ali[5.5.1047~1-09a63]:main():gmm-acc-stats-ali.cc:79) No alignment for utterance SuiSiann_3462
LOG (apply-cmvn[5.5.1047~1-09a63]:main():apply-cmvn.cc:162) Applied cepstral mean normalization to 2468 utterances, errors on 0
WARNING (gmm-acc-stats-ali[5.5.1047~1-09a63]:main():gmm-acc-stats-ali.cc:79) No alignment for utterance SuiSiann_3466
LOG (transform-feats[5.5.1047~1-09a63]:main():transform-feats.cc:158) Overall average [pseudo-]logdet is 46.1534 over 1.2203e+06 frames.
LOG (transform-feats[5.5.1047~1-09a63]:main():transform-feats.cc:161) Applied transform to 2468 utterances; 0 had errors.
LOG (transform-feats[5.5.1047~1-09a63]:main():transform-feats.cc:158) Overall average logdet is 1.75678 over 1.2203e+06 frames.
LOG (transform-feats[5.5.1047~1-09a63]:main():transform-feats.cc:161) Applied transform to 2468 utterances; 0 had errors.
LOG (gmm-acc-stats-ali[5.5.1047~1-09a63]:main():gmm-acc-stats-ali.cc:112) Done 2463 files, 5 with errors.
LOG (gmm-acc-stats-ali[5.5.1047~1-09a63]:main():gmm-acc-stats-ali.cc:115) Overall avg like per frame (Gaussian only) = -58.8275 over 1211255 frames.
LOG (gmm-acc-stats-ali[5.5.1047~1-09a63]:main():gmm-acc-stats-ali.cc:123) Written accs.
# Accounting: time=120 threads=1
# Ended (code 0) at Wed Sep  7 15:59:38 CST 2022, elapsed time 120 seconds
