# ali-to-post "ark:gunzip -c exp/tri4a/ali.1.gz|" ark:- | weight-silence-post 0.0 1 exp/tri4a/4.mdl ark:- ark:- | gmm-est-fmllr --fmllr-update-type=full --spk2utt=ark:data/train/split1/1/spk2utt exp/tri4a/4.mdl "ark,s,cs:apply-cmvn  --utt2spk=ark:data/train/split1/1/utt2spk scp:data/train/split1/1/cmvn.scp scp:data/train/split1/1/feats.scp ark:- | splice-feats  ark:- ark:- | transform-feats exp/tri3a_ali/final.mat ark:- ark:- | transform-feats --utt2spk=ark:data/train/split1/1/utt2spk ark:exp/tri4a/trans.1 ark:- ark:- |" ark:- ark:exp/tri4a/tmp_trans.1 
# Started at Sun Sep 25 13:13:29 CST 2022
#
ali-to-post 'ark:gunzip -c exp/tri4a/ali.1.gz|' ark:- 
weight-silence-post 0.0 1 exp/tri4a/4.mdl ark:- ark:- 
gmm-est-fmllr --fmllr-update-type=full --spk2utt=ark:data/train/split1/1/spk2utt exp/tri4a/4.mdl 'ark,s,cs:apply-cmvn  --utt2spk=ark:data/train/split1/1/utt2spk scp:data/train/split1/1/cmvn.scp scp:data/train/split1/1/feats.scp ark:- | splice-feats  ark:- ark:- | transform-feats exp/tri3a_ali/final.mat ark:- ark:- | transform-feats --utt2spk=ark:data/train/split1/1/utt2spk ark:exp/tri4a/trans.1 ark:- ark:- |' ark:- ark:exp/tri4a/tmp_trans.1 
splice-feats ark:- ark:- 
apply-cmvn --utt2spk=ark:data/train/split1/1/utt2spk scp:data/train/split1/1/cmvn.scp scp:data/train/split1/1/feats.scp ark:- 
transform-feats exp/tri3a_ali/final.mat ark:- ark:- 
transform-feats --utt2spk=ark:data/train/split1/1/utt2spk ark:exp/tri4a/trans.1 ark:- ark:- 
LOG (ali-to-post[5.5.1047~1-09a63]:main():ali-to-post.cc:73) Converted 1899 alignments.
LOG (weight-silence-post[5.5.1047~1-09a63]:main():weight-silence-post.cc:95) Done 1899 posteriors.
WARNING (gmm-est-fmllr[5.5.1047~1-09a63]:main():gmm-est-fmllr.cc:118) Did not find posteriors for utterance SuiSiann_1137
WARNING (gmm-est-fmllr[5.5.1047~1-09a63]:main():gmm-est-fmllr.cc:118) Did not find posteriors for utterance SuiSiann_1841
WARNING (gmm-est-fmllr[5.5.1047~1-09a63]:main():gmm-est-fmllr.cc:118) Did not find posteriors for utterance SuiSiann_2025
WARNING (gmm-est-fmllr[5.5.1047~1-09a63]:main():gmm-est-fmllr.cc:118) Did not find posteriors for utterance SuiSiann_2275
WARNING (gmm-est-fmllr[5.5.1047~1-09a63]:main():gmm-est-fmllr.cc:118) Did not find posteriors for utterance SuiSiann_2437
WARNING (gmm-est-fmllr[5.5.1047~1-09a63]:main():gmm-est-fmllr.cc:118) Did not find posteriors for utterance SuiSiann_2491
WARNING (gmm-est-fmllr[5.5.1047~1-09a63]:main():gmm-est-fmllr.cc:118) Did not find posteriors for utterance SuiSiann_2493
WARNING (gmm-est-fmllr[5.5.1047~1-09a63]:main():gmm-est-fmllr.cc:118) Did not find posteriors for utterance SuiSiann_2573
LOG (apply-cmvn[5.5.1047~1-09a63]:main():apply-cmvn.cc:162) Applied cepstral mean normalization to 1907 utterances, errors on 0
LOG (transform-feats[5.5.1047~1-09a63]:main():transform-feats.cc:158) Overall average [pseudo-]logdet is -22.8546 over 792377 frames.
LOG (transform-feats[5.5.1047~1-09a63]:main():transform-feats.cc:161) Applied transform to 1907 utterances; 0 had errors.
LOG (transform-feats[5.5.1047~1-09a63]:main():transform-feats.cc:158) Overall average logdet is 0.271375 over 792377 frames.
LOG (transform-feats[5.5.1047~1-09a63]:main():transform-feats.cc:161) Applied transform to 1907 utterances; 0 had errors.
LOG (gmm-est-fmllr[5.5.1047~1-09a63]:ComputeFmllrMatrixDiagGmmFull():fmllr-diag-gmm.cc:262) fMLLR objf improvement is 0.0319881 per frame over 617355 frames.
LOG (gmm-est-fmllr[5.5.1047~1-09a63]:main():gmm-est-fmllr.cc:143) For speaker SuiSiann, auxf-impr from fMLLR is 0.0319881, over 617355 frames.
LOG (gmm-est-fmllr[5.5.1047~1-09a63]:main():gmm-est-fmllr.cc:188) Done 1899 files, 8 with no posts, 0 with other errors.
LOG (gmm-est-fmllr[5.5.1047~1-09a63]:main():gmm-est-fmllr.cc:190) Overall fMLLR auxf impr per frame is 0.0319881 over 617355 frames.
# Accounting: time=5 threads=1
# Ended (code 0) at Sun Sep 25 13:13:34 CST 2022, elapsed time 5 seconds
