gmm-init-model --write-occs=exp/tri4a/1.occs exp/tri4a/tree exp/tri4a/treeacc data/lang/topo exp/tri4a/1.mdl 
LOG (gmm-init-model[5.5.1049~1-4592c5]:main():gmm-init-model.cc:271) Number of separate statistics is 48566
WARNING (gmm-init-model[5.5.1049~1-4592c5]:InitAmGmm():gmm-init-model.cc:55) Tree has pdf-id 1 with no stats; corresponding phone list: 2 
WARNING (gmm-init-model[5.5.1049~1-4592c5]:InitAmGmm():gmm-init-model.cc:55) Tree has pdf-id 15 with no stats; corresponding phone list: 16 
WARNING (gmm-init-model[5.5.1049~1-4592c5]:InitAmGmm():gmm-init-model.cc:55) Tree has pdf-id 77 with no stats; corresponding phone list: 78 
WARNING (gmm-init-model[5.5.1049~1-4592c5]:InitAmGmm():gmm-init-model.cc:55) Tree has pdf-id 182 with no stats; corresponding phone list: 183 
WARNING (gmm-init-model[5.5.1049~1-4592c5]:InitAmGmm():gmm-init-model.cc:55) Tree has pdf-id 200 with no stats; corresponding phone list: 201 
WARNING (gmm-init-model[5.5.1049~1-4592c5]:InitAmGmm():gmm-init-model.cc:55) Tree has pdf-id 207 with no stats; corresponding phone list: 208 
WARNING (gmm-init-model[5.5.1049~1-4592c5]:InitAmGmm():gmm-init-model.cc:55) Tree has pdf-id 242 with no stats; corresponding phone list: 243 
WARNING (gmm-init-model[5.5.1049~1-4592c5]:InitAmGmm():gmm-init-model.cc:83) Very small count for state 5: 74; corresponding phone list: 6 
WARNING (gmm-init-model[5.5.1049~1-4592c5]:InitAmGmm():gmm-init-model.cc:83) Very small count for state 9: 82; corresponding phone list: 10 
WARNING (gmm-init-model[5.5.1049~1-4592c5]:InitAmGmm():gmm-init-model.cc:83) Very small count for state 14: 26; corresponding phone list: 15 
WARNING (gmm-init-model[5.5.1049~1-4592c5]:InitAmGmm():gmm-init-model.cc:83) Very small count for state 17: 71; corresponding phone list: 18 
WARNING (gmm-init-model[5.5.1049~1-4592c5]:InitAmGmm():gmm-init-model.cc:83) Very small count for state 18: 28; corresponding phone list: 19 
WARNING (gmm-init-model[5.5.1049~1-4592c5]:InitAmGmm():gmm-init-model.cc:83) Very small count for state 19: 13; corresponding phone list: 20 
WARNING (gmm-init-model[5.5.1049~1-4592c5]:InitAmGmm():gmm-init-model.cc:83) Very small count for state 28: 87; corresponding phone list: 29 
WARNING (gmm-init-model[5.5.1049~1-4592c5]:InitAmGmm():gmm-init-model.cc:83) Very small count for state 39: 33; corresponding phone list: 40 
WARNING (gmm-init-model[5.5.1049~1-4592c5]:InitAmGmm():gmm-init-model.cc:83) Very small count for state 40: 19; corresponding phone list: 41 
WARNING (gmm-init-model[5.5.1049~1-4592c5]:InitAmGmm():gmm-init-model.cc:83) Very small count for state 50: 69; corresponding phone list: 51 
WARNING (gmm-init-model[5.5.1049~1-4592c5]:InitAmGmm():gmm-init-model.cc:83) Very small count for state 51: 16; corresponding phone list: 52 
WARNING (gmm-init-model[5.5.1049~1-4592c5]:InitAmGmm():gmm-init-model.cc:83) Very small count for state 53: 5; corresponding phone list: 54 
WARNING (gmm-init-model[5.5.1049~1-4592c5]:InitAmGmm():gmm-init-model.cc:83) Very small count for state 56: 79; corresponding phone list: 57 
WARNING (gmm-init-model[5.5.1049~1-4592c5]:InitAmGmm():gmm-init-model.cc:83) Very small count for state 57: 70; corresponding phone list: 58 
WARNING (gmm-init-model[5.5.1049~1-4592c5]:InitAmGmm():gmm-init-model.cc:83) Very small count for state 64: 6; corresponding phone list: 65 
WARNING (gmm-init-model[5.5.1049~1-4592c5]:InitAmGmm():gmm-init-model.cc:83) Very small count for state 65: 82; corresponding phone list: 66 
WARNING (gmm-init-model[5.5.1049~1-4592c5]:InitAmGmm():gmm-init-model.cc:83) Very small count for state 66: 51; corresponding phone list: 67 
WARNING (gmm-init-model[5.5.1049~1-4592c5]:InitAmGmm():gmm-init-model.cc:83) Very small count for state 67: 78; corresponding phone list: 68 
WARNING (gmm-init-model[5.5.1049~1-4592c5]:InitAmGmm():gmm-init-model.cc:83) Very small count for state 68: 6; corresponding phone list: 69 
WARNING (gmm-init-model[5.5.1049~1-4592c5]:InitAmGmm():gmm-init-model.cc:83) Very small count for state 69: 20; corresponding phone list: 70 
WARNING (gmm-init-model[5.5.1049~1-4592c5]:InitAmGmm():gmm-init-model.cc:83) Very small count for state 70: 74; corresponding phone list: 71 
WARNING (gmm-init-model[5.5.1049~1-4592c5]:InitAmGmm():gmm-init-model.cc:83) Very small count for state 72: 6; corresponding phone list: 73 
WARNING (gmm-init-model[5.5.1049~1-4592c5]:InitAmGmm():gmm-init-model.cc:83) Very small count for state 81: 72; corresponding phone list: 82 
WARNING (gmm-init-model[5.5.1049~1-4592c5]:InitAmGmm():gmm-init-model.cc:83) Very small count for state 85: 26; corresponding phone list: 86 
WARNING (gmm-init-model[5.5.1049~1-4592c5]:InitAmGmm():gmm-init-model.cc:83) Very small count for state 86: 75; corresponding phone list: 87 
WARNING (gmm-init-model[5.5.1049~1-4592c5]:InitAmGmm():gmm-init-model.cc:83) Very small count for state 87: 57; corresponding phone list: 88 
WARNING (gmm-init-model[5.5.1049~1-4592c5]:InitAmGmm():gmm-init-model.cc:83) Very small count for state 91: 70; corresponding phone list: 92 
WARNING (gmm-init-model[5.5.1049~1-4592c5]:InitAmGmm():gmm-init-model.cc:83) Very small count for state 94: 39; corresponding phone list: 95 
WARNING (gmm-init-model[5.5.1049~1-4592c5]:InitAmGmm():gmm-init-model.cc:83) Very small count for state 95: 87; corresponding phone list: 96 
WARNING (gmm-init-model[5.5.1049~1-4592c5]:InitAmGmm():gmm-init-model.cc:83) Very small count for state 98: 90; corresponding phone list: 99 
WARNING (gmm-init-model[5.5.1049~1-4592c5]:InitAmGmm():gmm-init-model.cc:83) Very small count for state 99: 75; corresponding phone list: 100 
WARNING (gmm-init-model[5.5.1049~1-4592c5]:InitAmGmm():gmm-init-model.cc:83) Very small count for state 100: 24; corresponding phone list: 101 
WARNING (gmm-init-model[5.5.1049~1-4592c5]:InitAmGmm():gmm-init-model.cc:83) Very small count for state 101: 3; corresponding phone list: 102 
WARNING (gmm-init-model[5.5.1049~1-4592c5]:InitAmGmm():gmm-init-model.cc:83) Very small count for state 102: 59; corresponding phone list: 103 
WARNING (gmm-init-model[5.5.1049~1-4592c5]:InitAmGmm():gmm-init-model.cc:83) Very small count for state 106: 71; corresponding phone list: 107 
WARNING (gmm-init-model[5.5.1049~1-4592c5]:InitAmGmm():gmm-init-model.cc:83) Very small count for state 108: 34; corresponding phone list: 109 
WARNING (gmm-init-model[5.5.1049~1-4592c5]:InitAmGmm():gmm-init-model.cc:83) Very small count for state 109: 74; corresponding phone list: 110 
WARNING (gmm-init-model[5.5.1049~1-4592c5]:InitAmGmm():gmm-init-model.cc:83) Very small count for state 118: 18; corresponding phone list: 119 
WARNING (gmm-init-model[5.5.1049~1-4592c5]:InitAmGmm():gmm-init-model.cc:83) Very small count for state 119: 7; corresponding phone list: 120 
WARNING (gmm-init-model[5.5.1049~1-4592c5]:InitAmGmm():gmm-init-model.cc:83) Very small count for state 120: 76; corresponding phone list: 121 
WARNING (gmm-init-model[5.5.1049~1-4592c5]:InitAmGmm():gmm-init-model.cc:83) Very small count for state 125: 89; corresponding phone list: 126 
WARNING (gmm-init-model[5.5.1049~1-4592c5]:InitAmGmm():gmm-init-model.cc:83) Very small count for state 139: 51; corresponding phone list: 140 
WARNING (gmm-init-model[5.5.1049~1-4592c5]:InitAmGmm():gmm-init-model.cc:83) Very small count for state 143: 37; corresponding phone list: 144 
WARNING (gmm-init-model[5.5.1049~1-4592c5]:InitAmGmm():gmm-init-model.cc:83) Very small count for state 144: 33; corresponding phone list: 145 
WARNING (gmm-init-model[5.5.1049~1-4592c5]:InitAmGmm():gmm-init-model.cc:83) Very small count for state 151: 71; corresponding phone list: 152 
WARNING (gmm-init-model[5.5.1049~1-4592c5]:InitAmGmm():gmm-init-model.cc:83) Very small count for state 153: 87; corresponding phone list: 154 
WARNING (gmm-init-model[5.5.1049~1-4592c5]:InitAmGmm():gmm-init-model.cc:83) Very small count for state 158: 95; corresponding phone list: 159 
WARNING (gmm-init-model[5.5.1049~1-4592c5]:InitAmGmm():gmm-init-model.cc:83) Very small count for state 159: 97; corresponding phone list: 160 
WARNING (gmm-init-model[5.5.1049~1-4592c5]:InitAmGmm():gmm-init-model.cc:83) Very small count for state 168: 78; corresponding phone list: 169 
WARNING (gmm-init-model[5.5.1049~1-4592c5]:InitAmGmm():gmm-init-model.cc:83) Very small count for state 170: 70; corresponding phone list: 171 
WARNING (gmm-init-model[5.5.1049~1-4592c5]:InitAmGmm():gmm-init-model.cc:83) Very small count for state 171: 64; corresponding phone list: 172 
WARNING (gmm-init-model[5.5.1049~1-4592c5]:InitAmGmm():gmm-init-model.cc:83) Very small count for state 173: 67; corresponding phone list: 174 
WARNING (gmm-init-model[5.5.1049~1-4592c5]:InitAmGmm():gmm-init-model.cc:83) Very small count for state 174: 84; corresponding phone list: 175 
WARNING (gmm-init-model[5.5.1049~1-4592c5]:InitAmGmm():gmm-init-model.cc:83) Very small count for state 180: 31; corresponding phone list: 181 
WARNING (gmm-init-model[5.5.1049~1-4592c5]:InitAmGmm():gmm-init-model.cc:83) Very small count for state 185: 96; corresponding phone list: 186 
WARNING (gmm-init-model[5.5.1049~1-4592c5]:InitAmGmm():gmm-init-model.cc:83) Very small count for state 206: 6; corresponding phone list: 207 
WARNING (gmm-init-model[5.5.1049~1-4592c5]:InitAmGmm():gmm-init-model.cc:83) Very small count for state 208: 14; corresponding phone list: 209 
WARNING (gmm-init-model[5.5.1049~1-4592c5]:InitAmGmm():gmm-init-model.cc:83) Very small count for state 209: 44; corresponding phone list: 210 
WARNING (gmm-init-model[5.5.1049~1-4592c5]:InitAmGmm():gmm-init-model.cc:83) Very small count for state 211: 64; corresponding phone list: 212 
WARNING (gmm-init-model[5.5.1049~1-4592c5]:InitAmGmm():gmm-init-model.cc:83) Very small count for state 213: 83; corresponding phone list: 214 
WARNING (gmm-init-model[5.5.1049~1-4592c5]:InitAmGmm():gmm-init-model.cc:83) Very small count for state 216: 73; corresponding phone list: 217 
WARNING (gmm-init-model[5.5.1049~1-4592c5]:InitAmGmm():gmm-init-model.cc:83) Very small count for state 217: 4; corresponding phone list: 218 
WARNING (gmm-init-model[5.5.1049~1-4592c5]:InitAmGmm():gmm-init-model.cc:83) Very small count for state 218: 4; corresponding phone list: 219 
WARNING (gmm-init-model[5.5.1049~1-4592c5]:InitAmGmm():gmm-init-model.cc:83) Very small count for state 220: 99; corresponding phone list: 221 
WARNING (gmm-init-model[5.5.1049~1-4592c5]:InitAmGmm():gmm-init-model.cc:83) Very small count for state 231: 55; corresponding phone list: 232 
WARNING (gmm-init-model[5.5.1049~1-4592c5]:InitAmGmm():gmm-init-model.cc:83) Very small count for state 234: 74; corresponding phone list: 235 
WARNING (gmm-init-model[5.5.1049~1-4592c5]:InitAmGmm():gmm-init-model.cc:83) Very small count for state 237: 93; corresponding phone list: 238 
WARNING (gmm-init-model[5.5.1049~1-4592c5]:InitAmGmm():gmm-init-model.cc:83) Very small count for state 239: 11; corresponding phone list: 240 
WARNING (gmm-init-model[5.5.1049~1-4592c5]:InitAmGmm():gmm-init-model.cc:83) Very small count for state 240: 86; corresponding phone list: 241 
WARNING (gmm-init-model[5.5.1049~1-4592c5]:InitAmGmm():gmm-init-model.cc:83) Very small count for state 241: 7; corresponding phone list: 242 
WARNING (gmm-init-model[5.5.1049~1-4592c5]:InitAmGmm():gmm-init-model.cc:83) Very small count for state 243: 82; corresponding phone list: 244 
WARNING (gmm-init-model[5.5.1049~1-4592c5]:InitAmGmm():gmm-init-model.cc:83) Very small count for state 244: 21; corresponding phone list: 245 
WARNING (gmm-init-model[5.5.1049~1-4592c5]:InitAmGmm():gmm-init-model.cc:83) Very small count for state 245: 50; corresponding phone list: 246 
WARNING (gmm-init-model[5.5.1049~1-4592c5]:InitAmGmm():gmm-init-model.cc:83) Very small count for state 255: 62; corresponding phone list: 256 
WARNING (gmm-init-model[5.5.1049~1-4592c5]:InitAmGmm():gmm-init-model.cc:83) Very small count for state 258: 41; corresponding phone list: 259 
WARNING (gmm-init-model[5.5.1049~1-4592c5]:InitAmGmm():gmm-init-model.cc:83) Very small count for state 265: 6; corresponding phone list: 266 
WARNING (gmm-init-model[5.5.1049~1-4592c5]:InitAmGmm():gmm-init-model.cc:83) Very small count for state 266: 6; corresponding phone list: 267 
WARNING (gmm-init-model[5.5.1049~1-4592c5]:InitAmGmm():gmm-init-model.cc:83) Very small count for state 272: 3; corresponding phone list: 273 
WARNING (gmm-init-model[5.5.1049~1-4592c5]:InitAmGmm():gmm-init-model.cc:83) Very small count for state 273: 12; corresponding phone list: 274 
WARNING (gmm-init-model[5.5.1049~1-4592c5]:InitAmGmm():gmm-init-model.cc:83) Very small count for state 274: 16; corresponding phone list: 275 
WARNING (gmm-init-model[5.5.1049~1-4592c5]:InitAmGmm():gmm-init-model.cc:83) Very small count for state 293: 93; corresponding phone list: 225 
WARNING (gmm-init-model[5.5.1049~1-4592c5]:InitAmGmm():gmm-init-model.cc:83) Very small count for state 299: 65; corresponding phone list: 8 
WARNING (gmm-init-model[5.5.1049~1-4592c5]:InitAmGmm():gmm-init-model.cc:83) Very small count for state 300: 46; corresponding phone list: 79 
WARNING (gmm-init-model[5.5.1049~1-4592c5]:InitAmGmm():gmm-init-model.cc:83) Very small count for state 319: 82; corresponding phone list: 14 
WARNING (gmm-init-model[5.5.1049~1-4592c5]:InitAmGmm():gmm-init-model.cc:83) Very small count for state 322: 98; corresponding phone list: 231 
WARNING (gmm-init-model[5.5.1049~1-4592c5]:InitAmGmm():gmm-init-model.cc:83) Very small count for state 323: 80; corresponding phone list: 182 
WARNING (gmm-init-model[5.5.1049~1-4592c5]:InitAmGmm():gmm-init-model.cc:83) Very small count for state 334: 87; corresponding phone list: 233 
WARNING (gmm-init-model[5.5.1049~1-4592c5]:InitAmGmm():gmm-init-model.cc:83) Very small count for state 339: 47; corresponding phone list: 250 
WARNING (gmm-init-model[5.5.1049~1-4592c5]:InitAmGmm():gmm-init-model.cc:83) Very small count for state 352: 98; corresponding phone list: 36 
WARNING (gmm-init-model[5.5.1049~1-4592c5]:InitAmGmm():gmm-init-model.cc:83) Very small count for state 355: 86; corresponding phone list: 193 
WARNING (gmm-init-model[5.5.1049~1-4592c5]:InitAmGmm():gmm-init-model.cc:83) Very small count for state 408: 89; corresponding phone list: 7 
WARNING (gmm-init-model[5.5.1049~1-4592c5]:InitAmGmm():gmm-init-model.cc:83) Very small count for state 416: 97; corresponding phone list: 75 
WARNING (gmm-init-model[5.5.1049~1-4592c5]:InitAmGmm():gmm-init-model.cc:83) Very small count for state 420: 82; corresponding phone list: 50 
WARNING (gmm-init-model[5.5.1049~1-4592c5]:InitAmGmm():gmm-init-model.cc:83) Very small count for state 428: 88; corresponding phone list: 48 
WARNING (gmm-init-model[5.5.1049~1-4592c5]:InitAmGmm():gmm-init-model.cc:83) Very small count for state 430: 71; corresponding phone list: 228 
WARNING (gmm-init-model[5.5.1049~1-4592c5]:InitAmGmm():gmm-init-model.cc:83) Very small count for state 431: 34; corresponding phone list: 213 
WARNING (gmm-init-model[5.5.1049~1-4592c5]:InitAmGmm():gmm-init-model.cc:83) Very small count for state 432: 32; corresponding phone list: 28 
WARNING (gmm-init-model[5.5.1049~1-4592c5]:InitAmGmm():gmm-init-model.cc:83) Very small count for state 433: 37; corresponding phone list: 279 
WARNING (gmm-init-model[5.5.1049~1-4592c5]:InitAmGmm():gmm-init-model.cc:83) Very small count for state 439: 45; corresponding phone list: 197 
WARNING (gmm-init-model[5.5.1049~1-4592c5]:InitAmGmm():gmm-init-model.cc:83) Very small count for state 456: 90; corresponding phone list: 12 
WARNING (gmm-init-model[5.5.1049~1-4592c5]:InitAmGmm():gmm-init-model.cc:83) Very small count for state 462: 23; corresponding phone list: 280 
WARNING (gmm-init-model[5.5.1049~1-4592c5]:InitAmGmm():gmm-init-model.cc:83) Very small count for state 471: 52; corresponding phone list: 212 
WARNING (gmm-init-model[5.5.1049~1-4592c5]:InitAmGmm():gmm-init-model.cc:83) Very small count for state 472: 85; corresponding phone list: 115 
WARNING (gmm-init-model[5.5.1049~1-4592c5]:InitAmGmm():gmm-init-model.cc:83) Very small count for state 473: 77; corresponding phone list: 247 
WARNING (gmm-init-model[5.5.1049~1-4592c5]:InitAmGmm():gmm-init-model.cc:83) Very small count for state 483: 84; corresponding phone list: 61 
WARNING (gmm-init-model[5.5.1049~1-4592c5]:InitAmGmm():gmm-init-model.cc:83) Very small count for state 489: 64; corresponding phone list: 217 
WARNING (gmm-init-model[5.5.1049~1-4592c5]:InitAmGmm():gmm-init-model.cc:83) Very small count for state 490: 91; corresponding phone list: 98 
WARNING (gmm-init-model[5.5.1049~1-4592c5]:InitAmGmm():gmm-init-model.cc:83) Very small count for state 498: 99; corresponding phone list: 7 
WARNING (gmm-init-model[5.5.1049~1-4592c5]:InitAmGmm():gmm-init-model.cc:83) Very small count for state 499: 64; corresponding phone list: 206 
WARNING (gmm-init-model[5.5.1049~1-4592c5]:InitAmGmm():gmm-init-model.cc:83) Very small count for state 501: 87; corresponding phone list: 216 
WARNING (gmm-init-model[5.5.1049~1-4592c5]:InitAmGmm():gmm-init-model.cc:83) Very small count for state 512: 77; corresponding phone list: 14 
WARNING (gmm-init-model[5.5.1049~1-4592c5]:InitAmGmm():gmm-init-model.cc:83) Very small count for state 513: 35; corresponding phone list: 257 
WARNING (gmm-init-model[5.5.1049~1-4592c5]:InitAmGmm():gmm-init-model.cc:83) Very small count for state 514: 31; corresponding phone list: 84 
WARNING (gmm-init-model[5.5.1049~1-4592c5]:InitAmGmm():gmm-init-model.cc:83) Very small count for state 522: 88; corresponding phone list: 74 
WARNING (gmm-init-model[5.5.1049~1-4592c5]:InitAmGmm():gmm-init-model.cc:83) Very small count for state 527: 75; corresponding phone list: 152 
WARNING (gmm-init-model[5.5.1049~1-4592c5]:InitAmGmm():gmm-init-model.cc:83) Very small count for state 532: 74; corresponding phone list: 30 
WARNING (gmm-init-model[5.5.1049~1-4592c5]:InitAmGmm():gmm-init-model.cc:83) Very small count for state 538: 85; corresponding phone list: 75 
WARNING (gmm-init-model[5.5.1049~1-4592c5]:InitAmGmm():gmm-init-model.cc:83) Very small count for state 543: 92; corresponding phone list: 108 
WARNING (gmm-init-model[5.5.1049~1-4592c5]:InitAmGmm():gmm-init-model.cc:83) Very small count for state 555: 77; corresponding phone list: 29 
WARNING (gmm-init-model[5.5.1049~1-4592c5]:InitAmGmm():gmm-init-model.cc:83) Very small count for state 560: 81; corresponding phone list: 72 
WARNING (gmm-init-model[5.5.1049~1-4592c5]:InitAmGmm():gmm-init-model.cc:83) Very small count for state 566: 87; corresponding phone list: 85 
WARNING (gmm-init-model[5.5.1049~1-4592c5]:InitAmGmm():gmm-init-model.cc:83) Very small count for state 567: 96; corresponding phone list: 196 
WARNING (gmm-init-model[5.5.1049~1-4592c5]:InitAmGmm():gmm-init-model.cc:83) Very small count for state 575: 93; corresponding phone list: 49 
WARNING (gmm-init-model[5.5.1049~1-4592c5]:InitAmGmm():gmm-init-model.cc:83) Very small count for state 578: 55; corresponding phone list: 75 
WARNING (gmm-init-model[5.5.1049~1-4592c5]:InitAmGmm():gmm-init-model.cc:83) Very small count for state 588: 90; corresponding phone list: 50 
WARNING (gmm-init-model[5.5.1049~1-4592c5]:InitAmGmm():gmm-init-model.cc:83) Very small count for state 601: 87; corresponding phone list: 177 
WARNING (gmm-init-model[5.5.1049~1-4592c5]:InitAmGmm():gmm-init-model.cc:83) Very small count for state 619: 50; corresponding phone list: 86 
WARNING (gmm-init-model[5.5.1049~1-4592c5]:InitAmGmm():gmm-init-model.cc:83) Very small count for state 634: 79; corresponding phone list: 162 
WARNING (gmm-init-model[5.5.1049~1-4592c5]:InitAmGmm():gmm-init-model.cc:83) Very small count for state 648: 99; corresponding phone list: 98 
WARNING (gmm-init-model[5.5.1049~1-4592c5]:InitAmGmm():gmm-init-model.cc:83) Very small count for state 657: 24; corresponding phone list: 28 
WARNING (gmm-init-model[5.5.1049~1-4592c5]:InitAmGmm():gmm-init-model.cc:83) Very small count for state 672: 72; corresponding phone list: 223 
WARNING (gmm-init-model[5.5.1049~1-4592c5]:InitAmGmm():gmm-init-model.cc:83) Very small count for state 681: 77; corresponding phone list: 151 
WARNING (gmm-init-model[5.5.1049~1-4592c5]:InitAmGmm():gmm-init-model.cc:83) Very small count for state 686: 90; corresponding phone list: 76 
WARNING (gmm-init-model[5.5.1049~1-4592c5]:InitAmGmm():gmm-init-model.cc:83) Very small count for state 687: 82; corresponding phone list: 131 
WARNING (gmm-init-model[5.5.1049~1-4592c5]:InitAmGmm():gmm-init-model.cc:83) Very small count for state 697: 98; corresponding phone list: 137 
WARNING (gmm-init-model[5.5.1049~1-4592c5]:InitAmGmm():gmm-init-model.cc:83) Very small count for state 700: 63; corresponding phone list: 71 
WARNING (gmm-init-model[5.5.1049~1-4592c5]:InitAmGmm():gmm-init-model.cc:83) Very small count for state 708: 48; corresponding phone list: 79 
WARNING (gmm-init-model[5.5.1049~1-4592c5]:InitAmGmm():gmm-init-model.cc:83) Very small count for state 713: 51; corresponding phone list: 226 
WARNING (gmm-init-model[5.5.1049~1-4592c5]:InitAmGmm():gmm-init-model.cc:83) Very small count for state 732: 88; corresponding phone list: 72 
WARNING (gmm-init-model[5.5.1049~1-4592c5]:InitAmGmm():gmm-init-model.cc:83) Very small count for state 733: 65; corresponding phone list: 133 
WARNING (gmm-init-model[5.5.1049~1-4592c5]:InitAmGmm():gmm-init-model.cc:83) Very small count for state 780: 52; corresponding phone list: 178 
WARNING (gmm-init-model[5.5.1049~1-4592c5]:InitAmGmm():gmm-init-model.cc:83) Very small count for state 792: 60; corresponding phone list: 238 
WARNING (gmm-init-model[5.5.1049~1-4592c5]:InitAmGmm():gmm-init-model.cc:83) Very small count for state 805: 76; corresponding phone list: 44 
WARNING (gmm-init-model[5.5.1049~1-4592c5]:InitAmGmm():gmm-init-model.cc:83) Very small count for state 807: 97; corresponding phone list: 222 
WARNING (gmm-init-model[5.5.1049~1-4592c5]:InitAmGmm():gmm-init-model.cc:83) Very small count for state 813: 84; corresponding phone list: 212 
WARNING (gmm-init-model[5.5.1049~1-4592c5]:InitAmGmm():gmm-init-model.cc:83) Very small count for state 818: 76; corresponding phone list: 72 
WARNING (gmm-init-model[5.5.1049~1-4592c5]:InitAmGmm():gmm-init-model.cc:83) Very small count for state 829: 76; corresponding phone list: 213 
WARNING (gmm-init-model[5.5.1049~1-4592c5]:InitAmGmm():gmm-init-model.cc:83) Very small count for state 842: 90; corresponding phone list: 216 
WARNING (gmm-init-model[5.5.1049~1-4592c5]:InitAmGmm():gmm-init-model.cc:83) Very small count for state 849: 84; corresponding phone list: 130 
WARNING (gmm-init-model[5.5.1049~1-4592c5]:InitAmGmm():gmm-init-model.cc:83) Very small count for state 857: 76; corresponding phone list: 76 
WARNING (gmm-init-model[5.5.1049~1-4592c5]:InitAmGmm():gmm-init-model.cc:83) Very small count for state 871: 92; corresponding phone list: 72 
WARNING (gmm-init-model[5.5.1049~1-4592c5]:InitAmGmm():gmm-init-model.cc:83) Very small count for state 895: 99; corresponding phone list: 61 
WARNING (gmm-init-model[5.5.1049~1-4592c5]:InitAmGmm():gmm-init-model.cc:83) Very small count for state 899: 70; corresponding phone list: 4 
WARNING (gmm-init-model[5.5.1049~1-4592c5]:InitAmGmm():gmm-init-model.cc:83) Very small count for state 903: 56; corresponding phone list: 223 
WARNING (gmm-init-model[5.5.1049~1-4592c5]:InitAmGmm():gmm-init-model.cc:83) Very small count for state 904: 76; corresponding phone list: 231 
WARNING (gmm-init-model[5.5.1049~1-4592c5]:InitAmGmm():gmm-init-model.cc:83) Very small count for state 909: 59; corresponding phone list: 108 
WARNING (gmm-init-model[5.5.1049~1-4592c5]:InitAmGmm():gmm-init-model.cc:83) Very small count for state 934: 74; corresponding phone list: 190 
WARNING (gmm-init-model[5.5.1049~1-4592c5]:InitAmGmm():gmm-init-model.cc:83) Very small count for state 941: 73; corresponding phone list: 72 
WARNING (gmm-init-model[5.5.1049~1-4592c5]:InitAmGmm():gmm-init-model.cc:83) Very small count for state 953: 94; corresponding phone list: 60 
WARNING (gmm-init-model[5.5.1049~1-4592c5]:InitAmGmm():gmm-init-model.cc:83) Very small count for state 956: 72; corresponding phone list: 179 
WARNING (gmm-init-model[5.5.1049~1-4592c5]:InitAmGmm():gmm-init-model.cc:83) Very small count for state 973: 74; corresponding phone list: 48 
WARNING (gmm-init-model[5.5.1049~1-4592c5]:InitAmGmm():gmm-init-model.cc:83) Very small count for state 982: 86; corresponding phone list: 182 
WARNING (gmm-init-model[5.5.1049~1-4592c5]:InitAmGmm():gmm-init-model.cc:83) Very small count for state 984: 68; corresponding phone list: 56 
WARNING (gmm-init-model[5.5.1049~1-4592c5]:InitAmGmm():gmm-init-model.cc:83) Very small count for state 991: 94; corresponding phone list: 142 
WARNING (gmm-init-model[5.5.1049~1-4592c5]:InitAmGmm():gmm-init-model.cc:83) Very small count for state 1008: 57; corresponding phone list: 30 
WARNING (gmm-init-model[5.5.1049~1-4592c5]:InitAmGmm():gmm-init-model.cc:83) Very small count for state 1017: 81; corresponding phone list: 222 
WARNING (gmm-init-model[5.5.1049~1-4592c5]:InitAmGmm():gmm-init-model.cc:83) Very small count for state 1018: 51; corresponding phone list: 214 
WARNING (gmm-init-model[5.5.1049~1-4592c5]:InitAmGmm():gmm-init-model.cc:83) Very small count for state 1023: 91; corresponding phone list: 221 
WARNING (gmm-init-model[5.5.1049~1-4592c5]:InitAmGmm():gmm-init-model.cc:83) Very small count for state 1036: 87; corresponding phone list: 91 
WARNING (gmm-init-model[5.5.1049~1-4592c5]:InitAmGmm():gmm-init-model.cc:83) Very small count for state 1043: 56; corresponding phone list: 42 
WARNING (gmm-init-model[5.5.1049~1-4592c5]:InitAmGmm():gmm-init-model.cc:83) Very small count for state 1090: 77; corresponding phone list: 51 
WARNING (gmm-init-model[5.5.1049~1-4592c5]:InitAmGmm():gmm-init-model.cc:83) Very small count for state 1102: 74; corresponding phone list: 74 
WARNING (gmm-init-model[5.5.1049~1-4592c5]:InitAmGmm():gmm-init-model.cc:83) Very small count for state 1103: 85; corresponding phone list: 30 
WARNING (gmm-init-model[5.5.1049~1-4592c5]:InitAmGmm():gmm-init-model.cc:83) Very small count for state 1105: 91; corresponding phone list: 132 
WARNING (gmm-init-model[5.5.1049~1-4592c5]:InitAmGmm():gmm-init-model.cc:83) Very small count for state 1122: 91; corresponding phone list: 192 
WARNING (gmm-init-model[5.5.1049~1-4592c5]:InitAmGmm():gmm-init-model.cc:83) Very small count for state 1127: 66; corresponding phone list: 72 
WARNING (gmm-init-model[5.5.1049~1-4592c5]:InitAmGmm():gmm-init-model.cc:83) Very small count for state 1130: 33; corresponding phone list: 189 
WARNING (gmm-init-model[5.5.1049~1-4592c5]:InitAmGmm():gmm-init-model.cc:83) Very small count for state 1139: 73; corresponding phone list: 281 
WARNING (gmm-init-model[5.5.1049~1-4592c5]:InitAmGmm():gmm-init-model.cc:83) Very small count for state 1141: 84; corresponding phone list: 195 
WARNING (gmm-init-model[5.5.1049~1-4592c5]:InitAmGmm():gmm-init-model.cc:83) Very small count for state 1152: 85; corresponding phone list: 184 
WARNING (gmm-init-model[5.5.1049~1-4592c5]:InitAmGmm():gmm-init-model.cc:83) Very small count for state 1154: 21; corresponding phone list: 57 
WARNING (gmm-init-model[5.5.1049~1-4592c5]:InitAmGmm():gmm-init-model.cc:83) Very small count for state 1164: 91; corresponding phone list: 72 
WARNING (gmm-init-model[5.5.1049~1-4592c5]:InitAmGmm():gmm-init-model.cc:83) Very small count for state 1167: 87; corresponding phone list: 232 
WARNING (gmm-init-model[5.5.1049~1-4592c5]:InitAmGmm():gmm-init-model.cc:83) Very small count for state 1171: 61; corresponding phone list: 149 
WARNING (gmm-init-model[5.5.1049~1-4592c5]:InitAmGmm():gmm-init-model.cc:83) Very small count for state 1179: 46; corresponding phone list: 72 
WARNING (gmm-init-model[5.5.1049~1-4592c5]:InitAmGmm():gmm-init-model.cc:83) Very small count for state 1182: 66; corresponding phone list: 193 
WARNING (gmm-init-model[5.5.1049~1-4592c5]:InitAmGmm():gmm-init-model.cc:83) Very small count for state 1184: 88; corresponding phone list: 7 
WARNING (gmm-init-model[5.5.1049~1-4592c5]:InitAmGmm():gmm-init-model.cc:83) Very small count for state 1189: 25; corresponding phone list: 85 
WARNING (gmm-init-model[5.5.1049~1-4592c5]:InitAmGmm():gmm-init-model.cc:83) Very small count for state 1196: 39; corresponding phone list: 178 
WARNING (gmm-init-model[5.5.1049~1-4592c5]:InitAmGmm():gmm-init-model.cc:83) Very small count for state 1205: 27; corresponding phone list: 182 
WARNING (gmm-init-model[5.5.1049~1-4592c5]:InitAmGmm():gmm-init-model.cc:83) Very small count for state 1226: 66; corresponding phone list: 61 
WARNING (gmm-init-model[5.5.1049~1-4592c5]:InitAmGmm():gmm-init-model.cc:83) Very small count for state 1232: 43; corresponding phone list: 222 
WARNING (gmm-init-model[5.5.1049~1-4592c5]:InitAmGmm():gmm-init-model.cc:83) Very small count for state 1237: 92; corresponding phone list: 194 
WARNING (gmm-init-model[5.5.1049~1-4592c5]:InitAmGmm():gmm-init-model.cc:83) Very small count for state 1244: 91; corresponding phone list: 72 
WARNING (gmm-init-model[5.5.1049~1-4592c5]:InitAmGmm():gmm-init-model.cc:83) Very small count for state 1259: 94; corresponding phone list: 255 
WARNING (gmm-init-model[5.5.1049~1-4592c5]:InitAmGmm():gmm-init-model.cc:83) Very small count for state 1260: 52; corresponding phone list: 216 
WARNING (gmm-init-model[5.5.1049~1-4592c5]:InitAmGmm():gmm-init-model.cc:83) Very small count for state 1265: 33; corresponding phone list: 200 
WARNING (gmm-init-model[5.5.1049~1-4592c5]:InitAmGmm():gmm-init-model.cc:83) Very small count for state 1274: 78; corresponding phone list: 216 
WARNING (gmm-init-model[5.5.1049~1-4592c5]:InitAmGmm():gmm-init-model.cc:83) Very small count for state 1275: 89; corresponding phone list: 250 
WARNING (gmm-init-model[5.5.1049~1-4592c5]:InitAmGmm():gmm-init-model.cc:83) Very small count for state 1279: 51; corresponding phone list: 4 
WARNING (gmm-init-model[5.5.1049~1-4592c5]:InitAmGmm():gmm-init-model.cc:83) Very small count for state 1285: 99; corresponding phone list: 179 
WARNING (gmm-init-model[5.5.1049~1-4592c5]:InitAmGmm():gmm-init-model.cc:83) Very small count for state 1296: 87; corresponding phone list: 13 
WARNING (gmm-init-model[5.5.1049~1-4592c5]:InitAmGmm():gmm-init-model.cc:83) Very small count for state 1297: 69; corresponding phone list: 61 
WARNING (gmm-init-model[5.5.1049~1-4592c5]:InitAmGmm():gmm-init-model.cc:83) Very small count for state 1314: 88; corresponding phone list: 177 
WARNING (gmm-init-model[5.5.1049~1-4592c5]:InitAmGmm():gmm-init-model.cc:83) Very small count for state 1327: 65; corresponding phone list: 281 
WARNING (gmm-init-model[5.5.1049~1-4592c5]:InitAmGmm():gmm-init-model.cc:83) Very small count for state 1339: 56; corresponding phone list: 225 
WARNING (gmm-init-model[5.5.1049~1-4592c5]:InitAmGmm():gmm-init-model.cc:83) Very small count for state 1349: 95; corresponding phone list: 231 
WARNING (gmm-init-model[5.5.1049~1-4592c5]:InitAmGmm():gmm-init-model.cc:83) Very small count for state 1356: 75; corresponding phone list: 230 
WARNING (gmm-init-model[5.5.1049~1-4592c5]:InitAmGmm():gmm-init-model.cc:83) Very small count for state 1358: 90; corresponding phone list: 235 
WARNING (gmm-init-model[5.5.1049~1-4592c5]:InitAmGmm():gmm-init-model.cc:83) Very small count for state 1359: 25; corresponding phone list: 146 
WARNING (gmm-init-model[5.5.1049~1-4592c5]:InitAmGmm():gmm-init-model.cc:83) Very small count for state 1383: 84; corresponding phone list: 203 
WARNING (gmm-init-model[5.5.1049~1-4592c5]:InitAmGmm():gmm-init-model.cc:83) Very small count for state 1413: 47; corresponding phone list: 60 
WARNING (gmm-init-model[5.5.1049~1-4592c5]:InitAmGmm():gmm-init-model.cc:83) Very small count for state 1417: 61; corresponding phone list: 231 
WARNING (gmm-init-model[5.5.1049~1-4592c5]:InitAmGmm():gmm-init-model.cc:83) Very small count for state 1428: 97; corresponding phone list: 241 
WARNING (gmm-init-model[5.5.1049~1-4592c5]:InitAmGmm():gmm-init-model.cc:83) Very small count for state 1431: 69; corresponding phone list: 131 
WARNING (gmm-init-model[5.5.1049~1-4592c5]:InitAmGmm():gmm-init-model.cc:83) Very small count for state 1435: 44; corresponding phone list: 215 
WARNING (gmm-init-model[5.5.1049~1-4592c5]:InitAmGmm():gmm-init-model.cc:83) Very small count for state 1440: 99; corresponding phone list: 115 
WARNING (gmm-init-model[5.5.1049~1-4592c5]:InitAmGmm():gmm-init-model.cc:83) Very small count for state 1449: 63; corresponding phone list: 50 
WARNING (gmm-init-model[5.5.1049~1-4592c5]:InitAmGmm():gmm-init-model.cc:83) Very small count for state 1460: 59; corresponding phone list: 60 
WARNING (gmm-init-model[5.5.1049~1-4592c5]:InitAmGmm():gmm-init-model.cc:83) Very small count for state 1462: 82; corresponding phone list: 59 
WARNING (gmm-init-model[5.5.1049~1-4592c5]:InitAmGmm():gmm-init-model.cc:83) Very small count for state 1476: 33; corresponding phone list: 186 
WARNING (gmm-init-model[5.5.1049~1-4592c5]:InitAmGmm():gmm-init-model.cc:83) Very small count for state 1492: 99; corresponding phone list: 193 
WARNING (gmm-init-model[5.5.1049~1-4592c5]:InitAmGmm():gmm-init-model.cc:83) Very small count for state 1495: 61; corresponding phone list: 198 
WARNING (gmm-init-model[5.5.1049~1-4592c5]:InitAmGmm():gmm-init-model.cc:83) Very small count for state 1501: 57; corresponding phone list: 56 
WARNING (gmm-init-model[5.5.1049~1-4592c5]:InitAmGmm():gmm-init-model.cc:83) Very small count for state 1510: 78; corresponding phone list: 129 
WARNING (gmm-init-model[5.5.1049~1-4592c5]:InitAmGmm():gmm-init-model.cc:83) Very small count for state 1521: 80; corresponding phone list: 61 
WARNING (gmm-init-model[5.5.1049~1-4592c5]:InitAmGmm():gmm-init-model.cc:83) Very small count for state 1534: 87; corresponding phone list: 259 
WARNING (gmm-init-model[5.5.1049~1-4592c5]:InitAmGmm():gmm-init-model.cc:83) Very small count for state 1537: 72; corresponding phone list: 151 
WARNING (gmm-init-model[5.5.1049~1-4592c5]:InitAmGmm():gmm-init-model.cc:83) Very small count for state 1552: 76; corresponding phone list: 49 
WARNING (gmm-init-model[5.5.1049~1-4592c5]:InitAmGmm():gmm-init-model.cc:83) Very small count for state 1560: 34; corresponding phone list: 227 
WARNING (gmm-init-model[5.5.1049~1-4592c5]:InitAmGmm():gmm-init-model.cc:83) Very small count for state 1561: 67; corresponding phone list: 233 
WARNING (gmm-init-model[5.5.1049~1-4592c5]:InitAmGmm():gmm-init-model.cc:83) Very small count for state 1579: 41; corresponding phone list: 48 
WARNING (gmm-init-model[5.5.1049~1-4592c5]:InitAmGmm():gmm-init-model.cc:83) Very small count for state 1589: 83; corresponding phone list: 212 
WARNING (gmm-init-model[5.5.1049~1-4592c5]:InitAmGmm():gmm-init-model.cc:83) Very small count for state 1607: 74; corresponding phone list: 155 
WARNING (gmm-init-model[5.5.1049~1-4592c5]:InitAmGmm():gmm-init-model.cc:83) Very small count for state 1618: 68; corresponding phone list: 4 
WARNING (gmm-init-model[5.5.1049~1-4592c5]:InitAmGmm():gmm-init-model.cc:83) Very small count for state 1642: 68; corresponding phone list: 36 
WARNING (gmm-init-model[5.5.1049~1-4592c5]:InitAmGmm():gmm-init-model.cc:83) Very small count for state 1653: 53; corresponding phone list: 213 
WARNING (gmm-init-model[5.5.1049~1-4592c5]:InitAmGmm():gmm-init-model.cc:83) Very small count for state 1657: 47; corresponding phone list: 29 
WARNING (gmm-init-model[5.5.1049~1-4592c5]:InitAmGmm():gmm-init-model.cc:83) Very small count for state 1659: 60; corresponding phone list: 29 
WARNING (gmm-init-model[5.5.1049~1-4592c5]:InitAmGmm():gmm-init-model.cc:83) Very small count for state 1665: 98; corresponding phone list: 238 
WARNING (gmm-init-model[5.5.1049~1-4592c5]:InitAmGmm():gmm-init-model.cc:83) Very small count for state 1666: 73; corresponding phone list: 74 
WARNING (gmm-init-model[5.5.1049~1-4592c5]:InitAmGmm():gmm-init-model.cc:83) Very small count for state 1672: 70; corresponding phone list: 129 
WARNING (gmm-init-model[5.5.1049~1-4592c5]:InitAmGmm():gmm-init-model.cc:83) Very small count for state 1682: 45; corresponding phone list: 67 
WARNING (gmm-init-model[5.5.1049~1-4592c5]:InitAmGmm():gmm-init-model.cc:83) Very small count for state 1695: 79; corresponding phone list: 77 
WARNING (gmm-init-model[5.5.1049~1-4592c5]:InitAmGmm():gmm-init-model.cc:83) Very small count for state 1704: 67; corresponding phone list: 175 
WARNING (gmm-init-model[5.5.1049~1-4592c5]:InitAmGmm():gmm-init-model.cc:83) Very small count for state 1706: 53; corresponding phone list: 180 
WARNING (gmm-init-model[5.5.1049~1-4592c5]:InitAmGmm():gmm-init-model.cc:83) Very small count for state 1709: 58; corresponding phone list: 162 
WARNING (gmm-init-model[5.5.1049~1-4592c5]:InitAmGmm():gmm-init-model.cc:83) Very small count for state 1730: 94; corresponding phone list: 92 
WARNING (gmm-init-model[5.5.1049~1-4592c5]:InitAmGmm():gmm-init-model.cc:83) Very small count for state 1765: 83; corresponding phone list: 28 
WARNING (gmm-init-model[5.5.1049~1-4592c5]:InitAmGmm():gmm-init-model.cc:83) Very small count for state 1780: 79; corresponding phone list: 198 
WARNING (gmm-init-model[5.5.1049~1-4592c5]:InitAmGmm():gmm-init-model.cc:83) Very small count for state 1782: 47; corresponding phone list: 184 
WARNING (gmm-init-model[5.5.1049~1-4592c5]:InitAmGmm():gmm-init-model.cc:83) Very small count for state 1783: 97; corresponding phone list: 14 
WARNING (gmm-init-model[5.5.1049~1-4592c5]:InitAmGmm():gmm-init-model.cc:83) Very small count for state 1786: 94; corresponding phone list: 121 
WARNING (gmm-init-model[5.5.1049~1-4592c5]:InitAmGmm():gmm-init-model.cc:83) Very small count for state 1787: 57; corresponding phone list: 270 
WARNING (gmm-init-model[5.5.1049~1-4592c5]:InitAmGmm():gmm-init-model.cc:83) Very small count for state 1808: 60; corresponding phone list: 212 
WARNING (gmm-init-model[5.5.1049~1-4592c5]:InitAmGmm():gmm-init-model.cc:83) Very small count for state 1821: 72; corresponding phone list: 269 
WARNING (gmm-init-model[5.5.1049~1-4592c5]:InitAmGmm():gmm-init-model.cc:83) Very small count for state 1871: 52; corresponding phone list: 249 
WARNING (gmm-init-model[5.5.1049~1-4592c5]:InitAmGmm():gmm-init-model.cc:83) Very small count for state 1873: 83; corresponding phone list: 76 
WARNING (gmm-init-model[5.5.1049~1-4592c5]:InitAmGmm():gmm-init-model.cc:83) Very small count for state 1919: 89; corresponding phone list: 134 
WARNING (gmm-init-model[5.5.1049~1-4592c5]:InitAmGmm():gmm-init-model.cc:83) Very small count for state 1923: 86; corresponding phone list: 185 
WARNING (gmm-init-model[5.5.1049~1-4592c5]:InitAmGmm():gmm-init-model.cc:83) Very small count for state 1970: 81; corresponding phone list: 10 
WARNING (gmm-init-model[5.5.1049~1-4592c5]:InitAmGmm():gmm-init-model.cc:83) Very small count for state 1993: 60; corresponding phone list: 184 
WARNING (gmm-init-model[5.5.1049~1-4592c5]:InitAmGmm():gmm-init-model.cc:83) Very small count for state 1994: 93; corresponding phone list: 36 
WARNING (gmm-init-model[5.5.1049~1-4592c5]:InitAmGmm():gmm-init-model.cc:83) Very small count for state 2008: 85; corresponding phone list: 67 
WARNING (gmm-init-model[5.5.1049~1-4592c5]:InitAmGmm():gmm-init-model.cc:83) Very small count for state 2032: 73; corresponding phone list: 280 
WARNING (gmm-init-model[5.5.1049~1-4592c5]:InitAmGmm():gmm-init-model.cc:83) Very small count for state 2033: 22; corresponding phone list: 19 
WARNING (gmm-init-model[5.5.1049~1-4592c5]:InitAmGmm():gmm-init-model.cc:83) Very small count for state 2034: 50; corresponding phone list: 205 
WARNING (gmm-init-model[5.5.1049~1-4592c5]:InitAmGmm():gmm-init-model.cc:83) Very small count for state 2035: 53; corresponding phone list: 134 
LOG (gmm-init-model[5.5.1049~1-4592c5]:main():gmm-init-model.cc:306) Wrote model.
