# gmm-est --power=0.2 --write-occs=exp/tri4a/27.occs --mix-up=20000 exp/tri4a/26.mdl "gmm-sum-accs - exp/tri4a/26.*.acc |" exp/tri4a/27.mdl 
# Started at Wed Sep 28 18:09:09 CST 2022
#
gmm-est --power=0.2 --write-occs=exp/tri4a/27.occs --mix-up=20000 exp/tri4a/26.mdl 'gmm-sum-accs - exp/tri4a/26.*.acc |' exp/tri4a/27.mdl 
gmm-sum-accs - exp/tri4a/26.1.acc 
LOG (gmm-sum-accs[5.5.1049~1-4592c5]:main():gmm-sum-accs.cc:63) Summed 1 stats, total count 788240, avg like/frame -46.4681
LOG (gmm-sum-accs[5.5.1049~1-4592c5]:main():gmm-sum-accs.cc:66) Total count of stats is 788240
LOG (gmm-sum-accs[5.5.1049~1-4592c5]:main():gmm-sum-accs.cc:67) Written stats to -
LOG (gmm-est[5.5.1049~1-4592c5]:MleUpdate():transition-model.cc:528) TransitionModel::Update, objf change is 0 per frame over 788240 frames. 
LOG (gmm-est[5.5.1049~1-4592c5]:MleUpdate():transition-model.cc:531) 130 probabilities floored, 124 out of 2279 transition-states skipped due to insuffient data (it is normal to have some skipped.)
LOG (gmm-est[5.5.1049~1-4592c5]:main():gmm-est.cc:102) Transition model update: Overall 0 log-like improvement per frame over 788240 frames.
WARNING (gmm-est[5.5.1049~1-4592c5]:MleDiagGmmUpdate():mle-diag-gmm.cc:365) Gaussian has too little data but not removing it because it is the last Gaussian: i = 0, occ = 0, weight = 1
WARNING (gmm-est[5.5.1049~1-4592c5]:MleDiagGmmUpdate():mle-diag-gmm.cc:365) Gaussian has too little data but not removing it because it is the last Gaussian: i = 0, occ = 0, weight = 1
WARNING (gmm-est[5.5.1049~1-4592c5]:MleDiagGmmUpdate():mle-diag-gmm.cc:359) Too little data - removing Gaussian (weight 0.047767, occupation count 8.693599, vector size 40)
WARNING (gmm-est[5.5.1049~1-4592c5]:MleDiagGmmUpdate():mle-diag-gmm.cc:365) Gaussian has too little data but not removing it because it is the last Gaussian: i = 0, occ = 5, weight = 1
WARNING (gmm-est[5.5.1049~1-4592c5]:MleDiagGmmUpdate():mle-diag-gmm.cc:365) Gaussian has too little data but not removing it because it is the last Gaussian: i = 0, occ = 6, weight = 1
WARNING (gmm-est[5.5.1049~1-4592c5]:MleDiagGmmUpdate():mle-diag-gmm.cc:365) Gaussian has too little data but not removing it because it is the last Gaussian: i = 0, occ = 6, weight = 1
WARNING (gmm-est[5.5.1049~1-4592c5]:MleDiagGmmUpdate():mle-diag-gmm.cc:365) Gaussian has too little data but not removing it because it is the last Gaussian: i = 0, occ = 6, weight = 1
WARNING (gmm-est[5.5.1049~1-4592c5]:MleDiagGmmUpdate():mle-diag-gmm.cc:365) Gaussian has too little data but not removing it because it is the last Gaussian: i = 0, occ = 0, weight = 1
WARNING (gmm-est[5.5.1049~1-4592c5]:MleDiagGmmUpdate():mle-diag-gmm.cc:365) Gaussian has too little data but not removing it because it is the last Gaussian: i = 0, occ = 6, weight = 1
WARNING (gmm-est[5.5.1049~1-4592c5]:MleDiagGmmUpdate():mle-diag-gmm.cc:365) Gaussian has too little data but not removing it because it is the last Gaussian: i = 0, occ = 3, weight = 1
WARNING (gmm-est[5.5.1049~1-4592c5]:MleDiagGmmUpdate():mle-diag-gmm.cc:365) Gaussian has too little data but not removing it because it is the last Gaussian: i = 0, occ = 8, weight = 1
WARNING (gmm-est[5.5.1049~1-4592c5]:MleDiagGmmUpdate():mle-diag-gmm.cc:365) Gaussian has too little data but not removing it because it is the last Gaussian: i = 0, occ = 0, weight = 1
WARNING (gmm-est[5.5.1049~1-4592c5]:MleDiagGmmUpdate():mle-diag-gmm.cc:365) Gaussian has too little data but not removing it because it is the last Gaussian: i = 0, occ = 0, weight = 1
WARNING (gmm-est[5.5.1049~1-4592c5]:MleDiagGmmUpdate():mle-diag-gmm.cc:365) Gaussian has too little data but not removing it because it is the last Gaussian: i = 0, occ = 6, weight = 1
WARNING (gmm-est[5.5.1049~1-4592c5]:MleDiagGmmUpdate():mle-diag-gmm.cc:365) Gaussian has too little data but not removing it because it is the last Gaussian: i = 0, occ = 0, weight = 1
WARNING (gmm-est[5.5.1049~1-4592c5]:MleDiagGmmUpdate():mle-diag-gmm.cc:365) Gaussian has too little data but not removing it because it is the last Gaussian: i = 0, occ = 5, weight = 1
WARNING (gmm-est[5.5.1049~1-4592c5]:MleDiagGmmUpdate():mle-diag-gmm.cc:365) Gaussian has too little data but not removing it because it is the last Gaussian: i = 0, occ = 4, weight = 1
WARNING (gmm-est[5.5.1049~1-4592c5]:MleDiagGmmUpdate():mle-diag-gmm.cc:365) Gaussian has too little data but not removing it because it is the last Gaussian: i = 0, occ = 8, weight = 1
WARNING (gmm-est[5.5.1049~1-4592c5]:MleDiagGmmUpdate():mle-diag-gmm.cc:365) Gaussian has too little data but not removing it because it is the last Gaussian: i = 0, occ = 0, weight = 1
WARNING (gmm-est[5.5.1049~1-4592c5]:MleDiagGmmUpdate():mle-diag-gmm.cc:359) Too little data - removing Gaussian (weight 0.049749, occupation count 9.999454, vector size 40)
WARNING (gmm-est[5.5.1049~1-4592c5]:MleDiagGmmUpdate():mle-diag-gmm.cc:365) Gaussian has too little data but not removing it because it is the last Gaussian: i = 0, occ = 8, weight = 1
WARNING (gmm-est[5.5.1049~1-4592c5]:MleDiagGmmUpdate():mle-diag-gmm.cc:365) Gaussian has too little data but not removing it because it is the last Gaussian: i = 0, occ = 6, weight = 1
WARNING (gmm-est[5.5.1049~1-4592c5]:MleDiagGmmUpdate():mle-diag-gmm.cc:365) Gaussian has too little data but not removing it because it is the last Gaussian: i = 0, occ = 3, weight = 1
WARNING (gmm-est[5.5.1049~1-4592c5]:MleDiagGmmUpdate():mle-diag-gmm.cc:359) Too little data - removing Gaussian (weight 0.031167, occupation count 8.165841, vector size 40)
WARNING (gmm-est[5.5.1049~1-4592c5]:MleDiagGmmUpdate():mle-diag-gmm.cc:359) Too little data - removing Gaussian (weight 0.045841, occupation count 9.901707, vector size 40)
WARNING (gmm-est[5.5.1049~1-4592c5]:MleDiagGmmUpdate():mle-diag-gmm.cc:359) Too little data - removing Gaussian (weight 0.041581, occupation count 9.771514, vector size 40)
WARNING (gmm-est[5.5.1049~1-4592c5]:MleDiagGmmUpdate():mle-diag-gmm.cc:359) Too little data - removing Gaussian (weight 0.046636, occupation count 9.980031, vector size 40)
WARNING (gmm-est[5.5.1049~1-4592c5]:MleDiagGmmUpdate():mle-diag-gmm.cc:359) Too little data - removing Gaussian (weight 0.033647, occupation count 9.623127, vector size 40)
WARNING (gmm-est[5.5.1049~1-4592c5]:MleDiagGmmUpdate():mle-diag-gmm.cc:359) Too little data - removing Gaussian (weight 0.053729, occupation count 9.187605, vector size 40)
WARNING (gmm-est[5.5.1049~1-4592c5]:MleDiagGmmUpdate():mle-diag-gmm.cc:359) Too little data - removing Gaussian (weight 0.027509, occupation count 9.545691, vector size 40)
WARNING (gmm-est[5.5.1049~1-4592c5]:MleDiagGmmUpdate():mle-diag-gmm.cc:359) Too little data - removing Gaussian (weight 0.026903, occupation count 6.806452, vector size 40)
LOG (gmm-est[5.5.1049~1-4592c5]:MleAmDiagGmmUpdate():mle-am-diag-gmm.cc:225) 1 variance elements floored in 1 Gaussians, out of 19301
LOG (gmm-est[5.5.1049~1-4592c5]:MleAmDiagGmmUpdate():mle-am-diag-gmm.cc:229) Removed 10 Gaussians due to counts < --min-gaussian-occupancy=10 and --remove-low-count-gaussians=true
LOG (gmm-est[5.5.1049~1-4592c5]:main():gmm-est.cc:113) GMM update: Overall 0.116424 objective function improvement per frame over 788240 frames
LOG (gmm-est[5.5.1049~1-4592c5]:main():gmm-est.cc:116) GMM update: Overall avg like per frame = -46.4681 over 788240 frames.
LOG (gmm-est[5.5.1049~1-4592c5]:SplitByCount():am-diag-gmm.cc:116) Split 2040 states with target = 20000, power = 0.2, perturb_factor = 0.01 and min_count = 20, split #Gauss from 19301 to 20011
LOG (gmm-est[5.5.1049~1-4592c5]:main():gmm-est.cc:146) Written model to exp/tri4a/27.mdl
# Accounting: time=0 threads=1
# Ended (code 0) at Wed Sep 28 18:09:09 CST 2022, elapsed time 0 seconds
