# gmm-est --power=0.2 --write-occs=exp/tri4a/32.occs --mix-up=20000 exp/tri4a/31.mdl "gmm-sum-accs - exp/tri4a/31.*.acc |" exp/tri4a/32.mdl 
# Started at Sun Sep 25 13:14:20 CST 2022
#
gmm-est --power=0.2 --write-occs=exp/tri4a/32.occs --mix-up=20000 exp/tri4a/31.mdl 'gmm-sum-accs - exp/tri4a/31.*.acc |' exp/tri4a/32.mdl 
gmm-sum-accs - exp/tri4a/31.1.acc 
LOG (gmm-sum-accs[5.5.1047~1-09a63]:main():gmm-sum-accs.cc:63) Summed 1 stats, total count 788012, avg like/frame -45.4141
LOG (gmm-sum-accs[5.5.1047~1-09a63]:main():gmm-sum-accs.cc:66) Total count of stats is 788012
LOG (gmm-sum-accs[5.5.1047~1-09a63]:main():gmm-sum-accs.cc:67) Written stats to -
LOG (gmm-est[5.5.1047~1-09a63]:MleUpdate():transition-model.cc:528) TransitionModel::Update, objf change is 0 per frame over 788012 frames. 
LOG (gmm-est[5.5.1047~1-09a63]:MleUpdate():transition-model.cc:531) 132 probabilities floored, 117 out of 2297 transition-states skipped due to insuffient data (it is normal to have some skipped.)
LOG (gmm-est[5.5.1047~1-09a63]:main():gmm-est.cc:102) Transition model update: Overall 0 log-like improvement per frame over 788012 frames.
WARNING (gmm-est[5.5.1047~1-09a63]:MleDiagGmmUpdate():mle-diag-gmm.cc:365) Gaussian has too little data but not removing it because it is the last Gaussian: i = 0, occ = 0, weight = 1
WARNING (gmm-est[5.5.1047~1-09a63]:MleDiagGmmUpdate():mle-diag-gmm.cc:365) Gaussian has too little data but not removing it because it is the last Gaussian: i = 0, occ = 6, weight = 1
WARNING (gmm-est[5.5.1047~1-09a63]:MleDiagGmmUpdate():mle-diag-gmm.cc:365) Gaussian has too little data but not removing it because it is the last Gaussian: i = 0, occ = 6, weight = 1
WARNING (gmm-est[5.5.1047~1-09a63]:MleDiagGmmUpdate():mle-diag-gmm.cc:365) Gaussian has too little data but not removing it because it is the last Gaussian: i = 0, occ = 6, weight = 1
WARNING (gmm-est[5.5.1047~1-09a63]:MleDiagGmmUpdate():mle-diag-gmm.cc:365) Gaussian has too little data but not removing it because it is the last Gaussian: i = 0, occ = 0, weight = 1
WARNING (gmm-est[5.5.1047~1-09a63]:MleDiagGmmUpdate():mle-diag-gmm.cc:365) Gaussian has too little data but not removing it because it is the last Gaussian: i = 0, occ = 3, weight = 1
WARNING (gmm-est[5.5.1047~1-09a63]:MleDiagGmmUpdate():mle-diag-gmm.cc:365) Gaussian has too little data but not removing it because it is the last Gaussian: i = 0, occ = 6, weight = 1
WARNING (gmm-est[5.5.1047~1-09a63]:MleDiagGmmUpdate():mle-diag-gmm.cc:359) Too little data - removing Gaussian (weight 0.050991, occupation count 9.943202, vector size 40)
WARNING (gmm-est[5.5.1047~1-09a63]:MleDiagGmmUpdate():mle-diag-gmm.cc:365) Gaussian has too little data but not removing it because it is the last Gaussian: i = 0, occ = 0, weight = 1
WARNING (gmm-est[5.5.1047~1-09a63]:MleDiagGmmUpdate():mle-diag-gmm.cc:365) Gaussian has too little data but not removing it because it is the last Gaussian: i = 0, occ = 0, weight = 1
WARNING (gmm-est[5.5.1047~1-09a63]:MleDiagGmmUpdate():mle-diag-gmm.cc:365) Gaussian has too little data but not removing it because it is the last Gaussian: i = 0, occ = 6, weight = 1
WARNING (gmm-est[5.5.1047~1-09a63]:MleDiagGmmUpdate():mle-diag-gmm.cc:365) Gaussian has too little data but not removing it because it is the last Gaussian: i = 0, occ = 0, weight = 1
WARNING (gmm-est[5.5.1047~1-09a63]:MleDiagGmmUpdate():mle-diag-gmm.cc:359) Too little data - removing Gaussian (weight 0.043313, occupation count 9.009201, vector size 40)
WARNING (gmm-est[5.5.1047~1-09a63]:MleDiagGmmUpdate():mle-diag-gmm.cc:365) Gaussian has too little data but not removing it because it is the last Gaussian: i = 0, occ = 3, weight = 1
WARNING (gmm-est[5.5.1047~1-09a63]:MleDiagGmmUpdate():mle-diag-gmm.cc:365) Gaussian has too little data but not removing it because it is the last Gaussian: i = 0, occ = 4, weight = 1
WARNING (gmm-est[5.5.1047~1-09a63]:MleDiagGmmUpdate():mle-diag-gmm.cc:365) Gaussian has too little data but not removing it because it is the last Gaussian: i = 0, occ = 9, weight = 1
WARNING (gmm-est[5.5.1047~1-09a63]:MleDiagGmmUpdate():mle-diag-gmm.cc:365) Gaussian has too little data but not removing it because it is the last Gaussian: i = 0, occ = 0, weight = 1
WARNING (gmm-est[5.5.1047~1-09a63]:MleDiagGmmUpdate():mle-diag-gmm.cc:365) Gaussian has too little data but not removing it because it is the last Gaussian: i = 0, occ = 6, weight = 1
WARNING (gmm-est[5.5.1047~1-09a63]:MleDiagGmmUpdate():mle-diag-gmm.cc:365) Gaussian has too little data but not removing it because it is the last Gaussian: i = 0, occ = 6, weight = 1
WARNING (gmm-est[5.5.1047~1-09a63]:MleDiagGmmUpdate():mle-diag-gmm.cc:365) Gaussian has too little data but not removing it because it is the last Gaussian: i = 0, occ = 4, weight = 1
WARNING (gmm-est[5.5.1047~1-09a63]:MleDiagGmmUpdate():mle-diag-gmm.cc:359) Too little data - removing Gaussian (weight 0.033869, occupation count 9.889613, vector size 40)
WARNING (gmm-est[5.5.1047~1-09a63]:MleDiagGmmUpdate():mle-diag-gmm.cc:359) Too little data - removing Gaussian (weight 0.028410, occupation count 9.744633, vector size 40)
WARNING (gmm-est[5.5.1047~1-09a63]:MleDiagGmmUpdate():mle-diag-gmm.cc:359) Too little data - removing Gaussian (weight 0.075755, occupation count 9.999694, vector size 40)
WARNING (gmm-est[5.5.1047~1-09a63]:MleDiagGmmUpdate():mle-diag-gmm.cc:359) Too little data - removing Gaussian (weight 0.043231, occupation count 9.640524, vector size 40)
WARNING (gmm-est[5.5.1047~1-09a63]:MleDiagGmmUpdate():mle-diag-gmm.cc:359) Too little data - removing Gaussian (weight 0.026682, occupation count 9.151890, vector size 40)
WARNING (gmm-est[5.5.1047~1-09a63]:MleDiagGmmUpdate():mle-diag-gmm.cc:359) Too little data - removing Gaussian (weight 0.070092, occupation count 9.532448, vector size 40)
LOG (gmm-est[5.5.1047~1-09a63]:MleAmDiagGmmUpdate():mle-am-diag-gmm.cc:225) 1 variance elements floored in 1 Gaussians, out of 20054
LOG (gmm-est[5.5.1047~1-09a63]:MleAmDiagGmmUpdate():mle-am-diag-gmm.cc:229) Removed 8 Gaussians due to counts < --min-gaussian-occupancy=10 and --remove-low-count-gaussians=true
LOG (gmm-est[5.5.1047~1-09a63]:main():gmm-est.cc:113) GMM update: Overall 0.0295713 objective function improvement per frame over 788012 frames
LOG (gmm-est[5.5.1047~1-09a63]:main():gmm-est.cc:116) GMM update: Overall avg like per frame = -45.4141 over 788012 frames.
LOG (gmm-est[5.5.1047~1-09a63]:SplitByCount():am-diag-gmm.cc:116) Split 2056 states with target = 20000, power = 0.2, perturb_factor = 0.01 and min_count = 20, split #Gauss from 20054 to 20061
LOG (gmm-est[5.5.1047~1-09a63]:main():gmm-est.cc:146) Written model to exp/tri4a/32.mdl
# Accounting: time=1 threads=1
# Ended (code 0) at Sun Sep 25 13:14:21 CST 2022, elapsed time 1 seconds
