# gmm-acc-stats-ali exp/tri1/22.mdl "ark,s,cs:apply-cmvn  --utt2spk=ark:data/train/split1/1/utt2spk scp:data/train/split1/1/cmvn.scp scp:data/train/split1/1/feats.scp ark:- | add-deltas  ark:- ark:- |" "ark,s,cs:gunzip -c exp/tri1/ali.1.gz|" exp/tri1/22.1.acc 
# Started at Wed Sep  7 13:09:55 CST 2022
#
gmm-acc-stats-ali exp/tri1/22.mdl 'ark,s,cs:apply-cmvn  --utt2spk=ark:data/train/split1/1/utt2spk scp:data/train/split1/1/cmvn.scp scp:data/train/split1/1/feats.scp ark:- | add-deltas  ark:- ark:- |' 'ark,s,cs:gunzip -c exp/tri1/ali.1.gz|' exp/tri1/22.1.acc 
add-deltas ark:- ark:- 
apply-cmvn --utt2spk=ark:data/train/split1/1/utt2spk scp:data/train/split1/1/cmvn.scp scp:data/train/split1/1/feats.scp ark:- 
LOG (gmm-acc-stats-ali[5.5.1047~1-09a63]:main():gmm-acc-stats-ali.cc:105) Processed 50 utterances; for utterance SuiSiann_1049 avg. like is -72.9589 over 315 frames.
LOG (gmm-acc-stats-ali[5.5.1047~1-09a63]:main():gmm-acc-stats-ali.cc:105) Processed 100 utterances; for utterance SuiSiann_1099 avg. like is -77.1952 over 900 frames.
LOG (gmm-acc-stats-ali[5.5.1047~1-09a63]:main():gmm-acc-stats-ali.cc:105) Processed 150 utterances; for utterance SuiSiann_1149 avg. like is -78.5273 over 1131 frames.
LOG (gmm-acc-stats-ali[5.5.1047~1-09a63]:main():gmm-acc-stats-ali.cc:105) Processed 200 utterances; for utterance SuiSiann_1199 avg. like is -77.6008 over 228 frames.
LOG (gmm-acc-stats-ali[5.5.1047~1-09a63]:main():gmm-acc-stats-ali.cc:105) Processed 250 utterances; for utterance SuiSiann_1249 avg. like is -79.3166 over 1788 frames.
LOG (gmm-acc-stats-ali[5.5.1047~1-09a63]:main():gmm-acc-stats-ali.cc:105) Processed 300 utterances; for utterance SuiSiann_1299 avg. like is -77.372 over 1664 frames.
LOG (gmm-acc-stats-ali[5.5.1047~1-09a63]:main():gmm-acc-stats-ali.cc:105) Processed 350 utterances; for utterance SuiSiann_1349 avg. like is -76.1998 over 636 frames.
LOG (gmm-acc-stats-ali[5.5.1047~1-09a63]:main():gmm-acc-stats-ali.cc:105) Processed 400 utterances; for utterance SuiSiann_1399 avg. like is -72.4867 over 108 frames.
LOG (gmm-acc-stats-ali[5.5.1047~1-09a63]:main():gmm-acc-stats-ali.cc:105) Processed 450 utterances; for utterance SuiSiann_1449 avg. like is -77.5593 over 312 frames.
LOG (gmm-acc-stats-ali[5.5.1047~1-09a63]:main():gmm-acc-stats-ali.cc:105) Processed 500 utterances; for utterance SuiSiann_1499 avg. like is -83.7405 over 450 frames.
LOG (gmm-acc-stats-ali[5.5.1047~1-09a63]:main():gmm-acc-stats-ali.cc:105) Processed 550 utterances; for utterance SuiSiann_1549 avg. like is -82.5063 over 285 frames.
LOG (gmm-acc-stats-ali[5.5.1047~1-09a63]:main():gmm-acc-stats-ali.cc:105) Processed 600 utterances; for utterance SuiSiann_1599 avg. like is -74.1075 over 264 frames.
LOG (gmm-acc-stats-ali[5.5.1047~1-09a63]:main():gmm-acc-stats-ali.cc:105) Processed 650 utterances; for utterance SuiSiann_1649 avg. like is -72.2691 over 63 frames.
LOG (gmm-acc-stats-ali[5.5.1047~1-09a63]:main():gmm-acc-stats-ali.cc:105) Processed 700 utterances; for utterance SuiSiann_1699 avg. like is -79.1725 over 144 frames.
LOG (gmm-acc-stats-ali[5.5.1047~1-09a63]:main():gmm-acc-stats-ali.cc:105) Processed 750 utterances; for utterance SuiSiann_1749 avg. like is -74.0612 over 180 frames.
LOG (gmm-acc-stats-ali[5.5.1047~1-09a63]:main():gmm-acc-stats-ali.cc:105) Processed 800 utterances; for utterance SuiSiann_1799 avg. like is -79.6946 over 81 frames.
LOG (gmm-acc-stats-ali[5.5.1047~1-09a63]:main():gmm-acc-stats-ali.cc:105) Processed 850 utterances; for utterance SuiSiann_1849 avg. like is -72.1691 over 204 frames.
LOG (gmm-acc-stats-ali[5.5.1047~1-09a63]:main():gmm-acc-stats-ali.cc:105) Processed 900 utterances; for utterance SuiSiann_1899 avg. like is -83.1386 over 321 frames.
LOG (gmm-acc-stats-ali[5.5.1047~1-09a63]:main():gmm-acc-stats-ali.cc:105) Processed 950 utterances; for utterance SuiSiann_1949 avg. like is -79.6034 over 306 frames.
LOG (gmm-acc-stats-ali[5.5.1047~1-09a63]:main():gmm-acc-stats-ali.cc:105) Processed 1000 utterances; for utterance SuiSiann_1999 avg. like is -80.1488 over 87 frames.
LOG (gmm-acc-stats-ali[5.5.1047~1-09a63]:main():gmm-acc-stats-ali.cc:105) Processed 1050 utterances; for utterance SuiSiann_2049 avg. like is -82.0347 over 369 frames.
LOG (gmm-acc-stats-ali[5.5.1047~1-09a63]:main():gmm-acc-stats-ali.cc:105) Processed 1100 utterances; for utterance SuiSiann_2099 avg. like is -79.7589 over 957 frames.
LOG (gmm-acc-stats-ali[5.5.1047~1-09a63]:main():gmm-acc-stats-ali.cc:105) Processed 1150 utterances; for utterance SuiSiann_2149 avg. like is -82.7356 over 177 frames.
LOG (gmm-acc-stats-ali[5.5.1047~1-09a63]:main():gmm-acc-stats-ali.cc:105) Processed 1200 utterances; for utterance SuiSiann_2199 avg. like is -78.8719 over 423 frames.
LOG (gmm-acc-stats-ali[5.5.1047~1-09a63]:main():gmm-acc-stats-ali.cc:105) Processed 1250 utterances; for utterance SuiSiann_2249 avg. like is -78.7331 over 681 frames.
LOG (gmm-acc-stats-ali[5.5.1047~1-09a63]:main():gmm-acc-stats-ali.cc:105) Processed 1300 utterances; for utterance SuiSiann_2299 avg. like is -79.4434 over 363 frames.
LOG (gmm-acc-stats-ali[5.5.1047~1-09a63]:main():gmm-acc-stats-ali.cc:105) Processed 1350 utterances; for utterance SuiSiann_2349 avg. like is -76.5344 over 384 frames.
LOG (gmm-acc-stats-ali[5.5.1047~1-09a63]:main():gmm-acc-stats-ali.cc:105) Processed 1400 utterances; for utterance SuiSiann_2399 avg. like is -78.8229 over 915 frames.
LOG (gmm-acc-stats-ali[5.5.1047~1-09a63]:main():gmm-acc-stats-ali.cc:105) Processed 1450 utterances; for utterance SuiSiann_2449 avg. like is -76.2183 over 582 frames.
LOG (gmm-acc-stats-ali[5.5.1047~1-09a63]:main():gmm-acc-stats-ali.cc:105) Processed 1500 utterances; for utterance SuiSiann_2499 avg. like is -76.5232 over 708 frames.
LOG (gmm-acc-stats-ali[5.5.1047~1-09a63]:main():gmm-acc-stats-ali.cc:105) Processed 1550 utterances; for utterance SuiSiann_2549 avg. like is -75.5653 over 909 frames.
LOG (gmm-acc-stats-ali[5.5.1047~1-09a63]:main():gmm-acc-stats-ali.cc:105) Processed 1600 utterances; for utterance SuiSiann_2599 avg. like is -82.5546 over 462 frames.
LOG (gmm-acc-stats-ali[5.5.1047~1-09a63]:main():gmm-acc-stats-ali.cc:105) Processed 1650 utterances; for utterance SuiSiann_2649 avg. like is -83.7596 over 45 frames.
LOG (gmm-acc-stats-ali[5.5.1047~1-09a63]:main():gmm-acc-stats-ali.cc:105) Processed 1700 utterances; for utterance SuiSiann_2699 avg. like is -78.4152 over 69 frames.
LOG (gmm-acc-stats-ali[5.5.1047~1-09a63]:main():gmm-acc-stats-ali.cc:105) Processed 1750 utterances; for utterance SuiSiann_2749 avg. like is -84.5652 over 579 frames.
LOG (gmm-acc-stats-ali[5.5.1047~1-09a63]:main():gmm-acc-stats-ali.cc:105) Processed 1800 utterances; for utterance SuiSiann_2799 avg. like is -78.3679 over 342 frames.
LOG (gmm-acc-stats-ali[5.5.1047~1-09a63]:main():gmm-acc-stats-ali.cc:105) Processed 1850 utterances; for utterance SuiSiann_2849 avg. like is -80.8204 over 597 frames.
LOG (gmm-acc-stats-ali[5.5.1047~1-09a63]:main():gmm-acc-stats-ali.cc:105) Processed 1900 utterances; for utterance SuiSiann_2899 avg. like is -76.1132 over 186 frames.
LOG (gmm-acc-stats-ali[5.5.1047~1-09a63]:main():gmm-acc-stats-ali.cc:105) Processed 1950 utterances; for utterance SuiSiann_2949 avg. like is -85.9871 over 186 frames.
LOG (gmm-acc-stats-ali[5.5.1047~1-09a63]:main():gmm-acc-stats-ali.cc:105) Processed 2000 utterances; for utterance SuiSiann_2999 avg. like is -77.6003 over 1251 frames.
LOG (gmm-acc-stats-ali[5.5.1047~1-09a63]:main():gmm-acc-stats-ali.cc:105) Processed 2050 utterances; for utterance SuiSiann_3049 avg. like is -81.3834 over 177 frames.
LOG (gmm-acc-stats-ali[5.5.1047~1-09a63]:main():gmm-acc-stats-ali.cc:105) Processed 2100 utterances; for utterance SuiSiann_3099 avg. like is -78.6554 over 216 frames.
LOG (gmm-acc-stats-ali[5.5.1047~1-09a63]:main():gmm-acc-stats-ali.cc:105) Processed 2150 utterances; for utterance SuiSiann_3149 avg. like is -86.0388 over 168 frames.
LOG (gmm-acc-stats-ali[5.5.1047~1-09a63]:main():gmm-acc-stats-ali.cc:105) Processed 2200 utterances; for utterance SuiSiann_3199 avg. like is -81.693 over 438 frames.
LOG (gmm-acc-stats-ali[5.5.1047~1-09a63]:main():gmm-acc-stats-ali.cc:105) Processed 2250 utterances; for utterance SuiSiann_3249 avg. like is -83.6646 over 345 frames.
LOG (gmm-acc-stats-ali[5.5.1047~1-09a63]:main():gmm-acc-stats-ali.cc:105) Processed 2300 utterances; for utterance SuiSiann_3299 avg. like is -82.2446 over 156 frames.
LOG (gmm-acc-stats-ali[5.5.1047~1-09a63]:main():gmm-acc-stats-ali.cc:105) Processed 2350 utterances; for utterance SuiSiann_3349 avg. like is -76.4878 over 171 frames.
LOG (gmm-acc-stats-ali[5.5.1047~1-09a63]:main():gmm-acc-stats-ali.cc:105) Processed 2400 utterances; for utterance SuiSiann_3399 avg. like is -83.3095 over 207 frames.
LOG (gmm-acc-stats-ali[5.5.1047~1-09a63]:main():gmm-acc-stats-ali.cc:105) Processed 2450 utterances; for utterance SuiSiann_3449 avg. like is -77.7188 over 3012 frames.
WARNING (gmm-acc-stats-ali[5.5.1047~1-09a63]:main():gmm-acc-stats-ali.cc:79) No alignment for utterance SuiSiann_3458
WARNING (gmm-acc-stats-ali[5.5.1047~1-09a63]:main():gmm-acc-stats-ali.cc:79) No alignment for utterance SuiSiann_3459
WARNING (gmm-acc-stats-ali[5.5.1047~1-09a63]:main():gmm-acc-stats-ali.cc:79) No alignment for utterance SuiSiann_3461
WARNING (gmm-acc-stats-ali[5.5.1047~1-09a63]:main():gmm-acc-stats-ali.cc:79) No alignment for utterance SuiSiann_3462
LOG (apply-cmvn[5.5.1047~1-09a63]:main():apply-cmvn.cc:162) Applied cepstral mean normalization to 2468 utterances, errors on 0
WARNING (gmm-acc-stats-ali[5.5.1047~1-09a63]:main():gmm-acc-stats-ali.cc:79) No alignment for utterance SuiSiann_3466
LOG (gmm-acc-stats-ali[5.5.1047~1-09a63]:main():gmm-acc-stats-ali.cc:112) Done 2463 files, 5 with errors.
LOG (gmm-acc-stats-ali[5.5.1047~1-09a63]:main():gmm-acc-stats-ali.cc:115) Overall avg like per frame (Gaussian only) = -78.843 over 1211255 frames.
LOG (gmm-acc-stats-ali[5.5.1047~1-09a63]:main():gmm-acc-stats-ali.cc:123) Written accs.
# Accounting: time=93 threads=1
# Ended (code 0) at Wed Sep  7 13:11:28 CST 2022, elapsed time 93 seconds
