# gmm-acc-stats-ali exp/tri1/23.mdl "ark,s,cs:apply-cmvn  --utt2spk=ark:data/train/split1/1/utt2spk scp:data/train/split1/1/cmvn.scp scp:data/train/split1/1/feats.scp ark:- | add-deltas  ark:- ark:- |" "ark,s,cs:gunzip -c exp/tri1/ali.1.gz|" exp/tri1/23.1.acc 
# Started at Wed Sep 28 18:04:41 CST 2022
#
gmm-acc-stats-ali exp/tri1/23.mdl 'ark,s,cs:apply-cmvn  --utt2spk=ark:data/train/split1/1/utt2spk scp:data/train/split1/1/cmvn.scp scp:data/train/split1/1/feats.scp ark:- | add-deltas  ark:- ark:- |' 'ark,s,cs:gunzip -c exp/tri1/ali.1.gz|' exp/tri1/23.1.acc 
add-deltas ark:- ark:- 
apply-cmvn --utt2spk=ark:data/train/split1/1/utt2spk scp:data/train/split1/1/cmvn.scp scp:data/train/split1/1/feats.scp ark:- 
LOG (gmm-acc-stats-ali[5.5.1049~1-4592c5]:main():gmm-acc-stats-ali.cc:105) Processed 50 utterances; for utterance SuiSiann_0071 avg. like is -78.0946 over 96 frames.
LOG (gmm-acc-stats-ali[5.5.1049~1-4592c5]:main():gmm-acc-stats-ali.cc:105) Processed 100 utterances; for utterance SuiSiann_0301 avg. like is -63.6961 over 99 frames.
LOG (gmm-acc-stats-ali[5.5.1049~1-4592c5]:main():gmm-acc-stats-ali.cc:105) Processed 150 utterances; for utterance SuiSiann_0392 avg. like is -69.8035 over 207 frames.
LOG (gmm-acc-stats-ali[5.5.1049~1-4592c5]:main():gmm-acc-stats-ali.cc:105) Processed 200 utterances; for utterance SuiSiann_0460 avg. like is -81.5511 over 204 frames.
LOG (gmm-acc-stats-ali[5.5.1049~1-4592c5]:main():gmm-acc-stats-ali.cc:105) Processed 250 utterances; for utterance SuiSiann_0520 avg. like is -78.6263 over 162 frames.
LOG (gmm-acc-stats-ali[5.5.1049~1-4592c5]:main():gmm-acc-stats-ali.cc:105) Processed 300 utterances; for utterance SuiSiann_0593 avg. like is -81.1556 over 321 frames.
LOG (gmm-acc-stats-ali[5.5.1049~1-4592c5]:main():gmm-acc-stats-ali.cc:105) Processed 350 utterances; for utterance SuiSiann_0943 avg. like is -77.8821 over 969 frames.
LOG (gmm-acc-stats-ali[5.5.1049~1-4592c5]:main():gmm-acc-stats-ali.cc:105) Processed 400 utterances; for utterance SuiSiann_1038 avg. like is -77.068 over 528 frames.
LOG (gmm-acc-stats-ali[5.5.1049~1-4592c5]:main():gmm-acc-stats-ali.cc:105) Processed 450 utterances; for utterance SuiSiann_1129 avg. like is -79.0204 over 804 frames.
WARNING (gmm-acc-stats-ali[5.5.1049~1-4592c5]:main():gmm-acc-stats-ali.cc:79) No alignment for utterance SuiSiann_1137
LOG (gmm-acc-stats-ali[5.5.1049~1-4592c5]:main():gmm-acc-stats-ali.cc:105) Processed 500 utterances; for utterance SuiSiann_1265 avg. like is -79.9624 over 1197 frames.
LOG (gmm-acc-stats-ali[5.5.1049~1-4592c5]:main():gmm-acc-stats-ali.cc:105) Processed 550 utterances; for utterance SuiSiann_1357 avg. like is -75.7985 over 1275 frames.
LOG (gmm-acc-stats-ali[5.5.1049~1-4592c5]:main():gmm-acc-stats-ali.cc:105) Processed 600 utterances; for utterance SuiSiann_1433 avg. like is -81.4635 over 198 frames.
LOG (gmm-acc-stats-ali[5.5.1049~1-4592c5]:main():gmm-acc-stats-ali.cc:105) Processed 650 utterances; for utterance SuiSiann_1497 avg. like is -73.6337 over 153 frames.
LOG (gmm-acc-stats-ali[5.5.1049~1-4592c5]:main():gmm-acc-stats-ali.cc:105) Processed 700 utterances; for utterance SuiSiann_1584 avg. like is -84.9269 over 147 frames.
LOG (gmm-acc-stats-ali[5.5.1049~1-4592c5]:main():gmm-acc-stats-ali.cc:105) Processed 750 utterances; for utterance SuiSiann_1656 avg. like is -77.7218 over 318 frames.
LOG (gmm-acc-stats-ali[5.5.1049~1-4592c5]:main():gmm-acc-stats-ali.cc:105) Processed 800 utterances; for utterance SuiSiann_1724 avg. like is -82.5699 over 399 frames.
LOG (gmm-acc-stats-ali[5.5.1049~1-4592c5]:main():gmm-acc-stats-ali.cc:105) Processed 850 utterances; for utterance SuiSiann_1795 avg. like is -62.1998 over 72 frames.
WARNING (gmm-acc-stats-ali[5.5.1049~1-4592c5]:main():gmm-acc-stats-ali.cc:79) No alignment for utterance SuiSiann_1841
LOG (gmm-acc-stats-ali[5.5.1049~1-4592c5]:main():gmm-acc-stats-ali.cc:105) Processed 900 utterances; for utterance SuiSiann_1860 avg. like is -68.2046 over 243 frames.
LOG (gmm-acc-stats-ali[5.5.1049~1-4592c5]:main():gmm-acc-stats-ali.cc:105) Processed 950 utterances; for utterance SuiSiann_1928 avg. like is -75.2044 over 186 frames.
LOG (gmm-acc-stats-ali[5.5.1049~1-4592c5]:main():gmm-acc-stats-ali.cc:105) Processed 1000 utterances; for utterance SuiSiann_1998 avg. like is -80.0076 over 105 frames.
WARNING (gmm-acc-stats-ali[5.5.1049~1-4592c5]:main():gmm-acc-stats-ali.cc:79) No alignment for utterance SuiSiann_2025
LOG (gmm-acc-stats-ali[5.5.1049~1-4592c5]:main():gmm-acc-stats-ali.cc:105) Processed 1050 utterances; for utterance SuiSiann_2068 avg. like is -78.3906 over 174 frames.
LOG (gmm-acc-stats-ali[5.5.1049~1-4592c5]:main():gmm-acc-stats-ali.cc:105) Processed 1100 utterances; for utterance SuiSiann_2177 avg. like is -78.7701 over 945 frames.
LOG (gmm-acc-stats-ali[5.5.1049~1-4592c5]:main():gmm-acc-stats-ali.cc:105) Processed 1150 utterances; for utterance SuiSiann_2295 avg. like is -79.7933 over 312 frames.
LOG (gmm-acc-stats-ali[5.5.1049~1-4592c5]:main():gmm-acc-stats-ali.cc:105) Processed 1200 utterances; for utterance SuiSiann_2358 avg. like is -94.977 over 72 frames.
LOG (gmm-acc-stats-ali[5.5.1049~1-4592c5]:main():gmm-acc-stats-ali.cc:105) Processed 1250 utterances; for utterance SuiSiann_2419 avg. like is -75.8604 over 912 frames.
WARNING (gmm-acc-stats-ali[5.5.1049~1-4592c5]:main():gmm-acc-stats-ali.cc:79) No alignment for utterance SuiSiann_2437
LOG (gmm-acc-stats-ali[5.5.1049~1-4592c5]:main():gmm-acc-stats-ali.cc:105) Processed 1300 utterances; for utterance SuiSiann_2488 avg. like is -75.9975 over 876 frames.
WARNING (gmm-acc-stats-ali[5.5.1049~1-4592c5]:main():gmm-acc-stats-ali.cc:79) No alignment for utterance SuiSiann_2493
LOG (gmm-acc-stats-ali[5.5.1049~1-4592c5]:main():gmm-acc-stats-ali.cc:105) Processed 1350 utterances; for utterance SuiSiann_2562 avg. like is -79.9575 over 450 frames.
WARNING (gmm-acc-stats-ali[5.5.1049~1-4592c5]:main():gmm-acc-stats-ali.cc:79) No alignment for utterance SuiSiann_2573
LOG (gmm-acc-stats-ali[5.5.1049~1-4592c5]:main():gmm-acc-stats-ali.cc:105) Processed 1400 utterances; for utterance SuiSiann_2638 avg. like is -75.7251 over 696 frames.
LOG (gmm-acc-stats-ali[5.5.1049~1-4592c5]:main():gmm-acc-stats-ali.cc:105) Processed 1450 utterances; for utterance SuiSiann_2715 avg. like is -80.3777 over 291 frames.
LOG (gmm-acc-stats-ali[5.5.1049~1-4592c5]:main():gmm-acc-stats-ali.cc:105) Processed 1500 utterances; for utterance SuiSiann_2789 avg. like is -82.5427 over 84 frames.
LOG (gmm-acc-stats-ali[5.5.1049~1-4592c5]:main():gmm-acc-stats-ali.cc:105) Processed 1550 utterances; for utterance SuiSiann_2907 avg. like is -77.8977 over 501 frames.
LOG (gmm-acc-stats-ali[5.5.1049~1-4592c5]:main():gmm-acc-stats-ali.cc:105) Processed 1600 utterances; for utterance SuiSiann_3008 avg. like is -77.5989 over 1002 frames.
LOG (gmm-acc-stats-ali[5.5.1049~1-4592c5]:main():gmm-acc-stats-ali.cc:105) Processed 1650 utterances; for utterance SuiSiann_3079 avg. like is -74.4884 over 159 frames.
LOG (gmm-acc-stats-ali[5.5.1049~1-4592c5]:main():gmm-acc-stats-ali.cc:105) Processed 1700 utterances; for utterance SuiSiann_3157 avg. like is -81.5447 over 375 frames.
LOG (gmm-acc-stats-ali[5.5.1049~1-4592c5]:main():gmm-acc-stats-ali.cc:105) Processed 1750 utterances; for utterance SuiSiann_3231 avg. like is -79.2337 over 555 frames.
LOG (gmm-acc-stats-ali[5.5.1049~1-4592c5]:main():gmm-acc-stats-ali.cc:105) Processed 1800 utterances; for utterance SuiSiann_3293 avg. like is -77.7183 over 228 frames.
LOG (gmm-acc-stats-ali[5.5.1049~1-4592c5]:main():gmm-acc-stats-ali.cc:105) Processed 1850 utterances; for utterance SuiSiann_3362 avg. like is -82.1129 over 240 frames.
LOG (apply-cmvn[5.5.1049~1-4592c5]:main():apply-cmvn.cc:162) Applied cepstral mean normalization to 1907 utterances, errors on 0
LOG (gmm-acc-stats-ali[5.5.1049~1-4592c5]:main():gmm-acc-stats-ali.cc:105) Processed 1900 utterances; for utterance SuiSiann_3465 avg. like is -79.5027 over 1974 frames.
LOG (gmm-acc-stats-ali[5.5.1049~1-4592c5]:main():gmm-acc-stats-ali.cc:112) Done 1901 files, 6 with errors.
LOG (gmm-acc-stats-ali[5.5.1049~1-4592c5]:main():gmm-acc-stats-ali.cc:115) Overall avg like per frame (Gaussian only) = -77.9005 over 789527 frames.
LOG (gmm-acc-stats-ali[5.5.1049~1-4592c5]:main():gmm-acc-stats-ali.cc:123) Written accs.
# Accounting: time=1 threads=1
# Ended (code 0) at Wed Sep 28 18:04:42 CST 2022, elapsed time 1 seconds
