# gmm-init-model --write-occs=exp/tri1/1.occs exp/tri1/tree exp/tri1/treeacc data/lang/topo exp/tri1/1.mdl 
# Started at Sun Sep 25 13:09:33 CST 2022
#
gmm-init-model --write-occs=exp/tri1/1.occs exp/tri1/tree exp/tri1/treeacc data/lang/topo exp/tri1/1.mdl 
LOG (gmm-init-model[5.5.1047~1-09a63]:main():gmm-init-model.cc:271) Number of separate statistics is 48197
WARNING (gmm-init-model[5.5.1047~1-09a63]:InitAmGmm():gmm-init-model.cc:55) Tree has pdf-id 14 with no stats; corresponding phone list: 15 
WARNING (gmm-init-model[5.5.1047~1-09a63]:InitAmGmm():gmm-init-model.cc:55) Tree has pdf-id 76 with no stats; corresponding phone list: 77 
WARNING (gmm-init-model[5.5.1047~1-09a63]:InitAmGmm():gmm-init-model.cc:55) Tree has pdf-id 181 with no stats; corresponding phone list: 182 
WARNING (gmm-init-model[5.5.1047~1-09a63]:InitAmGmm():gmm-init-model.cc:55) Tree has pdf-id 199 with no stats; corresponding phone list: 200 
WARNING (gmm-init-model[5.5.1047~1-09a63]:InitAmGmm():gmm-init-model.cc:55) Tree has pdf-id 206 with no stats; corresponding phone list: 207 
WARNING (gmm-init-model[5.5.1047~1-09a63]:InitAmGmm():gmm-init-model.cc:55) Tree has pdf-id 241 with no stats; corresponding phone list: 242 
WARNING (gmm-init-model[5.5.1047~1-09a63]:InitAmGmm():gmm-init-model.cc:83) Very small count for state 7: 48; corresponding phone list: 8 
WARNING (gmm-init-model[5.5.1047~1-09a63]:InitAmGmm():gmm-init-model.cc:83) Very small count for state 13: 38; corresponding phone list: 14 
WARNING (gmm-init-model[5.5.1047~1-09a63]:InitAmGmm():gmm-init-model.cc:83) Very small count for state 17: 30; corresponding phone list: 18 
WARNING (gmm-init-model[5.5.1047~1-09a63]:InitAmGmm():gmm-init-model.cc:83) Very small count for state 18: 12; corresponding phone list: 19 
WARNING (gmm-init-model[5.5.1047~1-09a63]:InitAmGmm():gmm-init-model.cc:83) Very small count for state 25: 52; corresponding phone list: 26 
WARNING (gmm-init-model[5.5.1047~1-09a63]:InitAmGmm():gmm-init-model.cc:83) Very small count for state 27: 49; corresponding phone list: 28 
WARNING (gmm-init-model[5.5.1047~1-09a63]:InitAmGmm():gmm-init-model.cc:83) Very small count for state 38: 17; corresponding phone list: 39 
WARNING (gmm-init-model[5.5.1047~1-09a63]:InitAmGmm():gmm-init-model.cc:83) Very small count for state 39: 20; corresponding phone list: 40 
WARNING (gmm-init-model[5.5.1047~1-09a63]:InitAmGmm():gmm-init-model.cc:83) Very small count for state 49: 44; corresponding phone list: 50 
WARNING (gmm-init-model[5.5.1047~1-09a63]:InitAmGmm():gmm-init-model.cc:83) Very small count for state 50: 41; corresponding phone list: 51 
WARNING (gmm-init-model[5.5.1047~1-09a63]:InitAmGmm():gmm-init-model.cc:83) Very small count for state 51: 83; corresponding phone list: 52 
WARNING (gmm-init-model[5.5.1047~1-09a63]:InitAmGmm():gmm-init-model.cc:83) Very small count for state 52: 8; corresponding phone list: 53 
WARNING (gmm-init-model[5.5.1047~1-09a63]:InitAmGmm():gmm-init-model.cc:83) Very small count for state 56: 60; corresponding phone list: 57 
WARNING (gmm-init-model[5.5.1047~1-09a63]:InitAmGmm():gmm-init-model.cc:83) Very small count for state 63: 15; corresponding phone list: 64 
WARNING (gmm-init-model[5.5.1047~1-09a63]:InitAmGmm():gmm-init-model.cc:83) Very small count for state 64: 84; corresponding phone list: 65 
WARNING (gmm-init-model[5.5.1047~1-09a63]:InitAmGmm():gmm-init-model.cc:83) Very small count for state 65: 30; corresponding phone list: 66 
WARNING (gmm-init-model[5.5.1047~1-09a63]:InitAmGmm():gmm-init-model.cc:83) Very small count for state 66: 66; corresponding phone list: 67 
WARNING (gmm-init-model[5.5.1047~1-09a63]:InitAmGmm():gmm-init-model.cc:83) Very small count for state 67: 22; corresponding phone list: 68 
WARNING (gmm-init-model[5.5.1047~1-09a63]:InitAmGmm():gmm-init-model.cc:83) Very small count for state 68: 40; corresponding phone list: 69 
WARNING (gmm-init-model[5.5.1047~1-09a63]:InitAmGmm():gmm-init-model.cc:83) Very small count for state 71: 15; corresponding phone list: 72 
WARNING (gmm-init-model[5.5.1047~1-09a63]:InitAmGmm():gmm-init-model.cc:83) Very small count for state 72: 40; corresponding phone list: 73 
WARNING (gmm-init-model[5.5.1047~1-09a63]:InitAmGmm():gmm-init-model.cc:83) Very small count for state 74: 79; corresponding phone list: 75 
WARNING (gmm-init-model[5.5.1047~1-09a63]:InitAmGmm():gmm-init-model.cc:83) Very small count for state 80: 81; corresponding phone list: 81 
WARNING (gmm-init-model[5.5.1047~1-09a63]:InitAmGmm():gmm-init-model.cc:83) Very small count for state 81: 88; corresponding phone list: 82 
WARNING (gmm-init-model[5.5.1047~1-09a63]:InitAmGmm():gmm-init-model.cc:83) Very small count for state 83: 69; corresponding phone list: 84 
WARNING (gmm-init-model[5.5.1047~1-09a63]:InitAmGmm():gmm-init-model.cc:83) Very small count for state 85: 86; corresponding phone list: 86 
WARNING (gmm-init-model[5.5.1047~1-09a63]:InitAmGmm():gmm-init-model.cc:83) Very small count for state 86: 63; corresponding phone list: 87 
WARNING (gmm-init-model[5.5.1047~1-09a63]:InitAmGmm():gmm-init-model.cc:83) Very small count for state 87: 96; corresponding phone list: 88 
WARNING (gmm-init-model[5.5.1047~1-09a63]:InitAmGmm():gmm-init-model.cc:83) Very small count for state 90: 84; corresponding phone list: 91 
WARNING (gmm-init-model[5.5.1047~1-09a63]:InitAmGmm():gmm-init-model.cc:83) Very small count for state 97: 38; corresponding phone list: 98 
WARNING (gmm-init-model[5.5.1047~1-09a63]:InitAmGmm():gmm-init-model.cc:83) Very small count for state 99: 16; corresponding phone list: 100 
WARNING (gmm-init-model[5.5.1047~1-09a63]:InitAmGmm():gmm-init-model.cc:83) Very small count for state 100: 3; corresponding phone list: 101 
WARNING (gmm-init-model[5.5.1047~1-09a63]:InitAmGmm():gmm-init-model.cc:83) Very small count for state 101: 44; corresponding phone list: 102 
WARNING (gmm-init-model[5.5.1047~1-09a63]:InitAmGmm():gmm-init-model.cc:83) Very small count for state 107: 42; corresponding phone list: 108 
WARNING (gmm-init-model[5.5.1047~1-09a63]:InitAmGmm():gmm-init-model.cc:83) Very small count for state 108: 70; corresponding phone list: 109 
WARNING (gmm-init-model[5.5.1047~1-09a63]:InitAmGmm():gmm-init-model.cc:83) Very small count for state 110: 96; corresponding phone list: 111 
WARNING (gmm-init-model[5.5.1047~1-09a63]:InitAmGmm():gmm-init-model.cc:83) Very small count for state 111: 58; corresponding phone list: 112 
WARNING (gmm-init-model[5.5.1047~1-09a63]:InitAmGmm():gmm-init-model.cc:83) Very small count for state 117: 24; corresponding phone list: 118 
WARNING (gmm-init-model[5.5.1047~1-09a63]:InitAmGmm():gmm-init-model.cc:83) Very small count for state 118: 22; corresponding phone list: 119 
WARNING (gmm-init-model[5.5.1047~1-09a63]:InitAmGmm():gmm-init-model.cc:83) Very small count for state 119: 74; corresponding phone list: 120 
WARNING (gmm-init-model[5.5.1047~1-09a63]:InitAmGmm():gmm-init-model.cc:83) Very small count for state 122: 42; corresponding phone list: 123 
WARNING (gmm-init-model[5.5.1047~1-09a63]:InitAmGmm():gmm-init-model.cc:83) Very small count for state 124: 91; corresponding phone list: 125 
WARNING (gmm-init-model[5.5.1047~1-09a63]:InitAmGmm():gmm-init-model.cc:83) Very small count for state 125: 45; corresponding phone list: 126 
WARNING (gmm-init-model[5.5.1047~1-09a63]:InitAmGmm():gmm-init-model.cc:83) Very small count for state 127: 95; corresponding phone list: 128 
WARNING (gmm-init-model[5.5.1047~1-09a63]:InitAmGmm():gmm-init-model.cc:83) Very small count for state 133: 78; corresponding phone list: 134 
WARNING (gmm-init-model[5.5.1047~1-09a63]:InitAmGmm():gmm-init-model.cc:83) Very small count for state 138: 47; corresponding phone list: 139 
WARNING (gmm-init-model[5.5.1047~1-09a63]:InitAmGmm():gmm-init-model.cc:83) Very small count for state 139: 68; corresponding phone list: 140 
WARNING (gmm-init-model[5.5.1047~1-09a63]:InitAmGmm():gmm-init-model.cc:83) Very small count for state 140: 48; corresponding phone list: 141 
WARNING (gmm-init-model[5.5.1047~1-09a63]:InitAmGmm():gmm-init-model.cc:83) Very small count for state 143: 38; corresponding phone list: 144 
WARNING (gmm-init-model[5.5.1047~1-09a63]:InitAmGmm():gmm-init-model.cc:83) Very small count for state 147: 84; corresponding phone list: 148 
WARNING (gmm-init-model[5.5.1047~1-09a63]:InitAmGmm():gmm-init-model.cc:83) Very small count for state 148: 97; corresponding phone list: 149 
WARNING (gmm-init-model[5.5.1047~1-09a63]:InitAmGmm():gmm-init-model.cc:83) Very small count for state 151: 51; corresponding phone list: 152 
WARNING (gmm-init-model[5.5.1047~1-09a63]:InitAmGmm():gmm-init-model.cc:83) Very small count for state 152: 96; corresponding phone list: 153 
WARNING (gmm-init-model[5.5.1047~1-09a63]:InitAmGmm():gmm-init-model.cc:83) Very small count for state 158: 48; corresponding phone list: 159 
WARNING (gmm-init-model[5.5.1047~1-09a63]:InitAmGmm():gmm-init-model.cc:83) Very small count for state 164: 99; corresponding phone list: 165 
WARNING (gmm-init-model[5.5.1047~1-09a63]:InitAmGmm():gmm-init-model.cc:83) Very small count for state 167: 74; corresponding phone list: 168 
WARNING (gmm-init-model[5.5.1047~1-09a63]:InitAmGmm():gmm-init-model.cc:83) Very small count for state 169: 29; corresponding phone list: 170 
WARNING (gmm-init-model[5.5.1047~1-09a63]:InitAmGmm():gmm-init-model.cc:83) Very small count for state 170: 73; corresponding phone list: 171 
WARNING (gmm-init-model[5.5.1047~1-09a63]:InitAmGmm():gmm-init-model.cc:83) Very small count for state 171: 59; corresponding phone list: 172 
WARNING (gmm-init-model[5.5.1047~1-09a63]:InitAmGmm():gmm-init-model.cc:83) Very small count for state 172: 72; corresponding phone list: 173 
WARNING (gmm-init-model[5.5.1047~1-09a63]:InitAmGmm():gmm-init-model.cc:83) Very small count for state 174: 86; corresponding phone list: 175 
WARNING (gmm-init-model[5.5.1047~1-09a63]:InitAmGmm():gmm-init-model.cc:83) Very small count for state 179: 16; corresponding phone list: 180 
WARNING (gmm-init-model[5.5.1047~1-09a63]:InitAmGmm():gmm-init-model.cc:83) Very small count for state 197: 58; corresponding phone list: 198 
WARNING (gmm-init-model[5.5.1047~1-09a63]:InitAmGmm():gmm-init-model.cc:83) Very small count for state 200: 96; corresponding phone list: 201 
WARNING (gmm-init-model[5.5.1047~1-09a63]:InitAmGmm():gmm-init-model.cc:83) Very small count for state 203: 96; corresponding phone list: 204 
WARNING (gmm-init-model[5.5.1047~1-09a63]:InitAmGmm():gmm-init-model.cc:83) Very small count for state 205: 10; corresponding phone list: 206 
WARNING (gmm-init-model[5.5.1047~1-09a63]:InitAmGmm():gmm-init-model.cc:83) Very small count for state 207: 14; corresponding phone list: 208 
WARNING (gmm-init-model[5.5.1047~1-09a63]:InitAmGmm():gmm-init-model.cc:83) Very small count for state 208: 44; corresponding phone list: 209 
WARNING (gmm-init-model[5.5.1047~1-09a63]:InitAmGmm():gmm-init-model.cc:83) Very small count for state 210: 87; corresponding phone list: 211 
WARNING (gmm-init-model[5.5.1047~1-09a63]:InitAmGmm():gmm-init-model.cc:83) Very small count for state 212: 57; corresponding phone list: 213 
WARNING (gmm-init-model[5.5.1047~1-09a63]:InitAmGmm():gmm-init-model.cc:83) Very small count for state 214: 65; corresponding phone list: 215 
WARNING (gmm-init-model[5.5.1047~1-09a63]:InitAmGmm():gmm-init-model.cc:83) Very small count for state 215: 35; corresponding phone list: 216 
WARNING (gmm-init-model[5.5.1047~1-09a63]:InitAmGmm():gmm-init-model.cc:83) Very small count for state 216: 16; corresponding phone list: 217 
WARNING (gmm-init-model[5.5.1047~1-09a63]:InitAmGmm():gmm-init-model.cc:83) Very small count for state 217: 5; corresponding phone list: 218 
WARNING (gmm-init-model[5.5.1047~1-09a63]:InitAmGmm():gmm-init-model.cc:83) Very small count for state 229: 90; corresponding phone list: 230 
WARNING (gmm-init-model[5.5.1047~1-09a63]:InitAmGmm():gmm-init-model.cc:83) Very small count for state 230: 70; corresponding phone list: 231 
WARNING (gmm-init-model[5.5.1047~1-09a63]:InitAmGmm():gmm-init-model.cc:83) Very small count for state 233: 79; corresponding phone list: 234 
WARNING (gmm-init-model[5.5.1047~1-09a63]:InitAmGmm():gmm-init-model.cc:83) Very small count for state 236: 79; corresponding phone list: 237 
WARNING (gmm-init-model[5.5.1047~1-09a63]:InitAmGmm():gmm-init-model.cc:83) Very small count for state 237: 40; corresponding phone list: 238 
WARNING (gmm-init-model[5.5.1047~1-09a63]:InitAmGmm():gmm-init-model.cc:83) Very small count for state 238: 23; corresponding phone list: 239 
WARNING (gmm-init-model[5.5.1047~1-09a63]:InitAmGmm():gmm-init-model.cc:83) Very small count for state 239: 76; corresponding phone list: 240 
WARNING (gmm-init-model[5.5.1047~1-09a63]:InitAmGmm():gmm-init-model.cc:83) Very small count for state 240: 23; corresponding phone list: 241 
WARNING (gmm-init-model[5.5.1047~1-09a63]:InitAmGmm():gmm-init-model.cc:83) Very small count for state 242: 72; corresponding phone list: 243 
WARNING (gmm-init-model[5.5.1047~1-09a63]:InitAmGmm():gmm-init-model.cc:83) Very small count for state 243: 6; corresponding phone list: 244 
WARNING (gmm-init-model[5.5.1047~1-09a63]:InitAmGmm():gmm-init-model.cc:83) Very small count for state 244: 83; corresponding phone list: 245 
WARNING (gmm-init-model[5.5.1047~1-09a63]:InitAmGmm():gmm-init-model.cc:83) Very small count for state 254: 64; corresponding phone list: 255 
WARNING (gmm-init-model[5.5.1047~1-09a63]:InitAmGmm():gmm-init-model.cc:83) Very small count for state 256: 84; corresponding phone list: 257 
WARNING (gmm-init-model[5.5.1047~1-09a63]:InitAmGmm():gmm-init-model.cc:83) Very small count for state 264: 17; corresponding phone list: 265 
WARNING (gmm-init-model[5.5.1047~1-09a63]:InitAmGmm():gmm-init-model.cc:83) Very small count for state 265: 6; corresponding phone list: 266 
WARNING (gmm-init-model[5.5.1047~1-09a63]:InitAmGmm():gmm-init-model.cc:83) Very small count for state 266: 46; corresponding phone list: 267 
WARNING (gmm-init-model[5.5.1047~1-09a63]:InitAmGmm():gmm-init-model.cc:83) Very small count for state 271: 15; corresponding phone list: 272 
WARNING (gmm-init-model[5.5.1047~1-09a63]:InitAmGmm():gmm-init-model.cc:83) Very small count for state 272: 12; corresponding phone list: 273 
WARNING (gmm-init-model[5.5.1047~1-09a63]:InitAmGmm():gmm-init-model.cc:83) Very small count for state 273: 15; corresponding phone list: 274 
WARNING (gmm-init-model[5.5.1047~1-09a63]:InitAmGmm():gmm-init-model.cc:83) Very small count for state 275: 71; corresponding phone list: 276 
WARNING (gmm-init-model[5.5.1047~1-09a63]:InitAmGmm():gmm-init-model.cc:83) Very small count for state 279: 42; corresponding phone list: 280 
WARNING (gmm-init-model[5.5.1047~1-09a63]:InitAmGmm():gmm-init-model.cc:83) Very small count for state 293: 76; corresponding phone list: 222 
WARNING (gmm-init-model[5.5.1047~1-09a63]:InitAmGmm():gmm-init-model.cc:83) Very small count for state 301: 22; corresponding phone list: 78 
WARNING (gmm-init-model[5.5.1047~1-09a63]:InitAmGmm():gmm-init-model.cc:83) Very small count for state 309: 60; corresponding phone list: 60 
WARNING (gmm-init-model[5.5.1047~1-09a63]:InitAmGmm():gmm-init-model.cc:83) Very small count for state 322: 49; corresponding phone list: 60 
WARNING (gmm-init-model[5.5.1047~1-09a63]:InitAmGmm():gmm-init-model.cc:83) Very small count for state 324: 82; corresponding phone list: 73 
WARNING (gmm-init-model[5.5.1047~1-09a63]:InitAmGmm():gmm-init-model.cc:83) Very small count for state 330: 45; corresponding phone list: 192 
WARNING (gmm-init-model[5.5.1047~1-09a63]:InitAmGmm():gmm-init-model.cc:83) Very small count for state 334: 94; corresponding phone list: 11 
WARNING (gmm-init-model[5.5.1047~1-09a63]:InitAmGmm():gmm-init-model.cc:83) Very small count for state 343: 96; corresponding phone list: 221 
WARNING (gmm-init-model[5.5.1047~1-09a63]:InitAmGmm():gmm-init-model.cc:83) Very small count for state 347: 63; corresponding phone list: 55 
WARNING (gmm-init-model[5.5.1047~1-09a63]:InitAmGmm():gmm-init-model.cc:83) Very small count for state 358: 54; corresponding phone list: 161 
WARNING (gmm-init-model[5.5.1047~1-09a63]:InitAmGmm():gmm-init-model.cc:83) Very small count for state 361: 59; corresponding phone list: 130 
WARNING (gmm-init-model[5.5.1047~1-09a63]:InitAmGmm():gmm-init-model.cc:83) Very small count for state 364: 66; corresponding phone list: 194 
WARNING (gmm-init-model[5.5.1047~1-09a63]:InitAmGmm():gmm-init-model.cc:83) Very small count for state 366: 98; corresponding phone list: 96 
WARNING (gmm-init-model[5.5.1047~1-09a63]:InitAmGmm():gmm-init-model.cc:83) Very small count for state 368: 44; corresponding phone list: 260 
WARNING (gmm-init-model[5.5.1047~1-09a63]:InitAmGmm():gmm-init-model.cc:83) Very small count for state 375: 37; corresponding phone list: 278 
WARNING (gmm-init-model[5.5.1047~1-09a63]:InitAmGmm():gmm-init-model.cc:83) Very small count for state 381: 80; corresponding phone list: 162 
WARNING (gmm-init-model[5.5.1047~1-09a63]:InitAmGmm():gmm-init-model.cc:83) Very small count for state 385: 38; corresponding phone list: 196 
WARNING (gmm-init-model[5.5.1047~1-09a63]:InitAmGmm():gmm-init-model.cc:83) Very small count for state 392: 79; corresponding phone list: 73 
WARNING (gmm-init-model[5.5.1047~1-09a63]:InitAmGmm():gmm-init-model.cc:83) Very small count for state 401: 52; corresponding phone list: 104 
WARNING (gmm-init-model[5.5.1047~1-09a63]:InitAmGmm():gmm-init-model.cc:83) Very small count for state 402: 94; corresponding phone list: 173 
WARNING (gmm-init-model[5.5.1047~1-09a63]:InitAmGmm():gmm-init-model.cc:83) Very small count for state 403: 28; corresponding phone list: 27 
WARNING (gmm-init-model[5.5.1047~1-09a63]:InitAmGmm():gmm-init-model.cc:83) Very small count for state 407: 73; corresponding phone list: 50 
WARNING (gmm-init-model[5.5.1047~1-09a63]:InitAmGmm():gmm-init-model.cc:83) Very small count for state 417: 47; corresponding phone list: 114 
WARNING (gmm-init-model[5.5.1047~1-09a63]:InitAmGmm():gmm-init-model.cc:83) Very small count for state 419: 73; corresponding phone list: 97 
WARNING (gmm-init-model[5.5.1047~1-09a63]:InitAmGmm():gmm-init-model.cc:83) Very small count for state 420: 26; corresponding phone list: 279 
WARNING (gmm-init-model[5.5.1047~1-09a63]:InitAmGmm():gmm-init-model.cc:83) Very small count for state 429: 57; corresponding phone list: 227 
WARNING (gmm-init-model[5.5.1047~1-09a63]:InitAmGmm():gmm-init-model.cc:83) Very small count for state 433: 49; corresponding phone list: 129 
WARNING (gmm-init-model[5.5.1047~1-09a63]:InitAmGmm():gmm-init-model.cc:83) Very small count for state 439: 71; corresponding phone list: 122 
WARNING (gmm-init-model[5.5.1047~1-09a63]:InitAmGmm():gmm-init-model.cc:83) Very small count for state 449: 77; corresponding phone list: 215 
WARNING (gmm-init-model[5.5.1047~1-09a63]:InitAmGmm():gmm-init-model.cc:83) Very small count for state 450: 60; corresponding phone list: 151 
WARNING (gmm-init-model[5.5.1047~1-09a63]:InitAmGmm():gmm-init-model.cc:83) Very small count for state 460: 50; corresponding phone list: 136 
WARNING (gmm-init-model[5.5.1047~1-09a63]:InitAmGmm():gmm-init-model.cc:83) Very small count for state 475: 87; corresponding phone list: 214 
WARNING (gmm-init-model[5.5.1047~1-09a63]:InitAmGmm():gmm-init-model.cc:83) Very small count for state 476: 52; corresponding phone list: 84 
WARNING (gmm-init-model[5.5.1047~1-09a63]:InitAmGmm():gmm-init-model.cc:83) Very small count for state 478: 76; corresponding phone list: 104 
WARNING (gmm-init-model[5.5.1047~1-09a63]:InitAmGmm():gmm-init-model.cc:83) Very small count for state 479: 75; corresponding phone list: 115 
WARNING (gmm-init-model[5.5.1047~1-09a63]:InitAmGmm():gmm-init-model.cc:83) Very small count for state 483: 89; corresponding phone list: 28 
WARNING (gmm-init-model[5.5.1047~1-09a63]:InitAmGmm():gmm-init-model.cc:83) Very small count for state 497: 48; corresponding phone list: 162 
WARNING (gmm-init-model[5.5.1047~1-09a63]:InitAmGmm():gmm-init-model.cc:83) Very small count for state 499: 34; corresponding phone list: 117 
WARNING (gmm-init-model[5.5.1047~1-09a63]:InitAmGmm():gmm-init-model.cc:83) Very small count for state 500: 53; corresponding phone list: 280 
WARNING (gmm-init-model[5.5.1047~1-09a63]:InitAmGmm():gmm-init-model.cc:83) Very small count for state 519: 76; corresponding phone list: 177 
WARNING (gmm-init-model[5.5.1047~1-09a63]:InitAmGmm():gmm-init-model.cc:83) Very small count for state 523: 73; corresponding phone list: 198 
WARNING (gmm-init-model[5.5.1047~1-09a63]:InitAmGmm():gmm-init-model.cc:83) Very small count for state 531: 79; corresponding phone list: 2 
WARNING (gmm-init-model[5.5.1047~1-09a63]:InitAmGmm():gmm-init-model.cc:83) Very small count for state 548: 46; corresponding phone list: 177 
WARNING (gmm-init-model[5.5.1047~1-09a63]:InitAmGmm():gmm-init-model.cc:83) Very small count for state 551: 92; corresponding phone list: 49 
WARNING (gmm-init-model[5.5.1047~1-09a63]:InitAmGmm():gmm-init-model.cc:83) Very small count for state 555: 58; corresponding phone list: 230 
WARNING (gmm-init-model[5.5.1047~1-09a63]:InitAmGmm():gmm-init-model.cc:83) Very small count for state 560: 87; corresponding phone list: 60 
WARNING (gmm-init-model[5.5.1047~1-09a63]:InitAmGmm():gmm-init-model.cc:83) Very small count for state 575: 29; corresponding phone list: 56 
WARNING (gmm-init-model[5.5.1047~1-09a63]:InitAmGmm():gmm-init-model.cc:83) Very small count for state 583: 83; corresponding phone list: 107 
WARNING (gmm-init-model[5.5.1047~1-09a63]:InitAmGmm():gmm-init-model.cc:83) Very small count for state 585: 55; corresponding phone list: 192 
WARNING (gmm-init-model[5.5.1047~1-09a63]:InitAmGmm():gmm-init-model.cc:83) Very small count for state 589: 63; corresponding phone list: 212 
WARNING (gmm-init-model[5.5.1047~1-09a63]:InitAmGmm():gmm-init-model.cc:83) Very small count for state 593: 91; corresponding phone list: 139 
WARNING (gmm-init-model[5.5.1047~1-09a63]:InitAmGmm():gmm-init-model.cc:83) Very small count for state 616: 68; corresponding phone list: 193 
WARNING (gmm-init-model[5.5.1047~1-09a63]:InitAmGmm():gmm-init-model.cc:83) Very small count for state 628: 60; corresponding phone list: 150 
WARNING (gmm-init-model[5.5.1047~1-09a63]:InitAmGmm():gmm-init-model.cc:83) Very small count for state 641: 41; corresponding phone list: 74 
WARNING (gmm-init-model[5.5.1047~1-09a63]:InitAmGmm():gmm-init-model.cc:83) Very small count for state 649: 41; corresponding phone list: 177 
WARNING (gmm-init-model[5.5.1047~1-09a63]:InitAmGmm():gmm-init-model.cc:83) Very small count for state 654: 71; corresponding phone list: 277 
WARNING (gmm-init-model[5.5.1047~1-09a63]:InitAmGmm():gmm-init-model.cc:83) Very small count for state 655: 87; corresponding phone list: 30 
WARNING (gmm-init-model[5.5.1047~1-09a63]:InitAmGmm():gmm-init-model.cc:83) Very small count for state 664: 90; corresponding phone list: 71 
WARNING (gmm-init-model[5.5.1047~1-09a63]:InitAmGmm():gmm-init-model.cc:83) Very small count for state 673: 32; corresponding phone list: 161 
WARNING (gmm-init-model[5.5.1047~1-09a63]:InitAmGmm():gmm-init-model.cc:83) Very small count for state 674: 86; corresponding phone list: 261 
WARNING (gmm-init-model[5.5.1047~1-09a63]:InitAmGmm():gmm-init-model.cc:83) Very small count for state 676: 36; corresponding phone list: 161 
WARNING (gmm-init-model[5.5.1047~1-09a63]:InitAmGmm():gmm-init-model.cc:83) Very small count for state 682: 53; corresponding phone list: 215 
WARNING (gmm-init-model[5.5.1047~1-09a63]:InitAmGmm():gmm-init-model.cc:83) Very small count for state 686: 56; corresponding phone list: 215 
WARNING (gmm-init-model[5.5.1047~1-09a63]:InitAmGmm():gmm-init-model.cc:83) Very small count for state 688: 66; corresponding phone list: 205 
WARNING (gmm-init-model[5.5.1047~1-09a63]:InitAmGmm():gmm-init-model.cc:83) Very small count for state 691: 92; corresponding phone list: 78 
WARNING (gmm-init-model[5.5.1047~1-09a63]:InitAmGmm():gmm-init-model.cc:83) Very small count for state 692: 80; corresponding phone list: 90 
WARNING (gmm-init-model[5.5.1047~1-09a63]:InitAmGmm():gmm-init-model.cc:83) Very small count for state 693: 87; corresponding phone list: 211 
WARNING (gmm-init-model[5.5.1047~1-09a63]:InitAmGmm():gmm-init-model.cc:83) Very small count for state 698: 35; corresponding phone list: 27 
WARNING (gmm-init-model[5.5.1047~1-09a63]:InitAmGmm():gmm-init-model.cc:83) Very small count for state 702: 92; corresponding phone list: 47 
WARNING (gmm-init-model[5.5.1047~1-09a63]:InitAmGmm():gmm-init-model.cc:83) Very small count for state 704: 24; corresponding phone list: 74 
WARNING (gmm-init-model[5.5.1047~1-09a63]:InitAmGmm():gmm-init-model.cc:83) Very small count for state 717: 73; corresponding phone list: 222 
WARNING (gmm-init-model[5.5.1047~1-09a63]:InitAmGmm():gmm-init-model.cc:83) Very small count for state 730: 87; corresponding phone list: 14 
WARNING (gmm-init-model[5.5.1047~1-09a63]:InitAmGmm():gmm-init-model.cc:83) Very small count for state 733: 32; corresponding phone list: 276 
WARNING (gmm-init-model[5.5.1047~1-09a63]:InitAmGmm():gmm-init-model.cc:83) Very small count for state 745: 64; corresponding phone list: 174 
WARNING (gmm-init-model[5.5.1047~1-09a63]:InitAmGmm():gmm-init-model.cc:83) Very small count for state 747: 45; corresponding phone list: 145 
WARNING (gmm-init-model[5.5.1047~1-09a63]:InitAmGmm():gmm-init-model.cc:83) Very small count for state 756: 44; corresponding phone list: 188 
WARNING (gmm-init-model[5.5.1047~1-09a63]:InitAmGmm():gmm-init-model.cc:83) Very small count for state 768: 75; corresponding phone list: 2 
WARNING (gmm-init-model[5.5.1047~1-09a63]:InitAmGmm():gmm-init-model.cc:83) Very small count for state 771: 98; corresponding phone list: 224 
WARNING (gmm-init-model[5.5.1047~1-09a63]:InitAmGmm():gmm-init-model.cc:83) Very small count for state 772: 60; corresponding phone list: 107 
WARNING (gmm-init-model[5.5.1047~1-09a63]:InitAmGmm():gmm-init-model.cc:83) Very small count for state 773: 30; corresponding phone list: 185 
WARNING (gmm-init-model[5.5.1047~1-09a63]:InitAmGmm():gmm-init-model.cc:83) Very small count for state 791: 68; corresponding phone list: 9 
WARNING (gmm-init-model[5.5.1047~1-09a63]:InitAmGmm():gmm-init-model.cc:83) Very small count for state 800: 63; corresponding phone list: 237 
WARNING (gmm-init-model[5.5.1047~1-09a63]:InitAmGmm():gmm-init-model.cc:83) Very small count for state 808: 51; corresponding phone list: 129 
WARNING (gmm-init-model[5.5.1047~1-09a63]:InitAmGmm():gmm-init-model.cc:83) Very small count for state 812: 94; corresponding phone list: 7 
WARNING (gmm-init-model[5.5.1047~1-09a63]:InitAmGmm():gmm-init-model.cc:83) Very small count for state 814: 85; corresponding phone list: 141 
WARNING (gmm-init-model[5.5.1047~1-09a63]:InitAmGmm():gmm-init-model.cc:83) Very small count for state 815: 22; corresponding phone list: 56 
WARNING (gmm-init-model[5.5.1047~1-09a63]:InitAmGmm():gmm-init-model.cc:83) Very small count for state 818: 88; corresponding phone list: 48 
WARNING (gmm-init-model[5.5.1047~1-09a63]:InitAmGmm():gmm-init-model.cc:83) Very small count for state 825: 99; corresponding phone list: 79 
WARNING (gmm-init-model[5.5.1047~1-09a63]:InitAmGmm():gmm-init-model.cc:83) Very small count for state 826: 68; corresponding phone list: 195 
WARNING (gmm-init-model[5.5.1047~1-09a63]:InitAmGmm():gmm-init-model.cc:83) Very small count for state 830: 66; corresponding phone list: 93 
WARNING (gmm-init-model[5.5.1047~1-09a63]:InitAmGmm():gmm-init-model.cc:83) Very small count for state 843: 90; corresponding phone list: 222 
WARNING (gmm-init-model[5.5.1047~1-09a63]:InitAmGmm():gmm-init-model.cc:83) Very small count for state 845: 56; corresponding phone list: 178 
WARNING (gmm-init-model[5.5.1047~1-09a63]:InitAmGmm():gmm-init-model.cc:83) Very small count for state 848: 37; corresponding phone list: 183 
WARNING (gmm-init-model[5.5.1047~1-09a63]:InitAmGmm():gmm-init-model.cc:83) Very small count for state 851: 86; corresponding phone list: 60 
WARNING (gmm-init-model[5.5.1047~1-09a63]:InitAmGmm():gmm-init-model.cc:83) Very small count for state 852: 58; corresponding phone list: 41 
WARNING (gmm-init-model[5.5.1047~1-09a63]:InitAmGmm():gmm-init-model.cc:83) Very small count for state 854: 71; corresponding phone list: 227 
WARNING (gmm-init-model[5.5.1047~1-09a63]:InitAmGmm():gmm-init-model.cc:83) Very small count for state 855: 80; corresponding phone list: 155 
WARNING (gmm-init-model[5.5.1047~1-09a63]:InitAmGmm():gmm-init-model.cc:83) Very small count for state 859: 88; corresponding phone list: 263 
WARNING (gmm-init-model[5.5.1047~1-09a63]:InitAmGmm():gmm-init-model.cc:83) Very small count for state 861: 80; corresponding phone list: 178 
WARNING (gmm-init-model[5.5.1047~1-09a63]:InitAmGmm():gmm-init-model.cc:83) Very small count for state 871: 89; corresponding phone list: 105 
WARNING (gmm-init-model[5.5.1047~1-09a63]:InitAmGmm():gmm-init-model.cc:83) Very small count for state 888: 27; corresponding phone list: 137 
WARNING (gmm-init-model[5.5.1047~1-09a63]:InitAmGmm():gmm-init-model.cc:83) Very small count for state 889: 62; corresponding phone list: 145 
WARNING (gmm-init-model[5.5.1047~1-09a63]:InitAmGmm():gmm-init-model.cc:83) Very small count for state 891: 82; corresponding phone list: 55 
WARNING (gmm-init-model[5.5.1047~1-09a63]:InitAmGmm():gmm-init-model.cc:83) Very small count for state 892: 82; corresponding phone list: 189 
WARNING (gmm-init-model[5.5.1047~1-09a63]:InitAmGmm():gmm-init-model.cc:83) Very small count for state 894: 77; corresponding phone list: 165 
WARNING (gmm-init-model[5.5.1047~1-09a63]:InitAmGmm():gmm-init-model.cc:83) Very small count for state 898: 98; corresponding phone list: 190 
WARNING (gmm-init-model[5.5.1047~1-09a63]:InitAmGmm():gmm-init-model.cc:83) Very small count for state 903: 91; corresponding phone list: 225 
WARNING (gmm-init-model[5.5.1047~1-09a63]:InitAmGmm():gmm-init-model.cc:83) Very small count for state 905: 74; corresponding phone list: 219 
WARNING (gmm-init-model[5.5.1047~1-09a63]:InitAmGmm():gmm-init-model.cc:83) Very small count for state 920: 85; corresponding phone list: 251 
WARNING (gmm-init-model[5.5.1047~1-09a63]:InitAmGmm():gmm-init-model.cc:83) Very small count for state 934: 50; corresponding phone list: 212 
WARNING (gmm-init-model[5.5.1047~1-09a63]:InitAmGmm():gmm-init-model.cc:83) Very small count for state 937: 95; corresponding phone list: 234 
WARNING (gmm-init-model[5.5.1047~1-09a63]:InitAmGmm():gmm-init-model.cc:83) Very small count for state 939: 62; corresponding phone list: 254 
WARNING (gmm-init-model[5.5.1047~1-09a63]:InitAmGmm():gmm-init-model.cc:83) Very small count for state 947: 64; corresponding phone list: 223 
WARNING (gmm-init-model[5.5.1047~1-09a63]:InitAmGmm():gmm-init-model.cc:83) Very small count for state 948: 38; corresponding phone list: 226 
WARNING (gmm-init-model[5.5.1047~1-09a63]:InitAmGmm():gmm-init-model.cc:83) Very small count for state 951: 75; corresponding phone list: 71 
WARNING (gmm-init-model[5.5.1047~1-09a63]:InitAmGmm():gmm-init-model.cc:83) Very small count for state 952: 23; corresponding phone list: 240 
WARNING (gmm-init-model[5.5.1047~1-09a63]:InitAmGmm():gmm-init-model.cc:83) Very small count for state 966: 57; corresponding phone list: 128 
WARNING (gmm-init-model[5.5.1047~1-09a63]:InitAmGmm():gmm-init-model.cc:83) Very small count for state 969: 68; corresponding phone list: 71 
WARNING (gmm-init-model[5.5.1047~1-09a63]:InitAmGmm():gmm-init-model.cc:83) Very small count for state 972: 86; corresponding phone list: 219 
WARNING (gmm-init-model[5.5.1047~1-09a63]:InitAmGmm():gmm-init-model.cc:83) Very small count for state 974: 60; corresponding phone list: 4 
WARNING (gmm-init-model[5.5.1047~1-09a63]:InitAmGmm():gmm-init-model.cc:83) Very small count for state 984: 68; corresponding phone list: 129 
WARNING (gmm-init-model[5.5.1047~1-09a63]:InitAmGmm():gmm-init-model.cc:83) Very small count for state 990: 83; corresponding phone list: 59 
WARNING (gmm-init-model[5.5.1047~1-09a63]:InitAmGmm():gmm-init-model.cc:83) Very small count for state 993: 75; corresponding phone list: 74 
WARNING (gmm-init-model[5.5.1047~1-09a63]:InitAmGmm():gmm-init-model.cc:83) Very small count for state 994: 93; corresponding phone list: 213 
WARNING (gmm-init-model[5.5.1047~1-09a63]:InitAmGmm():gmm-init-model.cc:83) Very small count for state 997: 77; corresponding phone list: 224 
WARNING (gmm-init-model[5.5.1047~1-09a63]:InitAmGmm():gmm-init-model.cc:83) Very small count for state 1015: 18; corresponding phone list: 199 
WARNING (gmm-init-model[5.5.1047~1-09a63]:InitAmGmm():gmm-init-model.cc:83) Very small count for state 1018: 92; corresponding phone list: 33 
WARNING (gmm-init-model[5.5.1047~1-09a63]:InitAmGmm():gmm-init-model.cc:83) Very small count for state 1019: 96; corresponding phone list: 16 
WARNING (gmm-init-model[5.5.1047~1-09a63]:InitAmGmm():gmm-init-model.cc:83) Very small count for state 1027: 49; corresponding phone list: 222 
WARNING (gmm-init-model[5.5.1047~1-09a63]:InitAmGmm():gmm-init-model.cc:83) Very small count for state 1040: 65; corresponding phone list: 58 
WARNING (gmm-init-model[5.5.1047~1-09a63]:InitAmGmm():gmm-init-model.cc:83) Very small count for state 1041: 71; corresponding phone list: 71 
WARNING (gmm-init-model[5.5.1047~1-09a63]:InitAmGmm():gmm-init-model.cc:83) Very small count for state 1042: 94; corresponding phone list: 169 
WARNING (gmm-init-model[5.5.1047~1-09a63]:InitAmGmm():gmm-init-model.cc:83) Very small count for state 1043: 77; corresponding phone list: 150 
WARNING (gmm-init-model[5.5.1047~1-09a63]:InitAmGmm():gmm-init-model.cc:83) Very small count for state 1046: 85; corresponding phone list: 175 
WARNING (gmm-init-model[5.5.1047~1-09a63]:InitAmGmm():gmm-init-model.cc:83) Very small count for state 1048: 79; corresponding phone list: 246 
WARNING (gmm-init-model[5.5.1047~1-09a63]:InitAmGmm():gmm-init-model.cc:83) Very small count for state 1066: 80; corresponding phone list: 148 
WARNING (gmm-init-model[5.5.1047~1-09a63]:InitAmGmm():gmm-init-model.cc:83) Very small count for state 1071: 68; corresponding phone list: 8 
WARNING (gmm-init-model[5.5.1047~1-09a63]:InitAmGmm():gmm-init-model.cc:83) Very small count for state 1080: 67; corresponding phone list: 73 
WARNING (gmm-init-model[5.5.1047~1-09a63]:InitAmGmm():gmm-init-model.cc:83) Very small count for state 1085: 56; corresponding phone list: 70 
WARNING (gmm-init-model[5.5.1047~1-09a63]:InitAmGmm():gmm-init-model.cc:83) Very small count for state 1086: 98; corresponding phone list: 177 
WARNING (gmm-init-model[5.5.1047~1-09a63]:InitAmGmm():gmm-init-model.cc:83) Very small count for state 1088: 57; corresponding phone list: 3 
WARNING (gmm-init-model[5.5.1047~1-09a63]:InitAmGmm():gmm-init-model.cc:83) Very small count for state 1094: 84; corresponding phone list: 6 
WARNING (gmm-init-model[5.5.1047~1-09a63]:InitAmGmm():gmm-init-model.cc:83) Very small count for state 1103: 95; corresponding phone list: 221 
WARNING (gmm-init-model[5.5.1047~1-09a63]:InitAmGmm():gmm-init-model.cc:83) Very small count for state 1104: 70; corresponding phone list: 161 
WARNING (gmm-init-model[5.5.1047~1-09a63]:InitAmGmm():gmm-init-model.cc:83) Very small count for state 1107: 44; corresponding phone list: 78 
WARNING (gmm-init-model[5.5.1047~1-09a63]:InitAmGmm():gmm-init-model.cc:83) Very small count for state 1108: 38; corresponding phone list: 55 
WARNING (gmm-init-model[5.5.1047~1-09a63]:InitAmGmm():gmm-init-model.cc:83) Very small count for state 1114: 61; corresponding phone list: 114 
WARNING (gmm-init-model[5.5.1047~1-09a63]:InitAmGmm():gmm-init-model.cc:83) Very small count for state 1117: 67; corresponding phone list: 149 
WARNING (gmm-init-model[5.5.1047~1-09a63]:InitAmGmm():gmm-init-model.cc:83) Very small count for state 1119: 87; corresponding phone list: 221 
WARNING (gmm-init-model[5.5.1047~1-09a63]:InitAmGmm():gmm-init-model.cc:83) Very small count for state 1137: 42; corresponding phone list: 71 
WARNING (gmm-init-model[5.5.1047~1-09a63]:InitAmGmm():gmm-init-model.cc:83) Very small count for state 1141: 75; corresponding phone list: 222 
WARNING (gmm-init-model[5.5.1047~1-09a63]:InitAmGmm():gmm-init-model.cc:83) Very small count for state 1142: 89; corresponding phone list: 71 
WARNING (gmm-init-model[5.5.1047~1-09a63]:InitAmGmm():gmm-init-model.cc:83) Very small count for state 1150: 75; corresponding phone list: 129 
WARNING (gmm-init-model[5.5.1047~1-09a63]:InitAmGmm():gmm-init-model.cc:83) Very small count for state 1155: 87; corresponding phone list: 192 
WARNING (gmm-init-model[5.5.1047~1-09a63]:InitAmGmm():gmm-init-model.cc:83) Very small count for state 1169: 37; corresponding phone list: 73 
WARNING (gmm-init-model[5.5.1047~1-09a63]:InitAmGmm():gmm-init-model.cc:83) Very small count for state 1188: 55; corresponding phone list: 56 
WARNING (gmm-init-model[5.5.1047~1-09a63]:InitAmGmm():gmm-init-model.cc:83) Very small count for state 1200: 73; corresponding phone list: 35 
WARNING (gmm-init-model[5.5.1047~1-09a63]:InitAmGmm():gmm-init-model.cc:83) Very small count for state 1204: 90; corresponding phone list: 149 
WARNING (gmm-init-model[5.5.1047~1-09a63]:InitAmGmm():gmm-init-model.cc:83) Very small count for state 1206: 95; corresponding phone list: 177 
WARNING (gmm-init-model[5.5.1047~1-09a63]:InitAmGmm():gmm-init-model.cc:83) Very small count for state 1211: 90; corresponding phone list: 38 
WARNING (gmm-init-model[5.5.1047~1-09a63]:InitAmGmm():gmm-init-model.cc:83) Very small count for state 1223: 88; corresponding phone list: 184 
WARNING (gmm-init-model[5.5.1047~1-09a63]:InitAmGmm():gmm-init-model.cc:83) Very small count for state 1240: 42; corresponding phone list: 178 
WARNING (gmm-init-model[5.5.1047~1-09a63]:InitAmGmm():gmm-init-model.cc:83) Very small count for state 1242: 80; corresponding phone list: 228 
WARNING (gmm-init-model[5.5.1047~1-09a63]:InitAmGmm():gmm-init-model.cc:83) Very small count for state 1244: 71; corresponding phone list: 63 
WARNING (gmm-init-model[5.5.1047~1-09a63]:InitAmGmm():gmm-init-model.cc:83) Very small count for state 1251: 80; corresponding phone list: 6 
WARNING (gmm-init-model[5.5.1047~1-09a63]:InitAmGmm():gmm-init-model.cc:83) Very small count for state 1252: 82; corresponding phone list: 231 
WARNING (gmm-init-model[5.5.1047~1-09a63]:InitAmGmm():gmm-init-model.cc:83) Very small count for state 1256: 68; corresponding phone list: 211 
WARNING (gmm-init-model[5.5.1047~1-09a63]:InitAmGmm():gmm-init-model.cc:83) Very small count for state 1280: 51; corresponding phone list: 215 
WARNING (gmm-init-model[5.5.1047~1-09a63]:InitAmGmm():gmm-init-model.cc:83) Very small count for state 1281: 76; corresponding phone list: 202 
WARNING (gmm-init-model[5.5.1047~1-09a63]:InitAmGmm():gmm-init-model.cc:83) Very small count for state 1285: 89; corresponding phone list: 229 
WARNING (gmm-init-model[5.5.1047~1-09a63]:InitAmGmm():gmm-init-model.cc:83) Very small count for state 1295: 79; corresponding phone list: 2 
WARNING (gmm-init-model[5.5.1047~1-09a63]:InitAmGmm():gmm-init-model.cc:83) Very small count for state 1304: 84; corresponding phone list: 12 
WARNING (gmm-init-model[5.5.1047~1-09a63]:InitAmGmm():gmm-init-model.cc:83) Very small count for state 1311: 91; corresponding phone list: 183 
WARNING (gmm-init-model[5.5.1047~1-09a63]:InitAmGmm():gmm-init-model.cc:83) Very small count for state 1314: 86; corresponding phone list: 91 
WARNING (gmm-init-model[5.5.1047~1-09a63]:InitAmGmm():gmm-init-model.cc:83) Very small count for state 1320: 74; corresponding phone list: 248 
WARNING (gmm-init-model[5.5.1047~1-09a63]:InitAmGmm():gmm-init-model.cc:83) Very small count for state 1323: 99; corresponding phone list: 222 
WARNING (gmm-init-model[5.5.1047~1-09a63]:InitAmGmm():gmm-init-model.cc:83) Very small count for state 1326: 97; corresponding phone list: 191 
WARNING (gmm-init-model[5.5.1047~1-09a63]:InitAmGmm():gmm-init-model.cc:83) Very small count for state 1327: 53; corresponding phone list: 179 
WARNING (gmm-init-model[5.5.1047~1-09a63]:InitAmGmm():gmm-init-model.cc:83) Very small count for state 1334: 77; corresponding phone list: 34 
WARNING (gmm-init-model[5.5.1047~1-09a63]:InitAmGmm():gmm-init-model.cc:83) Very small count for state 1341: 98; corresponding phone list: 55 
WARNING (gmm-init-model[5.5.1047~1-09a63]:InitAmGmm():gmm-init-model.cc:83) Very small count for state 1352: 98; corresponding phone list: 251 
WARNING (gmm-init-model[5.5.1047~1-09a63]:InitAmGmm():gmm-init-model.cc:83) Very small count for state 1363: 90; corresponding phone list: 156 
WARNING (gmm-init-model[5.5.1047~1-09a63]:InitAmGmm():gmm-init-model.cc:83) Very small count for state 1374: 27; corresponding phone list: 106 
WARNING (gmm-init-model[5.5.1047~1-09a63]:InitAmGmm():gmm-init-model.cc:83) Very small count for state 1375: 71; corresponding phone list: 140 
WARNING (gmm-init-model[5.5.1047~1-09a63]:InitAmGmm():gmm-init-model.cc:83) Very small count for state 1378: 67; corresponding phone list: 47 
WARNING (gmm-init-model[5.5.1047~1-09a63]:InitAmGmm():gmm-init-model.cc:83) Very small count for state 1379: 16; corresponding phone list: 7 
WARNING (gmm-init-model[5.5.1047~1-09a63]:InitAmGmm():gmm-init-model.cc:83) Very small count for state 1397: 78; corresponding phone list: 74 
WARNING (gmm-init-model[5.5.1047~1-09a63]:InitAmGmm():gmm-init-model.cc:83) Very small count for state 1399: 99; corresponding phone list: 221 
WARNING (gmm-init-model[5.5.1047~1-09a63]:InitAmGmm():gmm-init-model.cc:83) Very small count for state 1405: 96; corresponding phone list: 237 
WARNING (gmm-init-model[5.5.1047~1-09a63]:InitAmGmm():gmm-init-model.cc:83) Very small count for state 1409: 66; corresponding phone list: 56 
WARNING (gmm-init-model[5.5.1047~1-09a63]:InitAmGmm():gmm-init-model.cc:83) Very small count for state 1416: 45; corresponding phone list: 232 
WARNING (gmm-init-model[5.5.1047~1-09a63]:InitAmGmm():gmm-init-model.cc:83) Very small count for state 1422: 97; corresponding phone list: 215 
WARNING (gmm-init-model[5.5.1047~1-09a63]:InitAmGmm():gmm-init-model.cc:83) Very small count for state 1447: 80; corresponding phone list: 158 
WARNING (gmm-init-model[5.5.1047~1-09a63]:InitAmGmm():gmm-init-model.cc:83) Very small count for state 1459: 90; corresponding phone list: 133 
WARNING (gmm-init-model[5.5.1047~1-09a63]:InitAmGmm():gmm-init-model.cc:83) Very small count for state 1467: 90; corresponding phone list: 104 
WARNING (gmm-init-model[5.5.1047~1-09a63]:InitAmGmm():gmm-init-model.cc:83) Very small count for state 1469: 83; corresponding phone list: 71 
WARNING (gmm-init-model[5.5.1047~1-09a63]:InitAmGmm():gmm-init-model.cc:83) Very small count for state 1475: 44; corresponding phone list: 147 
WARNING (gmm-init-model[5.5.1047~1-09a63]:InitAmGmm():gmm-init-model.cc:83) Very small count for state 1480: 79; corresponding phone list: 76 
WARNING (gmm-init-model[5.5.1047~1-09a63]:InitAmGmm():gmm-init-model.cc:83) Very small count for state 1495: 42; corresponding phone list: 229 
WARNING (gmm-init-model[5.5.1047~1-09a63]:InitAmGmm():gmm-init-model.cc:83) Very small count for state 1499: 81; corresponding phone list: 271 
WARNING (gmm-init-model[5.5.1047~1-09a63]:InitAmGmm():gmm-init-model.cc:83) Very small count for state 1508: 78; corresponding phone list: 183 
WARNING (gmm-init-model[5.5.1047~1-09a63]:InitAmGmm():gmm-init-model.cc:83) Very small count for state 1518: 70; corresponding phone list: 128 
WARNING (gmm-init-model[5.5.1047~1-09a63]:InitAmGmm():gmm-init-model.cc:83) Very small count for state 1520: 97; corresponding phone list: 185 
WARNING (gmm-init-model[5.5.1047~1-09a63]:InitAmGmm():gmm-init-model.cc:83) Very small count for state 1522: 77; corresponding phone list: 71 
WARNING (gmm-init-model[5.5.1047~1-09a63]:InitAmGmm():gmm-init-model.cc:83) Very small count for state 1543: 82; corresponding phone list: 152 
WARNING (gmm-init-model[5.5.1047~1-09a63]:InitAmGmm():gmm-init-model.cc:83) Very small count for state 1558: 97; corresponding phone list: 112 
WARNING (gmm-init-model[5.5.1047~1-09a63]:InitAmGmm():gmm-init-model.cc:83) Very small count for state 1561: 89; corresponding phone list: 71 
WARNING (gmm-init-model[5.5.1047~1-09a63]:InitAmGmm():gmm-init-model.cc:83) Very small count for state 1566: 39; corresponding phone list: 232 
WARNING (gmm-init-model[5.5.1047~1-09a63]:InitAmGmm():gmm-init-model.cc:83) Very small count for state 1569: 79; corresponding phone list: 226 
WARNING (gmm-init-model[5.5.1047~1-09a63]:InitAmGmm():gmm-init-model.cc:83) Very small count for state 1578: 48; corresponding phone list: 55 
WARNING (gmm-init-model[5.5.1047~1-09a63]:InitAmGmm():gmm-init-model.cc:83) Very small count for state 1582: 56; corresponding phone list: 165 
WARNING (gmm-init-model[5.5.1047~1-09a63]:InitAmGmm():gmm-init-model.cc:83) Very small count for state 1619: 53; corresponding phone list: 248 
WARNING (gmm-init-model[5.5.1047~1-09a63]:InitAmGmm():gmm-init-model.cc:83) Very small count for state 1632: 93; corresponding phone list: 163 
WARNING (gmm-init-model[5.5.1047~1-09a63]:InitAmGmm():gmm-init-model.cc:83) Very small count for state 1642: 30; corresponding phone list: 246 
WARNING (gmm-init-model[5.5.1047~1-09a63]:InitAmGmm():gmm-init-model.cc:83) Very small count for state 1651: 74; corresponding phone list: 63 
WARNING (gmm-init-model[5.5.1047~1-09a63]:InitAmGmm():gmm-init-model.cc:83) Very small count for state 1652: 78; corresponding phone list: 257 
WARNING (gmm-init-model[5.5.1047~1-09a63]:InitAmGmm():gmm-init-model.cc:83) Very small count for state 1657: 84; corresponding phone list: 172 
WARNING (gmm-init-model[5.5.1047~1-09a63]:InitAmGmm():gmm-init-model.cc:83) Very small count for state 1658: 65; corresponding phone list: 6 
WARNING (gmm-init-model[5.5.1047~1-09a63]:InitAmGmm():gmm-init-model.cc:83) Very small count for state 1659: 18; corresponding phone list: 100 
WARNING (gmm-init-model[5.5.1047~1-09a63]:InitAmGmm():gmm-init-model.cc:83) Very small count for state 1662: 23; corresponding phone list: 230 
WARNING (gmm-init-model[5.5.1047~1-09a63]:InitAmGmm():gmm-init-model.cc:83) Very small count for state 1677: 80; corresponding phone list: 280 
WARNING (gmm-init-model[5.5.1047~1-09a63]:InitAmGmm():gmm-init-model.cc:83) Very small count for state 1681: 73; corresponding phone list: 216 
WARNING (gmm-init-model[5.5.1047~1-09a63]:InitAmGmm():gmm-init-model.cc:83) Very small count for state 1682: 75; corresponding phone list: 232 
WARNING (gmm-init-model[5.5.1047~1-09a63]:InitAmGmm():gmm-init-model.cc:83) Very small count for state 1685: 96; corresponding phone list: 27 
WARNING (gmm-init-model[5.5.1047~1-09a63]:InitAmGmm():gmm-init-model.cc:83) Very small count for state 1699: 30; corresponding phone list: 226 
WARNING (gmm-init-model[5.5.1047~1-09a63]:InitAmGmm():gmm-init-model.cc:83) Very small count for state 1706: 82; corresponding phone list: 227 
WARNING (gmm-init-model[5.5.1047~1-09a63]:InitAmGmm():gmm-init-model.cc:83) Very small count for state 1708: 94; corresponding phone list: 260 
WARNING (gmm-init-model[5.5.1047~1-09a63]:InitAmGmm():gmm-init-model.cc:83) Very small count for state 1712: 88; corresponding phone list: 115 
WARNING (gmm-init-model[5.5.1047~1-09a63]:InitAmGmm():gmm-init-model.cc:83) Very small count for state 1716: 94; corresponding phone list: 228 
WARNING (gmm-init-model[5.5.1047~1-09a63]:InitAmGmm():gmm-init-model.cc:83) Very small count for state 1720: 69; corresponding phone list: 148 
WARNING (gmm-init-model[5.5.1047~1-09a63]:InitAmGmm():gmm-init-model.cc:83) Very small count for state 1726: 63; corresponding phone list: 215 
WARNING (gmm-init-model[5.5.1047~1-09a63]:InitAmGmm():gmm-init-model.cc:83) Very small count for state 1730: 88; corresponding phone list: 192 
WARNING (gmm-init-model[5.5.1047~1-09a63]:InitAmGmm():gmm-init-model.cc:83) Very small count for state 1736: 97; corresponding phone list: 154 
WARNING (gmm-init-model[5.5.1047~1-09a63]:InitAmGmm():gmm-init-model.cc:83) Very small count for state 1737: 73; corresponding phone list: 28 
WARNING (gmm-init-model[5.5.1047~1-09a63]:InitAmGmm():gmm-init-model.cc:83) Very small count for state 1744: 80; corresponding phone list: 178 
WARNING (gmm-init-model[5.5.1047~1-09a63]:InitAmGmm():gmm-init-model.cc:83) Very small count for state 1749: 66; corresponding phone list: 120 
WARNING (gmm-init-model[5.5.1047~1-09a63]:InitAmGmm():gmm-init-model.cc:83) Very small count for state 1762: 78; corresponding phone list: 3 
WARNING (gmm-init-model[5.5.1047~1-09a63]:InitAmGmm():gmm-init-model.cc:83) Very small count for state 1763: 25; corresponding phone list: 74 
WARNING (gmm-init-model[5.5.1047~1-09a63]:InitAmGmm():gmm-init-model.cc:83) Very small count for state 1777: 67; corresponding phone list: 98 
WARNING (gmm-init-model[5.5.1047~1-09a63]:InitAmGmm():gmm-init-model.cc:83) Very small count for state 1780: 70; corresponding phone list: 192 
WARNING (gmm-init-model[5.5.1047~1-09a63]:InitAmGmm():gmm-init-model.cc:83) Very small count for state 1792: 98; corresponding phone list: 127 
WARNING (gmm-init-model[5.5.1047~1-09a63]:InitAmGmm():gmm-init-model.cc:83) Very small count for state 1800: 75; corresponding phone list: 169 
WARNING (gmm-init-model[5.5.1047~1-09a63]:InitAmGmm():gmm-init-model.cc:83) Very small count for state 1809: 28; corresponding phone list: 6 
WARNING (gmm-init-model[5.5.1047~1-09a63]:InitAmGmm():gmm-init-model.cc:83) Very small count for state 1810: 83; corresponding phone list: 105 
WARNING (gmm-init-model[5.5.1047~1-09a63]:InitAmGmm():gmm-init-model.cc:83) Very small count for state 1815: 68; corresponding phone list: 120 
WARNING (gmm-init-model[5.5.1047~1-09a63]:InitAmGmm():gmm-init-model.cc:83) Very small count for state 1824: 87; corresponding phone list: 113 
WARNING (gmm-init-model[5.5.1047~1-09a63]:InitAmGmm():gmm-init-model.cc:83) Very small count for state 1828: 57; corresponding phone list: 149 
WARNING (gmm-init-model[5.5.1047~1-09a63]:InitAmGmm():gmm-init-model.cc:83) Very small count for state 1829: 72; corresponding phone list: 186 
WARNING (gmm-init-model[5.5.1047~1-09a63]:InitAmGmm():gmm-init-model.cc:83) Very small count for state 1844: 57; corresponding phone list: 52 
WARNING (gmm-init-model[5.5.1047~1-09a63]:InitAmGmm():gmm-init-model.cc:83) Very small count for state 1852: 42; corresponding phone list: 143 
WARNING (gmm-init-model[5.5.1047~1-09a63]:InitAmGmm():gmm-init-model.cc:83) Very small count for state 1856: 73; corresponding phone list: 196 
WARNING (gmm-init-model[5.5.1047~1-09a63]:InitAmGmm():gmm-init-model.cc:83) Very small count for state 1861: 90; corresponding phone list: 249 
WARNING (gmm-init-model[5.5.1047~1-09a63]:InitAmGmm():gmm-init-model.cc:83) Very small count for state 1862: 70; corresponding phone list: 173 
WARNING (gmm-init-model[5.5.1047~1-09a63]:InitAmGmm():gmm-init-model.cc:83) Very small count for state 1866: 55; corresponding phone list: 211 
WARNING (gmm-init-model[5.5.1047~1-09a63]:InitAmGmm():gmm-init-model.cc:83) Very small count for state 1878: 70; corresponding phone list: 178 
WARNING (gmm-init-model[5.5.1047~1-09a63]:InitAmGmm():gmm-init-model.cc:83) Very small count for state 1892: 64; corresponding phone list: 126 
WARNING (gmm-init-model[5.5.1047~1-09a63]:InitAmGmm():gmm-init-model.cc:83) Very small count for state 1898: 35; corresponding phone list: 180 
WARNING (gmm-init-model[5.5.1047~1-09a63]:InitAmGmm():gmm-init-model.cc:83) Very small count for state 1899: 94; corresponding phone list: 258 
WARNING (gmm-init-model[5.5.1047~1-09a63]:InitAmGmm():gmm-init-model.cc:83) Very small count for state 1900: 36; corresponding phone list: 66 
WARNING (gmm-init-model[5.5.1047~1-09a63]:InitAmGmm():gmm-init-model.cc:83) Very small count for state 1904: 94; corresponding phone list: 28 
WARNING (gmm-init-model[5.5.1047~1-09a63]:InitAmGmm():gmm-init-model.cc:83) Very small count for state 1908: 79; corresponding phone list: 135 
WARNING (gmm-init-model[5.5.1047~1-09a63]:InitAmGmm():gmm-init-model.cc:83) Very small count for state 1914: 17; corresponding phone list: 18 
WARNING (gmm-init-model[5.5.1047~1-09a63]:InitAmGmm():gmm-init-model.cc:83) Very small count for state 1928: 34; corresponding phone list: 159 
WARNING (gmm-init-model[5.5.1047~1-09a63]:InitAmGmm():gmm-init-model.cc:83) Very small count for state 1930: 70; corresponding phone list: 16 
WARNING (gmm-init-model[5.5.1047~1-09a63]:InitAmGmm():gmm-init-model.cc:83) Very small count for state 1935: 98; corresponding phone list: 41 
WARNING (gmm-init-model[5.5.1047~1-09a63]:InitAmGmm():gmm-init-model.cc:83) Very small count for state 1941: 39; corresponding phone list: 88 
WARNING (gmm-init-model[5.5.1047~1-09a63]:InitAmGmm():gmm-init-model.cc:83) Very small count for state 1946: 49; corresponding phone list: 128 
WARNING (gmm-init-model[5.5.1047~1-09a63]:InitAmGmm():gmm-init-model.cc:83) Very small count for state 1954: 31; corresponding phone list: 199 
WARNING (gmm-init-model[5.5.1047~1-09a63]:InitAmGmm():gmm-init-model.cc:83) Very small count for state 1959: 60; corresponding phone list: 170 
WARNING (gmm-init-model[5.5.1047~1-09a63]:InitAmGmm():gmm-init-model.cc:83) Very small count for state 1961: 64; corresponding phone list: 8 
WARNING (gmm-init-model[5.5.1047~1-09a63]:InitAmGmm():gmm-init-model.cc:83) Very small count for state 1962: 44; corresponding phone list: 14 
WARNING (gmm-init-model[5.5.1047~1-09a63]:InitAmGmm():gmm-init-model.cc:83) Very small count for state 1965: 48; corresponding phone list: 33 
WARNING (gmm-init-model[5.5.1047~1-09a63]:InitAmGmm():gmm-init-model.cc:83) Very small count for state 1967: 41; corresponding phone list: 254 
LOG (gmm-init-model[5.5.1047~1-09a63]:main():gmm-init-model.cc:306) Wrote model.
# Accounting: time=0 threads=1
# Ended (code 0) at Sun Sep 25 13:09:33 CST 2022, elapsed time 0 seconds
