# gmm-est --mix-up=20000 --power=0.25 --write-occs=exp/tri1/29.occs exp/tri1/28.mdl "gmm-sum-accs - exp/tri1/28.*.acc |" exp/tri1/29.mdl 
# Started at Sun Sep 25 13:10:10 CST 2022
#
gmm-est --mix-up=20000 --power=0.25 --write-occs=exp/tri1/29.occs exp/tri1/28.mdl 'gmm-sum-accs - exp/tri1/28.*.acc |' exp/tri1/29.mdl 
gmm-sum-accs - exp/tri1/28.1.acc 
LOG (gmm-sum-accs[5.5.1047~1-09a63]:main():gmm-sum-accs.cc:63) Summed 1 stats, total count 789131, avg like/frame -76.8953
LOG (gmm-sum-accs[5.5.1047~1-09a63]:main():gmm-sum-accs.cc:66) Total count of stats is 789131
LOG (gmm-sum-accs[5.5.1047~1-09a63]:main():gmm-sum-accs.cc:67) Written stats to -
LOG (gmm-est[5.5.1047~1-09a63]:MleUpdate():transition-model.cc:528) TransitionModel::Update, objf change is 0 per frame over 789131 frames. 
LOG (gmm-est[5.5.1047~1-09a63]:MleUpdate():transition-model.cc:531) 77 probabilities floored, 107 out of 2138 transition-states skipped due to insuffient data (it is normal to have some skipped.)
LOG (gmm-est[5.5.1047~1-09a63]:main():gmm-est.cc:102) Transition model update: Overall 0 log-like improvement per frame over 789131 frames.
WARNING (gmm-est[5.5.1047~1-09a63]:MleDiagGmmUpdate():mle-diag-gmm.cc:365) Gaussian has too little data but not removing it because it is the last Gaussian: i = 0, occ = 0, weight = 1
WARNING (gmm-est[5.5.1047~1-09a63]:MleDiagGmmUpdate():mle-diag-gmm.cc:365) Gaussian has too little data but not removing it because it is the last Gaussian: i = 0, occ = 10, weight = 1
WARNING (gmm-est[5.5.1047~1-09a63]:MleDiagGmmUpdate():mle-diag-gmm.cc:365) Gaussian has too little data but not removing it because it is the last Gaussian: i = 0, occ = 9, weight = 1
WARNING (gmm-est[5.5.1047~1-09a63]:MleDiagGmmUpdate():mle-diag-gmm.cc:365) Gaussian has too little data but not removing it because it is the last Gaussian: i = 0, occ = 7, weight = 1
WARNING (gmm-est[5.5.1047~1-09a63]:MleDiagGmmUpdate():mle-diag-gmm.cc:359) Too little data - removing Gaussian (weight 0.028232, occupation count 9.796617, vector size 48)
WARNING (gmm-est[5.5.1047~1-09a63]:MleDiagGmmUpdate():mle-diag-gmm.cc:365) Gaussian has too little data but not removing it because it is the last Gaussian: i = 0, occ = 6, weight = 1
WARNING (gmm-est[5.5.1047~1-09a63]:MleDiagGmmUpdate():mle-diag-gmm.cc:365) Gaussian has too little data but not removing it because it is the last Gaussian: i = 0, occ = 6, weight = 1
WARNING (gmm-est[5.5.1047~1-09a63]:MleDiagGmmUpdate():mle-diag-gmm.cc:365) Gaussian has too little data but not removing it because it is the last Gaussian: i = 0, occ = 8, weight = 1
WARNING (gmm-est[5.5.1047~1-09a63]:MleDiagGmmUpdate():mle-diag-gmm.cc:365) Gaussian has too little data but not removing it because it is the last Gaussian: i = 0, occ = 0, weight = 1
WARNING (gmm-est[5.5.1047~1-09a63]:MleDiagGmmUpdate():mle-diag-gmm.cc:365) Gaussian has too little data but not removing it because it is the last Gaussian: i = 0, occ = 3, weight = 1
WARNING (gmm-est[5.5.1047~1-09a63]:MleDiagGmmUpdate():mle-diag-gmm.cc:365) Gaussian has too little data but not removing it because it is the last Gaussian: i = 0, occ = 6, weight = 1
WARNING (gmm-est[5.5.1047~1-09a63]:MleDiagGmmUpdate():mle-diag-gmm.cc:365) Gaussian has too little data but not removing it because it is the last Gaussian: i = 0, occ = 10, weight = 1
WARNING (gmm-est[5.5.1047~1-09a63]:MleDiagGmmUpdate():mle-diag-gmm.cc:365) Gaussian has too little data but not removing it because it is the last Gaussian: i = 0, occ = 0, weight = 1
WARNING (gmm-est[5.5.1047~1-09a63]:MleDiagGmmUpdate():mle-diag-gmm.cc:359) Too little data - removing Gaussian (weight 0.057947, occupation count 9.271529, vector size 48)
WARNING (gmm-est[5.5.1047~1-09a63]:MleDiagGmmUpdate():mle-diag-gmm.cc:365) Gaussian has too little data but not removing it because it is the last Gaussian: i = 0, occ = 0, weight = 1
WARNING (gmm-est[5.5.1047~1-09a63]:MleDiagGmmUpdate():mle-diag-gmm.cc:365) Gaussian has too little data but not removing it because it is the last Gaussian: i = 0, occ = 10, weight = 1
WARNING (gmm-est[5.5.1047~1-09a63]:MleDiagGmmUpdate():mle-diag-gmm.cc:365) Gaussian has too little data but not removing it because it is the last Gaussian: i = 0, occ = 0, weight = 1
WARNING (gmm-est[5.5.1047~1-09a63]:MleDiagGmmUpdate():mle-diag-gmm.cc:365) Gaussian has too little data but not removing it because it is the last Gaussian: i = 0, occ = 6, weight = 1
WARNING (gmm-est[5.5.1047~1-09a63]:MleDiagGmmUpdate():mle-diag-gmm.cc:365) Gaussian has too little data but not removing it because it is the last Gaussian: i = 0, occ = 5, weight = 1
WARNING (gmm-est[5.5.1047~1-09a63]:MleDiagGmmUpdate():mle-diag-gmm.cc:365) Gaussian has too little data but not removing it because it is the last Gaussian: i = 0, occ = 10, weight = 1
WARNING (gmm-est[5.5.1047~1-09a63]:MleDiagGmmUpdate():mle-diag-gmm.cc:365) Gaussian has too little data but not removing it because it is the last Gaussian: i = 0, occ = 0, weight = 1
WARNING (gmm-est[5.5.1047~1-09a63]:MleDiagGmmUpdate():mle-diag-gmm.cc:365) Gaussian has too little data but not removing it because it is the last Gaussian: i = 0, occ = 8, weight = 1
WARNING (gmm-est[5.5.1047~1-09a63]:MleDiagGmmUpdate():mle-diag-gmm.cc:365) Gaussian has too little data but not removing it because it is the last Gaussian: i = 0, occ = 6, weight = 1
WARNING (gmm-est[5.5.1047~1-09a63]:MleDiagGmmUpdate():mle-diag-gmm.cc:365) Gaussian has too little data but not removing it because it is the last Gaussian: i = 0, occ = 6, weight = 1
WARNING (gmm-est[5.5.1047~1-09a63]:MleDiagGmmUpdate():mle-diag-gmm.cc:365) Gaussian has too little data but not removing it because it is the last Gaussian: i = 0, occ = 3, weight = 1
WARNING (gmm-est[5.5.1047~1-09a63]:MleDiagGmmUpdate():mle-diag-gmm.cc:359) Too little data - removing Gaussian (weight 0.028587, occupation count 8.118593, vector size 48)
WARNING (gmm-est[5.5.1047~1-09a63]:MleDiagGmmUpdate():mle-diag-gmm.cc:359) Too little data - removing Gaussian (weight 0.047821, occupation count 9.707578, vector size 48)
WARNING (gmm-est[5.5.1047~1-09a63]:MleDiagGmmUpdate():mle-diag-gmm.cc:359) Too little data - removing Gaussian (weight 0.060961, occupation count 9.997629, vector size 48)
WARNING (gmm-est[5.5.1047~1-09a63]:MleDiagGmmUpdate():mle-diag-gmm.cc:359) Too little data - removing Gaussian (weight 0.060348, occupation count 9.112590, vector size 48)
WARNING (gmm-est[5.5.1047~1-09a63]:MleDiagGmmUpdate():mle-diag-gmm.cc:359) Too little data - removing Gaussian (weight 0.039131, occupation count 9.743520, vector size 48)
WARNING (gmm-est[5.5.1047~1-09a63]:MleDiagGmmUpdate():mle-diag-gmm.cc:359) Too little data - removing Gaussian (weight 0.047122, occupation count 9.942677, vector size 48)
WARNING (gmm-est[5.5.1047~1-09a63]:MleDiagGmmUpdate():mle-diag-gmm.cc:359) Too little data - removing Gaussian (weight 0.036110, occupation count 9.027417, vector size 48)
WARNING (gmm-est[5.5.1047~1-09a63]:MleDiagGmmUpdate():mle-diag-gmm.cc:359) Too little data - removing Gaussian (weight 0.027523, occupation count 9.000001, vector size 48)
WARNING (gmm-est[5.5.1047~1-09a63]:MleDiagGmmUpdate():mle-diag-gmm.cc:359) Too little data - removing Gaussian (weight 0.035930, occupation count 9.090210, vector size 48)
WARNING (gmm-est[5.5.1047~1-09a63]:MleDiagGmmUpdate():mle-diag-gmm.cc:359) Too little data - removing Gaussian (weight 0.049129, occupation count 9.236224, vector size 48)
WARNING (gmm-est[5.5.1047~1-09a63]:MleDiagGmmUpdate():mle-diag-gmm.cc:359) Too little data - removing Gaussian (weight 0.050486, occupation count 9.996220, vector size 48)
WARNING (gmm-est[5.5.1047~1-09a63]:MleDiagGmmUpdate():mle-diag-gmm.cc:359) Too little data - removing Gaussian (weight 0.029502, occupation count 8.083649, vector size 48)
LOG (gmm-est[5.5.1047~1-09a63]:MleAmDiagGmmUpdate():mle-am-diag-gmm.cc:225) 87475 variance elements floored in 19969 Gaussians, out of 20015
LOG (gmm-est[5.5.1047~1-09a63]:MleAmDiagGmmUpdate():mle-am-diag-gmm.cc:229) Removed 14 Gaussians due to counts < --min-gaussian-occupancy=10 and --remove-low-count-gaussians=true
LOG (gmm-est[5.5.1047~1-09a63]:main():gmm-est.cc:113) GMM update: Overall 0.113159 objective function improvement per frame over 789131 frames
LOG (gmm-est[5.5.1047~1-09a63]:main():gmm-est.cc:116) GMM update: Overall avg like per frame = -76.8953 over 789131 frames.
LOG (gmm-est[5.5.1047~1-09a63]:SplitByCount():am-diag-gmm.cc:116) Split 1968 states with target = 20000, power = 0.25, perturb_factor = 0.01 and min_count = 20, split #Gauss from 20015 to 20028
LOG (gmm-est[5.5.1047~1-09a63]:main():gmm-est.cc:146) Written model to exp/tri1/29.mdl
# Accounting: time=0 threads=1
# Ended (code 0) at Sun Sep 25 13:10:10 CST 2022, elapsed time 0 seconds
