# gmm-est --mix-up=20000 --power=0.25 --write-occs=exp/tri1/32.occs exp/tri1/31.mdl "gmm-sum-accs - exp/tri1/31.*.acc |" exp/tri1/32.mdl 
# Started at Sun Sep 25 13:10:19 CST 2022
#
gmm-est --mix-up=20000 --power=0.25 --write-occs=exp/tri1/32.occs exp/tri1/31.mdl 'gmm-sum-accs - exp/tri1/31.*.acc |' exp/tri1/32.mdl 
gmm-sum-accs - exp/tri1/31.1.acc 
LOG (gmm-sum-accs[5.5.1047~1-09a63]:main():gmm-sum-accs.cc:63) Summed 1 stats, total count 788393, avg like/frame -76.3668
LOG (gmm-sum-accs[5.5.1047~1-09a63]:main():gmm-sum-accs.cc:66) Total count of stats is 788393
LOG (gmm-sum-accs[5.5.1047~1-09a63]:main():gmm-sum-accs.cc:67) Written stats to -
LOG (gmm-est[5.5.1047~1-09a63]:MleUpdate():transition-model.cc:528) TransitionModel::Update, objf change is 0 per frame over 788393 frames. 
LOG (gmm-est[5.5.1047~1-09a63]:MleUpdate():transition-model.cc:531) 77 probabilities floored, 107 out of 2138 transition-states skipped due to insuffient data (it is normal to have some skipped.)
LOG (gmm-est[5.5.1047~1-09a63]:main():gmm-est.cc:102) Transition model update: Overall 0 log-like improvement per frame over 788393 frames.
WARNING (gmm-est[5.5.1047~1-09a63]:MleDiagGmmUpdate():mle-diag-gmm.cc:365) Gaussian has too little data but not removing it because it is the last Gaussian: i = 0, occ = 0, weight = 1
WARNING (gmm-est[5.5.1047~1-09a63]:MleDiagGmmUpdate():mle-diag-gmm.cc:365) Gaussian has too little data but not removing it because it is the last Gaussian: i = 0, occ = 10, weight = 1
WARNING (gmm-est[5.5.1047~1-09a63]:MleDiagGmmUpdate():mle-diag-gmm.cc:365) Gaussian has too little data but not removing it because it is the last Gaussian: i = 0, occ = 9, weight = 1
WARNING (gmm-est[5.5.1047~1-09a63]:MleDiagGmmUpdate():mle-diag-gmm.cc:365) Gaussian has too little data but not removing it because it is the last Gaussian: i = 0, occ = 7, weight = 1
WARNING (gmm-est[5.5.1047~1-09a63]:MleDiagGmmUpdate():mle-diag-gmm.cc:365) Gaussian has too little data but not removing it because it is the last Gaussian: i = 0, occ = 6, weight = 1
WARNING (gmm-est[5.5.1047~1-09a63]:MleDiagGmmUpdate():mle-diag-gmm.cc:365) Gaussian has too little data but not removing it because it is the last Gaussian: i = 0, occ = 6, weight = 1
WARNING (gmm-est[5.5.1047~1-09a63]:MleDiagGmmUpdate():mle-diag-gmm.cc:365) Gaussian has too little data but not removing it because it is the last Gaussian: i = 0, occ = 8, weight = 1
WARNING (gmm-est[5.5.1047~1-09a63]:MleDiagGmmUpdate():mle-diag-gmm.cc:365) Gaussian has too little data but not removing it because it is the last Gaussian: i = 0, occ = 0, weight = 1
WARNING (gmm-est[5.5.1047~1-09a63]:MleDiagGmmUpdate():mle-diag-gmm.cc:365) Gaussian has too little data but not removing it because it is the last Gaussian: i = 0, occ = 3, weight = 1
WARNING (gmm-est[5.5.1047~1-09a63]:MleDiagGmmUpdate():mle-diag-gmm.cc:359) Too little data - removing Gaussian (weight 0.034359, occupation count 9.998512, vector size 48)
WARNING (gmm-est[5.5.1047~1-09a63]:MleDiagGmmUpdate():mle-diag-gmm.cc:365) Gaussian has too little data but not removing it because it is the last Gaussian: i = 0, occ = 6, weight = 1
WARNING (gmm-est[5.5.1047~1-09a63]:MleDiagGmmUpdate():mle-diag-gmm.cc:365) Gaussian has too little data but not removing it because it is the last Gaussian: i = 0, occ = 10, weight = 1
WARNING (gmm-est[5.5.1047~1-09a63]:MleDiagGmmUpdate():mle-diag-gmm.cc:365) Gaussian has too little data but not removing it because it is the last Gaussian: i = 0, occ = 0, weight = 1
WARNING (gmm-est[5.5.1047~1-09a63]:MleDiagGmmUpdate():mle-diag-gmm.cc:365) Gaussian has too little data but not removing it because it is the last Gaussian: i = 0, occ = 0, weight = 1
WARNING (gmm-est[5.5.1047~1-09a63]:MleDiagGmmUpdate():mle-diag-gmm.cc:365) Gaussian has too little data but not removing it because it is the last Gaussian: i = 0, occ = 10, weight = 1
WARNING (gmm-est[5.5.1047~1-09a63]:MleDiagGmmUpdate():mle-diag-gmm.cc:365) Gaussian has too little data but not removing it because it is the last Gaussian: i = 0, occ = 0, weight = 1
WARNING (gmm-est[5.5.1047~1-09a63]:MleDiagGmmUpdate():mle-diag-gmm.cc:365) Gaussian has too little data but not removing it because it is the last Gaussian: i = 0, occ = 6, weight = 1
WARNING (gmm-est[5.5.1047~1-09a63]:MleDiagGmmUpdate():mle-diag-gmm.cc:365) Gaussian has too little data but not removing it because it is the last Gaussian: i = 0, occ = 5, weight = 1
WARNING (gmm-est[5.5.1047~1-09a63]:MleDiagGmmUpdate():mle-diag-gmm.cc:365) Gaussian has too little data but not removing it because it is the last Gaussian: i = 0, occ = 10, weight = 1
WARNING (gmm-est[5.5.1047~1-09a63]:MleDiagGmmUpdate():mle-diag-gmm.cc:365) Gaussian has too little data but not removing it because it is the last Gaussian: i = 0, occ = 0, weight = 1
WARNING (gmm-est[5.5.1047~1-09a63]:MleDiagGmmUpdate():mle-diag-gmm.cc:365) Gaussian has too little data but not removing it because it is the last Gaussian: i = 0, occ = 8, weight = 1
WARNING (gmm-est[5.5.1047~1-09a63]:MleDiagGmmUpdate():mle-diag-gmm.cc:365) Gaussian has too little data but not removing it because it is the last Gaussian: i = 0, occ = 6, weight = 1
WARNING (gmm-est[5.5.1047~1-09a63]:MleDiagGmmUpdate():mle-diag-gmm.cc:365) Gaussian has too little data but not removing it because it is the last Gaussian: i = 0, occ = 6, weight = 1
WARNING (gmm-est[5.5.1047~1-09a63]:MleDiagGmmUpdate():mle-diag-gmm.cc:365) Gaussian has too little data but not removing it because it is the last Gaussian: i = 0, occ = 3, weight = 1
WARNING (gmm-est[5.5.1047~1-09a63]:MleDiagGmmUpdate():mle-diag-gmm.cc:359) Too little data - removing Gaussian (weight 0.028701, occupation count 9.270372, vector size 48)
WARNING (gmm-est[5.5.1047~1-09a63]:MleDiagGmmUpdate():mle-diag-gmm.cc:359) Too little data - removing Gaussian (weight 0.059880, occupation count 9.999946, vector size 48)
WARNING (gmm-est[5.5.1047~1-09a63]:MleDiagGmmUpdate():mle-diag-gmm.cc:359) Too little data - removing Gaussian (weight 0.040650, occupation count 10.000000, vector size 48)
WARNING (gmm-est[5.5.1047~1-09a63]:MleDiagGmmUpdate():mle-diag-gmm.cc:359) Too little data - removing Gaussian (weight 0.081966, occupation count 9.999816, vector size 48)
WARNING (gmm-est[5.5.1047~1-09a63]:MleDiagGmmUpdate():mle-diag-gmm.cc:359) Too little data - removing Gaussian (weight 0.034032, occupation count 9.664984, vector size 48)
WARNING (gmm-est[5.5.1047~1-09a63]:MleDiagGmmUpdate():mle-diag-gmm.cc:359) Too little data - removing Gaussian (weight 0.039095, occupation count 9.812872, vector size 48)
WARNING (gmm-est[5.5.1047~1-09a63]:MleDiagGmmUpdate():mle-diag-gmm.cc:359) Too little data - removing Gaussian (weight 0.036818, occupation count 9.830419, vector size 48)
WARNING (gmm-est[5.5.1047~1-09a63]:MleDiagGmmUpdate():mle-diag-gmm.cc:359) Too little data - removing Gaussian (weight 0.028407, occupation count 9.999345, vector size 48)
LOG (gmm-est[5.5.1047~1-09a63]:MleAmDiagGmmUpdate():mle-am-diag-gmm.cc:225) 88270 variance elements floored in 20036 Gaussians, out of 20082
LOG (gmm-est[5.5.1047~1-09a63]:MleAmDiagGmmUpdate():mle-am-diag-gmm.cc:229) Removed 9 Gaussians due to counts < --min-gaussian-occupancy=10 and --remove-low-count-gaussians=true
LOG (gmm-est[5.5.1047~1-09a63]:main():gmm-est.cc:113) GMM update: Overall 0.028265 objective function improvement per frame over 788393 frames
LOG (gmm-est[5.5.1047~1-09a63]:main():gmm-est.cc:116) GMM update: Overall avg like per frame = -76.3668 over 788393 frames.
LOG (gmm-est[5.5.1047~1-09a63]:SplitByCount():am-diag-gmm.cc:116) Split 1968 states with target = 20000, power = 0.25, perturb_factor = 0.01 and min_count = 20, split #Gauss from 20082 to 20091
LOG (gmm-est[5.5.1047~1-09a63]:main():gmm-est.cc:146) Written model to exp/tri1/32.mdl
# Accounting: time=0 threads=1
# Ended (code 0) at Sun Sep 25 13:10:19 CST 2022, elapsed time 0 seconds
