# gmm-acc-stats-ali exp/mono/33.mdl "ark,s,cs:apply-cmvn  --utt2spk=ark:data/train_mono/split1/1/utt2spk scp:data/train_mono/split1/1/cmvn.scp scp:data/train_mono/split1/1/feats.scp ark:- | add-deltas  ark:- ark:- |" "ark:gunzip -c exp/mono/ali.1.gz|" exp/mono/33.1.acc 
# Started at Wed Sep 28 18:03:36 CST 2022
#
gmm-acc-stats-ali exp/mono/33.mdl 'ark,s,cs:apply-cmvn  --utt2spk=ark:data/train_mono/split1/1/utt2spk scp:data/train_mono/split1/1/cmvn.scp scp:data/train_mono/split1/1/feats.scp ark:- | add-deltas  ark:- ark:- |' 'ark:gunzip -c exp/mono/ali.1.gz|' exp/mono/33.1.acc 
add-deltas ark:- ark:- 
apply-cmvn --utt2spk=ark:data/train_mono/split1/1/utt2spk scp:data/train_mono/split1/1/cmvn.scp scp:data/train_mono/split1/1/feats.scp ark:- 
LOG (gmm-acc-stats-ali[5.5.1049~1-4592c5]:main():gmm-acc-stats-ali.cc:105) Processed 50 utterances; for utterance SuiSiann_0071 avg. like is -92.9429 over 96 frames.
LOG (gmm-acc-stats-ali[5.5.1049~1-4592c5]:main():gmm-acc-stats-ali.cc:105) Processed 100 utterances; for utterance SuiSiann_0301 avg. like is -79.1246 over 99 frames.
LOG (gmm-acc-stats-ali[5.5.1049~1-4592c5]:main():gmm-acc-stats-ali.cc:105) Processed 150 utterances; for utterance SuiSiann_0392 avg. like is -81.8116 over 207 frames.
LOG (gmm-acc-stats-ali[5.5.1049~1-4592c5]:main():gmm-acc-stats-ali.cc:105) Processed 200 utterances; for utterance SuiSiann_0460 avg. like is -89.4775 over 204 frames.
LOG (gmm-acc-stats-ali[5.5.1049~1-4592c5]:main():gmm-acc-stats-ali.cc:105) Processed 250 utterances; for utterance SuiSiann_0520 avg. like is -90.4356 over 162 frames.
LOG (gmm-acc-stats-ali[5.5.1049~1-4592c5]:main():gmm-acc-stats-ali.cc:105) Processed 300 utterances; for utterance SuiSiann_0593 avg. like is -88.8578 over 321 frames.
LOG (gmm-acc-stats-ali[5.5.1049~1-4592c5]:main():gmm-acc-stats-ali.cc:105) Processed 350 utterances; for utterance SuiSiann_0943 avg. like is -87.8106 over 969 frames.
LOG (gmm-acc-stats-ali[5.5.1049~1-4592c5]:main():gmm-acc-stats-ali.cc:105) Processed 400 utterances; for utterance SuiSiann_1038 avg. like is -88.2267 over 528 frames.
LOG (gmm-acc-stats-ali[5.5.1049~1-4592c5]:main():gmm-acc-stats-ali.cc:105) Processed 450 utterances; for utterance SuiSiann_1129 avg. like is -89.4129 over 804 frames.
LOG (gmm-acc-stats-ali[5.5.1049~1-4592c5]:main():gmm-acc-stats-ali.cc:105) Processed 500 utterances; for utterance SuiSiann_1262 avg. like is -89.9624 over 381 frames.
LOG (gmm-acc-stats-ali[5.5.1049~1-4592c5]:main():gmm-acc-stats-ali.cc:105) Processed 550 utterances; for utterance SuiSiann_1356 avg. like is -86.825 over 705 frames.
LOG (gmm-acc-stats-ali[5.5.1049~1-4592c5]:main():gmm-acc-stats-ali.cc:105) Processed 600 utterances; for utterance SuiSiann_1431 avg. like is -80.618 over 252 frames.
LOG (gmm-acc-stats-ali[5.5.1049~1-4592c5]:main():gmm-acc-stats-ali.cc:105) Processed 650 utterances; for utterance SuiSiann_1496 avg. like is -83.1048 over 114 frames.
LOG (gmm-acc-stats-ali[5.5.1049~1-4592c5]:main():gmm-acc-stats-ali.cc:105) Processed 700 utterances; for utterance SuiSiann_1579 avg. like is -95.709 over 237 frames.
LOG (gmm-acc-stats-ali[5.5.1049~1-4592c5]:main():gmm-acc-stats-ali.cc:105) Processed 750 utterances; for utterance SuiSiann_1655 avg. like is -76.0673 over 42 frames.
LOG (gmm-acc-stats-ali[5.5.1049~1-4592c5]:main():gmm-acc-stats-ali.cc:105) Processed 800 utterances; for utterance SuiSiann_1723 avg. like is -89.8055 over 138 frames.
LOG (gmm-acc-stats-ali[5.5.1049~1-4592c5]:main():gmm-acc-stats-ali.cc:105) Processed 850 utterances; for utterance SuiSiann_1794 avg. like is -88.54 over 303 frames.
LOG (gmm-acc-stats-ali[5.5.1049~1-4592c5]:main():gmm-acc-stats-ali.cc:105) Processed 900 utterances; for utterance SuiSiann_1858 avg. like is -83.0493 over 162 frames.
LOG (gmm-acc-stats-ali[5.5.1049~1-4592c5]:main():gmm-acc-stats-ali.cc:105) Processed 950 utterances; for utterance SuiSiann_1925 avg. like is -77.032 over 48 frames.
LOG (gmm-acc-stats-ali[5.5.1049~1-4592c5]:main():gmm-acc-stats-ali.cc:105) Processed 1000 utterances; for utterance SuiSiann_1996 avg. like is -79.3104 over 42 frames.
WARNING (gmm-acc-stats-ali[5.5.1049~1-4592c5]:main():gmm-acc-stats-ali.cc:79) No alignment for utterance SuiSiann_2025
LOG (gmm-acc-stats-ali[5.5.1049~1-4592c5]:main():gmm-acc-stats-ali.cc:105) Processed 1050 utterances; for utterance SuiSiann_2066 avg. like is -89.7596 over 228 frames.
LOG (gmm-acc-stats-ali[5.5.1049~1-4592c5]:main():gmm-acc-stats-ali.cc:105) Processed 1100 utterances; for utterance SuiSiann_2173 avg. like is -92.8048 over 354 frames.
LOG (gmm-acc-stats-ali[5.5.1049~1-4592c5]:main():gmm-acc-stats-ali.cc:105) Processed 1150 utterances; for utterance SuiSiann_2292 avg. like is -84.8842 over 771 frames.
LOG (gmm-acc-stats-ali[5.5.1049~1-4592c5]:main():gmm-acc-stats-ali.cc:105) Processed 1200 utterances; for utterance SuiSiann_2356 avg. like is -88.3774 over 702 frames.
LOG (gmm-acc-stats-ali[5.5.1049~1-4592c5]:main():gmm-acc-stats-ali.cc:105) Processed 1250 utterances; for utterance SuiSiann_2417 avg. like is -88.9427 over 372 frames.
WARNING (gmm-acc-stats-ali[5.5.1049~1-4592c5]:main():gmm-acc-stats-ali.cc:79) No alignment for utterance SuiSiann_2437
LOG (gmm-acc-stats-ali[5.5.1049~1-4592c5]:main():gmm-acc-stats-ali.cc:105) Processed 1300 utterances; for utterance SuiSiann_2486 avg. like is -88.7892 over 786 frames.
WARNING (gmm-acc-stats-ali[5.5.1049~1-4592c5]:main():gmm-acc-stats-ali.cc:79) No alignment for utterance SuiSiann_2493
LOG (gmm-acc-stats-ali[5.5.1049~1-4592c5]:main():gmm-acc-stats-ali.cc:105) Processed 1350 utterances; for utterance SuiSiann_2560 avg. like is -90.9562 over 312 frames.
LOG (gmm-acc-stats-ali[5.5.1049~1-4592c5]:main():gmm-acc-stats-ali.cc:105) Processed 1400 utterances; for utterance SuiSiann_2632 avg. like is -87.05 over 609 frames.
LOG (gmm-acc-stats-ali[5.5.1049~1-4592c5]:main():gmm-acc-stats-ali.cc:105) Processed 1450 utterances; for utterance SuiSiann_2712 avg. like is -88.1078 over 273 frames.
LOG (gmm-acc-stats-ali[5.5.1049~1-4592c5]:main():gmm-acc-stats-ali.cc:105) Processed 1500 utterances; for utterance SuiSiann_2782 avg. like is -87.6792 over 702 frames.
LOG (gmm-acc-stats-ali[5.5.1049~1-4592c5]:main():gmm-acc-stats-ali.cc:105) Processed 1550 utterances; for utterance SuiSiann_2902 avg. like is -87.8862 over 156 frames.
LOG (gmm-acc-stats-ali[5.5.1049~1-4592c5]:main():gmm-acc-stats-ali.cc:105) Processed 1600 utterances; for utterance SuiSiann_2998 avg. like is -90.9109 over 120 frames.
LOG (gmm-acc-stats-ali[5.5.1049~1-4592c5]:main():gmm-acc-stats-ali.cc:105) Processed 1650 utterances; for utterance SuiSiann_3075 avg. like is -89.2861 over 279 frames.
LOG (gmm-acc-stats-ali[5.5.1049~1-4592c5]:main():gmm-acc-stats-ali.cc:105) Processed 1700 utterances; for utterance SuiSiann_3152 avg. like is -88.5924 over 528 frames.
LOG (gmm-acc-stats-ali[5.5.1049~1-4592c5]:main():gmm-acc-stats-ali.cc:105) Processed 1750 utterances; for utterance SuiSiann_3225 avg. like is -86.4638 over 513 frames.
LOG (gmm-acc-stats-ali[5.5.1049~1-4592c5]:main():gmm-acc-stats-ali.cc:105) Processed 1800 utterances; for utterance SuiSiann_3290 avg. like is -91.9314 over 261 frames.
LOG (gmm-acc-stats-ali[5.5.1049~1-4592c5]:main():gmm-acc-stats-ali.cc:105) Processed 1850 utterances; for utterance SuiSiann_3358 avg. like is -89.7273 over 384 frames.
LOG (gmm-acc-stats-ali[5.5.1049~1-4592c5]:main():gmm-acc-stats-ali.cc:105) Processed 1900 utterances; for utterance SuiSiann_3457 avg. like is -84.7357 over 570 frames.
LOG (apply-cmvn[5.5.1049~1-4592c5]:main():apply-cmvn.cc:162) Applied cepstral mean normalization to 1907 utterances, errors on 0
LOG (gmm-acc-stats-ali[5.5.1049~1-4592c5]:main():gmm-acc-stats-ali.cc:112) Done 1904 files, 3 with errors.
LOG (gmm-acc-stats-ali[5.5.1049~1-4592c5]:main():gmm-acc-stats-ali.cc:115) Overall avg like per frame (Gaussian only) = -87.9287 over 791048 frames.
LOG (gmm-acc-stats-ali[5.5.1049~1-4592c5]:main():gmm-acc-stats-ali.cc:123) Written accs.
# Accounting: time=0 threads=1
# Ended (code 0) at Wed Sep 28 18:03:36 CST 2022, elapsed time 0 seconds
