# compile-train-graphs --read-disambig-syms=data/lang/phones/disambig.int exp/mono/tree exp/mono/0.mdl data/lang/L.fst "ark:sym2int.pl --map-oov 1 -f 2- data/lang/words.txt < data/train_mono/split1/1/text|" "ark:|gzip -c >exp/mono/fsts.1.gz" 
# Started at Thu Sep 22 14:59:27 CST 2022
#
compile-train-graphs --read-disambig-syms=data/lang/phones/disambig.int exp/mono/tree exp/mono/0.mdl data/lang/L.fst 'ark:sym2int.pl --map-oov 1 -f 2- data/lang/words.txt < data/train_mono/split1/1/text|' 'ark:|gzip -c >exp/mono/fsts.1.gz' 
sym2int.pl: replacing le1 with 1
sym2int.pl: replacing siann2--la1 with 1
sym2int.pl: replacing le1 with 1
sym2int.pl: replacing le1 with 1
sym2int.pl: replacing gu2 with 1
sym2int.pl: replacing an2-ne1 with 1
sym2int.pl: replacing na7 with 1
sym2int.pl: replacing an2-su1 with 1
sym2int.pl: replacing e7-sa2 with 1
sym2int.pl: replacing e7 with 1
sym2int.pl: replacing e7 with 1
sym2int.pl: replacing ma7 with 1
sym2int.pl: replacing le1 with 1
sym2int.pl: replacing e7 with 1
sym2int.pl: replacing e7 with 1
sym2int.pl: replacing sa1-bo2 with 1
sym2int.pl: replacing ah8-si7 with 1
sym2int.pl: replacing ah8-si7 with 1
sym2int.pl: replacing e7 with 1
sym2int.pl: replacing le1 with 1
sym2int.pl: not warning for OOVs any more times
** Replaced 922 instances of OOVs with 1
LOG (compile-train-graphs[5.5.1049~1-4592c5]:main():compile-train-graphs.cc:147) compile-train-graphs: succeeded for 1868 graphs, failed for 0
# Accounting: time=2 threads=1
# Ended (code 0) at Thu Sep 22 14:59:29 CST 2022, elapsed time 2 seconds
