# gmm-acc-stats-ali exp/tri2/25.mdl "ark,s,cs:apply-cmvn  --utt2spk=ark:data/train/split1/1/utt2spk scp:data/train/split1/1/cmvn.scp scp:data/train/split1/1/feats.scp ark:- | add-deltas  ark:- ark:- |" "ark,s,cs:gunzip -c exp/tri2/ali.1.gz|" exp/tri2/25.1.acc 
# Started at Wed Sep 28 18:06:00 CST 2022
#
gmm-acc-stats-ali exp/tri2/25.mdl 'ark,s,cs:apply-cmvn  --utt2spk=ark:data/train/split1/1/utt2spk scp:data/train/split1/1/cmvn.scp scp:data/train/split1/1/feats.scp ark:- | add-deltas  ark:- ark:- |' 'ark,s,cs:gunzip -c exp/tri2/ali.1.gz|' exp/tri2/25.1.acc 
add-deltas ark:- ark:- 
apply-cmvn --utt2spk=ark:data/train/split1/1/utt2spk scp:data/train/split1/1/cmvn.scp scp:data/train/split1/1/feats.scp ark:- 
LOG (gmm-acc-stats-ali[5.5.1049~1-4592c5]:main():gmm-acc-stats-ali.cc:105) Processed 50 utterances; for utterance SuiSiann_0071 avg. like is -77.7725 over 96 frames.
LOG (gmm-acc-stats-ali[5.5.1049~1-4592c5]:main():gmm-acc-stats-ali.cc:105) Processed 100 utterances; for utterance SuiSiann_0301 avg. like is -61.9579 over 99 frames.
LOG (gmm-acc-stats-ali[5.5.1049~1-4592c5]:main():gmm-acc-stats-ali.cc:105) Processed 150 utterances; for utterance SuiSiann_0392 avg. like is -69.6142 over 207 frames.
LOG (gmm-acc-stats-ali[5.5.1049~1-4592c5]:main():gmm-acc-stats-ali.cc:105) Processed 200 utterances; for utterance SuiSiann_0460 avg. like is -80.5824 over 204 frames.
LOG (gmm-acc-stats-ali[5.5.1049~1-4592c5]:main():gmm-acc-stats-ali.cc:105) Processed 250 utterances; for utterance SuiSiann_0520 avg. like is -77.8987 over 162 frames.
LOG (gmm-acc-stats-ali[5.5.1049~1-4592c5]:main():gmm-acc-stats-ali.cc:105) Processed 300 utterances; for utterance SuiSiann_0593 avg. like is -80.7861 over 321 frames.
LOG (gmm-acc-stats-ali[5.5.1049~1-4592c5]:main():gmm-acc-stats-ali.cc:105) Processed 350 utterances; for utterance SuiSiann_0943 avg. like is -77.4494 over 969 frames.
LOG (gmm-acc-stats-ali[5.5.1049~1-4592c5]:main():gmm-acc-stats-ali.cc:105) Processed 400 utterances; for utterance SuiSiann_1038 avg. like is -76.4672 over 528 frames.
LOG (gmm-acc-stats-ali[5.5.1049~1-4592c5]:main():gmm-acc-stats-ali.cc:105) Processed 450 utterances; for utterance SuiSiann_1129 avg. like is -78.8303 over 804 frames.
WARNING (gmm-acc-stats-ali[5.5.1049~1-4592c5]:main():gmm-acc-stats-ali.cc:79) No alignment for utterance SuiSiann_1137
LOG (gmm-acc-stats-ali[5.5.1049~1-4592c5]:main():gmm-acc-stats-ali.cc:105) Processed 500 utterances; for utterance SuiSiann_1265 avg. like is -79.6635 over 1197 frames.
LOG (gmm-acc-stats-ali[5.5.1049~1-4592c5]:main():gmm-acc-stats-ali.cc:105) Processed 550 utterances; for utterance SuiSiann_1357 avg. like is -75.4614 over 1275 frames.
LOG (gmm-acc-stats-ali[5.5.1049~1-4592c5]:main():gmm-acc-stats-ali.cc:105) Processed 600 utterances; for utterance SuiSiann_1433 avg. like is -80.4594 over 198 frames.
LOG (gmm-acc-stats-ali[5.5.1049~1-4592c5]:main():gmm-acc-stats-ali.cc:105) Processed 650 utterances; for utterance SuiSiann_1497 avg. like is -72.4283 over 153 frames.
LOG (gmm-acc-stats-ali[5.5.1049~1-4592c5]:main():gmm-acc-stats-ali.cc:105) Processed 700 utterances; for utterance SuiSiann_1584 avg. like is -83.9894 over 147 frames.
LOG (gmm-acc-stats-ali[5.5.1049~1-4592c5]:main():gmm-acc-stats-ali.cc:105) Processed 750 utterances; for utterance SuiSiann_1656 avg. like is -77.1863 over 318 frames.
LOG (gmm-acc-stats-ali[5.5.1049~1-4592c5]:main():gmm-acc-stats-ali.cc:105) Processed 800 utterances; for utterance SuiSiann_1724 avg. like is -81.8039 over 399 frames.
LOG (gmm-acc-stats-ali[5.5.1049~1-4592c5]:main():gmm-acc-stats-ali.cc:105) Processed 850 utterances; for utterance SuiSiann_1795 avg. like is -61.1559 over 72 frames.
WARNING (gmm-acc-stats-ali[5.5.1049~1-4592c5]:main():gmm-acc-stats-ali.cc:79) No alignment for utterance SuiSiann_1841
LOG (gmm-acc-stats-ali[5.5.1049~1-4592c5]:main():gmm-acc-stats-ali.cc:105) Processed 900 utterances; for utterance SuiSiann_1860 avg. like is -68.5453 over 243 frames.
LOG (gmm-acc-stats-ali[5.5.1049~1-4592c5]:main():gmm-acc-stats-ali.cc:105) Processed 950 utterances; for utterance SuiSiann_1928 avg. like is -75.2489 over 186 frames.
LOG (gmm-acc-stats-ali[5.5.1049~1-4592c5]:main():gmm-acc-stats-ali.cc:105) Processed 1000 utterances; for utterance SuiSiann_1998 avg. like is -79.5239 over 105 frames.
WARNING (gmm-acc-stats-ali[5.5.1049~1-4592c5]:main():gmm-acc-stats-ali.cc:79) No alignment for utterance SuiSiann_2025
LOG (gmm-acc-stats-ali[5.5.1049~1-4592c5]:main():gmm-acc-stats-ali.cc:105) Processed 1050 utterances; for utterance SuiSiann_2068 avg. like is -78.0894 over 174 frames.
LOG (gmm-acc-stats-ali[5.5.1049~1-4592c5]:main():gmm-acc-stats-ali.cc:105) Processed 1100 utterances; for utterance SuiSiann_2177 avg. like is -78.1957 over 945 frames.
WARNING (gmm-acc-stats-ali[5.5.1049~1-4592c5]:main():gmm-acc-stats-ali.cc:79) No alignment for utterance SuiSiann_2275
LOG (gmm-acc-stats-ali[5.5.1049~1-4592c5]:main():gmm-acc-stats-ali.cc:105) Processed 1150 utterances; for utterance SuiSiann_2297 avg. like is -75.7154 over 417 frames.
LOG (gmm-acc-stats-ali[5.5.1049~1-4592c5]:main():gmm-acc-stats-ali.cc:105) Processed 1200 utterances; for utterance SuiSiann_2359 avg. like is -74.0218 over 870 frames.
LOG (gmm-acc-stats-ali[5.5.1049~1-4592c5]:main():gmm-acc-stats-ali.cc:105) Processed 1250 utterances; for utterance SuiSiann_2420 avg. like is -75.0147 over 315 frames.
WARNING (gmm-acc-stats-ali[5.5.1049~1-4592c5]:main():gmm-acc-stats-ali.cc:79) No alignment for utterance SuiSiann_2437
LOG (gmm-acc-stats-ali[5.5.1049~1-4592c5]:main():gmm-acc-stats-ali.cc:105) Processed 1300 utterances; for utterance SuiSiann_2490 avg. like is -77.7905 over 837 frames.
WARNING (gmm-acc-stats-ali[5.5.1049~1-4592c5]:main():gmm-acc-stats-ali.cc:79) No alignment for utterance SuiSiann_2491
WARNING (gmm-acc-stats-ali[5.5.1049~1-4592c5]:main():gmm-acc-stats-ali.cc:79) No alignment for utterance SuiSiann_2493
LOG (gmm-acc-stats-ali[5.5.1049~1-4592c5]:main():gmm-acc-stats-ali.cc:105) Processed 1350 utterances; for utterance SuiSiann_2564 avg. like is -69.4846 over 102 frames.
WARNING (gmm-acc-stats-ali[5.5.1049~1-4592c5]:main():gmm-acc-stats-ali.cc:79) No alignment for utterance SuiSiann_2573
LOG (gmm-acc-stats-ali[5.5.1049~1-4592c5]:main():gmm-acc-stats-ali.cc:105) Processed 1400 utterances; for utterance SuiSiann_2640 avg. like is -83.3478 over 42 frames.
LOG (gmm-acc-stats-ali[5.5.1049~1-4592c5]:main():gmm-acc-stats-ali.cc:105) Processed 1450 utterances; for utterance SuiSiann_2719 avg. like is -73.9151 over 435 frames.
LOG (gmm-acc-stats-ali[5.5.1049~1-4592c5]:main():gmm-acc-stats-ali.cc:105) Processed 1500 utterances; for utterance SuiSiann_2797 avg. like is -77.3688 over 453 frames.
LOG (gmm-acc-stats-ali[5.5.1049~1-4592c5]:main():gmm-acc-stats-ali.cc:105) Processed 1550 utterances; for utterance SuiSiann_2911 avg. like is -78.9336 over 636 frames.
LOG (gmm-acc-stats-ali[5.5.1049~1-4592c5]:main():gmm-acc-stats-ali.cc:105) Processed 1600 utterances; for utterance SuiSiann_3010 avg. like is -77.1538 over 492 frames.
LOG (gmm-acc-stats-ali[5.5.1049~1-4592c5]:main():gmm-acc-stats-ali.cc:105) Processed 1650 utterances; for utterance SuiSiann_3081 avg. like is -76.8936 over 171 frames.
LOG (gmm-acc-stats-ali[5.5.1049~1-4592c5]:main():gmm-acc-stats-ali.cc:105) Processed 1700 utterances; for utterance SuiSiann_3161 avg. like is -81.9791 over 366 frames.
LOG (gmm-acc-stats-ali[5.5.1049~1-4592c5]:main():gmm-acc-stats-ali.cc:105) Processed 1750 utterances; for utterance SuiSiann_3235 avg. like is -76.1582 over 657 frames.
LOG (gmm-acc-stats-ali[5.5.1049~1-4592c5]:main():gmm-acc-stats-ali.cc:105) Processed 1800 utterances; for utterance SuiSiann_3298 avg. like is -84.712 over 177 frames.
LOG (gmm-acc-stats-ali[5.5.1049~1-4592c5]:main():gmm-acc-stats-ali.cc:105) Processed 1850 utterances; for utterance SuiSiann_3364 avg. like is -82.3513 over 549 frames.
LOG (apply-cmvn[5.5.1049~1-4592c5]:main():apply-cmvn.cc:162) Applied cepstral mean normalization to 1907 utterances, errors on 0
LOG (gmm-acc-stats-ali[5.5.1049~1-4592c5]:main():gmm-acc-stats-ali.cc:112) Done 1899 files, 8 with errors.
LOG (gmm-acc-stats-ali[5.5.1049~1-4592c5]:main():gmm-acc-stats-ali.cc:115) Overall avg like per frame (Gaussian only) = -77.3511 over 788174 frames.
LOG (gmm-acc-stats-ali[5.5.1049~1-4592c5]:main():gmm-acc-stats-ali.cc:123) Written accs.
# Accounting: time=1 threads=1
# Ended (code 0) at Wed Sep 28 18:06:01 CST 2022, elapsed time 1 seconds
