# build-tree --verbose=1 --max-leaves=2500 --cluster-thresh=-1 exp/tri2/treeacc data/lang/phones/roots.int exp/tri2/questions.qst data/lang/topo exp/tri2/tree 
# Started at Wed Sep 28 18:05:16 CST 2022
#
build-tree --verbose=1 --max-leaves=2500 --cluster-thresh=-1 exp/tri2/treeacc data/lang/phones/roots.int exp/tri2/questions.qst data/lang/topo exp/tri2/tree 
LOG (build-tree[5.5.1049~1-4592c5]:main():build-tree.cc:104) Number of separate statistics is 48098
LOG (build-tree[5.5.1049~1-4592c5]:BuildTree():build-tree.cc:161) BuildTree: before building trees, map has 282 leaves.
LOG (build-tree[5.5.1049~1-4592c5]:SplitDecisionTree():build-tree-utils.cc:577) DoDecisionTreeSplit: split 2218 times, #leaves now 2500
LOG (build-tree[5.5.1049~1-4592c5]:BuildTree():build-tree.cc:187) Setting clustering threshold to smallest split 542.055
VLOG[1] (build-tree[5.5.1049~1-4592c5]:BuildTree():build-tree.cc:196) After decision tree split, num-leaves = 2500, like-impr = 8.5649 per frame over 789527 frames.
VLOG[1] (build-tree[5.5.1049~1-4592c5]:BuildTree():build-tree.cc:200) Including just phones that were split, improvement is 8.5649 per frame over 789527 frames.
LOG (build-tree[5.5.1049~1-4592c5]:BuildTree():build-tree.cc:215) BuildTree: removed 504 leaves.
VLOG[1] (build-tree[5.5.1049~1-4592c5]:ClusterEventMapToNClustersRestrictedByMap():build-tree-utils.cc:914) Number of non-empty clusters in map = 275
VLOG[1] (build-tree[5.5.1049~1-4592c5]:ClusterEventMapToNClustersRestrictedByMap():build-tree-utils.cc:915) Number of non-empty clusters = 1989
LOG (build-tree[5.5.1049~1-4592c5]:BuildTree():build-tree.cc:231) BuildTree: Rounded num leaves to multiple of 8 by removing 4 leaves.
VLOG[1] (build-tree[5.5.1049~1-4592c5]:BuildTree():build-tree.cc:256) Objf change due to clustering -0.209422 per frame.
VLOG[1] (build-tree[5.5.1049~1-4592c5]:BuildTree():build-tree.cc:259) Normalizing over only split phones, this is: -0.209422 per frame.
VLOG[1] (build-tree[5.5.1049~1-4592c5]:BuildTree():build-tree.cc:262) Num-leaves is now 1992
VLOG[1] (build-tree[5.5.1049~1-4592c5]:main():build-tree.cc:143) For pdf-id 1, low count 0
VLOG[1] (build-tree[5.5.1049~1-4592c5]:main():build-tree.cc:143) For pdf-id 5, low count 55
VLOG[1] (build-tree[5.5.1049~1-4592c5]:main():build-tree.cc:143) For pdf-id 7, low count 16
VLOG[1] (build-tree[5.5.1049~1-4592c5]:main():build-tree.cc:143) For pdf-id 8, low count 46
VLOG[1] (build-tree[5.5.1049~1-4592c5]:main():build-tree.cc:143) For pdf-id 11, low count 73
VLOG[1] (build-tree[5.5.1049~1-4592c5]:main():build-tree.cc:143) For pdf-id 13, low count 94
VLOG[1] (build-tree[5.5.1049~1-4592c5]:main():build-tree.cc:143) For pdf-id 14, low count 21
VLOG[1] (build-tree[5.5.1049~1-4592c5]:main():build-tree.cc:143) For pdf-id 15, low count 0
VLOG[1] (build-tree[5.5.1049~1-4592c5]:main():build-tree.cc:143) For pdf-id 17, low count 80
VLOG[1] (build-tree[5.5.1049~1-4592c5]:main():build-tree.cc:143) For pdf-id 18, low count 30
VLOG[1] (build-tree[5.5.1049~1-4592c5]:main():build-tree.cc:143) For pdf-id 19, low count 11
VLOG[1] (build-tree[5.5.1049~1-4592c5]:main():build-tree.cc:143) For pdf-id 27, low count 42
VLOG[1] (build-tree[5.5.1049~1-4592c5]:main():build-tree.cc:143) For pdf-id 28, low count 62
VLOG[1] (build-tree[5.5.1049~1-4592c5]:main():build-tree.cc:143) For pdf-id 39, low count 32
VLOG[1] (build-tree[5.5.1049~1-4592c5]:main():build-tree.cc:143) For pdf-id 40, low count 13
VLOG[1] (build-tree[5.5.1049~1-4592c5]:main():build-tree.cc:143) For pdf-id 50, low count 58
VLOG[1] (build-tree[5.5.1049~1-4592c5]:main():build-tree.cc:143) For pdf-id 51, low count 11
VLOG[1] (build-tree[5.5.1049~1-4592c5]:main():build-tree.cc:143) For pdf-id 53, low count 8
VLOG[1] (build-tree[5.5.1049~1-4592c5]:main():build-tree.cc:143) For pdf-id 57, low count 72
VLOG[1] (build-tree[5.5.1049~1-4592c5]:main():build-tree.cc:143) For pdf-id 64, low count 6
VLOG[1] (build-tree[5.5.1049~1-4592c5]:main():build-tree.cc:143) For pdf-id 65, low count 85
VLOG[1] (build-tree[5.5.1049~1-4592c5]:main():build-tree.cc:143) For pdf-id 66, low count 30
VLOG[1] (build-tree[5.5.1049~1-4592c5]:main():build-tree.cc:143) For pdf-id 67, low count 76
VLOG[1] (build-tree[5.5.1049~1-4592c5]:main():build-tree.cc:143) For pdf-id 68, low count 6
VLOG[1] (build-tree[5.5.1049~1-4592c5]:main():build-tree.cc:143) For pdf-id 69, low count 24
VLOG[1] (build-tree[5.5.1049~1-4592c5]:main():build-tree.cc:143) For pdf-id 70, low count 58
VLOG[1] (build-tree[5.5.1049~1-4592c5]:main():build-tree.cc:143) For pdf-id 72, low count 8
VLOG[1] (build-tree[5.5.1049~1-4592c5]:main():build-tree.cc:143) For pdf-id 73, low count 68
VLOG[1] (build-tree[5.5.1049~1-4592c5]:main():build-tree.cc:143) For pdf-id 77, low count 0
VLOG[1] (build-tree[5.5.1049~1-4592c5]:main():build-tree.cc:143) For pdf-id 81, low count 73
VLOG[1] (build-tree[5.5.1049~1-4592c5]:main():build-tree.cc:143) For pdf-id 82, low count 85
VLOG[1] (build-tree[5.5.1049~1-4592c5]:main():build-tree.cc:143) For pdf-id 84, low count 67
VLOG[1] (build-tree[5.5.1049~1-4592c5]:main():build-tree.cc:143) For pdf-id 86, low count 74
VLOG[1] (build-tree[5.5.1049~1-4592c5]:main():build-tree.cc:143) For pdf-id 87, low count 63
VLOG[1] (build-tree[5.5.1049~1-4592c5]:main():build-tree.cc:143) For pdf-id 88, low count 94
VLOG[1] (build-tree[5.5.1049~1-4592c5]:main():build-tree.cc:143) For pdf-id 91, low count 85
VLOG[1] (build-tree[5.5.1049~1-4592c5]:main():build-tree.cc:143) For pdf-id 95, low count 84
VLOG[1] (build-tree[5.5.1049~1-4592c5]:main():build-tree.cc:143) For pdf-id 98, low count 32
VLOG[1] (build-tree[5.5.1049~1-4592c5]:main():build-tree.cc:143) For pdf-id 99, low count 79
VLOG[1] (build-tree[5.5.1049~1-4592c5]:main():build-tree.cc:143) For pdf-id 100, low count 10
VLOG[1] (build-tree[5.5.1049~1-4592c5]:main():build-tree.cc:143) For pdf-id 101, low count 3
VLOG[1] (build-tree[5.5.1049~1-4592c5]:main():build-tree.cc:143) For pdf-id 102, low count 45
VLOG[1] (build-tree[5.5.1049~1-4592c5]:main():build-tree.cc:143) For pdf-id 108, low count 41
VLOG[1] (build-tree[5.5.1049~1-4592c5]:main():build-tree.cc:143) For pdf-id 109, low count 75
VLOG[1] (build-tree[5.5.1049~1-4592c5]:main():build-tree.cc:143) For pdf-id 111, low count 93
VLOG[1] (build-tree[5.5.1049~1-4592c5]:main():build-tree.cc:143) For pdf-id 112, low count 55
VLOG[1] (build-tree[5.5.1049~1-4592c5]:main():build-tree.cc:143) For pdf-id 118, low count 21
VLOG[1] (build-tree[5.5.1049~1-4592c5]:main():build-tree.cc:143) For pdf-id 119, low count 11
VLOG[1] (build-tree[5.5.1049~1-4592c5]:main():build-tree.cc:143) For pdf-id 120, low count 63
VLOG[1] (build-tree[5.5.1049~1-4592c5]:main():build-tree.cc:143) For pdf-id 123, low count 45
VLOG[1] (build-tree[5.5.1049~1-4592c5]:main():build-tree.cc:143) For pdf-id 125, low count 85
VLOG[1] (build-tree[5.5.1049~1-4592c5]:main():build-tree.cc:143) For pdf-id 126, low count 46
VLOG[1] (build-tree[5.5.1049~1-4592c5]:main():build-tree.cc:143) For pdf-id 128, low count 96
VLOG[1] (build-tree[5.5.1049~1-4592c5]:main():build-tree.cc:143) For pdf-id 133, low count 46
VLOG[1] (build-tree[5.5.1049~1-4592c5]:main():build-tree.cc:143) For pdf-id 139, low count 46
VLOG[1] (build-tree[5.5.1049~1-4592c5]:main():build-tree.cc:143) For pdf-id 140, low count 68
VLOG[1] (build-tree[5.5.1049~1-4592c5]:main():build-tree.cc:143) For pdf-id 141, low count 44
VLOG[1] (build-tree[5.5.1049~1-4592c5]:main():build-tree.cc:143) For pdf-id 143, low count 88
VLOG[1] (build-tree[5.5.1049~1-4592c5]:main():build-tree.cc:143) For pdf-id 144, low count 34
VLOG[1] (build-tree[5.5.1049~1-4592c5]:main():build-tree.cc:143) For pdf-id 148, low count 98
VLOG[1] (build-tree[5.5.1049~1-4592c5]:main():build-tree.cc:143) For pdf-id 149, low count 92
VLOG[1] (build-tree[5.5.1049~1-4592c5]:main():build-tree.cc:143) For pdf-id 152, low count 48
VLOG[1] (build-tree[5.5.1049~1-4592c5]:main():build-tree.cc:143) For pdf-id 153, low count 96
VLOG[1] (build-tree[5.5.1049~1-4592c5]:main():build-tree.cc:143) For pdf-id 159, low count 69
VLOG[1] (build-tree[5.5.1049~1-4592c5]:main():build-tree.cc:143) For pdf-id 168, low count 67
VLOG[1] (build-tree[5.5.1049~1-4592c5]:main():build-tree.cc:143) For pdf-id 170, low count 84
VLOG[1] (build-tree[5.5.1049~1-4592c5]:main():build-tree.cc:143) For pdf-id 171, low count 66
VLOG[1] (build-tree[5.5.1049~1-4592c5]:main():build-tree.cc:143) For pdf-id 172, low count 44
VLOG[1] (build-tree[5.5.1049~1-4592c5]:main():build-tree.cc:143) For pdf-id 173, low count 58
VLOG[1] (build-tree[5.5.1049~1-4592c5]:main():build-tree.cc:143) For pdf-id 175, low count 85
VLOG[1] (build-tree[5.5.1049~1-4592c5]:main():build-tree.cc:143) For pdf-id 178, low count 82
VLOG[1] (build-tree[5.5.1049~1-4592c5]:main():build-tree.cc:143) For pdf-id 180, low count 45
VLOG[1] (build-tree[5.5.1049~1-4592c5]:main():build-tree.cc:143) For pdf-id 182, low count 0
VLOG[1] (build-tree[5.5.1049~1-4592c5]:main():build-tree.cc:143) For pdf-id 185, low count 69
VLOG[1] (build-tree[5.5.1049~1-4592c5]:main():build-tree.cc:143) For pdf-id 200, low count 0
VLOG[1] (build-tree[5.5.1049~1-4592c5]:main():build-tree.cc:143) For pdf-id 204, low count 96
VLOG[1] (build-tree[5.5.1049~1-4592c5]:main():build-tree.cc:143) For pdf-id 206, low count 10
VLOG[1] (build-tree[5.5.1049~1-4592c5]:main():build-tree.cc:143) For pdf-id 207, low count 0
VLOG[1] (build-tree[5.5.1049~1-4592c5]:main():build-tree.cc:143) For pdf-id 208, low count 15
VLOG[1] (build-tree[5.5.1049~1-4592c5]:main():build-tree.cc:143) For pdf-id 209, low count 42
VLOG[1] (build-tree[5.5.1049~1-4592c5]:main():build-tree.cc:143) For pdf-id 211, low count 79
VLOG[1] (build-tree[5.5.1049~1-4592c5]:main():build-tree.cc:143) For pdf-id 213, low count 83
VLOG[1] (build-tree[5.5.1049~1-4592c5]:main():build-tree.cc:143) For pdf-id 215, low count 87
VLOG[1] (build-tree[5.5.1049~1-4592c5]:main():build-tree.cc:143) For pdf-id 217, low count 6
VLOG[1] (build-tree[5.5.1049~1-4592c5]:main():build-tree.cc:143) For pdf-id 218, low count 5
VLOG[1] (build-tree[5.5.1049~1-4592c5]:main():build-tree.cc:143) For pdf-id 227, low count 86
VLOG[1] (build-tree[5.5.1049~1-4592c5]:main():build-tree.cc:143) For pdf-id 231, low count 65
VLOG[1] (build-tree[5.5.1049~1-4592c5]:main():build-tree.cc:143) For pdf-id 234, low count 87
VLOG[1] (build-tree[5.5.1049~1-4592c5]:main():build-tree.cc:143) For pdf-id 237, low count 87
VLOG[1] (build-tree[5.5.1049~1-4592c5]:main():build-tree.cc:143) For pdf-id 238, low count 33
VLOG[1] (build-tree[5.5.1049~1-4592c5]:main():build-tree.cc:143) For pdf-id 239, low count 13
VLOG[1] (build-tree[5.5.1049~1-4592c5]:main():build-tree.cc:143) For pdf-id 240, low count 78
VLOG[1] (build-tree[5.5.1049~1-4592c5]:main():build-tree.cc:143) For pdf-id 241, low count 6
VLOG[1] (build-tree[5.5.1049~1-4592c5]:main():build-tree.cc:143) For pdf-id 242, low count 0
VLOG[1] (build-tree[5.5.1049~1-4592c5]:main():build-tree.cc:143) For pdf-id 243, low count 71
VLOG[1] (build-tree[5.5.1049~1-4592c5]:main():build-tree.cc:143) For pdf-id 244, low count 9
VLOG[1] (build-tree[5.5.1049~1-4592c5]:main():build-tree.cc:143) For pdf-id 245, low count 80
VLOG[1] (build-tree[5.5.1049~1-4592c5]:main():build-tree.cc:143) For pdf-id 246, low count 92
VLOG[1] (build-tree[5.5.1049~1-4592c5]:main():build-tree.cc:143) For pdf-id 257, low count 76
VLOG[1] (build-tree[5.5.1049~1-4592c5]:main():build-tree.cc:143) For pdf-id 258, low count 37
VLOG[1] (build-tree[5.5.1049~1-4592c5]:main():build-tree.cc:143) For pdf-id 260, low count 67
VLOG[1] (build-tree[5.5.1049~1-4592c5]:main():build-tree.cc:143) For pdf-id 265, low count 6
VLOG[1] (build-tree[5.5.1049~1-4592c5]:main():build-tree.cc:143) For pdf-id 266, low count 6
VLOG[1] (build-tree[5.5.1049~1-4592c5]:main():build-tree.cc:143) For pdf-id 267, low count 47
VLOG[1] (build-tree[5.5.1049~1-4592c5]:main():build-tree.cc:143) For pdf-id 272, low count 3
VLOG[1] (build-tree[5.5.1049~1-4592c5]:main():build-tree.cc:143) For pdf-id 273, low count 12
VLOG[1] (build-tree[5.5.1049~1-4592c5]:main():build-tree.cc:143) For pdf-id 274, low count 15
VLOG[1] (build-tree[5.5.1049~1-4592c5]:main():build-tree.cc:143) For pdf-id 276, low count 88
VLOG[1] (build-tree[5.5.1049~1-4592c5]:main():build-tree.cc:143) For pdf-id 280, low count 48
VLOG[1] (build-tree[5.5.1049~1-4592c5]:main():build-tree.cc:143) For pdf-id 291, low count 41
VLOG[1] (build-tree[5.5.1049~1-4592c5]:main():build-tree.cc:143) For pdf-id 303, low count 97
VLOG[1] (build-tree[5.5.1049~1-4592c5]:main():build-tree.cc:143) For pdf-id 309, low count 41
VLOG[1] (build-tree[5.5.1049~1-4592c5]:main():build-tree.cc:143) For pdf-id 319, low count 84
VLOG[1] (build-tree[5.5.1049~1-4592c5]:main():build-tree.cc:143) For pdf-id 323, low count 95
VLOG[1] (build-tree[5.5.1049~1-4592c5]:main():build-tree.cc:143) For pdf-id 324, low count 52
VLOG[1] (build-tree[5.5.1049~1-4592c5]:main():build-tree.cc:143) For pdf-id 326, low count 52
VLOG[1] (build-tree[5.5.1049~1-4592c5]:main():build-tree.cc:143) For pdf-id 330, low count 48
VLOG[1] (build-tree[5.5.1049~1-4592c5]:main():build-tree.cc:143) For pdf-id 331, low count 58
VLOG[1] (build-tree[5.5.1049~1-4592c5]:main():build-tree.cc:143) For pdf-id 332, low count 76
VLOG[1] (build-tree[5.5.1049~1-4592c5]:main():build-tree.cc:143) For pdf-id 342, low count 87
VLOG[1] (build-tree[5.5.1049~1-4592c5]:main():build-tree.cc:143) For pdf-id 345, low count 58
VLOG[1] (build-tree[5.5.1049~1-4592c5]:main():build-tree.cc:143) For pdf-id 356, low count 66
VLOG[1] (build-tree[5.5.1049~1-4592c5]:main():build-tree.cc:143) For pdf-id 358, low count 80
VLOG[1] (build-tree[5.5.1049~1-4592c5]:main():build-tree.cc:143) For pdf-id 365, low count 67
VLOG[1] (build-tree[5.5.1049~1-4592c5]:main():build-tree.cc:143) For pdf-id 367, low count 96
VLOG[1] (build-tree[5.5.1049~1-4592c5]:main():build-tree.cc:143) For pdf-id 381, low count 88
VLOG[1] (build-tree[5.5.1049~1-4592c5]:main():build-tree.cc:143) For pdf-id 382, low count 29
VLOG[1] (build-tree[5.5.1049~1-4592c5]:main():build-tree.cc:143) For pdf-id 384, low count 48
VLOG[1] (build-tree[5.5.1049~1-4592c5]:main():build-tree.cc:143) For pdf-id 412, low count 32
VLOG[1] (build-tree[5.5.1049~1-4592c5]:main():build-tree.cc:143) For pdf-id 414, low count 44
VLOG[1] (build-tree[5.5.1049~1-4592c5]:main():build-tree.cc:143) For pdf-id 419, low count 28
VLOG[1] (build-tree[5.5.1049~1-4592c5]:main():build-tree.cc:143) For pdf-id 420, low count 94
VLOG[1] (build-tree[5.5.1049~1-4592c5]:main():build-tree.cc:143) For pdf-id 423, low count 69
VLOG[1] (build-tree[5.5.1049~1-4592c5]:main():build-tree.cc:143) For pdf-id 424, low count 76
VLOG[1] (build-tree[5.5.1049~1-4592c5]:main():build-tree.cc:143) For pdf-id 434, low count 95
VLOG[1] (build-tree[5.5.1049~1-4592c5]:main():build-tree.cc:143) For pdf-id 437, low count 87
VLOG[1] (build-tree[5.5.1049~1-4592c5]:main():build-tree.cc:143) For pdf-id 438, low count 76
VLOG[1] (build-tree[5.5.1049~1-4592c5]:main():build-tree.cc:143) For pdf-id 440, low count 97
VLOG[1] (build-tree[5.5.1049~1-4592c5]:main():build-tree.cc:143) For pdf-id 443, low count 75
VLOG[1] (build-tree[5.5.1049~1-4592c5]:main():build-tree.cc:143) For pdf-id 444, low count 65
VLOG[1] (build-tree[5.5.1049~1-4592c5]:main():build-tree.cc:143) For pdf-id 464, low count 77
VLOG[1] (build-tree[5.5.1049~1-4592c5]:main():build-tree.cc:143) For pdf-id 489, low count 70
VLOG[1] (build-tree[5.5.1049~1-4592c5]:main():build-tree.cc:143) For pdf-id 498, low count 98
VLOG[1] (build-tree[5.5.1049~1-4592c5]:main():build-tree.cc:143) For pdf-id 518, low count 53
VLOG[1] (build-tree[5.5.1049~1-4592c5]:main():build-tree.cc:143) For pdf-id 525, low count 55
VLOG[1] (build-tree[5.5.1049~1-4592c5]:main():build-tree.cc:143) For pdf-id 527, low count 74
VLOG[1] (build-tree[5.5.1049~1-4592c5]:main():build-tree.cc:143) For pdf-id 531, low count 86
VLOG[1] (build-tree[5.5.1049~1-4592c5]:main():build-tree.cc:143) For pdf-id 535, low count 82
VLOG[1] (build-tree[5.5.1049~1-4592c5]:main():build-tree.cc:143) For pdf-id 536, low count 50
VLOG[1] (build-tree[5.5.1049~1-4592c5]:main():build-tree.cc:143) For pdf-id 544, low count 21
VLOG[1] (build-tree[5.5.1049~1-4592c5]:main():build-tree.cc:143) For pdf-id 547, low count 96
VLOG[1] (build-tree[5.5.1049~1-4592c5]:main():build-tree.cc:143) For pdf-id 557, low count 88
VLOG[1] (build-tree[5.5.1049~1-4592c5]:main():build-tree.cc:143) For pdf-id 576, low count 67
VLOG[1] (build-tree[5.5.1049~1-4592c5]:main():build-tree.cc:143) For pdf-id 579, low count 65
VLOG[1] (build-tree[5.5.1049~1-4592c5]:main():build-tree.cc:143) For pdf-id 595, low count 16
VLOG[1] (build-tree[5.5.1049~1-4592c5]:main():build-tree.cc:143) For pdf-id 612, low count 87
VLOG[1] (build-tree[5.5.1049~1-4592c5]:main():build-tree.cc:143) For pdf-id 614, low count 35
VLOG[1] (build-tree[5.5.1049~1-4592c5]:main():build-tree.cc:143) For pdf-id 620, low count 54
VLOG[1] (build-tree[5.5.1049~1-4592c5]:main():build-tree.cc:143) For pdf-id 627, low count 96
VLOG[1] (build-tree[5.5.1049~1-4592c5]:main():build-tree.cc:143) For pdf-id 633, low count 87
VLOG[1] (build-tree[5.5.1049~1-4592c5]:main():build-tree.cc:143) For pdf-id 642, low count 90
VLOG[1] (build-tree[5.5.1049~1-4592c5]:main():build-tree.cc:143) For pdf-id 657, low count 59
VLOG[1] (build-tree[5.5.1049~1-4592c5]:main():build-tree.cc:143) For pdf-id 665, low count 86
VLOG[1] (build-tree[5.5.1049~1-4592c5]:main():build-tree.cc:143) For pdf-id 671, low count 98
VLOG[1] (build-tree[5.5.1049~1-4592c5]:main():build-tree.cc:143) For pdf-id 672, low count 67
VLOG[1] (build-tree[5.5.1049~1-4592c5]:main():build-tree.cc:143) For pdf-id 696, low count 92
VLOG[1] (build-tree[5.5.1049~1-4592c5]:main():build-tree.cc:143) For pdf-id 706, low count 64
VLOG[1] (build-tree[5.5.1049~1-4592c5]:main():build-tree.cc:143) For pdf-id 709, low count 83
VLOG[1] (build-tree[5.5.1049~1-4592c5]:main():build-tree.cc:143) For pdf-id 712, low count 54
VLOG[1] (build-tree[5.5.1049~1-4592c5]:main():build-tree.cc:143) For pdf-id 713, low count 96
VLOG[1] (build-tree[5.5.1049~1-4592c5]:main():build-tree.cc:143) For pdf-id 717, low count 46
VLOG[1] (build-tree[5.5.1049~1-4592c5]:main():build-tree.cc:143) For pdf-id 729, low count 68
VLOG[1] (build-tree[5.5.1049~1-4592c5]:main():build-tree.cc:143) For pdf-id 734, low count 82
VLOG[1] (build-tree[5.5.1049~1-4592c5]:main():build-tree.cc:143) For pdf-id 757, low count 98
VLOG[1] (build-tree[5.5.1049~1-4592c5]:main():build-tree.cc:143) For pdf-id 759, low count 95
VLOG[1] (build-tree[5.5.1049~1-4592c5]:main():build-tree.cc:143) For pdf-id 762, low count 65
VLOG[1] (build-tree[5.5.1049~1-4592c5]:main():build-tree.cc:143) For pdf-id 771, low count 66
VLOG[1] (build-tree[5.5.1049~1-4592c5]:main():build-tree.cc:143) For pdf-id 786, low count 32
VLOG[1] (build-tree[5.5.1049~1-4592c5]:main():build-tree.cc:143) For pdf-id 796, low count 98
VLOG[1] (build-tree[5.5.1049~1-4592c5]:main():build-tree.cc:143) For pdf-id 800, low count 33
VLOG[1] (build-tree[5.5.1049~1-4592c5]:main():build-tree.cc:143) For pdf-id 806, low count 34
VLOG[1] (build-tree[5.5.1049~1-4592c5]:main():build-tree.cc:143) For pdf-id 812, low count 79
VLOG[1] (build-tree[5.5.1049~1-4592c5]:main():build-tree.cc:143) For pdf-id 814, low count 41
VLOG[1] (build-tree[5.5.1049~1-4592c5]:main():build-tree.cc:143) For pdf-id 816, low count 62
VLOG[1] (build-tree[5.5.1049~1-4592c5]:main():build-tree.cc:143) For pdf-id 823, low count 40
VLOG[1] (build-tree[5.5.1049~1-4592c5]:main():build-tree.cc:143) For pdf-id 825, low count 70
VLOG[1] (build-tree[5.5.1049~1-4592c5]:main():build-tree.cc:143) For pdf-id 827, low count 93
VLOG[1] (build-tree[5.5.1049~1-4592c5]:main():build-tree.cc:143) For pdf-id 839, low count 64
VLOG[1] (build-tree[5.5.1049~1-4592c5]:main():build-tree.cc:143) For pdf-id 845, low count 66
VLOG[1] (build-tree[5.5.1049~1-4592c5]:main():build-tree.cc:143) For pdf-id 849, low count 61
VLOG[1] (build-tree[5.5.1049~1-4592c5]:main():build-tree.cc:143) For pdf-id 852, low count 27
VLOG[1] (build-tree[5.5.1049~1-4592c5]:main():build-tree.cc:143) For pdf-id 854, low count 38
VLOG[1] (build-tree[5.5.1049~1-4592c5]:main():build-tree.cc:143) For pdf-id 864, low count 16
VLOG[1] (build-tree[5.5.1049~1-4592c5]:main():build-tree.cc:143) For pdf-id 868, low count 75
VLOG[1] (build-tree[5.5.1049~1-4592c5]:main():build-tree.cc:143) For pdf-id 884, low count 32
VLOG[1] (build-tree[5.5.1049~1-4592c5]:main():build-tree.cc:143) For pdf-id 904, low count 56
VLOG[1] (build-tree[5.5.1049~1-4592c5]:main():build-tree.cc:143) For pdf-id 908, low count 86
VLOG[1] (build-tree[5.5.1049~1-4592c5]:main():build-tree.cc:143) For pdf-id 912, low count 70
VLOG[1] (build-tree[5.5.1049~1-4592c5]:main():build-tree.cc:143) For pdf-id 935, low count 89
VLOG[1] (build-tree[5.5.1049~1-4592c5]:main():build-tree.cc:143) For pdf-id 941, low count 89
VLOG[1] (build-tree[5.5.1049~1-4592c5]:main():build-tree.cc:143) For pdf-id 944, low count 56
VLOG[1] (build-tree[5.5.1049~1-4592c5]:main():build-tree.cc:143) For pdf-id 962, low count 51
VLOG[1] (build-tree[5.5.1049~1-4592c5]:main():build-tree.cc:143) For pdf-id 977, low count 96
VLOG[1] (build-tree[5.5.1049~1-4592c5]:main():build-tree.cc:143) For pdf-id 983, low count 21
VLOG[1] (build-tree[5.5.1049~1-4592c5]:main():build-tree.cc:143) For pdf-id 984, low count 82
VLOG[1] (build-tree[5.5.1049~1-4592c5]:main():build-tree.cc:143) For pdf-id 986, low count 61
VLOG[1] (build-tree[5.5.1049~1-4592c5]:main():build-tree.cc:143) For pdf-id 992, low count 78
VLOG[1] (build-tree[5.5.1049~1-4592c5]:main():build-tree.cc:143) For pdf-id 1005, low count 90
VLOG[1] (build-tree[5.5.1049~1-4592c5]:main():build-tree.cc:143) For pdf-id 1007, low count 66
VLOG[1] (build-tree[5.5.1049~1-4592c5]:main():build-tree.cc:143) For pdf-id 1008, low count 61
VLOG[1] (build-tree[5.5.1049~1-4592c5]:main():build-tree.cc:143) For pdf-id 1017, low count 80
VLOG[1] (build-tree[5.5.1049~1-4592c5]:main():build-tree.cc:143) For pdf-id 1042, low count 52
VLOG[1] (build-tree[5.5.1049~1-4592c5]:main():build-tree.cc:143) For pdf-id 1046, low count 73
VLOG[1] (build-tree[5.5.1049~1-4592c5]:main():build-tree.cc:143) For pdf-id 1049, low count 68
VLOG[1] (build-tree[5.5.1049~1-4592c5]:main():build-tree.cc:143) For pdf-id 1050, low count 93
VLOG[1] (build-tree[5.5.1049~1-4592c5]:main():build-tree.cc:143) For pdf-id 1053, low count 66
VLOG[1] (build-tree[5.5.1049~1-4592c5]:main():build-tree.cc:143) For pdf-id 1061, low count 33
VLOG[1] (build-tree[5.5.1049~1-4592c5]:main():build-tree.cc:143) For pdf-id 1066, low count 26
VLOG[1] (build-tree[5.5.1049~1-4592c5]:main():build-tree.cc:143) For pdf-id 1070, low count 96
VLOG[1] (build-tree[5.5.1049~1-4592c5]:main():build-tree.cc:143) For pdf-id 1080, low count 63
VLOG[1] (build-tree[5.5.1049~1-4592c5]:main():build-tree.cc:143) For pdf-id 1083, low count 40
VLOG[1] (build-tree[5.5.1049~1-4592c5]:main():build-tree.cc:143) For pdf-id 1087, low count 92
VLOG[1] (build-tree[5.5.1049~1-4592c5]:main():build-tree.cc:143) For pdf-id 1119, low count 75
VLOG[1] (build-tree[5.5.1049~1-4592c5]:main():build-tree.cc:143) For pdf-id 1120, low count 92
VLOG[1] (build-tree[5.5.1049~1-4592c5]:main():build-tree.cc:143) For pdf-id 1124, low count 84
VLOG[1] (build-tree[5.5.1049~1-4592c5]:main():build-tree.cc:143) For pdf-id 1125, low count 68
VLOG[1] (build-tree[5.5.1049~1-4592c5]:main():build-tree.cc:143) For pdf-id 1127, low count 64
VLOG[1] (build-tree[5.5.1049~1-4592c5]:main():build-tree.cc:143) For pdf-id 1134, low count 91
VLOG[1] (build-tree[5.5.1049~1-4592c5]:main():build-tree.cc:143) For pdf-id 1145, low count 98
VLOG[1] (build-tree[5.5.1049~1-4592c5]:main():build-tree.cc:143) For pdf-id 1149, low count 83
VLOG[1] (build-tree[5.5.1049~1-4592c5]:main():build-tree.cc:143) For pdf-id 1151, low count 76
VLOG[1] (build-tree[5.5.1049~1-4592c5]:main():build-tree.cc:143) For pdf-id 1158, low count 44
VLOG[1] (build-tree[5.5.1049~1-4592c5]:main():build-tree.cc:143) For pdf-id 1164, low count 68
VLOG[1] (build-tree[5.5.1049~1-4592c5]:main():build-tree.cc:143) For pdf-id 1165, low count 41
VLOG[1] (build-tree[5.5.1049~1-4592c5]:main():build-tree.cc:143) For pdf-id 1169, low count 28
VLOG[1] (build-tree[5.5.1049~1-4592c5]:main():build-tree.cc:143) For pdf-id 1176, low count 36
VLOG[1] (build-tree[5.5.1049~1-4592c5]:main():build-tree.cc:143) For pdf-id 1180, low count 67
VLOG[1] (build-tree[5.5.1049~1-4592c5]:main():build-tree.cc:143) For pdf-id 1189, low count 48
VLOG[1] (build-tree[5.5.1049~1-4592c5]:main():build-tree.cc:143) For pdf-id 1195, low count 18
VLOG[1] (build-tree[5.5.1049~1-4592c5]:main():build-tree.cc:143) For pdf-id 1199, low count 74
VLOG[1] (build-tree[5.5.1049~1-4592c5]:main():build-tree.cc:143) For pdf-id 1216, low count 77
VLOG[1] (build-tree[5.5.1049~1-4592c5]:main():build-tree.cc:143) For pdf-id 1227, low count 61
VLOG[1] (build-tree[5.5.1049~1-4592c5]:main():build-tree.cc:143) For pdf-id 1231, low count 75
VLOG[1] (build-tree[5.5.1049~1-4592c5]:main():build-tree.cc:143) For pdf-id 1234, low count 61
VLOG[1] (build-tree[5.5.1049~1-4592c5]:main():build-tree.cc:143) For pdf-id 1246, low count 52
VLOG[1] (build-tree[5.5.1049~1-4592c5]:main():build-tree.cc:143) For pdf-id 1251, low count 88
VLOG[1] (build-tree[5.5.1049~1-4592c5]:main():build-tree.cc:143) For pdf-id 1255, low count 29
VLOG[1] (build-tree[5.5.1049~1-4592c5]:main():build-tree.cc:143) For pdf-id 1262, low count 75
VLOG[1] (build-tree[5.5.1049~1-4592c5]:main():build-tree.cc:143) For pdf-id 1265, low count 88
VLOG[1] (build-tree[5.5.1049~1-4592c5]:main():build-tree.cc:143) For pdf-id 1266, low count 28
VLOG[1] (build-tree[5.5.1049~1-4592c5]:main():build-tree.cc:143) For pdf-id 1287, low count 82
VLOG[1] (build-tree[5.5.1049~1-4592c5]:main():build-tree.cc:143) For pdf-id 1288, low count 70
VLOG[1] (build-tree[5.5.1049~1-4592c5]:main():build-tree.cc:143) For pdf-id 1310, low count 94
VLOG[1] (build-tree[5.5.1049~1-4592c5]:main():build-tree.cc:143) For pdf-id 1311, low count 81
VLOG[1] (build-tree[5.5.1049~1-4592c5]:main():build-tree.cc:143) For pdf-id 1313, low count 72
VLOG[1] (build-tree[5.5.1049~1-4592c5]:main():build-tree.cc:143) For pdf-id 1328, low count 80
VLOG[1] (build-tree[5.5.1049~1-4592c5]:main():build-tree.cc:143) For pdf-id 1332, low count 51
VLOG[1] (build-tree[5.5.1049~1-4592c5]:main():build-tree.cc:143) For pdf-id 1335, low count 53
VLOG[1] (build-tree[5.5.1049~1-4592c5]:main():build-tree.cc:143) For pdf-id 1359, low count 55
VLOG[1] (build-tree[5.5.1049~1-4592c5]:main():build-tree.cc:143) For pdf-id 1360, low count 25
VLOG[1] (build-tree[5.5.1049~1-4592c5]:main():build-tree.cc:143) For pdf-id 1372, low count 71
VLOG[1] (build-tree[5.5.1049~1-4592c5]:main():build-tree.cc:143) For pdf-id 1373, low count 67
VLOG[1] (build-tree[5.5.1049~1-4592c5]:main():build-tree.cc:143) For pdf-id 1388, low count 96
VLOG[1] (build-tree[5.5.1049~1-4592c5]:main():build-tree.cc:143) For pdf-id 1393, low count 56
VLOG[1] (build-tree[5.5.1049~1-4592c5]:main():build-tree.cc:143) For pdf-id 1396, low count 42
VLOG[1] (build-tree[5.5.1049~1-4592c5]:main():build-tree.cc:143) For pdf-id 1451, low count 69
VLOG[1] (build-tree[5.5.1049~1-4592c5]:main():build-tree.cc:143) For pdf-id 1454, low count 55
VLOG[1] (build-tree[5.5.1049~1-4592c5]:main():build-tree.cc:143) For pdf-id 1473, low count 21
VLOG[1] (build-tree[5.5.1049~1-4592c5]:main():build-tree.cc:143) For pdf-id 1478, low count 58
VLOG[1] (build-tree[5.5.1049~1-4592c5]:main():build-tree.cc:143) For pdf-id 1483, low count 65
VLOG[1] (build-tree[5.5.1049~1-4592c5]:main():build-tree.cc:143) For pdf-id 1490, low count 54
VLOG[1] (build-tree[5.5.1049~1-4592c5]:main():build-tree.cc:143) For pdf-id 1494, low count 80
VLOG[1] (build-tree[5.5.1049~1-4592c5]:main():build-tree.cc:143) For pdf-id 1495, low count 35
VLOG[1] (build-tree[5.5.1049~1-4592c5]:main():build-tree.cc:143) For pdf-id 1504, low count 86
VLOG[1] (build-tree[5.5.1049~1-4592c5]:main():build-tree.cc:143) For pdf-id 1530, low count 38
VLOG[1] (build-tree[5.5.1049~1-4592c5]:main():build-tree.cc:143) For pdf-id 1534, low count 83
VLOG[1] (build-tree[5.5.1049~1-4592c5]:main():build-tree.cc:143) For pdf-id 1539, low count 78
VLOG[1] (build-tree[5.5.1049~1-4592c5]:main():build-tree.cc:143) For pdf-id 1547, low count 51
VLOG[1] (build-tree[5.5.1049~1-4592c5]:main():build-tree.cc:143) For pdf-id 1558, low count 33
VLOG[1] (build-tree[5.5.1049~1-4592c5]:main():build-tree.cc:143) For pdf-id 1563, low count 89
VLOG[1] (build-tree[5.5.1049~1-4592c5]:main():build-tree.cc:143) For pdf-id 1573, low count 83
VLOG[1] (build-tree[5.5.1049~1-4592c5]:main():build-tree.cc:143) For pdf-id 1576, low count 64
VLOG[1] (build-tree[5.5.1049~1-4592c5]:main():build-tree.cc:143) For pdf-id 1581, low count 98
VLOG[1] (build-tree[5.5.1049~1-4592c5]:main():build-tree.cc:143) For pdf-id 1604, low count 85
VLOG[1] (build-tree[5.5.1049~1-4592c5]:main():build-tree.cc:143) For pdf-id 1622, low count 37
VLOG[1] (build-tree[5.5.1049~1-4592c5]:main():build-tree.cc:143) For pdf-id 1625, low count 97
VLOG[1] (build-tree[5.5.1049~1-4592c5]:main():build-tree.cc:143) For pdf-id 1628, low count 99
VLOG[1] (build-tree[5.5.1049~1-4592c5]:main():build-tree.cc:143) For pdf-id 1633, low count 77
VLOG[1] (build-tree[5.5.1049~1-4592c5]:main():build-tree.cc:143) For pdf-id 1635, low count 87
VLOG[1] (build-tree[5.5.1049~1-4592c5]:main():build-tree.cc:143) For pdf-id 1639, low count 66
VLOG[1] (build-tree[5.5.1049~1-4592c5]:main():build-tree.cc:143) For pdf-id 1675, low count 26
VLOG[1] (build-tree[5.5.1049~1-4592c5]:main():build-tree.cc:143) For pdf-id 1706, low count 40
VLOG[1] (build-tree[5.5.1049~1-4592c5]:main():build-tree.cc:143) For pdf-id 1707, low count 60
VLOG[1] (build-tree[5.5.1049~1-4592c5]:main():build-tree.cc:143) For pdf-id 1711, low count 80
VLOG[1] (build-tree[5.5.1049~1-4592c5]:main():build-tree.cc:143) For pdf-id 1720, low count 66
VLOG[1] (build-tree[5.5.1049~1-4592c5]:main():build-tree.cc:143) For pdf-id 1722, low count 98
VLOG[1] (build-tree[5.5.1049~1-4592c5]:main():build-tree.cc:143) For pdf-id 1726, low count 30
VLOG[1] (build-tree[5.5.1049~1-4592c5]:main():build-tree.cc:143) For pdf-id 1738, low count 86
VLOG[1] (build-tree[5.5.1049~1-4592c5]:main():build-tree.cc:143) For pdf-id 1750, low count 87
VLOG[1] (build-tree[5.5.1049~1-4592c5]:main():build-tree.cc:143) For pdf-id 1757, low count 32
VLOG[1] (build-tree[5.5.1049~1-4592c5]:main():build-tree.cc:143) For pdf-id 1758, low count 65
VLOG[1] (build-tree[5.5.1049~1-4592c5]:main():build-tree.cc:143) For pdf-id 1760, low count 90
VLOG[1] (build-tree[5.5.1049~1-4592c5]:main():build-tree.cc:143) For pdf-id 1761, low count 32
VLOG[1] (build-tree[5.5.1049~1-4592c5]:main():build-tree.cc:143) For pdf-id 1773, low count 58
VLOG[1] (build-tree[5.5.1049~1-4592c5]:main():build-tree.cc:143) For pdf-id 1774, low count 23
VLOG[1] (build-tree[5.5.1049~1-4592c5]:main():build-tree.cc:143) For pdf-id 1777, low count 95
VLOG[1] (build-tree[5.5.1049~1-4592c5]:main():build-tree.cc:143) For pdf-id 1779, low count 84
VLOG[1] (build-tree[5.5.1049~1-4592c5]:main():build-tree.cc:143) For pdf-id 1789, low count 71
VLOG[1] (build-tree[5.5.1049~1-4592c5]:main():build-tree.cc:143) For pdf-id 1792, low count 66
VLOG[1] (build-tree[5.5.1049~1-4592c5]:main():build-tree.cc:143) For pdf-id 1798, low count 57
VLOG[1] (build-tree[5.5.1049~1-4592c5]:main():build-tree.cc:143) For pdf-id 1812, low count 63
VLOG[1] (build-tree[5.5.1049~1-4592c5]:main():build-tree.cc:143) For pdf-id 1826, low count 79
VLOG[1] (build-tree[5.5.1049~1-4592c5]:main():build-tree.cc:143) For pdf-id 1830, low count 86
VLOG[1] (build-tree[5.5.1049~1-4592c5]:main():build-tree.cc:143) For pdf-id 1832, low count 99
VLOG[1] (build-tree[5.5.1049~1-4592c5]:main():build-tree.cc:143) For pdf-id 1838, low count 47
VLOG[1] (build-tree[5.5.1049~1-4592c5]:main():build-tree.cc:143) For pdf-id 1845, low count 64
VLOG[1] (build-tree[5.5.1049~1-4592c5]:main():build-tree.cc:143) For pdf-id 1849, low count 99
VLOG[1] (build-tree[5.5.1049~1-4592c5]:main():build-tree.cc:143) For pdf-id 1850, low count 85
VLOG[1] (build-tree[5.5.1049~1-4592c5]:main():build-tree.cc:143) For pdf-id 1852, low count 24
VLOG[1] (build-tree[5.5.1049~1-4592c5]:main():build-tree.cc:143) For pdf-id 1858, low count 71
VLOG[1] (build-tree[5.5.1049~1-4592c5]:main():build-tree.cc:143) For pdf-id 1859, low count 74
VLOG[1] (build-tree[5.5.1049~1-4592c5]:main():build-tree.cc:143) For pdf-id 1883, low count 91
VLOG[1] (build-tree[5.5.1049~1-4592c5]:main():build-tree.cc:143) For pdf-id 1900, low count 98
VLOG[1] (build-tree[5.5.1049~1-4592c5]:main():build-tree.cc:143) For pdf-id 1909, low count 96
VLOG[1] (build-tree[5.5.1049~1-4592c5]:main():build-tree.cc:143) For pdf-id 1911, low count 84
VLOG[1] (build-tree[5.5.1049~1-4592c5]:main():build-tree.cc:143) For pdf-id 1923, low count 88
VLOG[1] (build-tree[5.5.1049~1-4592c5]:main():build-tree.cc:143) For pdf-id 1945, low count 80
VLOG[1] (build-tree[5.5.1049~1-4592c5]:main():build-tree.cc:143) For pdf-id 1949, low count 60
VLOG[1] (build-tree[5.5.1049~1-4592c5]:main():build-tree.cc:143) For pdf-id 1951, low count 86
VLOG[1] (build-tree[5.5.1049~1-4592c5]:main():build-tree.cc:143) For pdf-id 1955, low count 64
VLOG[1] (build-tree[5.5.1049~1-4592c5]:main():build-tree.cc:143) For pdf-id 1957, low count 45
VLOG[1] (build-tree[5.5.1049~1-4592c5]:main():build-tree.cc:143) For pdf-id 1967, low count 25
VLOG[1] (build-tree[5.5.1049~1-4592c5]:main():build-tree.cc:143) For pdf-id 1973, low count 18
VLOG[1] (build-tree[5.5.1049~1-4592c5]:main():build-tree.cc:143) For pdf-id 1975, low count 69
VLOG[1] (build-tree[5.5.1049~1-4592c5]:main():build-tree.cc:143) For pdf-id 1984, low count 34
VLOG[1] (build-tree[5.5.1049~1-4592c5]:main():build-tree.cc:143) For pdf-id 1987, low count 50
WARNING (build-tree[5.5.1049~1-4592c5]:main():build-tree.cc:185) Saw no stats for following phones: 2 16 78 183 201 208 243 
LOG (build-tree[5.5.1049~1-4592c5]:main():build-tree.cc:189) Wrote tree
# Accounting: time=9 threads=1
# Ended (code 0) at Wed Sep 28 18:05:25 CST 2022, elapsed time 9 seconds
