# gmm-init-model --write-occs=exp/tri2/1.occs exp/tri2/tree exp/tri2/treeacc data/lang/topo exp/tri2/1.mdl 
# Started at Sun Sep 25 13:10:40 CST 2022
#
gmm-init-model --write-occs=exp/tri2/1.occs exp/tri2/tree exp/tri2/treeacc data/lang/topo exp/tri2/1.mdl 
LOG (gmm-init-model[5.5.1047~1-09a63]:main():gmm-init-model.cc:271) Number of separate statistics is 48086
WARNING (gmm-init-model[5.5.1047~1-09a63]:InitAmGmm():gmm-init-model.cc:55) Tree has pdf-id 14 with no stats; corresponding phone list: 15 
WARNING (gmm-init-model[5.5.1047~1-09a63]:InitAmGmm():gmm-init-model.cc:55) Tree has pdf-id 76 with no stats; corresponding phone list: 77 
WARNING (gmm-init-model[5.5.1047~1-09a63]:InitAmGmm():gmm-init-model.cc:55) Tree has pdf-id 181 with no stats; corresponding phone list: 182 
WARNING (gmm-init-model[5.5.1047~1-09a63]:InitAmGmm():gmm-init-model.cc:55) Tree has pdf-id 199 with no stats; corresponding phone list: 200 
WARNING (gmm-init-model[5.5.1047~1-09a63]:InitAmGmm():gmm-init-model.cc:55) Tree has pdf-id 206 with no stats; corresponding phone list: 207 
WARNING (gmm-init-model[5.5.1047~1-09a63]:InitAmGmm():gmm-init-model.cc:55) Tree has pdf-id 241 with no stats; corresponding phone list: 242 
WARNING (gmm-init-model[5.5.1047~1-09a63]:InitAmGmm():gmm-init-model.cc:83) Very small count for state 7: 47; corresponding phone list: 8 
WARNING (gmm-init-model[5.5.1047~1-09a63]:InitAmGmm():gmm-init-model.cc:83) Very small count for state 8: 85; corresponding phone list: 9 
WARNING (gmm-init-model[5.5.1047~1-09a63]:InitAmGmm():gmm-init-model.cc:83) Very small count for state 12: 90; corresponding phone list: 13 
WARNING (gmm-init-model[5.5.1047~1-09a63]:InitAmGmm():gmm-init-model.cc:83) Very small count for state 13: 20; corresponding phone list: 14 
WARNING (gmm-init-model[5.5.1047~1-09a63]:InitAmGmm():gmm-init-model.cc:83) Very small count for state 16: 73; corresponding phone list: 17 
WARNING (gmm-init-model[5.5.1047~1-09a63]:InitAmGmm():gmm-init-model.cc:83) Very small count for state 17: 30; corresponding phone list: 18 
WARNING (gmm-init-model[5.5.1047~1-09a63]:InitAmGmm():gmm-init-model.cc:83) Very small count for state 18: 10; corresponding phone list: 19 
WARNING (gmm-init-model[5.5.1047~1-09a63]:InitAmGmm():gmm-init-model.cc:83) Very small count for state 25: 51; corresponding phone list: 26 
WARNING (gmm-init-model[5.5.1047~1-09a63]:InitAmGmm():gmm-init-model.cc:83) Very small count for state 27: 80; corresponding phone list: 28 
WARNING (gmm-init-model[5.5.1047~1-09a63]:InitAmGmm():gmm-init-model.cc:83) Very small count for state 28: 94; corresponding phone list: 29 
WARNING (gmm-init-model[5.5.1047~1-09a63]:InitAmGmm():gmm-init-model.cc:83) Very small count for state 38: 33; corresponding phone list: 39 
WARNING (gmm-init-model[5.5.1047~1-09a63]:InitAmGmm():gmm-init-model.cc:83) Very small count for state 39: 14; corresponding phone list: 40 
WARNING (gmm-init-model[5.5.1047~1-09a63]:InitAmGmm():gmm-init-model.cc:83) Very small count for state 49: 40; corresponding phone list: 50 
WARNING (gmm-init-model[5.5.1047~1-09a63]:InitAmGmm():gmm-init-model.cc:83) Very small count for state 50: 9; corresponding phone list: 51 
WARNING (gmm-init-model[5.5.1047~1-09a63]:InitAmGmm():gmm-init-model.cc:83) Very small count for state 51: 80; corresponding phone list: 52 
WARNING (gmm-init-model[5.5.1047~1-09a63]:InitAmGmm():gmm-init-model.cc:83) Very small count for state 52: 7; corresponding phone list: 53 
WARNING (gmm-init-model[5.5.1047~1-09a63]:InitAmGmm():gmm-init-model.cc:83) Very small count for state 56: 86; corresponding phone list: 57 
WARNING (gmm-init-model[5.5.1047~1-09a63]:InitAmGmm():gmm-init-model.cc:83) Very small count for state 63: 6; corresponding phone list: 64 
WARNING (gmm-init-model[5.5.1047~1-09a63]:InitAmGmm():gmm-init-model.cc:83) Very small count for state 64: 87; corresponding phone list: 65 
WARNING (gmm-init-model[5.5.1047~1-09a63]:InitAmGmm():gmm-init-model.cc:83) Very small count for state 65: 61; corresponding phone list: 66 
WARNING (gmm-init-model[5.5.1047~1-09a63]:InitAmGmm():gmm-init-model.cc:83) Very small count for state 66: 71; corresponding phone list: 67 
WARNING (gmm-init-model[5.5.1047~1-09a63]:InitAmGmm():gmm-init-model.cc:83) Very small count for state 67: 6; corresponding phone list: 68 
WARNING (gmm-init-model[5.5.1047~1-09a63]:InitAmGmm():gmm-init-model.cc:83) Very small count for state 68: 20; corresponding phone list: 69 
WARNING (gmm-init-model[5.5.1047~1-09a63]:InitAmGmm():gmm-init-model.cc:83) Very small count for state 71: 8; corresponding phone list: 72 
WARNING (gmm-init-model[5.5.1047~1-09a63]:InitAmGmm():gmm-init-model.cc:83) Very small count for state 77: 21; corresponding phone list: 78 
WARNING (gmm-init-model[5.5.1047~1-09a63]:InitAmGmm():gmm-init-model.cc:83) Very small count for state 80: 74; corresponding phone list: 81 
WARNING (gmm-init-model[5.5.1047~1-09a63]:InitAmGmm():gmm-init-model.cc:83) Very small count for state 81: 92; corresponding phone list: 82 
WARNING (gmm-init-model[5.5.1047~1-09a63]:InitAmGmm():gmm-init-model.cc:83) Very small count for state 83: 61; corresponding phone list: 84 
WARNING (gmm-init-model[5.5.1047~1-09a63]:InitAmGmm():gmm-init-model.cc:83) Very small count for state 84: 43; corresponding phone list: 85 
WARNING (gmm-init-model[5.5.1047~1-09a63]:InitAmGmm():gmm-init-model.cc:83) Very small count for state 85: 69; corresponding phone list: 86 
WARNING (gmm-init-model[5.5.1047~1-09a63]:InitAmGmm():gmm-init-model.cc:83) Very small count for state 86: 61; corresponding phone list: 87 
WARNING (gmm-init-model[5.5.1047~1-09a63]:InitAmGmm():gmm-init-model.cc:83) Very small count for state 87: 97; corresponding phone list: 88 
WARNING (gmm-init-model[5.5.1047~1-09a63]:InitAmGmm():gmm-init-model.cc:83) Very small count for state 90: 85; corresponding phone list: 91 
WARNING (gmm-init-model[5.5.1047~1-09a63]:InitAmGmm():gmm-init-model.cc:83) Very small count for state 94: 91; corresponding phone list: 95 
WARNING (gmm-init-model[5.5.1047~1-09a63]:InitAmGmm():gmm-init-model.cc:83) Very small count for state 97: 34; corresponding phone list: 98 
WARNING (gmm-init-model[5.5.1047~1-09a63]:InitAmGmm():gmm-init-model.cc:83) Very small count for state 98: 92; corresponding phone list: 99 
WARNING (gmm-init-model[5.5.1047~1-09a63]:InitAmGmm():gmm-init-model.cc:83) Very small count for state 99: 16; corresponding phone list: 100 
WARNING (gmm-init-model[5.5.1047~1-09a63]:InitAmGmm():gmm-init-model.cc:83) Very small count for state 100: 3; corresponding phone list: 101 
WARNING (gmm-init-model[5.5.1047~1-09a63]:InitAmGmm():gmm-init-model.cc:83) Very small count for state 101: 46; corresponding phone list: 102 
WARNING (gmm-init-model[5.5.1047~1-09a63]:InitAmGmm():gmm-init-model.cc:83) Very small count for state 106: 96; corresponding phone list: 107 
WARNING (gmm-init-model[5.5.1047~1-09a63]:InitAmGmm():gmm-init-model.cc:83) Very small count for state 107: 33; corresponding phone list: 108 
WARNING (gmm-init-model[5.5.1047~1-09a63]:InitAmGmm():gmm-init-model.cc:83) Very small count for state 108: 74; corresponding phone list: 109 
WARNING (gmm-init-model[5.5.1047~1-09a63]:InitAmGmm():gmm-init-model.cc:83) Very small count for state 111: 55; corresponding phone list: 112 
WARNING (gmm-init-model[5.5.1047~1-09a63]:InitAmGmm():gmm-init-model.cc:83) Very small count for state 117: 21; corresponding phone list: 118 
WARNING (gmm-init-model[5.5.1047~1-09a63]:InitAmGmm():gmm-init-model.cc:83) Very small count for state 118: 7; corresponding phone list: 119 
WARNING (gmm-init-model[5.5.1047~1-09a63]:InitAmGmm():gmm-init-model.cc:83) Very small count for state 119: 46; corresponding phone list: 120 
WARNING (gmm-init-model[5.5.1047~1-09a63]:InitAmGmm():gmm-init-model.cc:83) Very small count for state 122: 50; corresponding phone list: 123 
WARNING (gmm-init-model[5.5.1047~1-09a63]:InitAmGmm():gmm-init-model.cc:83) Very small count for state 124: 85; corresponding phone list: 125 
WARNING (gmm-init-model[5.5.1047~1-09a63]:InitAmGmm():gmm-init-model.cc:83) Very small count for state 125: 47; corresponding phone list: 126 
WARNING (gmm-init-model[5.5.1047~1-09a63]:InitAmGmm():gmm-init-model.cc:83) Very small count for state 127: 96; corresponding phone list: 128 
WARNING (gmm-init-model[5.5.1047~1-09a63]:InitAmGmm():gmm-init-model.cc:83) Very small count for state 138: 47; corresponding phone list: 139 
WARNING (gmm-init-model[5.5.1047~1-09a63]:InitAmGmm():gmm-init-model.cc:83) Very small count for state 139: 68; corresponding phone list: 140 
WARNING (gmm-init-model[5.5.1047~1-09a63]:InitAmGmm():gmm-init-model.cc:83) Very small count for state 142: 89; corresponding phone list: 143 
WARNING (gmm-init-model[5.5.1047~1-09a63]:InitAmGmm():gmm-init-model.cc:83) Very small count for state 143: 32; corresponding phone list: 144 
WARNING (gmm-init-model[5.5.1047~1-09a63]:InitAmGmm():gmm-init-model.cc:83) Very small count for state 151: 44; corresponding phone list: 152 
WARNING (gmm-init-model[5.5.1047~1-09a63]:InitAmGmm():gmm-init-model.cc:83) Very small count for state 152: 28; corresponding phone list: 153 
WARNING (gmm-init-model[5.5.1047~1-09a63]:InitAmGmm():gmm-init-model.cc:83) Very small count for state 158: 74; corresponding phone list: 159 
WARNING (gmm-init-model[5.5.1047~1-09a63]:InitAmGmm():gmm-init-model.cc:83) Very small count for state 164: 99; corresponding phone list: 165 
WARNING (gmm-init-model[5.5.1047~1-09a63]:InitAmGmm():gmm-init-model.cc:83) Very small count for state 167: 65; corresponding phone list: 168 
WARNING (gmm-init-model[5.5.1047~1-09a63]:InitAmGmm():gmm-init-model.cc:83) Very small count for state 169: 72; corresponding phone list: 170 
WARNING (gmm-init-model[5.5.1047~1-09a63]:InitAmGmm():gmm-init-model.cc:83) Very small count for state 170: 63; corresponding phone list: 171 
WARNING (gmm-init-model[5.5.1047~1-09a63]:InitAmGmm():gmm-init-model.cc:83) Very small count for state 171: 43; corresponding phone list: 172 
WARNING (gmm-init-model[5.5.1047~1-09a63]:InitAmGmm():gmm-init-model.cc:83) Very small count for state 172: 65; corresponding phone list: 173 
WARNING (gmm-init-model[5.5.1047~1-09a63]:InitAmGmm():gmm-init-model.cc:83) Very small count for state 174: 83; corresponding phone list: 175 
WARNING (gmm-init-model[5.5.1047~1-09a63]:InitAmGmm():gmm-init-model.cc:83) Very small count for state 179: 45; corresponding phone list: 180 
WARNING (gmm-init-model[5.5.1047~1-09a63]:InitAmGmm():gmm-init-model.cc:83) Very small count for state 184: 64; corresponding phone list: 185 
WARNING (gmm-init-model[5.5.1047~1-09a63]:InitAmGmm():gmm-init-model.cc:83) Very small count for state 187: 13; corresponding phone list: 188 
WARNING (gmm-init-model[5.5.1047~1-09a63]:InitAmGmm():gmm-init-model.cc:83) Very small count for state 205: 10; corresponding phone list: 206 
WARNING (gmm-init-model[5.5.1047~1-09a63]:InitAmGmm():gmm-init-model.cc:83) Very small count for state 207: 18; corresponding phone list: 208 
WARNING (gmm-init-model[5.5.1047~1-09a63]:InitAmGmm():gmm-init-model.cc:83) Very small count for state 208: 42; corresponding phone list: 209 
WARNING (gmm-init-model[5.5.1047~1-09a63]:InitAmGmm():gmm-init-model.cc:83) Very small count for state 210: 79; corresponding phone list: 211 
WARNING (gmm-init-model[5.5.1047~1-09a63]:InitAmGmm():gmm-init-model.cc:83) Very small count for state 212: 78; corresponding phone list: 213 
WARNING (gmm-init-model[5.5.1047~1-09a63]:InitAmGmm():gmm-init-model.cc:83) Very small count for state 214: 84; corresponding phone list: 215 
WARNING (gmm-init-model[5.5.1047~1-09a63]:InitAmGmm():gmm-init-model.cc:83) Very small count for state 215: 56; corresponding phone list: 216 
WARNING (gmm-init-model[5.5.1047~1-09a63]:InitAmGmm():gmm-init-model.cc:83) Very small count for state 216: 6; corresponding phone list: 217 
WARNING (gmm-init-model[5.5.1047~1-09a63]:InitAmGmm():gmm-init-model.cc:83) Very small count for state 217: 5; corresponding phone list: 218 
WARNING (gmm-init-model[5.5.1047~1-09a63]:InitAmGmm():gmm-init-model.cc:83) Very small count for state 230: 74; corresponding phone list: 231 
WARNING (gmm-init-model[5.5.1047~1-09a63]:InitAmGmm():gmm-init-model.cc:83) Very small count for state 231: 57; corresponding phone list: 232 
WARNING (gmm-init-model[5.5.1047~1-09a63]:InitAmGmm():gmm-init-model.cc:83) Very small count for state 233: 52; corresponding phone list: 234 
WARNING (gmm-init-model[5.5.1047~1-09a63]:InitAmGmm():gmm-init-model.cc:83) Very small count for state 236: 83; corresponding phone list: 237 
WARNING (gmm-init-model[5.5.1047~1-09a63]:InitAmGmm():gmm-init-model.cc:83) Very small count for state 237: 37; corresponding phone list: 238 
WARNING (gmm-init-model[5.5.1047~1-09a63]:InitAmGmm():gmm-init-model.cc:83) Very small count for state 238: 12; corresponding phone list: 239 
WARNING (gmm-init-model[5.5.1047~1-09a63]:InitAmGmm():gmm-init-model.cc:83) Very small count for state 239: 69; corresponding phone list: 240 
WARNING (gmm-init-model[5.5.1047~1-09a63]:InitAmGmm():gmm-init-model.cc:83) Very small count for state 240: 10; corresponding phone list: 241 
WARNING (gmm-init-model[5.5.1047~1-09a63]:InitAmGmm():gmm-init-model.cc:83) Very small count for state 242: 69; corresponding phone list: 243 
WARNING (gmm-init-model[5.5.1047~1-09a63]:InitAmGmm():gmm-init-model.cc:83) Very small count for state 243: 8; corresponding phone list: 244 
WARNING (gmm-init-model[5.5.1047~1-09a63]:InitAmGmm():gmm-init-model.cc:83) Very small count for state 244: 73; corresponding phone list: 245 
WARNING (gmm-init-model[5.5.1047~1-09a63]:InitAmGmm():gmm-init-model.cc:83) Very small count for state 245: 93; corresponding phone list: 246 
WARNING (gmm-init-model[5.5.1047~1-09a63]:InitAmGmm():gmm-init-model.cc:83) Very small count for state 254: 58; corresponding phone list: 255 
WARNING (gmm-init-model[5.5.1047~1-09a63]:InitAmGmm():gmm-init-model.cc:83) Very small count for state 256: 63; corresponding phone list: 257 
WARNING (gmm-init-model[5.5.1047~1-09a63]:InitAmGmm():gmm-init-model.cc:83) Very small count for state 257: 30; corresponding phone list: 258 
WARNING (gmm-init-model[5.5.1047~1-09a63]:InitAmGmm():gmm-init-model.cc:83) Very small count for state 264: 6; corresponding phone list: 265 
WARNING (gmm-init-model[5.5.1047~1-09a63]:InitAmGmm():gmm-init-model.cc:83) Very small count for state 265: 6; corresponding phone list: 266 
WARNING (gmm-init-model[5.5.1047~1-09a63]:InitAmGmm():gmm-init-model.cc:83) Very small count for state 266: 44; corresponding phone list: 267 
WARNING (gmm-init-model[5.5.1047~1-09a63]:InitAmGmm():gmm-init-model.cc:83) Very small count for state 271: 3; corresponding phone list: 272 
WARNING (gmm-init-model[5.5.1047~1-09a63]:InitAmGmm():gmm-init-model.cc:83) Very small count for state 272: 12; corresponding phone list: 273 
WARNING (gmm-init-model[5.5.1047~1-09a63]:InitAmGmm():gmm-init-model.cc:83) Very small count for state 273: 15; corresponding phone list: 274 
WARNING (gmm-init-model[5.5.1047~1-09a63]:InitAmGmm():gmm-init-model.cc:83) Very small count for state 275: 86; corresponding phone list: 276 
WARNING (gmm-init-model[5.5.1047~1-09a63]:InitAmGmm():gmm-init-model.cc:83) Very small count for state 279: 56; corresponding phone list: 280 
WARNING (gmm-init-model[5.5.1047~1-09a63]:InitAmGmm():gmm-init-model.cc:83) Very small count for state 291: 39; corresponding phone list: 177 
WARNING (gmm-init-model[5.5.1047~1-09a63]:InitAmGmm():gmm-init-model.cc:83) Very small count for state 308: 37; corresponding phone list: 61 
WARNING (gmm-init-model[5.5.1047~1-09a63]:InitAmGmm():gmm-init-model.cc:83) Very small count for state 318: 75; corresponding phone list: 134 
WARNING (gmm-init-model[5.5.1047~1-09a63]:InitAmGmm():gmm-init-model.cc:83) Very small count for state 322: 90; corresponding phone list: 75 
WARNING (gmm-init-model[5.5.1047~1-09a63]:InitAmGmm():gmm-init-model.cc:83) Very small count for state 323: 50; corresponding phone list: 60 
WARNING (gmm-init-model[5.5.1047~1-09a63]:InitAmGmm():gmm-init-model.cc:83) Very small count for state 324: 58; corresponding phone list: 73 
WARNING (gmm-init-model[5.5.1047~1-09a63]:InitAmGmm():gmm-init-model.cc:83) Very small count for state 325: 38; corresponding phone list: 232 
WARNING (gmm-init-model[5.5.1047~1-09a63]:InitAmGmm():gmm-init-model.cc:83) Very small count for state 329: 25; corresponding phone list: 249 
WARNING (gmm-init-model[5.5.1047~1-09a63]:InitAmGmm():gmm-init-model.cc:83) Very small count for state 331: 42; corresponding phone list: 56 
WARNING (gmm-init-model[5.5.1047~1-09a63]:InitAmGmm():gmm-init-model.cc:83) Very small count for state 332: 60; corresponding phone list: 192 
WARNING (gmm-init-model[5.5.1047~1-09a63]:InitAmGmm():gmm-init-model.cc:83) Very small count for state 334: 73; corresponding phone list: 11 
WARNING (gmm-init-model[5.5.1047~1-09a63]:InitAmGmm():gmm-init-model.cc:83) Very small count for state 354: 64; corresponding phone list: 55 
WARNING (gmm-init-model[5.5.1047~1-09a63]:InitAmGmm():gmm-init-model.cc:83) Very small count for state 356: 79; corresponding phone list: 194 
WARNING (gmm-init-model[5.5.1047~1-09a63]:InitAmGmm():gmm-init-model.cc:83) Very small count for state 359: 87; corresponding phone list: 158 
WARNING (gmm-init-model[5.5.1047~1-09a63]:InitAmGmm():gmm-init-model.cc:83) Very small count for state 364: 64; corresponding phone list: 130 
WARNING (gmm-init-model[5.5.1047~1-09a63]:InitAmGmm():gmm-init-model.cc:83) Very small count for state 367: 54; corresponding phone list: 161 
WARNING (gmm-init-model[5.5.1047~1-09a63]:InitAmGmm():gmm-init-model.cc:83) Very small count for state 369: 98; corresponding phone list: 230 
WARNING (gmm-init-model[5.5.1047~1-09a63]:InitAmGmm():gmm-init-model.cc:83) Very small count for state 373: 66; corresponding phone list: 260 
WARNING (gmm-init-model[5.5.1047~1-09a63]:InitAmGmm():gmm-init-model.cc:83) Very small count for state 382: 29; corresponding phone list: 278 
WARNING (gmm-init-model[5.5.1047~1-09a63]:InitAmGmm():gmm-init-model.cc:83) Very small count for state 383: 84; corresponding phone list: 162 
WARNING (gmm-init-model[5.5.1047~1-09a63]:InitAmGmm():gmm-init-model.cc:83) Very small count for state 384: 40; corresponding phone list: 196 
WARNING (gmm-init-model[5.5.1047~1-09a63]:InitAmGmm():gmm-init-model.cc:83) Very small count for state 412: 32; corresponding phone list: 27 
WARNING (gmm-init-model[5.5.1047~1-09a63]:InitAmGmm():gmm-init-model.cc:83) Very small count for state 417: 92; corresponding phone list: 177 
WARNING (gmm-init-model[5.5.1047~1-09a63]:InitAmGmm():gmm-init-model.cc:83) Very small count for state 421: 28; corresponding phone list: 279 
WARNING (gmm-init-model[5.5.1047~1-09a63]:InitAmGmm():gmm-init-model.cc:83) Very small count for state 423: 67; corresponding phone list: 114 
WARNING (gmm-init-model[5.5.1047~1-09a63]:InitAmGmm():gmm-init-model.cc:83) Very small count for state 428: 76; corresponding phone list: 97 
WARNING (gmm-init-model[5.5.1047~1-09a63]:InitAmGmm():gmm-init-model.cc:83) Very small count for state 430: 45; corresponding phone list: 211 
WARNING (gmm-init-model[5.5.1047~1-09a63]:InitAmGmm():gmm-init-model.cc:83) Very small count for state 435: 66; corresponding phone list: 227 
WARNING (gmm-init-model[5.5.1047~1-09a63]:InitAmGmm():gmm-init-model.cc:83) Very small count for state 436: 79; corresponding phone list: 122 
WARNING (gmm-init-model[5.5.1047~1-09a63]:InitAmGmm():gmm-init-model.cc:83) Very small count for state 442: 75; corresponding phone list: 50 
WARNING (gmm-init-model[5.5.1047~1-09a63]:InitAmGmm():gmm-init-model.cc:83) Very small count for state 444: 60; corresponding phone list: 129 
WARNING (gmm-init-model[5.5.1047~1-09a63]:InitAmGmm():gmm-init-model.cc:83) Very small count for state 447: 69; corresponding phone list: 215 
WARNING (gmm-init-model[5.5.1047~1-09a63]:InitAmGmm():gmm-init-model.cc:83) Very small count for state 448: 81; corresponding phone list: 58 
WARNING (gmm-init-model[5.5.1047~1-09a63]:InitAmGmm():gmm-init-model.cc:83) Very small count for state 451: 73; corresponding phone list: 73 
WARNING (gmm-init-model[5.5.1047~1-09a63]:InitAmGmm():gmm-init-model.cc:83) Very small count for state 452: 72; corresponding phone list: 151 
WARNING (gmm-init-model[5.5.1047~1-09a63]:InitAmGmm():gmm-init-model.cc:83) Very small count for state 456: 35; corresponding phone list: 246 
WARNING (gmm-init-model[5.5.1047~1-09a63]:InitAmGmm():gmm-init-model.cc:83) Very small count for state 466: 98; corresponding phone list: 93 
WARNING (gmm-init-model[5.5.1047~1-09a63]:InitAmGmm():gmm-init-model.cc:83) Very small count for state 484: 43; corresponding phone list: 78 
WARNING (gmm-init-model[5.5.1047~1-09a63]:InitAmGmm():gmm-init-model.cc:83) Very small count for state 485: 52; corresponding phone list: 74 
WARNING (gmm-init-model[5.5.1047~1-09a63]:InitAmGmm():gmm-init-model.cc:83) Very small count for state 493: 64; corresponding phone list: 104 
WARNING (gmm-init-model[5.5.1047~1-09a63]:InitAmGmm():gmm-init-model.cc:83) Very small count for state 507: 76; corresponding phone list: 115 
WARNING (gmm-init-model[5.5.1047~1-09a63]:InitAmGmm():gmm-init-model.cc:83) Very small count for state 513: 92; corresponding phone list: 214 
WARNING (gmm-init-model[5.5.1047~1-09a63]:InitAmGmm():gmm-init-model.cc:83) Very small count for state 520: 55; corresponding phone list: 162 
WARNING (gmm-init-model[5.5.1047~1-09a63]:InitAmGmm():gmm-init-model.cc:83) Very small count for state 524: 90; corresponding phone list: 48 
WARNING (gmm-init-model[5.5.1047~1-09a63]:InitAmGmm():gmm-init-model.cc:83) Very small count for state 525: 87; corresponding phone list: 60 
WARNING (gmm-init-model[5.5.1047~1-09a63]:InitAmGmm():gmm-init-model.cc:83) Very small count for state 558: 22; corresponding phone list: 56 
WARNING (gmm-init-model[5.5.1047~1-09a63]:InitAmGmm():gmm-init-model.cc:83) Very small count for state 565: 86; corresponding phone list: 49 
WARNING (gmm-init-model[5.5.1047~1-09a63]:InitAmGmm():gmm-init-model.cc:83) Very small count for state 567: 57; corresponding phone list: 192 
WARNING (gmm-init-model[5.5.1047~1-09a63]:InitAmGmm():gmm-init-model.cc:83) Very small count for state 577: 93; corresponding phone list: 177 
WARNING (gmm-init-model[5.5.1047~1-09a63]:InitAmGmm():gmm-init-model.cc:83) Very small count for state 582: 66; corresponding phone list: 230 
WARNING (gmm-init-model[5.5.1047~1-09a63]:InitAmGmm():gmm-init-model.cc:83) Very small count for state 586: 65; corresponding phone list: 212 
WARNING (gmm-init-model[5.5.1047~1-09a63]:InitAmGmm():gmm-init-model.cc:83) Very small count for state 598: 16; corresponding phone list: 50 
WARNING (gmm-init-model[5.5.1047~1-09a63]:InitAmGmm():gmm-init-model.cc:83) Very small count for state 610: 26; corresponding phone list: 258 
WARNING (gmm-init-model[5.5.1047~1-09a63]:InitAmGmm():gmm-init-model.cc:83) Very small count for state 615: 87; corresponding phone list: 107 
WARNING (gmm-init-model[5.5.1047~1-09a63]:InitAmGmm():gmm-init-model.cc:83) Very small count for state 625: 89; corresponding phone list: 136 
WARNING (gmm-init-model[5.5.1047~1-09a63]:InitAmGmm():gmm-init-model.cc:83) Very small count for state 639: 93; corresponding phone list: 177 
WARNING (gmm-init-model[5.5.1047~1-09a63]:InitAmGmm():gmm-init-model.cc:83) Very small count for state 650: 81; corresponding phone list: 150 
WARNING (gmm-init-model[5.5.1047~1-09a63]:InitAmGmm():gmm-init-model.cc:83) Very small count for state 652: 54; corresponding phone list: 222 
WARNING (gmm-init-model[5.5.1047~1-09a63]:InitAmGmm():gmm-init-model.cc:83) Very small count for state 660: 64; corresponding phone list: 269 
WARNING (gmm-init-model[5.5.1047~1-09a63]:InitAmGmm():gmm-init-model.cc:83) Very small count for state 667: 79; corresponding phone list: 59 
WARNING (gmm-init-model[5.5.1047~1-09a63]:InitAmGmm():gmm-init-model.cc:83) Very small count for state 668: 99; corresponding phone list: 163 
WARNING (gmm-init-model[5.5.1047~1-09a63]:InitAmGmm():gmm-init-model.cc:83) Very small count for state 669: 71; corresponding phone list: 222 
WARNING (gmm-init-model[5.5.1047~1-09a63]:InitAmGmm():gmm-init-model.cc:83) Very small count for state 678: 33; corresponding phone list: 161 
WARNING (gmm-init-model[5.5.1047~1-09a63]:InitAmGmm():gmm-init-model.cc:83) Very small count for state 686: 52; corresponding phone list: 175 
WARNING (gmm-init-model[5.5.1047~1-09a63]:InitAmGmm():gmm-init-model.cc:83) Very small count for state 693: 90; corresponding phone list: 277 
WARNING (gmm-init-model[5.5.1047~1-09a63]:InitAmGmm():gmm-init-model.cc:83) Very small count for state 694: 59; corresponding phone list: 192 
WARNING (gmm-init-model[5.5.1047~1-09a63]:InitAmGmm():gmm-init-model.cc:83) Very small count for state 696: 41; corresponding phone list: 177 
WARNING (gmm-init-model[5.5.1047~1-09a63]:InitAmGmm():gmm-init-model.cc:83) Very small count for state 701: 99; corresponding phone list: 146 
WARNING (gmm-init-model[5.5.1047~1-09a63]:InitAmGmm():gmm-init-model.cc:83) Very small count for state 703: 95; corresponding phone list: 30 
WARNING (gmm-init-model[5.5.1047~1-09a63]:InitAmGmm():gmm-init-model.cc:83) Very small count for state 707: 79; corresponding phone list: 189 
WARNING (gmm-init-model[5.5.1047~1-09a63]:InitAmGmm():gmm-init-model.cc:83) Very small count for state 712: 66; corresponding phone list: 193 
WARNING (gmm-init-model[5.5.1047~1-09a63]:InitAmGmm():gmm-init-model.cc:83) Very small count for state 715: 72; corresponding phone list: 2 
WARNING (gmm-init-model[5.5.1047~1-09a63]:InitAmGmm():gmm-init-model.cc:83) Very small count for state 743: 58; corresponding phone list: 221 
WARNING (gmm-init-model[5.5.1047~1-09a63]:InitAmGmm():gmm-init-model.cc:83) Very small count for state 745: 85; corresponding phone list: 261 
WARNING (gmm-init-model[5.5.1047~1-09a63]:InitAmGmm():gmm-init-model.cc:83) Very small count for state 747: 92; corresponding phone list: 90 
WARNING (gmm-init-model[5.5.1047~1-09a63]:InitAmGmm():gmm-init-model.cc:83) Very small count for state 759: 53; corresponding phone list: 56 
WARNING (gmm-init-model[5.5.1047~1-09a63]:InitAmGmm():gmm-init-model.cc:83) Very small count for state 760: 17; corresponding phone list: 7 
WARNING (gmm-init-model[5.5.1047~1-09a63]:InitAmGmm():gmm-init-model.cc:83) Very small count for state 788: 32; corresponding phone list: 27 
WARNING (gmm-init-model[5.5.1047~1-09a63]:InitAmGmm():gmm-init-model.cc:83) Very small count for state 794: 86; corresponding phone list: 129 
WARNING (gmm-init-model[5.5.1047~1-09a63]:InitAmGmm():gmm-init-model.cc:83) Very small count for state 816: 94; corresponding phone list: 104 
WARNING (gmm-init-model[5.5.1047~1-09a63]:InitAmGmm():gmm-init-model.cc:83) Very small count for state 836: 76; corresponding phone list: 71 
WARNING (gmm-init-model[5.5.1047~1-09a63]:InitAmGmm():gmm-init-model.cc:83) Very small count for state 839: 61; corresponding phone list: 107 
WARNING (gmm-init-model[5.5.1047~1-09a63]:InitAmGmm():gmm-init-model.cc:83) Very small count for state 857: 65; corresponding phone list: 145 
WARNING (gmm-init-model[5.5.1047~1-09a63]:InitAmGmm():gmm-init-model.cc:83) Very small count for state 860: 16; corresponding phone list: 275 
WARNING (gmm-init-model[5.5.1047~1-09a63]:InitAmGmm():gmm-init-model.cc:83) Very small count for state 864: 78; corresponding phone list: 55 
WARNING (gmm-init-model[5.5.1047~1-09a63]:InitAmGmm():gmm-init-model.cc:83) Very small count for state 869: 37; corresponding phone list: 188 
WARNING (gmm-init-model[5.5.1047~1-09a63]:InitAmGmm():gmm-init-model.cc:83) Very small count for state 885: 65; corresponding phone list: 205 
WARNING (gmm-init-model[5.5.1047~1-09a63]:InitAmGmm():gmm-init-model.cc:83) Very small count for state 890: 57; corresponding phone list: 219 
WARNING (gmm-init-model[5.5.1047~1-09a63]:InitAmGmm():gmm-init-model.cc:83) Very small count for state 891: 90; corresponding phone list: 74 
WARNING (gmm-init-model[5.5.1047~1-09a63]:InitAmGmm():gmm-init-model.cc:83) Very small count for state 892: 83; corresponding phone list: 71 
WARNING (gmm-init-model[5.5.1047~1-09a63]:InitAmGmm():gmm-init-model.cc:83) Very small count for state 895: 65; corresponding phone list: 237 
WARNING (gmm-init-model[5.5.1047~1-09a63]:InitAmGmm():gmm-init-model.cc:83) Very small count for state 901: 90; corresponding phone list: 141 
WARNING (gmm-init-model[5.5.1047~1-09a63]:InitAmGmm():gmm-init-model.cc:83) Very small count for state 902: 81; corresponding phone list: 71 
WARNING (gmm-init-model[5.5.1047~1-09a63]:InitAmGmm():gmm-init-model.cc:83) Very small count for state 908: 34; corresponding phone list: 263 
WARNING (gmm-init-model[5.5.1047~1-09a63]:InitAmGmm():gmm-init-model.cc:83) Very small count for state 913: 28; corresponding phone list: 213 
WARNING (gmm-init-model[5.5.1047~1-09a63]:InitAmGmm():gmm-init-model.cc:83) Very small count for state 915: 29; corresponding phone list: 276 
WARNING (gmm-init-model[5.5.1047~1-09a63]:InitAmGmm():gmm-init-model.cc:83) Very small count for state 925: 89; corresponding phone list: 221 
WARNING (gmm-init-model[5.5.1047~1-09a63]:InitAmGmm():gmm-init-model.cc:83) Very small count for state 927: 56; corresponding phone list: 41 
WARNING (gmm-init-model[5.5.1047~1-09a63]:InitAmGmm():gmm-init-model.cc:83) Very small count for state 935: 94; corresponding phone list: 251 
WARNING (gmm-init-model[5.5.1047~1-09a63]:InitAmGmm():gmm-init-model.cc:83) Very small count for state 938: 77; corresponding phone list: 73 
WARNING (gmm-init-model[5.5.1047~1-09a63]:InitAmGmm():gmm-init-model.cc:83) Very small count for state 949: 72; corresponding phone list: 165 
WARNING (gmm-init-model[5.5.1047~1-09a63]:InitAmGmm():gmm-init-model.cc:83) Very small count for state 954: 91; corresponding phone list: 212 
WARNING (gmm-init-model[5.5.1047~1-09a63]:InitAmGmm():gmm-init-model.cc:83) Very small count for state 962: 99; corresponding phone list: 155 
WARNING (gmm-init-model[5.5.1047~1-09a63]:InitAmGmm():gmm-init-model.cc:83) Very small count for state 971: 98; corresponding phone list: 190 
WARNING (gmm-init-model[5.5.1047~1-09a63]:InitAmGmm():gmm-init-model.cc:83) Very small count for state 984: 43; corresponding phone list: 110 
WARNING (gmm-init-model[5.5.1047~1-09a63]:InitAmGmm():gmm-init-model.cc:83) Very small count for state 993: 69; corresponding phone list: 9 
WARNING (gmm-init-model[5.5.1047~1-09a63]:InitAmGmm():gmm-init-model.cc:83) Very small count for state 1010: 69; corresponding phone list: 114 
WARNING (gmm-init-model[5.5.1047~1-09a63]:InitAmGmm():gmm-init-model.cc:83) Very small count for state 1014: 44; corresponding phone list: 55 
WARNING (gmm-init-model[5.5.1047~1-09a63]:InitAmGmm():gmm-init-model.cc:83) Very small count for state 1019: 37; corresponding phone list: 214 
WARNING (gmm-init-model[5.5.1047~1-09a63]:InitAmGmm():gmm-init-model.cc:83) Very small count for state 1030: 91; corresponding phone list: 222 
WARNING (gmm-init-model[5.5.1047~1-09a63]:InitAmGmm():gmm-init-model.cc:83) Very small count for state 1031: 99; corresponding phone list: 70 
WARNING (gmm-init-model[5.5.1047~1-09a63]:InitAmGmm():gmm-init-model.cc:83) Very small count for state 1034: 37; corresponding phone list: 145 
WARNING (gmm-init-model[5.5.1047~1-09a63]:InitAmGmm():gmm-init-model.cc:83) Very small count for state 1053: 33; corresponding phone list: 74 
WARNING (gmm-init-model[5.5.1047~1-09a63]:InitAmGmm():gmm-init-model.cc:83) Very small count for state 1057: 29; corresponding phone list: 240 
WARNING (gmm-init-model[5.5.1047~1-09a63]:InitAmGmm():gmm-init-model.cc:83) Very small count for state 1064: 72; corresponding phone list: 71 
WARNING (gmm-init-model[5.5.1047~1-09a63]:InitAmGmm():gmm-init-model.cc:83) Very small count for state 1067: 79; corresponding phone list: 235 
WARNING (gmm-init-model[5.5.1047~1-09a63]:InitAmGmm():gmm-init-model.cc:83) Very small count for state 1070: 94; corresponding phone list: 221 
WARNING (gmm-init-model[5.5.1047~1-09a63]:InitAmGmm():gmm-init-model.cc:83) Very small count for state 1082: 64; corresponding phone list: 71 
WARNING (gmm-init-model[5.5.1047~1-09a63]:InitAmGmm():gmm-init-model.cc:83) Very small count for state 1092: 93; corresponding phone list: 249 
WARNING (gmm-init-model[5.5.1047~1-09a63]:InitAmGmm():gmm-init-model.cc:83) Very small count for state 1096: 28; corresponding phone list: 106 
WARNING (gmm-init-model[5.5.1047~1-09a63]:InitAmGmm():gmm-init-model.cc:83) Very small count for state 1097: 53; corresponding phone list: 150 
WARNING (gmm-init-model[5.5.1047~1-09a63]:InitAmGmm():gmm-init-model.cc:83) Very small count for state 1101: 53; corresponding phone list: 178 
WARNING (gmm-init-model[5.5.1047~1-09a63]:InitAmGmm():gmm-init-model.cc:83) Very small count for state 1122: 62; corresponding phone list: 4 
WARNING (gmm-init-model[5.5.1047~1-09a63]:InitAmGmm():gmm-init-model.cc:83) Very small count for state 1123: 61; corresponding phone list: 35 
WARNING (gmm-init-model[5.5.1047~1-09a63]:InitAmGmm():gmm-init-model.cc:83) Very small count for state 1126: 98; corresponding phone list: 71 
WARNING (gmm-init-model[5.5.1047~1-09a63]:InitAmGmm():gmm-init-model.cc:83) Very small count for state 1128: 60; corresponding phone list: 175 
WARNING (gmm-init-model[5.5.1047~1-09a63]:InitAmGmm():gmm-init-model.cc:83) Very small count for state 1134: 73; corresponding phone list: 221 
WARNING (gmm-init-model[5.5.1047~1-09a63]:InitAmGmm():gmm-init-model.cc:83) Very small count for state 1144: 99; corresponding phone list: 254 
WARNING (gmm-init-model[5.5.1047~1-09a63]:InitAmGmm():gmm-init-model.cc:83) Very small count for state 1145: 67; corresponding phone list: 215 
WARNING (gmm-init-model[5.5.1047~1-09a63]:InitAmGmm():gmm-init-model.cc:83) Very small count for state 1152: 70; corresponding phone list: 71 
WARNING (gmm-init-model[5.5.1047~1-09a63]:InitAmGmm():gmm-init-model.cc:83) Very small count for state 1167: 45; corresponding phone list: 97 
WARNING (gmm-init-model[5.5.1047~1-09a63]:InitAmGmm():gmm-init-model.cc:83) Very small count for state 1177: 71; corresponding phone list: 149 
WARNING (gmm-init-model[5.5.1047~1-09a63]:InitAmGmm():gmm-init-model.cc:83) Very small count for state 1183: 83; corresponding phone list: 219 
WARNING (gmm-init-model[5.5.1047~1-09a63]:InitAmGmm():gmm-init-model.cc:83) Very small count for state 1188: 79; corresponding phone list: 158 
WARNING (gmm-init-model[5.5.1047~1-09a63]:InitAmGmm():gmm-init-model.cc:83) Very small count for state 1189: 77; corresponding phone list: 174 
WARNING (gmm-init-model[5.5.1047~1-09a63]:InitAmGmm():gmm-init-model.cc:83) Very small count for state 1193: 53; corresponding phone list: 197 
WARNING (gmm-init-model[5.5.1047~1-09a63]:InitAmGmm():gmm-init-model.cc:83) Very small count for state 1197: 69; corresponding phone list: 59 
WARNING (gmm-init-model[5.5.1047~1-09a63]:InitAmGmm():gmm-init-model.cc:83) Very small count for state 1198: 91; corresponding phone list: 169 
WARNING (gmm-init-model[5.5.1047~1-09a63]:InitAmGmm():gmm-init-model.cc:83) Very small count for state 1201: 75; corresponding phone list: 148 
WARNING (gmm-init-model[5.5.1047~1-09a63]:InitAmGmm():gmm-init-model.cc:83) Very small count for state 1205: 86; corresponding phone list: 211 
WARNING (gmm-init-model[5.5.1047~1-09a63]:InitAmGmm():gmm-init-model.cc:83) Very small count for state 1207: 17; corresponding phone list: 199 
WARNING (gmm-init-model[5.5.1047~1-09a63]:InitAmGmm():gmm-init-model.cc:83) Very small count for state 1210: 86; corresponding phone list: 194 
WARNING (gmm-init-model[5.5.1047~1-09a63]:InitAmGmm():gmm-init-model.cc:83) Very small count for state 1222: 81; corresponding phone list: 6 
WARNING (gmm-init-model[5.5.1047~1-09a63]:InitAmGmm():gmm-init-model.cc:83) Very small count for state 1232: 66; corresponding phone list: 47 
WARNING (gmm-init-model[5.5.1047~1-09a63]:InitAmGmm():gmm-init-model.cc:83) Very small count for state 1237: 59; corresponding phone list: 280 
WARNING (gmm-init-model[5.5.1047~1-09a63]:InitAmGmm():gmm-init-model.cc:83) Very small count for state 1239: 63; corresponding phone list: 60 
WARNING (gmm-init-model[5.5.1047~1-09a63]:InitAmGmm():gmm-init-model.cc:83) Very small count for state 1250: 86; corresponding phone list: 173 
WARNING (gmm-init-model[5.5.1047~1-09a63]:InitAmGmm():gmm-init-model.cc:83) Very small count for state 1252: 89; corresponding phone list: 6 
WARNING (gmm-init-model[5.5.1047~1-09a63]:InitAmGmm():gmm-init-model.cc:83) Very small count for state 1256: 98; corresponding phone list: 220 
WARNING (gmm-init-model[5.5.1047~1-09a63]:InitAmGmm():gmm-init-model.cc:83) Very small count for state 1288: 48; corresponding phone list: 183 
WARNING (gmm-init-model[5.5.1047~1-09a63]:InitAmGmm():gmm-init-model.cc:83) Very small count for state 1297: 34; corresponding phone list: 226 
WARNING (gmm-init-model[5.5.1047~1-09a63]:InitAmGmm():gmm-init-model.cc:83) Very small count for state 1302: 78; corresponding phone list: 229 
WARNING (gmm-init-model[5.5.1047~1-09a63]:InitAmGmm():gmm-init-model.cc:83) Very small count for state 1316: 94; corresponding phone list: 56 
WARNING (gmm-init-model[5.5.1047~1-09a63]:InitAmGmm():gmm-init-model.cc:83) Very small count for state 1357: 69; corresponding phone list: 71 
WARNING (gmm-init-model[5.5.1047~1-09a63]:InitAmGmm():gmm-init-model.cc:83) Very small count for state 1363: 82; corresponding phone list: 75 
WARNING (gmm-init-model[5.5.1047~1-09a63]:InitAmGmm():gmm-init-model.cc:83) Very small count for state 1398: 91; corresponding phone list: 6 
WARNING (gmm-init-model[5.5.1047~1-09a63]:InitAmGmm():gmm-init-model.cc:83) Very small count for state 1400: 58; corresponding phone list: 179 
WARNING (gmm-init-model[5.5.1047~1-09a63]:InitAmGmm():gmm-init-model.cc:83) Very small count for state 1404: 97; corresponding phone list: 74 
WARNING (gmm-init-model[5.5.1047~1-09a63]:InitAmGmm():gmm-init-model.cc:83) Very small count for state 1405: 54; corresponding phone list: 183 
WARNING (gmm-init-model[5.5.1047~1-09a63]:InitAmGmm():gmm-init-model.cc:83) Very small count for state 1427: 63; corresponding phone list: 63 
WARNING (gmm-init-model[5.5.1047~1-09a63]:InitAmGmm():gmm-init-model.cc:83) Very small count for state 1428: 67; corresponding phone list: 2 
WARNING (gmm-init-model[5.5.1047~1-09a63]:InitAmGmm():gmm-init-model.cc:83) Very small count for state 1433: 85; corresponding phone list: 133 
WARNING (gmm-init-model[5.5.1047~1-09a63]:InitAmGmm():gmm-init-model.cc:83) Very small count for state 1434: 75; corresponding phone list: 232 
WARNING (gmm-init-model[5.5.1047~1-09a63]:InitAmGmm():gmm-init-model.cc:83) Very small count for state 1442: 21; corresponding phone list: 215 
WARNING (gmm-init-model[5.5.1047~1-09a63]:InitAmGmm():gmm-init-model.cc:83) Very small count for state 1450: 73; corresponding phone list: 231 
WARNING (gmm-init-model[5.5.1047~1-09a63]:InitAmGmm():gmm-init-model.cc:83) Very small count for state 1455: 33; corresponding phone list: 226 
WARNING (gmm-init-model[5.5.1047~1-09a63]:InitAmGmm():gmm-init-model.cc:83) Very small count for state 1465: 76; corresponding phone list: 129 
WARNING (gmm-init-model[5.5.1047~1-09a63]:InitAmGmm():gmm-init-model.cc:83) Very small count for state 1480: 49; corresponding phone list: 147 
WARNING (gmm-init-model[5.5.1047~1-09a63]:InitAmGmm():gmm-init-model.cc:83) Very small count for state 1481: 84; corresponding phone list: 7 
WARNING (gmm-init-model[5.5.1047~1-09a63]:InitAmGmm():gmm-init-model.cc:83) Very small count for state 1484: 82; corresponding phone list: 149 
WARNING (gmm-init-model[5.5.1047~1-09a63]:InitAmGmm():gmm-init-model.cc:83) Very small count for state 1489: 86; corresponding phone list: 91 
WARNING (gmm-init-model[5.5.1047~1-09a63]:InitAmGmm():gmm-init-model.cc:83) Very small count for state 1499: 96; corresponding phone list: 251 
WARNING (gmm-init-model[5.5.1047~1-09a63]:InitAmGmm():gmm-init-model.cc:83) Very small count for state 1500: 94; corresponding phone list: 184 
WARNING (gmm-init-model[5.5.1047~1-09a63]:InitAmGmm():gmm-init-model.cc:83) Very small count for state 1540: 67; corresponding phone list: 248 
WARNING (gmm-init-model[5.5.1047~1-09a63]:InitAmGmm():gmm-init-model.cc:83) Very small count for state 1541: 76; corresponding phone list: 216 
WARNING (gmm-init-model[5.5.1047~1-09a63]:InitAmGmm():gmm-init-model.cc:83) Very small count for state 1549: 38; corresponding phone list: 229 
WARNING (gmm-init-model[5.5.1047~1-09a63]:InitAmGmm():gmm-init-model.cc:83) Very small count for state 1551: 96; corresponding phone list: 21 
WARNING (gmm-init-model[5.5.1047~1-09a63]:InitAmGmm():gmm-init-model.cc:83) Very small count for state 1561: 54; corresponding phone list: 3 
WARNING (gmm-init-model[5.5.1047~1-09a63]:InitAmGmm():gmm-init-model.cc:83) Very small count for state 1567: 47; corresponding phone list: 228 
WARNING (gmm-init-model[5.5.1047~1-09a63]:InitAmGmm():gmm-init-model.cc:83) Very small count for state 1569: 84; corresponding phone list: 156 
WARNING (gmm-init-model[5.5.1047~1-09a63]:InitAmGmm():gmm-init-model.cc:83) Very small count for state 1577: 78; corresponding phone list: 219 
WARNING (gmm-init-model[5.5.1047~1-09a63]:InitAmGmm():gmm-init-model.cc:83) Very small count for state 1581: 93; corresponding phone list: 192 
WARNING (gmm-init-model[5.5.1047~1-09a63]:InitAmGmm():gmm-init-model.cc:83) Very small count for state 1587: 60; corresponding phone list: 140 
WARNING (gmm-init-model[5.5.1047~1-09a63]:InitAmGmm():gmm-init-model.cc:83) Very small count for state 1588: 93; corresponding phone list: 280 
WARNING (gmm-init-model[5.5.1047~1-09a63]:InitAmGmm():gmm-init-model.cc:83) Very small count for state 1589: 78; corresponding phone list: 76 
WARNING (gmm-init-model[5.5.1047~1-09a63]:InitAmGmm():gmm-init-model.cc:83) Very small count for state 1600: 55; corresponding phone list: 212 
WARNING (gmm-init-model[5.5.1047~1-09a63]:InitAmGmm():gmm-init-model.cc:83) Very small count for state 1601: 70; corresponding phone list: 202 
WARNING (gmm-init-model[5.5.1047~1-09a63]:InitAmGmm():gmm-init-model.cc:83) Very small count for state 1602: 82; corresponding phone list: 93 
WARNING (gmm-init-model[5.5.1047~1-09a63]:InitAmGmm():gmm-init-model.cc:83) Very small count for state 1608: 73; corresponding phone list: 161 
WARNING (gmm-init-model[5.5.1047~1-09a63]:InitAmGmm():gmm-init-model.cc:83) Very small count for state 1631: 96; corresponding phone list: 71 
WARNING (gmm-init-model[5.5.1047~1-09a63]:InitAmGmm():gmm-init-model.cc:83) Very small count for state 1638: 52; corresponding phone list: 55 
WARNING (gmm-init-model[5.5.1047~1-09a63]:InitAmGmm():gmm-init-model.cc:83) Very small count for state 1643: 77; corresponding phone list: 192 
WARNING (gmm-init-model[5.5.1047~1-09a63]:InitAmGmm():gmm-init-model.cc:83) Very small count for state 1644: 90; corresponding phone list: 14 
WARNING (gmm-init-model[5.5.1047~1-09a63]:InitAmGmm():gmm-init-model.cc:83) Very small count for state 1664: 83; corresponding phone list: 2 
WARNING (gmm-init-model[5.5.1047~1-09a63]:InitAmGmm():gmm-init-model.cc:83) Very small count for state 1665: 90; corresponding phone list: 42 
WARNING (gmm-init-model[5.5.1047~1-09a63]:InitAmGmm():gmm-init-model.cc:83) Very small count for state 1667: 45; corresponding phone list: 137 
WARNING (gmm-init-model[5.5.1047~1-09a63]:InitAmGmm():gmm-init-model.cc:83) Very small count for state 1679: 76; corresponding phone list: 38 
WARNING (gmm-init-model[5.5.1047~1-09a63]:InitAmGmm():gmm-init-model.cc:83) Very small count for state 1698: 42; corresponding phone list: 178 
WARNING (gmm-init-model[5.5.1047~1-09a63]:InitAmGmm():gmm-init-model.cc:83) Very small count for state 1701: 60; corresponding phone list: 104 
WARNING (gmm-init-model[5.5.1047~1-09a63]:InitAmGmm():gmm-init-model.cc:83) Very small count for state 1708: 70; corresponding phone list: 128 
WARNING (gmm-init-model[5.5.1047~1-09a63]:InitAmGmm():gmm-init-model.cc:83) Very small count for state 1744: 23; corresponding phone list: 230 
WARNING (gmm-init-model[5.5.1047~1-09a63]:InitAmGmm():gmm-init-model.cc:83) Very small count for state 1746: 87; corresponding phone list: 112 
WARNING (gmm-init-model[5.5.1047~1-09a63]:InitAmGmm():gmm-init-model.cc:83) Very small count for state 1755: 91; corresponding phone list: 105 
WARNING (gmm-init-model[5.5.1047~1-09a63]:InitAmGmm():gmm-init-model.cc:83) Very small count for state 1756: 70; corresponding phone list: 85 
WARNING (gmm-init-model[5.5.1047~1-09a63]:InitAmGmm():gmm-init-model.cc:83) Very small count for state 1757: 91; corresponding phone list: 236 
WARNING (gmm-init-model[5.5.1047~1-09a63]:InitAmGmm():gmm-init-model.cc:83) Very small count for state 1772: 76; corresponding phone list: 249 
WARNING (gmm-init-model[5.5.1047~1-09a63]:InitAmGmm():gmm-init-model.cc:83) Very small count for state 1778: 53; corresponding phone list: 117 
WARNING (gmm-init-model[5.5.1047~1-09a63]:InitAmGmm():gmm-init-model.cc:83) Very small count for state 1779: 42; corresponding phone list: 28 
WARNING (gmm-init-model[5.5.1047~1-09a63]:InitAmGmm():gmm-init-model.cc:83) Very small count for state 1811: 53; corresponding phone list: 248 
WARNING (gmm-init-model[5.5.1047~1-09a63]:InitAmGmm():gmm-init-model.cc:83) Very small count for state 1812: 18; corresponding phone list: 100 
WARNING (gmm-init-model[5.5.1047~1-09a63]:InitAmGmm():gmm-init-model.cc:83) Very small count for state 1813: 76; corresponding phone list: 178 
WARNING (gmm-init-model[5.5.1047~1-09a63]:InitAmGmm():gmm-init-model.cc:83) Very small count for state 1818: 55; corresponding phone list: 268 
WARNING (gmm-init-model[5.5.1047~1-09a63]:InitAmGmm():gmm-init-model.cc:83) Very small count for state 1824: 89; corresponding phone list: 120 
WARNING (gmm-init-model[5.5.1047~1-09a63]:InitAmGmm():gmm-init-model.cc:83) Very small count for state 1825: 53; corresponding phone list: 60 
WARNING (gmm-init-model[5.5.1047~1-09a63]:InitAmGmm():gmm-init-model.cc:83) Very small count for state 1832: 79; corresponding phone list: 120 
WARNING (gmm-init-model[5.5.1047~1-09a63]:InitAmGmm():gmm-init-model.cc:83) Very small count for state 1843: 90; corresponding phone list: 27 
WARNING (gmm-init-model[5.5.1047~1-09a63]:InitAmGmm():gmm-init-model.cc:83) Very small count for state 1847: 73; corresponding phone list: 169 
WARNING (gmm-init-model[5.5.1047~1-09a63]:InitAmGmm():gmm-init-model.cc:83) Very small count for state 1851: 84; corresponding phone list: 145 
WARNING (gmm-init-model[5.5.1047~1-09a63]:InitAmGmm():gmm-init-model.cc:83) Very small count for state 1862: 49; corresponding phone list: 133 
WARNING (gmm-init-model[5.5.1047~1-09a63]:InitAmGmm():gmm-init-model.cc:83) Very small count for state 1863: 65; corresponding phone list: 32 
WARNING (gmm-init-model[5.5.1047~1-09a63]:InitAmGmm():gmm-init-model.cc:83) Very small count for state 1864: 74; corresponding phone list: 148 
WARNING (gmm-init-model[5.5.1047~1-09a63]:InitAmGmm():gmm-init-model.cc:83) Very small count for state 1869: 74; corresponding phone list: 196 
WARNING (gmm-init-model[5.5.1047~1-09a63]:InitAmGmm():gmm-init-model.cc:83) Very small count for state 1881: 87; corresponding phone list: 12 
WARNING (gmm-init-model[5.5.1047~1-09a63]:InitAmGmm():gmm-init-model.cc:83) Very small count for state 1889: 90; corresponding phone list: 269 
WARNING (gmm-init-model[5.5.1047~1-09a63]:InitAmGmm():gmm-init-model.cc:83) Very small count for state 1890: 85; corresponding phone list: 165 
WARNING (gmm-init-model[5.5.1047~1-09a63]:InitAmGmm():gmm-init-model.cc:83) Very small count for state 1902: 79; corresponding phone list: 257 
WARNING (gmm-init-model[5.5.1047~1-09a63]:InitAmGmm():gmm-init-model.cc:83) Very small count for state 1907: 88; corresponding phone list: 172 
WARNING (gmm-init-model[5.5.1047~1-09a63]:InitAmGmm():gmm-init-model.cc:83) Very small count for state 1913: 79; corresponding phone list: 152 
WARNING (gmm-init-model[5.5.1047~1-09a63]:InitAmGmm():gmm-init-model.cc:83) Very small count for state 1928: 80; corresponding phone list: 258 
WARNING (gmm-init-model[5.5.1047~1-09a63]:InitAmGmm():gmm-init-model.cc:83) Very small count for state 1936: 64; corresponding phone list: 98 
WARNING (gmm-init-model[5.5.1047~1-09a63]:InitAmGmm():gmm-init-model.cc:83) Very small count for state 1939: 35; corresponding phone list: 50 
WARNING (gmm-init-model[5.5.1047~1-09a63]:InitAmGmm():gmm-init-model.cc:83) Very small count for state 1940: 61; corresponding phone list: 126 
WARNING (gmm-init-model[5.5.1047~1-09a63]:InitAmGmm():gmm-init-model.cc:83) Very small count for state 1948: 55; corresponding phone list: 149 
WARNING (gmm-init-model[5.5.1047~1-09a63]:InitAmGmm():gmm-init-model.cc:83) Very small count for state 1954: 78; corresponding phone list: 63 
WARNING (gmm-init-model[5.5.1047~1-09a63]:InitAmGmm():gmm-init-model.cc:83) Very small count for state 1958: 92; corresponding phone list: 127 
WARNING (gmm-init-model[5.5.1047~1-09a63]:InitAmGmm():gmm-init-model.cc:83) Very small count for state 1960: 82; corresponding phone list: 153 
WARNING (gmm-init-model[5.5.1047~1-09a63]:InitAmGmm():gmm-init-model.cc:83) Very small count for state 1962: 45; corresponding phone list: 143 
WARNING (gmm-init-model[5.5.1047~1-09a63]:InitAmGmm():gmm-init-model.cc:83) Very small count for state 1975: 23; corresponding phone list: 18 
WARNING (gmm-init-model[5.5.1047~1-09a63]:InitAmGmm():gmm-init-model.cc:83) Very small count for state 1979: 46; corresponding phone list: 263 
WARNING (gmm-init-model[5.5.1047~1-09a63]:InitAmGmm():gmm-init-model.cc:83) Very small count for state 1980: 66; corresponding phone list: 186 
WARNING (gmm-init-model[5.5.1047~1-09a63]:InitAmGmm():gmm-init-model.cc:83) Very small count for state 1982: 48; corresponding phone list: 52 
WARNING (gmm-init-model[5.5.1047~1-09a63]:InitAmGmm():gmm-init-model.cc:83) Very small count for state 1987: 48; corresponding phone list: 14 
WARNING (gmm-init-model[5.5.1047~1-09a63]:InitAmGmm():gmm-init-model.cc:83) Very small count for state 1991: 94; corresponding phone list: 188 
LOG (gmm-init-model[5.5.1047~1-09a63]:main():gmm-init-model.cc:306) Wrote model.
# Accounting: time=1 threads=1
# Ended (code 0) at Sun Sep 25 13:10:41 CST 2022, elapsed time 1 seconds
