# gmm-est --mix-up=14400 --power=0.25 --write-occs=exp/tri2/19.occs exp/tri2/18.mdl "gmm-sum-accs - exp/tri2/18.*.acc |" exp/tri2/19.mdl 
# Started at Sun Sep 25 13:11:00 CST 2022
#
gmm-est --mix-up=14400 --power=0.25 --write-occs=exp/tri2/19.occs exp/tri2/18.mdl 'gmm-sum-accs - exp/tri2/18.*.acc |' exp/tri2/19.mdl 
gmm-sum-accs - exp/tri2/18.1.acc 
LOG (gmm-sum-accs[5.5.1047~1-09a63]:main():gmm-sum-accs.cc:63) Summed 1 stats, total count 788174, avg like/frame -79.1375
LOG (gmm-sum-accs[5.5.1047~1-09a63]:main():gmm-sum-accs.cc:66) Total count of stats is 788174
LOG (gmm-sum-accs[5.5.1047~1-09a63]:main():gmm-sum-accs.cc:67) Written stats to -
LOG (gmm-est[5.5.1047~1-09a63]:MleUpdate():transition-model.cc:528) TransitionModel::Update, objf change is 0 per frame over 788174 frames. 
LOG (gmm-est[5.5.1047~1-09a63]:MleUpdate():transition-model.cc:531) 90 probabilities floored, 108 out of 2176 transition-states skipped due to insuffient data (it is normal to have some skipped.)
LOG (gmm-est[5.5.1047~1-09a63]:main():gmm-est.cc:102) Transition model update: Overall 0 log-like improvement per frame over 788174 frames.
WARNING (gmm-est[5.5.1047~1-09a63]:MleDiagGmmUpdate():mle-diag-gmm.cc:365) Gaussian has too little data but not removing it because it is the last Gaussian: i = 0, occ = 0, weight = 1
WARNING (gmm-est[5.5.1047~1-09a63]:MleDiagGmmUpdate():mle-diag-gmm.cc:365) Gaussian has too little data but not removing it because it is the last Gaussian: i = 0, occ = 10, weight = 1
WARNING (gmm-est[5.5.1047~1-09a63]:MleDiagGmmUpdate():mle-diag-gmm.cc:365) Gaussian has too little data but not removing it because it is the last Gaussian: i = 0, occ = 7, weight = 1
WARNING (gmm-est[5.5.1047~1-09a63]:MleDiagGmmUpdate():mle-diag-gmm.cc:359) Too little data - removing Gaussian (weight 0.077067, occupation count 9.710494, vector size 48)
WARNING (gmm-est[5.5.1047~1-09a63]:MleDiagGmmUpdate():mle-diag-gmm.cc:365) Gaussian has too little data but not removing it because it is the last Gaussian: i = 0, occ = 6, weight = 1
WARNING (gmm-est[5.5.1047~1-09a63]:MleDiagGmmUpdate():mle-diag-gmm.cc:365) Gaussian has too little data but not removing it because it is the last Gaussian: i = 0, occ = 8, weight = 1
WARNING (gmm-est[5.5.1047~1-09a63]:MleDiagGmmUpdate():mle-diag-gmm.cc:365) Gaussian has too little data but not removing it because it is the last Gaussian: i = 0, occ = 8, weight = 1
WARNING (gmm-est[5.5.1047~1-09a63]:MleDiagGmmUpdate():mle-diag-gmm.cc:365) Gaussian has too little data but not removing it because it is the last Gaussian: i = 0, occ = 0, weight = 1
WARNING (gmm-est[5.5.1047~1-09a63]:MleDiagGmmUpdate():mle-diag-gmm.cc:365) Gaussian has too little data but not removing it because it is the last Gaussian: i = 0, occ = 3, weight = 1
WARNING (gmm-est[5.5.1047~1-09a63]:MleDiagGmmUpdate():mle-diag-gmm.cc:365) Gaussian has too little data but not removing it because it is the last Gaussian: i = 0, occ = 7, weight = 1
WARNING (gmm-est[5.5.1047~1-09a63]:MleDiagGmmUpdate():mle-diag-gmm.cc:365) Gaussian has too little data but not removing it because it is the last Gaussian: i = 0, occ = 0, weight = 1
WARNING (gmm-est[5.5.1047~1-09a63]:MleDiagGmmUpdate():mle-diag-gmm.cc:365) Gaussian has too little data but not removing it because it is the last Gaussian: i = 0, occ = 0, weight = 1
WARNING (gmm-est[5.5.1047~1-09a63]:MleDiagGmmUpdate():mle-diag-gmm.cc:365) Gaussian has too little data but not removing it because it is the last Gaussian: i = 0, occ = 10, weight = 1
WARNING (gmm-est[5.5.1047~1-09a63]:MleDiagGmmUpdate():mle-diag-gmm.cc:365) Gaussian has too little data but not removing it because it is the last Gaussian: i = 0, occ = 0, weight = 1
WARNING (gmm-est[5.5.1047~1-09a63]:MleDiagGmmUpdate():mle-diag-gmm.cc:365) Gaussian has too little data but not removing it because it is the last Gaussian: i = 0, occ = 7, weight = 1
WARNING (gmm-est[5.5.1047~1-09a63]:MleDiagGmmUpdate():mle-diag-gmm.cc:365) Gaussian has too little data but not removing it because it is the last Gaussian: i = 0, occ = 5, weight = 1
WARNING (gmm-est[5.5.1047~1-09a63]:MleDiagGmmUpdate():mle-diag-gmm.cc:365) Gaussian has too little data but not removing it because it is the last Gaussian: i = 0, occ = 10, weight = 1
WARNING (gmm-est[5.5.1047~1-09a63]:MleDiagGmmUpdate():mle-diag-gmm.cc:365) Gaussian has too little data but not removing it because it is the last Gaussian: i = 0, occ = 0, weight = 1
WARNING (gmm-est[5.5.1047~1-09a63]:MleDiagGmmUpdate():mle-diag-gmm.cc:365) Gaussian has too little data but not removing it because it is the last Gaussian: i = 0, occ = 9, weight = 1
WARNING (gmm-est[5.5.1047~1-09a63]:MleDiagGmmUpdate():mle-diag-gmm.cc:365) Gaussian has too little data but not removing it because it is the last Gaussian: i = 0, occ = 6, weight = 1
WARNING (gmm-est[5.5.1047~1-09a63]:MleDiagGmmUpdate():mle-diag-gmm.cc:365) Gaussian has too little data but not removing it because it is the last Gaussian: i = 0, occ = 6, weight = 1
WARNING (gmm-est[5.5.1047~1-09a63]:MleDiagGmmUpdate():mle-diag-gmm.cc:365) Gaussian has too little data but not removing it because it is the last Gaussian: i = 0, occ = 3, weight = 1
WARNING (gmm-est[5.5.1047~1-09a63]:MleDiagGmmUpdate():mle-diag-gmm.cc:359) Too little data - removing Gaussian (weight 0.070215, occupation count 9.338605, vector size 48)
WARNING (gmm-est[5.5.1047~1-09a63]:MleDiagGmmUpdate():mle-diag-gmm.cc:359) Too little data - removing Gaussian (weight 0.072399, occupation count 9.411877, vector size 48)
WARNING (gmm-est[5.5.1047~1-09a63]:MleDiagGmmUpdate():mle-diag-gmm.cc:359) Too little data - removing Gaussian (weight 0.027472, occupation count 9.999701, vector size 48)
LOG (gmm-est[5.5.1047~1-09a63]:MleAmDiagGmmUpdate():mle-am-diag-gmm.cc:225) 57516 variance elements floored in 13653 Gaussians, out of 13698
LOG (gmm-est[5.5.1047~1-09a63]:MleAmDiagGmmUpdate():mle-am-diag-gmm.cc:229) Removed 4 Gaussians due to counts < --min-gaussian-occupancy=10 and --remove-low-count-gaussians=true
LOG (gmm-est[5.5.1047~1-09a63]:main():gmm-est.cc:113) GMM update: Overall 0.151138 objective function improvement per frame over 788174 frames
LOG (gmm-est[5.5.1047~1-09a63]:main():gmm-est.cc:116) GMM update: Overall avg like per frame = -79.1375 over 788174 frames.
LOG (gmm-est[5.5.1047~1-09a63]:SplitByCount():am-diag-gmm.cc:116) Split 1992 states with target = 14400, power = 0.25, perturb_factor = 0.01 and min_count = 20, split #Gauss from 13698 to 14402
LOG (gmm-est[5.5.1047~1-09a63]:main():gmm-est.cc:146) Written model to exp/tri2/19.mdl
# Accounting: time=0 threads=1
# Ended (code 0) at Sun Sep 25 13:11:00 CST 2022, elapsed time 0 seconds
