# gmm-est --mix-up=17200 --power=0.25 --write-occs=exp/tri2/23.occs exp/tri2/22.mdl "gmm-sum-accs - exp/tri2/22.*.acc |" exp/tri2/23.mdl 
# Started at Wed Sep 28 18:05:58 CST 2022
#
gmm-est --mix-up=17200 --power=0.25 --write-occs=exp/tri2/23.occs exp/tri2/22.mdl 'gmm-sum-accs - exp/tri2/22.*.acc |' exp/tri2/23.mdl 
gmm-sum-accs - exp/tri2/22.1.acc 
LOG (gmm-sum-accs[5.5.1049~1-4592c5]:main():gmm-sum-accs.cc:63) Summed 1 stats, total count 788174, avg like/frame -77.9866
LOG (gmm-sum-accs[5.5.1049~1-4592c5]:main():gmm-sum-accs.cc:66) Total count of stats is 788174
LOG (gmm-sum-accs[5.5.1049~1-4592c5]:main():gmm-sum-accs.cc:67) Written stats to -
LOG (gmm-est[5.5.1049~1-4592c5]:MleUpdate():transition-model.cc:528) TransitionModel::Update, objf change is 0 per frame over 788174 frames. 
LOG (gmm-est[5.5.1049~1-4592c5]:MleUpdate():transition-model.cc:531) 91 probabilities floored, 114 out of 2186 transition-states skipped due to insuffient data (it is normal to have some skipped.)
LOG (gmm-est[5.5.1049~1-4592c5]:main():gmm-est.cc:102) Transition model update: Overall 0 log-like improvement per frame over 788174 frames.
WARNING (gmm-est[5.5.1049~1-4592c5]:MleDiagGmmUpdate():mle-diag-gmm.cc:365) Gaussian has too little data but not removing it because it is the last Gaussian: i = 0, occ = 0, weight = 1
WARNING (gmm-est[5.5.1049~1-4592c5]:MleDiagGmmUpdate():mle-diag-gmm.cc:365) Gaussian has too little data but not removing it because it is the last Gaussian: i = 0, occ = 0, weight = 1
WARNING (gmm-est[5.5.1049~1-4592c5]:MleDiagGmmUpdate():mle-diag-gmm.cc:365) Gaussian has too little data but not removing it because it is the last Gaussian: i = 0, occ = 8, weight = 1
WARNING (gmm-est[5.5.1049~1-4592c5]:MleDiagGmmUpdate():mle-diag-gmm.cc:365) Gaussian has too little data but not removing it because it is the last Gaussian: i = 0, occ = 6, weight = 1
WARNING (gmm-est[5.5.1049~1-4592c5]:MleDiagGmmUpdate():mle-diag-gmm.cc:365) Gaussian has too little data but not removing it because it is the last Gaussian: i = 0, occ = 6, weight = 1
WARNING (gmm-est[5.5.1049~1-4592c5]:MleDiagGmmUpdate():mle-diag-gmm.cc:365) Gaussian has too little data but not removing it because it is the last Gaussian: i = 0, occ = 8, weight = 1
WARNING (gmm-est[5.5.1049~1-4592c5]:MleDiagGmmUpdate():mle-diag-gmm.cc:365) Gaussian has too little data but not removing it because it is the last Gaussian: i = 0, occ = 0, weight = 1
WARNING (gmm-est[5.5.1049~1-4592c5]:MleDiagGmmUpdate():mle-diag-gmm.cc:365) Gaussian has too little data but not removing it because it is the last Gaussian: i = 0, occ = 10, weight = 1
WARNING (gmm-est[5.5.1049~1-4592c5]:MleDiagGmmUpdate():mle-diag-gmm.cc:365) Gaussian has too little data but not removing it because it is the last Gaussian: i = 0, occ = 3, weight = 1
WARNING (gmm-est[5.5.1049~1-4592c5]:MleDiagGmmUpdate():mle-diag-gmm.cc:365) Gaussian has too little data but not removing it because it is the last Gaussian: i = 0, occ = 10, weight = 1
WARNING (gmm-est[5.5.1049~1-4592c5]:MleDiagGmmUpdate():mle-diag-gmm.cc:365) Gaussian has too little data but not removing it because it is the last Gaussian: i = 0, occ = 0, weight = 1
WARNING (gmm-est[5.5.1049~1-4592c5]:MleDiagGmmUpdate():mle-diag-gmm.cc:365) Gaussian has too little data but not removing it because it is the last Gaussian: i = 0, occ = 0, weight = 1
WARNING (gmm-est[5.5.1049~1-4592c5]:MleDiagGmmUpdate():mle-diag-gmm.cc:365) Gaussian has too little data but not removing it because it is the last Gaussian: i = 0, occ = 10, weight = 1
WARNING (gmm-est[5.5.1049~1-4592c5]:MleDiagGmmUpdate():mle-diag-gmm.cc:365) Gaussian has too little data but not removing it because it is the last Gaussian: i = 0, occ = 0, weight = 1
WARNING (gmm-est[5.5.1049~1-4592c5]:MleDiagGmmUpdate():mle-diag-gmm.cc:365) Gaussian has too little data but not removing it because it is the last Gaussian: i = 0, occ = 6, weight = 1
WARNING (gmm-est[5.5.1049~1-4592c5]:MleDiagGmmUpdate():mle-diag-gmm.cc:365) Gaussian has too little data but not removing it because it is the last Gaussian: i = 0, occ = 5, weight = 1
WARNING (gmm-est[5.5.1049~1-4592c5]:MleDiagGmmUpdate():mle-diag-gmm.cc:365) Gaussian has too little data but not removing it because it is the last Gaussian: i = 0, occ = 8, weight = 1
WARNING (gmm-est[5.5.1049~1-4592c5]:MleDiagGmmUpdate():mle-diag-gmm.cc:365) Gaussian has too little data but not removing it because it is the last Gaussian: i = 0, occ = 0, weight = 1
WARNING (gmm-est[5.5.1049~1-4592c5]:MleDiagGmmUpdate():mle-diag-gmm.cc:365) Gaussian has too little data but not removing it because it is the last Gaussian: i = 0, occ = 6, weight = 1
WARNING (gmm-est[5.5.1049~1-4592c5]:MleDiagGmmUpdate():mle-diag-gmm.cc:365) Gaussian has too little data but not removing it because it is the last Gaussian: i = 0, occ = 6, weight = 1
WARNING (gmm-est[5.5.1049~1-4592c5]:MleDiagGmmUpdate():mle-diag-gmm.cc:365) Gaussian has too little data but not removing it because it is the last Gaussian: i = 0, occ = 3, weight = 1
WARNING (gmm-est[5.5.1049~1-4592c5]:MleDiagGmmUpdate():mle-diag-gmm.cc:359) Too little data - removing Gaussian (weight 0.063513, occupation count 8.891802, vector size 48)
WARNING (gmm-est[5.5.1049~1-4592c5]:MleDiagGmmUpdate():mle-diag-gmm.cc:359) Too little data - removing Gaussian (weight 0.060888, occupation count 9.863784, vector size 48)
WARNING (gmm-est[5.5.1049~1-4592c5]:MleDiagGmmUpdate():mle-diag-gmm.cc:359) Too little data - removing Gaussian (weight 0.059667, occupation count 9.844984, vector size 48)
WARNING (gmm-est[5.5.1049~1-4592c5]:MleDiagGmmUpdate():mle-diag-gmm.cc:359) Too little data - removing Gaussian (weight 0.075178, occupation count 9.998676, vector size 48)
WARNING (gmm-est[5.5.1049~1-4592c5]:MleDiagGmmUpdate():mle-diag-gmm.cc:359) Too little data - removing Gaussian (weight 0.036479, occupation count 9.192746, vector size 48)
WARNING (gmm-est[5.5.1049~1-4592c5]:MleDiagGmmUpdate():mle-diag-gmm.cc:359) Too little data - removing Gaussian (weight 0.091700, occupation count 9.995339, vector size 48)
WARNING (gmm-est[5.5.1049~1-4592c5]:MleDiagGmmUpdate():mle-diag-gmm.cc:359) Too little data - removing Gaussian (weight 0.077518, occupation count 9.999873, vector size 48)
WARNING (gmm-est[5.5.1049~1-4592c5]:MleDiagGmmUpdate():mle-diag-gmm.cc:359) Too little data - removing Gaussian (weight 0.036289, occupation count 8.999644, vector size 48)
WARNING (gmm-est[5.5.1049~1-4592c5]:MleDiagGmmUpdate():mle-diag-gmm.cc:359) Too little data - removing Gaussian (weight 0.067410, occupation count 9.504802, vector size 48)
LOG (gmm-est[5.5.1049~1-4592c5]:MleAmDiagGmmUpdate():mle-am-diag-gmm.cc:225) 70789 variance elements floored in 16458 Gaussians, out of 16503
LOG (gmm-est[5.5.1049~1-4592c5]:MleAmDiagGmmUpdate():mle-am-diag-gmm.cc:229) Removed 9 Gaussians due to counts < --min-gaussian-occupancy=10 and --remove-low-count-gaussians=true
LOG (gmm-est[5.5.1049~1-4592c5]:main():gmm-est.cc:113) GMM update: Overall 0.130042 objective function improvement per frame over 788174 frames
LOG (gmm-est[5.5.1049~1-4592c5]:main():gmm-est.cc:116) GMM update: Overall avg like per frame = -77.9866 over 788174 frames.
LOG (gmm-est[5.5.1049~1-4592c5]:SplitByCount():am-diag-gmm.cc:116) Split 1992 states with target = 17200, power = 0.25, perturb_factor = 0.01 and min_count = 20, split #Gauss from 16503 to 17212
LOG (gmm-est[5.5.1049~1-4592c5]:main():gmm-est.cc:146) Written model to exp/tri2/23.mdl
# Accounting: time=0 threads=1
# Ended (code 0) at Wed Sep 28 18:05:58 CST 2022, elapsed time 0 seconds
