# paste-feats --length-tolerance=2 "ark:compute-mfcc-feats  --write-utt2dur=ark,t:exp/make_mfcc/train_sp/utt2dur.39 --verbose=2     --config=conf/mfcc.conf scp,p:exp/make_mfcc/train_sp/wav_train_sp.39.scp ark:- |" "ark,s,cs:compute-kaldi-pitch-feats --verbose=2       --config=conf/pitch.conf scp,p:exp/make_mfcc/train_sp/wav_train_sp.39.scp ark:- |     process-kaldi-pitch-feats  ark:- ark:- |" ark:- | copy-feats --compress=true --write-num-frames=ark,t:exp/make_mfcc/train_sp/utt2num_frames.39 ark:- ark,scp:/home/hcilab1/kaldi/egs/formosa/s5/mfcc_perturbed/raw_mfcc_pitch_train_sp.39.ark,/home/hcilab1/kaldi/egs/formosa/s5/mfcc_perturbed/raw_mfcc_pitch_train_sp.39.scp 
# Started at Wed Sep  7 20:37:55 CST 2022
#
copy-feats --compress=true --write-num-frames=ark,t:exp/make_mfcc/train_sp/utt2num_frames.39 ark:- ark,scp:/home/hcilab1/kaldi/egs/formosa/s5/mfcc_perturbed/raw_mfcc_pitch_train_sp.39.ark,/home/hcilab1/kaldi/egs/formosa/s5/mfcc_perturbed/raw_mfcc_pitch_train_sp.39.scp 
paste-feats --length-tolerance=2 'ark:compute-mfcc-feats  --write-utt2dur=ark,t:exp/make_mfcc/train_sp/utt2dur.39 --verbose=2     --config=conf/mfcc.conf scp,p:exp/make_mfcc/train_sp/wav_train_sp.39.scp ark:- |' 'ark,s,cs:compute-kaldi-pitch-feats --verbose=2       --config=conf/pitch.conf scp,p:exp/make_mfcc/train_sp/wav_train_sp.39.scp ark:- |     process-kaldi-pitch-feats  ark:- ark:- |' ark:- 
compute-mfcc-feats --write-utt2dur=ark,t:exp/make_mfcc/train_sp/utt2dur.39 --verbose=2 --config=conf/mfcc.conf scp,p:exp/make_mfcc/train_sp/wav_train_sp.39.scp ark:- 
sox WARN wav: Length in output .wav header will be wrong since can't seek to fix it
VLOG[1] (compute-mfcc-feats[5.5.1047~1-09a63]:Read():wave-reader.cc:249) Read in RIFF chunk size: 2147479588, data chunk size: 2147479552. Assume 'stream mode' (reading data to EOF).
VLOG[2] (compute-mfcc-feats[5.5.1047~1-09a63]:main():compute-mfcc-feats.cc:182) Processed features for key sp0.9-SuiSiann_2560
process-kaldi-pitch-feats ark:- ark:- 
compute-kaldi-pitch-feats --verbose=2 --config=conf/pitch.conf scp,p:exp/make_mfcc/train_sp/wav_train_sp.39.scp ark:- 
sox WARN wav: Length in output .wav header will be wrong since can't seek to fix it
VLOG[1] (compute-kaldi-pitch-feats[5.5.1047~1-09a63]:Read():wave-reader.cc:249) Read in RIFF chunk size: 2147479588, data chunk size: 2147479552. Assume 'stream mode' (reading data to EOF).
sox WARN wav: Length in output .wav header will be wrong since can't seek to fix it
VLOG[1] (compute-mfcc-feats[5.5.1047~1-09a63]:Read():wave-reader.cc:249) Read in RIFF chunk size: 2147479588, data chunk size: 2147479552. Assume 'stream mode' (reading data to EOF).
VLOG[2] (compute-mfcc-feats[5.5.1047~1-09a63]:main():compute-mfcc-feats.cc:182) Processed features for key sp0.9-SuiSiann_2561
sox WARN wav: Length in output .wav header will be wrong since can't seek to fix it
VLOG[1] (compute-mfcc-feats[5.5.1047~1-09a63]:Read():wave-reader.cc:249) Read in RIFF chunk size: 2147479588, data chunk size: 2147479552. Assume 'stream mode' (reading data to EOF).
VLOG[2] (compute-mfcc-feats[5.5.1047~1-09a63]:main():compute-mfcc-feats.cc:182) Processed features for key sp0.9-SuiSiann_2562
sox WARN wav: Length in output .wav header will be wrong since can't seek to fix it
VLOG[1] (compute-kaldi-pitch-feats[5.5.1047~1-09a63]:Read():wave-reader.cc:249) Read in RIFF chunk size: 2147479588, data chunk size: 2147479552. Assume 'stream mode' (reading data to EOF).
sox WARN wav: Length in output .wav header will be wrong since can't seek to fix it
VLOG[1] (compute-mfcc-feats[5.5.1047~1-09a63]:Read():wave-reader.cc:249) Read in RIFF chunk size: 2147479588, data chunk size: 2147479552. Assume 'stream mode' (reading data to EOF).
VLOG[2] (compute-mfcc-feats[5.5.1047~1-09a63]:main():compute-mfcc-feats.cc:182) Processed features for key sp0.9-SuiSiann_2563
sox WARN wav: Length in output .wav header will be wrong since can't seek to fix it
VLOG[1] (compute-mfcc-feats[5.5.1047~1-09a63]:Read():wave-reader.cc:249) Read in RIFF chunk size: 2147479588, data chunk size: 2147479552. Assume 'stream mode' (reading data to EOF).
VLOG[2] (compute-mfcc-feats[5.5.1047~1-09a63]:main():compute-mfcc-feats.cc:182) Processed features for key sp0.9-SuiSiann_2564
sox WARN wav: Length in output .wav header will be wrong since can't seek to fix it
VLOG[1] (compute-kaldi-pitch-feats[5.5.1047~1-09a63]:Read():wave-reader.cc:249) Read in RIFF chunk size: 2147479588, data chunk size: 2147479552. Assume 'stream mode' (reading data to EOF).
sox WARN wav: Length in output .wav header will be wrong since can't seek to fix it
VLOG[1] (compute-mfcc-feats[5.5.1047~1-09a63]:Read():wave-reader.cc:249) Read in RIFF chunk size: 2147479588, data chunk size: 2147479552. Assume 'stream mode' (reading data to EOF).
VLOG[2] (compute-mfcc-feats[5.5.1047~1-09a63]:main():compute-mfcc-feats.cc:182) Processed features for key sp0.9-SuiSiann_2565
sox WARN wav: Length in output .wav header will be wrong since can't seek to fix it
VLOG[1] (compute-kaldi-pitch-feats[5.5.1047~1-09a63]:Read():wave-reader.cc:249) Read in RIFF chunk size: 2147479588, data chunk size: 2147479552. Assume 'stream mode' (reading data to EOF).
sox WARN wav: Length in output .wav header will be wrong since can't seek to fix it
VLOG[1] (compute-mfcc-feats[5.5.1047~1-09a63]:Read():wave-reader.cc:249) Read in RIFF chunk size: 2147479588, data chunk size: 2147479552. Assume 'stream mode' (reading data to EOF).
sox WARN wav: Length in output .wav header will be wrong since can't seek to fix it
VLOG[1] (compute-kaldi-pitch-feats[5.5.1047~1-09a63]:Read():wave-reader.cc:249) Read in RIFF chunk size: 2147479588, data chunk size: 2147479552. Assume 'stream mode' (reading data to EOF).
sox WARN wav: Length in output .wav header will be wrong since can't seek to fix it
VLOG[1] (compute-kaldi-pitch-feats[5.5.1047~1-09a63]:Read():wave-reader.cc:249) Read in RIFF chunk size: 2147479588, data chunk size: 2147479552. Assume 'stream mode' (reading data to EOF).
sox WARN wav: Length in output .wav header will be wrong since can't seek to fix it
VLOG[1] (compute-kaldi-pitch-feats[5.5.1047~1-09a63]:Read():wave-reader.cc:249) Read in RIFF chunk size: 2147479588, data chunk size: 2147479552. Assume 'stream mode' (reading data to EOF).
VLOG[2] (compute-mfcc-feats[5.5.1047~1-09a63]:main():compute-mfcc-feats.cc:182) Processed features for key sp0.9-SuiSiann_2566
sox WARN wav: Length in output .wav header will be wrong since can't seek to fix it
VLOG[1] (compute-mfcc-feats[5.5.1047~1-09a63]:Read():wave-reader.cc:249) Read in RIFF chunk size: 2147479588, data chunk size: 2147479552. Assume 'stream mode' (reading data to EOF).
VLOG[2] (compute-mfcc-feats[5.5.1047~1-09a63]:main():compute-mfcc-feats.cc:182) Processed features for key sp0.9-SuiSiann_2567
sox WARN wav: Length in output .wav header will be wrong since can't seek to fix it
VLOG[1] (compute-kaldi-pitch-feats[5.5.1047~1-09a63]:Read():wave-reader.cc:249) Read in RIFF chunk size: 2147479588, data chunk size: 2147479552. Assume 'stream mode' (reading data to EOF).
sox WARN wav: Length in output .wav header will be wrong since can't seek to fix it
VLOG[1] (compute-mfcc-feats[5.5.1047~1-09a63]:Read():wave-reader.cc:249) Read in RIFF chunk size: 2147479588, data chunk size: 2147479552. Assume 'stream mode' (reading data to EOF).
VLOG[2] (compute-mfcc-feats[5.5.1047~1-09a63]:main():compute-mfcc-feats.cc:182) Processed features for key sp0.9-SuiSiann_2568
sox WARN wav: Length in output .wav header will be wrong since can't seek to fix it
VLOG[1] (compute-mfcc-feats[5.5.1047~1-09a63]:Read():wave-reader.cc:249) Read in RIFF chunk size: 2147479588, data chunk size: 2147479552. Assume 'stream mode' (reading data to EOF).
LOG (compute-mfcc-feats[5.5.1047~1-09a63]:main():compute-mfcc-feats.cc:181) Processed 10 utterances
VLOG[2] (compute-mfcc-feats[5.5.1047~1-09a63]:main():compute-mfcc-feats.cc:182) Processed features for key sp0.9-SuiSiann_2569
sox WARN wav: Length in output .wav header will be wrong since can't seek to fix it
VLOG[1] (compute-mfcc-feats[5.5.1047~1-09a63]:Read():wave-reader.cc:249) Read in RIFF chunk size: 2147479588, data chunk size: 2147479552. Assume 'stream mode' (reading data to EOF).
VLOG[2] (compute-mfcc-feats[5.5.1047~1-09a63]:main():compute-mfcc-feats.cc:182) Processed features for key sp0.9-SuiSiann_2570
sox WARN wav: Length in output .wav header will be wrong since can't seek to fix it
VLOG[1] (compute-mfcc-feats[5.5.1047~1-09a63]:Read():wave-reader.cc:249) Read in RIFF chunk size: 2147479588, data chunk size: 2147479552. Assume 'stream mode' (reading data to EOF).
sox WARN wav: Length in output .wav header will be wrong since can't seek to fix it
VLOG[2] (compute-mfcc-feats[5.5.1047~1-09a63]:main():compute-mfcc-feats.cc:182) Processed features for key sp0.9-SuiSiann_2571
VLOG[1] (compute-kaldi-pitch-feats[5.5.1047~1-09a63]:Read():wave-reader.cc:249) Read in RIFF chunk size: 2147479588, data chunk size: 2147479552. Assume 'stream mode' (reading data to EOF).
sox WARN wav: Length in output .wav header will be wrong since can't seek to fix it
VLOG[1] (compute-mfcc-feats[5.5.1047~1-09a63]:Read():wave-reader.cc:249) Read in RIFF chunk size: 2147479588, data chunk size: 2147479552. Assume 'stream mode' (reading data to EOF).
VLOG[2] (compute-mfcc-feats[5.5.1047~1-09a63]:main():compute-mfcc-feats.cc:182) Processed features for key sp0.9-SuiSiann_2572
sox WARN wav: Length in output .wav header will be wrong since can't seek to fix it
VLOG[1] (compute-kaldi-pitch-feats[5.5.1047~1-09a63]:Read():wave-reader.cc:249) Read in RIFF chunk size: 2147479588, data chunk size: 2147479552. Assume 'stream mode' (reading data to EOF).
sox WARN wav: Length in output .wav header will be wrong since can't seek to fix it
VLOG[1] (compute-mfcc-feats[5.5.1047~1-09a63]:Read():wave-reader.cc:249) Read in RIFF chunk size: 2147479588, data chunk size: 2147479552. Assume 'stream mode' (reading data to EOF).
VLOG[2] (compute-mfcc-feats[5.5.1047~1-09a63]:main():compute-mfcc-feats.cc:182) Processed features for key sp0.9-SuiSiann_2573
sox WARN wav: Length in output .wav header will be wrong since can't seek to fix it
VLOG[1] (compute-kaldi-pitch-feats[5.5.1047~1-09a63]:Read():wave-reader.cc:249) Read in RIFF chunk size: 2147479588, data chunk size: 2147479552. Assume 'stream mode' (reading data to EOF).
sox WARN wav: Length in output .wav header will be wrong since can't seek to fix it
VLOG[1] (compute-mfcc-feats[5.5.1047~1-09a63]:Read():wave-reader.cc:249) Read in RIFF chunk size: 2147479588, data chunk size: 2147479552. Assume 'stream mode' (reading data to EOF).
VLOG[2] (compute-mfcc-feats[5.5.1047~1-09a63]:main():compute-mfcc-feats.cc:182) Processed features for key sp0.9-SuiSiann_2574
sox WARN wav: Length in output .wav header will be wrong since can't seek to fix it
VLOG[1] (compute-kaldi-pitch-feats[5.5.1047~1-09a63]:Read():wave-reader.cc:249) Read in RIFF chunk size: 2147479588, data chunk size: 2147479552. Assume 'stream mode' (reading data to EOF).
sox WARN wav: Length in output .wav header will be wrong since can't seek to fix it
VLOG[1] (compute-mfcc-feats[5.5.1047~1-09a63]:Read():wave-reader.cc:249) Read in RIFF chunk size: 2147479588, data chunk size: 2147479552. Assume 'stream mode' (reading data to EOF).
VLOG[2] (compute-mfcc-feats[5.5.1047~1-09a63]:main():compute-mfcc-feats.cc:182) Processed features for key sp0.9-SuiSiann_2575
sox WARN wav: Length in output .wav header will be wrong since can't seek to fix it
VLOG[1] (compute-kaldi-pitch-feats[5.5.1047~1-09a63]:Read():wave-reader.cc:249) Read in RIFF chunk size: 2147479588, data chunk size: 2147479552. Assume 'stream mode' (reading data to EOF).
sox WARN wav: Length in output .wav header will be wrong since can't seek to fix it
VLOG[1] (compute-mfcc-feats[5.5.1047~1-09a63]:Read():wave-reader.cc:249) Read in RIFF chunk size: 2147479588, data chunk size: 2147479552. Assume 'stream mode' (reading data to EOF).
sox WARN wav: Length in output .wav header will be wrong since can't seek to fix it
VLOG[1] (compute-kaldi-pitch-feats[5.5.1047~1-09a63]:Read():wave-reader.cc:249) Read in RIFF chunk size: 2147479588, data chunk size: 2147479552. Assume 'stream mode' (reading data to EOF).
sox WARN wav: Length in output .wav header will be wrong since can't seek to fix it
VLOG[1] (compute-kaldi-pitch-feats[5.5.1047~1-09a63]:Read():wave-reader.cc:249) Read in RIFF chunk size: 2147479588, data chunk size: 2147479552. Assume 'stream mode' (reading data to EOF).
sox WARN wav: Length in output .wav header will be wrong since can't seek to fix it
VLOG[1] (compute-kaldi-pitch-feats[5.5.1047~1-09a63]:Read():wave-reader.cc:249) Read in RIFF chunk size: 2147479588, data chunk size: 2147479552. Assume 'stream mode' (reading data to EOF).
VLOG[2] (compute-mfcc-feats[5.5.1047~1-09a63]:main():compute-mfcc-feats.cc:182) Processed features for key sp0.9-SuiSiann_2576
sox WARN wav: Length in output .wav header will be wrong since can't seek to fix it
sox WARN wav: VLOG[1] (compute-mfcc-feats[5.5.1047~1-09a63]:Read():wave-reader.cc:249) Read in RIFF chunk size: 2147479588, data chunk size: 2147479552. Assume 'stream mode' (reading data to EOF).
Length in output .wav header will be wrong since can't seek to fix it
VLOG[1] (compute-kaldi-pitch-feats[5.5.1047~1-09a63]:Read():wave-reader.cc:249) Read in RIFF chunk size: 2147479588, data chunk size: 2147479552. Assume 'stream mode' (reading data to EOF).
VLOG[2] (compute-mfcc-feats[5.5.1047~1-09a63]:main():compute-mfcc-feats.cc:182) Processed features for key sp0.9-SuiSiann_2577
sox WARN wav: Length in output .wav header will be wrong since can't seek to fix it
VLOG[1] (compute-mfcc-feats[5.5.1047~1-09a63]:Read():wave-reader.cc:249) Read in RIFF chunk size: 2147479588, data chunk size: 2147479552. Assume 'stream mode' (reading data to EOF).
VLOG[2] (compute-mfcc-feats[5.5.1047~1-09a63]:main():compute-mfcc-feats.cc:182) Processed features for key sp0.9-SuiSiann_2578
sox WARN wav: Length in output .wav header will be wrong since can't seek to fix it
VLOG[1] (compute-kaldi-pitch-feats[5.5.1047~1-09a63]:Read():wave-reader.cc:249) Read in RIFF chunk size: 2147479588, data chunk size: 2147479552. Assume 'stream mode' (reading data to EOF).
sox WARN wav: Length in output .wav header will be wrong since can't seek to fix it
VLOG[1] (compute-mfcc-feats[5.5.1047~1-09a63]:Read():wave-reader.cc:249) Read in RIFF chunk size: 2147479588, data chunk size: 2147479552. Assume 'stream mode' (reading data to EOF).
LOG (compute-mfcc-feats[5.5.1047~1-09a63]:main():compute-mfcc-feats.cc:181) Processed 20 utterances
VLOG[2] (compute-mfcc-feats[5.5.1047~1-09a63]:main():compute-mfcc-feats.cc:182) Processed features for key sp0.9-SuiSiann_2579
sox WARN wav: Length in output .wav header will be wrong since can't seek to fix it
VLOG[1] (compute-kaldi-pitch-feats[5.5.1047~1-09a63]:Read():wave-reader.cc:249) Read in RIFF chunk size: 2147479588, data chunk size: 2147479552. Assume 'stream mode' (reading data to EOF).
sox WARN wav: Length in output .wav header will be wrong since can't seek to fix it
VLOG[1] (compute-mfcc-feats[5.5.1047~1-09a63]:Read():wave-reader.cc:249) Read in RIFF chunk size: 2147479588, data chunk size: 2147479552. Assume 'stream mode' (reading data to EOF).
VLOG[2] (compute-mfcc-feats[5.5.1047~1-09a63]:main():compute-mfcc-feats.cc:182) Processed features for key sp0.9-SuiSiann_2580
sox WARN wav: Length in output .wav header will be wrong since can't seek to fix it
VLOG[1] (compute-kaldi-pitch-feats[5.5.1047~1-09a63]:Read():wave-reader.cc:249) Read in RIFF chunk size: 2147479588, data chunk size: 2147479552. Assume 'stream mode' (reading data to EOF).
sox WARN wav: Length in output .wav header will be wrong since can't seek to fix it
VLOG[1] (compute-mfcc-feats[5.5.1047~1-09a63]:Read():wave-reader.cc:249) Read in RIFF chunk size: 2147479588, data chunk size: 2147479552. Assume 'stream mode' (reading data to EOF).
sox WARN wav: Length in output .wav header will be wrong since can't seek to fix it
VLOG[1] (compute-kaldi-pitch-feats[5.5.1047~1-09a63]:Read():wave-reader.cc:249) Read in RIFF chunk size: 2147479588, data chunk size: 2147479552. Assume 'stream mode' (reading data to EOF).
VLOG[2] (compute-mfcc-feats[5.5.1047~1-09a63]:main():compute-mfcc-feats.cc:182) Processed features for key sp0.9-SuiSiann_2581
sox WARN wav: Length in output .wav header will be wrong since can't seek to fix it
VLOG[1] (compute-mfcc-feats[5.5.1047~1-09a63]:Read():wave-reader.cc:249) Read in RIFF chunk size: 2147479588, data chunk size: 2147479552. Assume 'stream mode' (reading data to EOF).
sox WARN wav: Length in output .wav header will be wrong since can't seek to fix it
VLOG[1] (compute-kaldi-pitch-feats[5.5.1047~1-09a63]:Read():wave-reader.cc:249) Read in RIFF chunk size: 2147479588, data chunk size: 2147479552. Assume 'stream mode' (reading data to EOF).
VLOG[2] (compute-mfcc-feats[5.5.1047~1-09a63]:main():compute-mfcc-feats.cc:182) Processed features for key sp0.9-SuiSiann_2582
sox WARN wav: Length in output .wav header will be wrong since can't seek to fix it
VLOG[1] (compute-mfcc-feats[5.5.1047~1-09a63]:Read():wave-reader.cc:249) Read in RIFF chunk size: 2147479588, data chunk size: 2147479552. Assume 'stream mode' (reading data to EOF).
VLOG[2] (compute-mfcc-feats[5.5.1047~1-09a63]:main():compute-mfcc-feats.cc:182) Processed features for key sp0.9-SuiSiann_2583
sox WARN wav: Length in output .wav header will be wrong since can't seek to fix it
VLOG[1] (compute-kaldi-pitch-feats[5.5.1047~1-09a63]:Read():wave-reader.cc:249) Read in RIFF chunk size: 2147479588, data chunk size: 2147479552. Assume 'stream mode' (reading data to EOF).
sox WARN wav: Length in output .wav header will be wrong since can't seek to fix it
VLOG[1] (compute-mfcc-feats[5.5.1047~1-09a63]:Read():wave-reader.cc:249) Read in RIFF chunk size: 2147479588, data chunk size: 2147479552. Assume 'stream mode' (reading data to EOF).
VLOG[2] (compute-mfcc-feats[5.5.1047~1-09a63]:main():compute-mfcc-feats.cc:182) Processed features for key sp0.9-SuiSiann_2584
sox WARN wav: Length in output .wav header will be wrong since can't seek to fix it
VLOG[1] (compute-kaldi-pitch-feats[5.5.1047~1-09a63]:Read():wave-reader.cc:249) Read in RIFF chunk size: 2147479588, data chunk size: 2147479552. Assume 'stream mode' (reading data to EOF).
sox WARN wav: Length in output .wav header will be wrong since can't seek to fix it
VLOG[1] (compute-mfcc-feats[5.5.1047~1-09a63]:Read():wave-reader.cc:249) Read in RIFF chunk size: 2147479588, data chunk size: 2147479552. Assume 'stream mode' (reading data to EOF).
VLOG[2] (compute-mfcc-feats[5.5.1047~1-09a63]:main():compute-mfcc-feats.cc:182) Processed features for key sp0.9-SuiSiann_2585
sox WARN wav: Length in output .wav header will be wrong since can't seek to fix it
VLOG[1] (compute-mfcc-feats[5.5.1047~1-09a63]:Read():wave-reader.cc:249) Read in RIFF chunk size: 2147479588, data chunk size: 2147479552. Assume 'stream mode' (reading data to EOF).
sox WARN wav: Length in output .wav header will be wrong since can't seek to fix it
VLOG[1] (compute-kaldi-pitch-feats[5.5.1047~1-09a63]:Read():wave-reader.cc:249) Read in RIFF chunk size: 2147479588, data chunk size: 2147479552. Assume 'stream mode' (reading data to EOF).
VLOG[2] (compute-mfcc-feats[5.5.1047~1-09a63]:main():compute-mfcc-feats.cc:182) Processed features for key sp0.9-SuiSiann_2586
sox WARN wav: Length in output .wav header will be wrong since can't seek to fix it
VLOG[1] (compute-kaldi-pitch-feats[5.5.1047~1-09a63]:Read():wave-reader.cc:249) Read in RIFF chunk size: 2147479588, data chunk size: 2147479552. Assume 'stream mode' (reading data to EOF).
sox WARN wav: Length in output .wav header will be wrong since can't seek to fix it
VLOG[1] (compute-mfcc-feats[5.5.1047~1-09a63]:Read():wave-reader.cc:249) Read in RIFF chunk size: 2147479588, data chunk size: 2147479552. Assume 'stream mode' (reading data to EOF).
sox WARN wav: Length in output .wav header will be wrong since can't seek to fix it
VLOG[1] (compute-kaldi-pitch-feats[5.5.1047~1-09a63]:Read():wave-reader.cc:249) Read in RIFF chunk size: 2147479588, data chunk size: 2147479552. Assume 'stream mode' (reading data to EOF).
VLOG[2] (compute-mfcc-feats[5.5.1047~1-09a63]:main():compute-mfcc-feats.cc:182) Processed features for key sp0.9-SuiSiann_2587
sox WARN wav: Length in output .wav header will be wrong since can't seek to fix it
VLOG[1] (compute-mfcc-feats[5.5.1047~1-09a63]:Read():wave-reader.cc:249) Read in RIFF chunk size: 2147479588, data chunk size: 2147479552. Assume 'stream mode' (reading data to EOF).
VLOG[2] (compute-mfcc-feats[5.5.1047~1-09a63]:main():compute-mfcc-feats.cc:182) Processed features for key sp0.9-SuiSiann_2588
sox WARN wav: Length in output .wav header will be wrong since can't seek to fix it
sox WARN wav: Length in output .wav header will be wrong since can't seek to fix it
VLOG[1] (compute-kaldi-pitch-feats[5.5.1047~1-09a63]:Read():wave-reader.cc:249) Read in RIFF chunk size: 2147479588, data chunk size: 2147479552. Assume 'stream mode' (reading data to EOF).
VLOG[1] (compute-mfcc-feats[5.5.1047~1-09a63]:Read():wave-reader.cc:249) Read in RIFF chunk size: 2147479588, data chunk size: 2147479552. Assume 'stream mode' (reading data to EOF).
LOG (compute-mfcc-feats[5.5.1047~1-09a63]:main():compute-mfcc-feats.cc:181) Processed 30 utterances
VLOG[2] (compute-mfcc-feats[5.5.1047~1-09a63]:main():compute-mfcc-feats.cc:182) Processed features for key sp0.9-SuiSiann_2589
sox WARN wav: Length in output .wav header will be wrong since can't seek to fix it
VLOG[1] (compute-mfcc-feats[5.5.1047~1-09a63]:Read():wave-reader.cc:249) Read in RIFF chunk size: 2147479588, data chunk size: 2147479552. Assume 'stream mode' (reading data to EOF).
VLOG[2] (compute-mfcc-feats[5.5.1047~1-09a63]:main():compute-mfcc-feats.cc:182) Processed features for key sp0.9-SuiSiann_2590
sox WARN wav: Length in output .wav header will be wrong since can't seek to fix it
VLOG[1] (compute-mfcc-feats[5.5.1047~1-09a63]:Read():wave-reader.cc:249) Read in RIFF chunk size: 2147479588, data chunk size: 2147479552. Assume 'stream mode' (reading data to EOF).
VLOG[2] (compute-mfcc-feats[5.5.1047~1-09a63]:main():compute-mfcc-feats.cc:182) Processed features for key sp0.9-SuiSiann_2591
sox WARN wav: Length in output .wav header will be wrong since can't seek to fix it
VLOG[1] (compute-kaldi-pitch-feats[5.5.1047~1-09a63]:Read():wave-reader.cc:249) Read in RIFF chunk size: 2147479588, data chunk size: 2147479552. Assume 'stream mode' (reading data to EOF).
sox WARN wav: Length in output .wav header will be wrong since can't seek to fix it
VLOG[1] (compute-mfcc-feats[5.5.1047~1-09a63]:Read():wave-reader.cc:249) Read in RIFF chunk size: 2147479588, data chunk size: 2147479552. Assume 'stream mode' (reading data to EOF).
sox WARN wav: Length in output .wav header will be wrong since can't seek to fix it
VLOG[1] (compute-kaldi-pitch-feats[5.5.1047~1-09a63]:Read():wave-reader.cc:249) Read in RIFF chunk size: 2147479588, data chunk size: 2147479552. Assume 'stream mode' (reading data to EOF).
VLOG[2] (compute-mfcc-feats[5.5.1047~1-09a63]:main():compute-mfcc-feats.cc:182) Processed features for key sp0.9-SuiSiann_2592
sox WARN wav: Length in output .wav header will be wrong since can't seek to fix it
VLOG[1] (compute-kaldi-pitch-feats[5.5.1047~1-09a63]:Read():wave-reader.cc:249) Read in RIFF chunk size: 2147479588, data chunk size: 2147479552. Assume 'stream mode' (reading data to EOF).
sox WARN wav: Length in output .wav header will be wrong since can't seek to fix it
VLOG[1] (compute-kaldi-pitch-feats[5.5.1047~1-09a63]:Read():wave-reader.cc:249) Read in RIFF chunk size: 2147479588, data chunk size: 2147479552. Assume 'stream mode' (reading data to EOF).
sox WARN wav: Length in output .wav header will be wrong since can't seek to fix it
VLOG[1] (compute-mfcc-feats[5.5.1047~1-09a63]:Read():wave-reader.cc:249) Read in RIFF chunk size: 2147479588, data chunk size: 2147479552. Assume 'stream mode' (reading data to EOF).
VLOG[2] (compute-mfcc-feats[5.5.1047~1-09a63]:main():compute-mfcc-feats.cc:182) Processed features for key sp0.9-SuiSiann_2593
sox WARN wav: Length in output .wav header will be wrong since can't seek to fix it
sox WARN wav: Length in output .wav header will be wrong since can't seek to fix it
VLOG[1] (compute-mfcc-feats[5.5.1047~1-09a63]:Read():wave-reader.cc:249) Read in RIFF chunk size: 2147479588, data chunk size: 2147479552. Assume 'stream mode' (reading data to EOF).
VLOG[1] (compute-kaldi-pitch-feats[5.5.1047~1-09a63]:Read():wave-reader.cc:249) Read in RIFF chunk size: 2147479588, data chunk size: 2147479552. Assume 'stream mode' (reading data to EOF).
VLOG[2] (compute-mfcc-feats[5.5.1047~1-09a63]:main():compute-mfcc-feats.cc:182) Processed features for key sp0.9-SuiSiann_2594
sox WARN wav: Length in output .wav header will be wrong since can't seek to fix it
VLOG[1] (compute-mfcc-feats[5.5.1047~1-09a63]:Read():wave-reader.cc:249) Read in RIFF chunk size: 2147479588, data chunk size: 2147479552. Assume 'stream mode' (reading data to EOF).
sox WARN wav: Length in output .wav header will be wrong since can't seek to fix it
VLOG[1] (compute-kaldi-pitch-feats[5.5.1047~1-09a63]:Read():wave-reader.cc:249) Read in RIFF chunk size: 2147479588, data chunk size: 2147479552. Assume 'stream mode' (reading data to EOF).
VLOG[2] (compute-mfcc-feats[5.5.1047~1-09a63]:main():compute-mfcc-feats.cc:182) Processed features for key sp0.9-SuiSiann_2595
sox WARN wav: Length in output .wav header will be wrong since can't seek to fix it
VLOG[1] (compute-mfcc-feats[5.5.1047~1-09a63]:Read():wave-reader.cc:249) Read in RIFF chunk size: 2147479588, data chunk size: 2147479552. Assume 'stream mode' (reading data to EOF).
VLOG[2] (compute-mfcc-feats[5.5.1047~1-09a63]:main():compute-mfcc-feats.cc:182) Processed features for key sp0.9-SuiSiann_2596
sox WARN wav: Length in output .wav header will be wrong since can't seek to fix it
VLOG[1] (compute-kaldi-pitch-feats[5.5.1047~1-09a63]:Read():wave-reader.cc:249) Read in RIFF chunk size: 2147479588, data chunk size: 2147479552. Assume 'stream mode' (reading data to EOF).
sox WARN wav: Length in output .wav header will be wrong since can't seek to fix it
VLOG[1] (compute-mfcc-feats[5.5.1047~1-09a63]:Read():wave-reader.cc:249) Read in RIFF chunk size: 2147479588, data chunk size: 2147479552. Assume 'stream mode' (reading data to EOF).
VLOG[2] (compute-mfcc-feats[5.5.1047~1-09a63]:main():compute-mfcc-feats.cc:182) Processed features for key sp0.9-SuiSiann_2597
sox WARN wav: Length in output .wav header will be wrong since can't seek to fix it
VLOG[1] (compute-mfcc-feats[5.5.1047~1-09a63]:Read():wave-reader.cc:249) Read in RIFF chunk size: 2147479588, data chunk size: 2147479552. Assume 'stream mode' (reading data to EOF).
sox WARN wav: Length in output .wav header will be wrong since can't seek to fix it
VLOG[1] (compute-kaldi-pitch-feats[5.5.1047~1-09a63]:Read():wave-reader.cc:249) Read in RIFF chunk size: 2147479588, data chunk size: 2147479552. Assume 'stream mode' (reading data to EOF).
VLOG[2] (compute-mfcc-feats[5.5.1047~1-09a63]:main():compute-mfcc-feats.cc:182) Processed features for key sp0.9-SuiSiann_2598
sox WARN wav: Length in output .wav header will be wrong since can't seek to fix it
VLOG[1] (compute-mfcc-feats[5.5.1047~1-09a63]:Read():wave-reader.cc:249) Read in RIFF chunk size: 2147479588, data chunk size: 2147479552. Assume 'stream mode' (reading data to EOF).
sox WARN wav: Length in output .wav header will be wrong since can't seek to fix it
VLOG[1] (compute-kaldi-pitch-feats[5.5.1047~1-09a63]:Read():wave-reader.cc:249) Read in RIFF chunk size: 2147479588, data chunk size: 2147479552. Assume 'stream mode' (reading data to EOF).
sox WARN wav: Length in output .wav header will be wrong since can't seek to fix it
VLOG[1] (compute-kaldi-pitch-feats[5.5.1047~1-09a63]:Read():wave-reader.cc:249) Read in RIFF chunk size: 2147479588, data chunk size: 2147479552. Assume 'stream mode' (reading data to EOF).
LOG (compute-mfcc-feats[5.5.1047~1-09a63]:main():compute-mfcc-feats.cc:181) Processed 40 utterances
VLOG[2] (compute-mfcc-feats[5.5.1047~1-09a63]:main():compute-mfcc-feats.cc:182) Processed features for key sp0.9-SuiSiann_2599
sox WARN wav: Length in output .wav header will be wrong since can't seek to fix it
VLOG[1] (compute-mfcc-feats[5.5.1047~1-09a63]:Read():wave-reader.cc:249) Read in RIFF chunk size: 2147479588, data chunk size: 2147479552. Assume 'stream mode' (reading data to EOF).
sox WARN wav: Length in output .wav header will be wrong since can't seek to fix it
VLOG[1] (compute-kaldi-pitch-feats[5.5.1047~1-09a63]:Read():wave-reader.cc:249) Read in RIFF chunk size: 2147479588, data chunk size: 2147479552. Assume 'stream mode' (reading data to EOF).
VLOG[2] (compute-mfcc-feats[5.5.1047~1-09a63]:main():compute-mfcc-feats.cc:182) Processed features for key sp0.9-SuiSiann_2600
sox WARN wav: Length in output .wav header will be wrong since can't seek to fix it
VLOG[1] (compute-mfcc-feats[5.5.1047~1-09a63]:Read():wave-reader.cc:249) Read in RIFF chunk size: 2147479588, data chunk size: 2147479552. Assume 'stream mode' (reading data to EOF).
sox WARN wav: Length in output .wav header will be wrong since can't seek to fix it
VLOG[1] (compute-kaldi-pitch-feats[5.5.1047~1-09a63]:Read():wave-reader.cc:249) Read in RIFF chunk size: 2147479588, data chunk size: 2147479552. Assume 'stream mode' (reading data to EOF).
VLOG[2] (compute-mfcc-feats[5.5.1047~1-09a63]:main():compute-mfcc-feats.cc:182) Processed features for key sp0.9-SuiSiann_2601
sox WARN wav: Length in output .wav header will be wrong since can't seek to fix it
VLOG[1] (compute-mfcc-feats[5.5.1047~1-09a63]:Read():wave-reader.cc:249) Read in RIFF chunk size: 2147479588, data chunk size: 2147479552. Assume 'stream mode' (reading data to EOF).
sox WARN wav: Length in output .wav header will be wrong since can't seek to fix it
VLOG[1] (compute-kaldi-pitch-feats[5.5.1047~1-09a63]:Read():wave-reader.cc:249) Read in RIFF chunk size: 2147479588, data chunk size: 2147479552. Assume 'stream mode' (reading data to EOF).
sox WARN wav: Length in output .wav header will be wrong since can't seek to fix it
VLOG[2] (compute-mfcc-feats[5.5.1047~1-09a63]:main():compute-mfcc-feats.cc:182) Processed features for key sp0.9-SuiSiann_2602
VLOG[1] (compute-kaldi-pitch-feats[5.5.1047~1-09a63]:Read():wave-reader.cc:249) Read in RIFF chunk size: 2147479588, data chunk size: 2147479552. Assume 'stream mode' (reading data to EOF).
sox WARN wav: Length in output .wav header will be wrong since can't seek to fix it
VLOG[1] (compute-mfcc-feats[5.5.1047~1-09a63]:Read():wave-reader.cc:249) Read in RIFF chunk size: 2147479588, data chunk size: 2147479552. Assume 'stream mode' (reading data to EOF).
sox WARN wav: Length in output .wav header will be wrong since can't seek to fix it
VLOG[1] (compute-kaldi-pitch-feats[5.5.1047~1-09a63]:Read():wave-reader.cc:249) Read in RIFF chunk size: 2147479588, data chunk size: 2147479552. Assume 'stream mode' (reading data to EOF).
VLOG[2] (compute-mfcc-feats[5.5.1047~1-09a63]:main():compute-mfcc-feats.cc:182) Processed features for key sp0.9-SuiSiann_2603
sox WARN wav: Length in output .wav header will be wrong since can't seek to fix it
VLOG[1] (compute-mfcc-feats[5.5.1047~1-09a63]:Read():wave-reader.cc:249) Read in RIFF chunk size: 2147479588, data chunk size: 2147479552. Assume 'stream mode' (reading data to EOF).
VLOG[2] (compute-mfcc-feats[5.5.1047~1-09a63]:main():compute-mfcc-feats.cc:182) Processed features for key sp0.9-SuiSiann_2604
sox WARN wav: Length in output .wav header will be wrong since can't seek to fix it
VLOG[1] (compute-kaldi-pitch-feats[5.5.1047~1-09a63]:Read():wave-reader.cc:249) Read in RIFF chunk size: 2147479588, data chunk size: 2147479552. Assume 'stream mode' (reading data to EOF).
sox WARN wav: Length in output .wav header will be wrong since can't seek to fix it
VLOG[1] (compute-mfcc-feats[5.5.1047~1-09a63]:Read():wave-reader.cc:249) Read in RIFF chunk size: 2147479588, data chunk size: 2147479552. Assume 'stream mode' (reading data to EOF).
VLOG[2] (compute-mfcc-feats[5.5.1047~1-09a63]:main():compute-mfcc-feats.cc:182) Processed features for key sp0.9-SuiSiann_2605
sox WARN wav: Length in output .wav header will be wrong since can't seek to fix it
VLOG[1] (compute-mfcc-feats[5.5.1047~1-09a63]:Read():wave-reader.cc:249) Read in RIFF chunk size: 2147479588, data chunk size: 2147479552. Assume 'stream mode' (reading data to EOF).
VLOG[2] (compute-mfcc-feats[5.5.1047~1-09a63]:main():compute-mfcc-feats.cc:182) Processed features for key sp0.9-SuiSiann_2606
sox WARN wav: Length in output .wav header will be wrong since can't seek to fix it
VLOG[1] (compute-mfcc-feats[5.5.1047~1-09a63]:Read():wave-reader.cc:249) Read in RIFF chunk size: 2147479588, data chunk size: 2147479552. Assume 'stream mode' (reading data to EOF).
sox WARN wav: Length in output .wav header will be wrong since can't seek to fix it
VLOG[1] (compute-kaldi-pitch-feats[5.5.1047~1-09a63]:Read():wave-reader.cc:249) Read in RIFF chunk size: 2147479588, data chunk size: 2147479552. Assume 'stream mode' (reading data to EOF).
VLOG[2] (compute-mfcc-feats[5.5.1047~1-09a63]:main():compute-mfcc-feats.cc:182) Processed features for key sp0.9-SuiSiann_2607
sox WARN wav: Length in output .wav header will be wrong since can't seek to fix it
VLOG[1] (compute-mfcc-feats[5.5.1047~1-09a63]:Read():wave-reader.cc:249) Read in RIFF chunk size: 2147479588, data chunk size: 2147479552. Assume 'stream mode' (reading data to EOF).
sox WARN wav: Length in output .wav header will be wrong since can't seek to fix it
VLOG[1] (compute-kaldi-pitch-feats[5.5.1047~1-09a63]:Read():wave-reader.cc:249) Read in RIFF chunk size: 2147479588, data chunk size: 2147479552. Assume 'stream mode' (reading data to EOF).
VLOG[2] (compute-mfcc-feats[5.5.1047~1-09a63]:main():compute-mfcc-feats.cc:182) Processed features for key sp0.9-SuiSiann_2608
sox WARN wav: Length in output .wav header will be wrong since can't seek to fix it
VLOG[1] (compute-mfcc-feats[5.5.1047~1-09a63]:Read():wave-reader.cc:249) Read in RIFF chunk size: 2147479588, data chunk size: 2147479552. Assume 'stream mode' (reading data to EOF).
sox WARN wav: Length in output .wav header will be wrong since can't seek to fix it
VLOG[1] (compute-kaldi-pitch-feats[5.5.1047~1-09a63]:Read():wave-reader.cc:249) Read in RIFF chunk size: 2147479588, data chunk size: 2147479552. Assume 'stream mode' (reading data to EOF).
LOG (compute-mfcc-feats[5.5.1047~1-09a63]:main():compute-mfcc-feats.cc:181) Processed 50 utterances
VLOG[2] (compute-mfcc-feats[5.5.1047~1-09a63]:main():compute-mfcc-feats.cc:182) Processed features for key sp0.9-SuiSiann_2609
sox WARN wav: Length in output .wav header will be wrong since can't seek to fix it
VLOG[1] (compute-mfcc-feats[5.5.1047~1-09a63]:Read():wave-reader.cc:249) Read in RIFF chunk size: 2147479588, data chunk size: 2147479552. Assume 'stream mode' (reading data to EOF).
sox WARN wav: Length in output .wav header will be wrong since can't seek to fix it
VLOG[1] (compute-kaldi-pitch-feats[5.5.1047~1-09a63]:Read():wave-reader.cc:249) Read in RIFF chunk size: 2147479588, data chunk size: 2147479552. Assume 'stream mode' (reading data to EOF).
VLOG[2] (compute-mfcc-feats[5.5.1047~1-09a63]:main():compute-mfcc-feats.cc:182) Processed features for key sp0.9-SuiSiann_2610
sox WARN wav: Length in output .wav header will be wrong since can't seek to fix it
VLOG[1] (compute-mfcc-feats[5.5.1047~1-09a63]:Read():wave-reader.cc:249) Read in RIFF chunk size: 2147479588, data chunk size: 2147479552. Assume 'stream mode' (reading data to EOF).
sox WARN wav: Length in output .wav header will be wrong since can't seek to fix it
VLOG[1] (compute-kaldi-pitch-feats[5.5.1047~1-09a63]:Read():wave-reader.cc:249) Read in RIFF chunk size: 2147479588, data chunk size: 2147479552. Assume 'stream mode' (reading data to EOF).
VLOG[2] (compute-mfcc-feats[5.5.1047~1-09a63]:main():compute-mfcc-feats.cc:182) Processed features for key sp0.9-SuiSiann_2611
sox WARN wav: Length in output .wav header will be wrong since can't seek to fix it
VLOG[1] (compute-mfcc-feats[5.5.1047~1-09a63]:Read():wave-reader.cc:249) Read in RIFF chunk size: 2147479588, data chunk size: 2147479552. Assume 'stream mode' (reading data to EOF).
sox WARN wav: Length in output .wav header will be wrong since can't seek to fix it
VLOG[1] (compute-kaldi-pitch-feats[5.5.1047~1-09a63]:Read():wave-reader.cc:249) Read in RIFF chunk size: 2147479588, data chunk size: 2147479552. Assume 'stream mode' (reading data to EOF).
sox WARN wav: Length in output .wav header will be wrong since can't seek to fix it
VLOG[1] (compute-kaldi-pitch-feats[5.5.1047~1-09a63]:Read():wave-reader.cc:249) Read in RIFF chunk size: 2147479588, data chunk size: 2147479552. Assume 'stream mode' (reading data to EOF).
VLOG[2] (compute-mfcc-feats[5.5.1047~1-09a63]:main():compute-mfcc-feats.cc:182) Processed features for key sp0.9-SuiSiann_2612
VLOG[2] (compute-kaldi-pitch-feats[5.5.1047~1-09a63]:main():compute-kaldi-pitch-feats.cc:107) Processed 50 utterances
sox WARN wav: Length in output .wav header will be wrong since can't seek to fix it
VLOG[1] (compute-kaldi-pitch-feats[5.5.1047~1-09a63]:Read():wave-reader.cc:249) Read in RIFF chunk size: 2147479588, data chunk size: 2147479552. Assume 'stream mode' (reading data to EOF).
sox WARN wav: Length in output .wav header will be wrong since can't seek to fix it
VLOG[1] (compute-mfcc-feats[5.5.1047~1-09a63]:Read():wave-reader.cc:249) Read in RIFF chunk size: 2147479588, data chunk size: 2147479552. Assume 'stream mode' (reading data to EOF).
VLOG[2] (compute-mfcc-feats[5.5.1047~1-09a63]:main():compute-mfcc-feats.cc:182) Processed features for key sp0.9-SuiSiann_2613
sox WARN wav: Length in output .wav header will be wrong since can't seek to fix it
VLOG[1] (compute-mfcc-feats[5.5.1047~1-09a63]:Read():wave-reader.cc:249) Read in RIFF chunk size: 2147479588, data chunk size: 2147479552. Assume 'stream mode' (reading data to EOF).
sox WARN wav: Length in output .wav header will be wrong since can't seek to fix it
VLOG[1] (compute-kaldi-pitch-feats[5.5.1047~1-09a63]:Read():wave-reader.cc:249) Read in RIFF chunk size: 2147479588, data chunk size: 2147479552. Assume 'stream mode' (reading data to EOF).
VLOG[2] (compute-mfcc-feats[5.5.1047~1-09a63]:main():compute-mfcc-feats.cc:182) Processed features for key sp0.9-SuiSiann_2614
sox WARN wav: Length in output .wav header will be wrong since can't seek to fix it
VLOG[1] (compute-mfcc-feats[5.5.1047~1-09a63]:Read():wave-reader.cc:249) Read in RIFF chunk size: 2147479588, data chunk size: 2147479552. Assume 'stream mode' (reading data to EOF).
VLOG[2] (compute-mfcc-feats[5.5.1047~1-09a63]:main():compute-mfcc-feats.cc:182) Processed features for key sp0.9-SuiSiann_2615
sox WARN wav: Length in output .wav header will be wrong since can't seek to fix it
VLOG[1] (compute-mfcc-feats[5.5.1047~1-09a63]:Read():wave-reader.cc:249) Read in RIFF chunk size: 2147479588, data chunk size: 2147479552. Assume 'stream mode' (reading data to EOF).
sox WARN wav: Length in output .wav header will be wrong since can't seek to fix it
VLOG[1] (compute-kaldi-pitch-feats[5.5.1047~1-09a63]:Read():wave-reader.cc:249) Read in RIFF chunk size: 2147479588, data chunk size: 2147479552. Assume 'stream mode' (reading data to EOF).
VLOG[2] (compute-mfcc-feats[5.5.1047~1-09a63]:main():compute-mfcc-feats.cc:182) Processed features for key sp0.9-SuiSiann_2616
sox WARN wav: Length in output .wav header will be wrong since can't seek to fix it
VLOG[1] (compute-mfcc-feats[5.5.1047~1-09a63]:Read():wave-reader.cc:249) Read in RIFF chunk size: 2147479588, data chunk size: 2147479552. Assume 'stream mode' (reading data to EOF).
VLOG[2] (compute-mfcc-feats[5.5.1047~1-09a63]:main():compute-mfcc-feats.cc:182) Processed features for key sp0.9-SuiSiann_2617
sox WARN wav: Length in output .wav header will be wrong since can't seek to fix it
VLOG[1] (compute-mfcc-feats[5.5.1047~1-09a63]:Read():wave-reader.cc:249) Read in RIFF chunk size: 2147479588, data chunk size: 2147479552. Assume 'stream mode' (reading data to EOF).
sox WARN wav: Length in output .wav header will be wrong since can't seek to fix it
VLOG[1] (compute-kaldi-pitch-feats[5.5.1047~1-09a63]:Read():wave-reader.cc:249) Read in RIFF chunk size: 2147479588, data chunk size: 2147479552. Assume 'stream mode' (reading data to EOF).
VLOG[2] (compute-mfcc-feats[5.5.1047~1-09a63]:main():compute-mfcc-feats.cc:182) Processed features for key sp0.9-SuiSiann_2618
sox WARN wav: Length in output .wav header will be wrong since can't seek to fix it
VLOG[1] (compute-mfcc-feats[5.5.1047~1-09a63]:Read():wave-reader.cc:249) Read in RIFF chunk size: 2147479588, data chunk size: 2147479552. Assume 'stream mode' (reading data to EOF).
LOG (compute-mfcc-feats[5.5.1047~1-09a63]:main():compute-mfcc-feats.cc:181) Processed 60 utterances
VLOG[2] (compute-mfcc-feats[5.5.1047~1-09a63]:main():compute-mfcc-feats.cc:182) Processed features for key sp0.9-SuiSiann_2619
sox WARN wav: Length in output .wav header will be wrong since can't seek to fix it
VLOG[1] (compute-mfcc-feats[5.5.1047~1-09a63]:Read():wave-reader.cc:249) Read in RIFF chunk size: 2147479588, data chunk size: 2147479552. Assume 'stream mode' (reading data to EOF).
VLOG[2] (compute-mfcc-feats[5.5.1047~1-09a63]:main():compute-mfcc-feats.cc:182) Processed features for key sp0.9-SuiSiann_2620
sox WARN wav: Length in output .wav header will be wrong since can't seek to fix it
VLOG[1] (compute-mfcc-feats[5.5.1047~1-09a63]:Read():wave-reader.cc:249) Read in RIFF chunk size: 2147479588, data chunk size: 2147479552. Assume 'stream mode' (reading data to EOF).
sox WARN wav: Length in output .wav header will be wrong since can't seek to fix it
VLOG[1] (compute-kaldi-pitch-feats[5.5.1047~1-09a63]:Read():wave-reader.cc:249) Read in RIFF chunk size: 2147479588, data chunk size: 2147479552. Assume 'stream mode' (reading data to EOF).
sox WARN wav: Length in output .wav header will be wrong since can't seek to fix it
VLOG[1] (compute-kaldi-pitch-feats[5.5.1047~1-09a63]:Read():wave-reader.cc:249) Read in RIFF chunk size: 2147479588, data chunk size: 2147479552. Assume 'stream mode' (reading data to EOF).
sox WARN wav: Length in output .wav header will be wrong since can't seek to fix it
VLOG[1] (compute-kaldi-pitch-feats[5.5.1047~1-09a63]:Read():wave-reader.cc:249) Read in RIFF chunk size: 2147479588, data chunk size: 2147479552. Assume 'stream mode' (reading data to EOF).
VLOG[2] (compute-mfcc-feats[5.5.1047~1-09a63]:main():compute-mfcc-feats.cc:182) Processed features for key sp0.9-SuiSiann_2621
sox WARN wav: Length in output .wav header will be wrong since can't seek to fix it
VLOG[1] (compute-kaldi-pitch-feats[5.5.1047~1-09a63]:Read():wave-reader.cc:249) Read in RIFF chunk size: 2147479588, data chunk size: 2147479552. Assume 'stream mode' (reading data to EOF).
sox WARN wav: Length in output .wav header will be wrong since can't seek to fix it
VLOG[1] (compute-mfcc-feats[5.5.1047~1-09a63]:Read():wave-reader.cc:249) Read in RIFF chunk size: 2147479588, data chunk size: 2147479552. Assume 'stream mode' (reading data to EOF).
VLOG[2] (compute-mfcc-feats[5.5.1047~1-09a63]:main():compute-mfcc-feats.cc:182) Processed features for key sp0.9-SuiSiann_2622
sox WARN wav: Length in output .wav header will be wrong since can't seek to fix it
sox WARN wav: Length in output .wav header will be wrong since can't seek to fix it
VLOG[1] (compute-kaldi-pitch-feats[5.5.1047~1-09a63]:Read():wave-reader.cc:249) Read in RIFF chunk size: 2147479588, data chunk size: 2147479552. Assume 'stream mode' (reading data to EOF).
VLOG[1] (compute-mfcc-feats[5.5.1047~1-09a63]:Read():wave-reader.cc:249) Read in RIFF chunk size: 2147479588, data chunk size: 2147479552. Assume 'stream mode' (reading data to EOF).
sox WARN wav: Length in output .wav header will be wrong since can't seek to fix it
VLOG[1] (compute-kaldi-pitch-feats[5.5.1047~1-09a63]:Read():wave-reader.cc:249) Read in RIFF chunk size: 2147479588, data chunk size: 2147479552. Assume 'stream mode' (reading data to EOF).
sox WARN wav: Length in output .wav header will be wrong since can't seek to fix it
VLOG[1] (compute-kaldi-pitch-feats[5.5.1047~1-09a63]:Read():wave-reader.cc:249) Read in RIFF chunk size: 2147479588, data chunk size: 2147479552. Assume 'stream mode' (reading data to EOF).
VLOG[2] (compute-mfcc-feats[5.5.1047~1-09a63]:main():compute-mfcc-feats.cc:182) Processed features for key sp0.9-SuiSiann_2623
sox WARN wav: Length in output .wav header will be wrong since can't seek to fix it
VLOG[1] (compute-mfcc-feats[5.5.1047~1-09a63]:Read():wave-reader.cc:249) Read in RIFF chunk size: 2147479588, data chunk size: 2147479552. Assume 'stream mode' (reading data to EOF).
VLOG[2] (compute-mfcc-feats[5.5.1047~1-09a63]:main():compute-mfcc-feats.cc:182) Processed features for key sp0.9-SuiSiann_2624
sox WARN wav: Length in output .wav header will be wrong since can't seek to fix it
VLOG[1] (compute-mfcc-feats[5.5.1047~1-09a63]:Read():wave-reader.cc:249) Read in RIFF chunk size: 2147479588, data chunk size: 2147479552. Assume 'stream mode' (reading data to EOF).
sox WARN wav: Length in output .wav header will be wrong since can't seek to fix it
VLOG[1] (compute-kaldi-pitch-feats[5.5.1047~1-09a63]:Read():wave-reader.cc:249) Read in RIFF chunk size: 2147479588, data chunk size: 2147479552. Assume 'stream mode' (reading data to EOF).
sox WARN wav: Length in output .wav header will be wrong since can't seek to fix it
VLOG[1] (compute-kaldi-pitch-feats[5.5.1047~1-09a63]:Read():wave-reader.cc:249) Read in RIFF chunk size: 2147479588, data chunk size: 2147479552. Assume 'stream mode' (reading data to EOF).
sox WARN wav: Length in output .wav header will be wrong since can't seek to fix it
VLOG[1] (compute-kaldi-pitch-feats[5.5.1047~1-09a63]:Read():wave-reader.cc:249) Read in RIFF chunk size: 2147479588, data chunk size: 2147479552. Assume 'stream mode' (reading data to EOF).
VLOG[2] (compute-mfcc-feats[5.5.1047~1-09a63]:main():compute-mfcc-feats.cc:182) Processed features for key sp0.9-SuiSiann_2625
sox WARN wav: Length in output .wav header will be wrong since can't seek to fix it
VLOG[1] (compute-mfcc-feats[5.5.1047~1-09a63]:Read():wave-reader.cc:249) Read in RIFF chunk size: 2147479588, data chunk size: 2147479552. Assume 'stream mode' (reading data to EOF).
sox WARN wav: Length in output .wav header will be wrong since can't seek to fix it
VLOG[1] (compute-kaldi-pitch-feats[5.5.1047~1-09a63]:Read():wave-reader.cc:249) Read in RIFF chunk size: 2147479588, data chunk size: 2147479552. Assume 'stream mode' (reading data to EOF).
VLOG[2] (compute-mfcc-feats[5.5.1047~1-09a63]:main():compute-mfcc-feats.cc:182) Processed features for key sp0.9-SuiSiann_2626
sox WARN wav: Length in output .wav header will be wrong since can't seek to fix it
VLOG[1] (compute-mfcc-feats[5.5.1047~1-09a63]:Read():wave-reader.cc:249) Read in RIFF chunk size: 2147479588, data chunk size: 2147479552. Assume 'stream mode' (reading data to EOF).
sox WARN wav: Length in output .wav header will be wrong since can't seek to fix it
VLOG[1] (compute-kaldi-pitch-feats[5.5.1047~1-09a63]:Read():wave-reader.cc:249) Read in RIFF chunk size: 2147479588, data chunk size: 2147479552. Assume 'stream mode' (reading data to EOF).
VLOG[2] (compute-mfcc-feats[5.5.1047~1-09a63]:main():compute-mfcc-feats.cc:182) Processed features for key sp0.9-SuiSiann_2627
sox WARN wav: Length in output .wav header will be wrong since can't seek to fix it
VLOG[1] (compute-mfcc-feats[5.5.1047~1-09a63]:Read():wave-reader.cc:249) Read in RIFF chunk size: 2147479588, data chunk size: 2147479552. Assume 'stream mode' (reading data to EOF).
sox WARN wav: Length in output .wav header will be wrong since can't seek to fix it
VLOG[1] (compute-kaldi-pitch-feats[5.5.1047~1-09a63]:Read():wave-reader.cc:249) Read in RIFF chunk size: 2147479588, data chunk size: 2147479552. Assume 'stream mode' (reading data to EOF).
VLOG[2] (compute-mfcc-feats[5.5.1047~1-09a63]:main():compute-mfcc-feats.cc:182) Processed features for key sp0.9-SuiSiann_2628
sox WARN wav: Length in output .wav header will be wrong since can't seek to fix it
VLOG[1] (compute-mfcc-feats[5.5.1047~1-09a63]:Read():wave-reader.cc:249) Read in RIFF chunk size: 2147479588, data chunk size: 2147479552. Assume 'stream mode' (reading data to EOF).
LOG (compute-mfcc-feats[5.5.1047~1-09a63]:main():compute-mfcc-feats.cc:181) Processed 70 utterances
VLOG[2] (compute-mfcc-feats[5.5.1047~1-09a63]:main():compute-mfcc-feats.cc:182) Processed features for key sp0.9-SuiSiann_2629
sox WARN wav: Length in output .wav header will be wrong since can't seek to fix it
VLOG[1] (compute-mfcc-feats[5.5.1047~1-09a63]:Read():wave-reader.cc:249) Read in RIFF chunk size: 2147479588, data chunk size: 2147479552. Assume 'stream mode' (reading data to EOF).
sox WARN wav: Length in output .wav header will be wrong since can't seek to fix it
VLOG[1] (compute-kaldi-pitch-feats[5.5.1047~1-09a63]:Read():wave-reader.cc:249) Read in RIFF chunk size: 2147479588, data chunk size: 2147479552. Assume 'stream mode' (reading data to EOF).
VLOG[2] (compute-mfcc-feats[5.5.1047~1-09a63]:main():compute-mfcc-feats.cc:182) Processed features for key sp0.9-SuiSiann_2630
sox WARN wav: Length in output .wav header will be wrong since can't seek to fix it
VLOG[1] (compute-kaldi-pitch-feats[5.5.1047~1-09a63]:Read():wave-reader.cc:249) Read in RIFF chunk size: 2147479588, data chunk size: 2147479552. Assume 'stream mode' (reading data to EOF).
sox WARN wav: Length in output .wav header will be wrong since can't seek to fix it
VLOG[1] (compute-mfcc-feats[5.5.1047~1-09a63]:Read():wave-reader.cc:249) Read in RIFF chunk size: 2147479588, data chunk size: 2147479552. Assume 'stream mode' (reading data to EOF).
sox WARN wav: Length in output .wav header will be wrong since can't seek to fix it
VLOG[1] (compute-kaldi-pitch-feats[5.5.1047~1-09a63]:Read():wave-reader.cc:249) Read in RIFF chunk size: 2147479588, data chunk size: 2147479552. Assume 'stream mode' (reading data to EOF).
VLOG[2] (compute-mfcc-feats[5.5.1047~1-09a63]:main():compute-mfcc-feats.cc:182) Processed features for key sp0.9-SuiSiann_2631
sox WARN wav: Length in output .wav header will be wrong since can't seek to fix it
VLOG[1] (compute-mfcc-feats[5.5.1047~1-09a63]:Read():wave-reader.cc:249) Read in RIFF chunk size: 2147479588, data chunk size: 2147479552. Assume 'stream mode' (reading data to EOF).
sox WARN wav: Length in output .wav header will be wrong since can't seek to fix it
VLOG[1] (compute-kaldi-pitch-feats[5.5.1047~1-09a63]:Read():wave-reader.cc:249) Read in RIFF chunk size: 2147479588, data chunk size: 2147479552. Assume 'stream mode' (reading data to EOF).
VLOG[2] (compute-mfcc-feats[5.5.1047~1-09a63]:main():compute-mfcc-feats.cc:182) Processed features for key sp0.9-SuiSiann_2632
sox WARN wav: Length in output .wav header will be wrong since can't seek to fix it
VLOG[1] (compute-mfcc-feats[5.5.1047~1-09a63]:Read():wave-reader.cc:249) Read in RIFF chunk size: 2147479588, data chunk size: 2147479552. Assume 'stream mode' (reading data to EOF).
VLOG[2] (compute-mfcc-feats[5.5.1047~1-09a63]:main():compute-mfcc-feats.cc:182) Processed features for key sp0.9-SuiSiann_2633
sox WARN wav: Length in output .wav header will be wrong since can't seek to fix it
VLOG[1] (compute-mfcc-feats[5.5.1047~1-09a63]:Read():wave-reader.cc:249) Read in RIFF chunk size: 2147479588, data chunk size: 2147479552. Assume 'stream mode' (reading data to EOF).
VLOG[2] (compute-mfcc-feats[5.5.1047~1-09a63]:main():compute-mfcc-feats.cc:182) Processed features for key sp0.9-SuiSiann_2634
sox WARN wav: Length in output .wav header will be wrong since can't seek to fix it
VLOG[1] (compute-mfcc-feats[5.5.1047~1-09a63]:Read():wave-reader.cc:249) Read in RIFF chunk size: 2147479588, data chunk size: 2147479552. Assume 'stream mode' (reading data to EOF).
sox WARN wav: Length in output .wav header will be wrong since can't seek to fix it
VLOG[1] (compute-kaldi-pitch-feats[5.5.1047~1-09a63]:Read():wave-reader.cc:249) Read in RIFF chunk size: 2147479588, data chunk size: 2147479552. Assume 'stream mode' (reading data to EOF).
VLOG[2] (compute-mfcc-feats[5.5.1047~1-09a63]:main():compute-mfcc-feats.cc:182) Processed features for key sp0.9-SuiSiann_2635
sox WARN wav: Length in output .wav header will be wrong since can't seek to fix it
VLOG[1] (compute-mfcc-feats[5.5.1047~1-09a63]:Read():wave-reader.cc:249) Read in RIFF chunk size: 2147479588, data chunk size: 2147479552. Assume 'stream mode' (reading data to EOF).
VLOG[2] (compute-mfcc-feats[5.5.1047~1-09a63]:main():compute-mfcc-feats.cc:182) Processed features for key sp0.9-SuiSiann_2636
sox WARN wav: Length in output .wav header will be wrong since can't seek to fix it
VLOG[1] (compute-kaldi-pitch-feats[5.5.1047~1-09a63]:Read():wave-reader.cc:249) Read in RIFF chunk size: 2147479588, data chunk size: 2147479552. Assume 'stream mode' (reading data to EOF).
sox WARN wav: Length in output .wav header will be wrong since can't seek to fix it
VLOG[1] (compute-mfcc-feats[5.5.1047~1-09a63]:Read():wave-reader.cc:249) Read in RIFF chunk size: 2147479588, data chunk size: 2147479552. Assume 'stream mode' (reading data to EOF).
VLOG[2] (compute-mfcc-feats[5.5.1047~1-09a63]:main():compute-mfcc-feats.cc:182) Processed features for key sp0.9-SuiSiann_2637
sox WARN wav: Length in output .wav header will be wrong since can't seek to fix it
VLOG[1] (compute-mfcc-feats[5.5.1047~1-09a63]:Read():wave-reader.cc:249) Read in RIFF chunk size: 2147479588, data chunk size: 2147479552. Assume 'stream mode' (reading data to EOF).
sox WARN wav: Length in output .wav header will be wrong since can't seek to fix it
VLOG[1] (compute-kaldi-pitch-feats[5.5.1047~1-09a63]:Read():wave-reader.cc:249) Read in RIFF chunk size: 2147479588, data chunk size: 2147479552. Assume 'stream mode' (reading data to EOF).
sox WARN wav: Length in output .wav header will be wrong since can't seek to fix it
VLOG[1] (compute-kaldi-pitch-feats[5.5.1047~1-09a63]:Read():wave-reader.cc:249) Read in RIFF chunk size: 2147479588, data chunk size: 2147479552. Assume 'stream mode' (reading data to EOF).
VLOG[2] (compute-mfcc-feats[5.5.1047~1-09a63]:main():compute-mfcc-feats.cc:182) Processed features for key sp0.9-SuiSiann_2638
sox WARN wav: Length in output .wav header will be wrong since can't seek to fix it
VLOG[1] (compute-mfcc-feats[5.5.1047~1-09a63]:Read():wave-reader.cc:249) Read in RIFF chunk size: 2147479588, data chunk size: 2147479552. Assume 'stream mode' (reading data to EOF).
sox WARN wav: Length in output .wav header will be wrong since can't seek to fix it
VLOG[1] (compute-kaldi-pitch-feats[5.5.1047~1-09a63]:Read():wave-reader.cc:249) Read in RIFF chunk size: 2147479588, data chunk size: 2147479552. Assume 'stream mode' (reading data to EOF).
sox WARN wav: Length in output .wav header will be wrong since can't seek to fix it
VLOG[1] (compute-kaldi-pitch-feats[5.5.1047~1-09a63]:Read():wave-reader.cc:249) Read in RIFF chunk size: 2147479588, data chunk size: 2147479552. Assume 'stream mode' (reading data to EOF).
sox WARN wav: Length in output .wav header will be wrong since can't seek to fix it
VLOG[1] (compute-kaldi-pitch-feats[5.5.1047~1-09a63]:Read():wave-reader.cc:249) Read in RIFF chunk size: 2147479588, data chunk size: 2147479552. Assume 'stream mode' (reading data to EOF).
LOG (compute-mfcc-feats[5.5.1047~1-09a63]:main():compute-mfcc-feats.cc:181) Processed 80 utterances
VLOG[2] (compute-mfcc-feats[5.5.1047~1-09a63]:main():compute-mfcc-feats.cc:182) Processed features for key sp0.9-SuiSiann_2639
sox WARN wav: Length in output .wav header will be wrong since can't seek to fix it
VLOG[1] (compute-mfcc-feats[5.5.1047~1-09a63]:Read():wave-reader.cc:249) Read in RIFF chunk size: 2147479588, data chunk size: 2147479552. Assume 'stream mode' (reading data to EOF).
sox WARN wav: Length in output .wav header will be wrong since can't seek to fix it
VLOG[1] (compute-kaldi-pitch-feats[5.5.1047~1-09a63]:Read():wave-reader.cc:249) Read in RIFF chunk size: 2147479588, data chunk size: 2147479552. Assume 'stream mode' (reading data to EOF).
VLOG[2] (compute-mfcc-feats[5.5.1047~1-09a63]:main():compute-mfcc-feats.cc:182) Processed features for key sp0.9-SuiSiann_2640
sox WARN wav: Length in output .wav header will be wrong since can't seek to fix it
VLOG[1] (compute-mfcc-feats[5.5.1047~1-09a63]:Read():wave-reader.cc:249) Read in RIFF chunk size: 2147479588, data chunk size: 2147479552. Assume 'stream mode' (reading data to EOF).
VLOG[2] (compute-mfcc-feats[5.5.1047~1-09a63]:main():compute-mfcc-feats.cc:182) Processed features for key sp0.9-SuiSiann_2641
sox WARN wav: Length in output .wav header will be wrong since can't seek to fix it
VLOG[1] (compute-mfcc-feats[5.5.1047~1-09a63]:Read():wave-reader.cc:249) Read in RIFF chunk size: 2147479588, data chunk size: 2147479552. Assume 'stream mode' (reading data to EOF).
VLOG[2] (compute-mfcc-feats[5.5.1047~1-09a63]:main():compute-mfcc-feats.cc:182) Processed features for key sp0.9-SuiSiann_2642
sox WARN wav: Length in output .wav header will be wrong since can't seek to fix it
VLOG[1] (compute-kaldi-pitch-feats[5.5.1047~1-09a63]:Read():wave-reader.cc:249) Read in RIFF chunk size: 2147479588, data chunk size: 2147479552. Assume 'stream mode' (reading data to EOF).
sox WARN wav: Length in output .wav header will be wrong since can't seek to fix it
VLOG[1] (compute-kaldi-pitch-feats[5.5.1047~1-09a63]:Read():wave-reader.cc:249) Read in RIFF chunk size: 2147479588, data chunk size: 2147479552. Assume 'stream mode' (reading data to EOF).
sox WARN wav: Length in output .wav header will be wrong since can't seek to fix it
VLOG[1] (compute-mfcc-feats[5.5.1047~1-09a63]:Read():wave-reader.cc:249) Read in RIFF chunk size: 2147479588, data chunk size: 2147479552. Assume 'stream mode' (reading data to EOF).
VLOG[2] (compute-mfcc-feats[5.5.1047~1-09a63]:main():compute-mfcc-feats.cc:182) Processed features for key sp0.9-SuiSiann_2643
sox WARN wav: Length in output .wav header will be wrong since can't seek to fix it
VLOG[1] (compute-kaldi-pitch-feats[5.5.1047~1-09a63]:Read():wave-reader.cc:249) Read in RIFF chunk size: 2147479588, data chunk size: 2147479552. Assume 'stream mode' (reading data to EOF).
sox WARN wav: Length in output .wav header will be wrong since can't seek to fix it
VLOG[1] (compute-mfcc-feats[5.5.1047~1-09a63]:Read():wave-reader.cc:249) Read in RIFF chunk size: 2147479588, data chunk size: 2147479552. Assume 'stream mode' (reading data to EOF).
sox WARN wav: Length in output .wav header will be wrong since can't seek to fix it
VLOG[1] (compute-kaldi-pitch-feats[5.5.1047~1-09a63]:Read():wave-reader.cc:249) Read in RIFF chunk size: 2147479588, data chunk size: 2147479552. Assume 'stream mode' (reading data to EOF).
VLOG[2] (compute-mfcc-feats[5.5.1047~1-09a63]:main():compute-mfcc-feats.cc:182) Processed features for key sp0.9-SuiSiann_2644
sox WARN wav: Length in output .wav header will be wrong since can't seek to fix it
VLOG[1] (compute-mfcc-feats[5.5.1047~1-09a63]:Read():wave-reader.cc:249) Read in RIFF chunk size: 2147479588, data chunk size: 2147479552. Assume 'stream mode' (reading data to EOF).
VLOG[2] (compute-mfcc-feats[5.5.1047~1-09a63]:main():compute-mfcc-feats.cc:182) Processed features for key sp0.9-SuiSiann_2645
sox WARN wav: Length in output .wav header will be wrong since can't seek to fix it
VLOG[1] (compute-kaldi-pitch-feats[5.5.1047~1-09a63]:Read():wave-reader.cc:249) Read in RIFF chunk size: 2147479588, data chunk size: 2147479552. Assume 'stream mode' (reading data to EOF).
sox WARN wav: Length in output .wav header will be wrong since can't seek to fix it
VLOG[1] (compute-mfcc-feats[5.5.1047~1-09a63]:Read():wave-reader.cc:249) Read in RIFF chunk size: 2147479588, data chunk size: 2147479552. Assume 'stream mode' (reading data to EOF).
VLOG[2] (compute-mfcc-feats[5.5.1047~1-09a63]:main():compute-mfcc-feats.cc:182) Processed features for key sp0.9-SuiSiann_2646
sox WARN wav: Length in output .wav header will be wrong since can't seek to fix it
VLOG[1] (compute-kaldi-pitch-feats[5.5.1047~1-09a63]:Read():wave-reader.cc:249) Read in RIFF chunk size: 2147479588, data chunk size: 2147479552. Assume 'stream mode' (reading data to EOF).
sox WARN wav: Length in output .wav header will be wrong since can't seek to fix it
VLOG[1] (compute-mfcc-feats[5.5.1047~1-09a63]:Read():wave-reader.cc:249) Read in RIFF chunk size: 2147479588, data chunk size: 2147479552. Assume 'stream mode' (reading data to EOF).
VLOG[2] (compute-mfcc-feats[5.5.1047~1-09a63]:main():compute-mfcc-feats.cc:182) Processed features for key sp0.9-SuiSiann_2647
sox WARN wav: Length in output .wav header will be wrong since can't seek to fix it
VLOG[1] (compute-mfcc-feats[5.5.1047~1-09a63]:Read():wave-reader.cc:249) Read in RIFF chunk size: 2147479588, data chunk size: 2147479552. Assume 'stream mode' (reading data to EOF).
sox WARN wav: Length in output .wav header will be wrong since can't seek to fix it
VLOG[1] (compute-kaldi-pitch-feats[5.5.1047~1-09a63]:Read():wave-reader.cc:249) Read in RIFF chunk size: 2147479588, data chunk size: 2147479552. Assume 'stream mode' (reading data to EOF).
VLOG[2] (compute-mfcc-feats[5.5.1047~1-09a63]:main():compute-mfcc-feats.cc:182) Processed features for key sp0.9-SuiSiann_2648
sox WARN wav: Length in output .wav header will be wrong since can't seek to fix it
VLOG[1] (compute-mfcc-feats[5.5.1047~1-09a63]:Read():wave-reader.cc:249) Read in RIFF chunk size: 2147479588, data chunk size: 2147479552. Assume 'stream mode' (reading data to EOF).
LOG (compute-mfcc-feats[5.5.1047~1-09a63]:main():compute-mfcc-feats.cc:181) Processed 90 utterances
VLOG[2] (compute-mfcc-feats[5.5.1047~1-09a63]:main():compute-mfcc-feats.cc:182) Processed features for key sp0.9-SuiSiann_2649
sox WARN wav: Length in output .wav header will be wrong since can't seek to fix it
VLOG[1] (compute-mfcc-feats[5.5.1047~1-09a63]:Read():wave-reader.cc:249) Read in RIFF chunk size: 2147479588, data chunk size: 2147479552. Assume 'stream mode' (reading data to EOF).
VLOG[2] (compute-mfcc-feats[5.5.1047~1-09a63]:main():compute-mfcc-feats.cc:182) Processed features for key sp0.9-SuiSiann_2650
sox WARN wav: Length in output .wav header will be wrong since can't seek to fix it
VLOG[1] (compute-mfcc-feats[5.5.1047~1-09a63]:Read():wave-reader.cc:249) Read in RIFF chunk size: 2147479588, data chunk size: 2147479552. Assume 'stream mode' (reading data to EOF).
VLOG[2] (compute-mfcc-feats[5.5.1047~1-09a63]:main():compute-mfcc-feats.cc:182) Processed features for key sp0.9-SuiSiann_2651
sox WARN wav: Length in output .wav header will be wrong since can't seek to fix it
sox WARN wav: Length in output .wav header will be wrong since can't seek to fix it
VLOG[1] (compute-mfcc-feats[5.5.1047~1-09a63]:Read():wave-reader.cc:249) Read in RIFF chunk size: 2147479588, data chunk size: 2147479552. Assume 'stream mode' (reading data to EOF).
VLOG[1] (compute-kaldi-pitch-feats[5.5.1047~1-09a63]:Read():wave-reader.cc:249) Read in RIFF chunk size: 2147479588, data chunk size: 2147479552. Assume 'stream mode' (reading data to EOF).
VLOG[2] (compute-mfcc-feats[5.5.1047~1-09a63]:main():compute-mfcc-feats.cc:182) Processed features for key sp0.9-SuiSiann_2652
sox WARN wav: Length in output .wav header will be wrong since can't seek to fix it
VLOG[1] (compute-kaldi-pitch-feats[5.5.1047~1-09a63]:Read():wave-reader.cc:249) Read in RIFF chunk size: 2147479588, data chunk size: 2147479552. Assume 'stream mode' (reading data to EOF).
sox WARN wav: Length in output .wav header will be wrong since can't seek to fix it
VLOG[1] (compute-mfcc-feats[5.5.1047~1-09a63]:Read():wave-reader.cc:249) Read in RIFF chunk size: 2147479588, data chunk size: 2147479552. Assume 'stream mode' (reading data to EOF).
VLOG[2] (compute-mfcc-feats[5.5.1047~1-09a63]:main():compute-mfcc-feats.cc:182) Processed features for key sp0.9-SuiSiann_2653
sox WARN wav: Length in output .wav header will be wrong since can't seek to fix it
VLOG[1] (compute-kaldi-pitch-feats[5.5.1047~1-09a63]:Read():wave-reader.cc:249) Read in RIFF chunk size: 2147479588, data chunk size: 2147479552. Assume 'stream mode' (reading data to EOF).
sox WARN wav: Length in output .wav header will be wrong since can't seek to fix it
VLOG[1] (compute-kaldi-pitch-feats[5.5.1047~1-09a63]:Read():wave-reader.cc:249) Read in RIFF chunk size: 2147479588, data chunk size: 2147479552. Assume 'stream mode' (reading data to EOF).
sox WARN wav: Length in output .wav header will be wrong since can't seek to fix it
VLOG[1] (compute-mfcc-feats[5.5.1047~1-09a63]:Read():wave-reader.cc:249) Read in RIFF chunk size: 2147479588, data chunk size: 2147479552. Assume 'stream mode' (reading data to EOF).
VLOG[2] (compute-mfcc-feats[5.5.1047~1-09a63]:main():compute-mfcc-feats.cc:182) Processed features for key sp0.9-SuiSiann_2654
sox WARN wav: Length in output .wav header will be wrong since can't seek to fix it
sox WARN wav: Length in output .wav header will be wrong since can't seek to fix it
VLOG[1] (compute-kaldi-pitch-feats[5.5.1047~1-09a63]:Read():wave-reader.cc:249) Read in RIFF chunk size: 2147479588, data chunk size: 2147479552. Assume 'stream mode' (reading data to EOF).
VLOG[1] (compute-mfcc-feats[5.5.1047~1-09a63]:Read():wave-reader.cc:249) Read in RIFF chunk size: 2147479588, data chunk size: 2147479552. Assume 'stream mode' (reading data to EOF).
VLOG[2] (compute-mfcc-feats[5.5.1047~1-09a63]:main():compute-mfcc-feats.cc:182) Processed features for key sp0.9-SuiSiann_2655
sox WARN wav: Length in output .wav header will be wrong since can't seek to fix it
VLOG[1] (compute-mfcc-feats[5.5.1047~1-09a63]:Read():wave-reader.cc:249) Read in RIFF chunk size: 2147479588, data chunk size: 2147479552. Assume 'stream mode' (reading data to EOF).
sox WARN wav: Length in output .wav header will be wrong since can't seek to fix it
VLOG[1] (compute-kaldi-pitch-feats[5.5.1047~1-09a63]:Read():wave-reader.cc:249) Read in RIFF chunk size: 2147479588, data chunk size: 2147479552. Assume 'stream mode' (reading data to EOF).
sox WARN wav: Length in output .wav header will be wrong since can't seek to fix it
VLOG[1] (compute-kaldi-pitch-feats[5.5.1047~1-09a63]:Read():wave-reader.cc:249) Read in RIFF chunk size: 2147479588, data chunk size: 2147479552. Assume 'stream mode' (reading data to EOF).
sox WARN wav: Length in output .wav header will be wrong since can't seek to fix it
VLOG[1] (compute-kaldi-pitch-feats[5.5.1047~1-09a63]:Read():wave-reader.cc:249) Read in RIFF chunk size: 2147479588, data chunk size: 2147479552. Assume 'stream mode' (reading data to EOF).
sox WARN wav: Length in output .wav header will be wrong since can't seek to fix it
VLOG[1] (compute-kaldi-pitch-feats[5.5.1047~1-09a63]:Read():wave-reader.cc:249) Read in RIFF chunk size: 2147479588, data chunk size: 2147479552. Assume 'stream mode' (reading data to EOF).
VLOG[2] (compute-mfcc-feats[5.5.1047~1-09a63]:main():compute-mfcc-feats.cc:182) Processed features for key sp0.9-SuiSiann_2656
sox WARN wav: Length in output .wav header will be wrong since can't seek to fix it
VLOG[1] (compute-mfcc-feats[5.5.1047~1-09a63]:Read():wave-reader.cc:249) Read in RIFF chunk size: 2147479588, data chunk size: 2147479552. Assume 'stream mode' (reading data to EOF).
VLOG[2] (compute-mfcc-feats[5.5.1047~1-09a63]:main():compute-mfcc-feats.cc:182) Processed features for key sp0.9-SuiSiann_2657
sox WARN wav: Length in output .wav header will be wrong since can't seek to fix it
VLOG[1] (compute-mfcc-feats[5.5.1047~1-09a63]:Read():wave-reader.cc:249) Read in RIFF chunk size: 2147479588, data chunk size: 2147479552. Assume 'stream mode' (reading data to EOF).
VLOG[2] (compute-mfcc-feats[5.5.1047~1-09a63]:main():compute-mfcc-feats.cc:182) Processed features for key sp0.9-SuiSiann_2658
sox WARN wav: Length in output .wav header will be wrong since can't seek to fix it
VLOG[1] (compute-kaldi-pitch-feats[5.5.1047~1-09a63]:Read():wave-reader.cc:249) Read in RIFF chunk size: 2147479588, data chunk size: 2147479552. Assume 'stream mode' (reading data to EOF).
sox WARN wav: Length in output .wav header will be wrong since can't seek to fix it
VLOG[1] (compute-mfcc-feats[5.5.1047~1-09a63]:Read():wave-reader.cc:249) Read in RIFF chunk size: 2147479588, data chunk size: 2147479552. Assume 'stream mode' (reading data to EOF).
sox WARN wav: Length in output .wav header will be wrong since can't seek to fix it
VLOG[1] (compute-kaldi-pitch-feats[5.5.1047~1-09a63]:Read():wave-reader.cc:249) Read in RIFF chunk size: 2147479588, data chunk size: 2147479552. Assume 'stream mode' (reading data to EOF).
LOG (compute-mfcc-feats[5.5.1047~1-09a63]:main():compute-mfcc-feats.cc:181) Processed 100 utterances
VLOG[2] (compute-mfcc-feats[5.5.1047~1-09a63]:main():compute-mfcc-feats.cc:182) Processed features for key sp0.9-SuiSiann_2659
sox WARN wav: Length in output .wav header will be wrong since can't seek to fix it
VLOG[1] (compute-mfcc-feats[5.5.1047~1-09a63]:Read():wave-reader.cc:249) Read in RIFF chunk size: 2147479588, data chunk size: 2147479552. Assume 'stream mode' (reading data to EOF).
sox WARN wav: Length in output .wav header will be wrong since can't seek to fix it
VLOG[1] (compute-kaldi-pitch-feats[5.5.1047~1-09a63]:Read():wave-reader.cc:249) Read in RIFF chunk size: 2147479588, data chunk size: 2147479552. Assume 'stream mode' (reading data to EOF).
VLOG[2] (compute-mfcc-feats[5.5.1047~1-09a63]:main():compute-mfcc-feats.cc:182) Processed features for key sp0.9-SuiSiann_2660
sox WARN wav: Length in output .wav header will be wrong since can't seek to fix it
VLOG[1] (compute-mfcc-feats[5.5.1047~1-09a63]:Read():wave-reader.cc:249) Read in RIFF chunk size: 2147479588, data chunk size: 2147479552. Assume 'stream mode' (reading data to EOF).
VLOG[2] (compute-mfcc-feats[5.5.1047~1-09a63]:main():compute-mfcc-feats.cc:182) Processed features for key sp0.9-SuiSiann_2661
sox WARN wav: Length in output .wav header will be wrong since can't seek to fix it
VLOG[1] (compute-kaldi-pitch-feats[5.5.1047~1-09a63]:Read():wave-reader.cc:249) Read in RIFF chunk size: 2147479588, data chunk size: 2147479552. Assume 'stream mode' (reading data to EOF).
sox WARN wav: Length in output .wav header will be wrong since can't seek to fix it
VLOG[1] (compute-mfcc-feats[5.5.1047~1-09a63]:Read():wave-reader.cc:249) Read in RIFF chunk size: 2147479588, data chunk size: 2147479552. Assume 'stream mode' (reading data to EOF).
sox WARN wav: Length in output .wav header will be wrong since can't seek to fix it
VLOG[1] (compute-kaldi-pitch-feats[5.5.1047~1-09a63]:Read():wave-reader.cc:249) Read in RIFF chunk size: 2147479588, data chunk size: 2147479552. Assume 'stream mode' (reading data to EOF).
VLOG[2] (compute-mfcc-feats[5.5.1047~1-09a63]:main():compute-mfcc-feats.cc:182) Processed features for key sp0.9-SuiSiann_2662
VLOG[2] (compute-kaldi-pitch-feats[5.5.1047~1-09a63]:main():compute-kaldi-pitch-feats.cc:107) Processed 100 utterances
sox WARN wav: Length in output .wav header will be wrong since can't seek to fix it
VLOG[1] (compute-mfcc-feats[5.5.1047~1-09a63]:Read():wave-reader.cc:249) Read in RIFF chunk size: 2147479588, data chunk size: 2147479552. Assume 'stream mode' (reading data to EOF).
sox WARN wav: Length in output .wav header will be wrong since can't seek to fix it
VLOG[1] (compute-kaldi-pitch-feats[5.5.1047~1-09a63]:Read():wave-reader.cc:249) Read in RIFF chunk size: 2147479588, data chunk size: 2147479552. Assume 'stream mode' (reading data to EOF).
sox WARN wav: Length in output .wav header will be wrong since can't seek to fix it
VLOG[1] (compute-kaldi-pitch-feats[5.5.1047~1-09a63]:Read():wave-reader.cc:249) Read in RIFF chunk size: 2147479588, data chunk size: 2147479552. Assume 'stream mode' (reading data to EOF).
VLOG[2] (compute-mfcc-feats[5.5.1047~1-09a63]:main():compute-mfcc-feats.cc:182) Processed features for key sp0.9-SuiSiann_2663
sox WARN wav: Length in output .wav header will be wrong since can't seek to fix it
VLOG[1] (compute-mfcc-feats[5.5.1047~1-09a63]:Read():wave-reader.cc:249) Read in RIFF chunk size: 2147479588, data chunk size: 2147479552. Assume 'stream mode' (reading data to EOF).
sox WARN wav: Length in output .wav header will be wrong since can't seek to fix it
VLOG[1] (compute-kaldi-pitch-feats[5.5.1047~1-09a63]:Read():wave-reader.cc:249) Read in RIFF chunk size: 2147479588, data chunk size: 2147479552. Assume 'stream mode' (reading data to EOF).
VLOG[2] (compute-mfcc-feats[5.5.1047~1-09a63]:main():compute-mfcc-feats.cc:182) Processed features for key sp0.9-SuiSiann_2664
sox WARN wav: Length in output .wav header will be wrong since can't seek to fix it
VLOG[1] (compute-mfcc-feats[5.5.1047~1-09a63]:Read():wave-reader.cc:249) Read in RIFF chunk size: 2147479588, data chunk size: 2147479552. Assume 'stream mode' (reading data to EOF).
VLOG[2] (compute-mfcc-feats[5.5.1047~1-09a63]:main():compute-mfcc-feats.cc:182) Processed features for key sp0.9-SuiSiann_2665
LOG (compute-mfcc-feats[5.5.1047~1-09a63]:main():compute-mfcc-feats.cc:185)  Done 106 out of 106 utterances.
sox WARN wav: Length in output .wav header will be wrong since can't seek to fix it
VLOG[1] (compute-kaldi-pitch-feats[5.5.1047~1-09a63]:Read():wave-reader.cc:249) Read in RIFF chunk size: 2147479588, data chunk size: 2147479552. Assume 'stream mode' (reading data to EOF).
sox WARN wav: Length in output .wav header will be wrong since can't seek to fix it
VLOG[1] (compute-kaldi-pitch-feats[5.5.1047~1-09a63]:Read():wave-reader.cc:249) Read in RIFF chunk size: 2147479588, data chunk size: 2147479552. Assume 'stream mode' (reading data to EOF).
LOG (compute-kaldi-pitch-feats[5.5.1047~1-09a63]:main():compute-kaldi-pitch-feats.cc:110) Done 106 utterances, 0 with errors.
LOG (process-kaldi-pitch-feats[5.5.1047~1-09a63]:main():process-kaldi-pitch-feats.cc:85) Post-processed pitch for 106 utterances.
LOG (paste-feats[5.5.1047~1-09a63]:main():paste-feats.cc:158) Done 106 utts, errors on 0
LOG (copy-feats[5.5.1047~1-09a63]:main():copy-feats.cc:143) Copied 106 feature matrices.
# Accounting: time=4 threads=1
# Ended (code 0) at Wed Sep  7 20:37:59 CST 2022, elapsed time 4 seconds
