# paste-feats --length-tolerance=2 "ark:compute-mfcc-feats  --write-utt2dur=ark,t:exp/make_mfcc/train_sp/utt2dur.14 --verbose=2     --config=conf/mfcc.conf scp,p:exp/make_mfcc/train_sp/wav_train_sp.14.scp ark:- |" "ark,s,cs:compute-kaldi-pitch-feats --verbose=2       --config=conf/pitch.conf scp,p:exp/make_mfcc/train_sp/wav_train_sp.14.scp ark:- |     process-kaldi-pitch-feats  ark:- ark:- |" ark:- | copy-feats --compress=true --write-num-frames=ark,t:exp/make_mfcc/train_sp/utt2num_frames.14 ark:- ark,scp:/home/hcilab1/kaldi/egs/formosa/s5/mfcc_perturbed/raw_mfcc_pitch_train_sp.14.ark,/home/hcilab1/kaldi/egs/formosa/s5/mfcc_perturbed/raw_mfcc_pitch_train_sp.14.scp 
# Started at Sun Sep 25 18:28:25 CST 2022
#
paste-feats --length-tolerance=2 'ark:compute-mfcc-feats  --write-utt2dur=ark,t:exp/make_mfcc/train_sp/utt2dur.14 --verbose=2     --config=conf/mfcc.conf scp,p:exp/make_mfcc/train_sp/wav_train_sp.14.scp ark:- |' 'ark,s,cs:compute-kaldi-pitch-feats --verbose=2       --config=conf/pitch.conf scp,p:exp/make_mfcc/train_sp/wav_train_sp.14.scp ark:- |     process-kaldi-pitch-feats  ark:- ark:- |' ark:- 
copy-feats --compress=true --write-num-frames=ark,t:exp/make_mfcc/train_sp/utt2num_frames.14 ark:- ark,scp:/home/hcilab1/kaldi/egs/formosa/s5/mfcc_perturbed/raw_mfcc_pitch_train_sp.14.ark,/home/hcilab1/kaldi/egs/formosa/s5/mfcc_perturbed/raw_mfcc_pitch_train_sp.14.scp 
compute-mfcc-feats --write-utt2dur=ark,t:exp/make_mfcc/train_sp/utt2dur.14 --verbose=2 --config=conf/mfcc.conf scp,p:exp/make_mfcc/train_sp/wav_train_sp.14.scp ark:- 
VLOG[2] (compute-mfcc-feats[5.5.1047~1-09a63]:main():compute-mfcc-feats.cc:182) Processed features for key SuiSiann_2085
VLOG[2] (compute-mfcc-feats[5.5.1047~1-09a63]:main():compute-mfcc-feats.cc:182) Processed features for key SuiSiann_2086
VLOG[2] (compute-mfcc-feats[5.5.1047~1-09a63]:main():compute-mfcc-feats.cc:182) Processed features for key SuiSiann_2087
VLOG[2] (compute-mfcc-feats[5.5.1047~1-09a63]:main():compute-mfcc-feats.cc:182) Processed features for key SuiSiann_2089
VLOG[2] (compute-mfcc-feats[5.5.1047~1-09a63]:main():compute-mfcc-feats.cc:182) Processed features for key SuiSiann_2091
compute-kaldi-pitch-feats --verbose=2 --config=conf/pitch.conf scp,p:exp/make_mfcc/train_sp/wav_train_sp.14.scp ark:- 
process-kaldi-pitch-feats ark:- ark:- 
VLOG[2] (compute-mfcc-feats[5.5.1047~1-09a63]:main():compute-mfcc-feats.cc:182) Processed features for key SuiSiann_2093
VLOG[2] (compute-mfcc-feats[5.5.1047~1-09a63]:main():compute-mfcc-feats.cc:182) Processed features for key SuiSiann_2094
VLOG[2] (compute-mfcc-feats[5.5.1047~1-09a63]:main():compute-mfcc-feats.cc:182) Processed features for key SuiSiann_2095
VLOG[2] (compute-mfcc-feats[5.5.1047~1-09a63]:main():compute-mfcc-feats.cc:182) Processed features for key SuiSiann_2096
LOG (compute-mfcc-feats[5.5.1047~1-09a63]:main():compute-mfcc-feats.cc:181) Processed 10 utterances
VLOG[2] (compute-mfcc-feats[5.5.1047~1-09a63]:main():compute-mfcc-feats.cc:182) Processed features for key SuiSiann_2097
VLOG[2] (compute-mfcc-feats[5.5.1047~1-09a63]:main():compute-mfcc-feats.cc:182) Processed features for key SuiSiann_2101
VLOG[2] (compute-mfcc-feats[5.5.1047~1-09a63]:main():compute-mfcc-feats.cc:182) Processed features for key SuiSiann_2108
VLOG[2] (compute-mfcc-feats[5.5.1047~1-09a63]:main():compute-mfcc-feats.cc:182) Processed features for key SuiSiann_2113
VLOG[2] (compute-mfcc-feats[5.5.1047~1-09a63]:main():compute-mfcc-feats.cc:182) Processed features for key SuiSiann_2115
VLOG[2] (compute-mfcc-feats[5.5.1047~1-09a63]:main():compute-mfcc-feats.cc:182) Processed features for key SuiSiann_2116
VLOG[2] (compute-mfcc-feats[5.5.1047~1-09a63]:main():compute-mfcc-feats.cc:182) Processed features for key SuiSiann_2121
VLOG[2] (compute-mfcc-feats[5.5.1047~1-09a63]:main():compute-mfcc-feats.cc:182) Processed features for key SuiSiann_2126
VLOG[2] (compute-mfcc-feats[5.5.1047~1-09a63]:main():compute-mfcc-feats.cc:182) Processed features for key SuiSiann_2127
VLOG[2] (compute-mfcc-feats[5.5.1047~1-09a63]:main():compute-mfcc-feats.cc:182) Processed features for key SuiSiann_2136
LOG (compute-mfcc-feats[5.5.1047~1-09a63]:main():compute-mfcc-feats.cc:181) Processed 20 utterances
VLOG[2] (compute-mfcc-feats[5.5.1047~1-09a63]:main():compute-mfcc-feats.cc:182) Processed features for key SuiSiann_2138
VLOG[2] (compute-mfcc-feats[5.5.1047~1-09a63]:main():compute-mfcc-feats.cc:182) Processed features for key SuiSiann_2139
VLOG[2] (compute-mfcc-feats[5.5.1047~1-09a63]:main():compute-mfcc-feats.cc:182) Processed features for key SuiSiann_2141
VLOG[2] (compute-mfcc-feats[5.5.1047~1-09a63]:main():compute-mfcc-feats.cc:182) Processed features for key SuiSiann_2142
VLOG[2] (compute-mfcc-feats[5.5.1047~1-09a63]:main():compute-mfcc-feats.cc:182) Processed features for key SuiSiann_2147
VLOG[2] (compute-mfcc-feats[5.5.1047~1-09a63]:main():compute-mfcc-feats.cc:182) Processed features for key SuiSiann_2149
VLOG[2] (compute-mfcc-feats[5.5.1047~1-09a63]:main():compute-mfcc-feats.cc:182) Processed features for key SuiSiann_2151
VLOG[2] (compute-mfcc-feats[5.5.1047~1-09a63]:main():compute-mfcc-feats.cc:182) Processed features for key SuiSiann_2157
VLOG[2] (compute-mfcc-feats[5.5.1047~1-09a63]:main():compute-mfcc-feats.cc:182) Processed features for key SuiSiann_2159
VLOG[2] (compute-mfcc-feats[5.5.1047~1-09a63]:main():compute-mfcc-feats.cc:182) Processed features for key SuiSiann_2160
LOG (compute-mfcc-feats[5.5.1047~1-09a63]:main():compute-mfcc-feats.cc:181) Processed 30 utterances
VLOG[2] (compute-mfcc-feats[5.5.1047~1-09a63]:main():compute-mfcc-feats.cc:182) Processed features for key SuiSiann_2162
VLOG[2] (compute-mfcc-feats[5.5.1047~1-09a63]:main():compute-mfcc-feats.cc:182) Processed features for key SuiSiann_2163
VLOG[2] (compute-mfcc-feats[5.5.1047~1-09a63]:main():compute-mfcc-feats.cc:182) Processed features for key SuiSiann_2165
VLOG[2] (compute-mfcc-feats[5.5.1047~1-09a63]:main():compute-mfcc-feats.cc:182) Processed features for key SuiSiann_2166
VLOG[2] (compute-mfcc-feats[5.5.1047~1-09a63]:main():compute-mfcc-feats.cc:182) Processed features for key SuiSiann_2167
VLOG[2] (compute-mfcc-feats[5.5.1047~1-09a63]:main():compute-mfcc-feats.cc:182) Processed features for key SuiSiann_2173
VLOG[2] (compute-mfcc-feats[5.5.1047~1-09a63]:main():compute-mfcc-feats.cc:182) Processed features for key SuiSiann_2174
VLOG[2] (compute-mfcc-feats[5.5.1047~1-09a63]:main():compute-mfcc-feats.cc:182) Processed features for key SuiSiann_2177
VLOG[2] (compute-mfcc-feats[5.5.1047~1-09a63]:main():compute-mfcc-feats.cc:182) Processed features for key SuiSiann_2181
VLOG[2] (compute-mfcc-feats[5.5.1047~1-09a63]:main():compute-mfcc-feats.cc:182) Processed features for key SuiSiann_2182
LOG (compute-mfcc-feats[5.5.1047~1-09a63]:main():compute-mfcc-feats.cc:181) Processed 40 utterances
VLOG[2] (compute-mfcc-feats[5.5.1047~1-09a63]:main():compute-mfcc-feats.cc:182) Processed features for key SuiSiann_2183
VLOG[2] (compute-mfcc-feats[5.5.1047~1-09a63]:main():compute-mfcc-feats.cc:182) Processed features for key SuiSiann_2184
VLOG[2] (compute-mfcc-feats[5.5.1047~1-09a63]:main():compute-mfcc-feats.cc:182) Processed features for key SuiSiann_2190
VLOG[2] (compute-mfcc-feats[5.5.1047~1-09a63]:main():compute-mfcc-feats.cc:182) Processed features for key SuiSiann_2197
VLOG[2] (compute-mfcc-feats[5.5.1047~1-09a63]:main():compute-mfcc-feats.cc:182) Processed features for key SuiSiann_2198
VLOG[2] (compute-mfcc-feats[5.5.1047~1-09a63]:main():compute-mfcc-feats.cc:182) Processed features for key SuiSiann_2199
VLOG[2] (compute-mfcc-feats[5.5.1047~1-09a63]:main():compute-mfcc-feats.cc:182) Processed features for key SuiSiann_2201
VLOG[2] (compute-mfcc-feats[5.5.1047~1-09a63]:main():compute-mfcc-feats.cc:182) Processed features for key SuiSiann_2202
VLOG[2] (compute-mfcc-feats[5.5.1047~1-09a63]:main():compute-mfcc-feats.cc:182) Processed features for key SuiSiann_2203
VLOG[2] (compute-mfcc-feats[5.5.1047~1-09a63]:main():compute-mfcc-feats.cc:182) Processed features for key SuiSiann_2205
LOG (compute-mfcc-feats[5.5.1047~1-09a63]:main():compute-mfcc-feats.cc:181) Processed 50 utterances
VLOG[2] (compute-mfcc-feats[5.5.1047~1-09a63]:main():compute-mfcc-feats.cc:182) Processed features for key SuiSiann_2208
VLOG[2] (compute-mfcc-feats[5.5.1047~1-09a63]:main():compute-mfcc-feats.cc:182) Processed features for key SuiSiann_2210
VLOG[2] (compute-mfcc-feats[5.5.1047~1-09a63]:main():compute-mfcc-feats.cc:182) Processed features for key SuiSiann_2213
VLOG[2] (compute-kaldi-pitch-feats[5.5.1047~1-09a63]:main():compute-kaldi-pitch-feats.cc:107) Processed 50 utterances
VLOG[2] (compute-mfcc-feats[5.5.1047~1-09a63]:main():compute-mfcc-feats.cc:182) Processed features for key SuiSiann_2215
VLOG[2] (compute-mfcc-feats[5.5.1047~1-09a63]:main():compute-mfcc-feats.cc:182) Processed features for key SuiSiann_2216
VLOG[2] (compute-mfcc-feats[5.5.1047~1-09a63]:main():compute-mfcc-feats.cc:182) Processed features for key SuiSiann_2218
VLOG[2] (compute-mfcc-feats[5.5.1047~1-09a63]:main():compute-mfcc-feats.cc:182) Processed features for key SuiSiann_2219
VLOG[2] (compute-mfcc-feats[5.5.1047~1-09a63]:main():compute-mfcc-feats.cc:182) Processed features for key SuiSiann_2221
VLOG[2] (compute-mfcc-feats[5.5.1047~1-09a63]:main():compute-mfcc-feats.cc:182) Processed features for key SuiSiann_2223
VLOG[2] (compute-mfcc-feats[5.5.1047~1-09a63]:main():compute-mfcc-feats.cc:182) Processed features for key SuiSiann_2230
LOG (compute-mfcc-feats[5.5.1047~1-09a63]:main():compute-mfcc-feats.cc:181) Processed 60 utterances
VLOG[2] (compute-mfcc-feats[5.5.1047~1-09a63]:main():compute-mfcc-feats.cc:182) Processed features for key SuiSiann_2233
VLOG[2] (compute-mfcc-feats[5.5.1047~1-09a63]:main():compute-mfcc-feats.cc:182) Processed features for key SuiSiann_2242
VLOG[2] (compute-mfcc-feats[5.5.1047~1-09a63]:main():compute-mfcc-feats.cc:182) Processed features for key SuiSiann_2248
VLOG[2] (compute-mfcc-feats[5.5.1047~1-09a63]:main():compute-mfcc-feats.cc:182) Processed features for key SuiSiann_2259
VLOG[2] (compute-mfcc-feats[5.5.1047~1-09a63]:main():compute-mfcc-feats.cc:182) Processed features for key SuiSiann_2261
VLOG[2] (compute-mfcc-feats[5.5.1047~1-09a63]:main():compute-mfcc-feats.cc:182) Processed features for key SuiSiann_2262
VLOG[2] (compute-mfcc-feats[5.5.1047~1-09a63]:main():compute-mfcc-feats.cc:182) Processed features for key SuiSiann_2264
VLOG[2] (compute-mfcc-feats[5.5.1047~1-09a63]:main():compute-mfcc-feats.cc:182) Processed features for key SuiSiann_2265
VLOG[2] (compute-mfcc-feats[5.5.1047~1-09a63]:main():compute-mfcc-feats.cc:182) Processed features for key SuiSiann_2267
VLOG[2] (compute-mfcc-feats[5.5.1047~1-09a63]:main():compute-mfcc-feats.cc:182) Processed features for key SuiSiann_2268
LOG (compute-mfcc-feats[5.5.1047~1-09a63]:main():compute-mfcc-feats.cc:181) Processed 70 utterances
VLOG[2] (compute-mfcc-feats[5.5.1047~1-09a63]:main():compute-mfcc-feats.cc:182) Processed features for key SuiSiann_2269
VLOG[2] (compute-mfcc-feats[5.5.1047~1-09a63]:main():compute-mfcc-feats.cc:182) Processed features for key SuiSiann_2272
VLOG[2] (compute-mfcc-feats[5.5.1047~1-09a63]:main():compute-mfcc-feats.cc:182) Processed features for key SuiSiann_2273
VLOG[2] (compute-mfcc-feats[5.5.1047~1-09a63]:main():compute-mfcc-feats.cc:182) Processed features for key SuiSiann_2274
VLOG[2] (compute-mfcc-feats[5.5.1047~1-09a63]:main():compute-mfcc-feats.cc:182) Processed features for key SuiSiann_2275
VLOG[2] (compute-mfcc-feats[5.5.1047~1-09a63]:main():compute-mfcc-feats.cc:182) Processed features for key SuiSiann_2276
VLOG[2] (compute-mfcc-feats[5.5.1047~1-09a63]:main():compute-mfcc-feats.cc:182) Processed features for key SuiSiann_2278
VLOG[2] (compute-mfcc-feats[5.5.1047~1-09a63]:main():compute-mfcc-feats.cc:182) Processed features for key SuiSiann_2281
VLOG[2] (compute-mfcc-feats[5.5.1047~1-09a63]:main():compute-mfcc-feats.cc:182) Processed features for key SuiSiann_2282
VLOG[2] (compute-mfcc-feats[5.5.1047~1-09a63]:main():compute-mfcc-feats.cc:182) Processed features for key SuiSiann_2286
LOG (compute-mfcc-feats[5.5.1047~1-09a63]:main():compute-mfcc-feats.cc:181) Processed 80 utterances
VLOG[2] (compute-mfcc-feats[5.5.1047~1-09a63]:main():compute-mfcc-feats.cc:182) Processed features for key SuiSiann_2287
VLOG[2] (compute-mfcc-feats[5.5.1047~1-09a63]:main():compute-mfcc-feats.cc:182) Processed features for key SuiSiann_2288
VLOG[2] (compute-mfcc-feats[5.5.1047~1-09a63]:main():compute-mfcc-feats.cc:182) Processed features for key SuiSiann_2289
LOG (compute-mfcc-feats[5.5.1047~1-09a63]:main():compute-mfcc-feats.cc:185)  Done 82 out of 82 utterances.
LOG (compute-kaldi-pitch-feats[5.5.1047~1-09a63]:main():compute-kaldi-pitch-feats.cc:110) Done 82 utterances, 0 with errors.
LOG (process-kaldi-pitch-feats[5.5.1047~1-09a63]:main():process-kaldi-pitch-feats.cc:85) Post-processed pitch for 82 utterances.
LOG (paste-feats[5.5.1047~1-09a63]:main():paste-feats.cc:158) Done 82 utts, errors on 0
LOG (copy-feats[5.5.1047~1-09a63]:main():copy-feats.cc:143) Copied 82 feature matrices.
# Accounting: time=3 threads=1
# Ended (code 0) at Sun Sep 25 18:28:28 CST 2022, elapsed time 3 seconds
