# paste-feats --length-tolerance=2 "ark:compute-mfcc-feats  --write-utt2dur=ark,t:exp/make_mfcc/train_sp/utt2dur.61 --verbose=2     --config=conf/mfcc.conf scp,p:exp/make_mfcc/train_sp/wav_train_sp.61.scp ark:- |" "ark,s,cs:compute-kaldi-pitch-feats --verbose=2       --config=conf/pitch.conf scp,p:exp/make_mfcc/train_sp/wav_train_sp.61.scp ark:- |     process-kaldi-pitch-feats  ark:- ark:- |" ark:- | copy-feats --compress=true --write-num-frames=ark,t:exp/make_mfcc/train_sp/utt2num_frames.61 ark:- ark,scp:/home/hcilab1/kaldi/egs/formosa/s5/mfcc_perturbed/raw_mfcc_pitch_train_sp.61.ark,/home/hcilab1/kaldi/egs/formosa/s5/mfcc_perturbed/raw_mfcc_pitch_train_sp.61.scp 
# Started at Wed Sep  7 20:38:03 CST 2022
#
copy-feats --compress=true --write-num-frames=ark,t:exp/make_mfcc/train_sp/utt2num_frames.61 ark:- ark,scp:/home/hcilab1/kaldi/egs/formosa/s5/mfcc_perturbed/raw_mfcc_pitch_train_sp.61.ark,/home/hcilab1/kaldi/egs/formosa/s5/mfcc_perturbed/raw_mfcc_pitch_train_sp.61.scp 
paste-feats --length-tolerance=2 'ark:compute-mfcc-feats  --write-utt2dur=ark,t:exp/make_mfcc/train_sp/utt2dur.61 --verbose=2     --config=conf/mfcc.conf scp,p:exp/make_mfcc/train_sp/wav_train_sp.61.scp ark:- |' 'ark,s,cs:compute-kaldi-pitch-feats --verbose=2       --config=conf/pitch.conf scp,p:exp/make_mfcc/train_sp/wav_train_sp.61.scp ark:- |     process-kaldi-pitch-feats  ark:- ark:- |' ark:- 
compute-mfcc-feats --write-utt2dur=ark,t:exp/make_mfcc/train_sp/utt2dur.61 --verbose=2 --config=conf/mfcc.conf scp,p:exp/make_mfcc/train_sp/wav_train_sp.61.scp ark:- 
sox WARN wav: Length in output .wav header will be wrong since can't seek to fix it
VLOG[1] (compute-mfcc-feats[5.5.1047~1-09a63]:Read():wave-reader.cc:249) Read in RIFF chunk size: 2147479588, data chunk size: 2147479552. Assume 'stream mode' (reading data to EOF).
VLOG[2] (compute-mfcc-feats[5.5.1047~1-09a63]:main():compute-mfcc-feats.cc:182) Processed features for key sp1.1-SuiSiann_2418
process-kaldi-pitch-feats ark:- ark:- 
compute-kaldi-pitch-feats --verbose=2 --config=conf/pitch.conf scp,p:exp/make_mfcc/train_sp/wav_train_sp.61.scp ark:- 
sox WARN wav: Length in output .wav header will be wrong since can't seek to fix it
VLOG[1] (compute-kaldi-pitch-feats[5.5.1047~1-09a63]:Read():wave-reader.cc:249) Read in RIFF chunk size: 2147479588, data chunk size: 2147479552. Assume 'stream mode' (reading data to EOF).
sox WARN wav: Length in output .wav header will be wrong since can't seek to fix it
VLOG[1] (compute-mfcc-feats[5.5.1047~1-09a63]:Read():wave-reader.cc:249) Read in RIFF chunk size: 2147479588, data chunk size: 2147479552. Assume 'stream mode' (reading data to EOF).
sox WARN wav: Length in output .wav header will be wrong since can't seek to fix it
VLOG[1] (compute-kaldi-pitch-feats[5.5.1047~1-09a63]:Read():wave-reader.cc:249) Read in RIFF chunk size: 2147479588, data chunk size: 2147479552. Assume 'stream mode' (reading data to EOF).
VLOG[2] (compute-mfcc-feats[5.5.1047~1-09a63]:main():compute-mfcc-feats.cc:182) Processed features for key sp1.1-SuiSiann_2419
sox WARN wav: Length in output .wav header will be wrong since can't seek to fix it
VLOG[1] (compute-kaldi-pitch-feats[5.5.1047~1-09a63]:Read():wave-reader.cc:249) Read in RIFF chunk size: 2147479588, data chunk size: 2147479552. Assume 'stream mode' (reading data to EOF).
sox WARN wav: Length in output .wav header will be wrong since can't seek to fix it
VLOG[1] (compute-mfcc-feats[5.5.1047~1-09a63]:Read():wave-reader.cc:249) Read in RIFF chunk size: 2147479588, data chunk size: 2147479552. Assume 'stream mode' (reading data to EOF).
sox WARN wav: Length in output .wav header will be wrong since can't seek to fix it
VLOG[1] (compute-kaldi-pitch-feats[5.5.1047~1-09a63]:Read():wave-reader.cc:249) Read in RIFF chunk size: 2147479588, data chunk size: 2147479552. Assume 'stream mode' (reading data to EOF).
VLOG[2] (compute-mfcc-feats[5.5.1047~1-09a63]:main():compute-mfcc-feats.cc:182) Processed features for key sp1.1-SuiSiann_2420
sox WARN wav: Length in output .wav header will be wrong since can't seek to fix it
VLOG[1] (compute-mfcc-feats[5.5.1047~1-09a63]:Read():wave-reader.cc:249) Read in RIFF chunk size: 2147479588, data chunk size: 2147479552. Assume 'stream mode' (reading data to EOF).
VLOG[2] (compute-mfcc-feats[5.5.1047~1-09a63]:main():compute-mfcc-feats.cc:182) Processed features for key sp1.1-SuiSiann_2421
sox WARN wav: Length in output .wav header will be wrong since can't seek to fix it
VLOG[1] (compute-kaldi-pitch-feats[5.5.1047~1-09a63]:Read():wave-reader.cc:249) Read in RIFF chunk size: 2147479588, data chunk size: 2147479552. Assume 'stream mode' (reading data to EOF).
sox WARN wav: Length in output .wav header will be wrong since can't seek to fix it
VLOG[1] (compute-mfcc-feats[5.5.1047~1-09a63]:Read():wave-reader.cc:249) Read in RIFF chunk size: 2147479588, data chunk size: 2147479552. Assume 'stream mode' (reading data to EOF).
VLOG[2] (compute-mfcc-feats[5.5.1047~1-09a63]:main():compute-mfcc-feats.cc:182) Processed features for key sp1.1-SuiSiann_2422
sox WARN wav: Length in output .wav header will be wrong since can't seek to fix it
VLOG[1] (compute-mfcc-feats[5.5.1047~1-09a63]:Read():wave-reader.cc:249) Read in RIFF chunk size: 2147479588, data chunk size: 2147479552. Assume 'stream mode' (reading data to EOF).
sox WARN wav: Length in output .wav header will be wrong since can't seek to fix it
VLOG[1] (compute-kaldi-pitch-feats[5.5.1047~1-09a63]:Read():wave-reader.cc:249) Read in RIFF chunk size: 2147479588, data chunk size: 2147479552. Assume 'stream mode' (reading data to EOF).
VLOG[2] (compute-mfcc-feats[5.5.1047~1-09a63]:main():compute-mfcc-feats.cc:182) Processed features for key sp1.1-SuiSiann_2423
sox WARN wav: Length in output .wav header will be wrong since can't seek to fix it
VLOG[1] (compute-mfcc-feats[5.5.1047~1-09a63]:Read():wave-reader.cc:249) Read in RIFF chunk size: 2147479588, data chunk size: 2147479552. Assume 'stream mode' (reading data to EOF).
VLOG[2] (compute-mfcc-feats[5.5.1047~1-09a63]:main():compute-mfcc-feats.cc:182) Processed features for key sp1.1-SuiSiann_2424
sox WARN wav: Length in output .wav header will be wrong since can't seek to fix it
VLOG[1] (compute-mfcc-feats[5.5.1047~1-09a63]:Read():wave-reader.cc:249) Read in RIFF chunk size: 2147479588, data chunk size: 2147479552. Assume 'stream mode' (reading data to EOF).
VLOG[2] (compute-mfcc-feats[5.5.1047~1-09a63]:main():compute-mfcc-feats.cc:182) Processed features for key sp1.1-SuiSiann_2425
sox WARN wav: Length in output .wav header will be wrong since can't seek to fix it
VLOG[1] (compute-mfcc-feats[5.5.1047~1-09a63]:Read():wave-reader.cc:249) Read in RIFF chunk size: 2147479588, data chunk size: 2147479552. Assume 'stream mode' (reading data to EOF).
VLOG[2] (compute-mfcc-feats[5.5.1047~1-09a63]:main():compute-mfcc-feats.cc:182) Processed features for key sp1.1-SuiSiann_2426
sox WARN wav: Length in output .wav header will be wrong since can't seek to fix it
VLOG[1] (compute-kaldi-pitch-feats[5.5.1047~1-09a63]:Read():wave-reader.cc:249) Read in RIFF chunk size: 2147479588, data chunk size: 2147479552. Assume 'stream mode' (reading data to EOF).
sox WARN wav: Length in output .wav header will be wrong since can't seek to fix it
VLOG[1] (compute-mfcc-feats[5.5.1047~1-09a63]:Read():wave-reader.cc:249) Read in RIFF chunk size: 2147479588, data chunk size: 2147479552. Assume 'stream mode' (reading data to EOF).
sox WARN wav: Length in output .wav header will be wrong since can't seek to fix it
VLOG[1] (compute-kaldi-pitch-feats[5.5.1047~1-09a63]:Read():wave-reader.cc:249) Read in RIFF chunk size: 2147479588, data chunk size: 2147479552. Assume 'stream mode' (reading data to EOF).
LOG (compute-mfcc-feats[5.5.1047~1-09a63]:main():compute-mfcc-feats.cc:181) Processed 10 utterances
VLOG[2] (compute-mfcc-feats[5.5.1047~1-09a63]:main():compute-mfcc-feats.cc:182) Processed features for key sp1.1-SuiSiann_2427
sox WARN wav: Length in output .wav header will be wrong since can't seek to fix it
VLOG[1] (compute-mfcc-feats[5.5.1047~1-09a63]:Read():wave-reader.cc:249) Read in RIFF chunk size: 2147479588, data chunk size: 2147479552. Assume 'stream mode' (reading data to EOF).
sox WARN wav: Length in output .wav header will be wrong since can't seek to fix it
VLOG[1] (compute-kaldi-pitch-feats[5.5.1047~1-09a63]:Read():wave-reader.cc:249) Read in RIFF chunk size: 2147479588, data chunk size: 2147479552. Assume 'stream mode' (reading data to EOF).
sox WARN wav: Length in output .wav header will be wrong since can't seek to fix it
VLOG[1] (compute-kaldi-pitch-feats[5.5.1047~1-09a63]:Read():wave-reader.cc:249) Read in RIFF chunk size: 2147479588, data chunk size: 2147479552. Assume 'stream mode' (reading data to EOF).
VLOG[2] (compute-mfcc-feats[5.5.1047~1-09a63]:main():compute-mfcc-feats.cc:182) Processed features for key sp1.1-SuiSiann_2428
sox WARN wav: Length in output .wav header will be wrong since can't seek to fix it
VLOG[1] (compute-mfcc-feats[5.5.1047~1-09a63]:Read():wave-reader.cc:249) Read in RIFF chunk size: 2147479588, data chunk size: 2147479552. Assume 'stream mode' (reading data to EOF).
sox WARN wav: Length in output .wav header will be wrong since can't seek to fix it
VLOG[1] (compute-kaldi-pitch-feats[5.5.1047~1-09a63]:Read():wave-reader.cc:249) Read in RIFF chunk size: 2147479588, data chunk size: 2147479552. Assume 'stream mode' (reading data to EOF).
VLOG[2] (compute-mfcc-feats[5.5.1047~1-09a63]:main():compute-mfcc-feats.cc:182) Processed features for key sp1.1-SuiSiann_2429
sox WARN wav: Length in output .wav header will be wrong since can't seek to fix it
VLOG[1] (compute-mfcc-feats[5.5.1047~1-09a63]:Read():wave-reader.cc:249) Read in RIFF chunk size: 2147479588, data chunk size: 2147479552. Assume 'stream mode' (reading data to EOF).
sox WARN wav: Length in output .wav header will be wrong since can't seek to fix it
VLOG[1] (compute-kaldi-pitch-feats[5.5.1047~1-09a63]:Read():wave-reader.cc:249) Read in RIFF chunk size: 2147479588, data chunk size: 2147479552. Assume 'stream mode' (reading data to EOF).
VLOG[2] (compute-mfcc-feats[5.5.1047~1-09a63]:main():compute-mfcc-feats.cc:182) Processed features for key sp1.1-SuiSiann_2430
sox WARN wav: Length in output .wav header will be wrong since can't seek to fix it
VLOG[1] (compute-mfcc-feats[5.5.1047~1-09a63]:Read():wave-reader.cc:249) Read in RIFF chunk size: 2147479588, data chunk size: 2147479552. Assume 'stream mode' (reading data to EOF).
VLOG[2] (compute-mfcc-feats[5.5.1047~1-09a63]:main():compute-mfcc-feats.cc:182) Processed features for key sp1.1-SuiSiann_2431
sox WARN wav: Length in output .wav header will be wrong since can't seek to fix it
VLOG[1] (compute-mfcc-feats[5.5.1047~1-09a63]:Read():wave-reader.cc:249) Read in RIFF chunk size: 2147479588, data chunk size: 2147479552. Assume 'stream mode' (reading data to EOF).
sox WARN wav: Length in output .wav header will be wrong since can't seek to fix it
VLOG[1] (compute-kaldi-pitch-feats[5.5.1047~1-09a63]:Read():wave-reader.cc:249) Read in RIFF chunk size: 2147479588, data chunk size: 2147479552. Assume 'stream mode' (reading data to EOF).
VLOG[2] (compute-mfcc-feats[5.5.1047~1-09a63]:main():compute-mfcc-feats.cc:182) Processed features for key sp1.1-SuiSiann_2432
sox WARN wav: Length in output .wav header will be wrong since can't seek to fix it
VLOG[1] (compute-mfcc-feats[5.5.1047~1-09a63]:Read():wave-reader.cc:249) Read in RIFF chunk size: 2147479588, data chunk size: 2147479552. Assume 'stream mode' (reading data to EOF).
sox WARN wav: Length in output .wav header will be wrong since can't seek to fix it
VLOG[1] (compute-kaldi-pitch-feats[5.5.1047~1-09a63]:Read():wave-reader.cc:249) Read in RIFF chunk size: 2147479588, data chunk size: 2147479552. Assume 'stream mode' (reading data to EOF).
VLOG[2] (compute-mfcc-feats[5.5.1047~1-09a63]:main():compute-mfcc-feats.cc:182) Processed features for key sp1.1-SuiSiann_2433
sox WARN wav: Length in output .wav header will be wrong since can't seek to fix it
VLOG[1] (compute-mfcc-feats[5.5.1047~1-09a63]:Read():wave-reader.cc:249) Read in RIFF chunk size: 2147479588, data chunk size: 2147479552. Assume 'stream mode' (reading data to EOF).
sox WARN wav: Length in output .wav header will be wrong since can't seek to fix it
VLOG[1] (compute-kaldi-pitch-feats[5.5.1047~1-09a63]:Read():wave-reader.cc:249) Read in RIFF chunk size: 2147479588, data chunk size: 2147479552. Assume 'stream mode' (reading data to EOF).
VLOG[2] (compute-mfcc-feats[5.5.1047~1-09a63]:main():compute-mfcc-feats.cc:182) Processed features for key sp1.1-SuiSiann_2434
sox WARN wav: Length in output .wav header will be wrong since can't seek to fix it
VLOG[1] (compute-mfcc-feats[5.5.1047~1-09a63]:Read():wave-reader.cc:249) Read in RIFF chunk size: 2147479588, data chunk size: 2147479552. Assume 'stream mode' (reading data to EOF).
VLOG[2] (compute-mfcc-feats[5.5.1047~1-09a63]:main():compute-mfcc-feats.cc:182) Processed features for key sp1.1-SuiSiann_2435
sox WARN wav: Length in output .wav header will be wrong since can't seek to fix it
VLOG[1] (compute-mfcc-feats[5.5.1047~1-09a63]:Read():wave-reader.cc:249) Read in RIFF chunk size: 2147479588, data chunk size: 2147479552. Assume 'stream mode' (reading data to EOF).
sox WARN wav: Length in output .wav header will be wrong since can't seek to fix it
VLOG[1] (compute-kaldi-pitch-feats[5.5.1047~1-09a63]:Read():wave-reader.cc:249) Read in RIFF chunk size: 2147479588, data chunk size: 2147479552. Assume 'stream mode' (reading data to EOF).
VLOG[2] (compute-mfcc-feats[5.5.1047~1-09a63]:main():compute-mfcc-feats.cc:182) Processed features for key sp1.1-SuiSiann_2436
sox WARN wav: Length in output .wav header will be wrong since can't seek to fix it
VLOG[1] (compute-mfcc-feats[5.5.1047~1-09a63]:Read():wave-reader.cc:249) Read in RIFF chunk size: 2147479588, data chunk size: 2147479552. Assume 'stream mode' (reading data to EOF).
sox WARN wav: Length in output .wav header will be wrong since can't seek to fix it
VLOG[1] (compute-kaldi-pitch-feats[5.5.1047~1-09a63]:Read():wave-reader.cc:249) Read in RIFF chunk size: 2147479588, data chunk size: 2147479552. Assume 'stream mode' (reading data to EOF).
LOG (compute-mfcc-feats[5.5.1047~1-09a63]:main():compute-mfcc-feats.cc:181) Processed 20 utterances
VLOG[2] (compute-mfcc-feats[5.5.1047~1-09a63]:main():compute-mfcc-feats.cc:182) Processed features for key sp1.1-SuiSiann_2437
sox WARN wav: Length in output .wav header will be wrong since can't seek to fix it
VLOG[1] (compute-mfcc-feats[5.5.1047~1-09a63]:Read():wave-reader.cc:249) Read in RIFF chunk size: 2147479588, data chunk size: 2147479552. Assume 'stream mode' (reading data to EOF).
sox WARN wav: Length in output .wav header will be wrong since can't seek to fix it
VLOG[1] (compute-kaldi-pitch-feats[5.5.1047~1-09a63]:Read():wave-reader.cc:249) Read in RIFF chunk size: 2147479588, data chunk size: 2147479552. Assume 'stream mode' (reading data to EOF).
sox WARN wav: Length in output .wav header will be wrong since can't seek to fix it
VLOG[1] (compute-kaldi-pitch-feats[5.5.1047~1-09a63]:Read():wave-reader.cc:249) Read in RIFF chunk size: 2147479588, data chunk size: 2147479552. Assume 'stream mode' (reading data to EOF).
sox WARN wav: Length in output .wav header will be wrong since can't seek to fix it
VLOG[1] (compute-kaldi-pitch-feats[5.5.1047~1-09a63]:Read():wave-reader.cc:249) Read in RIFF chunk size: 2147479588, data chunk size: 2147479552. Assume 'stream mode' (reading data to EOF).
VLOG[2] (compute-mfcc-feats[5.5.1047~1-09a63]:main():compute-mfcc-feats.cc:182) Processed features for key sp1.1-SuiSiann_2438
sox WARN wav: Length in output .wav header will be wrong since can't seek to fix it
VLOG[1] (compute-mfcc-feats[5.5.1047~1-09a63]:Read():wave-reader.cc:249) Read in RIFF chunk size: 2147479588, data chunk size: 2147479552. Assume 'stream mode' (reading data to EOF).
sox WARN wav: Length in output .wav header will be wrong since can't seek to fix it
VLOG[1] (compute-kaldi-pitch-feats[5.5.1047~1-09a63]:Read():wave-reader.cc:249) Read in RIFF chunk size: 2147479588, data chunk size: 2147479552. Assume 'stream mode' (reading data to EOF).
VLOG[2] (compute-mfcc-feats[5.5.1047~1-09a63]:main():compute-mfcc-feats.cc:182) Processed features for key sp1.1-SuiSiann_2439
sox WARN wav: Length in output .wav header will be wrong since can't seek to fix it
VLOG[1] (compute-mfcc-feats[5.5.1047~1-09a63]:Read():wave-reader.cc:249) Read in RIFF chunk size: 2147479588, data chunk size: 2147479552. Assume 'stream mode' (reading data to EOF).
VLOG[2] (compute-mfcc-feats[5.5.1047~1-09a63]:main():compute-mfcc-feats.cc:182) Processed features for key sp1.1-SuiSiann_2440
sox WARN wav: Length in output .wav header will be wrong since can't seek to fix it
VLOG[1] (compute-mfcc-feats[5.5.1047~1-09a63]:Read():wave-reader.cc:249) Read in RIFF chunk size: 2147479588, data chunk size: 2147479552. Assume 'stream mode' (reading data to EOF).
sox WARN wav: Length in output .wav header will be wrong since can't seek to fix it
VLOG[1] (compute-kaldi-pitch-feats[5.5.1047~1-09a63]:Read():wave-reader.cc:249) Read in RIFF chunk size: 2147479588, data chunk size: 2147479552. Assume 'stream mode' (reading data to EOF).
VLOG[2] (compute-mfcc-feats[5.5.1047~1-09a63]:main():compute-mfcc-feats.cc:182) Processed features for key sp1.1-SuiSiann_2441
sox WARN wav: Length in output .wav header will be wrong since can't seek to fix it
VLOG[1] (compute-mfcc-feats[5.5.1047~1-09a63]:Read():wave-reader.cc:249) Read in RIFF chunk size: 2147479588, data chunk size: 2147479552. Assume 'stream mode' (reading data to EOF).
sox WARN wav: Length in output .wav header will be wrong since can't seek to fix it
VLOG[1] (compute-kaldi-pitch-feats[5.5.1047~1-09a63]:Read():wave-reader.cc:249) Read in RIFF chunk size: 2147479588, data chunk size: 2147479552. Assume 'stream mode' (reading data to EOF).
sox WARN wav: Length in output .wav header will be wrong since can't seek to fix it
VLOG[1] (compute-kaldi-pitch-feats[5.5.1047~1-09a63]:Read():wave-reader.cc:249) Read in RIFF chunk size: 2147479588, data chunk size: 2147479552. Assume 'stream mode' (reading data to EOF).
sox WARN wav: Length in output .wav header will be wrong since can't seek to fix it
VLOG[1] (compute-kaldi-pitch-feats[5.5.1047~1-09a63]:Read():wave-reader.cc:249) Read in RIFF chunk size: 2147479588, data chunk size: 2147479552. Assume 'stream mode' (reading data to EOF).
VLOG[2] (compute-mfcc-feats[5.5.1047~1-09a63]:main():compute-mfcc-feats.cc:182) Processed features for key sp1.1-SuiSiann_2442
sox WARN wav: Length in output .wav header will be wrong since can't seek to fix it
VLOG[1] (compute-mfcc-feats[5.5.1047~1-09a63]:Read():wave-reader.cc:249) Read in RIFF chunk size: 2147479588, data chunk size: 2147479552. Assume 'stream mode' (reading data to EOF).
VLOG[2] (compute-mfcc-feats[5.5.1047~1-09a63]:main():compute-mfcc-feats.cc:182) Processed features for key sp1.1-SuiSiann_2443
sox WARN wav: Length in output .wav header will be wrong since can't seek to fix it
VLOG[1] (compute-kaldi-pitch-feats[5.5.1047~1-09a63]:Read():wave-reader.cc:249) Read in RIFF chunk size: 2147479588, data chunk size: 2147479552. Assume 'stream mode' (reading data to EOF).
sox WARN wav: Length in output .wav header will be wrong since can't seek to fix it
VLOG[1] (compute-mfcc-feats[5.5.1047~1-09a63]:Read():wave-reader.cc:249) Read in RIFF chunk size: 2147479588, data chunk size: 2147479552. Assume 'stream mode' (reading data to EOF).
sox WARN wav: Length in output .wav header will be wrong since can't seek to fix it
VLOG[1] (compute-kaldi-pitch-feats[5.5.1047~1-09a63]:Read():wave-reader.cc:249) Read in RIFF chunk size: 2147479588, data chunk size: 2147479552. Assume 'stream mode' (reading data to EOF).
VLOG[2] (compute-mfcc-feats[5.5.1047~1-09a63]:main():compute-mfcc-feats.cc:182) Processed features for key sp1.1-SuiSiann_2444
sox WARN wav: Length in output .wav header will be wrong since can't seek to fix it
VLOG[1] (compute-mfcc-feats[5.5.1047~1-09a63]:Read():wave-reader.cc:249) Read in RIFF chunk size: 2147479588, data chunk size: 2147479552. Assume 'stream mode' (reading data to EOF).
sox WARN wav: Length in output .wav header will be wrong since can't seek to fix it
VLOG[1] (compute-kaldi-pitch-feats[5.5.1047~1-09a63]:Read():wave-reader.cc:249) Read in RIFF chunk size: 2147479588, data chunk size: 2147479552. Assume 'stream mode' (reading data to EOF).
VLOG[2] (compute-mfcc-feats[5.5.1047~1-09a63]:main():compute-mfcc-feats.cc:182) Processed features for key sp1.1-SuiSiann_2445
sox WARN wav: Length in output .wav header will be wrong since can't seek to fix it
VLOG[1] (compute-mfcc-feats[5.5.1047~1-09a63]:Read():wave-reader.cc:249) Read in RIFF chunk size: 2147479588, data chunk size: 2147479552. Assume 'stream mode' (reading data to EOF).
sox WARN wav: Length in output .wav header will be wrong since can't seek to fix it
VLOG[1] (compute-kaldi-pitch-feats[5.5.1047~1-09a63]:Read():wave-reader.cc:249) Read in RIFF chunk size: 2147479588, data chunk size: 2147479552. Assume 'stream mode' (reading data to EOF).
VLOG[2] (compute-mfcc-feats[5.5.1047~1-09a63]:main():compute-mfcc-feats.cc:182) Processed features for key sp1.1-SuiSiann_2446
sox WARN wav: Length in output .wav header will be wrong since can't seek to fix it
VLOG[1] (compute-mfcc-feats[5.5.1047~1-09a63]:Read():wave-reader.cc:249) Read in RIFF chunk size: 2147479588, data chunk size: 2147479552. Assume 'stream mode' (reading data to EOF).
LOG (compute-mfcc-feats[5.5.1047~1-09a63]:main():compute-mfcc-feats.cc:181) Processed 30 utterances
VLOG[2] (compute-mfcc-feats[5.5.1047~1-09a63]:main():compute-mfcc-feats.cc:182) Processed features for key sp1.1-SuiSiann_2447
sox WARN wav: Length in output .wav header will be wrong since can't seek to fix it
VLOG[1] (compute-mfcc-feats[5.5.1047~1-09a63]:Read():wave-reader.cc:249) Read in RIFF chunk size: 2147479588, data chunk size: 2147479552. Assume 'stream mode' (reading data to EOF).
sox WARN wav: Length in output .wav header will be wrong since can't seek to fix it
VLOG[1] (compute-kaldi-pitch-feats[5.5.1047~1-09a63]:Read():wave-reader.cc:249) Read in RIFF chunk size: 2147479588, data chunk size: 2147479552. Assume 'stream mode' (reading data to EOF).
VLOG[2] (compute-mfcc-feats[5.5.1047~1-09a63]:main():compute-mfcc-feats.cc:182) Processed features for key sp1.1-SuiSiann_2448
sox WARN wav: Length in output .wav header will be wrong since can't seek to fix it
VLOG[1] (compute-mfcc-feats[5.5.1047~1-09a63]:Read():wave-reader.cc:249) Read in RIFF chunk size: 2147479588, data chunk size: 2147479552. Assume 'stream mode' (reading data to EOF).
sox WARN wav: Length in output .wav header will be wrong since can't seek to fix it
VLOG[1] (compute-kaldi-pitch-feats[5.5.1047~1-09a63]:Read():wave-reader.cc:249) Read in RIFF chunk size: 2147479588, data chunk size: 2147479552. Assume 'stream mode' (reading data to EOF).
VLOG[2] (compute-mfcc-feats[5.5.1047~1-09a63]:main():compute-mfcc-feats.cc:182) Processed features for key sp1.1-SuiSiann_2449
sox WARN wav: Length in output .wav header will be wrong since can't seek to fix it
VLOG[1] (compute-mfcc-feats[5.5.1047~1-09a63]:Read():wave-reader.cc:249) Read in RIFF chunk size: 2147479588, data chunk size: 2147479552. Assume 'stream mode' (reading data to EOF).
VLOG[2] (compute-mfcc-feats[5.5.1047~1-09a63]:main():compute-mfcc-feats.cc:182) Processed features for key sp1.1-SuiSiann_2450
sox WARN wav: Length in output .wav header will be wrong since can't seek to fix it
VLOG[1] (compute-kaldi-pitch-feats[5.5.1047~1-09a63]:Read():wave-reader.cc:249) Read in RIFF chunk size: 2147479588, data chunk size: 2147479552. Assume 'stream mode' (reading data to EOF).
sox WARN wav: Length in output .wav header will be wrong since can't seek to fix it
VLOG[1] (compute-mfcc-feats[5.5.1047~1-09a63]:Read():wave-reader.cc:249) Read in RIFF chunk size: 2147479588, data chunk size: 2147479552. Assume 'stream mode' (reading data to EOF).
VLOG[2] (compute-mfcc-feats[5.5.1047~1-09a63]:main():compute-mfcc-feats.cc:182) Processed features for key sp1.1-SuiSiann_2451
sox WARN wav: Length in output .wav header will be wrong since can't seek to fix it
VLOG[1] (compute-mfcc-feats[5.5.1047~1-09a63]:Read():wave-reader.cc:249) Read in RIFF chunk size: 2147479588, data chunk size: 2147479552. Assume 'stream mode' (reading data to EOF).
sox WARN wav: Length in output .wav header will be wrong since can't seek to fix it
VLOG[1] (compute-kaldi-pitch-feats[5.5.1047~1-09a63]:Read():wave-reader.cc:249) Read in RIFF chunk size: 2147479588, data chunk size: 2147479552. Assume 'stream mode' (reading data to EOF).
VLOG[2] (compute-mfcc-feats[5.5.1047~1-09a63]:main():compute-mfcc-feats.cc:182) Processed features for key sp1.1-SuiSiann_2452
sox WARN wav: Length in output .wav header will be wrong since can't seek to fix it
VLOG[1] (compute-mfcc-feats[5.5.1047~1-09a63]:Read():wave-reader.cc:249) Read in RIFF chunk size: 2147479588, data chunk size: 2147479552. Assume 'stream mode' (reading data to EOF).
sox WARN wav: Length in output .wav header will be wrong since can't seek to fix it
VLOG[2] (compute-mfcc-feats[5.5.1047~1-09a63]:main():compute-mfcc-feats.cc:182) Processed features for key sp1.1-SuiSiann_2453
VLOG[1] (compute-kaldi-pitch-feats[5.5.1047~1-09a63]:Read():wave-reader.cc:249) Read in RIFF chunk size: 2147479588, data chunk size: 2147479552. Assume 'stream mode' (reading data to EOF).
sox WARN wav: Length in output .wav header will be wrong since can't seek to fix it
VLOG[1] (compute-mfcc-feats[5.5.1047~1-09a63]:Read():wave-reader.cc:249) Read in RIFF chunk size: 2147479588, data chunk size: 2147479552. Assume 'stream mode' (reading data to EOF).
sox WARN wav: Length in output .wav header will be wrong since can't seek to fix it
VLOG[1] (compute-kaldi-pitch-feats[5.5.1047~1-09a63]:Read():wave-reader.cc:249) Read in RIFF chunk size: 2147479588, data chunk size: 2147479552. Assume 'stream mode' (reading data to EOF).
VLOG[2] (compute-mfcc-feats[5.5.1047~1-09a63]:main():compute-mfcc-feats.cc:182) Processed features for key sp1.1-SuiSiann_2454
sox WARN wav: Length in output .wav header will be wrong since can't seek to fix it
VLOG[1] (compute-mfcc-feats[5.5.1047~1-09a63]:Read():wave-reader.cc:249) Read in RIFF chunk size: 2147479588, data chunk size: 2147479552. Assume 'stream mode' (reading data to EOF).
sox WARN wav: Length in output .wav header will be wrong since can't seek to fix it
VLOG[1] (compute-kaldi-pitch-feats[5.5.1047~1-09a63]:Read():wave-reader.cc:249) Read in RIFF chunk size: 2147479588, data chunk size: 2147479552. Assume 'stream mode' (reading data to EOF).
VLOG[2] (compute-mfcc-feats[5.5.1047~1-09a63]:main():compute-mfcc-feats.cc:182) Processed features for key sp1.1-SuiSiann_2455
sox WARN wav: Length in output .wav header will be wrong since can't seek to fix it
VLOG[1] (compute-mfcc-feats[5.5.1047~1-09a63]:Read():wave-reader.cc:249) Read in RIFF chunk size: 2147479588, data chunk size: 2147479552. Assume 'stream mode' (reading data to EOF).
sox WARN wav: Length in output .wav header will be wrong since can't seek to fix it
VLOG[1] (compute-kaldi-pitch-feats[5.5.1047~1-09a63]:Read():wave-reader.cc:249) Read in RIFF chunk size: 2147479588, data chunk size: 2147479552. Assume 'stream mode' (reading data to EOF).
sox WARN wav: Length in output .wav header will be wrong since can't seek to fix it
VLOG[1] (compute-kaldi-pitch-feats[5.5.1047~1-09a63]:Read():wave-reader.cc:249) Read in RIFF chunk size: 2147479588, data chunk size: 2147479552. Assume 'stream mode' (reading data to EOF).
VLOG[2] (compute-mfcc-feats[5.5.1047~1-09a63]:main():compute-mfcc-feats.cc:182) Processed features for key sp1.1-SuiSiann_2456
sox WARN wav: Length in output .wav header will be wrong since can't seek to fix it
VLOG[1] (compute-mfcc-feats[5.5.1047~1-09a63]:Read():wave-reader.cc:249) Read in RIFF chunk size: 2147479588, data chunk size: 2147479552. Assume 'stream mode' (reading data to EOF).
LOG (compute-mfcc-feats[5.5.1047~1-09a63]:main():compute-mfcc-feats.cc:181) Processed 40 utterances
VLOG[2] (compute-mfcc-feats[5.5.1047~1-09a63]:main():compute-mfcc-feats.cc:182) Processed features for key sp1.1-SuiSiann_2457
sox WARN wav: Length in output .wav header will be wrong since can't seek to fix it
VLOG[1] (compute-mfcc-feats[5.5.1047~1-09a63]:Read():wave-reader.cc:249) Read in RIFF chunk size: 2147479588, data chunk size: 2147479552. Assume 'stream mode' (reading data to EOF).
sox WARN wav: Length in output .wav header will be wrong since can't seek to fix it
VLOG[1] (compute-kaldi-pitch-feats[5.5.1047~1-09a63]:Read():wave-reader.cc:249) Read in RIFF chunk size: 2147479588, data chunk size: 2147479552. Assume 'stream mode' (reading data to EOF).
sox WARN wav: Length in output .wav header will be wrong since can't seek to fix it
VLOG[1] (compute-kaldi-pitch-feats[5.5.1047~1-09a63]:Read():wave-reader.cc:249) Read in RIFF chunk size: 2147479588, data chunk size: 2147479552. Assume 'stream mode' (reading data to EOF).
VLOG[2] (compute-mfcc-feats[5.5.1047~1-09a63]:main():compute-mfcc-feats.cc:182) Processed features for key sp1.1-SuiSiann_2458
sox WARN wav: Length in output .wav header will be wrong since can't seek to fix it
VLOG[1] (compute-mfcc-feats[5.5.1047~1-09a63]:Read():wave-reader.cc:249) Read in RIFF chunk size: 2147479588, data chunk size: 2147479552. Assume 'stream mode' (reading data to EOF).
sox WARN wav: Length in output .wav header will be wrong since can't seek to fix it
VLOG[1] (compute-kaldi-pitch-feats[5.5.1047~1-09a63]:Read():wave-reader.cc:249) Read in RIFF chunk size: 2147479588, data chunk size: 2147479552. Assume 'stream mode' (reading data to EOF).
VLOG[2] (compute-mfcc-feats[5.5.1047~1-09a63]:main():compute-mfcc-feats.cc:182) Processed features for key sp1.1-SuiSiann_2459
sox WARN wav: Length in output .wav header will be wrong since can't seek to fix it
sox WARN wav: Length in output .wav header will be wrong since can't seek to fix it
VLOG[1] (compute-mfcc-feats[5.5.1047~1-09a63]:Read():wave-reader.cc:249) Read in RIFF chunk size: 2147479588, data chunk size: 2147479552. Assume 'stream mode' (reading data to EOF).
VLOG[1] (compute-kaldi-pitch-feats[5.5.1047~1-09a63]:Read():wave-reader.cc:249) Read in RIFF chunk size: 2147479588, data chunk size: 2147479552. Assume 'stream mode' (reading data to EOF).
VLOG[2] (compute-mfcc-feats[5.5.1047~1-09a63]:main():compute-mfcc-feats.cc:182) Processed features for key sp1.1-SuiSiann_2460
sox WARN wav: Length in output .wav header will be wrong since can't seek to fix it
sox WARN wav: Length in output .wav header will be wrong since can't seek to fix it
VLOG[1] (compute-mfcc-feats[5.5.1047~1-09a63]:Read():wave-reader.cc:249) Read in RIFF chunk size: 2147479588, data chunk size: 2147479552. Assume 'stream mode' (reading data to EOF).
VLOG[1] (compute-kaldi-pitch-feats[5.5.1047~1-09a63]:Read():wave-reader.cc:249) Read in RIFF chunk size: 2147479588, data chunk size: 2147479552. Assume 'stream mode' (reading data to EOF).
VLOG[2] (compute-mfcc-feats[5.5.1047~1-09a63]:main():compute-mfcc-feats.cc:182) Processed features for key sp1.1-SuiSiann_2461
sox WARN wav: Length in output .wav header will be wrong since can't seek to fix it
VLOG[1] (compute-mfcc-feats[5.5.1047~1-09a63]:Read():wave-reader.cc:249) Read in RIFF chunk size: 2147479588, data chunk size: 2147479552. Assume 'stream mode' (reading data to EOF).
sox WARN wav: Length in output .wav header will be wrong since can't seek to fix it
VLOG[1] (compute-kaldi-pitch-feats[5.5.1047~1-09a63]:Read():wave-reader.cc:249) Read in RIFF chunk size: 2147479588, data chunk size: 2147479552. Assume 'stream mode' (reading data to EOF).
VLOG[2] (compute-mfcc-feats[5.5.1047~1-09a63]:main():compute-mfcc-feats.cc:182) Processed features for key sp1.1-SuiSiann_2462
sox WARN wav: Length in output .wav header will be wrong since can't seek to fix it
VLOG[1] (compute-mfcc-feats[5.5.1047~1-09a63]:Read():wave-reader.cc:249) Read in RIFF chunk size: 2147479588, data chunk size: 2147479552. Assume 'stream mode' (reading data to EOF).
sox WARN wav: Length in output .wav header will be wrong since can't seek to fix it
VLOG[1] (compute-kaldi-pitch-feats[5.5.1047~1-09a63]:Read():wave-reader.cc:249) Read in RIFF chunk size: 2147479588, data chunk size: 2147479552. Assume 'stream mode' (reading data to EOF).
VLOG[2] (compute-mfcc-feats[5.5.1047~1-09a63]:main():compute-mfcc-feats.cc:182) Processed features for key sp1.1-SuiSiann_2463
sox WARN wav: Length in output .wav header will be wrong since can't seek to fix it
VLOG[1] (compute-mfcc-feats[5.5.1047~1-09a63]:Read():wave-reader.cc:249) Read in RIFF chunk size: 2147479588, data chunk size: 2147479552. Assume 'stream mode' (reading data to EOF).
VLOG[2] (compute-mfcc-feats[5.5.1047~1-09a63]:main():compute-mfcc-feats.cc:182) Processed features for key sp1.1-SuiSiann_2464
sox WARN wav: Length in output .wav header will be wrong since can't seek to fix it
VLOG[1] (compute-kaldi-pitch-feats[5.5.1047~1-09a63]:Read():wave-reader.cc:249) Read in RIFF chunk size: 2147479588, data chunk size: 2147479552. Assume 'stream mode' (reading data to EOF).
sox WARN wav: Length in output .wav header will be wrong since can't seek to fix it
sox WARN wav: Length in output .wav header will be wrong since can't seek to fix it
VLOG[1] (compute-mfcc-feats[5.5.1047~1-09a63]:Read():wave-reader.cc:249) Read in RIFF chunk size: 2147479588, data chunk size: 2147479552. Assume 'stream mode' (reading data to EOF).
VLOG[1] (compute-kaldi-pitch-feats[5.5.1047~1-09a63]:Read():wave-reader.cc:249) Read in RIFF chunk size: 2147479588, data chunk size: 2147479552. Assume 'stream mode' (reading data to EOF).
sox WARN wav: Length in output .wav header will be wrong since can't seek to fix it
VLOG[1] (compute-kaldi-pitch-feats[5.5.1047~1-09a63]:Read():wave-reader.cc:249) Read in RIFF chunk size: 2147479588, data chunk size: 2147479552. Assume 'stream mode' (reading data to EOF).
VLOG[2] (compute-mfcc-feats[5.5.1047~1-09a63]:main():compute-mfcc-feats.cc:182) Processed features for key sp1.1-SuiSiann_2465
sox WARN wav: Length in output .wav header will be wrong since can't seek to fix it
VLOG[1] (compute-mfcc-feats[5.5.1047~1-09a63]:Read():wave-reader.cc:249) Read in RIFF chunk size: 2147479588, data chunk size: 2147479552. Assume 'stream mode' (reading data to EOF).
sox WARN wav: Length in output .wav header will be wrong since can't seek to fix it
VLOG[1] (compute-kaldi-pitch-feats[5.5.1047~1-09a63]:Read():wave-reader.cc:249) Read in RIFF chunk size: 2147479588, data chunk size: 2147479552. Assume 'stream mode' (reading data to EOF).
VLOG[2] (compute-mfcc-feats[5.5.1047~1-09a63]:main():compute-mfcc-feats.cc:182) Processed features for key sp1.1-SuiSiann_2466
sox WARN wav: Length in output .wav header will be wrong since can't seek to fix it
VLOG[1] (compute-mfcc-feats[5.5.1047~1-09a63]:Read():wave-reader.cc:249) Read in RIFF chunk size: 2147479588, data chunk size: 2147479552. Assume 'stream mode' (reading data to EOF).
LOG (compute-mfcc-feats[5.5.1047~1-09a63]:main():compute-mfcc-feats.cc:181) Processed 50 utterances
VLOG[2] (compute-mfcc-feats[5.5.1047~1-09a63]:main():compute-mfcc-feats.cc:182) Processed features for key sp1.1-SuiSiann_2467
sox WARN wav: Length in output .wav header will be wrong since can't seek to fix it
VLOG[1] (compute-kaldi-pitch-feats[5.5.1047~1-09a63]:Read():wave-reader.cc:249) Read in RIFF chunk size: 2147479588, data chunk size: 2147479552. Assume 'stream mode' (reading data to EOF).
sox WARN wav: Length in output .wav header will be wrong since can't seek to fix it
VLOG[1] (compute-mfcc-feats[5.5.1047~1-09a63]:Read():wave-reader.cc:249) Read in RIFF chunk size: 2147479588, data chunk size: 2147479552. Assume 'stream mode' (reading data to EOF).
VLOG[2] (compute-mfcc-feats[5.5.1047~1-09a63]:main():compute-mfcc-feats.cc:182) Processed features for key sp1.1-SuiSiann_2468
sox WARN wav: Length in output .wav header will be wrong since can't seek to fix it
VLOG[1] (compute-kaldi-pitch-feats[5.5.1047~1-09a63]:Read():wave-reader.cc:249) Read in RIFF chunk size: 2147479588, data chunk size: 2147479552. Assume 'stream mode' (reading data to EOF).
sox WARN wav: Length in output .wav header will be wrong since can't seek to fix it
VLOG[1] (compute-mfcc-feats[5.5.1047~1-09a63]:Read():wave-reader.cc:249) Read in RIFF chunk size: 2147479588, data chunk size: 2147479552. Assume 'stream mode' (reading data to EOF).
VLOG[2] (compute-mfcc-feats[5.5.1047~1-09a63]:main():compute-mfcc-feats.cc:182) Processed features for key sp1.1-SuiSiann_2469
VLOG[2] (compute-kaldi-pitch-feats[5.5.1047~1-09a63]:main():compute-kaldi-pitch-feats.cc:107) Processed 50 utterances
sox WARN wav: Length in output .wav header will be wrong since can't seek to fix it
VLOG[1] (compute-mfcc-feats[5.5.1047~1-09a63]:Read():wave-reader.cc:249) Read in RIFF chunk size: 2147479588, data chunk size: 2147479552. Assume 'stream mode' (reading data to EOF).
sox WARN wav: Length in output .wav header will be wrong since can't seek to fix it
VLOG[1] (compute-kaldi-pitch-feats[5.5.1047~1-09a63]:Read():wave-reader.cc:249) Read in RIFF chunk size: 2147479588, data chunk size: 2147479552. Assume 'stream mode' (reading data to EOF).
VLOG[2] (compute-mfcc-feats[5.5.1047~1-09a63]:main():compute-mfcc-feats.cc:182) Processed features for key sp1.1-SuiSiann_2470
sox WARN wav: Length in output .wav header will be wrong since can't seek to fix it
VLOG[1] (compute-kaldi-pitch-feats[5.5.1047~1-09a63]:Read():wave-reader.cc:249) Read in RIFF chunk size: 2147479588, data chunk size: 2147479552. Assume 'stream mode' (reading data to EOF).
sox WARN wav: Length in output .wav header will be wrong since can't seek to fix it
VLOG[1] (compute-mfcc-feats[5.5.1047~1-09a63]:Read():wave-reader.cc:249) Read in RIFF chunk size: 2147479588, data chunk size: 2147479552. Assume 'stream mode' (reading data to EOF).
VLOG[2] (compute-mfcc-feats[5.5.1047~1-09a63]:main():compute-mfcc-feats.cc:182) Processed features for key sp1.1-SuiSiann_2471
sox WARN wav: Length in output .wav header will be wrong since can't seek to fix it
VLOG[1] (compute-mfcc-feats[5.5.1047~1-09a63]:Read():wave-reader.cc:249) Read in RIFF chunk size: 2147479588, data chunk size: 2147479552. Assume 'stream mode' (reading data to EOF).
VLOG[2] (compute-mfcc-feats[5.5.1047~1-09a63]:main():compute-mfcc-feats.cc:182) Processed features for key sp1.1-SuiSiann_2472
sox WARN wav: Length in output .wav header will be wrong since can't seek to fix it
VLOG[1] (compute-kaldi-pitch-feats[5.5.1047~1-09a63]:Read():wave-reader.cc:249) Read in RIFF chunk size: 2147479588, data chunk size: 2147479552. Assume 'stream mode' (reading data to EOF).
sox WARN wav: Length in output .wav header will be wrong since can't seek to fix it
VLOG[1] (compute-mfcc-feats[5.5.1047~1-09a63]:Read():wave-reader.cc:249) Read in RIFF chunk size: 2147479588, data chunk size: 2147479552. Assume 'stream mode' (reading data to EOF).
VLOG[2] (compute-mfcc-feats[5.5.1047~1-09a63]:main():compute-mfcc-feats.cc:182) Processed features for key sp1.1-SuiSiann_2473
sox WARN wav: Length in output .wav header will be wrong since can't seek to fix it
VLOG[1] (compute-kaldi-pitch-feats[5.5.1047~1-09a63]:Read():wave-reader.cc:249) Read in RIFF chunk size: 2147479588, data chunk size: 2147479552. Assume 'stream mode' (reading data to EOF).
sox WARN wav: Length in output .wav header will be wrong since can't seek to fix it
VLOG[1] (compute-kaldi-pitch-feats[5.5.1047~1-09a63]:Read():wave-reader.cc:249) Read in RIFF chunk size: 2147479588, data chunk size: 2147479552. Assume 'stream mode' (reading data to EOF).
sox WARN wav: Length in output .wav header will be wrong since can't seek to fix it
VLOG[1] (compute-mfcc-feats[5.5.1047~1-09a63]:Read():wave-reader.cc:249) Read in RIFF chunk size: 2147479588, data chunk size: 2147479552. Assume 'stream mode' (reading data to EOF).
VLOG[2] (compute-mfcc-feats[5.5.1047~1-09a63]:main():compute-mfcc-feats.cc:182) Processed features for key sp1.1-SuiSiann_2474
sox WARN wav: Length in output .wav header will be wrong since can't seek to fix it
VLOG[1] (compute-kaldi-pitch-feats[5.5.1047~1-09a63]:Read():wave-reader.cc:249) Read in RIFF chunk size: 2147479588, data chunk size: 2147479552. Assume 'stream mode' (reading data to EOF).
sox WARN wav: Length in output .wav header will be wrong since can't seek to fix it
VLOG[1] (compute-mfcc-feats[5.5.1047~1-09a63]:Read():wave-reader.cc:249) Read in RIFF chunk size: 2147479588, data chunk size: 2147479552. Assume 'stream mode' (reading data to EOF).
VLOG[2] (compute-mfcc-feats[5.5.1047~1-09a63]:main():compute-mfcc-feats.cc:182) Processed features for key sp1.1-SuiSiann_2475
sox WARN wav: Length in output .wav header will be wrong since can't seek to fix it
VLOG[1] (compute-mfcc-feats[5.5.1047~1-09a63]:Read():wave-reader.cc:249) Read in RIFF chunk size: 2147479588, data chunk size: 2147479552. Assume 'stream mode' (reading data to EOF).
sox WARN wav: Length in output .wav header will be wrong since can't seek to fix it
VLOG[1] (compute-kaldi-pitch-feats[5.5.1047~1-09a63]:Read():wave-reader.cc:249) Read in RIFF chunk size: 2147479588, data chunk size: 2147479552. Assume 'stream mode' (reading data to EOF).
VLOG[2] (compute-mfcc-feats[5.5.1047~1-09a63]:main():compute-mfcc-feats.cc:182) Processed features for key sp1.1-SuiSiann_2476
sox WARN wav: Length in output .wav header will be wrong since can't seek to fix it
VLOG[1] (compute-mfcc-feats[5.5.1047~1-09a63]:Read():wave-reader.cc:249) Read in RIFF chunk size: 2147479588, data chunk size: 2147479552. Assume 'stream mode' (reading data to EOF).
sox WARN wav: Length in output .wav header will be wrong since can't seek to fix it
VLOG[1] (compute-kaldi-pitch-feats[5.5.1047~1-09a63]:Read():wave-reader.cc:249) Read in RIFF chunk size: 2147479588, data chunk size: 2147479552. Assume 'stream mode' (reading data to EOF).
LOG (compute-mfcc-feats[5.5.1047~1-09a63]:main():compute-mfcc-feats.cc:181) Processed 60 utterances
VLOG[2] (compute-mfcc-feats[5.5.1047~1-09a63]:main():compute-mfcc-feats.cc:182) Processed features for key sp1.1-SuiSiann_2477
sox WARN wav: Length in output .wav header will be wrong since can't seek to fix it
VLOG[1] (compute-mfcc-feats[5.5.1047~1-09a63]:Read():wave-reader.cc:249) Read in RIFF chunk size: 2147479588, data chunk size: 2147479552. Assume 'stream mode' (reading data to EOF).
VLOG[2] (compute-mfcc-feats[5.5.1047~1-09a63]:main():compute-mfcc-feats.cc:182) Processed features for key sp1.1-SuiSiann_2478
sox WARN wav: Length in output .wav header will be wrong since can't seek to fix it
VLOG[1] (compute-kaldi-pitch-feats[5.5.1047~1-09a63]:Read():wave-reader.cc:249) Read in RIFF chunk size: 2147479588, data chunk size: 2147479552. Assume 'stream mode' (reading data to EOF).
sox WARN wav: Length in output .wav header will be wrong since can't seek to fix it
VLOG[1] (compute-mfcc-feats[5.5.1047~1-09a63]:Read():wave-reader.cc:249) Read in RIFF chunk size: 2147479588, data chunk size: 2147479552. Assume 'stream mode' (reading data to EOF).
sox WARN wav: Length in output .wav header will be wrong since can't seek to fix it
VLOG[1] (compute-kaldi-pitch-feats[5.5.1047~1-09a63]:Read():wave-reader.cc:249) Read in RIFF chunk size: 2147479588, data chunk size: 2147479552. Assume 'stream mode' (reading data to EOF).
VLOG[2] (compute-mfcc-feats[5.5.1047~1-09a63]:main():compute-mfcc-feats.cc:182) Processed features for key sp1.1-SuiSiann_2479
sox WARN wav: Length in output .wav header will be wrong since can't seek to fix it
VLOG[1] (compute-kaldi-pitch-feats[5.5.1047~1-09a63]:Read():wave-reader.cc:249) Read in RIFF chunk size: 2147479588, data chunk size: 2147479552. Assume 'stream mode' (reading data to EOF).
sox WARN wav: Length in output .wav header will be wrong since can't seek to fix it
VLOG[1] (compute-mfcc-feats[5.5.1047~1-09a63]:Read():wave-reader.cc:249) Read in RIFF chunk size: 2147479588, data chunk size: 2147479552. Assume 'stream mode' (reading data to EOF).
VLOG[2] (compute-mfcc-feats[5.5.1047~1-09a63]:main():compute-mfcc-feats.cc:182) Processed features for key sp1.1-SuiSiann_2480
sox WARN wav: Length in output .wav header will be wrong since can't seek to fix it
VLOG[1] (compute-kaldi-pitch-feats[5.5.1047~1-09a63]:Read():wave-reader.cc:249) Read in RIFF chunk size: 2147479588, data chunk size: 2147479552. Assume 'stream mode' (reading data to EOF).
sox WARN wav: Length in output .wav header will be wrong since can't seek to fix it
VLOG[1] (compute-mfcc-feats[5.5.1047~1-09a63]:Read():wave-reader.cc:249) Read in RIFF chunk size: 2147479588, data chunk size: 2147479552. Assume 'stream mode' (reading data to EOF).
VLOG[2] (compute-mfcc-feats[5.5.1047~1-09a63]:main():compute-mfcc-feats.cc:182) Processed features for key sp1.1-SuiSiann_2481
sox WARN wav: Length in output .wav header will be wrong since can't seek to fix it
VLOG[1] (compute-mfcc-feats[5.5.1047~1-09a63]:Read():wave-reader.cc:249) Read in RIFF chunk size: 2147479588, data chunk size: 2147479552. Assume 'stream mode' (reading data to EOF).
sox WARN wav: Length in output .wav header will be wrong since can't seek to fix it
VLOG[1] (compute-kaldi-pitch-feats[5.5.1047~1-09a63]:Read():wave-reader.cc:249) Read in RIFF chunk size: 2147479588, data chunk size: 2147479552. Assume 'stream mode' (reading data to EOF).
VLOG[2] (compute-mfcc-feats[5.5.1047~1-09a63]:main():compute-mfcc-feats.cc:182) Processed features for key sp1.1-SuiSiann_2482
sox WARN wav: Length in output .wav header will be wrong since can't seek to fix it
VLOG[1] (compute-mfcc-feats[5.5.1047~1-09a63]:Read():wave-reader.cc:249) Read in RIFF chunk size: 2147479588, data chunk size: 2147479552. Assume 'stream mode' (reading data to EOF).
sox WARN wav: Length in output .wav header will be wrong since can't seek to fix it
VLOG[1] (compute-kaldi-pitch-feats[5.5.1047~1-09a63]:Read():wave-reader.cc:249) Read in RIFF chunk size: 2147479588, data chunk size: 2147479552. Assume 'stream mode' (reading data to EOF).
VLOG[2] (compute-mfcc-feats[5.5.1047~1-09a63]:main():compute-mfcc-feats.cc:182) Processed features for key sp1.1-SuiSiann_2483
sox WARN wav: Length in output .wav header will be wrong since can't seek to fix it
VLOG[1] (compute-kaldi-pitch-feats[5.5.1047~1-09a63]:Read():wave-reader.cc:249) Read in RIFF chunk size: 2147479588, data chunk size: 2147479552. Assume 'stream mode' (reading data to EOF).
sox WARN wav: Length in output .wav header will be wrong since can't seek to fix it
VLOG[1] (compute-mfcc-feats[5.5.1047~1-09a63]:Read():wave-reader.cc:249) Read in RIFF chunk size: 2147479588, data chunk size: 2147479552. Assume 'stream mode' (reading data to EOF).
sox WARN wav: Length in output .wav header will be wrong since can't seek to fix it
VLOG[1] (compute-kaldi-pitch-feats[5.5.1047~1-09a63]:Read():wave-reader.cc:249) Read in RIFF chunk size: 2147479588, data chunk size: 2147479552. Assume 'stream mode' (reading data to EOF).
VLOG[2] (compute-mfcc-feats[5.5.1047~1-09a63]:main():compute-mfcc-feats.cc:182) Processed features for key sp1.1-SuiSiann_2484
sox WARN wav: Length in output .wav header will be wrong since can't seek to fix it
VLOG[1] (compute-mfcc-feats[5.5.1047~1-09a63]:Read():wave-reader.cc:249) Read in RIFF chunk size: 2147479588, data chunk size: 2147479552. Assume 'stream mode' (reading data to EOF).
VLOG[2] (compute-mfcc-feats[5.5.1047~1-09a63]:main():compute-mfcc-feats.cc:182) Processed features for key sp1.1-SuiSiann_2485
sox WARN wav: Length in output .wav header will be wrong since can't seek to fix it
VLOG[1] (compute-kaldi-pitch-feats[5.5.1047~1-09a63]:Read():wave-reader.cc:249) Read in RIFF chunk size: 2147479588, data chunk size: 2147479552. Assume 'stream mode' (reading data to EOF).
sox WARN wav: Length in output .wav header will be wrong since can't seek to fix it
VLOG[1] (compute-mfcc-feats[5.5.1047~1-09a63]:Read():wave-reader.cc:249) Read in RIFF chunk size: 2147479588, data chunk size: 2147479552. Assume 'stream mode' (reading data to EOF).
VLOG[2] (compute-mfcc-feats[5.5.1047~1-09a63]:main():compute-mfcc-feats.cc:182) Processed features for key sp1.1-SuiSiann_2486
sox WARN wav: Length in output .wav header will be wrong since can't seek to fix it
sox WARN wav: Length in output .wav header will be wrong since can't seek to fix it
VLOG[1] (compute-kaldi-pitch-feats[5.5.1047~1-09a63]:Read():wave-reader.cc:249) Read in RIFF chunk size: 2147479588, data chunk size: 2147479552. Assume 'stream mode' (reading data to EOF).
VLOG[1] (compute-mfcc-feats[5.5.1047~1-09a63]:Read():wave-reader.cc:249) Read in RIFF chunk size: 2147479588, data chunk size: 2147479552. Assume 'stream mode' (reading data to EOF).
LOG (compute-mfcc-feats[5.5.1047~1-09a63]:main():compute-mfcc-feats.cc:181) Processed 70 utterances
VLOG[2] (compute-mfcc-feats[5.5.1047~1-09a63]:main():compute-mfcc-feats.cc:182) Processed features for key sp1.1-SuiSiann_2487
sox WARN wav: Length in output .wav header will be wrong since can't seek to fix it
sox WARN wav: Length in output .wav header will be wrong since can't seek to fix itVLOG[1] (compute-mfcc-feats[5.5.1047~1-09a63]:Read():wave-reader.cc:249) Read in RIFF chunk size: 2147479588, data chunk size: 2147479552. Assume 'stream mode' (reading data to EOF).

VLOG[1] (compute-kaldi-pitch-feats[5.5.1047~1-09a63]:Read():wave-reader.cc:249) Read in RIFF chunk size: 2147479588, data chunk size: 2147479552. Assume 'stream mode' (reading data to EOF).
VLOG[2] (compute-mfcc-feats[5.5.1047~1-09a63]:main():compute-mfcc-feats.cc:182) Processed features for key sp1.1-SuiSiann_2488
sox WARN wav: Length in output .wav header will be wrong since can't seek to fix it
VLOG[1] (compute-mfcc-feats[5.5.1047~1-09a63]:Read():wave-reader.cc:249) Read in RIFF chunk size: 2147479588, data chunk size: 2147479552. Assume 'stream mode' (reading data to EOF).
sox WARN wav: Length in output .wav header will be wrong since can't seek to fix it
VLOG[1] (compute-kaldi-pitch-feats[5.5.1047~1-09a63]:Read():wave-reader.cc:249) Read in RIFF chunk size: 2147479588, data chunk size: 2147479552. Assume 'stream mode' (reading data to EOF).
VLOG[2] (compute-mfcc-feats[5.5.1047~1-09a63]:main():compute-mfcc-feats.cc:182) Processed features for key sp1.1-SuiSiann_2489
sox WARN wav: Length in output .wav header will be wrong since can't seek to fix it
VLOG[1] (compute-mfcc-feats[5.5.1047~1-09a63]:Read():wave-reader.cc:249) Read in RIFF chunk size: 2147479588, data chunk size: 2147479552. Assume 'stream mode' (reading data to EOF).
sox WARN wav: Length in output .wav header will be wrong since can't seek to fix it
VLOG[1] (compute-kaldi-pitch-feats[5.5.1047~1-09a63]:Read():wave-reader.cc:249) Read in RIFF chunk size: 2147479588, data chunk size: 2147479552. Assume 'stream mode' (reading data to EOF).
VLOG[2] (compute-mfcc-feats[5.5.1047~1-09a63]:main():compute-mfcc-feats.cc:182) Processed features for key sp1.1-SuiSiann_2490
sox WARN wav: Length in output .wav header will be wrong since can't seek to fix it
VLOG[1] (compute-mfcc-feats[5.5.1047~1-09a63]:Read():wave-reader.cc:249) Read in RIFF chunk size: 2147479588, data chunk size: 2147479552. Assume 'stream mode' (reading data to EOF).
sox WARN wav: Length in output .wav header will be wrong since can't seek to fix it
VLOG[1] (compute-kaldi-pitch-feats[5.5.1047~1-09a63]:Read():wave-reader.cc:249) Read in RIFF chunk size: 2147479588, data chunk size: 2147479552. Assume 'stream mode' (reading data to EOF).
VLOG[2] (compute-mfcc-feats[5.5.1047~1-09a63]:main():compute-mfcc-feats.cc:182) Processed features for key sp1.1-SuiSiann_2491
sox WARN wav: Length in output .wav header will be wrong since can't seek to fix it
VLOG[1] (compute-mfcc-feats[5.5.1047~1-09a63]:Read():wave-reader.cc:249) Read in RIFF chunk size: 2147479588, data chunk size: 2147479552. Assume 'stream mode' (reading data to EOF).
sox WARN wav: Length in output .wav header will be wrong since can't seek to fix it
VLOG[1] (compute-kaldi-pitch-feats[5.5.1047~1-09a63]:Read():wave-reader.cc:249) Read in RIFF chunk size: 2147479588, data chunk size: 2147479552. Assume 'stream mode' (reading data to EOF).
VLOG[2] (compute-mfcc-feats[5.5.1047~1-09a63]:main():compute-mfcc-feats.cc:182) Processed features for key sp1.1-SuiSiann_2492
sox WARN wav: Length in output .wav header will be wrong since can't seek to fix it
VLOG[1] (compute-mfcc-feats[5.5.1047~1-09a63]:Read():wave-reader.cc:249) Read in RIFF chunk size: 2147479588, data chunk size: 2147479552. Assume 'stream mode' (reading data to EOF).
VLOG[2] (compute-mfcc-feats[5.5.1047~1-09a63]:main():compute-mfcc-feats.cc:182) Processed features for key sp1.1-SuiSiann_2493
sox WARN wav: Length in output .wav header will be wrong since can't seek to fix it
VLOG[1] (compute-mfcc-feats[5.5.1047~1-09a63]:Read():wave-reader.cc:249) Read in RIFF chunk size: 2147479588, data chunk size: 2147479552. Assume 'stream mode' (reading data to EOF).
sox WARN wav: Length in output .wav header will be wrong since can't seek to fix it
VLOG[1] (compute-kaldi-pitch-feats[5.5.1047~1-09a63]:Read():wave-reader.cc:249) Read in RIFF chunk size: 2147479588, data chunk size: 2147479552. Assume 'stream mode' (reading data to EOF).
VLOG[2] (compute-mfcc-feats[5.5.1047~1-09a63]:main():compute-mfcc-feats.cc:182) Processed features for key sp1.1-SuiSiann_2494
sox WARN wav: Length in output .wav header will be wrong since can't seek to fix it
VLOG[1] (compute-mfcc-feats[5.5.1047~1-09a63]:Read():wave-reader.cc:249) Read in RIFF chunk size: 2147479588, data chunk size: 2147479552. Assume 'stream mode' (reading data to EOF).
sox WARN wav: Length in output .wav header will be wrong since can't seek to fix it
VLOG[1] (compute-kaldi-pitch-feats[5.5.1047~1-09a63]:Read():wave-reader.cc:249) Read in RIFF chunk size: 2147479588, data chunk size: 2147479552. Assume 'stream mode' (reading data to EOF).
sox WARN wav: Length in output .wav header will be wrong since can't seek to fix it
VLOG[1] (compute-kaldi-pitch-feats[5.5.1047~1-09a63]:Read():wave-reader.cc:249) Read in RIFF chunk size: 2147479588, data chunk size: 2147479552. Assume 'stream mode' (reading data to EOF).
VLOG[2] (compute-mfcc-feats[5.5.1047~1-09a63]:main():compute-mfcc-feats.cc:182) Processed features for key sp1.1-SuiSiann_2495
sox WARN wav: Length in output .wav header will be wrong since can't seek to fix it
VLOG[1] (compute-mfcc-feats[5.5.1047~1-09a63]:Read():wave-reader.cc:249) Read in RIFF chunk size: 2147479588, data chunk size: 2147479552. Assume 'stream mode' (reading data to EOF).
VLOG[2] (compute-mfcc-feats[5.5.1047~1-09a63]:main():compute-mfcc-feats.cc:182) Processed features for key sp1.1-SuiSiann_2496
sox WARN wav: Length in output .wav header will be wrong since can't seek to fix it
VLOG[1] (compute-kaldi-pitch-feats[5.5.1047~1-09a63]:Read():wave-reader.cc:249) Read in RIFF chunk size: 2147479588, data chunk size: 2147479552. Assume 'stream mode' (reading data to EOF).
sox WARN wav: Length in output .wav header will be wrong since can't seek to fix it
VLOG[1] (compute-mfcc-feats[5.5.1047~1-09a63]:Read():wave-reader.cc:249) Read in RIFF chunk size: 2147479588, data chunk size: 2147479552. Assume 'stream mode' (reading data to EOF).
LOG (compute-mfcc-feats[5.5.1047~1-09a63]:main():compute-mfcc-feats.cc:181) Processed 80 utterances
VLOG[2] (compute-mfcc-feats[5.5.1047~1-09a63]:main():compute-mfcc-feats.cc:182) Processed features for key sp1.1-SuiSiann_2497
sox WARN wav: Length in output .wav header will be wrong since can't seek to fix it
VLOG[1] (compute-kaldi-pitch-feats[5.5.1047~1-09a63]:Read():wave-reader.cc:249) Read in RIFF chunk size: 2147479588, data chunk size: 2147479552. Assume 'stream mode' (reading data to EOF).
sox WARN wav: Length in output .wav header will be wrong since can't seek to fix it
VLOG[1] (compute-mfcc-feats[5.5.1047~1-09a63]:Read():wave-reader.cc:249) Read in RIFF chunk size: 2147479588, data chunk size: 2147479552. Assume 'stream mode' (reading data to EOF).
sox WARN wav: Length in output .wav header will be wrong since can't seek to fix it
VLOG[1] (compute-kaldi-pitch-feats[5.5.1047~1-09a63]:Read():wave-reader.cc:249) Read in RIFF chunk size: 2147479588, data chunk size: 2147479552. Assume 'stream mode' (reading data to EOF).
VLOG[2] (compute-mfcc-feats[5.5.1047~1-09a63]:main():compute-mfcc-feats.cc:182) Processed features for key sp1.1-SuiSiann_2498
sox WARN wav: Length in output .wav header will be wrong since can't seek to fix it
VLOG[1] (compute-mfcc-feats[5.5.1047~1-09a63]:Read():wave-reader.cc:249) Read in RIFF chunk size: 2147479588, data chunk size: 2147479552. Assume 'stream mode' (reading data to EOF).
sox WARN wav: Length in output .wav header will be wrong since can't seek to fix it
VLOG[1] (compute-kaldi-pitch-feats[5.5.1047~1-09a63]:Read():wave-reader.cc:249) Read in RIFF chunk size: 2147479588, data chunk size: 2147479552. Assume 'stream mode' (reading data to EOF).
VLOG[2] (compute-mfcc-feats[5.5.1047~1-09a63]:main():compute-mfcc-feats.cc:182) Processed features for key sp1.1-SuiSiann_2499
sox WARN wav: Length in output .wav header will be wrong since can't seek to fix it
VLOG[1] (compute-mfcc-feats[5.5.1047~1-09a63]:Read():wave-reader.cc:249) Read in RIFF chunk size: 2147479588, data chunk size: 2147479552. Assume 'stream mode' (reading data to EOF).
sox WARN wav: Length in output .wav header will be wrong since can't seek to fix it
VLOG[1] (compute-kaldi-pitch-feats[5.5.1047~1-09a63]:Read():wave-reader.cc:249) Read in RIFF chunk size: 2147479588, data chunk size: 2147479552. Assume 'stream mode' (reading data to EOF).
VLOG[2] (compute-mfcc-feats[5.5.1047~1-09a63]:main():compute-mfcc-feats.cc:182) Processed features for key sp1.1-SuiSiann_2500
sox WARN wav: Length in output .wav header will be wrong since can't seek to fix it
VLOG[1] (compute-mfcc-feats[5.5.1047~1-09a63]:Read():wave-reader.cc:249) Read in RIFF chunk size: 2147479588, data chunk size: 2147479552. Assume 'stream mode' (reading data to EOF).
sox WARN wav: Length in output .wav header will be wrong since can't seek to fix it
VLOG[1] (compute-kaldi-pitch-feats[5.5.1047~1-09a63]:Read():wave-reader.cc:249) Read in RIFF chunk size: 2147479588, data chunk size: 2147479552. Assume 'stream mode' (reading data to EOF).
VLOG[2] (compute-mfcc-feats[5.5.1047~1-09a63]:main():compute-mfcc-feats.cc:182) Processed features for key sp1.1-SuiSiann_2501
sox WARN wav: Length in output .wav header will be wrong since can't seek to fix it
VLOG[1] (compute-mfcc-feats[5.5.1047~1-09a63]:Read():wave-reader.cc:249) Read in RIFF chunk size: 2147479588, data chunk size: 2147479552. Assume 'stream mode' (reading data to EOF).
sox WARN wav: Length in output .wav header will be wrong since can't seek to fix it
VLOG[1] (compute-kaldi-pitch-feats[5.5.1047~1-09a63]:Read():wave-reader.cc:249) Read in RIFF chunk size: 2147479588, data chunk size: 2147479552. Assume 'stream mode' (reading data to EOF).
VLOG[2] (compute-mfcc-feats[5.5.1047~1-09a63]:main():compute-mfcc-feats.cc:182) Processed features for key sp1.1-SuiSiann_2502
sox WARN wav: Length in output .wav header will be wrong since can't seek to fix it
VLOG[1] (compute-mfcc-feats[5.5.1047~1-09a63]:Read():wave-reader.cc:249) Read in RIFF chunk size: 2147479588, data chunk size: 2147479552. Assume 'stream mode' (reading data to EOF).
VLOG[2] (compute-mfcc-feats[5.5.1047~1-09a63]:main():compute-mfcc-feats.cc:182) Processed features for key sp1.1-SuiSiann_2503
sox WARN wav: Length in output .wav header will be wrong since can't seek to fix it
VLOG[1] (compute-kaldi-pitch-feats[5.5.1047~1-09a63]:Read():wave-reader.cc:249) Read in RIFF chunk size: 2147479588, data chunk size: 2147479552. Assume 'stream mode' (reading data to EOF).
sox WARN wav: Length in output .wav header will be wrong since can't seek to fix it
VLOG[1] (compute-mfcc-feats[5.5.1047~1-09a63]:Read():wave-reader.cc:249) Read in RIFF chunk size: 2147479588, data chunk size: 2147479552. Assume 'stream mode' (reading data to EOF).
sox WARN wav: Length in output .wav header will be wrong since can't seek to fix it
VLOG[1] (compute-kaldi-pitch-feats[5.5.1047~1-09a63]:Read():wave-reader.cc:249) Read in RIFF chunk size: 2147479588, data chunk size: 2147479552. Assume 'stream mode' (reading data to EOF).
VLOG[2] (compute-mfcc-feats[5.5.1047~1-09a63]:main():compute-mfcc-feats.cc:182) Processed features for key sp1.1-SuiSiann_2504
sox WARN wav: Length in output .wav header will be wrong since can't seek to fix it
sox WARN wav: Length in output .wav header will be wrong since can't seek to fix it
VLOG[1] (compute-kaldi-pitch-feats[5.5.1047~1-09a63]:Read():wave-reader.cc:249) Read in RIFF chunk size: 2147479588, data chunk size: 2147479552. Assume 'stream mode' (reading data to EOF).
VLOG[1] (compute-mfcc-feats[5.5.1047~1-09a63]:Read():wave-reader.cc:249) Read in RIFF chunk size: 2147479588, data chunk size: 2147479552. Assume 'stream mode' (reading data to EOF).
sox WARN wav: Length in output .wav header will be wrong since can't seek to fix it
VLOG[2] (compute-mfcc-feats[5.5.1047~1-09a63]:main():compute-mfcc-feats.cc:182) Processed features for key sp1.1-SuiSiann_2505
VLOG[1] (compute-kaldi-pitch-feats[5.5.1047~1-09a63]:Read():wave-reader.cc:249) Read in RIFF chunk size: 2147479588, data chunk size: 2147479552. Assume 'stream mode' (reading data to EOF).
sox WARN wav: Length in output .wav header will be wrong since can't seek to fix it
VLOG[1] (compute-mfcc-feats[5.5.1047~1-09a63]:Read():wave-reader.cc:249) Read in RIFF chunk size: 2147479588, data chunk size: 2147479552. Assume 'stream mode' (reading data to EOF).
VLOG[2] (compute-mfcc-feats[5.5.1047~1-09a63]:main():compute-mfcc-feats.cc:182) Processed features for key sp1.1-SuiSiann_2506
sox WARN wav: Length in output .wav header will be wrong since can't seek to fix it
VLOG[1] (compute-mfcc-feats[5.5.1047~1-09a63]:Read():wave-reader.cc:249) Read in RIFF chunk size: 2147479588, data chunk size: 2147479552. Assume 'stream mode' (reading data to EOF).
LOG (compute-mfcc-feats[5.5.1047~1-09a63]:main():compute-mfcc-feats.cc:181) Processed 90 utterances
VLOG[2] (compute-mfcc-feats[5.5.1047~1-09a63]:main():compute-mfcc-feats.cc:182) Processed features for key sp1.1-SuiSiann_2507
sox WARN wav: Length in output .wav header will be wrong since can't seek to fix it
VLOG[1] (compute-kaldi-pitch-feats[5.5.1047~1-09a63]:Read():wave-reader.cc:249) Read in RIFF chunk size: 2147479588, data chunk size: 2147479552. Assume 'stream mode' (reading data to EOF).
sox WARN wav: Length in output .wav header will be wrong since can't seek to fix it
VLOG[1] (compute-mfcc-feats[5.5.1047~1-09a63]:Read():wave-reader.cc:249) Read in RIFF chunk size: 2147479588, data chunk size: 2147479552. Assume 'stream mode' (reading data to EOF).
VLOG[2] (compute-mfcc-feats[5.5.1047~1-09a63]:main():compute-mfcc-feats.cc:182) Processed features for key sp1.1-SuiSiann_2508
sox WARN wav: Length in output .wav header will be wrong since can't seek to fix it
VLOG[1] (compute-mfcc-feats[5.5.1047~1-09a63]:Read():wave-reader.cc:249) Read in RIFF chunk size: 2147479588, data chunk size: 2147479552. Assume 'stream mode' (reading data to EOF).
sox WARN wav: Length in output .wav header will be wrong since can't seek to fix it
VLOG[1] (compute-kaldi-pitch-feats[5.5.1047~1-09a63]:Read():wave-reader.cc:249) Read in RIFF chunk size: 2147479588, data chunk size: 2147479552. Assume 'stream mode' (reading data to EOF).
sox WARN wav: Length in output .wav header will be wrong since can't seek to fix it
VLOG[1] (compute-kaldi-pitch-feats[5.5.1047~1-09a63]:Read():wave-reader.cc:249) Read in RIFF chunk size: 2147479588, data chunk size: 2147479552. Assume 'stream mode' (reading data to EOF).
VLOG[2] (compute-mfcc-feats[5.5.1047~1-09a63]:main():compute-mfcc-feats.cc:182) Processed features for key sp1.1-SuiSiann_2509
sox WARN wav: Length in output .wav header will be wrong since can't seek to fix it
VLOG[1] (compute-mfcc-feats[5.5.1047~1-09a63]:Read():wave-reader.cc:249) Read in RIFF chunk size: 2147479588, data chunk size: 2147479552. Assume 'stream mode' (reading data to EOF).
VLOG[2] (compute-mfcc-feats[5.5.1047~1-09a63]:main():compute-mfcc-feats.cc:182) Processed features for key sp1.1-SuiSiann_2510
sox WARN wav: Length in output .wav header will be wrong since can't seek to fix it
VLOG[1] (compute-mfcc-feats[5.5.1047~1-09a63]:Read():wave-reader.cc:249) Read in RIFF chunk size: 2147479588, data chunk size: 2147479552. Assume 'stream mode' (reading data to EOF).
sox WARN wav: Length in output .wav header will be wrong since can't seek to fix it
VLOG[1] (compute-kaldi-pitch-feats[5.5.1047~1-09a63]:Read():wave-reader.cc:249) Read in RIFF chunk size: 2147479588, data chunk size: 2147479552. Assume 'stream mode' (reading data to EOF).
VLOG[2] (compute-mfcc-feats[5.5.1047~1-09a63]:main():compute-mfcc-feats.cc:182) Processed features for key sp1.1-SuiSiann_2511
sox WARN wav: Length in output .wav header will be wrong since can't seek to fix it
VLOG[1] (compute-mfcc-feats[5.5.1047~1-09a63]:Read():wave-reader.cc:249) Read in RIFF chunk size: 2147479588, data chunk size: 2147479552. Assume 'stream mode' (reading data to EOF).
VLOG[2] (compute-mfcc-feats[5.5.1047~1-09a63]:main():compute-mfcc-feats.cc:182) Processed features for key sp1.1-SuiSiann_2512
sox WARN wav: Length in output .wav header will be wrong since can't seek to fix it
VLOG[1] (compute-mfcc-feats[5.5.1047~1-09a63]:Read():wave-reader.cc:249) Read in RIFF chunk size: 2147479588, data chunk size: 2147479552. Assume 'stream mode' (reading data to EOF).
VLOG[2] (compute-mfcc-feats[5.5.1047~1-09a63]:main():compute-mfcc-feats.cc:182) Processed features for key sp1.1-SuiSiann_2513
sox WARN wav: Length in output .wav header will be wrong since can't seek to fix it
VLOG[1] (compute-mfcc-feats[5.5.1047~1-09a63]:Read():wave-reader.cc:249) Read in RIFF chunk size: 2147479588, data chunk size: 2147479552. Assume 'stream mode' (reading data to EOF).
sox WARN wav: Length in output .wav header will be wrong since can't seek to fix it
VLOG[1] (compute-kaldi-pitch-feats[5.5.1047~1-09a63]:Read():wave-reader.cc:249) Read in RIFF chunk size: 2147479588, data chunk size: 2147479552. Assume 'stream mode' (reading data to EOF).
VLOG[2] (compute-mfcc-feats[5.5.1047~1-09a63]:main():compute-mfcc-feats.cc:182) Processed features for key sp1.1-SuiSiann_2514
sox WARN wav: Length in output .wav header will be wrong since can't seek to fix it
VLOG[1] (compute-mfcc-feats[5.5.1047~1-09a63]:Read():wave-reader.cc:249) Read in RIFF chunk size: 2147479588, data chunk size: 2147479552. Assume 'stream mode' (reading data to EOF).
sox WARN wav: Length in output .wav header will be wrong since can't seek to fix it
VLOG[1] (compute-kaldi-pitch-feats[5.5.1047~1-09a63]:Read():wave-reader.cc:249) Read in RIFF chunk size: 2147479588, data chunk size: 2147479552. Assume 'stream mode' (reading data to EOF).
sox WARN wav: Length in output .wav header will be wrong since can't seek to fix it
VLOG[1] (compute-kaldi-pitch-feats[5.5.1047~1-09a63]:Read():wave-reader.cc:249) Read in RIFF chunk size: 2147479588, data chunk size: 2147479552. Assume 'stream mode' (reading data to EOF).
sox WARN wav: Length in output .wav header will be wrong since can't seek to fix it
VLOG[1] (compute-kaldi-pitch-feats[5.5.1047~1-09a63]:Read():wave-reader.cc:249) Read in RIFF chunk size: 2147479588, data chunk size: 2147479552. Assume 'stream mode' (reading data to EOF).
VLOG[2] (compute-mfcc-feats[5.5.1047~1-09a63]:main():compute-mfcc-feats.cc:182) Processed features for key sp1.1-SuiSiann_2515
sox WARN wav: Length in output .wav header will be wrong since can't seek to fix it
VLOG[1] (compute-mfcc-feats[5.5.1047~1-09a63]:Read():wave-reader.cc:249) Read in RIFF chunk size: 2147479588, data chunk size: 2147479552. Assume 'stream mode' (reading data to EOF).
sox WARN wav: Length in output .wav header will be wrong since can't seek to fix it
VLOG[1] (compute-kaldi-pitch-feats[5.5.1047~1-09a63]:Read():wave-reader.cc:249) Read in RIFF chunk size: 2147479588, data chunk size: 2147479552. Assume 'stream mode' (reading data to EOF).
VLOG[2] (compute-mfcc-feats[5.5.1047~1-09a63]:main():compute-mfcc-feats.cc:182) Processed features for key sp1.1-SuiSiann_2516
sox WARN wav: Length in output .wav header will be wrong since can't seek to fix it
VLOG[1] (compute-mfcc-feats[5.5.1047~1-09a63]:Read():wave-reader.cc:249) Read in RIFF chunk size: 2147479588, data chunk size: 2147479552. Assume 'stream mode' (reading data to EOF).
sox WARN wav: Length in output .wav header will be wrong since can't seek to fix it
VLOG[1] (compute-kaldi-pitch-feats[5.5.1047~1-09a63]:Read():wave-reader.cc:249) Read in RIFF chunk size: 2147479588, data chunk size: 2147479552. Assume 'stream mode' (reading data to EOF).
LOG (compute-mfcc-feats[5.5.1047~1-09a63]:main():compute-mfcc-feats.cc:181) Processed 100 utterances
VLOG[2] (compute-mfcc-feats[5.5.1047~1-09a63]:main():compute-mfcc-feats.cc:182) Processed features for key sp1.1-SuiSiann_2517
sox WARN wav: Length in output .wav header will be wrong since can't seek to fix it
VLOG[1] (compute-mfcc-feats[5.5.1047~1-09a63]:Read():wave-reader.cc:249) Read in RIFF chunk size: 2147479588, data chunk size: 2147479552. Assume 'stream mode' (reading data to EOF).
VLOG[2] (compute-mfcc-feats[5.5.1047~1-09a63]:main():compute-mfcc-feats.cc:182) Processed features for key sp1.1-SuiSiann_2518
sox WARN wav: Length in output .wav header will be wrong since can't seek to fix it
VLOG[1] (compute-mfcc-feats[5.5.1047~1-09a63]:Read():wave-reader.cc:249) Read in RIFF chunk size: 2147479588, data chunk size: 2147479552. Assume 'stream mode' (reading data to EOF).
sox WARN wav: Length in output .wav header will be wrong since can't seek to fix it
VLOG[1] (compute-kaldi-pitch-feats[5.5.1047~1-09a63]:Read():wave-reader.cc:249) Read in RIFF chunk size: 2147479588, data chunk size: 2147479552. Assume 'stream mode' (reading data to EOF).
VLOG[2] (compute-mfcc-feats[5.5.1047~1-09a63]:main():compute-mfcc-feats.cc:182) Processed features for key sp1.1-SuiSiann_2519
sox WARN wav: Length in output .wav header will be wrong since can't seek to fix it
VLOG[1] (compute-mfcc-feats[5.5.1047~1-09a63]:Read():wave-reader.cc:249) Read in RIFF chunk size: 2147479588, data chunk size: 2147479552. Assume 'stream mode' (reading data to EOF).
VLOG[2] (compute-mfcc-feats[5.5.1047~1-09a63]:main():compute-mfcc-feats.cc:182) Processed features for key sp1.1-SuiSiann_2520
sox WARN wav: Length in output .wav header will be wrong since can't seek to fix it
VLOG[1] (compute-mfcc-feats[5.5.1047~1-09a63]:Read():wave-reader.cc:249) Read in RIFF chunk size: 2147479588, data chunk size: 2147479552. Assume 'stream mode' (reading data to EOF).
sox WARN wav: Length in output .wav header will be wrong since can't seek to fix it
VLOG[1] (compute-kaldi-pitch-feats[5.5.1047~1-09a63]:Read():wave-reader.cc:249) Read in RIFF chunk size: 2147479588, data chunk size: 2147479552. Assume 'stream mode' (reading data to EOF).
VLOG[2] (compute-mfcc-feats[5.5.1047~1-09a63]:main():compute-mfcc-feats.cc:182) Processed features for key sp1.1-SuiSiann_2521
sox WARN wav: Length in output .wav header will be wrong since can't seek to fix it
VLOG[1] (compute-mfcc-feats[5.5.1047~1-09a63]:Read():wave-reader.cc:249) Read in RIFF chunk size: 2147479588, data chunk size: 2147479552. Assume 'stream mode' (reading data to EOF).
VLOG[2] (compute-mfcc-feats[5.5.1047~1-09a63]:main():compute-mfcc-feats.cc:182) Processed features for key sp1.1-SuiSiann_2522
LOG (compute-mfcc-feats[5.5.1047~1-09a63]:main():compute-mfcc-feats.cc:185)  Done 105 out of 105 utterances.
sox WARN wav: Length in output .wav header will be wrong since can't seek to fix it
VLOG[1] (compute-kaldi-pitch-feats[5.5.1047~1-09a63]:Read():wave-reader.cc:249) Read in RIFF chunk size: 2147479588, data chunk size: 2147479552. Assume 'stream mode' (reading data to EOF).
VLOG[2] (compute-kaldi-pitch-feats[5.5.1047~1-09a63]:main():compute-kaldi-pitch-feats.cc:107) Processed 100 utterances
sox WARN wav: Length in output .wav header will be wrong since can't seek to fix it
VLOG[1] (compute-kaldi-pitch-feats[5.5.1047~1-09a63]:Read():wave-reader.cc:249) Read in RIFF chunk size: 2147479588, data chunk size: 2147479552. Assume 'stream mode' (reading data to EOF).
sox WARN wav: Length in output .wav header will be wrong since can't seek to fix it
VLOG[1] (compute-kaldi-pitch-feats[5.5.1047~1-09a63]:Read():wave-reader.cc:249) Read in RIFF chunk size: 2147479588, data chunk size: 2147479552. Assume 'stream mode' (reading data to EOF).
sox WARN wav: Length in output .wav header will be wrong since can't seek to fix it
VLOG[1] (compute-kaldi-pitch-feats[5.5.1047~1-09a63]:Read():wave-reader.cc:249) Read in RIFF chunk size: 2147479588, data chunk size: 2147479552. Assume 'stream mode' (reading data to EOF).
sox WARN wav: Length in output .wav header will be wrong since can't seek to fix it
VLOG[1] (compute-kaldi-pitch-feats[5.5.1047~1-09a63]:Read():wave-reader.cc:249) Read in RIFF chunk size: 2147479588, data chunk size: 2147479552. Assume 'stream mode' (reading data to EOF).
LOG (compute-kaldi-pitch-feats[5.5.1047~1-09a63]:main():compute-kaldi-pitch-feats.cc:110) Done 105 utterances, 0 with errors.
LOG (process-kaldi-pitch-feats[5.5.1047~1-09a63]:main():process-kaldi-pitch-feats.cc:85) Post-processed pitch for 105 utterances.
LOG (paste-feats[5.5.1047~1-09a63]:main():paste-feats.cc:158) Done 105 utts, errors on 0
LOG (copy-feats[5.5.1047~1-09a63]:main():copy-feats.cc:143) Copied 105 feature matrices.
# Accounting: time=4 threads=1
# Ended (code 0) at Wed Sep  7 20:38:07 CST 2022, elapsed time 4 seconds
