# paste-feats --length-tolerance=2 "ark:compute-mfcc-feats  --write-utt2dur=ark,t:exp/make_mfcc/train_sp/utt2dur.37 --verbose=2     --config=conf/mfcc.conf scp,p:exp/make_mfcc/train_sp/wav_train_sp.37.scp ark:- |" "ark,s,cs:compute-kaldi-pitch-feats --verbose=2       --config=conf/pitch.conf scp,p:exp/make_mfcc/train_sp/wav_train_sp.37.scp ark:- |     process-kaldi-pitch-feats  ark:- ark:- |" ark:- | copy-feats --compress=true --write-num-frames=ark,t:exp/make_mfcc/train_sp/utt2num_frames.37 ark:- ark,scp:/home/hanasay/kaldi/egs/formosa/s5/mfcc_perturbed/raw_mfcc_pitch_train_sp.37.ark,/home/hanasay/kaldi/egs/formosa/s5/mfcc_perturbed/raw_mfcc_pitch_train_sp.37.scp 
# Started at Wed Sep 28 18:21:48 CST 2022
#
copy-feats --compress=true --write-num-frames=ark,t:exp/make_mfcc/train_sp/utt2num_frames.37 ark:- ark,scp:/home/hanasay/kaldi/egs/formosa/s5/mfcc_perturbed/raw_mfcc_pitch_train_sp.37.ark,/home/hanasay/kaldi/egs/formosa/s5/mfcc_perturbed/raw_mfcc_pitch_train_sp.37.scp 
paste-feats --length-tolerance=2 'ark:compute-mfcc-feats  --write-utt2dur=ark,t:exp/make_mfcc/train_sp/utt2dur.37 --verbose=2     --config=conf/mfcc.conf scp,p:exp/make_mfcc/train_sp/wav_train_sp.37.scp ark:- |' 'ark,s,cs:compute-kaldi-pitch-feats --verbose=2       --config=conf/pitch.conf scp,p:exp/make_mfcc/train_sp/wav_train_sp.37.scp ark:- |     process-kaldi-pitch-feats  ark:- ark:- |' ark:- 
compute-mfcc-feats --write-utt2dur=ark,t:exp/make_mfcc/train_sp/utt2dur.37 --verbose=2 --config=conf/mfcc.conf scp,p:exp/make_mfcc/train_sp/wav_train_sp.37.scp ark:- 
sox WARN wav: Length in output .wav header will be wrong since can't seek to fix it
VLOG[1] (compute-mfcc-feats[5.5.1049~1-4592c5]:Read():wave-reader.cc:249) Read in RIFF chunk size: 2147479588, data chunk size: 2147479552. Assume 'stream mode' (reading data to EOF).
VLOG[2] (compute-mfcc-feats[5.5.1049~1-4592c5]:main():compute-mfcc-feats.cc:182) Processed features for key sp0.9-SuiSiann_2060
sox WARN wav: Length in output .wav header will be wrong since can't seek to fix it
VLOG[1] (compute-mfcc-feats[5.5.1049~1-4592c5]:Read():wave-reader.cc:249) Read in RIFF chunk size: 2147479588, data chunk size: 2147479552. Assume 'stream mode' (reading data to EOF).
VLOG[2] (compute-mfcc-feats[5.5.1049~1-4592c5]:main():compute-mfcc-feats.cc:182) Processed features for key sp0.9-SuiSiann_2062
sox WARN wav: Length in output .wav header will be wrong since can't seek to fix it
VLOG[1] (compute-mfcc-feats[5.5.1049~1-4592c5]:Read():wave-reader.cc:249) Read in RIFF chunk size: 2147479588, data chunk size: 2147479552. Assume 'stream mode' (reading data to EOF).
process-kaldi-pitch-feats ark:- ark:- 
VLOG[2] (compute-mfcc-feats[5.5.1049~1-4592c5]:main():compute-mfcc-feats.cc:182) Processed features for key sp0.9-SuiSiann_2063
sox WARN wav: Length in output .wav header will be wrong since can't seek to fix it
VLOG[1] (compute-mfcc-feats[5.5.1049~1-4592c5]:Read():wave-reader.cc:249) Read in RIFF chunk size: 2147479588, data chunk size: 2147479552. Assume 'stream mode' (reading data to EOF).
compute-kaldi-pitch-feats --verbose=2 --config=conf/pitch.conf scp,p:exp/make_mfcc/train_sp/wav_train_sp.37.scp ark:- 
sox WARN wav: Length in output .wav header will be wrong since can't seek to fix it
VLOG[1] (compute-kaldi-pitch-feats[5.5.1049~1-4592c5]:Read():wave-reader.cc:249) Read in RIFF chunk size: 2147479588, data chunk size: 2147479552. Assume 'stream mode' (reading data to EOF).
sox WARN wav: Length in output .wav header will be wrong since can't seek to fix it
VLOG[1] (compute-kaldi-pitch-feats[5.5.1049~1-4592c5]:Read():wave-reader.cc:249) Read in RIFF chunk size: 2147479588, data chunk size: 2147479552. Assume 'stream mode' (reading data to EOF).
VLOG[2] (compute-mfcc-feats[5.5.1049~1-4592c5]:main():compute-mfcc-feats.cc:182) Processed features for key sp0.9-SuiSiann_2064
sox WARN wav: Length in output .wav header will be wrong since can't seek to fix it
VLOG[1] (compute-kaldi-pitch-feats[5.5.1049~1-4592c5]:Read():wave-reader.cc:249) Read in RIFF chunk size: 2147479588, data chunk size: 2147479552. Assume 'stream mode' (reading data to EOF).
sox WARN wav: Length in output .wav header will be wrong since can't seek to fix it
VLOG[1] (compute-mfcc-feats[5.5.1049~1-4592c5]:Read():wave-reader.cc:249) Read in RIFF chunk size: 2147479588, data chunk size: 2147479552. Assume 'stream mode' (reading data to EOF).
VLOG[2] (compute-mfcc-feats[5.5.1049~1-4592c5]:main():compute-mfcc-feats.cc:182) Processed features for key sp0.9-SuiSiann_2065
sox WARN wav: Length in output .wav header will be wrong since can't seek to fix it
VLOG[1] (compute-kaldi-pitch-feats[5.5.1049~1-4592c5]:Read():wave-reader.cc:249) Read in RIFF chunk size: 2147479588, data chunk size: 2147479552. Assume 'stream mode' (reading data to EOF).
sox WARN wav: Length in output .wav header will be wrong since can't seek to fix it
VLOG[1] (compute-mfcc-feats[5.5.1049~1-4592c5]:Read():wave-reader.cc:249) Read in RIFF chunk size: 2147479588, data chunk size: 2147479552. Assume 'stream mode' (reading data to EOF).
VLOG[2] (compute-mfcc-feats[5.5.1049~1-4592c5]:main():compute-mfcc-feats.cc:182) Processed features for key sp0.9-SuiSiann_2066
sox WARN wav: Length in output .wav header will be wrong since can't seek to fix it
VLOG[1] (compute-mfcc-feats[5.5.1049~1-4592c5]:Read():wave-reader.cc:249) Read in RIFF chunk size: 2147479588, data chunk size: 2147479552. Assume 'stream mode' (reading data to EOF).
VLOG[2] (compute-mfcc-feats[5.5.1049~1-4592c5]:main():compute-mfcc-feats.cc:182) Processed features for key sp0.9-SuiSiann_2067
sox WARN wav: Length in output .wav header will be wrong since can't seek to fix it
VLOG[1] (compute-mfcc-feats[5.5.1049~1-4592c5]:Read():wave-reader.cc:249) Read in RIFF chunk size: 2147479588, data chunk size: 2147479552. Assume 'stream mode' (reading data to EOF).
sox WARN wav: Length in output .wav header will be wrong since can't seek to fix it
VLOG[1] (compute-kaldi-pitch-feats[5.5.1049~1-4592c5]:Read():wave-reader.cc:249) Read in RIFF chunk size: 2147479588, data chunk size: 2147479552. Assume 'stream mode' (reading data to EOF).
VLOG[2] (compute-mfcc-feats[5.5.1049~1-4592c5]:main():compute-mfcc-feats.cc:182) Processed features for key sp0.9-SuiSiann_2068
sox WARN wav: Length in output .wav header will be wrong since can't seek to fix it
VLOG[1] (compute-kaldi-pitch-feats[5.5.1049~1-4592c5]:Read():wave-reader.cc:249) Read in RIFF chunk size: 2147479588, data chunk size: 2147479552. Assume 'stream mode' (reading data to EOF).
sox WARN wav: Length in output .wav header will be wrong since can't seek to fix it
VLOG[1] (compute-mfcc-feats[5.5.1049~1-4592c5]:Read():wave-reader.cc:249) Read in RIFF chunk size: 2147479588, data chunk size: 2147479552. Assume 'stream mode' (reading data to EOF).
sox WARN wav: Length in output .wav header will be wrong since can't seek to fix it
VLOG[1] (compute-kaldi-pitch-feats[5.5.1049~1-4592c5]:Read():wave-reader.cc:249) Read in RIFF chunk size: 2147479588, data chunk size: 2147479552. Assume 'stream mode' (reading data to EOF).
sox WARN wav: Length in output .wav header will be wrong since can't seek to fix it
VLOG[1] (compute-kaldi-pitch-feats[5.5.1049~1-4592c5]:Read():wave-reader.cc:249) Read in RIFF chunk size: 2147479588, data chunk size: 2147479552. Assume 'stream mode' (reading data to EOF).
VLOG[2] (compute-mfcc-feats[5.5.1049~1-4592c5]:main():compute-mfcc-feats.cc:182) Processed features for key sp0.9-SuiSiann_2069
sox WARN wav: Length in output .wav header will be wrong since can't seek to fix it
VLOG[1] (compute-kaldi-pitch-feats[5.5.1049~1-4592c5]:Read():wave-reader.cc:249) Read in RIFF chunk size: 2147479588, data chunk size: 2147479552. Assume 'stream mode' (reading data to EOF).
sox WARN wav: Length in output .wav header will be wrong since can't seek to fix it
VLOG[1] (compute-mfcc-feats[5.5.1049~1-4592c5]:Read():wave-reader.cc:249) Read in RIFF chunk size: 2147479588, data chunk size: 2147479552. Assume 'stream mode' (reading data to EOF).
LOG (compute-mfcc-feats[5.5.1049~1-4592c5]:main():compute-mfcc-feats.cc:181) Processed 10 utterances
VLOG[2] (compute-mfcc-feats[5.5.1049~1-4592c5]:main():compute-mfcc-feats.cc:182) Processed features for key sp0.9-SuiSiann_2070
sox WARN wav: Length in output .wav header will be wrong since can't seek to fix it
VLOG[1] (compute-mfcc-feats[5.5.1049~1-4592c5]:Read():wave-reader.cc:249) Read in RIFF chunk size: 2147479588, data chunk size: 2147479552. Assume 'stream mode' (reading data to EOF).
sox WARN wav: Length in output .wav header will be wrong since can't seek to fix it
VLOG[1] (compute-kaldi-pitch-feats[5.5.1049~1-4592c5]:Read():wave-reader.cc:249) Read in RIFF chunk size: 2147479588, data chunk size: 2147479552. Assume 'stream mode' (reading data to EOF).
VLOG[2] (compute-mfcc-feats[5.5.1049~1-4592c5]:main():compute-mfcc-feats.cc:182) Processed features for key sp0.9-SuiSiann_2071
sox WARN wav: Length in output .wav header will be wrong since can't seek to fix it
VLOG[1] (compute-mfcc-feats[5.5.1049~1-4592c5]:Read():wave-reader.cc:249) Read in RIFF chunk size: 2147479588, data chunk size: 2147479552. Assume 'stream mode' (reading data to EOF).
VLOG[2] (compute-mfcc-feats[5.5.1049~1-4592c5]:main():compute-mfcc-feats.cc:182) Processed features for key sp0.9-SuiSiann_2072
sox WARN wav: Length in output .wav header will be wrong since can't seek to fix it
VLOG[1] (compute-kaldi-pitch-feats[5.5.1049~1-4592c5]:Read():wave-reader.cc:249) Read in RIFF chunk size: 2147479588, data chunk size: 2147479552. Assume 'stream mode' (reading data to EOF).
sox WARN wav: Length in output .wav header will be wrong since can't seek to fix it
VLOG[1] (compute-mfcc-feats[5.5.1049~1-4592c5]:Read():wave-reader.cc:249) Read in RIFF chunk size: 2147479588, data chunk size: 2147479552. Assume 'stream mode' (reading data to EOF).
VLOG[2] (compute-mfcc-feats[5.5.1049~1-4592c5]:main():compute-mfcc-feats.cc:182) Processed features for key sp0.9-SuiSiann_2073
sox WARN wav: Length in output .wav header will be wrong since can't seek to fix it
VLOG[1] (compute-mfcc-feats[5.5.1049~1-4592c5]:Read():wave-reader.cc:249) Read in RIFF chunk size: 2147479588, data chunk size: 2147479552. Assume 'stream mode' (reading data to EOF).
VLOG[2] (compute-mfcc-feats[5.5.1049~1-4592c5]:main():compute-mfcc-feats.cc:182) Processed features for key sp0.9-SuiSiann_2075
sox WARN wav: Length in output .wav header will be wrong since can't seek to fix it
VLOG[1] (compute-kaldi-pitch-feats[5.5.1049~1-4592c5]:Read():wave-reader.cc:249) Read in RIFF chunk size: 2147479588, data chunk size: 2147479552. Assume 'stream mode' (reading data to EOF).
sox WARN wav: Length in output .wav header will be wrong since can't seek to fix it
VLOG[1] (compute-mfcc-feats[5.5.1049~1-4592c5]:Read():wave-reader.cc:249) Read in RIFF chunk size: 2147479588, data chunk size: 2147479552. Assume 'stream mode' (reading data to EOF).
VLOG[2] (compute-mfcc-feats[5.5.1049~1-4592c5]:main():compute-mfcc-feats.cc:182) Processed features for key sp0.9-SuiSiann_2077
sox WARN wav: Length in output .wav header will be wrong since can't seek to fix it
VLOG[1] (compute-mfcc-feats[5.5.1049~1-4592c5]:Read():wave-reader.cc:249) Read in RIFF chunk size: 2147479588, data chunk size: 2147479552. Assume 'stream mode' (reading data to EOF).
VLOG[2] (compute-mfcc-feats[5.5.1049~1-4592c5]:main():compute-mfcc-feats.cc:182) Processed features for key sp0.9-SuiSiann_2078
sox WARN wav: Length in output .wav header will be wrong since can't seek to fix it
VLOG[1] (compute-mfcc-feats[5.5.1049~1-4592c5]:Read():wave-reader.cc:249) Read in RIFF chunk size: 2147479588, data chunk size: 2147479552. Assume 'stream mode' (reading data to EOF).
VLOG[2] (compute-mfcc-feats[5.5.1049~1-4592c5]:main():compute-mfcc-feats.cc:182) Processed features for key sp0.9-SuiSiann_2079
sox WARN wav: Length in output .wav header will be wrong since can't seek to fix it
VLOG[1] (compute-mfcc-feats[5.5.1049~1-4592c5]:Read():wave-reader.cc:249) Read in RIFF chunk size: 2147479588, data chunk size: 2147479552. Assume 'stream mode' (reading data to EOF).
VLOG[2] (compute-mfcc-feats[5.5.1049~1-4592c5]:main():compute-mfcc-feats.cc:182) Processed features for key sp0.9-SuiSiann_2081
sox WARN wav: Length in output .wav header will be wrong since can't seek to fix it
VLOG[1] (compute-kaldi-pitch-feats[5.5.1049~1-4592c5]:Read():wave-reader.cc:249) Read in RIFF chunk size: 2147479588, data chunk size: 2147479552. Assume 'stream mode' (reading data to EOF).
sox WARN wav: Length in output .wav header will be wrong since can't seek to fix it
VLOG[1] (compute-mfcc-feats[5.5.1049~1-4592c5]:Read():wave-reader.cc:249) Read in RIFF chunk size: 2147479588, data chunk size: 2147479552. Assume 'stream mode' (reading data to EOF).
sox WARN wav: Length in output .wav header will be wrong since can't seek to fix it
VLOG[1] (compute-kaldi-pitch-feats[5.5.1049~1-4592c5]:Read():wave-reader.cc:249) Read in RIFF chunk size: 2147479588, data chunk size: 2147479552. Assume 'stream mode' (reading data to EOF).
VLOG[2] (compute-mfcc-feats[5.5.1049~1-4592c5]:main():compute-mfcc-feats.cc:182) Processed features for key sp0.9-SuiSiann_2082
sox WARN wav: Length in output .wav header will be wrong since can't seek to fix it
VLOG[1] (compute-mfcc-feats[5.5.1049~1-4592c5]:Read():wave-reader.cc:249) Read in RIFF chunk size: 2147479588, data chunk size: 2147479552. Assume 'stream mode' (reading data to EOF).
LOG (compute-mfcc-feats[5.5.1049~1-4592c5]:main():compute-mfcc-feats.cc:181) Processed 20 utterances
VLOG[2] (compute-mfcc-feats[5.5.1049~1-4592c5]:main():compute-mfcc-feats.cc:182) Processed features for key sp0.9-SuiSiann_2083
sox WARN wav: Length in output .wav header will be wrong since can't seek to fix it
VLOG[1] (compute-kaldi-pitch-feats[5.5.1049~1-4592c5]:Read():wave-reader.cc:249) Read in RIFF chunk size: 2147479588, data chunk size: 2147479552. Assume 'stream mode' (reading data to EOF).
sox WARN wav: Length in output .wav header will be wrong since can't seek to fix it
VLOG[1] (compute-mfcc-feats[5.5.1049~1-4592c5]:Read():wave-reader.cc:249) Read in RIFF chunk size: 2147479588, data chunk size: 2147479552. Assume 'stream mode' (reading data to EOF).
VLOG[2] (compute-mfcc-feats[5.5.1049~1-4592c5]:main():compute-mfcc-feats.cc:182) Processed features for key sp0.9-SuiSiann_2084
sox WARN wav: Length in output .wav header will be wrong since can't seek to fix it
VLOG[1] (compute-kaldi-pitch-feats[5.5.1049~1-4592c5]:Read():wave-reader.cc:249) Read in RIFF chunk size: 2147479588, data chunk size: 2147479552. Assume 'stream mode' (reading data to EOF).
sox WARN wav: Length in output .wav header will be wrong since can't seek to fix it
VLOG[1] (compute-mfcc-feats[5.5.1049~1-4592c5]:Read():wave-reader.cc:249) Read in RIFF chunk size: 2147479588, data chunk size: 2147479552. Assume 'stream mode' (reading data to EOF).
sox WARN wav: Length in output .wav header will be wrong since can't seek to fix it
VLOG[1] (compute-kaldi-pitch-feats[5.5.1049~1-4592c5]:Read():wave-reader.cc:249) Read in RIFF chunk size: 2147479588, data chunk size: 2147479552. Assume 'stream mode' (reading data to EOF).
sox WARN wav: Length in output .wav header will be wrong since can't seek to fix it
VLOG[1] (compute-kaldi-pitch-feats[5.5.1049~1-4592c5]:Read():wave-reader.cc:249) Read in RIFF chunk size: 2147479588, data chunk size: 2147479552. Assume 'stream mode' (reading data to EOF).
VLOG[2] (compute-mfcc-feats[5.5.1049~1-4592c5]:main():compute-mfcc-feats.cc:182) Processed features for key sp0.9-SuiSiann_2085
sox WARN wav: Length in output .wav header will be wrong since can't seek to fix it
VLOG[1] (compute-kaldi-pitch-feats[5.5.1049~1-4592c5]:Read():wave-reader.cc:249) Read in RIFF chunk size: 2147479588, data chunk size: 2147479552. Assume 'stream mode' (reading data to EOF).
sox WARN wav: Length in output .wav header will be wrong since can't seek to fix it
VLOG[1] (compute-kaldi-pitch-feats[5.5.1049~1-4592c5]:Read():wave-reader.cc:249) Read in RIFF chunk size: 2147479588, data chunk size: 2147479552. Assume 'stream mode' (reading data to EOF).
sox WARN wav: Length in output .wav header will be wrong since can't seek to fix it
VLOG[1] (compute-mfcc-feats[5.5.1049~1-4592c5]:Read():wave-reader.cc:249) Read in RIFF chunk size: 2147479588, data chunk size: 2147479552. Assume 'stream mode' (reading data to EOF).
VLOG[2] (compute-mfcc-feats[5.5.1049~1-4592c5]:main():compute-mfcc-feats.cc:182) Processed features for key sp0.9-SuiSiann_2086
sox WARN wav: Length in output .wav header will be wrong since can't seek to fix it
VLOG[1] (compute-kaldi-pitch-feats[5.5.1049~1-4592c5]:Read():wave-reader.cc:249) Read in RIFF chunk size: 2147479588, data chunk size: 2147479552. Assume 'stream mode' (reading data to EOF).
sox WARN wav: Length in output .wav header will be wrong since can't seek to fix it
VLOG[1] (compute-kaldi-pitch-feats[5.5.1049~1-4592c5]:Read():wave-reader.cc:249) Read in RIFF chunk size: 2147479588, data chunk size: 2147479552. Assume 'stream mode' (reading data to EOF).
sox WARN wav: Length in output .wav header will be wrong since can't seek to fix it
VLOG[1] (compute-mfcc-feats[5.5.1049~1-4592c5]:Read():wave-reader.cc:249) Read in RIFF chunk size: 2147479588, data chunk size: 2147479552. Assume 'stream mode' (reading data to EOF).
VLOG[2] (compute-mfcc-feats[5.5.1049~1-4592c5]:main():compute-mfcc-feats.cc:182) Processed features for key sp0.9-SuiSiann_2087
sox WARN wav: Length in output .wav header will be wrong since can't seek to fix it
VLOG[1] (compute-kaldi-pitch-feats[5.5.1049~1-4592c5]:Read():wave-reader.cc:249) Read in RIFF chunk size: 2147479588, data chunk size: 2147479552. Assume 'stream mode' (reading data to EOF).
sox WARN wav: Length in output .wav header will be wrong since can't seek to fix it
VLOG[1] (compute-kaldi-pitch-feats[5.5.1049~1-4592c5]:Read():wave-reader.cc:249) Read in RIFF chunk size: 2147479588, data chunk size: 2147479552. Assume 'stream mode' (reading data to EOF).
sox WARN wav: Length in output .wav header will be wrong since can't seek to fix it
VLOG[1] (compute-mfcc-feats[5.5.1049~1-4592c5]:Read():wave-reader.cc:249) Read in RIFF chunk size: 2147479588, data chunk size: 2147479552. Assume 'stream mode' (reading data to EOF).
sox WARN wav: Length in output .wav header will be wrong since can't seek to fix it
VLOG[1] (compute-kaldi-pitch-feats[5.5.1049~1-4592c5]:Read():wave-reader.cc:249) Read in RIFF chunk size: 2147479588, data chunk size: 2147479552. Assume 'stream mode' (reading data to EOF).
VLOG[2] (compute-mfcc-feats[5.5.1049~1-4592c5]:main():compute-mfcc-feats.cc:182) Processed features for key sp0.9-SuiSiann_2089
sox WARN wav: Length in output .wav header will be wrong since can't seek to fix it
VLOG[1] (compute-mfcc-feats[5.5.1049~1-4592c5]:Read():wave-reader.cc:249) Read in RIFF chunk size: 2147479588, data chunk size: 2147479552. Assume 'stream mode' (reading data to EOF).
VLOG[2] (compute-mfcc-feats[5.5.1049~1-4592c5]:main():compute-mfcc-feats.cc:182) Processed features for key sp0.9-SuiSiann_2091
sox WARN wav: Length in output .wav header will be wrong since can't seek to fix it
VLOG[1] (compute-kaldi-pitch-feats[5.5.1049~1-4592c5]:Read():wave-reader.cc:249) Read in RIFF chunk size: 2147479588, data chunk size: 2147479552. Assume 'stream mode' (reading data to EOF).
sox WARN wav: Length in output .wav header will be wrong since can't seek to fix it
VLOG[1] (compute-mfcc-feats[5.5.1049~1-4592c5]:Read():wave-reader.cc:249) Read in RIFF chunk size: 2147479588, data chunk size: 2147479552. Assume 'stream mode' (reading data to EOF).
VLOG[2] (compute-mfcc-feats[5.5.1049~1-4592c5]:main():compute-mfcc-feats.cc:182) Processed features for key sp0.9-SuiSiann_2093
sox WARN wav: Length in output .wav header will be wrong since can't seek to fix it
VLOG[1] (compute-mfcc-feats[5.5.1049~1-4592c5]:Read():wave-reader.cc:249) Read in RIFF chunk size: 2147479588, data chunk size: 2147479552. Assume 'stream mode' (reading data to EOF).
VLOG[2] (compute-mfcc-feats[5.5.1049~1-4592c5]:main():compute-mfcc-feats.cc:182) Processed features for key sp0.9-SuiSiann_2094
sox WARN wav: Length in output .wav header will be wrong since can't seek to fix it
sox WARN wav: Length in output .wav header will be wrong since can't seek to fix it
VLOG[1] (compute-mfcc-feats[5.5.1049~1-4592c5]:Read():wave-reader.cc:249) Read in RIFF chunk size: 2147479588, data chunk size: 2147479552. Assume 'stream mode' (reading data to EOF).
VLOG[1] (compute-kaldi-pitch-feats[5.5.1049~1-4592c5]:Read():wave-reader.cc:249) Read in RIFF chunk size: 2147479588, data chunk size: 2147479552. Assume 'stream mode' (reading data to EOF).
VLOG[2] (compute-mfcc-feats[5.5.1049~1-4592c5]:main():compute-mfcc-feats.cc:182) Processed features for key sp0.9-SuiSiann_2095
sox WARN wav: Length in output .wav header will be wrong since can't seek to fix it
VLOG[1] (compute-mfcc-feats[5.5.1049~1-4592c5]:Read():wave-reader.cc:249) Read in RIFF chunk size: 2147479588, data chunk size: 2147479552. Assume 'stream mode' (reading data to EOF).
LOG (compute-mfcc-feats[5.5.1049~1-4592c5]:main():compute-mfcc-feats.cc:181) Processed 30 utterances
VLOG[2] (compute-mfcc-feats[5.5.1049~1-4592c5]:main():compute-mfcc-feats.cc:182) Processed features for key sp0.9-SuiSiann_2096
sox WARN wav: Length in output .wav header will be wrong since can't seek to fix it
VLOG[1] (compute-kaldi-pitch-feats[5.5.1049~1-4592c5]:Read():wave-reader.cc:249) Read in RIFF chunk size: 2147479588, data chunk size: 2147479552. Assume 'stream mode' (reading data to EOF).
sox WARN wav: Length in output .wav header will be wrong since can't seek to fix it
VLOG[1] (compute-kaldi-pitch-feats[5.5.1049~1-4592c5]:Read():wave-reader.cc:249) Read in RIFF chunk size: 2147479588, data chunk size: 2147479552. Assume 'stream mode' (reading data to EOF).
sox WARN wav: Length in output .wav header will be wrong since can't seek to fix it
VLOG[1] (compute-mfcc-feats[5.5.1049~1-4592c5]:Read():wave-reader.cc:249) Read in RIFF chunk size: 2147479588, data chunk size: 2147479552. Assume 'stream mode' (reading data to EOF).
VLOG[2] (compute-mfcc-feats[5.5.1049~1-4592c5]:main():compute-mfcc-feats.cc:182) Processed features for key sp0.9-SuiSiann_2097
sox WARN wav: Length in output .wav header will be wrong since can't seek to fix it
VLOG[1] (compute-mfcc-feats[5.5.1049~1-4592c5]:Read():wave-reader.cc:249) Read in RIFF chunk size: 2147479588, data chunk size: 2147479552. Assume 'stream mode' (reading data to EOF).
sox WARN wav: Length in output .wav header will be wrong since can't seek to fix it
VLOG[1] (compute-kaldi-pitch-feats[5.5.1049~1-4592c5]:Read():wave-reader.cc:249) Read in RIFF chunk size: 2147479588, data chunk size: 2147479552. Assume 'stream mode' (reading data to EOF).
VLOG[2] (compute-mfcc-feats[5.5.1049~1-4592c5]:main():compute-mfcc-feats.cc:182) Processed features for key sp0.9-SuiSiann_2101
sox WARN wav: Length in output .wav header will be wrong since can't seek to fix it
VLOG[1] (compute-mfcc-feats[5.5.1049~1-4592c5]:Read():wave-reader.cc:249) Read in RIFF chunk size: 2147479588, data chunk size: 2147479552. Assume 'stream mode' (reading data to EOF).
VLOG[2] (compute-mfcc-feats[5.5.1049~1-4592c5]:main():compute-mfcc-feats.cc:182) Processed features for key sp0.9-SuiSiann_2108
sox WARN wav: Length in output .wav header will be wrong since can't seek to fix it
VLOG[1] (compute-kaldi-pitch-feats[5.5.1049~1-4592c5]:Read():wave-reader.cc:249) Read in RIFF chunk size: 2147479588, data chunk size: 2147479552. Assume 'stream mode' (reading data to EOF).
sox WARN wav: Length in output .wav header will be wrong since can't seek to fix it
VLOG[1] (compute-mfcc-feats[5.5.1049~1-4592c5]:Read():wave-reader.cc:249) Read in RIFF chunk size: 2147479588, data chunk size: 2147479552. Assume 'stream mode' (reading data to EOF).
sox WARN wav: Length in output .wav header will be wrong since can't seek to fix it
VLOG[1] (compute-kaldi-pitch-feats[5.5.1049~1-4592c5]:Read():wave-reader.cc:249) Read in RIFF chunk size: 2147479588, data chunk size: 2147479552. Assume 'stream mode' (reading data to EOF).
VLOG[2] (compute-mfcc-feats[5.5.1049~1-4592c5]:main():compute-mfcc-feats.cc:182) Processed features for key sp0.9-SuiSiann_2113
sox WARN wav: Length in output .wav header will be wrong since can't seek to fix it
VLOG[1] (compute-mfcc-feats[5.5.1049~1-4592c5]:Read():wave-reader.cc:249) Read in RIFF chunk size: 2147479588, data chunk size: 2147479552. Assume 'stream mode' (reading data to EOF).
VLOG[2] (compute-mfcc-feats[5.5.1049~1-4592c5]:main():compute-mfcc-feats.cc:182) Processed features for key sp0.9-SuiSiann_2115
sox WARN wav: Length in output .wav header will be wrong since can't seek to fix it
VLOG[1] (compute-kaldi-pitch-feats[5.5.1049~1-4592c5]:Read():wave-reader.cc:249) Read in RIFF chunk size: 2147479588, data chunk size: 2147479552. Assume 'stream mode' (reading data to EOF).
sox WARN wav: Length in output .wav header will be wrong since can't seek to fix it
VLOG[1] (compute-mfcc-feats[5.5.1049~1-4592c5]:Read():wave-reader.cc:249) Read in RIFF chunk size: 2147479588, data chunk size: 2147479552. Assume 'stream mode' (reading data to EOF).
sox WARN wav: Length in output .wav header will be wrong since can't seek to fix it
VLOG[1] (compute-kaldi-pitch-feats[5.5.1049~1-4592c5]:Read():wave-reader.cc:249) Read in RIFF chunk size: 2147479588, data chunk size: 2147479552. Assume 'stream mode' (reading data to EOF).
VLOG[2] (compute-mfcc-feats[5.5.1049~1-4592c5]:main():compute-mfcc-feats.cc:182) Processed features for key sp0.9-SuiSiann_2116
sox WARN wav: Length in output .wav header will be wrong since can't seek to fix it
VLOG[1] (compute-mfcc-feats[5.5.1049~1-4592c5]:Read():wave-reader.cc:249) Read in RIFF chunk size: 2147479588, data chunk size: 2147479552. Assume 'stream mode' (reading data to EOF).
sox WARN wav: Length in output .wav header will be wrong since can't seek to fix it
VLOG[1] (compute-kaldi-pitch-feats[5.5.1049~1-4592c5]:Read():wave-reader.cc:249) Read in RIFF chunk size: 2147479588, data chunk size: 2147479552. Assume 'stream mode' (reading data to EOF).
VLOG[2] (compute-mfcc-feats[5.5.1049~1-4592c5]:main():compute-mfcc-feats.cc:182) Processed features for key sp0.9-SuiSiann_2121
sox WARN wav: Length in output .wav header will be wrong since can't seek to fix it
VLOG[1] (compute-mfcc-feats[5.5.1049~1-4592c5]:Read():wave-reader.cc:249) Read in RIFF chunk size: 2147479588, data chunk size: 2147479552. Assume 'stream mode' (reading data to EOF).
sox WARN wav: Length in output .wav header will be wrong since can't seek to fix it
VLOG[1] (compute-kaldi-pitch-feats[5.5.1049~1-4592c5]:Read():wave-reader.cc:249) Read in RIFF chunk size: 2147479588, data chunk size: 2147479552. Assume 'stream mode' (reading data to EOF).
VLOG[2] (compute-mfcc-feats[5.5.1049~1-4592c5]:main():compute-mfcc-feats.cc:182) Processed features for key sp0.9-SuiSiann_2126
sox WARN wav: Length in output .wav header will be wrong since can't seek to fix it
VLOG[1] (compute-mfcc-feats[5.5.1049~1-4592c5]:Read():wave-reader.cc:249) Read in RIFF chunk size: 2147479588, data chunk size: 2147479552. Assume 'stream mode' (reading data to EOF).
sox WARN wav: Length in output .wav header will be wrong since can't seek to fix it
VLOG[1] (compute-kaldi-pitch-feats[5.5.1049~1-4592c5]:Read():wave-reader.cc:249) Read in RIFF chunk size: 2147479588, data chunk size: 2147479552. Assume 'stream mode' (reading data to EOF).
VLOG[2] (compute-mfcc-feats[5.5.1049~1-4592c5]:main():compute-mfcc-feats.cc:182) Processed features for key sp0.9-SuiSiann_2127
sox WARN wav: Length in output .wav header will be wrong since can't seek to fix it
VLOG[1] (compute-kaldi-pitch-feats[5.5.1049~1-4592c5]:Read():wave-reader.cc:249) Read in RIFF chunk size: 2147479588, data chunk size: 2147479552. Assume 'stream mode' (reading data to EOF).
sox WARN wav: Length in output .wav header will be wrong since can't seek to fix it
VLOG[1] (compute-mfcc-feats[5.5.1049~1-4592c5]:Read():wave-reader.cc:249) Read in RIFF chunk size: 2147479588, data chunk size: 2147479552. Assume 'stream mode' (reading data to EOF).
LOG (compute-mfcc-feats[5.5.1049~1-4592c5]:main():compute-mfcc-feats.cc:181) Processed 40 utterances
VLOG[2] (compute-mfcc-feats[5.5.1049~1-4592c5]:main():compute-mfcc-feats.cc:182) Processed features for key sp0.9-SuiSiann_2136
sox WARN wav: Length in output .wav header will be wrong since can't seek to fix it
VLOG[1] (compute-mfcc-feats[5.5.1049~1-4592c5]:Read():wave-reader.cc:249) Read in RIFF chunk size: 2147479588, data chunk size: 2147479552. Assume 'stream mode' (reading data to EOF).
sox WARN wav: Length in output .wav header will be wrong since can't seek to fix it
VLOG[1] (compute-kaldi-pitch-feats[5.5.1049~1-4592c5]:Read():wave-reader.cc:249) Read in RIFF chunk size: 2147479588, data chunk size: 2147479552. Assume 'stream mode' (reading data to EOF).
VLOG[2] (compute-mfcc-feats[5.5.1049~1-4592c5]:main():compute-mfcc-feats.cc:182) Processed features for key sp0.9-SuiSiann_2138
sox WARN wav: Length in output .wav header will be wrong since can't seek to fix it
VLOG[1] (compute-mfcc-feats[5.5.1049~1-4592c5]:Read():wave-reader.cc:249) Read in RIFF chunk size: 2147479588, data chunk size: 2147479552. Assume 'stream mode' (reading data to EOF).
sox WARN wav: Length in output .wav header will be wrong since can't seek to fix it
VLOG[2] (compute-mfcc-feats[5.5.1049~1-4592c5]:main():compute-mfcc-feats.cc:182) Processed features for key sp0.9-SuiSiann_2139
VLOG[1] (compute-kaldi-pitch-feats[5.5.1049~1-4592c5]:Read():wave-reader.cc:249) Read in RIFF chunk size: 2147479588, data chunk size: 2147479552. Assume 'stream mode' (reading data to EOF).
sox WARN wav: Length in output .wav header will be wrong since can't seek to fix it
VLOG[1] (compute-mfcc-feats[5.5.1049~1-4592c5]:Read():wave-reader.cc:249) Read in RIFF chunk size: 2147479588, data chunk size: 2147479552. Assume 'stream mode' (reading data to EOF).
sox WARN wav: Length in output .wav header will be wrong since can't seek to fix it
VLOG[1] (compute-kaldi-pitch-feats[5.5.1049~1-4592c5]:Read():wave-reader.cc:249) Read in RIFF chunk size: 2147479588, data chunk size: 2147479552. Assume 'stream mode' (reading data to EOF).
VLOG[2] (compute-mfcc-feats[5.5.1049~1-4592c5]:main():compute-mfcc-feats.cc:182) Processed features for key sp0.9-SuiSiann_2141
sox WARN wav: Length in output .wav header will be wrong since can't seek to fix it
VLOG[1] (compute-mfcc-feats[5.5.1049~1-4592c5]:Read():wave-reader.cc:249) Read in RIFF chunk size: 2147479588, data chunk size: 2147479552. Assume 'stream mode' (reading data to EOF).
sox WARN wav: Length in output .wav header will be wrong since can't seek to fix it
VLOG[1] (compute-kaldi-pitch-feats[5.5.1049~1-4592c5]:Read():wave-reader.cc:249) Read in RIFF chunk size: 2147479588, data chunk size: 2147479552. Assume 'stream mode' (reading data to EOF).
VLOG[2] (compute-mfcc-feats[5.5.1049~1-4592c5]:main():compute-mfcc-feats.cc:182) Processed features for key sp0.9-SuiSiann_2142
sox WARN wav: Length in output .wav header will be wrong since can't seek to fix it
VLOG[1] (compute-kaldi-pitch-feats[5.5.1049~1-4592c5]:Read():wave-reader.cc:249) Read in RIFF chunk size: 2147479588, data chunk size: 2147479552. Assume 'stream mode' (reading data to EOF).
sox WARN wav: Length in output .wav header will be wrong since can't seek to fix it
VLOG[1] (compute-mfcc-feats[5.5.1049~1-4592c5]:Read():wave-reader.cc:249) Read in RIFF chunk size: 2147479588, data chunk size: 2147479552. Assume 'stream mode' (reading data to EOF).
sox WARN wav: Length in output .wav header will be wrong since can't seek to fix it
VLOG[1] (compute-kaldi-pitch-feats[5.5.1049~1-4592c5]:Read():wave-reader.cc:249) Read in RIFF chunk size: 2147479588, data chunk size: 2147479552. Assume 'stream mode' (reading data to EOF).
VLOG[2] (compute-mfcc-feats[5.5.1049~1-4592c5]:main():compute-mfcc-feats.cc:182) Processed features for key sp0.9-SuiSiann_2147
sox WARN wav: Length in output .wav header will be wrong since can't seek to fix it
VLOG[1] (compute-mfcc-feats[5.5.1049~1-4592c5]:Read():wave-reader.cc:249) Read in RIFF chunk size: 2147479588, data chunk size: 2147479552. Assume 'stream mode' (reading data to EOF).
VLOG[2] (compute-mfcc-feats[5.5.1049~1-4592c5]:main():compute-mfcc-feats.cc:182) Processed features for key sp0.9-SuiSiann_2149
sox WARN wav: Length in output .wav header will be wrong since can't seek to fix it
VLOG[1] (compute-kaldi-pitch-feats[5.5.1049~1-4592c5]:Read():wave-reader.cc:249) Read in RIFF chunk size: 2147479588, data chunk size: 2147479552. Assume 'stream mode' (reading data to EOF).
sox WARN wav: Length in output .wav header will be wrong since can't seek to fix it
VLOG[1] (compute-mfcc-feats[5.5.1049~1-4592c5]:Read():wave-reader.cc:249) Read in RIFF chunk size: 2147479588, data chunk size: 2147479552. Assume 'stream mode' (reading data to EOF).
sox WARN wav: Length in output .wav header will be wrong since can't seek to fix it
VLOG[1] (compute-kaldi-pitch-feats[5.5.1049~1-4592c5]:Read():wave-reader.cc:249) Read in RIFF chunk size: 2147479588, data chunk size: 2147479552. Assume 'stream mode' (reading data to EOF).
VLOG[2] (compute-mfcc-feats[5.5.1049~1-4592c5]:main():compute-mfcc-feats.cc:182) Processed features for key sp0.9-SuiSiann_2151
sox WARN wav: Length in output .wav header will be wrong since can't seek to fix it
VLOG[1] (compute-mfcc-feats[5.5.1049~1-4592c5]:Read():wave-reader.cc:249) Read in RIFF chunk size: 2147479588, data chunk size: 2147479552. Assume 'stream mode' (reading data to EOF).
VLOG[2] (compute-mfcc-feats[5.5.1049~1-4592c5]:main():compute-mfcc-feats.cc:182) Processed features for key sp0.9-SuiSiann_2157
sox WARN wav: Length in output .wav header will be wrong since can't seek to fix it
VLOG[1] (compute-mfcc-feats[5.5.1049~1-4592c5]:Read():wave-reader.cc:249) Read in RIFF chunk size: 2147479588, data chunk size: 2147479552. Assume 'stream mode' (reading data to EOF).
sox WARN wav: Length in output .wav header will be wrong since can't seek to fix it
VLOG[1] (compute-kaldi-pitch-feats[5.5.1049~1-4592c5]:Read():wave-reader.cc:249) Read in RIFF chunk size: 2147479588, data chunk size: 2147479552. Assume 'stream mode' (reading data to EOF).
VLOG[2] (compute-mfcc-feats[5.5.1049~1-4592c5]:main():compute-mfcc-feats.cc:182) Processed features for key sp0.9-SuiSiann_2159
sox WARN wav: Length in output .wav header will be wrong since can't seek to fix it
VLOG[1] (compute-kaldi-pitch-feats[5.5.1049~1-4592c5]:Read():wave-reader.cc:249) Read in RIFF chunk size: 2147479588, data chunk size: 2147479552. Assume 'stream mode' (reading data to EOF).
sox WARN wav: Length in output .wav header will be wrong since can't seek to fix it
VLOG[1] (compute-kaldi-pitch-feats[5.5.1049~1-4592c5]:Read():wave-reader.cc:249) Read in RIFF chunk size: 2147479588, data chunk size: 2147479552. Assume 'stream mode' (reading data to EOF).
sox WARN wav: Length in output .wav header will be wrong since can't seek to fix it
VLOG[1] (compute-mfcc-feats[5.5.1049~1-4592c5]:Read():wave-reader.cc:249) Read in RIFF chunk size: 2147479588, data chunk size: 2147479552. Assume 'stream mode' (reading data to EOF).
sox WARN wav: Length in output .wav header will be wrong since can't seek to fix it
VLOG[1] (compute-kaldi-pitch-feats[5.5.1049~1-4592c5]:Read():wave-reader.cc:249) Read in RIFF chunk size: 2147479588, data chunk size: 2147479552. Assume 'stream mode' (reading data to EOF).
LOG (compute-mfcc-feats[5.5.1049~1-4592c5]:main():compute-mfcc-feats.cc:181) Processed 50 utterances
VLOG[2] (compute-mfcc-feats[5.5.1049~1-4592c5]:main():compute-mfcc-feats.cc:182) Processed features for key sp0.9-SuiSiann_2160
sox WARN wav: Length in output .wav header will be wrong since can't seek to fix it
VLOG[1] (compute-mfcc-feats[5.5.1049~1-4592c5]:Read():wave-reader.cc:249) Read in RIFF chunk size: 2147479588, data chunk size: 2147479552. Assume 'stream mode' (reading data to EOF).
VLOG[2] (compute-mfcc-feats[5.5.1049~1-4592c5]:main():compute-mfcc-feats.cc:182) Processed features for key sp0.9-SuiSiann_2162
sox WARN wav: Length in output .wav header will be wrong since can't seek to fix it
VLOG[1] (compute-mfcc-feats[5.5.1049~1-4592c5]:Read():wave-reader.cc:249) Read in RIFF chunk size: 2147479588, data chunk size: 2147479552. Assume 'stream mode' (reading data to EOF).
VLOG[2] (compute-mfcc-feats[5.5.1049~1-4592c5]:main():compute-mfcc-feats.cc:182) Processed features for key sp0.9-SuiSiann_2163
sox WARN wav: Length in output .wav header will be wrong since can't seek to fix it
VLOG[1] (compute-mfcc-feats[5.5.1049~1-4592c5]:Read():wave-reader.cc:249) Read in RIFF chunk size: 2147479588, data chunk size: 2147479552. Assume 'stream mode' (reading data to EOF).
sox WARN wav: Length in output .wav header will be wrong since can't seek to fix it
VLOG[1] (compute-kaldi-pitch-feats[5.5.1049~1-4592c5]:Read():wave-reader.cc:249) Read in RIFF chunk size: 2147479588, data chunk size: 2147479552. Assume 'stream mode' (reading data to EOF).
VLOG[2] (compute-kaldi-pitch-feats[5.5.1049~1-4592c5]:main():compute-kaldi-pitch-feats.cc:107) Processed 50 utterances
VLOG[2] (compute-mfcc-feats[5.5.1049~1-4592c5]:main():compute-mfcc-feats.cc:182) Processed features for key sp0.9-SuiSiann_2165
sox WARN wav: Length in output .wav header will be wrong since can't seek to fix it
VLOG[1] (compute-mfcc-feats[5.5.1049~1-4592c5]:Read():wave-reader.cc:249) Read in RIFF chunk size: 2147479588, data chunk size: 2147479552. Assume 'stream mode' (reading data to EOF).
sox WARN wav: Length in output .wav header will be wrong since can't seek to fix it
VLOG[1] (compute-kaldi-pitch-feats[5.5.1049~1-4592c5]:Read():wave-reader.cc:249) Read in RIFF chunk size: 2147479588, data chunk size: 2147479552. Assume 'stream mode' (reading data to EOF).
sox WARN wav: Length in output .wav header will be wrong since can't seek to fix it
VLOG[1] (compute-kaldi-pitch-feats[5.5.1049~1-4592c5]:Read():wave-reader.cc:249) Read in RIFF chunk size: 2147479588, data chunk size: 2147479552. Assume 'stream mode' (reading data to EOF).
VLOG[2] (compute-mfcc-feats[5.5.1049~1-4592c5]:main():compute-mfcc-feats.cc:182) Processed features for key sp0.9-SuiSiann_2166
sox WARN wav: Length in output .wav header will be wrong since can't seek to fix it
VLOG[1] (compute-mfcc-feats[5.5.1049~1-4592c5]:Read():wave-reader.cc:249) Read in RIFF chunk size: 2147479588, data chunk size: 2147479552. Assume 'stream mode' (reading data to EOF).
sox WARN wav: Length in output .wav header will be wrong since can't seek to fix it
VLOG[1] (compute-kaldi-pitch-feats[5.5.1049~1-4592c5]:Read():wave-reader.cc:249) Read in RIFF chunk size: 2147479588, data chunk size: 2147479552. Assume 'stream mode' (reading data to EOF).
VLOG[2] (compute-mfcc-feats[5.5.1049~1-4592c5]:main():compute-mfcc-feats.cc:182) Processed features for key sp0.9-SuiSiann_2167
sox WARN wav: Length in output .wav header will be wrong since can't seek to fix it
VLOG[1] (compute-mfcc-feats[5.5.1049~1-4592c5]:Read():wave-reader.cc:249) Read in RIFF chunk size: 2147479588, data chunk size: 2147479552. Assume 'stream mode' (reading data to EOF).
VLOG[2] (compute-mfcc-feats[5.5.1049~1-4592c5]:main():compute-mfcc-feats.cc:182) Processed features for key sp0.9-SuiSiann_2173
sox WARN wav: Length in output .wav header will be wrong since can't seek to fix it
VLOG[1] (compute-mfcc-feats[5.5.1049~1-4592c5]:Read():wave-reader.cc:249) Read in RIFF chunk size: 2147479588, data chunk size: 2147479552. Assume 'stream mode' (reading data to EOF).
sox WARN wav: Length in output .wav header will be wrong since can't seek to fix it
VLOG[1] (compute-kaldi-pitch-feats[5.5.1049~1-4592c5]:Read():wave-reader.cc:249) Read in RIFF chunk size: 2147479588, data chunk size: 2147479552. Assume 'stream mode' (reading data to EOF).
VLOG[2] (compute-mfcc-feats[5.5.1049~1-4592c5]:main():compute-mfcc-feats.cc:182) Processed features for key sp0.9-SuiSiann_2174
sox WARN wav: Length in output .wav header will be wrong since can't seek to fix it
VLOG[1] (compute-mfcc-feats[5.5.1049~1-4592c5]:Read():wave-reader.cc:249) Read in RIFF chunk size: 2147479588, data chunk size: 2147479552. Assume 'stream mode' (reading data to EOF).
sox WARN wav: Length in output .wav header will be wrong since can't seek to fix it
VLOG[1] (compute-kaldi-pitch-feats[5.5.1049~1-4592c5]:Read():wave-reader.cc:249) Read in RIFF chunk size: 2147479588, data chunk size: 2147479552. Assume 'stream mode' (reading data to EOF).
sox WARN wav: Length in output .wav header will be wrong since can't seek to fix it
VLOG[1] (compute-kaldi-pitch-feats[5.5.1049~1-4592c5]:Read():wave-reader.cc:249) Read in RIFF chunk size: 2147479588, data chunk size: 2147479552. Assume 'stream mode' (reading data to EOF).
VLOG[2] (compute-mfcc-feats[5.5.1049~1-4592c5]:main():compute-mfcc-feats.cc:182) Processed features for key sp0.9-SuiSiann_2177
sox WARN wav: Length in output .wav header will be wrong since can't seek to fix it
VLOG[1] (compute-mfcc-feats[5.5.1049~1-4592c5]:Read():wave-reader.cc:249) Read in RIFF chunk size: 2147479588, data chunk size: 2147479552. Assume 'stream mode' (reading data to EOF).
sox WARN wav: Length in output .wav header will be wrong since can't seek to fix it
VLOG[1] (compute-kaldi-pitch-feats[5.5.1049~1-4592c5]:Read():wave-reader.cc:249) Read in RIFF chunk size: 2147479588, data chunk size: 2147479552. Assume 'stream mode' (reading data to EOF).
VLOG[2] (compute-mfcc-feats[5.5.1049~1-4592c5]:main():compute-mfcc-feats.cc:182) Processed features for key sp0.9-SuiSiann_2181
sox WARN wav: Length in output .wav header will be wrong since can't seek to fix it
VLOG[1] (compute-mfcc-feats[5.5.1049~1-4592c5]:Read():wave-reader.cc:249) Read in RIFF chunk size: 2147479588, data chunk size: 2147479552. Assume 'stream mode' (reading data to EOF).
sox WARN wav: Length in output .wav header will be wrong since can't seek to fix it
VLOG[1] (compute-kaldi-pitch-feats[5.5.1049~1-4592c5]:Read():wave-reader.cc:249) Read in RIFF chunk size: 2147479588, data chunk size: 2147479552. Assume 'stream mode' (reading data to EOF).
LOG (compute-mfcc-feats[5.5.1049~1-4592c5]:main():compute-mfcc-feats.cc:181) Processed 60 utterances
VLOG[2] (compute-mfcc-feats[5.5.1049~1-4592c5]:main():compute-mfcc-feats.cc:182) Processed features for key sp0.9-SuiSiann_2182
sox WARN wav: Length in output .wav header will be wrong since can't seek to fix it
VLOG[1] (compute-kaldi-pitch-feats[5.5.1049~1-4592c5]:Read():wave-reader.cc:249) Read in RIFF chunk size: 2147479588, data chunk size: 2147479552. Assume 'stream mode' (reading data to EOF).
sox WARN wav: Length in output .wav header will be wrong since can't seek to fix it
VLOG[1] (compute-mfcc-feats[5.5.1049~1-4592c5]:Read():wave-reader.cc:249) Read in RIFF chunk size: 2147479588, data chunk size: 2147479552. Assume 'stream mode' (reading data to EOF).
VLOG[2] (compute-mfcc-feats[5.5.1049~1-4592c5]:main():compute-mfcc-feats.cc:182) Processed features for key sp0.9-SuiSiann_2183
sox WARN wav: Length in output .wav header will be wrong since can't seek to fix it
VLOG[1] (compute-kaldi-pitch-feats[5.5.1049~1-4592c5]:Read():wave-reader.cc:249) Read in RIFF chunk size: 2147479588, data chunk size: 2147479552. Assume 'stream mode' (reading data to EOF).
sox WARN wav: Length in output .wav header will be wrong since can't seek to fix it
VLOG[1] (compute-mfcc-feats[5.5.1049~1-4592c5]:Read():wave-reader.cc:249) Read in RIFF chunk size: 2147479588, data chunk size: 2147479552. Assume 'stream mode' (reading data to EOF).
VLOG[2] (compute-mfcc-feats[5.5.1049~1-4592c5]:main():compute-mfcc-feats.cc:182) Processed features for key sp0.9-SuiSiann_2184
sox WARN wav: Length in output .wav header will be wrong since can't seek to fix it
VLOG[1] (compute-kaldi-pitch-feats[5.5.1049~1-4592c5]:Read():wave-reader.cc:249) Read in RIFF chunk size: 2147479588, data chunk size: 2147479552. Assume 'stream mode' (reading data to EOF).
sox WARN wav: Length in output .wav header will be wrong since can't seek to fix it
VLOG[1] (compute-mfcc-feats[5.5.1049~1-4592c5]:Read():wave-reader.cc:249) Read in RIFF chunk size: 2147479588, data chunk size: 2147479552. Assume 'stream mode' (reading data to EOF).
VLOG[2] (compute-mfcc-feats[5.5.1049~1-4592c5]:main():compute-mfcc-feats.cc:182) Processed features for key sp0.9-SuiSiann_2190
sox WARN wav: Length in output .wav header will be wrong since can't seek to fix it
VLOG[1] (compute-kaldi-pitch-feats[5.5.1049~1-4592c5]:Read():wave-reader.cc:249) Read in RIFF chunk size: 2147479588, data chunk size: 2147479552. Assume 'stream mode' (reading data to EOF).
sox WARN wav: Length in output .wav header will be wrong since can't seek to fix it
VLOG[1] (compute-mfcc-feats[5.5.1049~1-4592c5]:Read():wave-reader.cc:249) Read in RIFF chunk size: 2147479588, data chunk size: 2147479552. Assume 'stream mode' (reading data to EOF).
VLOG[2] (compute-mfcc-feats[5.5.1049~1-4592c5]:main():compute-mfcc-feats.cc:182) Processed features for key sp0.9-SuiSiann_2197
sox WARN wav: Length in output .wav header will be wrong since can't seek to fix it
VLOG[1] (compute-mfcc-feats[5.5.1049~1-4592c5]:Read():wave-reader.cc:249) Read in RIFF chunk size: 2147479588, data chunk size: 2147479552. Assume 'stream mode' (reading data to EOF).
sox WARN wav: Length in output .wav header will be wrong since can't seek to fix it
VLOG[1] (compute-kaldi-pitch-feats[5.5.1049~1-4592c5]:Read():wave-reader.cc:249) Read in RIFF chunk size: 2147479588, data chunk size: 2147479552. Assume 'stream mode' (reading data to EOF).
VLOG[2] (compute-mfcc-feats[5.5.1049~1-4592c5]:main():compute-mfcc-feats.cc:182) Processed features for key sp0.9-SuiSiann_2198
sox WARN wav: Length in output .wav header will be wrong since can't seek to fix it
VLOG[1] (compute-mfcc-feats[5.5.1049~1-4592c5]:Read():wave-reader.cc:249) Read in RIFF chunk size: 2147479588, data chunk size: 2147479552. Assume 'stream mode' (reading data to EOF).
sox WARN wav: Length in output .wav header will be wrong since can't seek to fix it
VLOG[1] (compute-kaldi-pitch-feats[5.5.1049~1-4592c5]:Read():wave-reader.cc:249) Read in RIFF chunk size: 2147479588, data chunk size: 2147479552. Assume 'stream mode' (reading data to EOF).
VLOG[2] (compute-mfcc-feats[5.5.1049~1-4592c5]:main():compute-mfcc-feats.cc:182) Processed features for key sp0.9-SuiSiann_2199
sox WARN wav: Length in output .wav header will be wrong since can't seek to fix it
VLOG[1] (compute-mfcc-feats[5.5.1049~1-4592c5]:Read():wave-reader.cc:249) Read in RIFF chunk size: 2147479588, data chunk size: 2147479552. Assume 'stream mode' (reading data to EOF).
sox WARN wav: Length in output .wav header will be wrong since can't seek to fix it
VLOG[1] (compute-kaldi-pitch-feats[5.5.1049~1-4592c5]:Read():wave-reader.cc:249) Read in RIFF chunk size: 2147479588, data chunk size: 2147479552. Assume 'stream mode' (reading data to EOF).
VLOG[2] (compute-mfcc-feats[5.5.1049~1-4592c5]:main():compute-mfcc-feats.cc:182) Processed features for key sp0.9-SuiSiann_2201
sox WARN wav: Length in output .wav header will be wrong since can't seek to fix it
VLOG[1] (compute-kaldi-pitch-feats[5.5.1049~1-4592c5]:Read():wave-reader.cc:249) Read in RIFF chunk size: 2147479588, data chunk size: 2147479552. Assume 'stream mode' (reading data to EOF).
sox WARN wav: Length in output .wav header will be wrong since can't seek to fix it
VLOG[1] (compute-mfcc-feats[5.5.1049~1-4592c5]:Read():wave-reader.cc:249) Read in RIFF chunk size: 2147479588, data chunk size: 2147479552. Assume 'stream mode' (reading data to EOF).
VLOG[2] (compute-mfcc-feats[5.5.1049~1-4592c5]:main():compute-mfcc-feats.cc:182) Processed features for key sp0.9-SuiSiann_2202
sox WARN wav: Length in output .wav header will be wrong since can't seek to fix it
VLOG[1] (compute-mfcc-feats[5.5.1049~1-4592c5]:Read():wave-reader.cc:249) Read in RIFF chunk size: 2147479588, data chunk size: 2147479552. Assume 'stream mode' (reading data to EOF).
VLOG[2] (compute-mfcc-feats[5.5.1049~1-4592c5]:main():compute-mfcc-feats.cc:182) Processed features for key sp0.9-SuiSiann_2203
sox WARN wav: Length in output .wav header will be wrong since can't seek to fix it
VLOG[1] (compute-mfcc-feats[5.5.1049~1-4592c5]:Read():wave-reader.cc:249) Read in RIFF chunk size: 2147479588, data chunk size: 2147479552. Assume 'stream mode' (reading data to EOF).
sox WARN wav: Length in output .wav header will be wrong since can't seek to fix it
VLOG[1] (compute-kaldi-pitch-feats[5.5.1049~1-4592c5]:Read():wave-reader.cc:249) Read in RIFF chunk size: 2147479588, data chunk size: 2147479552. Assume 'stream mode' (reading data to EOF).
sox WARN wav: Length in output .wav header will be wrong since can't seek to fix it
VLOG[1] (compute-kaldi-pitch-feats[5.5.1049~1-4592c5]:Read():wave-reader.cc:249) Read in RIFF chunk size: 2147479588, data chunk size: 2147479552. Assume 'stream mode' (reading data to EOF).
LOG (compute-mfcc-feats[5.5.1049~1-4592c5]:main():compute-mfcc-feats.cc:181) Processed 70 utterances
VLOG[2] (compute-mfcc-feats[5.5.1049~1-4592c5]:main():compute-mfcc-feats.cc:182) Processed features for key sp0.9-SuiSiann_2205
sox WARN wav: Length in output .wav header will be wrong since can't seek to fix it
VLOG[1] (compute-mfcc-feats[5.5.1049~1-4592c5]:Read():wave-reader.cc:249) Read in RIFF chunk size: 2147479588, data chunk size: 2147479552. Assume 'stream mode' (reading data to EOF).
VLOG[2] (compute-mfcc-feats[5.5.1049~1-4592c5]:main():compute-mfcc-feats.cc:182) Processed features for key sp0.9-SuiSiann_2208
sox WARN wav: Length in output .wav header will be wrong since can't seek to fix it
VLOG[1] (compute-mfcc-feats[5.5.1049~1-4592c5]:Read():wave-reader.cc:249) Read in RIFF chunk size: 2147479588, data chunk size: 2147479552. Assume 'stream mode' (reading data to EOF).
sox WARN wav: Length in output .wav header will be wrong since can't seek to fix it
VLOG[1] (compute-kaldi-pitch-feats[5.5.1049~1-4592c5]:Read():wave-reader.cc:249) Read in RIFF chunk size: 2147479588, data chunk size: 2147479552. Assume 'stream mode' (reading data to EOF).
VLOG[2] (compute-mfcc-feats[5.5.1049~1-4592c5]:main():compute-mfcc-feats.cc:182) Processed features for key sp0.9-SuiSiann_2210
sox WARN wav: Length in output .wav header will be wrong since can't seek to fix it
VLOG[1] (compute-mfcc-feats[5.5.1049~1-4592c5]:Read():wave-reader.cc:249) Read in RIFF chunk size: 2147479588, data chunk size: 2147479552. Assume 'stream mode' (reading data to EOF).
sox WARN wav: Length in output .wav header will be wrong since can't seek to fix it
VLOG[1] (compute-kaldi-pitch-feats[5.5.1049~1-4592c5]:Read():wave-reader.cc:249) Read in RIFF chunk size: 2147479588, data chunk size: 2147479552. Assume 'stream mode' (reading data to EOF).
VLOG[2] (compute-mfcc-feats[5.5.1049~1-4592c5]:main():compute-mfcc-feats.cc:182) Processed features for key sp0.9-SuiSiann_2213
sox WARN wav: Length in output .wav header will be wrong since can't seek to fix it
VLOG[1] (compute-mfcc-feats[5.5.1049~1-4592c5]:Read():wave-reader.cc:249) Read in RIFF chunk size: 2147479588, data chunk size: 2147479552. Assume 'stream mode' (reading data to EOF).
sox WARN wav: Length in output .wav header will be wrong since can't seek to fix it
VLOG[1] (compute-kaldi-pitch-feats[5.5.1049~1-4592c5]:Read():wave-reader.cc:249) Read in RIFF chunk size: 2147479588, data chunk size: 2147479552. Assume 'stream mode' (reading data to EOF).
sox WARN wav: Length in output .wav header will be wrong since can't seek to fix it
VLOG[1] (compute-kaldi-pitch-feats[5.5.1049~1-4592c5]:Read():wave-reader.cc:249) Read in RIFF chunk size: 2147479588, data chunk size: 2147479552. Assume 'stream mode' (reading data to EOF).
VLOG[2] (compute-mfcc-feats[5.5.1049~1-4592c5]:main():compute-mfcc-feats.cc:182) Processed features for key sp0.9-SuiSiann_2215
sox WARN wav: Length in output .wav header will be wrong since can't seek to fix it
VLOG[1] (compute-mfcc-feats[5.5.1049~1-4592c5]:Read():wave-reader.cc:249) Read in RIFF chunk size: 2147479588, data chunk size: 2147479552. Assume 'stream mode' (reading data to EOF).
sox WARN wav: Length in output .wav header will be wrong since can't seek to fix it
VLOG[1] (compute-kaldi-pitch-feats[5.5.1049~1-4592c5]:Read():wave-reader.cc:249) Read in RIFF chunk size: 2147479588, data chunk size: 2147479552. Assume 'stream mode' (reading data to EOF).
VLOG[2] (compute-mfcc-feats[5.5.1049~1-4592c5]:main():compute-mfcc-feats.cc:182) Processed features for key sp0.9-SuiSiann_2216
sox WARN wav: Length in output .wav header will be wrong since can't seek to fix it
VLOG[1] (compute-mfcc-feats[5.5.1049~1-4592c5]:Read():wave-reader.cc:249) Read in RIFF chunk size: 2147479588, data chunk size: 2147479552. Assume 'stream mode' (reading data to EOF).
VLOG[2] (compute-mfcc-feats[5.5.1049~1-4592c5]:main():compute-mfcc-feats.cc:182) Processed features for key sp0.9-SuiSiann_2218
sox WARN wav: Length in output .wav header will be wrong since can't seek to fix it
VLOG[1] (compute-mfcc-feats[5.5.1049~1-4592c5]:Read():wave-reader.cc:249) Read in RIFF chunk size: 2147479588, data chunk size: 2147479552. Assume 'stream mode' (reading data to EOF).
sox WARN wav: Length in output .wav header will be wrong since can't seek to fix it
VLOG[1] (compute-kaldi-pitch-feats[5.5.1049~1-4592c5]:Read():wave-reader.cc:249) Read in RIFF chunk size: 2147479588, data chunk size: 2147479552. Assume 'stream mode' (reading data to EOF).
VLOG[2] (compute-mfcc-feats[5.5.1049~1-4592c5]:main():compute-mfcc-feats.cc:182) Processed features for key sp0.9-SuiSiann_2219
sox WARN wav: Length in output .wav header will be wrong since can't seek to fix it
VLOG[1] (compute-kaldi-pitch-feats[5.5.1049~1-4592c5]:Read():wave-reader.cc:249) Read in RIFF chunk size: 2147479588, data chunk size: 2147479552. Assume 'stream mode' (reading data to EOF).
sox WARN wav: Length in output .wav header will be wrong since can't seek to fix it
VLOG[1] (compute-mfcc-feats[5.5.1049~1-4592c5]:Read():wave-reader.cc:249) Read in RIFF chunk size: 2147479588, data chunk size: 2147479552. Assume 'stream mode' (reading data to EOF).
VLOG[2] (compute-mfcc-feats[5.5.1049~1-4592c5]:main():compute-mfcc-feats.cc:182) Processed features for key sp0.9-SuiSiann_2221
sox WARN wav: Length in output .wav header will be wrong since can't seek to fix it
sox WARN wav: Length in output .wav header will be wrong since can't seek to fix it
VLOG[1] (compute-mfcc-feats[5.5.1049~1-4592c5]:Read():wave-reader.cc:249) Read in RIFF chunk size: 2147479588, data chunk size: 2147479552. Assume 'stream mode' (reading data to EOF).
VLOG[1] (compute-kaldi-pitch-feats[5.5.1049~1-4592c5]:Read():wave-reader.cc:249) Read in RIFF chunk size: 2147479588, data chunk size: 2147479552. Assume 'stream mode' (reading data to EOF).
VLOG[2] (compute-mfcc-feats[5.5.1049~1-4592c5]:main():compute-mfcc-feats.cc:182) Processed features for key sp0.9-SuiSiann_2223
sox WARN wav: Length in output .wav header will be wrong since can't seek to fix it
VLOG[1] (compute-kaldi-pitch-feats[5.5.1049~1-4592c5]:Read():wave-reader.cc:249) Read in RIFF chunk size: 2147479588, data chunk size: 2147479552. Assume 'stream mode' (reading data to EOF).
sox WARN wav: Length in output .wav header will be wrong since can't seek to fix it
VLOG[1] (compute-mfcc-feats[5.5.1049~1-4592c5]:Read():wave-reader.cc:249) Read in RIFF chunk size: 2147479588, data chunk size: 2147479552. Assume 'stream mode' (reading data to EOF).
sox WARN wav: Length in output .wav header will be wrong since can't seek to fix it
VLOG[1] (compute-kaldi-pitch-feats[5.5.1049~1-4592c5]:Read():wave-reader.cc:249) Read in RIFF chunk size: 2147479588, data chunk size: 2147479552. Assume 'stream mode' (reading data to EOF).
LOG (compute-mfcc-feats[5.5.1049~1-4592c5]:main():compute-mfcc-feats.cc:181) Processed 80 utterances
VLOG[2] (compute-mfcc-feats[5.5.1049~1-4592c5]:main():compute-mfcc-feats.cc:182) Processed features for key sp0.9-SuiSiann_2230
sox WARN wav: Length in output .wav header will be wrong since can't seek to fix it
sox WARN wav: Length in output .wav header will be wrong since can't seek to fix it
VLOG[1] (compute-kaldi-pitch-feats[5.5.1049~1-4592c5]:Read():wave-reader.cc:249) Read in RIFF chunk size: 2147479588, data chunk size: 2147479552. Assume 'stream mode' (reading data to EOF).
VLOG[1] (compute-mfcc-feats[5.5.1049~1-4592c5]:Read():wave-reader.cc:249) Read in RIFF chunk size: 2147479588, data chunk size: 2147479552. Assume 'stream mode' (reading data to EOF).
VLOG[2] (compute-mfcc-feats[5.5.1049~1-4592c5]:main():compute-mfcc-feats.cc:182) Processed features for key sp0.9-SuiSiann_2233
sox WARN wav: Length in output .wav header will be wrong since can't seek to fix it
VLOG[1] (compute-mfcc-feats[5.5.1049~1-4592c5]:Read():wave-reader.cc:249) Read in RIFF chunk size: 2147479588, data chunk size: 2147479552. Assume 'stream mode' (reading data to EOF).
VLOG[2] (compute-mfcc-feats[5.5.1049~1-4592c5]:main():compute-mfcc-feats.cc:182) Processed features for key sp0.9-SuiSiann_2242
LOG (compute-mfcc-feats[5.5.1049~1-4592c5]:main():compute-mfcc-feats.cc:185)  Done 82 out of 82 utterances.
sox WARN wav: Length in output .wav header will be wrong since can't seek to fix it
VLOG[1] (compute-kaldi-pitch-feats[5.5.1049~1-4592c5]:Read():wave-reader.cc:249) Read in RIFF chunk size: 2147479588, data chunk size: 2147479552. Assume 'stream mode' (reading data to EOF).
sox WARN wav: Length in output .wav header will be wrong since can't seek to fix it
VLOG[1] (compute-kaldi-pitch-feats[5.5.1049~1-4592c5]:Read():wave-reader.cc:249) Read in RIFF chunk size: 2147479588, data chunk size: 2147479552. Assume 'stream mode' (reading data to EOF).
LOG (compute-kaldi-pitch-feats[5.5.1049~1-4592c5]:main():compute-kaldi-pitch-feats.cc:110) Done 82 utterances, 0 with errors.
LOG (process-kaldi-pitch-feats[5.5.1049~1-4592c5]:main():process-kaldi-pitch-feats.cc:85) Post-processed pitch for 82 utterances.
LOG (paste-feats[5.5.1049~1-4592c5]:main():paste-feats.cc:158) Done 82 utts, errors on 0
LOG (copy-feats[5.5.1049~1-4592c5]:main():copy-feats.cc:143) Copied 82 feature matrices.
# Accounting: time=3 threads=1
# Ended (code 0) at Wed Sep 28 18:21:51 CST 2022, elapsed time 3 seconds
