# paste-feats --length-tolerance=2 "ark:compute-mfcc-feats  --write-utt2dur=ark,t:exp/make_mfcc/train_sp/utt2dur.64 --verbose=2     --config=conf/mfcc.conf scp,p:exp/make_mfcc/train_sp/wav_train_sp.64.scp ark:- |" "ark,s,cs:compute-kaldi-pitch-feats --verbose=2       --config=conf/pitch.conf scp,p:exp/make_mfcc/train_sp/wav_train_sp.64.scp ark:- |     process-kaldi-pitch-feats  ark:- ark:- |" ark:- | copy-feats --compress=true --write-num-frames=ark,t:exp/make_mfcc/train_sp/utt2num_frames.64 ark:- ark,scp:/home/hanasay/kaldi/egs/formosa/s5/mfcc_perturbed/raw_mfcc_pitch_train_sp.64.ark,/home/hanasay/kaldi/egs/formosa/s5/mfcc_perturbed/raw_mfcc_pitch_train_sp.64.scp 
# Started at Wed Sep 28 18:21:59 CST 2022
#
copy-feats --compress=true --write-num-frames=ark,t:exp/make_mfcc/train_sp/utt2num_frames.64 ark:- ark,scp:/home/hanasay/kaldi/egs/formosa/s5/mfcc_perturbed/raw_mfcc_pitch_train_sp.64.ark,/home/hanasay/kaldi/egs/formosa/s5/mfcc_perturbed/raw_mfcc_pitch_train_sp.64.scp 
paste-feats --length-tolerance=2 'ark:compute-mfcc-feats  --write-utt2dur=ark,t:exp/make_mfcc/train_sp/utt2dur.64 --verbose=2     --config=conf/mfcc.conf scp,p:exp/make_mfcc/train_sp/wav_train_sp.64.scp ark:- |' 'ark,s,cs:compute-kaldi-pitch-feats --verbose=2       --config=conf/pitch.conf scp,p:exp/make_mfcc/train_sp/wav_train_sp.64.scp ark:- |     process-kaldi-pitch-feats  ark:- ark:- |' ark:- 
compute-mfcc-feats --write-utt2dur=ark,t:exp/make_mfcc/train_sp/utt2dur.64 --verbose=2 --config=conf/mfcc.conf scp,p:exp/make_mfcc/train_sp/wav_train_sp.64.scp ark:- 
sox WARN wav: Length in output .wav header will be wrong since can't seek to fix it
VLOG[1] (compute-mfcc-feats[5.5.1049~1-4592c5]:Read():wave-reader.cc:249) Read in RIFF chunk size: 2147479588, data chunk size: 2147479552. Assume 'stream mode' (reading data to EOF).
VLOG[2] (compute-mfcc-feats[5.5.1049~1-4592c5]:main():compute-mfcc-feats.cc:182) Processed features for key sp1.1-SuiSiann_2543
process-kaldi-pitch-feats ark:- ark:- 
sox WARN wav: Length in output .wav header will be wrong since can't seek to fix it
VLOG[1] (compute-mfcc-feats[5.5.1049~1-4592c5]:Read():wave-reader.cc:249) Read in RIFF chunk size: 2147479588, data chunk size: 2147479552. Assume 'stream mode' (reading data to EOF).
VLOG[2] (compute-mfcc-feats[5.5.1049~1-4592c5]:main():compute-mfcc-feats.cc:182) Processed features for key sp1.1-SuiSiann_2544
sox WARN wav: Length in output .wav header will be wrong since can't seek to fix it
VLOG[1] (compute-mfcc-feats[5.5.1049~1-4592c5]:Read():wave-reader.cc:249) Read in RIFF chunk size: 2147479588, data chunk size: 2147479552. Assume 'stream mode' (reading data to EOF).
VLOG[2] (compute-mfcc-feats[5.5.1049~1-4592c5]:main():compute-mfcc-feats.cc:182) Processed features for key sp1.1-SuiSiann_2545
compute-kaldi-pitch-feats --verbose=2 --config=conf/pitch.conf scp,p:exp/make_mfcc/train_sp/wav_train_sp.64.scp ark:- 
sox WARN wav: Length in output .wav header will be wrong since can't seek to fix it
VLOG[1] (compute-kaldi-pitch-feats[5.5.1049~1-4592c5]:Read():wave-reader.cc:249) Read in RIFF chunk size: 2147479588, data chunk size: 2147479552. Assume 'stream mode' (reading data to EOF).
sox WARN wav: Length in output .wav header will be wrong since can't seek to fix it
sox WARN wav: Length in output .wav header will be wrong since can't seek to fix it
VLOG[1] (compute-mfcc-feats[5.5.1049~1-4592c5]:Read():wave-reader.cc:249) Read in RIFF chunk size: 2147479588, data chunk size: 2147479552. Assume 'stream mode' (reading data to EOF).
VLOG[1] (compute-kaldi-pitch-feats[5.5.1049~1-4592c5]:Read():wave-reader.cc:249) Read in RIFF chunk size: 2147479588, data chunk size: 2147479552. Assume 'stream mode' (reading data to EOF).
VLOG[2] (compute-mfcc-feats[5.5.1049~1-4592c5]:main():compute-mfcc-feats.cc:182) Processed features for key sp1.1-SuiSiann_2546
sox WARN wav: Length in output .wav header will be wrong since can't seek to fix it
VLOG[1] (compute-kaldi-pitch-feats[5.5.1049~1-4592c5]:Read():wave-reader.cc:249) Read in RIFF chunk size: 2147479588, data chunk size: 2147479552. Assume 'stream mode' (reading data to EOF).
sox WARN wav: Length in output .wav header will be wrong since can't seek to fix it
VLOG[1] (compute-mfcc-feats[5.5.1049~1-4592c5]:Read():wave-reader.cc:249) Read in RIFF chunk size: 2147479588, data chunk size: 2147479552. Assume 'stream mode' (reading data to EOF).
VLOG[2] (compute-mfcc-feats[5.5.1049~1-4592c5]:main():compute-mfcc-feats.cc:182) Processed features for key sp1.1-SuiSiann_2548
sox WARN wav: Length in output .wav header will be wrong since can't seek to fix it
VLOG[1] (compute-mfcc-feats[5.5.1049~1-4592c5]:Read():wave-reader.cc:249) Read in RIFF chunk size: 2147479588, data chunk size: 2147479552. Assume 'stream mode' (reading data to EOF).
VLOG[2] (compute-mfcc-feats[5.5.1049~1-4592c5]:main():compute-mfcc-feats.cc:182) Processed features for key sp1.1-SuiSiann_2550
sox WARN wav: Length in output .wav header will be wrong since can't seek to fix it
sox WARN wav: Length in output .wav header will be wrong since can't seek to fix it
VLOG[1] (compute-mfcc-feats[5.5.1049~1-4592c5]:Read():wave-reader.cc:249) Read in RIFF chunk size: 2147479588, data chunk size: 2147479552. Assume 'stream mode' (reading data to EOF).
VLOG[1] (compute-kaldi-pitch-feats[5.5.1049~1-4592c5]:Read():wave-reader.cc:249) Read in RIFF chunk size: 2147479588, data chunk size: 2147479552. Assume 'stream mode' (reading data to EOF).
sox WARN wav: Length in output .wav header will be wrong since can't seek to fix it
VLOG[1] (compute-kaldi-pitch-feats[5.5.1049~1-4592c5]:Read():wave-reader.cc:249) Read in RIFF chunk size: 2147479588, data chunk size: 2147479552. Assume 'stream mode' (reading data to EOF).
sox WARN wav: Length in output .wav header will be wrong since can't seek to fix it
VLOG[2] (compute-mfcc-feats[5.5.1049~1-4592c5]:main():compute-mfcc-feats.cc:182) Processed features for key sp1.1-SuiSiann_2553
VLOG[1] (compute-kaldi-pitch-feats[5.5.1049~1-4592c5]:Read():wave-reader.cc:249) Read in RIFF chunk size: 2147479588, data chunk size: 2147479552. Assume 'stream mode' (reading data to EOF).
sox WARN wav: Length in output .wav header will be wrong since can't seek to fix it
VLOG[1] (compute-kaldi-pitch-feats[5.5.1049~1-4592c5]:Read():wave-reader.cc:249) Read in RIFF chunk size: 2147479588, data chunk size: 2147479552. Assume 'stream mode' (reading data to EOF).
sox WARN wav: Length in output .wav header will be wrong since can't seek to fix it
VLOG[1] (compute-mfcc-feats[5.5.1049~1-4592c5]:Read():wave-reader.cc:249) Read in RIFF chunk size: 2147479588, data chunk size: 2147479552. Assume 'stream mode' (reading data to EOF).
VLOG[2] (compute-mfcc-feats[5.5.1049~1-4592c5]:main():compute-mfcc-feats.cc:182) Processed features for key sp1.1-SuiSiann_2554
sox WARN wav: Length in output .wav header will be wrong since can't seek to fix it
VLOG[1] (compute-mfcc-feats[5.5.1049~1-4592c5]:Read():wave-reader.cc:249) Read in RIFF chunk size: 2147479588, data chunk size: 2147479552. Assume 'stream mode' (reading data to EOF).
sox WARN wav: Length in output .wav header will be wrong since can't seek to fix it
VLOG[1] (compute-kaldi-pitch-feats[5.5.1049~1-4592c5]:Read():wave-reader.cc:249) Read in RIFF chunk size: 2147479588, data chunk size: 2147479552. Assume 'stream mode' (reading data to EOF).
VLOG[2] (compute-mfcc-feats[5.5.1049~1-4592c5]:main():compute-mfcc-feats.cc:182) Processed features for key sp1.1-SuiSiann_2555
sox WARN wav: Length in output .wav header will be wrong since can't seek to fix it
sox WARN wav: Length in output .wav header will be wrong since can't seek to fix it
VLOG[1] (compute-kaldi-pitch-feats[5.5.1049~1-4592c5]:Read():wave-reader.cc:249) Read in RIFF chunk size: 2147479588, data chunk size: 2147479552. Assume 'stream mode' (reading data to EOF).
VLOG[1] (compute-mfcc-feats[5.5.1049~1-4592c5]:Read():wave-reader.cc:249) Read in RIFF chunk size: 2147479588, data chunk size: 2147479552. Assume 'stream mode' (reading data to EOF).
LOG (compute-mfcc-feats[5.5.1049~1-4592c5]:main():compute-mfcc-feats.cc:181) Processed 10 utterances
VLOG[2] (compute-mfcc-feats[5.5.1049~1-4592c5]:main():compute-mfcc-feats.cc:182) Processed features for key sp1.1-SuiSiann_2556
sox WARN wav: Length in output .wav header will be wrong since can't seek to fix it
VLOG[1] (compute-mfcc-feats[5.5.1049~1-4592c5]:Read():wave-reader.cc:249) Read in RIFF chunk size: 2147479588, data chunk size: 2147479552. Assume 'stream mode' (reading data to EOF).
VLOG[2] (compute-mfcc-feats[5.5.1049~1-4592c5]:main():compute-mfcc-feats.cc:182) Processed features for key sp1.1-SuiSiann_2557
sox WARN wav: Length in output .wav header will be wrong since can't seek to fix it
sox WARN wav: Length in output .wav header will be wrong since can't seek to fix it
VLOG[1] (compute-mfcc-feats[5.5.1049~1-4592c5]:Read():wave-reader.cc:249) Read in RIFF chunk size: 2147479588, data chunk size: 2147479552. Assume 'stream mode' (reading data to EOF).
VLOG[1] (compute-kaldi-pitch-feats[5.5.1049~1-4592c5]:Read():wave-reader.cc:249) Read in RIFF chunk size: 2147479588, data chunk size: 2147479552. Assume 'stream mode' (reading data to EOF).
VLOG[2] (compute-mfcc-feats[5.5.1049~1-4592c5]:main():compute-mfcc-feats.cc:182) Processed features for key sp1.1-SuiSiann_2559
sox WARN wav: Length in output .wav header will be wrong since can't seek to fix it
sox WARN wav: Length in output .wav header will be wrong since can't seek to fix it
VLOG[1] (compute-kaldi-pitch-feats[5.5.1049~1-4592c5]:Read():wave-reader.cc:249) Read in RIFF chunk size: 2147479588, data chunk size: 2147479552. Assume 'stream mode' (reading data to EOF).
VLOG[1] (compute-mfcc-feats[5.5.1049~1-4592c5]:Read():wave-reader.cc:249) Read in RIFF chunk size: 2147479588, data chunk size: 2147479552. Assume 'stream mode' (reading data to EOF).
VLOG[2] (compute-mfcc-feats[5.5.1049~1-4592c5]:main():compute-mfcc-feats.cc:182) Processed features for key sp1.1-SuiSiann_2560
sox WARN wav: Length in output .wav header will be wrong since can't seek to fix it
VLOG[1] (compute-mfcc-feats[5.5.1049~1-4592c5]:Read():wave-reader.cc:249) Read in RIFF chunk size: 2147479588, data chunk size: 2147479552. Assume 'stream mode' (reading data to EOF).
sox WARN wav: Length in output .wav header will be wrong since can't seek to fix it
VLOG[1] (compute-kaldi-pitch-feats[5.5.1049~1-4592c5]:Read():wave-reader.cc:249) Read in RIFF chunk size: 2147479588, data chunk size: 2147479552. Assume 'stream mode' (reading data to EOF).
VLOG[2] (compute-mfcc-feats[5.5.1049~1-4592c5]:main():compute-mfcc-feats.cc:182) Processed features for key sp1.1-SuiSiann_2561
sox WARN wav: Length in output .wav header will be wrong since can't seek to fix it
VLOG[1] (compute-mfcc-feats[5.5.1049~1-4592c5]:Read():wave-reader.cc:249) Read in RIFF chunk size: 2147479588, data chunk size: 2147479552. Assume 'stream mode' (reading data to EOF).
sox WARN wav: Length in output .wav header will be wrong since can't seek to fix it
VLOG[1] (compute-kaldi-pitch-feats[5.5.1049~1-4592c5]:Read():wave-reader.cc:249) Read in RIFF chunk size: 2147479588, data chunk size: 2147479552. Assume 'stream mode' (reading data to EOF).
VLOG[2] (compute-mfcc-feats[5.5.1049~1-4592c5]:main():compute-mfcc-feats.cc:182) Processed features for key sp1.1-SuiSiann_2562
sox WARN wav: Length in output .wav header will be wrong since can't seek to fix it
VLOG[1] (compute-mfcc-feats[5.5.1049~1-4592c5]:Read():wave-reader.cc:249) Read in RIFF chunk size: 2147479588, data chunk size: 2147479552. Assume 'stream mode' (reading data to EOF).
sox WARN wav: Length in output .wav header will be wrong since can't seek to fix it
VLOG[2] (compute-mfcc-feats[5.5.1049~1-4592c5]:main():compute-mfcc-feats.cc:182) Processed features for key sp1.1-SuiSiann_2563
VLOG[1] (compute-kaldi-pitch-feats[5.5.1049~1-4592c5]:Read():wave-reader.cc:249) Read in RIFF chunk size: 2147479588, data chunk size: 2147479552. Assume 'stream mode' (reading data to EOF).
sox WARN wav: Length in output .wav header will be wrong since can't seek to fix it
VLOG[1] (compute-mfcc-feats[5.5.1049~1-4592c5]:Read():wave-reader.cc:249) Read in RIFF chunk size: 2147479588, data chunk size: 2147479552. Assume 'stream mode' (reading data to EOF).
VLOG[2] (compute-mfcc-feats[5.5.1049~1-4592c5]:main():compute-mfcc-feats.cc:182) Processed features for key sp1.1-SuiSiann_2564
sox WARN wav: Length in output .wav header will be wrong since can't seek to fix it
VLOG[1] (compute-mfcc-feats[5.5.1049~1-4592c5]:Read():wave-reader.cc:249) Read in RIFF chunk size: 2147479588, data chunk size: 2147479552. Assume 'stream mode' (reading data to EOF).
VLOG[2] (compute-mfcc-feats[5.5.1049~1-4592c5]:main():compute-mfcc-feats.cc:182) Processed features for key sp1.1-SuiSiann_2565
sox WARN wav: sox WARN wav: Length in output .wav header will be wrong since can't seek to fix itLength in output .wav header will be wrong since can't seek to fix it

VLOG[1] (compute-mfcc-feats[5.5.1049~1-4592c5]:Read():wave-reader.cc:249) Read in RIFF chunk size: 2147479588, data chunk size: 2147479552. Assume 'stream mode' (reading data to EOF).
VLOG[1] (compute-kaldi-pitch-feats[5.5.1049~1-4592c5]:Read():wave-reader.cc:249) Read in RIFF chunk size: 2147479588, data chunk size: 2147479552. Assume 'stream mode' (reading data to EOF).
sox WARN wav: Length in output .wav header will be wrong since can't seek to fix it
VLOG[1] (compute-kaldi-pitch-feats[5.5.1049~1-4592c5]:Read():wave-reader.cc:249) Read in RIFF chunk size: 2147479588, data chunk size: 2147479552. Assume 'stream mode' (reading data to EOF).
sox WARN wav: Length in output .wav header will be wrong since can't seek to fix it
VLOG[1] (compute-kaldi-pitch-feats[5.5.1049~1-4592c5]:Read():wave-reader.cc:249) Read in RIFF chunk size: 2147479588, data chunk size: 2147479552. Assume 'stream mode' (reading data to EOF).
VLOG[2] (compute-mfcc-feats[5.5.1049~1-4592c5]:main():compute-mfcc-feats.cc:182) Processed features for key sp1.1-SuiSiann_2566
sox WARN wav: Length in output .wav header will be wrong since can't seek to fix it
VLOG[1] (compute-mfcc-feats[5.5.1049~1-4592c5]:Read():wave-reader.cc:249) Read in RIFF chunk size: 2147479588, data chunk size: 2147479552. Assume 'stream mode' (reading data to EOF).
sox WARN wav: Length in output .wav header will be wrong since can't seek to fix it
VLOG[1] (compute-kaldi-pitch-feats[5.5.1049~1-4592c5]:Read():wave-reader.cc:249) Read in RIFF chunk size: 2147479588, data chunk size: 2147479552. Assume 'stream mode' (reading data to EOF).
sox WARN wav: Length in output .wav header will be wrong since can't seek to fix it
VLOG[1] (compute-kaldi-pitch-feats[5.5.1049~1-4592c5]:Read():wave-reader.cc:249) Read in RIFF chunk size: 2147479588, data chunk size: 2147479552. Assume 'stream mode' (reading data to EOF).
LOG (compute-mfcc-feats[5.5.1049~1-4592c5]:main():compute-mfcc-feats.cc:181) Processed 20 utterances
VLOG[2] (compute-mfcc-feats[5.5.1049~1-4592c5]:main():compute-mfcc-feats.cc:182) Processed features for key sp1.1-SuiSiann_2567
sox WARN wav: Length in output .wav header will be wrong since can't seek to fix it
VLOG[1] (compute-mfcc-feats[5.5.1049~1-4592c5]:Read():wave-reader.cc:249) Read in RIFF chunk size: 2147479588, data chunk size: 2147479552. Assume 'stream mode' (reading data to EOF).
VLOG[2] (compute-mfcc-feats[5.5.1049~1-4592c5]:main():compute-mfcc-feats.cc:182) Processed features for key sp1.1-SuiSiann_2568
sox WARN wav: Length in output .wav header will be wrong since can't seek to fix it
VLOG[1] (compute-mfcc-feats[5.5.1049~1-4592c5]:Read():wave-reader.cc:249) Read in RIFF chunk size: 2147479588, data chunk size: 2147479552. Assume 'stream mode' (reading data to EOF).
VLOG[2] (compute-mfcc-feats[5.5.1049~1-4592c5]:main():compute-mfcc-feats.cc:182) Processed features for key sp1.1-SuiSiann_2569
sox WARN wav: Length in output .wav header will be wrong since can't seek to fix it
VLOG[1] (compute-mfcc-feats[5.5.1049~1-4592c5]:Read():wave-reader.cc:249) Read in RIFF chunk size: 2147479588, data chunk size: 2147479552. Assume 'stream mode' (reading data to EOF).
VLOG[2] (compute-mfcc-feats[5.5.1049~1-4592c5]:main():compute-mfcc-feats.cc:182) Processed features for key sp1.1-SuiSiann_2570
sox WARN wav: Length in output .wav header will be wrong since can't seek to fix it
VLOG[1] (compute-mfcc-feats[5.5.1049~1-4592c5]:Read():wave-reader.cc:249) Read in RIFF chunk size: 2147479588, data chunk size: 2147479552. Assume 'stream mode' (reading data to EOF).
sox WARN wav: Length in output .wav header will be wrong since can't seek to fix it
VLOG[1] (compute-kaldi-pitch-feats[5.5.1049~1-4592c5]:Read():wave-reader.cc:249) Read in RIFF chunk size: 2147479588, data chunk size: 2147479552. Assume 'stream mode' (reading data to EOF).
VLOG[2] (compute-mfcc-feats[5.5.1049~1-4592c5]:main():compute-mfcc-feats.cc:182) Processed features for key sp1.1-SuiSiann_2572
sox WARN wav: Length in output .wav header will be wrong since can't seek to fix it
sox WARN wav: Length in output .wav header will be wrong since can't seek to fix it
VLOG[1] (compute-mfcc-feats[5.5.1049~1-4592c5]:Read():wave-reader.cc:249) Read in RIFF chunk size: 2147479588, data chunk size: 2147479552. Assume 'stream mode' (reading data to EOF).
VLOG[2] (compute-mfcc-feats[5.5.1049~1-4592c5]:main():compute-mfcc-feats.cc:182) Processed features for key sp1.1-SuiSiann_2573
sox WARN wav: Length in output .wav header will be wrong since can't seek to fix it
VLOG[1] (compute-mfcc-feats[5.5.1049~1-4592c5]:Read():wave-reader.cc:249) Read in RIFF chunk size: 2147479588, data chunk size: 2147479552. Assume 'stream mode' (reading data to EOF).
VLOG[1] (compute-kaldi-pitch-feats[5.5.1049~1-4592c5]:Read():wave-reader.cc:249) Read in RIFF chunk size: 2147479588, data chunk size: 2147479552. Assume 'stream mode' (reading data to EOF).
VLOG[2] (compute-mfcc-feats[5.5.1049~1-4592c5]:main():compute-mfcc-feats.cc:182) Processed features for key sp1.1-SuiSiann_2574
sox WARN wav: Length in output .wav header will be wrong since can't seek to fix it
VLOG[1] (compute-kaldi-pitch-feats[5.5.1049~1-4592c5]:Read():wave-reader.cc:249) Read in RIFF chunk size: 2147479588, data chunk size: 2147479552. Assume 'stream mode' (reading data to EOF).
sox WARN wav: Length in output .wav header will be wrong since can't seek to fix it
VLOG[1] (compute-kaldi-pitch-feats[5.5.1049~1-4592c5]:Read():wave-reader.cc:249) Read in RIFF chunk size: 2147479588, data chunk size: 2147479552. Assume 'stream mode' (reading data to EOF).
sox WARN wav: Length in output .wav header will be wrong since can't seek to fix it
VLOG[1] (compute-mfcc-feats[5.5.1049~1-4592c5]:Read():wave-reader.cc:249) Read in RIFF chunk size: 2147479588, data chunk size: 2147479552. Assume 'stream mode' (reading data to EOF).
sox WARN wav: Length in output .wav header will be wrong since can't seek to fix it
VLOG[1] (compute-kaldi-pitch-feats[5.5.1049~1-4592c5]:Read():wave-reader.cc:249) Read in RIFF chunk size: 2147479588, data chunk size: 2147479552. Assume 'stream mode' (reading data to EOF).
sox WARN wav: Length in output .wav header will be wrong since can't seek to fix it
VLOG[1] (compute-kaldi-pitch-feats[5.5.1049~1-4592c5]:Read():wave-reader.cc:249) Read in RIFF chunk size: 2147479588, data chunk size: 2147479552. Assume 'stream mode' (reading data to EOF).
VLOG[2] (compute-mfcc-feats[5.5.1049~1-4592c5]:main():compute-mfcc-feats.cc:182) Processed features for key sp1.1-SuiSiann_2576
sox WARN wav: Length in output .wav header will be wrong since can't seek to fix it
sox WARN wav: Length in output .wav header will be wrong since can't seek to fix it
VLOG[1] (compute-mfcc-feats[5.5.1049~1-4592c5]:Read():wave-reader.cc:249) Read in RIFF chunk size: 2147479588, data chunk size: 2147479552. Assume 'stream mode' (reading data to EOF).
VLOG[1] (compute-kaldi-pitch-feats[5.5.1049~1-4592c5]:Read():wave-reader.cc:249) Read in RIFF chunk size: 2147479588, data chunk size: 2147479552. Assume 'stream mode' (reading data to EOF).
VLOG[2] (compute-mfcc-feats[5.5.1049~1-4592c5]:main():compute-mfcc-feats.cc:182) Processed features for key sp1.1-SuiSiann_2579
sox WARN wav: Length in output .wav header will be wrong since can't seek to fix it
VLOG[1] (compute-mfcc-feats[5.5.1049~1-4592c5]:Read():wave-reader.cc:249) Read in RIFF chunk size: 2147479588, data chunk size: 2147479552. Assume 'stream mode' (reading data to EOF).
sox WARN wav: Length in output .wav header will be wrong since can't seek to fix it
VLOG[1] (compute-kaldi-pitch-feats[5.5.1049~1-4592c5]:Read():wave-reader.cc:249) Read in RIFF chunk size: 2147479588, data chunk size: 2147479552. Assume 'stream mode' (reading data to EOF).
VLOG[2] (compute-mfcc-feats[5.5.1049~1-4592c5]:main():compute-mfcc-feats.cc:182) Processed features for key sp1.1-SuiSiann_2580
sox WARN wav: Length in output .wav header will be wrong since can't seek to fix it
VLOG[1] (compute-mfcc-feats[5.5.1049~1-4592c5]:Read():wave-reader.cc:249) Read in RIFF chunk size: 2147479588, data chunk size: 2147479552. Assume 'stream mode' (reading data to EOF).
sox WARN wav: Length in output .wav header will be wrong since can't seek to fix it
VLOG[1] (compute-kaldi-pitch-feats[5.5.1049~1-4592c5]:Read():wave-reader.cc:249) Read in RIFF chunk size: 2147479588, data chunk size: 2147479552. Assume 'stream mode' (reading data to EOF).
LOG (compute-mfcc-feats[5.5.1049~1-4592c5]:main():compute-mfcc-feats.cc:181) Processed 30 utterances
VLOG[2] (compute-mfcc-feats[5.5.1049~1-4592c5]:main():compute-mfcc-feats.cc:182) Processed features for key sp1.1-SuiSiann_2581
sox WARN wav: Length in output .wav header will be wrong since can't seek to fix it
VLOG[1] (compute-kaldi-pitch-feats[5.5.1049~1-4592c5]:Read():wave-reader.cc:249) Read in RIFF chunk size: 2147479588, data chunk size: 2147479552. Assume 'stream mode' (reading data to EOF).
sox WARN wav: Length in output .wav header will be wrong since can't seek to fix it
VLOG[1] (compute-mfcc-feats[5.5.1049~1-4592c5]:Read():wave-reader.cc:249) Read in RIFF chunk size: 2147479588, data chunk size: 2147479552. Assume 'stream mode' (reading data to EOF).
sox WARN wav: Length in output .wav header will be wrong since can't seek to fix it
VLOG[1] (compute-kaldi-pitch-feats[5.5.1049~1-4592c5]:Read():wave-reader.cc:249) Read in RIFF chunk size: 2147479588, data chunk size: 2147479552. Assume 'stream mode' (reading data to EOF).
VLOG[2] (compute-mfcc-feats[5.5.1049~1-4592c5]:main():compute-mfcc-feats.cc:182) Processed features for key sp1.1-SuiSiann_2582
sox WARN wav: Length in output .wav header will be wrong since can't seek to fix it
VLOG[1] (compute-mfcc-feats[5.5.1049~1-4592c5]:Read():wave-reader.cc:249) Read in RIFF chunk size: 2147479588, data chunk size: 2147479552. Assume 'stream mode' (reading data to EOF).
sox WARN wav: Length in output .wav header will be wrong since can't seek to fix it
VLOG[1] (compute-kaldi-pitch-feats[5.5.1049~1-4592c5]:Read():wave-reader.cc:249) Read in RIFF chunk size: 2147479588, data chunk size: 2147479552. Assume 'stream mode' (reading data to EOF).
VLOG[2] (compute-mfcc-feats[5.5.1049~1-4592c5]:main():compute-mfcc-feats.cc:182) Processed features for key sp1.1-SuiSiann_2585
sox WARN wav: Length in output .wav header will be wrong since can't seek to fix it
VLOG[1] (compute-mfcc-feats[5.5.1049~1-4592c5]:Read():wave-reader.cc:249) Read in RIFF chunk size: 2147479588, data chunk size: 2147479552. Assume 'stream mode' (reading data to EOF).
VLOG[2] (compute-mfcc-feats[5.5.1049~1-4592c5]:main():compute-mfcc-feats.cc:182) Processed features for key sp1.1-SuiSiann_2586
sox WARN wav: Length in output .wav header will be wrong since can't seek to fix it
VLOG[1] (compute-kaldi-pitch-feats[5.5.1049~1-4592c5]:Read():wave-reader.cc:249) Read in RIFF chunk size: 2147479588, data chunk size: 2147479552. Assume 'stream mode' (reading data to EOF).
sox WARN wav: Length in output .wav header will be wrong since can't seek to fix it
VLOG[1] (compute-mfcc-feats[5.5.1049~1-4592c5]:Read():wave-reader.cc:249) Read in RIFF chunk size: 2147479588, data chunk size: 2147479552. Assume 'stream mode' (reading data to EOF).
VLOG[2] (compute-mfcc-feats[5.5.1049~1-4592c5]:main():compute-mfcc-feats.cc:182) Processed features for key sp1.1-SuiSiann_2587
sox WARN wav: Length in output .wav header will be wrong since can't seek to fix it
VLOG[1] (compute-mfcc-feats[5.5.1049~1-4592c5]:Read():wave-reader.cc:249) Read in RIFF chunk size: 2147479588, data chunk size: 2147479552. Assume 'stream mode' (reading data to EOF).
VLOG[2] (compute-mfcc-feats[5.5.1049~1-4592c5]:main():compute-mfcc-feats.cc:182) Processed features for key sp1.1-SuiSiann_2588
sox WARN wav: Length in output .wav header will be wrong since can't seek to fix it
VLOG[1] (compute-kaldi-pitch-feats[5.5.1049~1-4592c5]:Read():wave-reader.cc:249) Read in RIFF chunk size: 2147479588, data chunk size: 2147479552. Assume 'stream mode' (reading data to EOF).
sox WARN wav: Length in output .wav header will be wrong since can't seek to fix it
VLOG[1] (compute-mfcc-feats[5.5.1049~1-4592c5]:Read():wave-reader.cc:249) Read in RIFF chunk size: 2147479588, data chunk size: 2147479552. Assume 'stream mode' (reading data to EOF).
VLOG[2] (compute-mfcc-feats[5.5.1049~1-4592c5]:main():compute-mfcc-feats.cc:182) Processed features for key sp1.1-SuiSiann_2589
sox WARN wav: Length in output .wav header will be wrong since can't seek to fix it
VLOG[1] (compute-mfcc-feats[5.5.1049~1-4592c5]:Read():wave-reader.cc:249) Read in RIFF chunk size: 2147479588, data chunk size: 2147479552. Assume 'stream mode' (reading data to EOF).
VLOG[2] (compute-mfcc-feats[5.5.1049~1-4592c5]:main():compute-mfcc-feats.cc:182) Processed features for key sp1.1-SuiSiann_2591
sox WARN wav: Length in output .wav header will be wrong since can't seek to fix it
VLOG[1] (compute-mfcc-feats[5.5.1049~1-4592c5]:Read():wave-reader.cc:249) Read in RIFF chunk size: 2147479588, data chunk size: 2147479552. Assume 'stream mode' (reading data to EOF).
sox WARN wav: Length in output .wav header will be wrong since can't seek to fix it
VLOG[1] (compute-kaldi-pitch-feats[5.5.1049~1-4592c5]:Read():wave-reader.cc:249) Read in RIFF chunk size: 2147479588, data chunk size: 2147479552. Assume 'stream mode' (reading data to EOF).
VLOG[2] (compute-mfcc-feats[5.5.1049~1-4592c5]:main():compute-mfcc-feats.cc:182) Processed features for key sp1.1-SuiSiann_2592
sox WARN wav: Length in output .wav header will be wrong since can't seek to fix it
VLOG[1] (compute-kaldi-pitch-feats[5.5.1049~1-4592c5]:Read():wave-reader.cc:249) Read in RIFF chunk size: 2147479588, data chunk size: 2147479552. Assume 'stream mode' (reading data to EOF).
sox WARN wav: Length in output .wav header will be wrong since can't seek to fix it
sox WARN wav: Length in output .wav header will be wrong since can't seek to fix it
VLOG[1] (compute-kaldi-pitch-feats[5.5.1049~1-4592c5]:Read():wave-reader.cc:249) Read in RIFF chunk size: 2147479588, data chunk size: 2147479552. Assume 'stream mode' (reading data to EOF).
VLOG[1] (compute-mfcc-feats[5.5.1049~1-4592c5]:Read():wave-reader.cc:249) Read in RIFF chunk size: 2147479588, data chunk size: 2147479552. Assume 'stream mode' (reading data to EOF).
sox WARN wav: Length in output .wav header will be wrong since can't seek to fix it
VLOG[1] (compute-kaldi-pitch-feats[5.5.1049~1-4592c5]:Read():wave-reader.cc:249) Read in RIFF chunk size: 2147479588, data chunk size: 2147479552. Assume 'stream mode' (reading data to EOF).
VLOG[2] (compute-mfcc-feats[5.5.1049~1-4592c5]:main():compute-mfcc-feats.cc:182) Processed features for key sp1.1-SuiSiann_2593
sox WARN wav: Length in output .wav header will be wrong since can't seek to fix it
VLOG[1] (compute-mfcc-feats[5.5.1049~1-4592c5]:Read():wave-reader.cc:249) Read in RIFF chunk size: 2147479588, data chunk size: 2147479552. Assume 'stream mode' (reading data to EOF).
LOG (compute-mfcc-feats[5.5.1049~1-4592c5]:main():compute-mfcc-feats.cc:181) Processed 40 utterances
VLOG[2] (compute-mfcc-feats[5.5.1049~1-4592c5]:main():compute-mfcc-feats.cc:182) Processed features for key sp1.1-SuiSiann_2595
sox WARN wav: Length in output .wav header will be wrong since can't seek to fix it
sox WARN wav: Length in output .wav header will be wrong since can't seek to fix it
VLOG[1] (compute-kaldi-pitch-feats[5.5.1049~1-4592c5]:Read():wave-reader.cc:249) Read in RIFF chunk size: 2147479588, data chunk size: 2147479552. Assume 'stream mode' (reading data to EOF).
VLOG[1] (compute-mfcc-feats[5.5.1049~1-4592c5]:Read():wave-reader.cc:249) Read in RIFF chunk size: 2147479588, data chunk size: 2147479552. Assume 'stream mode' (reading data to EOF).
sox WARN wav: Length in output .wav header will be wrong since can't seek to fix it
VLOG[1] (compute-kaldi-pitch-feats[5.5.1049~1-4592c5]:Read():wave-reader.cc:249) Read in RIFF chunk size: 2147479588, data chunk size: 2147479552. Assume 'stream mode' (reading data to EOF).
VLOG[2] (compute-mfcc-feats[5.5.1049~1-4592c5]:main():compute-mfcc-feats.cc:182) Processed features for key sp1.1-SuiSiann_2597
sox WARN wav: Length in output .wav header will be wrong since can't seek to fix it
VLOG[1] (compute-mfcc-feats[5.5.1049~1-4592c5]:Read():wave-reader.cc:249) Read in RIFF chunk size: 2147479588, data chunk size: 2147479552. Assume 'stream mode' (reading data to EOF).
VLOG[2] (compute-mfcc-feats[5.5.1049~1-4592c5]:main():compute-mfcc-feats.cc:182) Processed features for key sp1.1-SuiSiann_2598
sox WARN wav: Length in output .wav header will be wrong since can't seek to fix it
sox WARN wav: Length in output .wav header will be wrong since can't seek to fix it
VLOG[1] (compute-mfcc-feats[5.5.1049~1-4592c5]:Read():wave-reader.cc:249) Read in RIFF chunk size: 2147479588, data chunk size: 2147479552. Assume 'stream mode' (reading data to EOF).
VLOG[2] (compute-mfcc-feats[5.5.1049~1-4592c5]:main():compute-mfcc-feats.cc:182) Processed features for key sp1.1-SuiSiann_2604
VLOG[1] (compute-kaldi-pitch-feats[5.5.1049~1-4592c5]:Read():wave-reader.cc:249) Read in RIFF chunk size: 2147479588, data chunk size: 2147479552. Assume 'stream mode' (reading data to EOF).
sox WARN wav: Length in output .wav header will be wrong since can't seek to fix it
VLOG[1] (compute-kaldi-pitch-feats[5.5.1049~1-4592c5]:Read():wave-reader.cc:249) Read in RIFF chunk size: 2147479588, data chunk size: 2147479552. Assume 'stream mode' (reading data to EOF).
sox WARN wav: Length in output .wav header will be wrong since can't seek to fix it
VLOG[1] (compute-mfcc-feats[5.5.1049~1-4592c5]:Read():wave-reader.cc:249) Read in RIFF chunk size: 2147479588, data chunk size: 2147479552. Assume 'stream mode' (reading data to EOF).
VLOG[2] (compute-mfcc-feats[5.5.1049~1-4592c5]:main():compute-mfcc-feats.cc:182) Processed features for key sp1.1-SuiSiann_2605
sox WARN wav: Length in output .wav header will be wrong since can't seek to fix it
VLOG[1] (compute-mfcc-feats[5.5.1049~1-4592c5]:Read():wave-reader.cc:249) Read in RIFF chunk size: 2147479588, data chunk size: 2147479552. Assume 'stream mode' (reading data to EOF).
sox WARN wav: Length in output .wav header will be wrong since can't seek to fix it
VLOG[1] (compute-kaldi-pitch-feats[5.5.1049~1-4592c5]:Read():wave-reader.cc:249) Read in RIFF chunk size: 2147479588, data chunk size: 2147479552. Assume 'stream mode' (reading data to EOF).
VLOG[2] (compute-mfcc-feats[5.5.1049~1-4592c5]:main():compute-mfcc-feats.cc:182) Processed features for key sp1.1-SuiSiann_2607
sox WARN wav: Length in output .wav header will be wrong since can't seek to fix it
VLOG[1] (compute-mfcc-feats[5.5.1049~1-4592c5]:Read():wave-reader.cc:249) Read in RIFF chunk size: 2147479588, data chunk size: 2147479552. Assume 'stream mode' (reading data to EOF).
VLOG[2] (compute-mfcc-feats[5.5.1049~1-4592c5]:main():compute-mfcc-feats.cc:182) Processed features for key sp1.1-SuiSiann_2609
sox WARN wav: Length in output .wav header will be wrong since can't seek to fix it
VLOG[1] (compute-mfcc-feats[5.5.1049~1-4592c5]:Read():wave-reader.cc:249) Read in RIFF chunk size: 2147479588, data chunk size: 2147479552. Assume 'stream mode' (reading data to EOF).
sox WARN wav: Length in output .wav header will be wrong since can't seek to fix it
VLOG[1] (compute-kaldi-pitch-feats[5.5.1049~1-4592c5]:Read():wave-reader.cc:249) Read in RIFF chunk size: 2147479588, data chunk size: 2147479552. Assume 'stream mode' (reading data to EOF).
sox WARN wav: Length in output .wav header will be wrong since can't seek to fix it
VLOG[1] (compute-kaldi-pitch-feats[5.5.1049~1-4592c5]:Read():wave-reader.cc:249) Read in RIFF chunk size: 2147479588, data chunk size: 2147479552. Assume 'stream mode' (reading data to EOF).
VLOG[2] (compute-mfcc-feats[5.5.1049~1-4592c5]:main():compute-mfcc-feats.cc:182) Processed features for key sp1.1-SuiSiann_2611
sox WARN wav: Length in output .wav header will be wrong since can't seek to fix it
VLOG[1] (compute-mfcc-feats[5.5.1049~1-4592c5]:Read():wave-reader.cc:249) Read in RIFF chunk size: 2147479588, data chunk size: 2147479552. Assume 'stream mode' (reading data to EOF).
sox WARN wav: Length in output .wav header will be wrong since can't seek to fix it
VLOG[1] (compute-kaldi-pitch-feats[5.5.1049~1-4592c5]:Read():wave-reader.cc:249) Read in RIFF chunk size: 2147479588, data chunk size: 2147479552. Assume 'stream mode' (reading data to EOF).
VLOG[2] (compute-mfcc-feats[5.5.1049~1-4592c5]:main():compute-mfcc-feats.cc:182) Processed features for key sp1.1-SuiSiann_2612
sox WARN wav: Length in output .wav header will be wrong since can't seek to fix it
sox WARN wav: Length in output .wav header will be wrong since can't seek to fix it
VLOG[1] (compute-kaldi-pitch-feats[5.5.1049~1-4592c5]:Read():wave-reader.cc:249) Read in RIFF chunk size: 2147479588, data chunk size: 2147479552. Assume 'stream mode' (reading data to EOF).
VLOG[1] (compute-mfcc-feats[5.5.1049~1-4592c5]:Read():wave-reader.cc:249) Read in RIFF chunk size: 2147479588, data chunk size: 2147479552. Assume 'stream mode' (reading data to EOF).
sox WARN wav: Length in output .wav header will be wrong since can't seek to fix it
VLOG[1] (compute-kaldi-pitch-feats[5.5.1049~1-4592c5]:Read():wave-reader.cc:249) Read in RIFF chunk size: 2147479588, data chunk size: 2147479552. Assume 'stream mode' (reading data to EOF).
VLOG[2] (compute-mfcc-feats[5.5.1049~1-4592c5]:main():compute-mfcc-feats.cc:182) Processed features for key sp1.1-SuiSiann_2613
sox WARN wav: Length in output .wav header will be wrong since can't seek to fix it
VLOG[1] (compute-mfcc-feats[5.5.1049~1-4592c5]:Read():wave-reader.cc:249) Read in RIFF chunk size: 2147479588, data chunk size: 2147479552. Assume 'stream mode' (reading data to EOF).
sox WARN wav: Length in output .wav header will be wrong since can't seek to fix it
VLOG[1] (compute-kaldi-pitch-feats[5.5.1049~1-4592c5]:Read():wave-reader.cc:249) Read in RIFF chunk size: 2147479588, data chunk size: 2147479552. Assume 'stream mode' (reading data to EOF).
LOG (compute-mfcc-feats[5.5.1049~1-4592c5]:main():compute-mfcc-feats.cc:181) Processed 50 utterances
VLOG[2] (compute-mfcc-feats[5.5.1049~1-4592c5]:main():compute-mfcc-feats.cc:182) Processed features for key sp1.1-SuiSiann_2614
sox WARN wav: Length in output .wav header will be wrong since can't seek to fix it
VLOG[1] (compute-mfcc-feats[5.5.1049~1-4592c5]:Read():wave-reader.cc:249) Read in RIFF chunk size: 2147479588, data chunk size: 2147479552. Assume 'stream mode' (reading data to EOF).
VLOG[2] (compute-mfcc-feats[5.5.1049~1-4592c5]:main():compute-mfcc-feats.cc:182) Processed features for key sp1.1-SuiSiann_2615
sox WARN wav: Length in output .wav header will be wrong since can't seek to fix it
VLOG[1] (compute-mfcc-feats[5.5.1049~1-4592c5]:Read():wave-reader.cc:249) Read in RIFF chunk size: 2147479588, data chunk size: 2147479552. Assume 'stream mode' (reading data to EOF).
sox WARN wav: Length in output .wav header will be wrong since can't seek to fix it
VLOG[1] (compute-kaldi-pitch-feats[5.5.1049~1-4592c5]:Read():wave-reader.cc:249) Read in RIFF chunk size: 2147479588, data chunk size: 2147479552. Assume 'stream mode' (reading data to EOF).
VLOG[2] (compute-mfcc-feats[5.5.1049~1-4592c5]:main():compute-mfcc-feats.cc:182) Processed features for key sp1.1-SuiSiann_2617
sox WARN wav: Length in output .wav header will be wrong since can't seek to fix it
VLOG[1] (compute-mfcc-feats[5.5.1049~1-4592c5]:Read():wave-reader.cc:249) Read in RIFF chunk size: 2147479588, data chunk size: 2147479552. Assume 'stream mode' (reading data to EOF).
VLOG[2] (compute-mfcc-feats[5.5.1049~1-4592c5]:main():compute-mfcc-feats.cc:182) Processed features for key sp1.1-SuiSiann_2618
sox WARN wav: Length in output .wav header will be wrong since can't seek to fix it
VLOG[1] (compute-mfcc-feats[5.5.1049~1-4592c5]:Read():wave-reader.cc:249) Read in RIFF chunk size: 2147479588, data chunk size: 2147479552. Assume 'stream mode' (reading data to EOF).
sox WARN wav: Length in output .wav header will be wrong since can't seek to fix it
VLOG[1] (compute-kaldi-pitch-feats[5.5.1049~1-4592c5]:Read():wave-reader.cc:249) Read in RIFF chunk size: 2147479588, data chunk size: 2147479552. Assume 'stream mode' (reading data to EOF).
VLOG[2] (compute-mfcc-feats[5.5.1049~1-4592c5]:main():compute-mfcc-feats.cc:182) Processed features for key sp1.1-SuiSiann_2623
sox WARN wav: Length in output .wav header will be wrong since can't seek to fix it
VLOG[1] (compute-mfcc-feats[5.5.1049~1-4592c5]:Read():wave-reader.cc:249) Read in RIFF chunk size: 2147479588, data chunk size: 2147479552. Assume 'stream mode' (reading data to EOF).
sox WARN wav: Length in output .wav header will be wrong since can't seek to fix it
VLOG[1] (compute-kaldi-pitch-feats[5.5.1049~1-4592c5]:Read():wave-reader.cc:249) Read in RIFF chunk size: 2147479588, data chunk size: 2147479552. Assume 'stream mode' (reading data to EOF).
VLOG[2] (compute-kaldi-pitch-feats[5.5.1049~1-4592c5]:main():compute-kaldi-pitch-feats.cc:107) Processed 50 utterances
VLOG[2] (compute-mfcc-feats[5.5.1049~1-4592c5]:main():compute-mfcc-feats.cc:182) Processed features for key sp1.1-SuiSiann_2624
sox WARN wav: Length in output .wav header will be wrong since can't seek to fix it
VLOG[1] (compute-mfcc-feats[5.5.1049~1-4592c5]:Read():wave-reader.cc:249) Read in RIFF chunk size: 2147479588, data chunk size: 2147479552. Assume 'stream mode' (reading data to EOF).
sox WARN wav: Length in output .wav header will be wrong since can't seek to fix it
VLOG[1] (compute-kaldi-pitch-feats[5.5.1049~1-4592c5]:Read():wave-reader.cc:249) Read in RIFF chunk size: 2147479588, data chunk size: 2147479552. Assume 'stream mode' (reading data to EOF).
sox WARN wav: Length in output .wav header will be wrong since can't seek to fix it
VLOG[1] (compute-kaldi-pitch-feats[5.5.1049~1-4592c5]:Read():wave-reader.cc:249) Read in RIFF chunk size: 2147479588, data chunk size: 2147479552. Assume 'stream mode' (reading data to EOF).
sox WARN wav: Length in output .wav header will be wrong since can't seek to fix it
VLOG[1] (compute-kaldi-pitch-feats[5.5.1049~1-4592c5]:Read():wave-reader.cc:249) Read in RIFF chunk size: 2147479588, data chunk size: 2147479552. Assume 'stream mode' (reading data to EOF).
VLOG[2] (compute-mfcc-feats[5.5.1049~1-4592c5]:main():compute-mfcc-feats.cc:182) Processed features for key sp1.1-SuiSiann_2625
sox WARN wav: Length in output .wav header will be wrong since can't seek to fix it
VLOG[1] (compute-mfcc-feats[5.5.1049~1-4592c5]:Read():wave-reader.cc:249) Read in RIFF chunk size: 2147479588, data chunk size: 2147479552. Assume 'stream mode' (reading data to EOF).
sox WARN wav: Length in output .wav header will be wrong since can't seek to fix it
VLOG[1] (compute-kaldi-pitch-feats[5.5.1049~1-4592c5]:Read():wave-reader.cc:249) Read in RIFF chunk size: 2147479588, data chunk size: 2147479552. Assume 'stream mode' (reading data to EOF).
sox WARN wav: Length in output .wav header will be wrong since can't seek to fix it
VLOG[1] (compute-kaldi-pitch-feats[5.5.1049~1-4592c5]:Read():wave-reader.cc:249) Read in RIFF chunk size: 2147479588, data chunk size: 2147479552. Assume 'stream mode' (reading data to EOF).
VLOG[2] (compute-mfcc-feats[5.5.1049~1-4592c5]:main():compute-mfcc-feats.cc:182) Processed features for key sp1.1-SuiSiann_2626
sox WARN wav: Length in output .wav header will be wrong since can't seek to fix it
VLOG[1] (compute-mfcc-feats[5.5.1049~1-4592c5]:Read():wave-reader.cc:249) Read in RIFF chunk size: 2147479588, data chunk size: 2147479552. Assume 'stream mode' (reading data to EOF).
sox WARN wav: Length in output .wav header will be wrong since can't seek to fix it
VLOG[2] (compute-mfcc-feats[5.5.1049~1-4592c5]:main():compute-mfcc-feats.cc:182) Processed features for key sp1.1-SuiSiann_2627
VLOG[1] (compute-kaldi-pitch-feats[5.5.1049~1-4592c5]:Read():wave-reader.cc:249) Read in RIFF chunk size: 2147479588, data chunk size: 2147479552. Assume 'stream mode' (reading data to EOF).
sox WARN wav: Length in output .wav header will be wrong since can't seek to fix it
VLOG[1] (compute-mfcc-feats[5.5.1049~1-4592c5]:Read():wave-reader.cc:249) Read in RIFF chunk size: 2147479588, data chunk size: 2147479552. Assume 'stream mode' (reading data to EOF).
VLOG[2] (compute-mfcc-feats[5.5.1049~1-4592c5]:main():compute-mfcc-feats.cc:182) Processed features for key sp1.1-SuiSiann_2628
sox WARN wav: Length in output .wav header will be wrong since can't seek to fix it
VLOG[1] (compute-kaldi-pitch-feats[5.5.1049~1-4592c5]:Read():wave-reader.cc:249) Read in RIFF chunk size: 2147479588, data chunk size: 2147479552. Assume 'stream mode' (reading data to EOF).
sox WARN wav: Length in output .wav header will be wrong since can't seek to fix it
VLOG[1] (compute-mfcc-feats[5.5.1049~1-4592c5]:Read():wave-reader.cc:249) Read in RIFF chunk size: 2147479588, data chunk size: 2147479552. Assume 'stream mode' (reading data to EOF).
LOG (compute-mfcc-feats[5.5.1049~1-4592c5]:main():compute-mfcc-feats.cc:181) Processed 60 utterances
VLOG[2] (compute-mfcc-feats[5.5.1049~1-4592c5]:main():compute-mfcc-feats.cc:182) Processed features for key sp1.1-SuiSiann_2629
sox WARN wav: Length in output .wav header will be wrong since can't seek to fix it
VLOG[1] (compute-mfcc-feats[5.5.1049~1-4592c5]:Read():wave-reader.cc:249) Read in RIFF chunk size: 2147479588, data chunk size: 2147479552. Assume 'stream mode' (reading data to EOF).
sox WARN wav: Length in output .wav header will be wrong since can't seek to fix it
VLOG[1] (compute-kaldi-pitch-feats[5.5.1049~1-4592c5]:Read():wave-reader.cc:249) Read in RIFF chunk size: 2147479588, data chunk size: 2147479552. Assume 'stream mode' (reading data to EOF).
VLOG[2] (compute-mfcc-feats[5.5.1049~1-4592c5]:main():compute-mfcc-feats.cc:182) Processed features for key sp1.1-SuiSiann_2630
sox WARN wav: Length in output .wav header will be wrong since can't seek to fix it
VLOG[1] (compute-mfcc-feats[5.5.1049~1-4592c5]:Read():wave-reader.cc:249) Read in RIFF chunk size: 2147479588, data chunk size: 2147479552. Assume 'stream mode' (reading data to EOF).
sox WARN wav: Length in output .wav header will be wrong since can't seek to fix it
VLOG[1] (compute-kaldi-pitch-feats[5.5.1049~1-4592c5]:Read():wave-reader.cc:249) Read in RIFF chunk size: 2147479588, data chunk size: 2147479552. Assume 'stream mode' (reading data to EOF).
sox WARN wav: Length in output .wav header will be wrong since can't seek to fix it
VLOG[1] (compute-kaldi-pitch-feats[5.5.1049~1-4592c5]:Read():wave-reader.cc:249) Read in RIFF chunk size: 2147479588, data chunk size: 2147479552. Assume 'stream mode' (reading data to EOF).
VLOG[2] (compute-mfcc-feats[5.5.1049~1-4592c5]:main():compute-mfcc-feats.cc:182) Processed features for key sp1.1-SuiSiann_2631
sox WARN wav: Length in output .wav header will be wrong since can't seek to fix it
VLOG[1] (compute-mfcc-feats[5.5.1049~1-4592c5]:Read():wave-reader.cc:249) Read in RIFF chunk size: 2147479588, data chunk size: 2147479552. Assume 'stream mode' (reading data to EOF).
sox WARN wav: Length in output .wav header will be wrong since can't seek to fix it
VLOG[1] (compute-kaldi-pitch-feats[5.5.1049~1-4592c5]:Read():wave-reader.cc:249) Read in RIFF chunk size: 2147479588, data chunk size: 2147479552. Assume 'stream mode' (reading data to EOF).
VLOG[2] (compute-mfcc-feats[5.5.1049~1-4592c5]:main():compute-mfcc-feats.cc:182) Processed features for key sp1.1-SuiSiann_2632
sox WARN wav: Length in output .wav header will be wrong since can't seek to fix it
VLOG[1] (compute-mfcc-feats[5.5.1049~1-4592c5]:Read():wave-reader.cc:249) Read in RIFF chunk size: 2147479588, data chunk size: 2147479552. Assume 'stream mode' (reading data to EOF).
sox WARN wav: Length in output .wav header will be wrong since can't seek to fix it
VLOG[1] (compute-kaldi-pitch-feats[5.5.1049~1-4592c5]:Read():wave-reader.cc:249) Read in RIFF chunk size: 2147479588, data chunk size: 2147479552. Assume 'stream mode' (reading data to EOF).
VLOG[2] (compute-mfcc-feats[5.5.1049~1-4592c5]:main():compute-mfcc-feats.cc:182) Processed features for key sp1.1-SuiSiann_2634
sox WARN wav: Length in output .wav header will be wrong since can't seek to fix it
VLOG[1] (compute-mfcc-feats[5.5.1049~1-4592c5]:Read():wave-reader.cc:249) Read in RIFF chunk size: 2147479588, data chunk size: 2147479552. Assume 'stream mode' (reading data to EOF).
VLOG[2] (compute-mfcc-feats[5.5.1049~1-4592c5]:main():compute-mfcc-feats.cc:182) Processed features for key sp1.1-SuiSiann_2636
sox WARN wav: Length in output .wav header will be wrong since can't seek to fix it
VLOG[1] (compute-mfcc-feats[5.5.1049~1-4592c5]:Read():wave-reader.cc:249) Read in RIFF chunk size: 2147479588, data chunk size: 2147479552. Assume 'stream mode' (reading data to EOF).
VLOG[2] (compute-mfcc-feats[5.5.1049~1-4592c5]:main():compute-mfcc-feats.cc:182) Processed features for key sp1.1-SuiSiann_2638
sox WARN wav: Length in output .wav header will be wrong since can't seek to fix it
VLOG[1] (compute-kaldi-pitch-feats[5.5.1049~1-4592c5]:Read():wave-reader.cc:249) Read in RIFF chunk size: 2147479588, data chunk size: 2147479552. Assume 'stream mode' (reading data to EOF).
sox WARN wav: Length in output .wav header will be wrong since can't seek to fix it
VLOG[1] (compute-mfcc-feats[5.5.1049~1-4592c5]:Read():wave-reader.cc:249) Read in RIFF chunk size: 2147479588, data chunk size: 2147479552. Assume 'stream mode' (reading data to EOF).
sox WARN wav: Length in output .wav header will be wrong since can't seek to fix it
VLOG[1] (compute-kaldi-pitch-feats[5.5.1049~1-4592c5]:Read():wave-reader.cc:249) Read in RIFF chunk size: 2147479588, data chunk size: 2147479552. Assume 'stream mode' (reading data to EOF).
VLOG[2] (compute-mfcc-feats[5.5.1049~1-4592c5]:main():compute-mfcc-feats.cc:182) Processed features for key sp1.1-SuiSiann_2639
sox WARN wav: Length in output .wav header will be wrong since can't seek to fix it
VLOG[1] (compute-kaldi-pitch-feats[5.5.1049~1-4592c5]:Read():wave-reader.cc:249) Read in RIFF chunk size: 2147479588, data chunk size: 2147479552. Assume 'stream mode' (reading data to EOF).
sox WARN wav: Length in output .wav header will be wrong since can't seek to fix it
VLOG[1] (compute-kaldi-pitch-feats[5.5.1049~1-4592c5]:Read():wave-reader.cc:249) Read in RIFF chunk size: 2147479588, data chunk size: 2147479552. Assume 'stream mode' (reading data to EOF).
sox WARN wav: Length in output .wav header will be wrong since can't seek to fix it
VLOG[1] (compute-mfcc-feats[5.5.1049~1-4592c5]:Read():wave-reader.cc:249) Read in RIFF chunk size: 2147479588, data chunk size: 2147479552. Assume 'stream mode' (reading data to EOF).
VLOG[2] (compute-mfcc-feats[5.5.1049~1-4592c5]:main():compute-mfcc-feats.cc:182) Processed features for key sp1.1-SuiSiann_2640
sox WARN wav: Length in output .wav header will be wrong since can't seek to fix it
sox WARN wav: Length in output .wav header will be wrong since can't seek to fix it
VLOG[1] (compute-mfcc-feats[5.5.1049~1-4592c5]:Read():wave-reader.cc:249) Read in RIFF chunk size: 2147479588, data chunk size: 2147479552. Assume 'stream mode' (reading data to EOF).
VLOG[1] (compute-kaldi-pitch-feats[5.5.1049~1-4592c5]:Read():wave-reader.cc:249) Read in RIFF chunk size: 2147479588, data chunk size: 2147479552. Assume 'stream mode' (reading data to EOF).
VLOG[2] (compute-mfcc-feats[5.5.1049~1-4592c5]:main():compute-mfcc-feats.cc:182) Processed features for key sp1.1-SuiSiann_2642
sox WARN wav: Length in output .wav header will be wrong since can't seek to fix it
VLOG[1] (compute-kaldi-pitch-feats[5.5.1049~1-4592c5]:Read():wave-reader.cc:249) Read in RIFF chunk size: 2147479588, data chunk size: 2147479552. Assume 'stream mode' (reading data to EOF).
sox WARN wav: Length in output .wav header will be wrong since can't seek to fix it
VLOG[1] (compute-kaldi-pitch-feats[5.5.1049~1-4592c5]:Read():wave-reader.cc:249) Read in RIFF chunk size: 2147479588, data chunk size: 2147479552. Assume 'stream mode' (reading data to EOF).
sox WARN wav: Length in output .wav header will be wrong since can't seek to fix it
VLOG[1] (compute-mfcc-feats[5.5.1049~1-4592c5]:Read():wave-reader.cc:249) Read in RIFF chunk size: 2147479588, data chunk size: 2147479552. Assume 'stream mode' (reading data to EOF).
LOG (compute-mfcc-feats[5.5.1049~1-4592c5]:main():compute-mfcc-feats.cc:181) Processed 70 utterances
VLOG[2] (compute-mfcc-feats[5.5.1049~1-4592c5]:main():compute-mfcc-feats.cc:182) Processed features for key sp1.1-SuiSiann_2644
sox WARN wav: Length in output .wav header will be wrong since can't seek to fix it
VLOG[1] (compute-mfcc-feats[5.5.1049~1-4592c5]:Read():wave-reader.cc:249) Read in RIFF chunk size: 2147479588, data chunk size: 2147479552. Assume 'stream mode' (reading data to EOF).
sox WARN wav: Length in output .wav header will be wrong since can't seek to fix it
VLOG[1] (compute-kaldi-pitch-feats[5.5.1049~1-4592c5]:Read():wave-reader.cc:249) Read in RIFF chunk size: 2147479588, data chunk size: 2147479552. Assume 'stream mode' (reading data to EOF).
VLOG[2] (compute-mfcc-feats[5.5.1049~1-4592c5]:main():compute-mfcc-feats.cc:182) Processed features for key sp1.1-SuiSiann_2645
sox WARN wav: Length in output .wav header will be wrong since can't seek to fix it
VLOG[1] (compute-mfcc-feats[5.5.1049~1-4592c5]:Read():wave-reader.cc:249) Read in RIFF chunk size: 2147479588, data chunk size: 2147479552. Assume 'stream mode' (reading data to EOF).
VLOG[2] (compute-mfcc-feats[5.5.1049~1-4592c5]:main():compute-mfcc-feats.cc:182) Processed features for key sp1.1-SuiSiann_2647
sox WARN wav: Length in output .wav header will be wrong since can't seek to fix it
VLOG[1] (compute-mfcc-feats[5.5.1049~1-4592c5]:Read():wave-reader.cc:249) Read in RIFF chunk size: 2147479588, data chunk size: 2147479552. Assume 'stream mode' (reading data to EOF).
sox WARN wav: Length in output .wav header will be wrong since can't seek to fix it
VLOG[2] (compute-mfcc-feats[5.5.1049~1-4592c5]:main():compute-mfcc-feats.cc:182) Processed features for key sp1.1-SuiSiann_2648
VLOG[1] (compute-kaldi-pitch-feats[5.5.1049~1-4592c5]:Read():wave-reader.cc:249) Read in RIFF chunk size: 2147479588, data chunk size: 2147479552. Assume 'stream mode' (reading data to EOF).
sox WARN wav: Length in output .wav header will be wrong since can't seek to fix it
VLOG[1] (compute-mfcc-feats[5.5.1049~1-4592c5]:Read():wave-reader.cc:249) Read in RIFF chunk size: 2147479588, data chunk size: 2147479552. Assume 'stream mode' (reading data to EOF).
VLOG[2] (compute-mfcc-feats[5.5.1049~1-4592c5]:main():compute-mfcc-feats.cc:182) Processed features for key sp1.1-SuiSiann_2650
sox WARN wav: Length in output .wav header will be wrong since can't seek to fix it
VLOG[1] (compute-kaldi-pitch-feats[5.5.1049~1-4592c5]:Read():wave-reader.cc:249) Read in RIFF chunk size: 2147479588, data chunk size: 2147479552. Assume 'stream mode' (reading data to EOF).
sox WARN wav: Length in output .wav header will be wrong since can't seek to fix it
VLOG[1] (compute-mfcc-feats[5.5.1049~1-4592c5]:Read():wave-reader.cc:249) Read in RIFF chunk size: 2147479588, data chunk size: 2147479552. Assume 'stream mode' (reading data to EOF).
VLOG[2] (compute-mfcc-feats[5.5.1049~1-4592c5]:main():compute-mfcc-feats.cc:182) Processed features for key sp1.1-SuiSiann_2651
sox WARN wav: Length in output .wav header will be wrong since can't seek to fix it
VLOG[1] (compute-kaldi-pitch-feats[5.5.1049~1-4592c5]:Read():wave-reader.cc:249) Read in RIFF chunk size: 2147479588, data chunk size: 2147479552. Assume 'stream mode' (reading data to EOF).
sox WARN wav: Length in output .wav header will be wrong since can't seek to fix it
VLOG[1] (compute-mfcc-feats[5.5.1049~1-4592c5]:Read():wave-reader.cc:249) Read in RIFF chunk size: 2147479588, data chunk size: 2147479552. Assume 'stream mode' (reading data to EOF).
VLOG[2] (compute-mfcc-feats[5.5.1049~1-4592c5]:main():compute-mfcc-feats.cc:182) Processed features for key sp1.1-SuiSiann_2652
sox WARN wav: Length in output .wav header will be wrong since can't seek to fix it
VLOG[1] (compute-mfcc-feats[5.5.1049~1-4592c5]:Read():wave-reader.cc:249) Read in RIFF chunk size: 2147479588, data chunk size: 2147479552. Assume 'stream mode' (reading data to EOF).
sox WARN wav: Length in output .wav header will be wrong since can't seek to fix it
VLOG[1] (compute-kaldi-pitch-feats[5.5.1049~1-4592c5]:Read():wave-reader.cc:249) Read in RIFF chunk size: 2147479588, data chunk size: 2147479552. Assume 'stream mode' (reading data to EOF).
sox WARN wav: Length in output .wav header will be wrong since can't seek to fix it
VLOG[1] (compute-kaldi-pitch-feats[5.5.1049~1-4592c5]:Read():wave-reader.cc:249) Read in RIFF chunk size: 2147479588, data chunk size: 2147479552. Assume 'stream mode' (reading data to EOF).
VLOG[2] (compute-mfcc-feats[5.5.1049~1-4592c5]:main():compute-mfcc-feats.cc:182) Processed features for key sp1.1-SuiSiann_2653
sox WARN wav: Length in output .wav header will be wrong since can't seek to fix it
sox WARN wav: Length in output .wav header will be wrong since can't seek to fix it
VLOG[1] (compute-kaldi-pitch-feats[5.5.1049~1-4592c5]:Read():wave-reader.cc:249) Read in RIFF chunk size: 2147479588, data chunk size: 2147479552. Assume 'stream mode' (reading data to EOF).
sox WARN wav: Length in output .wav header will be wrong since can't seek to fix it
VLOG[1] (compute-kaldi-pitch-feats[5.5.1049~1-4592c5]:Read():wave-reader.cc:249) Read in RIFF chunk size: 2147479588, data chunk size: 2147479552. Assume 'stream mode' (reading data to EOF).
VLOG[1] (compute-mfcc-feats[5.5.1049~1-4592c5]:Read():wave-reader.cc:249) Read in RIFF chunk size: 2147479588, data chunk size: 2147479552. Assume 'stream mode' (reading data to EOF).
VLOG[2] (compute-mfcc-feats[5.5.1049~1-4592c5]:main():compute-mfcc-feats.cc:182) Processed features for key sp1.1-SuiSiann_2654
sox WARN wav: Length in output .wav header will be wrong since can't seek to fix it
VLOG[1] (compute-kaldi-pitch-feats[5.5.1049~1-4592c5]:Read():wave-reader.cc:249) Read in RIFF chunk size: 2147479588, data chunk size: 2147479552. Assume 'stream mode' (reading data to EOF).
sox WARN wav: Length in output .wav header will be wrong since can't seek to fix it
VLOG[1] (compute-kaldi-pitch-feats[5.5.1049~1-4592c5]:Read():wave-reader.cc:249) Read in RIFF chunk size: 2147479588, data chunk size: 2147479552. Assume 'stream mode' (reading data to EOF).
sox WARN wav: Length in output .wav header will be wrong since can't seek to fix it
VLOG[1] (compute-mfcc-feats[5.5.1049~1-4592c5]:Read():wave-reader.cc:249) Read in RIFF chunk size: 2147479588, data chunk size: 2147479552. Assume 'stream mode' (reading data to EOF).
sox WARN wav: Length in output .wav header will be wrong since can't seek to fix it
VLOG[1] (compute-kaldi-pitch-feats[5.5.1049~1-4592c5]:Read():wave-reader.cc:249) Read in RIFF chunk size: 2147479588, data chunk size: 2147479552. Assume 'stream mode' (reading data to EOF).
LOG (compute-kaldi-pitch-feats[5.5.1049~1-4592c5]:main():compute-kaldi-pitch-feats.cc:110) Done 81 utterances, 0 with errors.
LOG (process-kaldi-pitch-feats[5.5.1049~1-4592c5]:main():process-kaldi-pitch-feats.cc:85) Post-processed pitch for 81 utterances.
VLOG[2] (compute-mfcc-feats[5.5.1049~1-4592c5]:main():compute-mfcc-feats.cc:182) Processed features for key sp1.1-SuiSiann_2655
sox WARN wav: Length in output .wav header will be wrong since can't seek to fix it
VLOG[1] (compute-mfcc-feats[5.5.1049~1-4592c5]:Read():wave-reader.cc:249) Read in RIFF chunk size: 2147479588, data chunk size: 2147479552. Assume 'stream mode' (reading data to EOF).
LOG (compute-mfcc-feats[5.5.1049~1-4592c5]:main():compute-mfcc-feats.cc:181) Processed 80 utterances
VLOG[2] (compute-mfcc-feats[5.5.1049~1-4592c5]:main():compute-mfcc-feats.cc:182) Processed features for key sp1.1-SuiSiann_2656
sox WARN wav: Length in output .wav header will be wrong since can't seek to fix it
VLOG[1] (compute-mfcc-feats[5.5.1049~1-4592c5]:Read():wave-reader.cc:249) Read in RIFF chunk size: 2147479588, data chunk size: 2147479552. Assume 'stream mode' (reading data to EOF).
VLOG[2] (compute-mfcc-feats[5.5.1049~1-4592c5]:main():compute-mfcc-feats.cc:182) Processed features for key sp1.1-SuiSiann_2659
LOG (compute-mfcc-feats[5.5.1049~1-4592c5]:main():compute-mfcc-feats.cc:185)  Done 81 out of 81 utterances.
LOG (paste-feats[5.5.1049~1-4592c5]:main():paste-feats.cc:158) Done 81 utts, errors on 0
LOG (copy-feats[5.5.1049~1-4592c5]:main():copy-feats.cc:143) Copied 81 feature matrices.
# Accounting: time=2 threads=1
# Ended (code 0) at Wed Sep 28 18:22:01 CST 2022, elapsed time 2 seconds
