# paste-feats --length-tolerance=2 "ark:compute-mfcc-feats  --write-utt2dur=ark,t:exp/make_mfcc/train_sp/utt2dur.49 --verbose=2     --config=conf/mfcc.conf scp,p:exp/make_mfcc/train_sp/wav_train_sp.49.scp ark:- |" "ark,s,cs:compute-kaldi-pitch-feats --verbose=2       --config=conf/pitch.conf scp,p:exp/make_mfcc/train_sp/wav_train_sp.49.scp ark:- |     process-kaldi-pitch-feats  ark:- ark:- |" ark:- | copy-feats --compress=true --write-num-frames=ark,t:exp/make_mfcc/train_sp/utt2num_frames.49 ark:- ark,scp:/home/hcilab1/kaldi/egs/formosa/s5/mfcc_perturbed/raw_mfcc_pitch_train_sp.49.ark,/home/hcilab1/kaldi/egs/formosa/s5/mfcc_perturbed/raw_mfcc_pitch_train_sp.49.scp 
# Started at Wed Sep  7 20:38:00 CST 2022
#
copy-feats --compress=true --write-num-frames=ark,t:exp/make_mfcc/train_sp/utt2num_frames.49 ark:- ark,scp:/home/hcilab1/kaldi/egs/formosa/s5/mfcc_perturbed/raw_mfcc_pitch_train_sp.49.ark,/home/hcilab1/kaldi/egs/formosa/s5/mfcc_perturbed/raw_mfcc_pitch_train_sp.49.scp 
paste-feats --length-tolerance=2 'ark:compute-mfcc-feats  --write-utt2dur=ark,t:exp/make_mfcc/train_sp/utt2dur.49 --verbose=2     --config=conf/mfcc.conf scp,p:exp/make_mfcc/train_sp/wav_train_sp.49.scp ark:- |' 'ark,s,cs:compute-kaldi-pitch-feats --verbose=2       --config=conf/pitch.conf scp,p:exp/make_mfcc/train_sp/wav_train_sp.49.scp ark:- |     process-kaldi-pitch-feats  ark:- ark:- |' ark:- 
compute-mfcc-feats --write-utt2dur=ark,t:exp/make_mfcc/train_sp/utt2dur.49 --verbose=2 --config=conf/mfcc.conf scp,p:exp/make_mfcc/train_sp/wav_train_sp.49.scp ark:- 
sox WARN wav: Length in output .wav header will be wrong since can't seek to fix it
VLOG[1] (compute-mfcc-feats[5.5.1047~1-09a63]:Read():wave-reader.cc:249) Read in RIFF chunk size: 2147479588, data chunk size: 2147479552. Assume 'stream mode' (reading data to EOF).
VLOG[2] (compute-mfcc-feats[5.5.1047~1-09a63]:main():compute-mfcc-feats.cc:182) Processed features for key sp1.1-SuiSiann_1152
compute-kaldi-pitch-feats --verbose=2 --config=conf/pitch.conf scp,p:exp/make_mfcc/train_sp/wav_train_sp.49.scp ark:- 
sox WARN wav: Length in output .wav header will be wrong since can't seek to fix it
VLOG[1] (compute-mfcc-feats[5.5.1047~1-09a63]:Read():wave-reader.cc:249) Read in RIFF chunk size: 2147479588, data chunk size: 2147479552. Assume 'stream mode' (reading data to EOF).
sox WARN wav: Length in output .wav header will be wrong since can't seek to fix it
VLOG[1] (compute-kaldi-pitch-feats[5.5.1047~1-09a63]:Read():wave-reader.cc:249) Read in RIFF chunk size: 2147479588, data chunk size: 2147479552. Assume 'stream mode' (reading data to EOF).
process-kaldi-pitch-feats ark:- ark:- 
VLOG[2] (compute-mfcc-feats[5.5.1047~1-09a63]:main():compute-mfcc-feats.cc:182) Processed features for key sp1.1-SuiSiann_1153
sox WARN wav: Length in output .wav header will be wrong since can't seek to fix it
VLOG[1] (compute-mfcc-feats[5.5.1047~1-09a63]:Read():wave-reader.cc:249) Read in RIFF chunk size: 2147479588, data chunk size: 2147479552. Assume 'stream mode' (reading data to EOF).
sox WARN wav: Length in output .wav header will be wrong since can't seek to fix it
VLOG[1] (compute-kaldi-pitch-feats[5.5.1047~1-09a63]:Read():wave-reader.cc:249) Read in RIFF chunk size: 2147479588, data chunk size: 2147479552. Assume 'stream mode' (reading data to EOF).
VLOG[2] (compute-mfcc-feats[5.5.1047~1-09a63]:main():compute-mfcc-feats.cc:182) Processed features for key sp1.1-SuiSiann_1154
sox WARN wav: Length in output .wav header will be wrong since can't seek to fix it
VLOG[1] (compute-mfcc-feats[5.5.1047~1-09a63]:Read():wave-reader.cc:249) Read in RIFF chunk size: 2147479588, data chunk size: 2147479552. Assume 'stream mode' (reading data to EOF).
sox WARN wav: Length in output .wav header will be wrong since can't seek to fix it
VLOG[1] (compute-kaldi-pitch-feats[5.5.1047~1-09a63]:Read():wave-reader.cc:249) Read in RIFF chunk size: 2147479588, data chunk size: 2147479552. Assume 'stream mode' (reading data to EOF).
sox WARN wav: Length in output .wav header will be wrong since can't seek to fix it
VLOG[1] (compute-kaldi-pitch-feats[5.5.1047~1-09a63]:Read():wave-reader.cc:249) Read in RIFF chunk size: 2147479588, data chunk size: 2147479552. Assume 'stream mode' (reading data to EOF).
VLOG[2] (compute-mfcc-feats[5.5.1047~1-09a63]:main():compute-mfcc-feats.cc:182) Processed features for key sp1.1-SuiSiann_1155
sox WARN wav: Length in output .wav header will be wrong since can't seek to fix it
VLOG[1] (compute-mfcc-feats[5.5.1047~1-09a63]:Read():wave-reader.cc:249) Read in RIFF chunk size: 2147479588, data chunk size: 2147479552. Assume 'stream mode' (reading data to EOF).
VLOG[2] (compute-mfcc-feats[5.5.1047~1-09a63]:main():compute-mfcc-feats.cc:182) Processed features for key sp1.1-SuiSiann_1156
sox WARN wav: Length in output .wav header will be wrong since can't seek to fix it
VLOG[1] (compute-mfcc-feats[5.5.1047~1-09a63]:Read():wave-reader.cc:249) Read in RIFF chunk size: 2147479588, data chunk size: 2147479552. Assume 'stream mode' (reading data to EOF).
VLOG[2] (compute-mfcc-feats[5.5.1047~1-09a63]:main():compute-mfcc-feats.cc:182) Processed features for key sp1.1-SuiSiann_1157
sox WARN wav: Length in output .wav header will be wrong since can't seek to fix it
sox WARN wav: Length in output .wav header will be wrong since can't seek to fix it
VLOG[1] (compute-kaldi-pitch-feats[5.5.1047~1-09a63]:Read():wave-reader.cc:249) Read in RIFF chunk size: 2147479588, data chunk size: 2147479552. Assume 'stream mode' (reading data to EOF).
VLOG[1] (compute-mfcc-feats[5.5.1047~1-09a63]:Read():wave-reader.cc:249) Read in RIFF chunk size: 2147479588, data chunk size: 2147479552. Assume 'stream mode' (reading data to EOF).
sox WARN wav: Length in output .wav header will be wrong since can't seek to fix it
VLOG[1] (compute-kaldi-pitch-feats[5.5.1047~1-09a63]:Read():wave-reader.cc:249) Read in RIFF chunk size: 2147479588, data chunk size: 2147479552. Assume 'stream mode' (reading data to EOF).
VLOG[2] (compute-mfcc-feats[5.5.1047~1-09a63]:main():compute-mfcc-feats.cc:182) Processed features for key sp1.1-SuiSiann_1158
sox WARN wav: Length in output .wav header will be wrong since can't seek to fix it
VLOG[1] (compute-mfcc-feats[5.5.1047~1-09a63]:Read():wave-reader.cc:249) Read in RIFF chunk size: 2147479588, data chunk size: 2147479552. Assume 'stream mode' (reading data to EOF).
sox WARN wav: Length in output .wav header will be wrong since can't seek to fix it
VLOG[1] (compute-kaldi-pitch-feats[5.5.1047~1-09a63]:Read():wave-reader.cc:249) Read in RIFF chunk size: 2147479588, data chunk size: 2147479552. Assume 'stream mode' (reading data to EOF).
VLOG[2] (compute-mfcc-feats[5.5.1047~1-09a63]:main():compute-mfcc-feats.cc:182) Processed features for key sp1.1-SuiSiann_1159
sox WARN wav: Length in output .wav header will be wrong since can't seek to fix it
VLOG[1] (compute-mfcc-feats[5.5.1047~1-09a63]:Read():wave-reader.cc:249) Read in RIFF chunk size: 2147479588, data chunk size: 2147479552. Assume 'stream mode' (reading data to EOF).
VLOG[2] (compute-mfcc-feats[5.5.1047~1-09a63]:main():compute-mfcc-feats.cc:182) Processed features for key sp1.1-SuiSiann_1160
sox WARN wav: Length in output .wav header will be wrong since can't seek to fix it
VLOG[1] (compute-mfcc-feats[5.5.1047~1-09a63]:Read():wave-reader.cc:249) Read in RIFF chunk size: 2147479588, data chunk size: 2147479552. Assume 'stream mode' (reading data to EOF).
sox WARN wav: Length in output .wav header will be wrong since can't seek to fix it
VLOG[1] (compute-kaldi-pitch-feats[5.5.1047~1-09a63]:Read():wave-reader.cc:249) Read in RIFF chunk size: 2147479588, data chunk size: 2147479552. Assume 'stream mode' (reading data to EOF).
LOG (compute-mfcc-feats[5.5.1047~1-09a63]:main():compute-mfcc-feats.cc:181) Processed 10 utterances
VLOG[2] (compute-mfcc-feats[5.5.1047~1-09a63]:main():compute-mfcc-feats.cc:182) Processed features for key sp1.1-SuiSiann_1161
sox WARN wav: Length in output .wav header will be wrong since can't seek to fix it
VLOG[1] (compute-mfcc-feats[5.5.1047~1-09a63]:Read():wave-reader.cc:249) Read in RIFF chunk size: 2147479588, data chunk size: 2147479552. Assume 'stream mode' (reading data to EOF).
sox WARN wav: Length in output .wav header will be wrong since can't seek to fix it
VLOG[1] (compute-kaldi-pitch-feats[5.5.1047~1-09a63]:Read():wave-reader.cc:249) Read in RIFF chunk size: 2147479588, data chunk size: 2147479552. Assume 'stream mode' (reading data to EOF).
VLOG[2] (compute-mfcc-feats[5.5.1047~1-09a63]:main():compute-mfcc-feats.cc:182) Processed features for key sp1.1-SuiSiann_1162
sox WARN wav: Length in output .wav header will be wrong since can't seek to fix it
VLOG[1] (compute-mfcc-feats[5.5.1047~1-09a63]:Read():wave-reader.cc:249) Read in RIFF chunk size: 2147479588, data chunk size: 2147479552. Assume 'stream mode' (reading data to EOF).
sox WARN wav: Length in output .wav header will be wrong since can't seek to fix it
VLOG[1] (compute-kaldi-pitch-feats[5.5.1047~1-09a63]:Read():wave-reader.cc:249) Read in RIFF chunk size: 2147479588, data chunk size: 2147479552. Assume 'stream mode' (reading data to EOF).
sox WARN wav: Length in output .wav header will be wrong since can't seek to fix it
VLOG[1] (compute-kaldi-pitch-feats[5.5.1047~1-09a63]:Read():wave-reader.cc:249) Read in RIFF chunk size: 2147479588, data chunk size: 2147479552. Assume 'stream mode' (reading data to EOF).
sox WARN wav: Length in output .wav header will be wrong since can't seek to fix it
VLOG[1] (compute-kaldi-pitch-feats[5.5.1047~1-09a63]:Read():wave-reader.cc:249) Read in RIFF chunk size: 2147479588, data chunk size: 2147479552. Assume 'stream mode' (reading data to EOF).
VLOG[2] (compute-mfcc-feats[5.5.1047~1-09a63]:main():compute-mfcc-feats.cc:182) Processed features for key sp1.1-SuiSiann_1163
sox WARN wav: Length in output .wav header will be wrong since can't seek to fix it
VLOG[1] (compute-mfcc-feats[5.5.1047~1-09a63]:Read():wave-reader.cc:249) Read in RIFF chunk size: 2147479588, data chunk size: 2147479552. Assume 'stream mode' (reading data to EOF).
VLOG[2] (compute-mfcc-feats[5.5.1047~1-09a63]:main():compute-mfcc-feats.cc:182) Processed features for key sp1.1-SuiSiann_1164
sox WARN wav: Length in output .wav header will be wrong since can't seek to fix it
VLOG[1] (compute-mfcc-feats[5.5.1047~1-09a63]:Read():wave-reader.cc:249) Read in RIFF chunk size: 2147479588, data chunk size: 2147479552. Assume 'stream mode' (reading data to EOF).
sox WARN wav: Length in output .wav header will be wrong since can't seek to fix it
VLOG[1] (compute-kaldi-pitch-feats[5.5.1047~1-09a63]:Read():wave-reader.cc:249) Read in RIFF chunk size: 2147479588, data chunk size: 2147479552. Assume 'stream mode' (reading data to EOF).
VLOG[2] (compute-mfcc-feats[5.5.1047~1-09a63]:main():compute-mfcc-feats.cc:182) Processed features for key sp1.1-SuiSiann_1165
sox WARN wav: Length in output .wav header will be wrong since can't seek to fix it
VLOG[1] (compute-mfcc-feats[5.5.1047~1-09a63]:Read():wave-reader.cc:249) Read in RIFF chunk size: 2147479588, data chunk size: 2147479552. Assume 'stream mode' (reading data to EOF).
VLOG[2] (compute-mfcc-feats[5.5.1047~1-09a63]:main():compute-mfcc-feats.cc:182) Processed features for key sp1.1-SuiSiann_1166
sox WARN wav: Length in output .wav header will be wrong since can't seek to fix it
VLOG[1] (compute-kaldi-pitch-feats[5.5.1047~1-09a63]:Read():wave-reader.cc:249) Read in RIFF chunk size: 2147479588, data chunk size: 2147479552. Assume 'stream mode' (reading data to EOF).
sox WARN wav: Length in output .wav header will be wrong since can't seek to fix it
VLOG[1] (compute-mfcc-feats[5.5.1047~1-09a63]:Read():wave-reader.cc:249) Read in RIFF chunk size: 2147479588, data chunk size: 2147479552. Assume 'stream mode' (reading data to EOF).
sox WARN wav: Length in output .wav header will be wrong since can't seek to fix it
VLOG[1] (compute-kaldi-pitch-feats[5.5.1047~1-09a63]:Read():wave-reader.cc:249) Read in RIFF chunk size: 2147479588, data chunk size: 2147479552. Assume 'stream mode' (reading data to EOF).
VLOG[2] (compute-mfcc-feats[5.5.1047~1-09a63]:main():compute-mfcc-feats.cc:182) Processed features for key sp1.1-SuiSiann_1167
sox WARN wav: Length in output .wav header will be wrong since can't seek to fix it
VLOG[1] (compute-mfcc-feats[5.5.1047~1-09a63]:Read():wave-reader.cc:249) Read in RIFF chunk size: 2147479588, data chunk size: 2147479552. Assume 'stream mode' (reading data to EOF).
VLOG[2] (compute-mfcc-feats[5.5.1047~1-09a63]:main():compute-mfcc-feats.cc:182) Processed features for key sp1.1-SuiSiann_1168
sox WARN wav: Length in output .wav header will be wrong since can't seek to fix it
VLOG[1] (compute-kaldi-pitch-feats[5.5.1047~1-09a63]:Read():wave-reader.cc:249) Read in RIFF chunk size: 2147479588, data chunk size: 2147479552. Assume 'stream mode' (reading data to EOF).
sox WARN wav: Length in output .wav header will be wrong since can't seek to fix it
VLOG[1] (compute-kaldi-pitch-feats[5.5.1047~1-09a63]:Read():wave-reader.cc:249) Read in RIFF chunk size: 2147479588, data chunk size: 2147479552. Assume 'stream mode' (reading data to EOF).
sox WARN wav: Length in output .wav header will be wrong since can't seek to fix it
VLOG[1] (compute-mfcc-feats[5.5.1047~1-09a63]:Read():wave-reader.cc:249) Read in RIFF chunk size: 2147479588, data chunk size: 2147479552. Assume 'stream mode' (reading data to EOF).
VLOG[2] (compute-mfcc-feats[5.5.1047~1-09a63]:main():compute-mfcc-feats.cc:182) Processed features for key sp1.1-SuiSiann_1169
sox WARN wav: Length in output .wav header will be wrong since can't seek to fix it
VLOG[1] (compute-mfcc-feats[5.5.1047~1-09a63]:Read():wave-reader.cc:249) Read in RIFF chunk size: 2147479588, data chunk size: 2147479552. Assume 'stream mode' (reading data to EOF).
sox WARN wav: Length in output .wav header will be wrong since can't seek to fix it
VLOG[1] (compute-kaldi-pitch-feats[5.5.1047~1-09a63]:Read():wave-reader.cc:249) Read in RIFF chunk size: 2147479588, data chunk size: 2147479552. Assume 'stream mode' (reading data to EOF).
VLOG[2] (compute-mfcc-feats[5.5.1047~1-09a63]:main():compute-mfcc-feats.cc:182) Processed features for key sp1.1-SuiSiann_1170
sox WARN wav: Length in output .wav header will be wrong since can't seek to fix it
VLOG[1] (compute-mfcc-feats[5.5.1047~1-09a63]:Read():wave-reader.cc:249) Read in RIFF chunk size: 2147479588, data chunk size: 2147479552. Assume 'stream mode' (reading data to EOF).
sox WARN wav: Length in output .wav header will be wrong since can't seek to fix it
VLOG[1] (compute-kaldi-pitch-feats[5.5.1047~1-09a63]:Read():wave-reader.cc:249) Read in RIFF chunk size: 2147479588, data chunk size: 2147479552. Assume 'stream mode' (reading data to EOF).
sox WARN wav: Length in output .wav header will be wrong since can't seek to fix it
VLOG[1] (compute-kaldi-pitch-feats[5.5.1047~1-09a63]:Read():wave-reader.cc:249) Read in RIFF chunk size: 2147479588, data chunk size: 2147479552. Assume 'stream mode' (reading data to EOF).
LOG (compute-mfcc-feats[5.5.1047~1-09a63]:main():compute-mfcc-feats.cc:181) Processed 20 utterances
VLOG[2] (compute-mfcc-feats[5.5.1047~1-09a63]:main():compute-mfcc-feats.cc:182) Processed features for key sp1.1-SuiSiann_1171
sox WARN wav: Length in output .wav header will be wrong since can't seek to fix it
VLOG[1] (compute-mfcc-feats[5.5.1047~1-09a63]:Read():wave-reader.cc:249) Read in RIFF chunk size: 2147479588, data chunk size: 2147479552. Assume 'stream mode' (reading data to EOF).
VLOG[2] (compute-mfcc-feats[5.5.1047~1-09a63]:main():compute-mfcc-feats.cc:182) Processed features for key sp1.1-SuiSiann_1172
sox WARN wav: Length in output .wav header will be wrong since can't seek to fix it
VLOG[1] (compute-mfcc-feats[5.5.1047~1-09a63]:Read():wave-reader.cc:249) Read in RIFF chunk size: 2147479588, data chunk size: 2147479552. Assume 'stream mode' (reading data to EOF).
VLOG[2] (compute-mfcc-feats[5.5.1047~1-09a63]:main():compute-mfcc-feats.cc:182) Processed features for key sp1.1-SuiSiann_1173
sox WARN wav: Length in output .wav header will be wrong since can't seek to fix it
VLOG[1] (compute-mfcc-feats[5.5.1047~1-09a63]:Read():wave-reader.cc:249) Read in RIFF chunk size: 2147479588, data chunk size: 2147479552. Assume 'stream mode' (reading data to EOF).
sox WARN wav: Length in output .wav header will be wrong since can't seek to fix it
VLOG[1] (compute-kaldi-pitch-feats[5.5.1047~1-09a63]:Read():wave-reader.cc:249) Read in RIFF chunk size: 2147479588, data chunk size: 2147479552. Assume 'stream mode' (reading data to EOF).
sox WARN wav: Length in output .wav header will be wrong since can't seek to fix it
VLOG[1] (compute-kaldi-pitch-feats[5.5.1047~1-09a63]:Read():wave-reader.cc:249) Read in RIFF chunk size: 2147479588, data chunk size: 2147479552. Assume 'stream mode' (reading data to EOF).
VLOG[2] (compute-mfcc-feats[5.5.1047~1-09a63]:main():compute-mfcc-feats.cc:182) Processed features for key sp1.1-SuiSiann_1174
sox WARN wav: Length in output .wav header will be wrong since can't seek to fix it
VLOG[1] (compute-mfcc-feats[5.5.1047~1-09a63]:Read():wave-reader.cc:249) Read in RIFF chunk size: 2147479588, data chunk size: 2147479552. Assume 'stream mode' (reading data to EOF).
sox WARN wav: Length in output .wav header will be wrong since can't seek to fix it
VLOG[1] (compute-kaldi-pitch-feats[5.5.1047~1-09a63]:Read():wave-reader.cc:249) Read in RIFF chunk size: 2147479588, data chunk size: 2147479552. Assume 'stream mode' (reading data to EOF).
VLOG[2] (compute-mfcc-feats[5.5.1047~1-09a63]:main():compute-mfcc-feats.cc:182) Processed features for key sp1.1-SuiSiann_1175
sox WARN wav: Length in output .wav header will be wrong since can't seek to fix it
VLOG[1] (compute-mfcc-feats[5.5.1047~1-09a63]:Read():wave-reader.cc:249) Read in RIFF chunk size: 2147479588, data chunk size: 2147479552. Assume 'stream mode' (reading data to EOF).
sox WARN wav: Length in output .wav header will be wrong since can't seek to fix it
VLOG[1] (compute-kaldi-pitch-feats[5.5.1047~1-09a63]:Read():wave-reader.cc:249) Read in RIFF chunk size: 2147479588, data chunk size: 2147479552. Assume 'stream mode' (reading data to EOF).
VLOG[2] (compute-mfcc-feats[5.5.1047~1-09a63]:main():compute-mfcc-feats.cc:182) Processed features for key sp1.1-SuiSiann_1176
sox WARN wav: Length in output .wav header will be wrong since can't seek to fix it
VLOG[1] (compute-mfcc-feats[5.5.1047~1-09a63]:Read():wave-reader.cc:249) Read in RIFF chunk size: 2147479588, data chunk size: 2147479552. Assume 'stream mode' (reading data to EOF).
sox WARN wav: Length in output .wav header will be wrong since can't seek to fix it
VLOG[1] (compute-kaldi-pitch-feats[5.5.1047~1-09a63]:Read():wave-reader.cc:249) Read in RIFF chunk size: 2147479588, data chunk size: 2147479552. Assume 'stream mode' (reading data to EOF).
VLOG[2] (compute-mfcc-feats[5.5.1047~1-09a63]:main():compute-mfcc-feats.cc:182) Processed features for key sp1.1-SuiSiann_1177
sox WARN wav: Length in output .wav header will be wrong since can't seek to fix it
VLOG[1] (compute-kaldi-pitch-feats[5.5.1047~1-09a63]:Read():wave-reader.cc:249) Read in RIFF chunk size: 2147479588, data chunk size: 2147479552. Assume 'stream mode' (reading data to EOF).
sox WARN wav: Length in output .wav header will be wrong since can't seek to fix it
VLOG[1] (compute-mfcc-feats[5.5.1047~1-09a63]:Read():wave-reader.cc:249) Read in RIFF chunk size: 2147479588, data chunk size: 2147479552. Assume 'stream mode' (reading data to EOF).
sox WARN wav: Length in output .wav header will be wrong since can't seek to fix it
VLOG[1] (compute-kaldi-pitch-feats[5.5.1047~1-09a63]:Read():wave-reader.cc:249) Read in RIFF chunk size: 2147479588, data chunk size: 2147479552. Assume 'stream mode' (reading data to EOF).
VLOG[2] (compute-mfcc-feats[5.5.1047~1-09a63]:main():compute-mfcc-feats.cc:182) Processed features for key sp1.1-SuiSiann_1178
sox WARN wav: Length in output .wav header will be wrong since can't seek to fix it
VLOG[1] (compute-mfcc-feats[5.5.1047~1-09a63]:Read():wave-reader.cc:249) Read in RIFF chunk size: 2147479588, data chunk size: 2147479552. Assume 'stream mode' (reading data to EOF).
VLOG[2] (compute-mfcc-feats[5.5.1047~1-09a63]:main():compute-mfcc-feats.cc:182) Processed features for key sp1.1-SuiSiann_1179
sox WARN wav: Length in output .wav header will be wrong since can't seek to fix it
VLOG[1] (compute-mfcc-feats[5.5.1047~1-09a63]:Read():wave-reader.cc:249) Read in RIFF chunk size: 2147479588, data chunk size: 2147479552. Assume 'stream mode' (reading data to EOF).
VLOG[2] (compute-mfcc-feats[5.5.1047~1-09a63]:main():compute-mfcc-feats.cc:182) Processed features for key sp1.1-SuiSiann_1180
sox WARN wav: Length in output .wav header will be wrong since can't seek to fix it
VLOG[1] (compute-kaldi-pitch-feats[5.5.1047~1-09a63]:Read():wave-reader.cc:249) Read in RIFF chunk size: 2147479588, data chunk size: 2147479552. Assume 'stream mode' (reading data to EOF).
sox WARN wav: Length in output .wav header will be wrong since can't seek to fix it
VLOG[1] (compute-mfcc-feats[5.5.1047~1-09a63]:Read():wave-reader.cc:249) Read in RIFF chunk size: 2147479588, data chunk size: 2147479552. Assume 'stream mode' (reading data to EOF).
LOG (compute-mfcc-feats[5.5.1047~1-09a63]:main():compute-mfcc-feats.cc:181) Processed 30 utterances
VLOG[2] (compute-mfcc-feats[5.5.1047~1-09a63]:main():compute-mfcc-feats.cc:182) Processed features for key sp1.1-SuiSiann_1181
sox WARN wav: Length in output .wav header will be wrong since can't seek to fix it
VLOG[1] (compute-kaldi-pitch-feats[5.5.1047~1-09a63]:Read():wave-reader.cc:249) Read in RIFF chunk size: 2147479588, data chunk size: 2147479552. Assume 'stream mode' (reading data to EOF).
sox WARN wav: Length in output .wav header will be wrong since can't seek to fix it
VLOG[1] (compute-mfcc-feats[5.5.1047~1-09a63]:Read():wave-reader.cc:249) Read in RIFF chunk size: 2147479588, data chunk size: 2147479552. Assume 'stream mode' (reading data to EOF).
VLOG[2] (compute-mfcc-feats[5.5.1047~1-09a63]:main():compute-mfcc-feats.cc:182) Processed features for key sp1.1-SuiSiann_1182
sox WARN wav: Length in output .wav header will be wrong since can't seek to fix it
VLOG[1] (compute-mfcc-feats[5.5.1047~1-09a63]:Read():wave-reader.cc:249) Read in RIFF chunk size: 2147479588, data chunk size: 2147479552. Assume 'stream mode' (reading data to EOF).
VLOG[2] (compute-mfcc-feats[5.5.1047~1-09a63]:main():compute-mfcc-feats.cc:182) Processed features for key sp1.1-SuiSiann_1183
sox WARN wav: Length in output .wav header will be wrong since can't seek to fix it
VLOG[1] (compute-mfcc-feats[5.5.1047~1-09a63]:Read():wave-reader.cc:249) Read in RIFF chunk size: 2147479588, data chunk size: 2147479552. Assume 'stream mode' (reading data to EOF).
sox WARN wav: Length in output .wav header will be wrong since can't seek to fix it
VLOG[1] (compute-kaldi-pitch-feats[5.5.1047~1-09a63]:Read():wave-reader.cc:249) Read in RIFF chunk size: 2147479588, data chunk size: 2147479552. Assume 'stream mode' (reading data to EOF).
sox WARN wav: Length in output .wav header will be wrong since can't seek to fix it
VLOG[1] (compute-kaldi-pitch-feats[5.5.1047~1-09a63]:Read():wave-reader.cc:249) Read in RIFF chunk size: 2147479588, data chunk size: 2147479552. Assume 'stream mode' (reading data to EOF).
sox WARN wav: Length in output .wav header will be wrong since can't seek to fix it
VLOG[1] (compute-kaldi-pitch-feats[5.5.1047~1-09a63]:Read():wave-reader.cc:249) Read in RIFF chunk size: 2147479588, data chunk size: 2147479552. Assume 'stream mode' (reading data to EOF).
sox WARN wav: Length in output .wav header will be wrong since can't seek to fix it
VLOG[1] (compute-kaldi-pitch-feats[5.5.1047~1-09a63]:Read():wave-reader.cc:249) Read in RIFF chunk size: 2147479588, data chunk size: 2147479552. Assume 'stream mode' (reading data to EOF).
VLOG[2] (compute-mfcc-feats[5.5.1047~1-09a63]:main():compute-mfcc-feats.cc:182) Processed features for key sp1.1-SuiSiann_1184
sox WARN wav: Length in output .wav header will be wrong since can't seek to fix it
VLOG[1] (compute-mfcc-feats[5.5.1047~1-09a63]:Read():wave-reader.cc:249) Read in RIFF chunk size: 2147479588, data chunk size: 2147479552. Assume 'stream mode' (reading data to EOF).
VLOG[2] (compute-mfcc-feats[5.5.1047~1-09a63]:main():compute-mfcc-feats.cc:182) Processed features for key sp1.1-SuiSiann_1185
sox WARN wav: Length in output .wav header will be wrong since can't seek to fix it
VLOG[1] (compute-mfcc-feats[5.5.1047~1-09a63]:Read():wave-reader.cc:249) Read in RIFF chunk size: 2147479588, data chunk size: 2147479552. Assume 'stream mode' (reading data to EOF).
VLOG[2] (compute-mfcc-feats[5.5.1047~1-09a63]:main():compute-mfcc-feats.cc:182) Processed features for key sp1.1-SuiSiann_1186
sox WARN wav: Length in output .wav header will be wrong since can't seek to fix it
VLOG[1] (compute-mfcc-feats[5.5.1047~1-09a63]:Read():wave-reader.cc:249) Read in RIFF chunk size: 2147479588, data chunk size: 2147479552. Assume 'stream mode' (reading data to EOF).
sox WARN wav: Length in output .wav header will be wrong since can't seek to fix it
VLOG[1] (compute-kaldi-pitch-feats[5.5.1047~1-09a63]:Read():wave-reader.cc:249) Read in RIFF chunk size: 2147479588, data chunk size: 2147479552. Assume 'stream mode' (reading data to EOF).
VLOG[2] (compute-mfcc-feats[5.5.1047~1-09a63]:main():compute-mfcc-feats.cc:182) Processed features for key sp1.1-SuiSiann_1187
sox WARN wav: Length in output .wav header will be wrong since can't seek to fix it
VLOG[1] (compute-mfcc-feats[5.5.1047~1-09a63]:Read():wave-reader.cc:249) Read in RIFF chunk size: 2147479588, data chunk size: 2147479552. Assume 'stream mode' (reading data to EOF).
sox WARN wav: Length in output .wav header will be wrong since can't seek to fix it
VLOG[1] (compute-kaldi-pitch-feats[5.5.1047~1-09a63]:Read():wave-reader.cc:249) Read in RIFF chunk size: 2147479588, data chunk size: 2147479552. Assume 'stream mode' (reading data to EOF).
VLOG[2] (compute-mfcc-feats[5.5.1047~1-09a63]:main():compute-mfcc-feats.cc:182) Processed features for key sp1.1-SuiSiann_1188
sox WARN wav: Length in output .wav header will be wrong since can't seek to fix it
VLOG[1] (compute-mfcc-feats[5.5.1047~1-09a63]:Read():wave-reader.cc:249) Read in RIFF chunk size: 2147479588, data chunk size: 2147479552. Assume 'stream mode' (reading data to EOF).
sox WARN wav: Length in output .wav header will be wrong since can't seek to fix it
VLOG[1] (compute-kaldi-pitch-feats[5.5.1047~1-09a63]:Read():wave-reader.cc:249) Read in RIFF chunk size: 2147479588, data chunk size: 2147479552. Assume 'stream mode' (reading data to EOF).
VLOG[2] (compute-mfcc-feats[5.5.1047~1-09a63]:main():compute-mfcc-feats.cc:182) Processed features for key sp1.1-SuiSiann_1189
sox WARN wav: Length in output .wav header will be wrong since can't seek to fix it
VLOG[1] (compute-mfcc-feats[5.5.1047~1-09a63]:Read():wave-reader.cc:249) Read in RIFF chunk size: 2147479588, data chunk size: 2147479552. Assume 'stream mode' (reading data to EOF).
sox WARN wav: Length in output .wav header will be wrong since can't seek to fix it
VLOG[1] (compute-kaldi-pitch-feats[5.5.1047~1-09a63]:Read():wave-reader.cc:249) Read in RIFF chunk size: 2147479588, data chunk size: 2147479552. Assume 'stream mode' (reading data to EOF).
VLOG[2] (compute-mfcc-feats[5.5.1047~1-09a63]:main():compute-mfcc-feats.cc:182) Processed features for key sp1.1-SuiSiann_1190
sox WARN wav: Length in output .wav header will be wrong since can't seek to fix it
VLOG[1] (compute-mfcc-feats[5.5.1047~1-09a63]:Read():wave-reader.cc:249) Read in RIFF chunk size: 2147479588, data chunk size: 2147479552. Assume 'stream mode' (reading data to EOF).
sox WARN wav: Length in output .wav header will be wrong since can't seek to fix it
VLOG[1] (compute-kaldi-pitch-feats[5.5.1047~1-09a63]:Read():wave-reader.cc:249) Read in RIFF chunk size: 2147479588, data chunk size: 2147479552. Assume 'stream mode' (reading data to EOF).
LOG (compute-mfcc-feats[5.5.1047~1-09a63]:main():compute-mfcc-feats.cc:181) Processed 40 utterances
VLOG[2] (compute-mfcc-feats[5.5.1047~1-09a63]:main():compute-mfcc-feats.cc:182) Processed features for key sp1.1-SuiSiann_1191
sox WARN wav: Length in output .wav header will be wrong since can't seek to fix it
VLOG[1] (compute-mfcc-feats[5.5.1047~1-09a63]:Read():wave-reader.cc:249) Read in RIFF chunk size: 2147479588, data chunk size: 2147479552. Assume 'stream mode' (reading data to EOF).
sox WARN wav: Length in output .wav header will be wrong since can't seek to fix it
VLOG[1] (compute-kaldi-pitch-feats[5.5.1047~1-09a63]:Read():wave-reader.cc:249) Read in RIFF chunk size: 2147479588, data chunk size: 2147479552. Assume 'stream mode' (reading data to EOF).
VLOG[2] (compute-mfcc-feats[5.5.1047~1-09a63]:main():compute-mfcc-feats.cc:182) Processed features for key sp1.1-SuiSiann_1192
sox WARN wav: Length in output .wav header will be wrong since can't seek to fix it
VLOG[1] (compute-kaldi-pitch-feats[5.5.1047~1-09a63]:Read():wave-reader.cc:249) Read in RIFF chunk size: 2147479588, data chunk size: 2147479552. Assume 'stream mode' (reading data to EOF).
sox WARN wav: Length in output .wav header will be wrong since can't seek to fix it
VLOG[1] (compute-mfcc-feats[5.5.1047~1-09a63]:Read():wave-reader.cc:249) Read in RIFF chunk size: 2147479588, data chunk size: 2147479552. Assume 'stream mode' (reading data to EOF).
VLOG[2] (compute-mfcc-feats[5.5.1047~1-09a63]:main():compute-mfcc-feats.cc:182) Processed features for key sp1.1-SuiSiann_1193
sox WARN wav: Length in output .wav header will be wrong since can't seek to fix it
VLOG[1] (compute-kaldi-pitch-feats[5.5.1047~1-09a63]:Read():wave-reader.cc:249) Read in RIFF chunk size: 2147479588, data chunk size: 2147479552. Assume 'stream mode' (reading data to EOF).
sox WARN wav: Length in output .wav header will be wrong since can't seek to fix it
VLOG[1] (compute-mfcc-feats[5.5.1047~1-09a63]:Read():wave-reader.cc:249) Read in RIFF chunk size: 2147479588, data chunk size: 2147479552. Assume 'stream mode' (reading data to EOF).
sox WARN wav: Length in output .wav header will be wrong since can't seek to fix it
VLOG[1] (compute-kaldi-pitch-feats[5.5.1047~1-09a63]:Read():wave-reader.cc:249) Read in RIFF chunk size: 2147479588, data chunk size: 2147479552. Assume 'stream mode' (reading data to EOF).
sox WARN wav: Length in output .wav header will be wrong since can't seek to fix it
VLOG[1] (compute-kaldi-pitch-feats[5.5.1047~1-09a63]:Read():wave-reader.cc:249) Read in RIFF chunk size: 2147479588, data chunk size: 2147479552. Assume 'stream mode' (reading data to EOF).
VLOG[2] (compute-mfcc-feats[5.5.1047~1-09a63]:main():compute-mfcc-feats.cc:182) Processed features for key sp1.1-SuiSiann_1194
sox WARN wav: Length in output .wav header will be wrong since can't seek to fix it
VLOG[1] (compute-mfcc-feats[5.5.1047~1-09a63]:Read():wave-reader.cc:249) Read in RIFF chunk size: 2147479588, data chunk size: 2147479552. Assume 'stream mode' (reading data to EOF).
VLOG[2] (compute-mfcc-feats[5.5.1047~1-09a63]:main():compute-mfcc-feats.cc:182) Processed features for key sp1.1-SuiSiann_1195
sox WARN wav: Length in output .wav header will be wrong since can't seek to fix it
VLOG[1] (compute-mfcc-feats[5.5.1047~1-09a63]:Read():wave-reader.cc:249) Read in RIFF chunk size: 2147479588, data chunk size: 2147479552. Assume 'stream mode' (reading data to EOF).
sox WARN wav: Length in output .wav header will be wrong since can't seek to fix it
VLOG[1] (compute-kaldi-pitch-feats[5.5.1047~1-09a63]:Read():wave-reader.cc:249) Read in RIFF chunk size: 2147479588, data chunk size: 2147479552. Assume 'stream mode' (reading data to EOF).
VLOG[2] (compute-mfcc-feats[5.5.1047~1-09a63]:main():compute-mfcc-feats.cc:182) Processed features for key sp1.1-SuiSiann_1196
sox WARN wav: Length in output .wav header will be wrong since can't seek to fix it
VLOG[1] (compute-kaldi-pitch-feats[5.5.1047~1-09a63]:Read():wave-reader.cc:249) Read in RIFF chunk size: 2147479588, data chunk size: 2147479552. Assume 'stream mode' (reading data to EOF).
sox WARN wav: Length in output .wav header will be wrong since can't seek to fix it
VLOG[1] (compute-mfcc-feats[5.5.1047~1-09a63]:Read():wave-reader.cc:249) Read in RIFF chunk size: 2147479588, data chunk size: 2147479552. Assume 'stream mode' (reading data to EOF).
sox WARN wav: Length in output .wav header will be wrong since can't seek to fix it
VLOG[1] (compute-kaldi-pitch-feats[5.5.1047~1-09a63]:Read():wave-reader.cc:249) Read in RIFF chunk size: 2147479588, data chunk size: 2147479552. Assume 'stream mode' (reading data to EOF).
VLOG[2] (compute-mfcc-feats[5.5.1047~1-09a63]:main():compute-mfcc-feats.cc:182) Processed features for key sp1.1-SuiSiann_1197
sox WARN wav: Length in output .wav header will be wrong since can't seek to fix it
VLOG[1] (compute-mfcc-feats[5.5.1047~1-09a63]:Read():wave-reader.cc:249) Read in RIFF chunk size: 2147479588, data chunk size: 2147479552. Assume 'stream mode' (reading data to EOF).
sox WARN wav: Length in output .wav header will be wrong since can't seek to fix it
VLOG[1] (compute-kaldi-pitch-feats[5.5.1047~1-09a63]:Read():wave-reader.cc:249) Read in RIFF chunk size: 2147479588, data chunk size: 2147479552. Assume 'stream mode' (reading data to EOF).
VLOG[2] (compute-mfcc-feats[5.5.1047~1-09a63]:main():compute-mfcc-feats.cc:182) Processed features for key sp1.1-SuiSiann_1198
sox WARN wav: Length in output .wav header will be wrong since can't seek to fix it
VLOG[1] (compute-mfcc-feats[5.5.1047~1-09a63]:Read():wave-reader.cc:249) Read in RIFF chunk size: 2147479588, data chunk size: 2147479552. Assume 'stream mode' (reading data to EOF).
VLOG[2] (compute-mfcc-feats[5.5.1047~1-09a63]:main():compute-mfcc-feats.cc:182) Processed features for key sp1.1-SuiSiann_1199
sox WARN wav: Length in output .wav header will be wrong since can't seek to fix it
VLOG[1] (compute-mfcc-feats[5.5.1047~1-09a63]:Read():wave-reader.cc:249) Read in RIFF chunk size: 2147479588, data chunk size: 2147479552. Assume 'stream mode' (reading data to EOF).
VLOG[2] (compute-mfcc-feats[5.5.1047~1-09a63]:main():compute-mfcc-feats.cc:182) Processed features for key sp1.1-SuiSiann_1200
sox WARN wav: Length in output .wav header will be wrong since can't seek to fix it
VLOG[1] (compute-mfcc-feats[5.5.1047~1-09a63]:Read():wave-reader.cc:249) Read in RIFF chunk size: 2147479588, data chunk size: 2147479552. Assume 'stream mode' (reading data to EOF).
sox WARN wav: Length in output .wav header will be wrong since can't seek to fix it
VLOG[1] (compute-kaldi-pitch-feats[5.5.1047~1-09a63]:Read():wave-reader.cc:249) Read in RIFF chunk size: 2147479588, data chunk size: 2147479552. Assume 'stream mode' (reading data to EOF).
sox WARN wav: Length in output .wav header will be wrong since can't seek to fix it
VLOG[1] (compute-kaldi-pitch-feats[5.5.1047~1-09a63]:Read():wave-reader.cc:249) Read in RIFF chunk size: 2147479588, data chunk size: 2147479552. Assume 'stream mode' (reading data to EOF).
LOG (compute-mfcc-feats[5.5.1047~1-09a63]:main():compute-mfcc-feats.cc:181) Processed 50 utterances
VLOG[2] (compute-mfcc-feats[5.5.1047~1-09a63]:main():compute-mfcc-feats.cc:182) Processed features for key sp1.1-SuiSiann_1201
sox WARN wav: Length in output .wav header will be wrong since can't seek to fix it
VLOG[1] (compute-mfcc-feats[5.5.1047~1-09a63]:Read():wave-reader.cc:249) Read in RIFF chunk size: 2147479588, data chunk size: 2147479552. Assume 'stream mode' (reading data to EOF).
sox WARN wav: Length in output .wav header will be wrong since can't seek to fix it
VLOG[1] (compute-kaldi-pitch-feats[5.5.1047~1-09a63]:Read():wave-reader.cc:249) Read in RIFF chunk size: 2147479588, data chunk size: 2147479552. Assume 'stream mode' (reading data to EOF).
VLOG[2] (compute-mfcc-feats[5.5.1047~1-09a63]:main():compute-mfcc-feats.cc:182) Processed features for key sp1.1-SuiSiann_1202
sox WARN wav: Length in output .wav header will be wrong since can't seek to fix it
VLOG[1] (compute-kaldi-pitch-feats[5.5.1047~1-09a63]:Read():wave-reader.cc:249) Read in RIFF chunk size: 2147479588, data chunk size: 2147479552. Assume 'stream mode' (reading data to EOF).
sox WARN wav: Length in output .wav header will be wrong since can't seek to fix it
VLOG[1] (compute-mfcc-feats[5.5.1047~1-09a63]:Read():wave-reader.cc:249) Read in RIFF chunk size: 2147479588, data chunk size: 2147479552. Assume 'stream mode' (reading data to EOF).
VLOG[2] (compute-kaldi-pitch-feats[5.5.1047~1-09a63]:main():compute-kaldi-pitch-feats.cc:107) Processed 50 utterances
sox WARN wav: Length in output .wav header will be wrong since can't seek to fix it
VLOG[1] (compute-kaldi-pitch-feats[5.5.1047~1-09a63]:Read():wave-reader.cc:249) Read in RIFF chunk size: 2147479588, data chunk size: 2147479552. Assume 'stream mode' (reading data to EOF).
VLOG[2] (compute-mfcc-feats[5.5.1047~1-09a63]:main():compute-mfcc-feats.cc:182) Processed features for key sp1.1-SuiSiann_1203
sox WARN wav: Length in output .wav header will be wrong since can't seek to fix it
VLOG[1] (compute-mfcc-feats[5.5.1047~1-09a63]:Read():wave-reader.cc:249) Read in RIFF chunk size: 2147479588, data chunk size: 2147479552. Assume 'stream mode' (reading data to EOF).
sox WARN wav: Length in output .wav header will be wrong since can't seek to fix it
VLOG[1] (compute-kaldi-pitch-feats[5.5.1047~1-09a63]:Read():wave-reader.cc:249) Read in RIFF chunk size: 2147479588, data chunk size: 2147479552. Assume 'stream mode' (reading data to EOF).
VLOG[2] (compute-mfcc-feats[5.5.1047~1-09a63]:main():compute-mfcc-feats.cc:182) Processed features for key sp1.1-SuiSiann_1204
sox WARN wav: Length in output .wav header will be wrong since can't seek to fix it
VLOG[1] (compute-mfcc-feats[5.5.1047~1-09a63]:Read():wave-reader.cc:249) Read in RIFF chunk size: 2147479588, data chunk size: 2147479552. Assume 'stream mode' (reading data to EOF).
VLOG[2] (compute-mfcc-feats[5.5.1047~1-09a63]:main():compute-mfcc-feats.cc:182) Processed features for key sp1.1-SuiSiann_1205
sox WARN wav: Length in output .wav header will be wrong since can't seek to fix it
VLOG[1] (compute-mfcc-feats[5.5.1047~1-09a63]:Read():wave-reader.cc:249) Read in RIFF chunk size: 2147479588, data chunk size: 2147479552. Assume 'stream mode' (reading data to EOF).
sox WARN wav: Length in output .wav header will be wrong since can't seek to fix it
VLOG[1] (compute-kaldi-pitch-feats[5.5.1047~1-09a63]:Read():wave-reader.cc:249) Read in RIFF chunk size: 2147479588, data chunk size: 2147479552. Assume 'stream mode' (reading data to EOF).
VLOG[2] (compute-mfcc-feats[5.5.1047~1-09a63]:main():compute-mfcc-feats.cc:182) Processed features for key sp1.1-SuiSiann_1206
sox WARN wav: Length in output .wav header will be wrong since can't seek to fix it
VLOG[1] (compute-mfcc-feats[5.5.1047~1-09a63]:Read():wave-reader.cc:249) Read in RIFF chunk size: 2147479588, data chunk size: 2147479552. Assume 'stream mode' (reading data to EOF).
sox WARN wav: Length in output .wav header will be wrong since can't seek to fix it
VLOG[1] (compute-kaldi-pitch-feats[5.5.1047~1-09a63]:Read():wave-reader.cc:249) Read in RIFF chunk size: 2147479588, data chunk size: 2147479552. Assume 'stream mode' (reading data to EOF).
VLOG[2] (compute-mfcc-feats[5.5.1047~1-09a63]:main():compute-mfcc-feats.cc:182) Processed features for key sp1.1-SuiSiann_1207
sox WARN wav: Length in output .wav header will be wrong since can't seek to fix it
VLOG[1] (compute-mfcc-feats[5.5.1047~1-09a63]:Read():wave-reader.cc:249) Read in RIFF chunk size: 2147479588, data chunk size: 2147479552. Assume 'stream mode' (reading data to EOF).
sox WARN wav: Length in output .wav header will be wrong since can't seek to fix it
VLOG[1] (compute-kaldi-pitch-feats[5.5.1047~1-09a63]:Read():wave-reader.cc:249) Read in RIFF chunk size: 2147479588, data chunk size: 2147479552. Assume 'stream mode' (reading data to EOF).
VLOG[2] (compute-mfcc-feats[5.5.1047~1-09a63]:main():compute-mfcc-feats.cc:182) Processed features for key sp1.1-SuiSiann_1208
sox WARN wav: Length in output .wav header will be wrong since can't seek to fix it
VLOG[1] (compute-mfcc-feats[5.5.1047~1-09a63]:Read():wave-reader.cc:249) Read in RIFF chunk size: 2147479588, data chunk size: 2147479552. Assume 'stream mode' (reading data to EOF).
VLOG[2] (compute-mfcc-feats[5.5.1047~1-09a63]:main():compute-mfcc-feats.cc:182) Processed features for key sp1.1-SuiSiann_1209
sox WARN wav: Length in output .wav header will be wrong since can't seek to fix it
VLOG[1] (compute-mfcc-feats[5.5.1047~1-09a63]:Read():wave-reader.cc:249) Read in RIFF chunk size: 2147479588, data chunk size: 2147479552. Assume 'stream mode' (reading data to EOF).
sox WARN wav: Length in output .wav header will be wrong since can't seek to fix it
VLOG[1] (compute-kaldi-pitch-feats[5.5.1047~1-09a63]:Read():wave-reader.cc:249) Read in RIFF chunk size: 2147479588, data chunk size: 2147479552. Assume 'stream mode' (reading data to EOF).
VLOG[2] (compute-mfcc-feats[5.5.1047~1-09a63]:main():compute-mfcc-feats.cc:182) Processed features for key sp1.1-SuiSiann_1210
sox WARN wav: Length in output .wav header will be wrong since can't seek to fix it
VLOG[1] (compute-mfcc-feats[5.5.1047~1-09a63]:Read():wave-reader.cc:249) Read in RIFF chunk size: 2147479588, data chunk size: 2147479552. Assume 'stream mode' (reading data to EOF).
sox WARN wav: Length in output .wav header will be wrong since can't seek to fix it
VLOG[1] (compute-kaldi-pitch-feats[5.5.1047~1-09a63]:Read():wave-reader.cc:249) Read in RIFF chunk size: 2147479588, data chunk size: 2147479552. Assume 'stream mode' (reading data to EOF).
sox WARN wav: Length in output .wav header will be wrong since can't seek to fix it
VLOG[1] (compute-kaldi-pitch-feats[5.5.1047~1-09a63]:Read():wave-reader.cc:249) Read in RIFF chunk size: 2147479588, data chunk size: 2147479552. Assume 'stream mode' (reading data to EOF).
sox WARN wav: Length in output .wav header will be wrong since can't seek to fix it
VLOG[1] (compute-kaldi-pitch-feats[5.5.1047~1-09a63]:Read():wave-reader.cc:249) Read in RIFF chunk size: 2147479588, data chunk size: 2147479552. Assume 'stream mode' (reading data to EOF).
LOG (compute-mfcc-feats[5.5.1047~1-09a63]:main():compute-mfcc-feats.cc:181) Processed 60 utterances
VLOG[2] (compute-mfcc-feats[5.5.1047~1-09a63]:main():compute-mfcc-feats.cc:182) Processed features for key sp1.1-SuiSiann_1211
sox WARN wav: Length in output .wav header will be wrong since can't seek to fix it
VLOG[1] (compute-mfcc-feats[5.5.1047~1-09a63]:Read():wave-reader.cc:249) Read in RIFF chunk size: 2147479588, data chunk size: 2147479552. Assume 'stream mode' (reading data to EOF).
VLOG[2] (compute-mfcc-feats[5.5.1047~1-09a63]:main():compute-mfcc-feats.cc:182) Processed features for key sp1.1-SuiSiann_1212
sox WARN wav: Length in output .wav header will be wrong since can't seek to fix it
VLOG[1] (compute-mfcc-feats[5.5.1047~1-09a63]:Read():wave-reader.cc:249) Read in RIFF chunk size: 2147479588, data chunk size: 2147479552. Assume 'stream mode' (reading data to EOF).
sox WARN wav: Length in output .wav header will be wrong since can't seek to fix it
VLOG[1] (compute-kaldi-pitch-feats[5.5.1047~1-09a63]:Read():wave-reader.cc:249) Read in RIFF chunk size: 2147479588, data chunk size: 2147479552. Assume 'stream mode' (reading data to EOF).
VLOG[2] (compute-mfcc-feats[5.5.1047~1-09a63]:main():compute-mfcc-feats.cc:182) Processed features for key sp1.1-SuiSiann_1213
sox WARN wav: Length in output .wav header will be wrong since can't seek to fix it
VLOG[1] (compute-mfcc-feats[5.5.1047~1-09a63]:Read():wave-reader.cc:249) Read in RIFF chunk size: 2147479588, data chunk size: 2147479552. Assume 'stream mode' (reading data to EOF).
sox WARN wav: Length in output .wav header will be wrong since can't seek to fix it
VLOG[1] (compute-kaldi-pitch-feats[5.5.1047~1-09a63]:Read():wave-reader.cc:249) Read in RIFF chunk size: 2147479588, data chunk size: 2147479552. Assume 'stream mode' (reading data to EOF).
VLOG[2] (compute-mfcc-feats[5.5.1047~1-09a63]:main():compute-mfcc-feats.cc:182) Processed features for key sp1.1-SuiSiann_1214
sox WARN wav: Length in output .wav header will be wrong since can't seek to fix it
VLOG[1] (compute-mfcc-feats[5.5.1047~1-09a63]:Read():wave-reader.cc:249) Read in RIFF chunk size: 2147479588, data chunk size: 2147479552. Assume 'stream mode' (reading data to EOF).
sox WARN wav: Length in output .wav header will be wrong since can't seek to fix it
VLOG[1] (compute-kaldi-pitch-feats[5.5.1047~1-09a63]:Read():wave-reader.cc:249) Read in RIFF chunk size: 2147479588, data chunk size: 2147479552. Assume 'stream mode' (reading data to EOF).
VLOG[2] (compute-mfcc-feats[5.5.1047~1-09a63]:main():compute-mfcc-feats.cc:182) Processed features for key sp1.1-SuiSiann_1215
sox WARN wav: Length in output .wav header will be wrong since can't seek to fix it
VLOG[1] (compute-mfcc-feats[5.5.1047~1-09a63]:Read():wave-reader.cc:249) Read in RIFF chunk size: 2147479588, data chunk size: 2147479552. Assume 'stream mode' (reading data to EOF).
sox WARN wav: Length in output .wav header will be wrong since can't seek to fix it
VLOG[1] (compute-kaldi-pitch-feats[5.5.1047~1-09a63]:Read():wave-reader.cc:249) Read in RIFF chunk size: 2147479588, data chunk size: 2147479552. Assume 'stream mode' (reading data to EOF).
VLOG[2] (compute-mfcc-feats[5.5.1047~1-09a63]:main():compute-mfcc-feats.cc:182) Processed features for key sp1.1-SuiSiann_1216
sox WARN wav: Length in output .wav header will be wrong since can't seek to fix it
VLOG[1] (compute-mfcc-feats[5.5.1047~1-09a63]:Read():wave-reader.cc:249) Read in RIFF chunk size: 2147479588, data chunk size: 2147479552. Assume 'stream mode' (reading data to EOF).
sox WARN wav: Length in output .wav header will be wrong since can't seek to fix it
VLOG[1] (compute-kaldi-pitch-feats[5.5.1047~1-09a63]:Read():wave-reader.cc:249) Read in RIFF chunk size: 2147479588, data chunk size: 2147479552. Assume 'stream mode' (reading data to EOF).
VLOG[2] (compute-mfcc-feats[5.5.1047~1-09a63]:main():compute-mfcc-feats.cc:182) Processed features for key sp1.1-SuiSiann_1217
sox WARN wav: Length in output .wav header will be wrong since can't seek to fix it
VLOG[1] (compute-mfcc-feats[5.5.1047~1-09a63]:Read():wave-reader.cc:249) Read in RIFF chunk size: 2147479588, data chunk size: 2147479552. Assume 'stream mode' (reading data to EOF).
sox WARN wav: Length in output .wav header will be wrong since can't seek to fix it
VLOG[1] (compute-kaldi-pitch-feats[5.5.1047~1-09a63]:Read():wave-reader.cc:249) Read in RIFF chunk size: 2147479588, data chunk size: 2147479552. Assume 'stream mode' (reading data to EOF).
VLOG[2] (compute-mfcc-feats[5.5.1047~1-09a63]:main():compute-mfcc-feats.cc:182) Processed features for key sp1.1-SuiSiann_1218
sox WARN wav: Length in output .wav header will be wrong since can't seek to fix it
VLOG[1] (compute-mfcc-feats[5.5.1047~1-09a63]:Read():wave-reader.cc:249) Read in RIFF chunk size: 2147479588, data chunk size: 2147479552. Assume 'stream mode' (reading data to EOF).
VLOG[2] (compute-mfcc-feats[5.5.1047~1-09a63]:main():compute-mfcc-feats.cc:182) Processed features for key sp1.1-SuiSiann_1219
sox WARN wav: Length in output .wav header will be wrong since can't seek to fix it
VLOG[1] (compute-kaldi-pitch-feats[5.5.1047~1-09a63]:Read():wave-reader.cc:249) Read in RIFF chunk size: 2147479588, data chunk size: 2147479552. Assume 'stream mode' (reading data to EOF).
sox WARN wav: Length in output .wav header will be wrong since can't seek to fix it
VLOG[1] (compute-mfcc-feats[5.5.1047~1-09a63]:Read():wave-reader.cc:249) Read in RIFF chunk size: 2147479588, data chunk size: 2147479552. Assume 'stream mode' (reading data to EOF).
sox WARN wav: Length in output .wav header will be wrong since can't seek to fix it
VLOG[1] (compute-kaldi-pitch-feats[5.5.1047~1-09a63]:Read():wave-reader.cc:249) Read in RIFF chunk size: 2147479588, data chunk size: 2147479552. Assume 'stream mode' (reading data to EOF).
sox WARN wav: Length in output .wav header will be wrong since can't seek to fix it
VLOG[1] (compute-kaldi-pitch-feats[5.5.1047~1-09a63]:Read():wave-reader.cc:249) Read in RIFF chunk size: 2147479588, data chunk size: 2147479552. Assume 'stream mode' (reading data to EOF).
VLOG[2] (compute-mfcc-feats[5.5.1047~1-09a63]:main():compute-mfcc-feats.cc:182) Processed features for key sp1.1-SuiSiann_1220
sox WARN wav: Length in output .wav header will be wrong since can't seek to fix it
VLOG[1] (compute-mfcc-feats[5.5.1047~1-09a63]:Read():wave-reader.cc:249) Read in RIFF chunk size: 2147479588, data chunk size: 2147479552. Assume 'stream mode' (reading data to EOF).
sox WARN wav: Length in output .wav header will be wrong since can't seek to fix it
VLOG[1] (compute-kaldi-pitch-feats[5.5.1047~1-09a63]:Read():wave-reader.cc:249) Read in RIFF chunk size: 2147479588, data chunk size: 2147479552. Assume 'stream mode' (reading data to EOF).
LOG (compute-mfcc-feats[5.5.1047~1-09a63]:main():compute-mfcc-feats.cc:181) Processed 70 utterances
VLOG[2] (compute-mfcc-feats[5.5.1047~1-09a63]:main():compute-mfcc-feats.cc:182) Processed features for key sp1.1-SuiSiann_1221
sox WARN wav: Length in output .wav header will be wrong since can't seek to fix it
VLOG[1] (compute-mfcc-feats[5.5.1047~1-09a63]:Read():wave-reader.cc:249) Read in RIFF chunk size: 2147479588, data chunk size: 2147479552. Assume 'stream mode' (reading data to EOF).
sox WARN wav: Length in output .wav header will be wrong since can't seek to fix it
VLOG[1] (compute-kaldi-pitch-feats[5.5.1047~1-09a63]:Read():wave-reader.cc:249) Read in RIFF chunk size: 2147479588, data chunk size: 2147479552. Assume 'stream mode' (reading data to EOF).
VLOG[2] (compute-mfcc-feats[5.5.1047~1-09a63]:main():compute-mfcc-feats.cc:182) Processed features for key sp1.1-SuiSiann_1222
sox WARN wav: Length in output .wav header will be wrong since can't seek to fix it
VLOG[1] (compute-mfcc-feats[5.5.1047~1-09a63]:Read():wave-reader.cc:249) Read in RIFF chunk size: 2147479588, data chunk size: 2147479552. Assume 'stream mode' (reading data to EOF).
VLOG[2] (compute-mfcc-feats[5.5.1047~1-09a63]:main():compute-mfcc-feats.cc:182) Processed features for key sp1.1-SuiSiann_1223
sox WARN wav: Length in output .wav header will be wrong since can't seek to fix it
VLOG[1] (compute-mfcc-feats[5.5.1047~1-09a63]:Read():wave-reader.cc:249) Read in RIFF chunk size: 2147479588, data chunk size: 2147479552. Assume 'stream mode' (reading data to EOF).
sox WARN wav: Length in output .wav header will be wrong since can't seek to fix it
VLOG[1] (compute-kaldi-pitch-feats[5.5.1047~1-09a63]:Read():wave-reader.cc:249) Read in RIFF chunk size: 2147479588, data chunk size: 2147479552. Assume 'stream mode' (reading data to EOF).
sox WARN wav: Length in output .wav header will be wrong since can't seek to fix it
VLOG[1] (compute-kaldi-pitch-feats[5.5.1047~1-09a63]:Read():wave-reader.cc:249) Read in RIFF chunk size: 2147479588, data chunk size: 2147479552. Assume 'stream mode' (reading data to EOF).
VLOG[2] (compute-mfcc-feats[5.5.1047~1-09a63]:main():compute-mfcc-feats.cc:182) Processed features for key sp1.1-SuiSiann_1224
sox WARN wav: Length in output .wav header will be wrong since can't seek to fix it
VLOG[1] (compute-mfcc-feats[5.5.1047~1-09a63]:Read():wave-reader.cc:249) Read in RIFF chunk size: 2147479588, data chunk size: 2147479552. Assume 'stream mode' (reading data to EOF).
VLOG[2] (compute-mfcc-feats[5.5.1047~1-09a63]:main():compute-mfcc-feats.cc:182) Processed features for key sp1.1-SuiSiann_1225
sox WARN wav: Length in output .wav header will be wrong since can't seek to fix it
VLOG[1] (compute-mfcc-feats[5.5.1047~1-09a63]:Read():wave-reader.cc:249) Read in RIFF chunk size: 2147479588, data chunk size: 2147479552. Assume 'stream mode' (reading data to EOF).
sox WARN wav: Length in output .wav header will be wrong since can't seek to fix it
VLOG[1] (compute-kaldi-pitch-feats[5.5.1047~1-09a63]:Read():wave-reader.cc:249) Read in RIFF chunk size: 2147479588, data chunk size: 2147479552. Assume 'stream mode' (reading data to EOF).
VLOG[2] (compute-mfcc-feats[5.5.1047~1-09a63]:main():compute-mfcc-feats.cc:182) Processed features for key sp1.1-SuiSiann_1226
sox WARN wav: Length in output .wav header will be wrong since can't seek to fix it
VLOG[1] (compute-mfcc-feats[5.5.1047~1-09a63]:Read():wave-reader.cc:249) Read in RIFF chunk size: 2147479588, data chunk size: 2147479552. Assume 'stream mode' (reading data to EOF).
sox WARN wav: Length in output .wav header will be wrong since can't seek to fix it
VLOG[1] (compute-kaldi-pitch-feats[5.5.1047~1-09a63]:Read():wave-reader.cc:249) Read in RIFF chunk size: 2147479588, data chunk size: 2147479552. Assume 'stream mode' (reading data to EOF).
VLOG[2] (compute-mfcc-feats[5.5.1047~1-09a63]:main():compute-mfcc-feats.cc:182) Processed features for key sp1.1-SuiSiann_1227
sox WARN wav: Length in output .wav header will be wrong since can't seek to fix it
VLOG[1] (compute-kaldi-pitch-feats[5.5.1047~1-09a63]:Read():wave-reader.cc:249) Read in RIFF chunk size: 2147479588, data chunk size: 2147479552. Assume 'stream mode' (reading data to EOF).
sox WARN wav: Length in output .wav header will be wrong since can't seek to fix it
VLOG[1] (compute-mfcc-feats[5.5.1047~1-09a63]:Read():wave-reader.cc:249) Read in RIFF chunk size: 2147479588, data chunk size: 2147479552. Assume 'stream mode' (reading data to EOF).
VLOG[2] (compute-mfcc-feats[5.5.1047~1-09a63]:main():compute-mfcc-feats.cc:182) Processed features for key sp1.1-SuiSiann_1228
sox WARN wav: Length in output .wav header will be wrong since can't seek to fix it
VLOG[1] (compute-mfcc-feats[5.5.1047~1-09a63]:Read():wave-reader.cc:249) Read in RIFF chunk size: 2147479588, data chunk size: 2147479552. Assume 'stream mode' (reading data to EOF).
VLOG[2] (compute-mfcc-feats[5.5.1047~1-09a63]:main():compute-mfcc-feats.cc:182) Processed features for key sp1.1-SuiSiann_1229
sox WARN wav: Length in output .wav header will be wrong since can't seek to fix it
VLOG[1] (compute-mfcc-feats[5.5.1047~1-09a63]:Read():wave-reader.cc:249) Read in RIFF chunk size: 2147479588, data chunk size: 2147479552. Assume 'stream mode' (reading data to EOF).
sox WARN wav: Length in output .wav header will be wrong since can't seek to fix it
VLOG[1] (compute-kaldi-pitch-feats[5.5.1047~1-09a63]:Read():wave-reader.cc:249) Read in RIFF chunk size: 2147479588, data chunk size: 2147479552. Assume 'stream mode' (reading data to EOF).
sox WARN wav: Length in output .wav header will be wrong since can't seek to fix it
VLOG[1] (compute-kaldi-pitch-feats[5.5.1047~1-09a63]:Read():wave-reader.cc:249) Read in RIFF chunk size: 2147479588, data chunk size: 2147479552. Assume 'stream mode' (reading data to EOF).
VLOG[2] (compute-mfcc-feats[5.5.1047~1-09a63]:main():compute-mfcc-feats.cc:182) Processed features for key sp1.1-SuiSiann_1230
sox WARN wav: Length in output .wav header will be wrong since can't seek to fix it
VLOG[1] (compute-mfcc-feats[5.5.1047~1-09a63]:Read():wave-reader.cc:249) Read in RIFF chunk size: 2147479588, data chunk size: 2147479552. Assume 'stream mode' (reading data to EOF).
sox WARN wav: Length in output .wav header will be wrong since can't seek to fix it
VLOG[1] (compute-kaldi-pitch-feats[5.5.1047~1-09a63]:Read():wave-reader.cc:249) Read in RIFF chunk size: 2147479588, data chunk size: 2147479552. Assume 'stream mode' (reading data to EOF).
sox WARN wav: Length in output .wav header will be wrong since can't seek to fix it
VLOG[1] (compute-kaldi-pitch-feats[5.5.1047~1-09a63]:Read():wave-reader.cc:249) Read in RIFF chunk size: 2147479588, data chunk size: 2147479552. Assume 'stream mode' (reading data to EOF).
LOG (compute-mfcc-feats[5.5.1047~1-09a63]:main():compute-mfcc-feats.cc:181) Processed 80 utterances
VLOG[2] (compute-mfcc-feats[5.5.1047~1-09a63]:main():compute-mfcc-feats.cc:182) Processed features for key sp1.1-SuiSiann_1231
sox WARN wav: Length in output .wav header will be wrong since can't seek to fix it
VLOG[1] (compute-mfcc-feats[5.5.1047~1-09a63]:Read():wave-reader.cc:249) Read in RIFF chunk size: 2147479588, data chunk size: 2147479552. Assume 'stream mode' (reading data to EOF).
sox WARN wav: Length in output .wav header will be wrong since can't seek to fix it
VLOG[1] (compute-kaldi-pitch-feats[5.5.1047~1-09a63]:Read():wave-reader.cc:249) Read in RIFF chunk size: 2147479588, data chunk size: 2147479552. Assume 'stream mode' (reading data to EOF).
VLOG[2] (compute-mfcc-feats[5.5.1047~1-09a63]:main():compute-mfcc-feats.cc:182) Processed features for key sp1.1-SuiSiann_1232
sox WARN wav: Length in output .wav header will be wrong since can't seek to fix it
VLOG[1] (compute-mfcc-feats[5.5.1047~1-09a63]:Read():wave-reader.cc:249) Read in RIFF chunk size: 2147479588, data chunk size: 2147479552. Assume 'stream mode' (reading data to EOF).
VLOG[2] (compute-mfcc-feats[5.5.1047~1-09a63]:main():compute-mfcc-feats.cc:182) Processed features for key sp1.1-SuiSiann_1233
sox WARN wav: Length in output .wav header will be wrong since can't seek to fix it
VLOG[1] (compute-kaldi-pitch-feats[5.5.1047~1-09a63]:Read():wave-reader.cc:249) Read in RIFF chunk size: 2147479588, data chunk size: 2147479552. Assume 'stream mode' (reading data to EOF).
sox WARN wav: Length in output .wav header will be wrong since can't seek to fix it
VLOG[1] (compute-mfcc-feats[5.5.1047~1-09a63]:Read():wave-reader.cc:249) Read in RIFF chunk size: 2147479588, data chunk size: 2147479552. Assume 'stream mode' (reading data to EOF).
sox WARN wav: Length in output .wav header will be wrong since can't seek to fix it
VLOG[1] (compute-kaldi-pitch-feats[5.5.1047~1-09a63]:Read():wave-reader.cc:249) Read in RIFF chunk size: 2147479588, data chunk size: 2147479552. Assume 'stream mode' (reading data to EOF).
VLOG[2] (compute-mfcc-feats[5.5.1047~1-09a63]:main():compute-mfcc-feats.cc:182) Processed features for key sp1.1-SuiSiann_1234
sox WARN wav: Length in output .wav header will be wrong since can't seek to fix it
VLOG[1] (compute-mfcc-feats[5.5.1047~1-09a63]:Read():wave-reader.cc:249) Read in RIFF chunk size: 2147479588, data chunk size: 2147479552. Assume 'stream mode' (reading data to EOF).
sox WARN wav: Length in output .wav header will be wrong since can't seek to fix it
VLOG[1] (compute-kaldi-pitch-feats[5.5.1047~1-09a63]:Read():wave-reader.cc:249) Read in RIFF chunk size: 2147479588, data chunk size: 2147479552. Assume 'stream mode' (reading data to EOF).
VLOG[2] (compute-mfcc-feats[5.5.1047~1-09a63]:main():compute-mfcc-feats.cc:182) Processed features for key sp1.1-SuiSiann_1235
sox WARN wav: Length in output .wav header will be wrong since can't seek to fix it
VLOG[1] (compute-mfcc-feats[5.5.1047~1-09a63]:Read():wave-reader.cc:249) Read in RIFF chunk size: 2147479588, data chunk size: 2147479552. Assume 'stream mode' (reading data to EOF).
VLOG[2] (compute-mfcc-feats[5.5.1047~1-09a63]:main():compute-mfcc-feats.cc:182) Processed features for key sp1.1-SuiSiann_1236
sox WARN wav: Length in output .wav header will be wrong since can't seek to fix it
VLOG[1] (compute-mfcc-feats[5.5.1047~1-09a63]:Read():wave-reader.cc:249) Read in RIFF chunk size: 2147479588, data chunk size: 2147479552. Assume 'stream mode' (reading data to EOF).
sox WARN wav: Length in output .wav header will be wrong since can't seek to fix it
VLOG[1] (compute-kaldi-pitch-feats[5.5.1047~1-09a63]:Read():wave-reader.cc:249) Read in RIFF chunk size: 2147479588, data chunk size: 2147479552. Assume 'stream mode' (reading data to EOF).
VLOG[2] (compute-mfcc-feats[5.5.1047~1-09a63]:main():compute-mfcc-feats.cc:182) Processed features for key sp1.1-SuiSiann_1237
sox WARN wav: Length in output .wav header will be wrong since can't seek to fix it
VLOG[1] (compute-mfcc-feats[5.5.1047~1-09a63]:Read():wave-reader.cc:249) Read in RIFF chunk size: 2147479588, data chunk size: 2147479552. Assume 'stream mode' (reading data to EOF).
sox WARN wav: Length in output .wav header will be wrong since can't seek to fix it
VLOG[1] (compute-kaldi-pitch-feats[5.5.1047~1-09a63]:Read():wave-reader.cc:249) Read in RIFF chunk size: 2147479588, data chunk size: 2147479552. Assume 'stream mode' (reading data to EOF).
VLOG[2] (compute-mfcc-feats[5.5.1047~1-09a63]:main():compute-mfcc-feats.cc:182) Processed features for key sp1.1-SuiSiann_1238
sox WARN wav: Length in output .wav header will be wrong since can't seek to fix it
VLOG[1] (compute-mfcc-feats[5.5.1047~1-09a63]:Read():wave-reader.cc:249) Read in RIFF chunk size: 2147479588, data chunk size: 2147479552. Assume 'stream mode' (reading data to EOF).
sox WARN wav: Length in output .wav header will be wrong since can't seek to fix it
VLOG[1] (compute-kaldi-pitch-feats[5.5.1047~1-09a63]:Read():wave-reader.cc:249) Read in RIFF chunk size: 2147479588, data chunk size: 2147479552. Assume 'stream mode' (reading data to EOF).
VLOG[2] (compute-mfcc-feats[5.5.1047~1-09a63]:main():compute-mfcc-feats.cc:182) Processed features for key sp1.1-SuiSiann_1239
sox WARN wav: Length in output .wav header will be wrong since can't seek to fix it
VLOG[1] (compute-mfcc-feats[5.5.1047~1-09a63]:Read():wave-reader.cc:249) Read in RIFF chunk size: 2147479588, data chunk size: 2147479552. Assume 'stream mode' (reading data to EOF).
sox WARN wav: Length in output .wav header will be wrong since can't seek to fix it
VLOG[1] (compute-kaldi-pitch-feats[5.5.1047~1-09a63]:Read():wave-reader.cc:249) Read in RIFF chunk size: 2147479588, data chunk size: 2147479552. Assume 'stream mode' (reading data to EOF).
sox WARN wav: Length in output .wav header will be wrong since can't seek to fix it
VLOG[1] (compute-kaldi-pitch-feats[5.5.1047~1-09a63]:Read():wave-reader.cc:249) Read in RIFF chunk size: 2147479588, data chunk size: 2147479552. Assume 'stream mode' (reading data to EOF).
VLOG[2] (compute-mfcc-feats[5.5.1047~1-09a63]:main():compute-mfcc-feats.cc:182) Processed features for key sp1.1-SuiSiann_1240
sox WARN wav: Length in output .wav header will be wrong since can't seek to fix it
VLOG[1] (compute-mfcc-feats[5.5.1047~1-09a63]:Read():wave-reader.cc:249) Read in RIFF chunk size: 2147479588, data chunk size: 2147479552. Assume 'stream mode' (reading data to EOF).
LOG (compute-mfcc-feats[5.5.1047~1-09a63]:main():compute-mfcc-feats.cc:181) Processed 90 utterances
VLOG[2] (compute-mfcc-feats[5.5.1047~1-09a63]:main():compute-mfcc-feats.cc:182) Processed features for key sp1.1-SuiSiann_1241
sox WARN wav: Length in output .wav header will be wrong since can't seek to fix it
VLOG[1] (compute-mfcc-feats[5.5.1047~1-09a63]:Read():wave-reader.cc:249) Read in RIFF chunk size: 2147479588, data chunk size: 2147479552. Assume 'stream mode' (reading data to EOF).
sox WARN wav: Length in output .wav header will be wrong since can't seek to fix it
VLOG[1] (compute-kaldi-pitch-feats[5.5.1047~1-09a63]:Read():wave-reader.cc:249) Read in RIFF chunk size: 2147479588, data chunk size: 2147479552. Assume 'stream mode' (reading data to EOF).
sox WARN wav: Length in output .wav header will be wrong since can't seek to fix it
VLOG[1] (compute-kaldi-pitch-feats[5.5.1047~1-09a63]:Read():wave-reader.cc:249) Read in RIFF chunk size: 2147479588, data chunk size: 2147479552. Assume 'stream mode' (reading data to EOF).
VLOG[2] (compute-mfcc-feats[5.5.1047~1-09a63]:main():compute-mfcc-feats.cc:182) Processed features for key sp1.1-SuiSiann_1242
sox WARN wav: Length in output .wav header will be wrong since can't seek to fix it
VLOG[1] (compute-mfcc-feats[5.5.1047~1-09a63]:Read():wave-reader.cc:249) Read in RIFF chunk size: 2147479588, data chunk size: 2147479552. Assume 'stream mode' (reading data to EOF).
VLOG[2] (compute-mfcc-feats[5.5.1047~1-09a63]:main():compute-mfcc-feats.cc:182) Processed features for key sp1.1-SuiSiann_1243
sox WARN wav: Length in output .wav header will be wrong since can't seek to fix it
VLOG[1] (compute-mfcc-feats[5.5.1047~1-09a63]:Read():wave-reader.cc:249) Read in RIFF chunk size: 2147479588, data chunk size: 2147479552. Assume 'stream mode' (reading data to EOF).
sox WARN wav: Length in output .wav header will be wrong since can't seek to fix it
VLOG[1] (compute-kaldi-pitch-feats[5.5.1047~1-09a63]:Read():wave-reader.cc:249) Read in RIFF chunk size: 2147479588, data chunk size: 2147479552. Assume 'stream mode' (reading data to EOF).
VLOG[2] (compute-mfcc-feats[5.5.1047~1-09a63]:main():compute-mfcc-feats.cc:182) Processed features for key sp1.1-SuiSiann_1244
sox WARN wav: Length in output .wav header will be wrong since can't seek to fix it
VLOG[1] (compute-mfcc-feats[5.5.1047~1-09a63]:Read():wave-reader.cc:249) Read in RIFF chunk size: 2147479588, data chunk size: 2147479552. Assume 'stream mode' (reading data to EOF).
sox WARN wav: Length in output .wav header will be wrong since can't seek to fix it
VLOG[1] (compute-kaldi-pitch-feats[5.5.1047~1-09a63]:Read():wave-reader.cc:249) Read in RIFF chunk size: 2147479588, data chunk size: 2147479552. Assume 'stream mode' (reading data to EOF).
VLOG[2] (compute-mfcc-feats[5.5.1047~1-09a63]:main():compute-mfcc-feats.cc:182) Processed features for key sp1.1-SuiSiann_1245
sox WARN wav: Length in output .wav header will be wrong since can't seek to fix it
VLOG[1] (compute-mfcc-feats[5.5.1047~1-09a63]:Read():wave-reader.cc:249) Read in RIFF chunk size: 2147479588, data chunk size: 2147479552. Assume 'stream mode' (reading data to EOF).
sox WARN wav: Length in output .wav header will be wrong since can't seek to fix it
VLOG[1] (compute-kaldi-pitch-feats[5.5.1047~1-09a63]:Read():wave-reader.cc:249) Read in RIFF chunk size: 2147479588, data chunk size: 2147479552. Assume 'stream mode' (reading data to EOF).
sox WARN wav: Length in output .wav header will be wrong since can't seek to fix it
VLOG[1] (compute-kaldi-pitch-feats[5.5.1047~1-09a63]:Read():wave-reader.cc:249) Read in RIFF chunk size: 2147479588, data chunk size: 2147479552. Assume 'stream mode' (reading data to EOF).
VLOG[2] (compute-mfcc-feats[5.5.1047~1-09a63]:main():compute-mfcc-feats.cc:182) Processed features for key sp1.1-SuiSiann_1246
sox WARN wav: Length in output .wav header will be wrong since can't seek to fix it
VLOG[1] (compute-mfcc-feats[5.5.1047~1-09a63]:Read():wave-reader.cc:249) Read in RIFF chunk size: 2147479588, data chunk size: 2147479552. Assume 'stream mode' (reading data to EOF).
sox WARN wav: Length in output .wav header will be wrong since can't seek to fix it
VLOG[1] (compute-kaldi-pitch-feats[5.5.1047~1-09a63]:Read():wave-reader.cc:249) Read in RIFF chunk size: 2147479588, data chunk size: 2147479552. Assume 'stream mode' (reading data to EOF).
VLOG[2] (compute-mfcc-feats[5.5.1047~1-09a63]:main():compute-mfcc-feats.cc:182) Processed features for key sp1.1-SuiSiann_1247
sox WARN wav: Length in output .wav header will be wrong since can't seek to fix it
VLOG[1] (compute-mfcc-feats[5.5.1047~1-09a63]:Read():wave-reader.cc:249) Read in RIFF chunk size: 2147479588, data chunk size: 2147479552. Assume 'stream mode' (reading data to EOF).
VLOG[2] (compute-mfcc-feats[5.5.1047~1-09a63]:main():compute-mfcc-feats.cc:182) Processed features for key sp1.1-SuiSiann_1248
sox WARN wav: Length in output .wav header will be wrong since can't seek to fix it
VLOG[1] (compute-mfcc-feats[5.5.1047~1-09a63]:Read():wave-reader.cc:249) Read in RIFF chunk size: 2147479588, data chunk size: 2147479552. Assume 'stream mode' (reading data to EOF).
sox WARN wav: Length in output .wav header will be wrong since can't seek to fix it
VLOG[1] (compute-kaldi-pitch-feats[5.5.1047~1-09a63]:Read():wave-reader.cc:249) Read in RIFF chunk size: 2147479588, data chunk size: 2147479552. Assume 'stream mode' (reading data to EOF).
sox WARN wav: Length in output .wav header will be wrong since can't seek to fix it
VLOG[1] (compute-kaldi-pitch-feats[5.5.1047~1-09a63]:Read():wave-reader.cc:249) Read in RIFF chunk size: 2147479588, data chunk size: 2147479552. Assume 'stream mode' (reading data to EOF).
VLOG[2] (compute-mfcc-feats[5.5.1047~1-09a63]:main():compute-mfcc-feats.cc:182) Processed features for key sp1.1-SuiSiann_1249
sox WARN wav: Length in output .wav header will be wrong since can't seek to fix it
VLOG[1] (compute-mfcc-feats[5.5.1047~1-09a63]:Read():wave-reader.cc:249) Read in RIFF chunk size: 2147479588, data chunk size: 2147479552. Assume 'stream mode' (reading data to EOF).
VLOG[2] (compute-mfcc-feats[5.5.1047~1-09a63]:main():compute-mfcc-feats.cc:182) Processed features for key sp1.1-SuiSiann_1250
sox WARN wav: Length in output .wav header will be wrong since can't seek to fix it
VLOG[1] (compute-mfcc-feats[5.5.1047~1-09a63]:Read():wave-reader.cc:249) Read in RIFF chunk size: 2147479588, data chunk size: 2147479552. Assume 'stream mode' (reading data to EOF).
sox WARN wav: Length in output .wav header will be wrong since can't seek to fix it
VLOG[1] (compute-kaldi-pitch-feats[5.5.1047~1-09a63]:Read():wave-reader.cc:249) Read in RIFF chunk size: 2147479588, data chunk size: 2147479552. Assume 'stream mode' (reading data to EOF).
LOG (compute-mfcc-feats[5.5.1047~1-09a63]:main():compute-mfcc-feats.cc:181) Processed 100 utterances
VLOG[2] (compute-mfcc-feats[5.5.1047~1-09a63]:main():compute-mfcc-feats.cc:182) Processed features for key sp1.1-SuiSiann_1251
sox WARN wav: Length in output .wav header will be wrong since can't seek to fix it
VLOG[1] (compute-mfcc-feats[5.5.1047~1-09a63]:Read():wave-reader.cc:249) Read in RIFF chunk size: 2147479588, data chunk size: 2147479552. Assume 'stream mode' (reading data to EOF).
sox WARN wav: Length in output .wav header will be wrong since can't seek to fix it
VLOG[1] (compute-kaldi-pitch-feats[5.5.1047~1-09a63]:Read():wave-reader.cc:249) Read in RIFF chunk size: 2147479588, data chunk size: 2147479552. Assume 'stream mode' (reading data to EOF).
VLOG[2] (compute-mfcc-feats[5.5.1047~1-09a63]:main():compute-mfcc-feats.cc:182) Processed features for key sp1.1-SuiSiann_1252
sox WARN wav: Length in output .wav header will be wrong since can't seek to fix it
VLOG[1] (compute-mfcc-feats[5.5.1047~1-09a63]:Read():wave-reader.cc:249) Read in RIFF chunk size: 2147479588, data chunk size: 2147479552. Assume 'stream mode' (reading data to EOF).
sox WARN wav: Length in output .wav header will be wrong since can't seek to fix it
VLOG[1] (compute-kaldi-pitch-feats[5.5.1047~1-09a63]:Read():wave-reader.cc:249) Read in RIFF chunk size: 2147479588, data chunk size: 2147479552. Assume 'stream mode' (reading data to EOF).
VLOG[2] (compute-mfcc-feats[5.5.1047~1-09a63]:main():compute-mfcc-feats.cc:182) Processed features for key sp1.1-SuiSiann_1253
sox WARN wav: Length in output .wav header will be wrong since can't seek to fix it
VLOG[1] (compute-mfcc-feats[5.5.1047~1-09a63]:Read():wave-reader.cc:249) Read in RIFF chunk size: 2147479588, data chunk size: 2147479552. Assume 'stream mode' (reading data to EOF).
VLOG[2] (compute-kaldi-pitch-feats[5.5.1047~1-09a63]:main():compute-kaldi-pitch-feats.cc:107) Processed 100 utterances
sox WARN wav: Length in output .wav header will be wrong since can't seek to fix it
VLOG[1] (compute-kaldi-pitch-feats[5.5.1047~1-09a63]:Read():wave-reader.cc:249) Read in RIFF chunk size: 2147479588, data chunk size: 2147479552. Assume 'stream mode' (reading data to EOF).
sox WARN wav: Length in output .wav header will be wrong since can't seek to fix it
VLOG[1] (compute-kaldi-pitch-feats[5.5.1047~1-09a63]:Read():wave-reader.cc:249) Read in RIFF chunk size: 2147479588, data chunk size: 2147479552. Assume 'stream mode' (reading data to EOF).
VLOG[2] (compute-mfcc-feats[5.5.1047~1-09a63]:main():compute-mfcc-feats.cc:182) Processed features for key sp1.1-SuiSiann_1254
sox WARN wav: Length in output .wav header will be wrong since can't seek to fix it
VLOG[1] (compute-mfcc-feats[5.5.1047~1-09a63]:Read():wave-reader.cc:249) Read in RIFF chunk size: 2147479588, data chunk size: 2147479552. Assume 'stream mode' (reading data to EOF).
VLOG[2] (compute-mfcc-feats[5.5.1047~1-09a63]:main():compute-mfcc-feats.cc:182) Processed features for key sp1.1-SuiSiann_1255
sox WARN wav: Length in output .wav header will be wrong since can't seek to fix it
sox WARN wav: Length in output .wav header will be wrong since can't seek to fix it
VLOG[1] (compute-mfcc-feats[5.5.1047~1-09a63]:Read():wave-reader.cc:249) Read in RIFF chunk size: 2147479588, data chunk size: 2147479552. Assume 'stream mode' (reading data to EOF).
VLOG[1] (compute-kaldi-pitch-feats[5.5.1047~1-09a63]:Read():wave-reader.cc:249) Read in RIFF chunk size: 2147479588, data chunk size: 2147479552. Assume 'stream mode' (reading data to EOF).
VLOG[2] (compute-mfcc-feats[5.5.1047~1-09a63]:main():compute-mfcc-feats.cc:182) Processed features for key sp1.1-SuiSiann_1256
sox WARN wav: Length in output .wav header will be wrong since can't seek to fix it
VLOG[1] (compute-mfcc-feats[5.5.1047~1-09a63]:Read():wave-reader.cc:249) Read in RIFF chunk size: 2147479588, data chunk size: 2147479552. Assume 'stream mode' (reading data to EOF).
VLOG[2] (compute-mfcc-feats[5.5.1047~1-09a63]:main():compute-mfcc-feats.cc:182) Processed features for key sp1.1-SuiSiann_1257
LOG (compute-mfcc-feats[5.5.1047~1-09a63]:main():compute-mfcc-feats.cc:185)  Done 106 out of 106 utterances.
sox WARN wav: Length in output .wav header will be wrong since can't seek to fix it
VLOG[1] (compute-kaldi-pitch-feats[5.5.1047~1-09a63]:Read():wave-reader.cc:249) Read in RIFF chunk size: 2147479588, data chunk size: 2147479552. Assume 'stream mode' (reading data to EOF).
sox WARN wav: Length in output .wav header will be wrong since can't seek to fix it
VLOG[1] (compute-kaldi-pitch-feats[5.5.1047~1-09a63]:Read():wave-reader.cc:249) Read in RIFF chunk size: 2147479588, data chunk size: 2147479552. Assume 'stream mode' (reading data to EOF).
LOG (compute-kaldi-pitch-feats[5.5.1047~1-09a63]:main():compute-kaldi-pitch-feats.cc:110) Done 106 utterances, 0 with errors.
LOG (process-kaldi-pitch-feats[5.5.1047~1-09a63]:main():process-kaldi-pitch-feats.cc:85) Post-processed pitch for 106 utterances.
LOG (paste-feats[5.5.1047~1-09a63]:main():paste-feats.cc:158) Done 106 utts, errors on 0
LOG (copy-feats[5.5.1047~1-09a63]:main():copy-feats.cc:143) Copied 106 feature matrices.
# Accounting: time=7 threads=1
# Ended (code 0) at Wed Sep  7 20:38:07 CST 2022, elapsed time 7 seconds
