# build-tree --verbose=1 --max-leaves=3500 --cluster-thresh=-1 exp/tri5a/treeacc data/lang/phones/roots.int exp/tri5a/questions.qst data/lang/topo exp/tri5a/tree 
# Started at Wed Sep 28 18:09:47 CST 2022
#
build-tree --verbose=1 --max-leaves=3500 --cluster-thresh=-1 exp/tri5a/treeacc data/lang/phones/roots.int exp/tri5a/questions.qst data/lang/topo exp/tri5a/tree 
LOG (build-tree[5.5.1049~1-4592c5]:main():build-tree.cc:104) Number of separate statistics is 48785
LOG (build-tree[5.5.1049~1-4592c5]:BuildTree():build-tree.cc:161) BuildTree: before building trees, map has 282 leaves.
LOG (build-tree[5.5.1049~1-4592c5]:SplitDecisionTree():build-tree-utils.cc:577) DoDecisionTreeSplit: split 3218 times, #leaves now 3500
LOG (build-tree[5.5.1049~1-4592c5]:BuildTree():build-tree.cc:187) Setting clustering threshold to smallest split 485.578
VLOG[1] (build-tree[5.5.1049~1-4592c5]:BuildTree():build-tree.cc:196) After decision tree split, num-leaves = 3500, like-impr = 10.0899 per frame over 788240 frames.
VLOG[1] (build-tree[5.5.1049~1-4592c5]:BuildTree():build-tree.cc:200) Including just phones that were split, improvement is 10.0899 per frame over 788240 frames.
LOG (build-tree[5.5.1049~1-4592c5]:BuildTree():build-tree.cc:215) BuildTree: removed 710 leaves.
VLOG[1] (build-tree[5.5.1049~1-4592c5]:ClusterEventMapToNClustersRestrictedByMap():build-tree-utils.cc:914) Number of non-empty clusters in map = 275
VLOG[1] (build-tree[5.5.1049~1-4592c5]:ClusterEventMapToNClustersRestrictedByMap():build-tree-utils.cc:915) Number of non-empty clusters = 2783
LOG (build-tree[5.5.1049~1-4592c5]:BuildTree():build-tree.cc:231) BuildTree: Rounded num leaves to multiple of 8 by removing 6 leaves.
VLOG[1] (build-tree[5.5.1049~1-4592c5]:BuildTree():build-tree.cc:256) Objf change due to clustering -0.296027 per frame.
VLOG[1] (build-tree[5.5.1049~1-4592c5]:BuildTree():build-tree.cc:259) Normalizing over only split phones, this is: -0.296027 per frame.
VLOG[1] (build-tree[5.5.1049~1-4592c5]:BuildTree():build-tree.cc:262) Num-leaves is now 2784
VLOG[1] (build-tree[5.5.1049~1-4592c5]:main():build-tree.cc:143) For pdf-id 1, low count 0
VLOG[1] (build-tree[5.5.1049~1-4592c5]:main():build-tree.cc:143) For pdf-id 2, low count 74
VLOG[1] (build-tree[5.5.1049~1-4592c5]:main():build-tree.cc:143) For pdf-id 5, low count 73
VLOG[1] (build-tree[5.5.1049~1-4592c5]:main():build-tree.cc:143) For pdf-id 7, low count 34
VLOG[1] (build-tree[5.5.1049~1-4592c5]:main():build-tree.cc:143) For pdf-id 8, low count 52
VLOG[1] (build-tree[5.5.1049~1-4592c5]:main():build-tree.cc:143) For pdf-id 9, low count 83
VLOG[1] (build-tree[5.5.1049~1-4592c5]:main():build-tree.cc:143) For pdf-id 13, low count 31
VLOG[1] (build-tree[5.5.1049~1-4592c5]:main():build-tree.cc:143) For pdf-id 14, low count 27
VLOG[1] (build-tree[5.5.1049~1-4592c5]:main():build-tree.cc:143) For pdf-id 15, low count 0
VLOG[1] (build-tree[5.5.1049~1-4592c5]:main():build-tree.cc:143) For pdf-id 17, low count 78
VLOG[1] (build-tree[5.5.1049~1-4592c5]:main():build-tree.cc:143) For pdf-id 18, low count 27
VLOG[1] (build-tree[5.5.1049~1-4592c5]:main():build-tree.cc:143) For pdf-id 19, low count 17
VLOG[1] (build-tree[5.5.1049~1-4592c5]:main():build-tree.cc:143) For pdf-id 22, low count 53
VLOG[1] (build-tree[5.5.1049~1-4592c5]:main():build-tree.cc:143) For pdf-id 28, low count 84
VLOG[1] (build-tree[5.5.1049~1-4592c5]:main():build-tree.cc:143) For pdf-id 29, low count 88
VLOG[1] (build-tree[5.5.1049~1-4592c5]:main():build-tree.cc:143) For pdf-id 30, low count 31
VLOG[1] (build-tree[5.5.1049~1-4592c5]:main():build-tree.cc:143) For pdf-id 38, low count 20
VLOG[1] (build-tree[5.5.1049~1-4592c5]:main():build-tree.cc:143) For pdf-id 39, low count 32
VLOG[1] (build-tree[5.5.1049~1-4592c5]:main():build-tree.cc:143) For pdf-id 40, low count 19
VLOG[1] (build-tree[5.5.1049~1-4592c5]:main():build-tree.cc:143) For pdf-id 42, low count 88
VLOG[1] (build-tree[5.5.1049~1-4592c5]:main():build-tree.cc:143) For pdf-id 43, low count 41
VLOG[1] (build-tree[5.5.1049~1-4592c5]:main():build-tree.cc:143) For pdf-id 44, low count 15
VLOG[1] (build-tree[5.5.1049~1-4592c5]:main():build-tree.cc:143) For pdf-id 47, low count 51
VLOG[1] (build-tree[5.5.1049~1-4592c5]:main():build-tree.cc:143) For pdf-id 50, low count 67
VLOG[1] (build-tree[5.5.1049~1-4592c5]:main():build-tree.cc:143) For pdf-id 51, low count 16
VLOG[1] (build-tree[5.5.1049~1-4592c5]:main():build-tree.cc:143) For pdf-id 52, low count 84
VLOG[1] (build-tree[5.5.1049~1-4592c5]:main():build-tree.cc:143) For pdf-id 53, low count 5
VLOG[1] (build-tree[5.5.1049~1-4592c5]:main():build-tree.cc:143) For pdf-id 57, low count 81
VLOG[1] (build-tree[5.5.1049~1-4592c5]:main():build-tree.cc:143) For pdf-id 58, low count 72
VLOG[1] (build-tree[5.5.1049~1-4592c5]:main():build-tree.cc:143) For pdf-id 64, low count 6
VLOG[1] (build-tree[5.5.1049~1-4592c5]:main():build-tree.cc:143) For pdf-id 65, low count 83
VLOG[1] (build-tree[5.5.1049~1-4592c5]:main():build-tree.cc:143) For pdf-id 66, low count 22
VLOG[1] (build-tree[5.5.1049~1-4592c5]:main():build-tree.cc:143) For pdf-id 67, low count 43
VLOG[1] (build-tree[5.5.1049~1-4592c5]:main():build-tree.cc:143) For pdf-id 68, low count 6
VLOG[1] (build-tree[5.5.1049~1-4592c5]:main():build-tree.cc:143) For pdf-id 69, low count 20
VLOG[1] (build-tree[5.5.1049~1-4592c5]:main():build-tree.cc:143) For pdf-id 70, low count 78
VLOG[1] (build-tree[5.5.1049~1-4592c5]:main():build-tree.cc:143) For pdf-id 72, low count 6
VLOG[1] (build-tree[5.5.1049~1-4592c5]:main():build-tree.cc:143) For pdf-id 77, low count 0
VLOG[1] (build-tree[5.5.1049~1-4592c5]:main():build-tree.cc:143) For pdf-id 78, low count 68
VLOG[1] (build-tree[5.5.1049~1-4592c5]:main():build-tree.cc:143) For pdf-id 79, low count 91
VLOG[1] (build-tree[5.5.1049~1-4592c5]:main():build-tree.cc:143) For pdf-id 81, low count 72
VLOG[1] (build-tree[5.5.1049~1-4592c5]:main():build-tree.cc:143) For pdf-id 85, low count 29
VLOG[1] (build-tree[5.5.1049~1-4592c5]:main():build-tree.cc:143) For pdf-id 86, low count 77
VLOG[1] (build-tree[5.5.1049~1-4592c5]:main():build-tree.cc:143) For pdf-id 87, low count 54
VLOG[1] (build-tree[5.5.1049~1-4592c5]:main():build-tree.cc:143) For pdf-id 91, low count 63
VLOG[1] (build-tree[5.5.1049~1-4592c5]:main():build-tree.cc:143) For pdf-id 93, low count 66
VLOG[1] (build-tree[5.5.1049~1-4592c5]:main():build-tree.cc:143) For pdf-id 94, low count 47
VLOG[1] (build-tree[5.5.1049~1-4592c5]:main():build-tree.cc:143) For pdf-id 95, low count 15
VLOG[1] (build-tree[5.5.1049~1-4592c5]:main():build-tree.cc:143) For pdf-id 96, low count 39
VLOG[1] (build-tree[5.5.1049~1-4592c5]:main():build-tree.cc:143) For pdf-id 97, low count 70
VLOG[1] (build-tree[5.5.1049~1-4592c5]:main():build-tree.cc:143) For pdf-id 98, low count 89
VLOG[1] (build-tree[5.5.1049~1-4592c5]:main():build-tree.cc:143) For pdf-id 99, low count 73
VLOG[1] (build-tree[5.5.1049~1-4592c5]:main():build-tree.cc:143) For pdf-id 100, low count 6
VLOG[1] (build-tree[5.5.1049~1-4592c5]:main():build-tree.cc:143) For pdf-id 101, low count 3
VLOG[1] (build-tree[5.5.1049~1-4592c5]:main():build-tree.cc:143) For pdf-id 102, low count 55
VLOG[1] (build-tree[5.5.1049~1-4592c5]:main():build-tree.cc:143) For pdf-id 106, low count 88
VLOG[1] (build-tree[5.5.1049~1-4592c5]:main():build-tree.cc:143) For pdf-id 107, low count 92
VLOG[1] (build-tree[5.5.1049~1-4592c5]:main():build-tree.cc:143) For pdf-id 108, low count 33
VLOG[1] (build-tree[5.5.1049~1-4592c5]:main():build-tree.cc:143) For pdf-id 109, low count 78
VLOG[1] (build-tree[5.5.1049~1-4592c5]:main():build-tree.cc:143) For pdf-id 112, low count 51
VLOG[1] (build-tree[5.5.1049~1-4592c5]:main():build-tree.cc:143) For pdf-id 118, low count 19
VLOG[1] (build-tree[5.5.1049~1-4592c5]:main():build-tree.cc:143) For pdf-id 119, low count 8
VLOG[1] (build-tree[5.5.1049~1-4592c5]:main():build-tree.cc:143) For pdf-id 120, low count 75
VLOG[1] (build-tree[5.5.1049~1-4592c5]:main():build-tree.cc:143) For pdf-id 125, low count 93
VLOG[1] (build-tree[5.5.1049~1-4592c5]:main():build-tree.cc:143) For pdf-id 127, low count 48
VLOG[1] (build-tree[5.5.1049~1-4592c5]:main():build-tree.cc:143) For pdf-id 128, low count 39
VLOG[1] (build-tree[5.5.1049~1-4592c5]:main():build-tree.cc:143) For pdf-id 137, low count 59
VLOG[1] (build-tree[5.5.1049~1-4592c5]:main():build-tree.cc:143) For pdf-id 138, low count 71
VLOG[1] (build-tree[5.5.1049~1-4592c5]:main():build-tree.cc:143) For pdf-id 139, low count 61
VLOG[1] (build-tree[5.5.1049~1-4592c5]:main():build-tree.cc:143) For pdf-id 141, low count 46
VLOG[1] (build-tree[5.5.1049~1-4592c5]:main():build-tree.cc:143) For pdf-id 143, low count 46
VLOG[1] (build-tree[5.5.1049~1-4592c5]:main():build-tree.cc:143) For pdf-id 144, low count 34
VLOG[1] (build-tree[5.5.1049~1-4592c5]:main():build-tree.cc:143) For pdf-id 146, low count 44
VLOG[1] (build-tree[5.5.1049~1-4592c5]:main():build-tree.cc:143) For pdf-id 149, low count 56
VLOG[1] (build-tree[5.5.1049~1-4592c5]:main():build-tree.cc:143) For pdf-id 150, low count 66
VLOG[1] (build-tree[5.5.1049~1-4592c5]:main():build-tree.cc:143) For pdf-id 151, low count 94
VLOG[1] (build-tree[5.5.1049~1-4592c5]:main():build-tree.cc:143) For pdf-id 153, low count 25
VLOG[1] (build-tree[5.5.1049~1-4592c5]:main():build-tree.cc:143) For pdf-id 157, low count 46
VLOG[1] (build-tree[5.5.1049~1-4592c5]:main():build-tree.cc:143) For pdf-id 160, low count 58
VLOG[1] (build-tree[5.5.1049~1-4592c5]:main():build-tree.cc:143) For pdf-id 163, low count 26
VLOG[1] (build-tree[5.5.1049~1-4592c5]:main():build-tree.cc:143) For pdf-id 168, low count 78
VLOG[1] (build-tree[5.5.1049~1-4592c5]:main():build-tree.cc:143) For pdf-id 170, low count 72
VLOG[1] (build-tree[5.5.1049~1-4592c5]:main():build-tree.cc:143) For pdf-id 171, low count 71
VLOG[1] (build-tree[5.5.1049~1-4592c5]:main():build-tree.cc:143) For pdf-id 173, low count 71
VLOG[1] (build-tree[5.5.1049~1-4592c5]:main():build-tree.cc:143) For pdf-id 174, low count 68
VLOG[1] (build-tree[5.5.1049~1-4592c5]:main():build-tree.cc:143) For pdf-id 180, low count 30
VLOG[1] (build-tree[5.5.1049~1-4592c5]:main():build-tree.cc:143) For pdf-id 181, low count 26
VLOG[1] (build-tree[5.5.1049~1-4592c5]:main():build-tree.cc:143) For pdf-id 182, low count 0
VLOG[1] (build-tree[5.5.1049~1-4592c5]:main():build-tree.cc:143) For pdf-id 188, low count 44
VLOG[1] (build-tree[5.5.1049~1-4592c5]:main():build-tree.cc:143) For pdf-id 193, low count 47
VLOG[1] (build-tree[5.5.1049~1-4592c5]:main():build-tree.cc:143) For pdf-id 195, low count 64
VLOG[1] (build-tree[5.5.1049~1-4592c5]:main():build-tree.cc:143) For pdf-id 200, low count 0
VLOG[1] (build-tree[5.5.1049~1-4592c5]:main():build-tree.cc:143) For pdf-id 203, low count 54
VLOG[1] (build-tree[5.5.1049~1-4592c5]:main():build-tree.cc:143) For pdf-id 204, low count 80
VLOG[1] (build-tree[5.5.1049~1-4592c5]:main():build-tree.cc:143) For pdf-id 205, low count 67
VLOG[1] (build-tree[5.5.1049~1-4592c5]:main():build-tree.cc:143) For pdf-id 206, low count 6
VLOG[1] (build-tree[5.5.1049~1-4592c5]:main():build-tree.cc:143) For pdf-id 207, low count 0
VLOG[1] (build-tree[5.5.1049~1-4592c5]:main():build-tree.cc:143) For pdf-id 208, low count 15
VLOG[1] (build-tree[5.5.1049~1-4592c5]:main():build-tree.cc:143) For pdf-id 209, low count 45
VLOG[1] (build-tree[5.5.1049~1-4592c5]:main():build-tree.cc:143) For pdf-id 211, low count 71
VLOG[1] (build-tree[5.5.1049~1-4592c5]:main():build-tree.cc:143) For pdf-id 213, low count 83
VLOG[1] (build-tree[5.5.1049~1-4592c5]:main():build-tree.cc:143) For pdf-id 214, low count 26
VLOG[1] (build-tree[5.5.1049~1-4592c5]:main():build-tree.cc:143) For pdf-id 216, low count 72
VLOG[1] (build-tree[5.5.1049~1-4592c5]:main():build-tree.cc:143) For pdf-id 217, low count 5
VLOG[1] (build-tree[5.5.1049~1-4592c5]:main():build-tree.cc:143) For pdf-id 218, low count 4
VLOG[1] (build-tree[5.5.1049~1-4592c5]:main():build-tree.cc:143) For pdf-id 227, low count 77
VLOG[1] (build-tree[5.5.1049~1-4592c5]:main():build-tree.cc:143) For pdf-id 231, low count 57
VLOG[1] (build-tree[5.5.1049~1-4592c5]:main():build-tree.cc:143) For pdf-id 234, low count 74
VLOG[1] (build-tree[5.5.1049~1-4592c5]:main():build-tree.cc:143) For pdf-id 237, low count 47
VLOG[1] (build-tree[5.5.1049~1-4592c5]:main():build-tree.cc:143) For pdf-id 238, low count 54
VLOG[1] (build-tree[5.5.1049~1-4592c5]:main():build-tree.cc:143) For pdf-id 239, low count 11
VLOG[1] (build-tree[5.5.1049~1-4592c5]:main():build-tree.cc:143) For pdf-id 240, low count 86
VLOG[1] (build-tree[5.5.1049~1-4592c5]:main():build-tree.cc:143) For pdf-id 241, low count 9
VLOG[1] (build-tree[5.5.1049~1-4592c5]:main():build-tree.cc:143) For pdf-id 242, low count 0
VLOG[1] (build-tree[5.5.1049~1-4592c5]:main():build-tree.cc:143) For pdf-id 243, low count 83
VLOG[1] (build-tree[5.5.1049~1-4592c5]:main():build-tree.cc:143) For pdf-id 244, low count 22
VLOG[1] (build-tree[5.5.1049~1-4592c5]:main():build-tree.cc:143) For pdf-id 245, low count 52
VLOG[1] (build-tree[5.5.1049~1-4592c5]:main():build-tree.cc:143) For pdf-id 246, low count 90
VLOG[1] (build-tree[5.5.1049~1-4592c5]:main():build-tree.cc:143) For pdf-id 247, low count 97
VLOG[1] (build-tree[5.5.1049~1-4592c5]:main():build-tree.cc:143) For pdf-id 250, low count 49
VLOG[1] (build-tree[5.5.1049~1-4592c5]:main():build-tree.cc:143) For pdf-id 252, low count 99
VLOG[1] (build-tree[5.5.1049~1-4592c5]:main():build-tree.cc:143) For pdf-id 255, low count 72
VLOG[1] (build-tree[5.5.1049~1-4592c5]:main():build-tree.cc:143) For pdf-id 257, low count 32
VLOG[1] (build-tree[5.5.1049~1-4592c5]:main():build-tree.cc:143) For pdf-id 258, low count 48
VLOG[1] (build-tree[5.5.1049~1-4592c5]:main():build-tree.cc:143) For pdf-id 260, low count 79
VLOG[1] (build-tree[5.5.1049~1-4592c5]:main():build-tree.cc:143) For pdf-id 265, low count 8
VLOG[1] (build-tree[5.5.1049~1-4592c5]:main():build-tree.cc:143) For pdf-id 266, low count 6
VLOG[1] (build-tree[5.5.1049~1-4592c5]:main():build-tree.cc:143) For pdf-id 272, low count 3
VLOG[1] (build-tree[5.5.1049~1-4592c5]:main():build-tree.cc:143) For pdf-id 273, low count 12
VLOG[1] (build-tree[5.5.1049~1-4592c5]:main():build-tree.cc:143) For pdf-id 274, low count 15
VLOG[1] (build-tree[5.5.1049~1-4592c5]:main():build-tree.cc:143) For pdf-id 277, low count 46
VLOG[1] (build-tree[5.5.1049~1-4592c5]:main():build-tree.cc:143) For pdf-id 299, low count 76
VLOG[1] (build-tree[5.5.1049~1-4592c5]:main():build-tree.cc:143) For pdf-id 304, low count 85
VLOG[1] (build-tree[5.5.1049~1-4592c5]:main():build-tree.cc:143) For pdf-id 308, low count 48
VLOG[1] (build-tree[5.5.1049~1-4592c5]:main():build-tree.cc:143) For pdf-id 310, low count 88
VLOG[1] (build-tree[5.5.1049~1-4592c5]:main():build-tree.cc:143) For pdf-id 313, low count 51
VLOG[1] (build-tree[5.5.1049~1-4592c5]:main():build-tree.cc:143) For pdf-id 315, low count 57
VLOG[1] (build-tree[5.5.1049~1-4592c5]:main():build-tree.cc:143) For pdf-id 317, low count 97
VLOG[1] (build-tree[5.5.1049~1-4592c5]:main():build-tree.cc:143) For pdf-id 323, low count 65
VLOG[1] (build-tree[5.5.1049~1-4592c5]:main():build-tree.cc:143) For pdf-id 332, low count 98
VLOG[1] (build-tree[5.5.1049~1-4592c5]:main():build-tree.cc:143) For pdf-id 333, low count 72
VLOG[1] (build-tree[5.5.1049~1-4592c5]:main():build-tree.cc:143) For pdf-id 339, low count 85
VLOG[1] (build-tree[5.5.1049~1-4592c5]:main():build-tree.cc:143) For pdf-id 340, low count 53
VLOG[1] (build-tree[5.5.1049~1-4592c5]:main():build-tree.cc:143) For pdf-id 357, low count 99
VLOG[1] (build-tree[5.5.1049~1-4592c5]:main():build-tree.cc:143) For pdf-id 359, low count 91
VLOG[1] (build-tree[5.5.1049~1-4592c5]:main():build-tree.cc:143) For pdf-id 360, low count 61
VLOG[1] (build-tree[5.5.1049~1-4592c5]:main():build-tree.cc:143) For pdf-id 361, low count 98
VLOG[1] (build-tree[5.5.1049~1-4592c5]:main():build-tree.cc:143) For pdf-id 363, low count 79
VLOG[1] (build-tree[5.5.1049~1-4592c5]:main():build-tree.cc:143) For pdf-id 369, low count 49
VLOG[1] (build-tree[5.5.1049~1-4592c5]:main():build-tree.cc:143) For pdf-id 383, low count 48
VLOG[1] (build-tree[5.5.1049~1-4592c5]:main():build-tree.cc:143) For pdf-id 386, low count 54
VLOG[1] (build-tree[5.5.1049~1-4592c5]:main():build-tree.cc:143) For pdf-id 398, low count 88
VLOG[1] (build-tree[5.5.1049~1-4592c5]:main():build-tree.cc:143) For pdf-id 400, low count 42
VLOG[1] (build-tree[5.5.1049~1-4592c5]:main():build-tree.cc:143) For pdf-id 409, low count 72
VLOG[1] (build-tree[5.5.1049~1-4592c5]:main():build-tree.cc:143) For pdf-id 414, low count 92
VLOG[1] (build-tree[5.5.1049~1-4592c5]:main():build-tree.cc:143) For pdf-id 418, low count 70
VLOG[1] (build-tree[5.5.1049~1-4592c5]:main():build-tree.cc:143) For pdf-id 420, low count 69
VLOG[1] (build-tree[5.5.1049~1-4592c5]:main():build-tree.cc:143) For pdf-id 422, low count 98
VLOG[1] (build-tree[5.5.1049~1-4592c5]:main():build-tree.cc:143) For pdf-id 430, low count 15
VLOG[1] (build-tree[5.5.1049~1-4592c5]:main():build-tree.cc:143) For pdf-id 431, low count 34
VLOG[1] (build-tree[5.5.1049~1-4592c5]:main():build-tree.cc:143) For pdf-id 432, low count 36
VLOG[1] (build-tree[5.5.1049~1-4592c5]:main():build-tree.cc:143) For pdf-id 434, low count 23
VLOG[1] (build-tree[5.5.1049~1-4592c5]:main():build-tree.cc:143) For pdf-id 437, low count 59
VLOG[1] (build-tree[5.5.1049~1-4592c5]:main():build-tree.cc:143) For pdf-id 439, low count 59
VLOG[1] (build-tree[5.5.1049~1-4592c5]:main():build-tree.cc:143) For pdf-id 443, low count 30
VLOG[1] (build-tree[5.5.1049~1-4592c5]:main():build-tree.cc:143) For pdf-id 447, low count 97
VLOG[1] (build-tree[5.5.1049~1-4592c5]:main():build-tree.cc:143) For pdf-id 453, low count 85
VLOG[1] (build-tree[5.5.1049~1-4592c5]:main():build-tree.cc:143) For pdf-id 454, low count 47
VLOG[1] (build-tree[5.5.1049~1-4592c5]:main():build-tree.cc:143) For pdf-id 456, low count 95
VLOG[1] (build-tree[5.5.1049~1-4592c5]:main():build-tree.cc:143) For pdf-id 459, low count 23
VLOG[1] (build-tree[5.5.1049~1-4592c5]:main():build-tree.cc:143) For pdf-id 462, low count 62
VLOG[1] (build-tree[5.5.1049~1-4592c5]:main():build-tree.cc:143) For pdf-id 471, low count 88
VLOG[1] (build-tree[5.5.1049~1-4592c5]:main():build-tree.cc:143) For pdf-id 474, low count 30
VLOG[1] (build-tree[5.5.1049~1-4592c5]:main():build-tree.cc:143) For pdf-id 475, low count 68
VLOG[1] (build-tree[5.5.1049~1-4592c5]:main():build-tree.cc:143) For pdf-id 478, low count 98
VLOG[1] (build-tree[5.5.1049~1-4592c5]:main():build-tree.cc:143) For pdf-id 480, low count 50
VLOG[1] (build-tree[5.5.1049~1-4592c5]:main():build-tree.cc:143) For pdf-id 481, low count 15
VLOG[1] (build-tree[5.5.1049~1-4592c5]:main():build-tree.cc:143) For pdf-id 482, low count 50
VLOG[1] (build-tree[5.5.1049~1-4592c5]:main():build-tree.cc:143) For pdf-id 484, low count 66
VLOG[1] (build-tree[5.5.1049~1-4592c5]:main():build-tree.cc:143) For pdf-id 492, low count 37
VLOG[1] (build-tree[5.5.1049~1-4592c5]:main():build-tree.cc:143) For pdf-id 494, low count 61
VLOG[1] (build-tree[5.5.1049~1-4592c5]:main():build-tree.cc:143) For pdf-id 495, low count 44
VLOG[1] (build-tree[5.5.1049~1-4592c5]:main():build-tree.cc:143) For pdf-id 496, low count 30
VLOG[1] (build-tree[5.5.1049~1-4592c5]:main():build-tree.cc:143) For pdf-id 499, low count 35
VLOG[1] (build-tree[5.5.1049~1-4592c5]:main():build-tree.cc:143) For pdf-id 506, low count 64
VLOG[1] (build-tree[5.5.1049~1-4592c5]:main():build-tree.cc:143) For pdf-id 507, low count 93
VLOG[1] (build-tree[5.5.1049~1-4592c5]:main():build-tree.cc:143) For pdf-id 509, low count 18
VLOG[1] (build-tree[5.5.1049~1-4592c5]:main():build-tree.cc:143) For pdf-id 516, low count 63
VLOG[1] (build-tree[5.5.1049~1-4592c5]:main():build-tree.cc:143) For pdf-id 517, low count 68
VLOG[1] (build-tree[5.5.1049~1-4592c5]:main():build-tree.cc:143) For pdf-id 521, low count 89
VLOG[1] (build-tree[5.5.1049~1-4592c5]:main():build-tree.cc:143) For pdf-id 522, low count 23
VLOG[1] (build-tree[5.5.1049~1-4592c5]:main():build-tree.cc:143) For pdf-id 525, low count 75
VLOG[1] (build-tree[5.5.1049~1-4592c5]:main():build-tree.cc:143) For pdf-id 531, low count 62
VLOG[1] (build-tree[5.5.1049~1-4592c5]:main():build-tree.cc:143) For pdf-id 538, low count 92
VLOG[1] (build-tree[5.5.1049~1-4592c5]:main():build-tree.cc:143) For pdf-id 543, low count 74
VLOG[1] (build-tree[5.5.1049~1-4592c5]:main():build-tree.cc:143) For pdf-id 549, low count 55
VLOG[1] (build-tree[5.5.1049~1-4592c5]:main():build-tree.cc:143) For pdf-id 555, low count 33
VLOG[1] (build-tree[5.5.1049~1-4592c5]:main():build-tree.cc:143) For pdf-id 559, low count 63
VLOG[1] (build-tree[5.5.1049~1-4592c5]:main():build-tree.cc:143) For pdf-id 564, low count 67
VLOG[1] (build-tree[5.5.1049~1-4592c5]:main():build-tree.cc:143) For pdf-id 565, low count 73
VLOG[1] (build-tree[5.5.1049~1-4592c5]:main():build-tree.cc:143) For pdf-id 580, low count 89
VLOG[1] (build-tree[5.5.1049~1-4592c5]:main():build-tree.cc:143) For pdf-id 581, low count 95
VLOG[1] (build-tree[5.5.1049~1-4592c5]:main():build-tree.cc:143) For pdf-id 584, low count 88
VLOG[1] (build-tree[5.5.1049~1-4592c5]:main():build-tree.cc:143) For pdf-id 586, low count 90
VLOG[1] (build-tree[5.5.1049~1-4592c5]:main():build-tree.cc:143) For pdf-id 592, low count 70
VLOG[1] (build-tree[5.5.1049~1-4592c5]:main():build-tree.cc:143) For pdf-id 597, low count 97
VLOG[1] (build-tree[5.5.1049~1-4592c5]:main():build-tree.cc:143) For pdf-id 600, low count 61
VLOG[1] (build-tree[5.5.1049~1-4592c5]:main():build-tree.cc:143) For pdf-id 606, low count 94
VLOG[1] (build-tree[5.5.1049~1-4592c5]:main():build-tree.cc:143) For pdf-id 612, low count 57
VLOG[1] (build-tree[5.5.1049~1-4592c5]:main():build-tree.cc:143) For pdf-id 614, low count 85
VLOG[1] (build-tree[5.5.1049~1-4592c5]:main():build-tree.cc:143) For pdf-id 616, low count 33
VLOG[1] (build-tree[5.5.1049~1-4592c5]:main():build-tree.cc:143) For pdf-id 623, low count 98
VLOG[1] (build-tree[5.5.1049~1-4592c5]:main():build-tree.cc:143) For pdf-id 626, low count 74
VLOG[1] (build-tree[5.5.1049~1-4592c5]:main():build-tree.cc:143) For pdf-id 628, low count 67
VLOG[1] (build-tree[5.5.1049~1-4592c5]:main():build-tree.cc:143) For pdf-id 632, low count 94
VLOG[1] (build-tree[5.5.1049~1-4592c5]:main():build-tree.cc:143) For pdf-id 640, low count 76
VLOG[1] (build-tree[5.5.1049~1-4592c5]:main():build-tree.cc:143) For pdf-id 643, low count 51
VLOG[1] (build-tree[5.5.1049~1-4592c5]:main():build-tree.cc:143) For pdf-id 645, low count 37
VLOG[1] (build-tree[5.5.1049~1-4592c5]:main():build-tree.cc:143) For pdf-id 647, low count 44
VLOG[1] (build-tree[5.5.1049~1-4592c5]:main():build-tree.cc:143) For pdf-id 648, low count 24
VLOG[1] (build-tree[5.5.1049~1-4592c5]:main():build-tree.cc:143) For pdf-id 650, low count 52
VLOG[1] (build-tree[5.5.1049~1-4592c5]:main():build-tree.cc:143) For pdf-id 655, low count 21
VLOG[1] (build-tree[5.5.1049~1-4592c5]:main():build-tree.cc:143) For pdf-id 663, low count 90
VLOG[1] (build-tree[5.5.1049~1-4592c5]:main():build-tree.cc:143) For pdf-id 665, low count 91
VLOG[1] (build-tree[5.5.1049~1-4592c5]:main():build-tree.cc:143) For pdf-id 669, low count 51
VLOG[1] (build-tree[5.5.1049~1-4592c5]:main():build-tree.cc:143) For pdf-id 677, low count 89
VLOG[1] (build-tree[5.5.1049~1-4592c5]:main():build-tree.cc:143) For pdf-id 680, low count 74
VLOG[1] (build-tree[5.5.1049~1-4592c5]:main():build-tree.cc:143) For pdf-id 683, low count 96
VLOG[1] (build-tree[5.5.1049~1-4592c5]:main():build-tree.cc:143) For pdf-id 688, low count 42
VLOG[1] (build-tree[5.5.1049~1-4592c5]:main():build-tree.cc:143) For pdf-id 693, low count 90
VLOG[1] (build-tree[5.5.1049~1-4592c5]:main():build-tree.cc:143) For pdf-id 695, low count 92
VLOG[1] (build-tree[5.5.1049~1-4592c5]:main():build-tree.cc:143) For pdf-id 697, low count 50
VLOG[1] (build-tree[5.5.1049~1-4592c5]:main():build-tree.cc:143) For pdf-id 705, low count 76
VLOG[1] (build-tree[5.5.1049~1-4592c5]:main():build-tree.cc:143) For pdf-id 713, low count 94
VLOG[1] (build-tree[5.5.1049~1-4592c5]:main():build-tree.cc:143) For pdf-id 721, low count 29
VLOG[1] (build-tree[5.5.1049~1-4592c5]:main():build-tree.cc:143) For pdf-id 722, low count 74
VLOG[1] (build-tree[5.5.1049~1-4592c5]:main():build-tree.cc:143) For pdf-id 723, low count 64
VLOG[1] (build-tree[5.5.1049~1-4592c5]:main():build-tree.cc:143) For pdf-id 724, low count 70
VLOG[1] (build-tree[5.5.1049~1-4592c5]:main():build-tree.cc:143) For pdf-id 732, low count 99
VLOG[1] (build-tree[5.5.1049~1-4592c5]:main():build-tree.cc:143) For pdf-id 739, low count 71
VLOG[1] (build-tree[5.5.1049~1-4592c5]:main():build-tree.cc:143) For pdf-id 743, low count 62
VLOG[1] (build-tree[5.5.1049~1-4592c5]:main():build-tree.cc:143) For pdf-id 748, low count 92
VLOG[1] (build-tree[5.5.1049~1-4592c5]:main():build-tree.cc:143) For pdf-id 749, low count 83
VLOG[1] (build-tree[5.5.1049~1-4592c5]:main():build-tree.cc:143) For pdf-id 753, low count 19
VLOG[1] (build-tree[5.5.1049~1-4592c5]:main():build-tree.cc:143) For pdf-id 757, low count 68
VLOG[1] (build-tree[5.5.1049~1-4592c5]:main():build-tree.cc:143) For pdf-id 765, low count 62
VLOG[1] (build-tree[5.5.1049~1-4592c5]:main():build-tree.cc:143) For pdf-id 770, low count 27
VLOG[1] (build-tree[5.5.1049~1-4592c5]:main():build-tree.cc:143) For pdf-id 778, low count 21
VLOG[1] (build-tree[5.5.1049~1-4592c5]:main():build-tree.cc:143) For pdf-id 785, low count 33
VLOG[1] (build-tree[5.5.1049~1-4592c5]:main():build-tree.cc:143) For pdf-id 786, low count 65
VLOG[1] (build-tree[5.5.1049~1-4592c5]:main():build-tree.cc:143) For pdf-id 799, low count 76
VLOG[1] (build-tree[5.5.1049~1-4592c5]:main():build-tree.cc:143) For pdf-id 804, low count 86
VLOG[1] (build-tree[5.5.1049~1-4592c5]:main():build-tree.cc:143) For pdf-id 806, low count 88
VLOG[1] (build-tree[5.5.1049~1-4592c5]:main():build-tree.cc:143) For pdf-id 815, low count 34
VLOG[1] (build-tree[5.5.1049~1-4592c5]:main():build-tree.cc:143) For pdf-id 816, low count 73
VLOG[1] (build-tree[5.5.1049~1-4592c5]:main():build-tree.cc:143) For pdf-id 819, low count 82
VLOG[1] (build-tree[5.5.1049~1-4592c5]:main():build-tree.cc:143) For pdf-id 822, low count 25
VLOG[1] (build-tree[5.5.1049~1-4592c5]:main():build-tree.cc:143) For pdf-id 823, low count 63
VLOG[1] (build-tree[5.5.1049~1-4592c5]:main():build-tree.cc:143) For pdf-id 830, low count 91
VLOG[1] (build-tree[5.5.1049~1-4592c5]:main():build-tree.cc:143) For pdf-id 832, low count 93
VLOG[1] (build-tree[5.5.1049~1-4592c5]:main():build-tree.cc:143) For pdf-id 833, low count 22
VLOG[1] (build-tree[5.5.1049~1-4592c5]:main():build-tree.cc:143) For pdf-id 834, low count 88
VLOG[1] (build-tree[5.5.1049~1-4592c5]:main():build-tree.cc:143) For pdf-id 835, low count 40
VLOG[1] (build-tree[5.5.1049~1-4592c5]:main():build-tree.cc:143) For pdf-id 838, low count 16
VLOG[1] (build-tree[5.5.1049~1-4592c5]:main():build-tree.cc:143) For pdf-id 845, low count 60
VLOG[1] (build-tree[5.5.1049~1-4592c5]:main():build-tree.cc:143) For pdf-id 846, low count 30
VLOG[1] (build-tree[5.5.1049~1-4592c5]:main():build-tree.cc:143) For pdf-id 853, low count 59
VLOG[1] (build-tree[5.5.1049~1-4592c5]:main():build-tree.cc:143) For pdf-id 858, low count 75
VLOG[1] (build-tree[5.5.1049~1-4592c5]:main():build-tree.cc:143) For pdf-id 863, low count 78
VLOG[1] (build-tree[5.5.1049~1-4592c5]:main():build-tree.cc:143) For pdf-id 866, low count 65
VLOG[1] (build-tree[5.5.1049~1-4592c5]:main():build-tree.cc:143) For pdf-id 873, low count 34
VLOG[1] (build-tree[5.5.1049~1-4592c5]:main():build-tree.cc:143) For pdf-id 882, low count 55
VLOG[1] (build-tree[5.5.1049~1-4592c5]:main():build-tree.cc:143) For pdf-id 894, low count 73
VLOG[1] (build-tree[5.5.1049~1-4592c5]:main():build-tree.cc:143) For pdf-id 900, low count 25
VLOG[1] (build-tree[5.5.1049~1-4592c5]:main():build-tree.cc:143) For pdf-id 901, low count 41
VLOG[1] (build-tree[5.5.1049~1-4592c5]:main():build-tree.cc:143) For pdf-id 903, low count 97
VLOG[1] (build-tree[5.5.1049~1-4592c5]:main():build-tree.cc:143) For pdf-id 906, low count 93
VLOG[1] (build-tree[5.5.1049~1-4592c5]:main():build-tree.cc:143) For pdf-id 913, low count 85
VLOG[1] (build-tree[5.5.1049~1-4592c5]:main():build-tree.cc:143) For pdf-id 914, low count 67
VLOG[1] (build-tree[5.5.1049~1-4592c5]:main():build-tree.cc:143) For pdf-id 916, low count 81
VLOG[1] (build-tree[5.5.1049~1-4592c5]:main():build-tree.cc:143) For pdf-id 920, low count 36
VLOG[1] (build-tree[5.5.1049~1-4592c5]:main():build-tree.cc:143) For pdf-id 928, low count 61
VLOG[1] (build-tree[5.5.1049~1-4592c5]:main():build-tree.cc:143) For pdf-id 930, low count 45
VLOG[1] (build-tree[5.5.1049~1-4592c5]:main():build-tree.cc:143) For pdf-id 936, low count 33
VLOG[1] (build-tree[5.5.1049~1-4592c5]:main():build-tree.cc:143) For pdf-id 939, low count 91
VLOG[1] (build-tree[5.5.1049~1-4592c5]:main():build-tree.cc:143) For pdf-id 943, low count 66
VLOG[1] (build-tree[5.5.1049~1-4592c5]:main():build-tree.cc:143) For pdf-id 944, low count 63
VLOG[1] (build-tree[5.5.1049~1-4592c5]:main():build-tree.cc:143) For pdf-id 947, low count 47
VLOG[1] (build-tree[5.5.1049~1-4592c5]:main():build-tree.cc:143) For pdf-id 950, low count 48
VLOG[1] (build-tree[5.5.1049~1-4592c5]:main():build-tree.cc:143) For pdf-id 951, low count 37
VLOG[1] (build-tree[5.5.1049~1-4592c5]:main():build-tree.cc:143) For pdf-id 952, low count 84
VLOG[1] (build-tree[5.5.1049~1-4592c5]:main():build-tree.cc:143) For pdf-id 958, low count 39
VLOG[1] (build-tree[5.5.1049~1-4592c5]:main():build-tree.cc:143) For pdf-id 959, low count 86
VLOG[1] (build-tree[5.5.1049~1-4592c5]:main():build-tree.cc:143) For pdf-id 961, low count 91
VLOG[1] (build-tree[5.5.1049~1-4592c5]:main():build-tree.cc:143) For pdf-id 963, low count 60
VLOG[1] (build-tree[5.5.1049~1-4592c5]:main():build-tree.cc:143) For pdf-id 974, low count 19
VLOG[1] (build-tree[5.5.1049~1-4592c5]:main():build-tree.cc:143) For pdf-id 988, low count 98
VLOG[1] (build-tree[5.5.1049~1-4592c5]:main():build-tree.cc:143) For pdf-id 989, low count 76
VLOG[1] (build-tree[5.5.1049~1-4592c5]:main():build-tree.cc:143) For pdf-id 997, low count 77
VLOG[1] (build-tree[5.5.1049~1-4592c5]:main():build-tree.cc:143) For pdf-id 998, low count 85
VLOG[1] (build-tree[5.5.1049~1-4592c5]:main():build-tree.cc:143) For pdf-id 1011, low count 12
VLOG[1] (build-tree[5.5.1049~1-4592c5]:main():build-tree.cc:143) For pdf-id 1013, low count 95
VLOG[1] (build-tree[5.5.1049~1-4592c5]:main():build-tree.cc:143) For pdf-id 1014, low count 73
VLOG[1] (build-tree[5.5.1049~1-4592c5]:main():build-tree.cc:143) For pdf-id 1018, low count 90
VLOG[1] (build-tree[5.5.1049~1-4592c5]:main():build-tree.cc:143) For pdf-id 1024, low count 37
VLOG[1] (build-tree[5.5.1049~1-4592c5]:main():build-tree.cc:143) For pdf-id 1025, low count 47
VLOG[1] (build-tree[5.5.1049~1-4592c5]:main():build-tree.cc:143) For pdf-id 1027, low count 59
VLOG[1] (build-tree[5.5.1049~1-4592c5]:main():build-tree.cc:143) For pdf-id 1030, low count 84
VLOG[1] (build-tree[5.5.1049~1-4592c5]:main():build-tree.cc:143) For pdf-id 1031, low count 57
VLOG[1] (build-tree[5.5.1049~1-4592c5]:main():build-tree.cc:143) For pdf-id 1032, low count 90
VLOG[1] (build-tree[5.5.1049~1-4592c5]:main():build-tree.cc:143) For pdf-id 1034, low count 88
VLOG[1] (build-tree[5.5.1049~1-4592c5]:main():build-tree.cc:143) For pdf-id 1035, low count 98
VLOG[1] (build-tree[5.5.1049~1-4592c5]:main():build-tree.cc:143) For pdf-id 1038, low count 91
VLOG[1] (build-tree[5.5.1049~1-4592c5]:main():build-tree.cc:143) For pdf-id 1043, low count 16
VLOG[1] (build-tree[5.5.1049~1-4592c5]:main():build-tree.cc:143) For pdf-id 1045, low count 82
VLOG[1] (build-tree[5.5.1049~1-4592c5]:main():build-tree.cc:143) For pdf-id 1054, low count 43
VLOG[1] (build-tree[5.5.1049~1-4592c5]:main():build-tree.cc:143) For pdf-id 1056, low count 85
VLOG[1] (build-tree[5.5.1049~1-4592c5]:main():build-tree.cc:143) For pdf-id 1066, low count 85
VLOG[1] (build-tree[5.5.1049~1-4592c5]:main():build-tree.cc:143) For pdf-id 1067, low count 60
VLOG[1] (build-tree[5.5.1049~1-4592c5]:main():build-tree.cc:143) For pdf-id 1074, low count 84
VLOG[1] (build-tree[5.5.1049~1-4592c5]:main():build-tree.cc:143) For pdf-id 1075, low count 98
VLOG[1] (build-tree[5.5.1049~1-4592c5]:main():build-tree.cc:143) For pdf-id 1077, low count 93
VLOG[1] (build-tree[5.5.1049~1-4592c5]:main():build-tree.cc:143) For pdf-id 1082, low count 82
VLOG[1] (build-tree[5.5.1049~1-4592c5]:main():build-tree.cc:143) For pdf-id 1085, low count 58
VLOG[1] (build-tree[5.5.1049~1-4592c5]:main():build-tree.cc:143) For pdf-id 1087, low count 76
VLOG[1] (build-tree[5.5.1049~1-4592c5]:main():build-tree.cc:143) For pdf-id 1095, low count 17
VLOG[1] (build-tree[5.5.1049~1-4592c5]:main():build-tree.cc:143) For pdf-id 1098, low count 18
VLOG[1] (build-tree[5.5.1049~1-4592c5]:main():build-tree.cc:143) For pdf-id 1099, low count 41
VLOG[1] (build-tree[5.5.1049~1-4592c5]:main():build-tree.cc:143) For pdf-id 1101, low count 68
VLOG[1] (build-tree[5.5.1049~1-4592c5]:main():build-tree.cc:143) For pdf-id 1103, low count 64
VLOG[1] (build-tree[5.5.1049~1-4592c5]:main():build-tree.cc:143) For pdf-id 1104, low count 90
VLOG[1] (build-tree[5.5.1049~1-4592c5]:main():build-tree.cc:143) For pdf-id 1106, low count 71
VLOG[1] (build-tree[5.5.1049~1-4592c5]:main():build-tree.cc:143) For pdf-id 1117, low count 23
VLOG[1] (build-tree[5.5.1049~1-4592c5]:main():build-tree.cc:143) For pdf-id 1128, low count 93
VLOG[1] (build-tree[5.5.1049~1-4592c5]:main():build-tree.cc:143) For pdf-id 1132, low count 91
VLOG[1] (build-tree[5.5.1049~1-4592c5]:main():build-tree.cc:143) For pdf-id 1134, low count 29
VLOG[1] (build-tree[5.5.1049~1-4592c5]:main():build-tree.cc:143) For pdf-id 1136, low count 36
VLOG[1] (build-tree[5.5.1049~1-4592c5]:main():build-tree.cc:143) For pdf-id 1147, low count 37
VLOG[1] (build-tree[5.5.1049~1-4592c5]:main():build-tree.cc:143) For pdf-id 1148, low count 76
VLOG[1] (build-tree[5.5.1049~1-4592c5]:main():build-tree.cc:143) For pdf-id 1149, low count 80
VLOG[1] (build-tree[5.5.1049~1-4592c5]:main():build-tree.cc:143) For pdf-id 1151, low count 26
VLOG[1] (build-tree[5.5.1049~1-4592c5]:main():build-tree.cc:143) For pdf-id 1152, low count 98
VLOG[1] (build-tree[5.5.1049~1-4592c5]:main():build-tree.cc:143) For pdf-id 1154, low count 70
VLOG[1] (build-tree[5.5.1049~1-4592c5]:main():build-tree.cc:143) For pdf-id 1158, low count 80
VLOG[1] (build-tree[5.5.1049~1-4592c5]:main():build-tree.cc:143) For pdf-id 1159, low count 44
VLOG[1] (build-tree[5.5.1049~1-4592c5]:main():build-tree.cc:143) For pdf-id 1161, low count 94
VLOG[1] (build-tree[5.5.1049~1-4592c5]:main():build-tree.cc:143) For pdf-id 1167, low count 77
VLOG[1] (build-tree[5.5.1049~1-4592c5]:main():build-tree.cc:143) For pdf-id 1171, low count 52
VLOG[1] (build-tree[5.5.1049~1-4592c5]:main():build-tree.cc:143) For pdf-id 1173, low count 70
VLOG[1] (build-tree[5.5.1049~1-4592c5]:main():build-tree.cc:143) For pdf-id 1186, low count 94
VLOG[1] (build-tree[5.5.1049~1-4592c5]:main():build-tree.cc:143) For pdf-id 1189, low count 57
VLOG[1] (build-tree[5.5.1049~1-4592c5]:main():build-tree.cc:143) For pdf-id 1190, low count 57
VLOG[1] (build-tree[5.5.1049~1-4592c5]:main():build-tree.cc:143) For pdf-id 1191, low count 90
VLOG[1] (build-tree[5.5.1049~1-4592c5]:main():build-tree.cc:143) For pdf-id 1194, low count 25
VLOG[1] (build-tree[5.5.1049~1-4592c5]:main():build-tree.cc:143) For pdf-id 1195, low count 91
VLOG[1] (build-tree[5.5.1049~1-4592c5]:main():build-tree.cc:143) For pdf-id 1196, low count 80
VLOG[1] (build-tree[5.5.1049~1-4592c5]:main():build-tree.cc:143) For pdf-id 1203, low count 42
VLOG[1] (build-tree[5.5.1049~1-4592c5]:main():build-tree.cc:143) For pdf-id 1205, low count 67
VLOG[1] (build-tree[5.5.1049~1-4592c5]:main():build-tree.cc:143) For pdf-id 1213, low count 49
VLOG[1] (build-tree[5.5.1049~1-4592c5]:main():build-tree.cc:143) For pdf-id 1216, low count 40
VLOG[1] (build-tree[5.5.1049~1-4592c5]:main():build-tree.cc:143) For pdf-id 1222, low count 91
VLOG[1] (build-tree[5.5.1049~1-4592c5]:main():build-tree.cc:143) For pdf-id 1227, low count 67
VLOG[1] (build-tree[5.5.1049~1-4592c5]:main():build-tree.cc:143) For pdf-id 1230, low count 67
VLOG[1] (build-tree[5.5.1049~1-4592c5]:main():build-tree.cc:143) For pdf-id 1234, low count 59
VLOG[1] (build-tree[5.5.1049~1-4592c5]:main():build-tree.cc:143) For pdf-id 1238, low count 99
VLOG[1] (build-tree[5.5.1049~1-4592c5]:main():build-tree.cc:143) For pdf-id 1240, low count 43
VLOG[1] (build-tree[5.5.1049~1-4592c5]:main():build-tree.cc:143) For pdf-id 1242, low count 17
VLOG[1] (build-tree[5.5.1049~1-4592c5]:main():build-tree.cc:143) For pdf-id 1247, low count 22
VLOG[1] (build-tree[5.5.1049~1-4592c5]:main():build-tree.cc:143) For pdf-id 1255, low count 60
VLOG[1] (build-tree[5.5.1049~1-4592c5]:main():build-tree.cc:143) For pdf-id 1257, low count 23
VLOG[1] (build-tree[5.5.1049~1-4592c5]:main():build-tree.cc:143) For pdf-id 1260, low count 19
VLOG[1] (build-tree[5.5.1049~1-4592c5]:main():build-tree.cc:143) For pdf-id 1261, low count 88
VLOG[1] (build-tree[5.5.1049~1-4592c5]:main():build-tree.cc:143) For pdf-id 1263, low count 94
VLOG[1] (build-tree[5.5.1049~1-4592c5]:main():build-tree.cc:143) For pdf-id 1264, low count 72
VLOG[1] (build-tree[5.5.1049~1-4592c5]:main():build-tree.cc:143) For pdf-id 1266, low count 95
VLOG[1] (build-tree[5.5.1049~1-4592c5]:main():build-tree.cc:143) For pdf-id 1267, low count 75
VLOG[1] (build-tree[5.5.1049~1-4592c5]:main():build-tree.cc:143) For pdf-id 1276, low count 56
VLOG[1] (build-tree[5.5.1049~1-4592c5]:main():build-tree.cc:143) For pdf-id 1277, low count 39
VLOG[1] (build-tree[5.5.1049~1-4592c5]:main():build-tree.cc:143) For pdf-id 1278, low count 26
VLOG[1] (build-tree[5.5.1049~1-4592c5]:main():build-tree.cc:143) For pdf-id 1284, low count 93
VLOG[1] (build-tree[5.5.1049~1-4592c5]:main():build-tree.cc:143) For pdf-id 1285, low count 72
VLOG[1] (build-tree[5.5.1049~1-4592c5]:main():build-tree.cc:143) For pdf-id 1287, low count 19
VLOG[1] (build-tree[5.5.1049~1-4592c5]:main():build-tree.cc:143) For pdf-id 1289, low count 96
VLOG[1] (build-tree[5.5.1049~1-4592c5]:main():build-tree.cc:143) For pdf-id 1291, low count 49
VLOG[1] (build-tree[5.5.1049~1-4592c5]:main():build-tree.cc:143) For pdf-id 1292, low count 36
VLOG[1] (build-tree[5.5.1049~1-4592c5]:main():build-tree.cc:143) For pdf-id 1295, low count 36
VLOG[1] (build-tree[5.5.1049~1-4592c5]:main():build-tree.cc:143) For pdf-id 1297, low count 52
VLOG[1] (build-tree[5.5.1049~1-4592c5]:main():build-tree.cc:143) For pdf-id 1304, low count 57
VLOG[1] (build-tree[5.5.1049~1-4592c5]:main():build-tree.cc:143) For pdf-id 1306, low count 44
VLOG[1] (build-tree[5.5.1049~1-4592c5]:main():build-tree.cc:143) For pdf-id 1310, low count 89
VLOG[1] (build-tree[5.5.1049~1-4592c5]:main():build-tree.cc:143) For pdf-id 1311, low count 83
VLOG[1] (build-tree[5.5.1049~1-4592c5]:main():build-tree.cc:143) For pdf-id 1312, low count 54
VLOG[1] (build-tree[5.5.1049~1-4592c5]:main():build-tree.cc:143) For pdf-id 1317, low count 46
VLOG[1] (build-tree[5.5.1049~1-4592c5]:main():build-tree.cc:143) For pdf-id 1320, low count 48
VLOG[1] (build-tree[5.5.1049~1-4592c5]:main():build-tree.cc:143) For pdf-id 1324, low count 22
VLOG[1] (build-tree[5.5.1049~1-4592c5]:main():build-tree.cc:143) For pdf-id 1325, low count 70
VLOG[1] (build-tree[5.5.1049~1-4592c5]:main():build-tree.cc:143) For pdf-id 1332, low count 75
VLOG[1] (build-tree[5.5.1049~1-4592c5]:main():build-tree.cc:143) For pdf-id 1333, low count 86
VLOG[1] (build-tree[5.5.1049~1-4592c5]:main():build-tree.cc:143) For pdf-id 1334, low count 34
VLOG[1] (build-tree[5.5.1049~1-4592c5]:main():build-tree.cc:143) For pdf-id 1336, low count 41
VLOG[1] (build-tree[5.5.1049~1-4592c5]:main():build-tree.cc:143) For pdf-id 1338, low count 50
VLOG[1] (build-tree[5.5.1049~1-4592c5]:main():build-tree.cc:143) For pdf-id 1340, low count 27
VLOG[1] (build-tree[5.5.1049~1-4592c5]:main():build-tree.cc:143) For pdf-id 1349, low count 90
VLOG[1] (build-tree[5.5.1049~1-4592c5]:main():build-tree.cc:143) For pdf-id 1351, low count 43
VLOG[1] (build-tree[5.5.1049~1-4592c5]:main():build-tree.cc:143) For pdf-id 1352, low count 64
VLOG[1] (build-tree[5.5.1049~1-4592c5]:main():build-tree.cc:143) For pdf-id 1360, low count 63
VLOG[1] (build-tree[5.5.1049~1-4592c5]:main():build-tree.cc:143) For pdf-id 1367, low count 58
VLOG[1] (build-tree[5.5.1049~1-4592c5]:main():build-tree.cc:143) For pdf-id 1381, low count 66
VLOG[1] (build-tree[5.5.1049~1-4592c5]:main():build-tree.cc:143) For pdf-id 1386, low count 71
VLOG[1] (build-tree[5.5.1049~1-4592c5]:main():build-tree.cc:143) For pdf-id 1393, low count 55
VLOG[1] (build-tree[5.5.1049~1-4592c5]:main():build-tree.cc:143) For pdf-id 1394, low count 26
VLOG[1] (build-tree[5.5.1049~1-4592c5]:main():build-tree.cc:143) For pdf-id 1403, low count 43
VLOG[1] (build-tree[5.5.1049~1-4592c5]:main():build-tree.cc:143) For pdf-id 1405, low count 99
VLOG[1] (build-tree[5.5.1049~1-4592c5]:main():build-tree.cc:143) For pdf-id 1409, low count 26
VLOG[1] (build-tree[5.5.1049~1-4592c5]:main():build-tree.cc:143) For pdf-id 1411, low count 48
VLOG[1] (build-tree[5.5.1049~1-4592c5]:main():build-tree.cc:143) For pdf-id 1422, low count 22
VLOG[1] (build-tree[5.5.1049~1-4592c5]:main():build-tree.cc:143) For pdf-id 1427, low count 25
VLOG[1] (build-tree[5.5.1049~1-4592c5]:main():build-tree.cc:143) For pdf-id 1434, low count 58
VLOG[1] (build-tree[5.5.1049~1-4592c5]:main():build-tree.cc:143) For pdf-id 1435, low count 82
VLOG[1] (build-tree[5.5.1049~1-4592c5]:main():build-tree.cc:143) For pdf-id 1436, low count 99
VLOG[1] (build-tree[5.5.1049~1-4592c5]:main():build-tree.cc:143) For pdf-id 1437, low count 77
VLOG[1] (build-tree[5.5.1049~1-4592c5]:main():build-tree.cc:143) For pdf-id 1439, low count 92
VLOG[1] (build-tree[5.5.1049~1-4592c5]:main():build-tree.cc:143) For pdf-id 1442, low count 73
VLOG[1] (build-tree[5.5.1049~1-4592c5]:main():build-tree.cc:143) For pdf-id 1444, low count 77
VLOG[1] (build-tree[5.5.1049~1-4592c5]:main():build-tree.cc:143) For pdf-id 1448, low count 31
VLOG[1] (build-tree[5.5.1049~1-4592c5]:main():build-tree.cc:143) For pdf-id 1452, low count 75
VLOG[1] (build-tree[5.5.1049~1-4592c5]:main():build-tree.cc:143) For pdf-id 1462, low count 73
VLOG[1] (build-tree[5.5.1049~1-4592c5]:main():build-tree.cc:143) For pdf-id 1464, low count 84
VLOG[1] (build-tree[5.5.1049~1-4592c5]:main():build-tree.cc:143) For pdf-id 1469, low count 36
VLOG[1] (build-tree[5.5.1049~1-4592c5]:main():build-tree.cc:143) For pdf-id 1470, low count 63
VLOG[1] (build-tree[5.5.1049~1-4592c5]:main():build-tree.cc:143) For pdf-id 1472, low count 67
VLOG[1] (build-tree[5.5.1049~1-4592c5]:main():build-tree.cc:143) For pdf-id 1474, low count 99
VLOG[1] (build-tree[5.5.1049~1-4592c5]:main():build-tree.cc:143) For pdf-id 1476, low count 34
VLOG[1] (build-tree[5.5.1049~1-4592c5]:main():build-tree.cc:143) For pdf-id 1480, low count 45
VLOG[1] (build-tree[5.5.1049~1-4592c5]:main():build-tree.cc:143) For pdf-id 1488, low count 53
VLOG[1] (build-tree[5.5.1049~1-4592c5]:main():build-tree.cc:143) For pdf-id 1490, low count 59
VLOG[1] (build-tree[5.5.1049~1-4592c5]:main():build-tree.cc:143) For pdf-id 1491, low count 95
VLOG[1] (build-tree[5.5.1049~1-4592c5]:main():build-tree.cc:143) For pdf-id 1495, low count 35
VLOG[1] (build-tree[5.5.1049~1-4592c5]:main():build-tree.cc:143) For pdf-id 1499, low count 72
VLOG[1] (build-tree[5.5.1049~1-4592c5]:main():build-tree.cc:143) For pdf-id 1504, low count 57
VLOG[1] (build-tree[5.5.1049~1-4592c5]:main():build-tree.cc:143) For pdf-id 1506, low count 92
VLOG[1] (build-tree[5.5.1049~1-4592c5]:main():build-tree.cc:143) For pdf-id 1511, low count 18
VLOG[1] (build-tree[5.5.1049~1-4592c5]:main():build-tree.cc:143) For pdf-id 1520, low count 42
VLOG[1] (build-tree[5.5.1049~1-4592c5]:main():build-tree.cc:143) For pdf-id 1522, low count 35
VLOG[1] (build-tree[5.5.1049~1-4592c5]:main():build-tree.cc:143) For pdf-id 1533, low count 99
VLOG[1] (build-tree[5.5.1049~1-4592c5]:main():build-tree.cc:143) For pdf-id 1536, low count 91
VLOG[1] (build-tree[5.5.1049~1-4592c5]:main():build-tree.cc:143) For pdf-id 1546, low count 29
VLOG[1] (build-tree[5.5.1049~1-4592c5]:main():build-tree.cc:143) For pdf-id 1553, low count 79
VLOG[1] (build-tree[5.5.1049~1-4592c5]:main():build-tree.cc:143) For pdf-id 1557, low count 16
VLOG[1] (build-tree[5.5.1049~1-4592c5]:main():build-tree.cc:143) For pdf-id 1559, low count 55
VLOG[1] (build-tree[5.5.1049~1-4592c5]:main():build-tree.cc:143) For pdf-id 1560, low count 64
VLOG[1] (build-tree[5.5.1049~1-4592c5]:main():build-tree.cc:143) For pdf-id 1561, low count 27
VLOG[1] (build-tree[5.5.1049~1-4592c5]:main():build-tree.cc:143) For pdf-id 1566, low count 36
VLOG[1] (build-tree[5.5.1049~1-4592c5]:main():build-tree.cc:143) For pdf-id 1567, low count 91
VLOG[1] (build-tree[5.5.1049~1-4592c5]:main():build-tree.cc:143) For pdf-id 1571, low count 90
VLOG[1] (build-tree[5.5.1049~1-4592c5]:main():build-tree.cc:143) For pdf-id 1578, low count 68
VLOG[1] (build-tree[5.5.1049~1-4592c5]:main():build-tree.cc:143) For pdf-id 1583, low count 78
VLOG[1] (build-tree[5.5.1049~1-4592c5]:main():build-tree.cc:143) For pdf-id 1585, low count 75
VLOG[1] (build-tree[5.5.1049~1-4592c5]:main():build-tree.cc:143) For pdf-id 1586, low count 94
VLOG[1] (build-tree[5.5.1049~1-4592c5]:main():build-tree.cc:143) For pdf-id 1590, low count 97
VLOG[1] (build-tree[5.5.1049~1-4592c5]:main():build-tree.cc:143) For pdf-id 1592, low count 78
VLOG[1] (build-tree[5.5.1049~1-4592c5]:main():build-tree.cc:143) For pdf-id 1593, low count 71
VLOG[1] (build-tree[5.5.1049~1-4592c5]:main():build-tree.cc:143) For pdf-id 1598, low count 84
VLOG[1] (build-tree[5.5.1049~1-4592c5]:main():build-tree.cc:143) For pdf-id 1601, low count 68
VLOG[1] (build-tree[5.5.1049~1-4592c5]:main():build-tree.cc:143) For pdf-id 1603, low count 91
VLOG[1] (build-tree[5.5.1049~1-4592c5]:main():build-tree.cc:143) For pdf-id 1621, low count 62
VLOG[1] (build-tree[5.5.1049~1-4592c5]:main():build-tree.cc:143) For pdf-id 1625, low count 75
VLOG[1] (build-tree[5.5.1049~1-4592c5]:main():build-tree.cc:143) For pdf-id 1631, low count 98
VLOG[1] (build-tree[5.5.1049~1-4592c5]:main():build-tree.cc:143) For pdf-id 1633, low count 20
VLOG[1] (build-tree[5.5.1049~1-4592c5]:main():build-tree.cc:143) For pdf-id 1638, low count 68
VLOG[1] (build-tree[5.5.1049~1-4592c5]:main():build-tree.cc:143) For pdf-id 1645, low count 65
VLOG[1] (build-tree[5.5.1049~1-4592c5]:main():build-tree.cc:143) For pdf-id 1657, low count 84
VLOG[1] (build-tree[5.5.1049~1-4592c5]:main():build-tree.cc:143) For pdf-id 1658, low count 31
VLOG[1] (build-tree[5.5.1049~1-4592c5]:main():build-tree.cc:143) For pdf-id 1666, low count 54
VLOG[1] (build-tree[5.5.1049~1-4592c5]:main():build-tree.cc:143) For pdf-id 1670, low count 29
VLOG[1] (build-tree[5.5.1049~1-4592c5]:main():build-tree.cc:143) For pdf-id 1674, low count 99
VLOG[1] (build-tree[5.5.1049~1-4592c5]:main():build-tree.cc:143) For pdf-id 1679, low count 78
VLOG[1] (build-tree[5.5.1049~1-4592c5]:main():build-tree.cc:143) For pdf-id 1685, low count 81
VLOG[1] (build-tree[5.5.1049~1-4592c5]:main():build-tree.cc:143) For pdf-id 1692, low count 44
VLOG[1] (build-tree[5.5.1049~1-4592c5]:main():build-tree.cc:143) For pdf-id 1694, low count 67
VLOG[1] (build-tree[5.5.1049~1-4592c5]:main():build-tree.cc:143) For pdf-id 1696, low count 47
VLOG[1] (build-tree[5.5.1049~1-4592c5]:main():build-tree.cc:143) For pdf-id 1700, low count 21
VLOG[1] (build-tree[5.5.1049~1-4592c5]:main():build-tree.cc:143) For pdf-id 1701, low count 96
VLOG[1] (build-tree[5.5.1049~1-4592c5]:main():build-tree.cc:143) For pdf-id 1707, low count 61
VLOG[1] (build-tree[5.5.1049~1-4592c5]:main():build-tree.cc:143) For pdf-id 1709, low count 68
VLOG[1] (build-tree[5.5.1049~1-4592c5]:main():build-tree.cc:143) For pdf-id 1712, low count 98
VLOG[1] (build-tree[5.5.1049~1-4592c5]:main():build-tree.cc:143) For pdf-id 1713, low count 56
VLOG[1] (build-tree[5.5.1049~1-4592c5]:main():build-tree.cc:143) For pdf-id 1715, low count 76
VLOG[1] (build-tree[5.5.1049~1-4592c5]:main():build-tree.cc:143) For pdf-id 1725, low count 63
VLOG[1] (build-tree[5.5.1049~1-4592c5]:main():build-tree.cc:143) For pdf-id 1736, low count 46
VLOG[1] (build-tree[5.5.1049~1-4592c5]:main():build-tree.cc:143) For pdf-id 1741, low count 67
VLOG[1] (build-tree[5.5.1049~1-4592c5]:main():build-tree.cc:143) For pdf-id 1745, low count 62
VLOG[1] (build-tree[5.5.1049~1-4592c5]:main():build-tree.cc:143) For pdf-id 1747, low count 98
VLOG[1] (build-tree[5.5.1049~1-4592c5]:main():build-tree.cc:143) For pdf-id 1748, low count 83
VLOG[1] (build-tree[5.5.1049~1-4592c5]:main():build-tree.cc:143) For pdf-id 1749, low count 76
VLOG[1] (build-tree[5.5.1049~1-4592c5]:main():build-tree.cc:143) For pdf-id 1753, low count 49
VLOG[1] (build-tree[5.5.1049~1-4592c5]:main():build-tree.cc:143) For pdf-id 1759, low count 70
VLOG[1] (build-tree[5.5.1049~1-4592c5]:main():build-tree.cc:143) For pdf-id 1762, low count 31
VLOG[1] (build-tree[5.5.1049~1-4592c5]:main():build-tree.cc:143) For pdf-id 1766, low count 98
VLOG[1] (build-tree[5.5.1049~1-4592c5]:main():build-tree.cc:143) For pdf-id 1768, low count 83
VLOG[1] (build-tree[5.5.1049~1-4592c5]:main():build-tree.cc:143) For pdf-id 1771, low count 36
VLOG[1] (build-tree[5.5.1049~1-4592c5]:main():build-tree.cc:143) For pdf-id 1775, low count 31
VLOG[1] (build-tree[5.5.1049~1-4592c5]:main():build-tree.cc:143) For pdf-id 1781, low count 94
VLOG[1] (build-tree[5.5.1049~1-4592c5]:main():build-tree.cc:143) For pdf-id 1791, low count 49
VLOG[1] (build-tree[5.5.1049~1-4592c5]:main():build-tree.cc:143) For pdf-id 1798, low count 67
VLOG[1] (build-tree[5.5.1049~1-4592c5]:main():build-tree.cc:143) For pdf-id 1808, low count 82
VLOG[1] (build-tree[5.5.1049~1-4592c5]:main():build-tree.cc:143) For pdf-id 1809, low count 73
VLOG[1] (build-tree[5.5.1049~1-4592c5]:main():build-tree.cc:143) For pdf-id 1811, low count 24
VLOG[1] (build-tree[5.5.1049~1-4592c5]:main():build-tree.cc:143) For pdf-id 1812, low count 14
VLOG[1] (build-tree[5.5.1049~1-4592c5]:main():build-tree.cc:143) For pdf-id 1819, low count 92
VLOG[1] (build-tree[5.5.1049~1-4592c5]:main():build-tree.cc:143) For pdf-id 1823, low count 42
VLOG[1] (build-tree[5.5.1049~1-4592c5]:main():build-tree.cc:143) For pdf-id 1829, low count 57
VLOG[1] (build-tree[5.5.1049~1-4592c5]:main():build-tree.cc:143) For pdf-id 1831, low count 74
VLOG[1] (build-tree[5.5.1049~1-4592c5]:main():build-tree.cc:143) For pdf-id 1836, low count 89
VLOG[1] (build-tree[5.5.1049~1-4592c5]:main():build-tree.cc:143) For pdf-id 1844, low count 95
VLOG[1] (build-tree[5.5.1049~1-4592c5]:main():build-tree.cc:143) For pdf-id 1849, low count 41
VLOG[1] (build-tree[5.5.1049~1-4592c5]:main():build-tree.cc:143) For pdf-id 1873, low count 78
VLOG[1] (build-tree[5.5.1049~1-4592c5]:main():build-tree.cc:143) For pdf-id 1876, low count 58
VLOG[1] (build-tree[5.5.1049~1-4592c5]:main():build-tree.cc:143) For pdf-id 1877, low count 88
VLOG[1] (build-tree[5.5.1049~1-4592c5]:main():build-tree.cc:143) For pdf-id 1886, low count 59
VLOG[1] (build-tree[5.5.1049~1-4592c5]:main():build-tree.cc:143) For pdf-id 1890, low count 76
VLOG[1] (build-tree[5.5.1049~1-4592c5]:main():build-tree.cc:143) For pdf-id 1894, low count 45
VLOG[1] (build-tree[5.5.1049~1-4592c5]:main():build-tree.cc:143) For pdf-id 1897, low count 72
VLOG[1] (build-tree[5.5.1049~1-4592c5]:main():build-tree.cc:143) For pdf-id 1899, low count 52
VLOG[1] (build-tree[5.5.1049~1-4592c5]:main():build-tree.cc:143) For pdf-id 1902, low count 87
VLOG[1] (build-tree[5.5.1049~1-4592c5]:main():build-tree.cc:143) For pdf-id 1903, low count 55
VLOG[1] (build-tree[5.5.1049~1-4592c5]:main():build-tree.cc:143) For pdf-id 1912, low count 72
VLOG[1] (build-tree[5.5.1049~1-4592c5]:main():build-tree.cc:143) For pdf-id 1913, low count 94
VLOG[1] (build-tree[5.5.1049~1-4592c5]:main():build-tree.cc:143) For pdf-id 1915, low count 25
VLOG[1] (build-tree[5.5.1049~1-4592c5]:main():build-tree.cc:143) For pdf-id 1916, low count 38
VLOG[1] (build-tree[5.5.1049~1-4592c5]:main():build-tree.cc:143) For pdf-id 1920, low count 54
VLOG[1] (build-tree[5.5.1049~1-4592c5]:main():build-tree.cc:143) For pdf-id 1925, low count 89
VLOG[1] (build-tree[5.5.1049~1-4592c5]:main():build-tree.cc:143) For pdf-id 1930, low count 99
VLOG[1] (build-tree[5.5.1049~1-4592c5]:main():build-tree.cc:143) For pdf-id 1931, low count 41
VLOG[1] (build-tree[5.5.1049~1-4592c5]:main():build-tree.cc:143) For pdf-id 1942, low count 40
VLOG[1] (build-tree[5.5.1049~1-4592c5]:main():build-tree.cc:143) For pdf-id 1943, low count 23
VLOG[1] (build-tree[5.5.1049~1-4592c5]:main():build-tree.cc:143) For pdf-id 1950, low count 89
VLOG[1] (build-tree[5.5.1049~1-4592c5]:main():build-tree.cc:143) For pdf-id 1951, low count 50
VLOG[1] (build-tree[5.5.1049~1-4592c5]:main():build-tree.cc:143) For pdf-id 1955, low count 62
VLOG[1] (build-tree[5.5.1049~1-4592c5]:main():build-tree.cc:143) For pdf-id 1965, low count 90
VLOG[1] (build-tree[5.5.1049~1-4592c5]:main():build-tree.cc:143) For pdf-id 1966, low count 58
VLOG[1] (build-tree[5.5.1049~1-4592c5]:main():build-tree.cc:143) For pdf-id 1967, low count 57
VLOG[1] (build-tree[5.5.1049~1-4592c5]:main():build-tree.cc:143) For pdf-id 1971, low count 62
VLOG[1] (build-tree[5.5.1049~1-4592c5]:main():build-tree.cc:143) For pdf-id 1988, low count 81
VLOG[1] (build-tree[5.5.1049~1-4592c5]:main():build-tree.cc:143) For pdf-id 1989, low count 61
VLOG[1] (build-tree[5.5.1049~1-4592c5]:main():build-tree.cc:143) For pdf-id 1995, low count 95
VLOG[1] (build-tree[5.5.1049~1-4592c5]:main():build-tree.cc:143) For pdf-id 1999, low count 43
VLOG[1] (build-tree[5.5.1049~1-4592c5]:main():build-tree.cc:143) For pdf-id 2003, low count 88
VLOG[1] (build-tree[5.5.1049~1-4592c5]:main():build-tree.cc:143) For pdf-id 2007, low count 43
VLOG[1] (build-tree[5.5.1049~1-4592c5]:main():build-tree.cc:143) For pdf-id 2012, low count 16
VLOG[1] (build-tree[5.5.1049~1-4592c5]:main():build-tree.cc:143) For pdf-id 2014, low count 92
VLOG[1] (build-tree[5.5.1049~1-4592c5]:main():build-tree.cc:143) For pdf-id 2016, low count 26
VLOG[1] (build-tree[5.5.1049~1-4592c5]:main():build-tree.cc:143) For pdf-id 2017, low count 53
VLOG[1] (build-tree[5.5.1049~1-4592c5]:main():build-tree.cc:143) For pdf-id 2018, low count 22
VLOG[1] (build-tree[5.5.1049~1-4592c5]:main():build-tree.cc:143) For pdf-id 2029, low count 86
VLOG[1] (build-tree[5.5.1049~1-4592c5]:main():build-tree.cc:143) For pdf-id 2034, low count 72
VLOG[1] (build-tree[5.5.1049~1-4592c5]:main():build-tree.cc:143) For pdf-id 2040, low count 93
VLOG[1] (build-tree[5.5.1049~1-4592c5]:main():build-tree.cc:143) For pdf-id 2047, low count 56
VLOG[1] (build-tree[5.5.1049~1-4592c5]:main():build-tree.cc:143) For pdf-id 2050, low count 32
VLOG[1] (build-tree[5.5.1049~1-4592c5]:main():build-tree.cc:143) For pdf-id 2053, low count 25
VLOG[1] (build-tree[5.5.1049~1-4592c5]:main():build-tree.cc:143) For pdf-id 2058, low count 25
VLOG[1] (build-tree[5.5.1049~1-4592c5]:main():build-tree.cc:143) For pdf-id 2064, low count 95
VLOG[1] (build-tree[5.5.1049~1-4592c5]:main():build-tree.cc:143) For pdf-id 2071, low count 49
VLOG[1] (build-tree[5.5.1049~1-4592c5]:main():build-tree.cc:143) For pdf-id 2073, low count 96
VLOG[1] (build-tree[5.5.1049~1-4592c5]:main():build-tree.cc:143) For pdf-id 2078, low count 41
VLOG[1] (build-tree[5.5.1049~1-4592c5]:main():build-tree.cc:143) For pdf-id 2082, low count 81
VLOG[1] (build-tree[5.5.1049~1-4592c5]:main():build-tree.cc:143) For pdf-id 2087, low count 76
VLOG[1] (build-tree[5.5.1049~1-4592c5]:main():build-tree.cc:143) For pdf-id 2090, low count 86
VLOG[1] (build-tree[5.5.1049~1-4592c5]:main():build-tree.cc:143) For pdf-id 2111, low count 81
VLOG[1] (build-tree[5.5.1049~1-4592c5]:main():build-tree.cc:143) For pdf-id 2113, low count 77
VLOG[1] (build-tree[5.5.1049~1-4592c5]:main():build-tree.cc:143) For pdf-id 2115, low count 61
VLOG[1] (build-tree[5.5.1049~1-4592c5]:main():build-tree.cc:143) For pdf-id 2120, low count 67
VLOG[1] (build-tree[5.5.1049~1-4592c5]:main():build-tree.cc:143) For pdf-id 2122, low count 53
VLOG[1] (build-tree[5.5.1049~1-4592c5]:main():build-tree.cc:143) For pdf-id 2129, low count 49
VLOG[1] (build-tree[5.5.1049~1-4592c5]:main():build-tree.cc:143) For pdf-id 2130, low count 99
VLOG[1] (build-tree[5.5.1049~1-4592c5]:main():build-tree.cc:143) For pdf-id 2134, low count 81
VLOG[1] (build-tree[5.5.1049~1-4592c5]:main():build-tree.cc:143) For pdf-id 2135, low count 83
VLOG[1] (build-tree[5.5.1049~1-4592c5]:main():build-tree.cc:143) For pdf-id 2137, low count 32
VLOG[1] (build-tree[5.5.1049~1-4592c5]:main():build-tree.cc:143) For pdf-id 2142, low count 36
VLOG[1] (build-tree[5.5.1049~1-4592c5]:main():build-tree.cc:143) For pdf-id 2143, low count 60
VLOG[1] (build-tree[5.5.1049~1-4592c5]:main():build-tree.cc:143) For pdf-id 2160, low count 39
VLOG[1] (build-tree[5.5.1049~1-4592c5]:main():build-tree.cc:143) For pdf-id 2163, low count 39
VLOG[1] (build-tree[5.5.1049~1-4592c5]:main():build-tree.cc:143) For pdf-id 2171, low count 92
VLOG[1] (build-tree[5.5.1049~1-4592c5]:main():build-tree.cc:143) For pdf-id 2173, low count 75
VLOG[1] (build-tree[5.5.1049~1-4592c5]:main():build-tree.cc:143) For pdf-id 2183, low count 82
VLOG[1] (build-tree[5.5.1049~1-4592c5]:main():build-tree.cc:143) For pdf-id 2185, low count 85
VLOG[1] (build-tree[5.5.1049~1-4592c5]:main():build-tree.cc:143) For pdf-id 2190, low count 38
VLOG[1] (build-tree[5.5.1049~1-4592c5]:main():build-tree.cc:143) For pdf-id 2192, low count 52
VLOG[1] (build-tree[5.5.1049~1-4592c5]:main():build-tree.cc:143) For pdf-id 2198, low count 69
VLOG[1] (build-tree[5.5.1049~1-4592c5]:main():build-tree.cc:143) For pdf-id 2204, low count 89
VLOG[1] (build-tree[5.5.1049~1-4592c5]:main():build-tree.cc:143) For pdf-id 2208, low count 90
VLOG[1] (build-tree[5.5.1049~1-4592c5]:main():build-tree.cc:143) For pdf-id 2212, low count 52
VLOG[1] (build-tree[5.5.1049~1-4592c5]:main():build-tree.cc:143) For pdf-id 2213, low count 64
VLOG[1] (build-tree[5.5.1049~1-4592c5]:main():build-tree.cc:143) For pdf-id 2216, low count 70
VLOG[1] (build-tree[5.5.1049~1-4592c5]:main():build-tree.cc:143) For pdf-id 2220, low count 46
VLOG[1] (build-tree[5.5.1049~1-4592c5]:main():build-tree.cc:143) For pdf-id 2225, low count 86
VLOG[1] (build-tree[5.5.1049~1-4592c5]:main():build-tree.cc:143) For pdf-id 2226, low count 68
VLOG[1] (build-tree[5.5.1049~1-4592c5]:main():build-tree.cc:143) For pdf-id 2228, low count 55
VLOG[1] (build-tree[5.5.1049~1-4592c5]:main():build-tree.cc:143) For pdf-id 2230, low count 43
VLOG[1] (build-tree[5.5.1049~1-4592c5]:main():build-tree.cc:143) For pdf-id 2232, low count 98
VLOG[1] (build-tree[5.5.1049~1-4592c5]:main():build-tree.cc:143) For pdf-id 2233, low count 24
VLOG[1] (build-tree[5.5.1049~1-4592c5]:main():build-tree.cc:143) For pdf-id 2234, low count 59
VLOG[1] (build-tree[5.5.1049~1-4592c5]:main():build-tree.cc:143) For pdf-id 2239, low count 73
VLOG[1] (build-tree[5.5.1049~1-4592c5]:main():build-tree.cc:143) For pdf-id 2240, low count 26
VLOG[1] (build-tree[5.5.1049~1-4592c5]:main():build-tree.cc:143) For pdf-id 2267, low count 97
VLOG[1] (build-tree[5.5.1049~1-4592c5]:main():build-tree.cc:143) For pdf-id 2268, low count 32
VLOG[1] (build-tree[5.5.1049~1-4592c5]:main():build-tree.cc:143) For pdf-id 2271, low count 72
VLOG[1] (build-tree[5.5.1049~1-4592c5]:main():build-tree.cc:143) For pdf-id 2281, low count 82
VLOG[1] (build-tree[5.5.1049~1-4592c5]:main():build-tree.cc:143) For pdf-id 2283, low count 80
VLOG[1] (build-tree[5.5.1049~1-4592c5]:main():build-tree.cc:143) For pdf-id 2284, low count 79
VLOG[1] (build-tree[5.5.1049~1-4592c5]:main():build-tree.cc:143) For pdf-id 2287, low count 21
VLOG[1] (build-tree[5.5.1049~1-4592c5]:main():build-tree.cc:143) For pdf-id 2292, low count 71
VLOG[1] (build-tree[5.5.1049~1-4592c5]:main():build-tree.cc:143) For pdf-id 2294, low count 53
VLOG[1] (build-tree[5.5.1049~1-4592c5]:main():build-tree.cc:143) For pdf-id 2301, low count 97
VLOG[1] (build-tree[5.5.1049~1-4592c5]:main():build-tree.cc:143) For pdf-id 2305, low count 89
VLOG[1] (build-tree[5.5.1049~1-4592c5]:main():build-tree.cc:143) For pdf-id 2308, low count 35
VLOG[1] (build-tree[5.5.1049~1-4592c5]:main():build-tree.cc:143) For pdf-id 2319, low count 44
VLOG[1] (build-tree[5.5.1049~1-4592c5]:main():build-tree.cc:143) For pdf-id 2323, low count 20
VLOG[1] (build-tree[5.5.1049~1-4592c5]:main():build-tree.cc:143) For pdf-id 2324, low count 75
VLOG[1] (build-tree[5.5.1049~1-4592c5]:main():build-tree.cc:143) For pdf-id 2326, low count 86
VLOG[1] (build-tree[5.5.1049~1-4592c5]:main():build-tree.cc:143) For pdf-id 2328, low count 69
VLOG[1] (build-tree[5.5.1049~1-4592c5]:main():build-tree.cc:143) For pdf-id 2329, low count 63
VLOG[1] (build-tree[5.5.1049~1-4592c5]:main():build-tree.cc:143) For pdf-id 2331, low count 28
VLOG[1] (build-tree[5.5.1049~1-4592c5]:main():build-tree.cc:143) For pdf-id 2333, low count 59
VLOG[1] (build-tree[5.5.1049~1-4592c5]:main():build-tree.cc:143) For pdf-id 2334, low count 82
VLOG[1] (build-tree[5.5.1049~1-4592c5]:main():build-tree.cc:143) For pdf-id 2342, low count 22
VLOG[1] (build-tree[5.5.1049~1-4592c5]:main():build-tree.cc:143) For pdf-id 2343, low count 84
VLOG[1] (build-tree[5.5.1049~1-4592c5]:main():build-tree.cc:143) For pdf-id 2344, low count 43
VLOG[1] (build-tree[5.5.1049~1-4592c5]:main():build-tree.cc:143) For pdf-id 2345, low count 82
VLOG[1] (build-tree[5.5.1049~1-4592c5]:main():build-tree.cc:143) For pdf-id 2346, low count 25
VLOG[1] (build-tree[5.5.1049~1-4592c5]:main():build-tree.cc:143) For pdf-id 2352, low count 46
VLOG[1] (build-tree[5.5.1049~1-4592c5]:main():build-tree.cc:143) For pdf-id 2355, low count 94
VLOG[1] (build-tree[5.5.1049~1-4592c5]:main():build-tree.cc:143) For pdf-id 2361, low count 26
VLOG[1] (build-tree[5.5.1049~1-4592c5]:main():build-tree.cc:143) For pdf-id 2367, low count 46
VLOG[1] (build-tree[5.5.1049~1-4592c5]:main():build-tree.cc:143) For pdf-id 2368, low count 67
VLOG[1] (build-tree[5.5.1049~1-4592c5]:main():build-tree.cc:143) For pdf-id 2369, low count 69
VLOG[1] (build-tree[5.5.1049~1-4592c5]:main():build-tree.cc:143) For pdf-id 2373, low count 29
VLOG[1] (build-tree[5.5.1049~1-4592c5]:main():build-tree.cc:143) For pdf-id 2375, low count 28
VLOG[1] (build-tree[5.5.1049~1-4592c5]:main():build-tree.cc:143) For pdf-id 2380, low count 14
VLOG[1] (build-tree[5.5.1049~1-4592c5]:main():build-tree.cc:143) For pdf-id 2383, low count 72
VLOG[1] (build-tree[5.5.1049~1-4592c5]:main():build-tree.cc:143) For pdf-id 2384, low count 51
VLOG[1] (build-tree[5.5.1049~1-4592c5]:main():build-tree.cc:143) For pdf-id 2389, low count 47
VLOG[1] (build-tree[5.5.1049~1-4592c5]:main():build-tree.cc:143) For pdf-id 2391, low count 65
VLOG[1] (build-tree[5.5.1049~1-4592c5]:main():build-tree.cc:143) For pdf-id 2399, low count 53
VLOG[1] (build-tree[5.5.1049~1-4592c5]:main():build-tree.cc:143) For pdf-id 2411, low count 78
VLOG[1] (build-tree[5.5.1049~1-4592c5]:main():build-tree.cc:143) For pdf-id 2413, low count 27
VLOG[1] (build-tree[5.5.1049~1-4592c5]:main():build-tree.cc:143) For pdf-id 2415, low count 70
VLOG[1] (build-tree[5.5.1049~1-4592c5]:main():build-tree.cc:143) For pdf-id 2416, low count 99
VLOG[1] (build-tree[5.5.1049~1-4592c5]:main():build-tree.cc:143) For pdf-id 2421, low count 59
VLOG[1] (build-tree[5.5.1049~1-4592c5]:main():build-tree.cc:143) For pdf-id 2426, low count 92
VLOG[1] (build-tree[5.5.1049~1-4592c5]:main():build-tree.cc:143) For pdf-id 2431, low count 74
VLOG[1] (build-tree[5.5.1049~1-4592c5]:main():build-tree.cc:143) For pdf-id 2434, low count 81
VLOG[1] (build-tree[5.5.1049~1-4592c5]:main():build-tree.cc:143) For pdf-id 2436, low count 27
VLOG[1] (build-tree[5.5.1049~1-4592c5]:main():build-tree.cc:143) For pdf-id 2437, low count 97
VLOG[1] (build-tree[5.5.1049~1-4592c5]:main():build-tree.cc:143) For pdf-id 2439, low count 76
VLOG[1] (build-tree[5.5.1049~1-4592c5]:main():build-tree.cc:143) For pdf-id 2440, low count 38
VLOG[1] (build-tree[5.5.1049~1-4592c5]:main():build-tree.cc:143) For pdf-id 2441, low count 80
VLOG[1] (build-tree[5.5.1049~1-4592c5]:main():build-tree.cc:143) For pdf-id 2443, low count 52
VLOG[1] (build-tree[5.5.1049~1-4592c5]:main():build-tree.cc:143) For pdf-id 2444, low count 22
VLOG[1] (build-tree[5.5.1049~1-4592c5]:main():build-tree.cc:143) For pdf-id 2446, low count 56
VLOG[1] (build-tree[5.5.1049~1-4592c5]:main():build-tree.cc:143) For pdf-id 2449, low count 26
VLOG[1] (build-tree[5.5.1049~1-4592c5]:main():build-tree.cc:143) For pdf-id 2455, low count 17
VLOG[1] (build-tree[5.5.1049~1-4592c5]:main():build-tree.cc:143) For pdf-id 2460, low count 55
VLOG[1] (build-tree[5.5.1049~1-4592c5]:main():build-tree.cc:143) For pdf-id 2468, low count 68
VLOG[1] (build-tree[5.5.1049~1-4592c5]:main():build-tree.cc:143) For pdf-id 2470, low count 23
VLOG[1] (build-tree[5.5.1049~1-4592c5]:main():build-tree.cc:143) For pdf-id 2476, low count 54
VLOG[1] (build-tree[5.5.1049~1-4592c5]:main():build-tree.cc:143) For pdf-id 2477, low count 87
VLOG[1] (build-tree[5.5.1049~1-4592c5]:main():build-tree.cc:143) For pdf-id 2483, low count 68
VLOG[1] (build-tree[5.5.1049~1-4592c5]:main():build-tree.cc:143) For pdf-id 2489, low count 35
VLOG[1] (build-tree[5.5.1049~1-4592c5]:main():build-tree.cc:143) For pdf-id 2497, low count 57
VLOG[1] (build-tree[5.5.1049~1-4592c5]:main():build-tree.cc:143) For pdf-id 2501, low count 84
VLOG[1] (build-tree[5.5.1049~1-4592c5]:main():build-tree.cc:143) For pdf-id 2503, low count 56
VLOG[1] (build-tree[5.5.1049~1-4592c5]:main():build-tree.cc:143) For pdf-id 2506, low count 73
VLOG[1] (build-tree[5.5.1049~1-4592c5]:main():build-tree.cc:143) For pdf-id 2507, low count 69
VLOG[1] (build-tree[5.5.1049~1-4592c5]:main():build-tree.cc:143) For pdf-id 2511, low count 50
VLOG[1] (build-tree[5.5.1049~1-4592c5]:main():build-tree.cc:143) For pdf-id 2512, low count 93
VLOG[1] (build-tree[5.5.1049~1-4592c5]:main():build-tree.cc:143) For pdf-id 2519, low count 23
VLOG[1] (build-tree[5.5.1049~1-4592c5]:main():build-tree.cc:143) For pdf-id 2523, low count 29
VLOG[1] (build-tree[5.5.1049~1-4592c5]:main():build-tree.cc:143) For pdf-id 2525, low count 83
VLOG[1] (build-tree[5.5.1049~1-4592c5]:main():build-tree.cc:143) For pdf-id 2530, low count 65
VLOG[1] (build-tree[5.5.1049~1-4592c5]:main():build-tree.cc:143) For pdf-id 2536, low count 93
VLOG[1] (build-tree[5.5.1049~1-4592c5]:main():build-tree.cc:143) For pdf-id 2538, low count 69
VLOG[1] (build-tree[5.5.1049~1-4592c5]:main():build-tree.cc:143) For pdf-id 2541, low count 76
VLOG[1] (build-tree[5.5.1049~1-4592c5]:main():build-tree.cc:143) For pdf-id 2542, low count 65
VLOG[1] (build-tree[5.5.1049~1-4592c5]:main():build-tree.cc:143) For pdf-id 2546, low count 32
VLOG[1] (build-tree[5.5.1049~1-4592c5]:main():build-tree.cc:143) For pdf-id 2548, low count 39
VLOG[1] (build-tree[5.5.1049~1-4592c5]:main():build-tree.cc:143) For pdf-id 2553, low count 50
VLOG[1] (build-tree[5.5.1049~1-4592c5]:main():build-tree.cc:143) For pdf-id 2564, low count 85
VLOG[1] (build-tree[5.5.1049~1-4592c5]:main():build-tree.cc:143) For pdf-id 2569, low count 53
VLOG[1] (build-tree[5.5.1049~1-4592c5]:main():build-tree.cc:143) For pdf-id 2579, low count 52
VLOG[1] (build-tree[5.5.1049~1-4592c5]:main():build-tree.cc:143) For pdf-id 2583, low count 30
VLOG[1] (build-tree[5.5.1049~1-4592c5]:main():build-tree.cc:143) For pdf-id 2591, low count 66
VLOG[1] (build-tree[5.5.1049~1-4592c5]:main():build-tree.cc:143) For pdf-id 2600, low count 85
VLOG[1] (build-tree[5.5.1049~1-4592c5]:main():build-tree.cc:143) For pdf-id 2602, low count 79
VLOG[1] (build-tree[5.5.1049~1-4592c5]:main():build-tree.cc:143) For pdf-id 2609, low count 30
VLOG[1] (build-tree[5.5.1049~1-4592c5]:main():build-tree.cc:143) For pdf-id 2611, low count 82
VLOG[1] (build-tree[5.5.1049~1-4592c5]:main():build-tree.cc:143) For pdf-id 2617, low count 92
VLOG[1] (build-tree[5.5.1049~1-4592c5]:main():build-tree.cc:143) For pdf-id 2618, low count 76
VLOG[1] (build-tree[5.5.1049~1-4592c5]:main():build-tree.cc:143) For pdf-id 2619, low count 82
VLOG[1] (build-tree[5.5.1049~1-4592c5]:main():build-tree.cc:143) For pdf-id 2620, low count 31
VLOG[1] (build-tree[5.5.1049~1-4592c5]:main():build-tree.cc:143) For pdf-id 2621, low count 64
VLOG[1] (build-tree[5.5.1049~1-4592c5]:main():build-tree.cc:143) For pdf-id 2624, low count 36
VLOG[1] (build-tree[5.5.1049~1-4592c5]:main():build-tree.cc:143) For pdf-id 2626, low count 54
VLOG[1] (build-tree[5.5.1049~1-4592c5]:main():build-tree.cc:143) For pdf-id 2628, low count 94
VLOG[1] (build-tree[5.5.1049~1-4592c5]:main():build-tree.cc:143) For pdf-id 2630, low count 72
VLOG[1] (build-tree[5.5.1049~1-4592c5]:main():build-tree.cc:143) For pdf-id 2638, low count 93
VLOG[1] (build-tree[5.5.1049~1-4592c5]:main():build-tree.cc:143) For pdf-id 2641, low count 68
VLOG[1] (build-tree[5.5.1049~1-4592c5]:main():build-tree.cc:143) For pdf-id 2643, low count 63
VLOG[1] (build-tree[5.5.1049~1-4592c5]:main():build-tree.cc:143) For pdf-id 2644, low count 42
VLOG[1] (build-tree[5.5.1049~1-4592c5]:main():build-tree.cc:143) For pdf-id 2647, low count 23
VLOG[1] (build-tree[5.5.1049~1-4592c5]:main():build-tree.cc:143) For pdf-id 2648, low count 91
VLOG[1] (build-tree[5.5.1049~1-4592c5]:main():build-tree.cc:143) For pdf-id 2653, low count 69
VLOG[1] (build-tree[5.5.1049~1-4592c5]:main():build-tree.cc:143) For pdf-id 2654, low count 86
VLOG[1] (build-tree[5.5.1049~1-4592c5]:main():build-tree.cc:143) For pdf-id 2657, low count 73
VLOG[1] (build-tree[5.5.1049~1-4592c5]:main():build-tree.cc:143) For pdf-id 2658, low count 45
VLOG[1] (build-tree[5.5.1049~1-4592c5]:main():build-tree.cc:143) For pdf-id 2661, low count 63
VLOG[1] (build-tree[5.5.1049~1-4592c5]:main():build-tree.cc:143) For pdf-id 2662, low count 67
VLOG[1] (build-tree[5.5.1049~1-4592c5]:main():build-tree.cc:143) For pdf-id 2665, low count 30
VLOG[1] (build-tree[5.5.1049~1-4592c5]:main():build-tree.cc:143) For pdf-id 2667, low count 79
VLOG[1] (build-tree[5.5.1049~1-4592c5]:main():build-tree.cc:143) For pdf-id 2669, low count 43
VLOG[1] (build-tree[5.5.1049~1-4592c5]:main():build-tree.cc:143) For pdf-id 2672, low count 62
VLOG[1] (build-tree[5.5.1049~1-4592c5]:main():build-tree.cc:143) For pdf-id 2674, low count 25
VLOG[1] (build-tree[5.5.1049~1-4592c5]:main():build-tree.cc:143) For pdf-id 2678, low count 95
VLOG[1] (build-tree[5.5.1049~1-4592c5]:main():build-tree.cc:143) For pdf-id 2679, low count 59
VLOG[1] (build-tree[5.5.1049~1-4592c5]:main():build-tree.cc:143) For pdf-id 2685, low count 23
VLOG[1] (build-tree[5.5.1049~1-4592c5]:main():build-tree.cc:143) For pdf-id 2691, low count 46
VLOG[1] (build-tree[5.5.1049~1-4592c5]:main():build-tree.cc:143) For pdf-id 2693, low count 39
VLOG[1] (build-tree[5.5.1049~1-4592c5]:main():build-tree.cc:143) For pdf-id 2695, low count 60
VLOG[1] (build-tree[5.5.1049~1-4592c5]:main():build-tree.cc:143) For pdf-id 2700, low count 36
VLOG[1] (build-tree[5.5.1049~1-4592c5]:main():build-tree.cc:143) For pdf-id 2704, low count 33
VLOG[1] (build-tree[5.5.1049~1-4592c5]:main():build-tree.cc:143) For pdf-id 2706, low count 47
VLOG[1] (build-tree[5.5.1049~1-4592c5]:main():build-tree.cc:143) For pdf-id 2709, low count 69
VLOG[1] (build-tree[5.5.1049~1-4592c5]:main():build-tree.cc:143) For pdf-id 2712, low count 45
VLOG[1] (build-tree[5.5.1049~1-4592c5]:main():build-tree.cc:143) For pdf-id 2716, low count 49
VLOG[1] (build-tree[5.5.1049~1-4592c5]:main():build-tree.cc:143) For pdf-id 2720, low count 97
VLOG[1] (build-tree[5.5.1049~1-4592c5]:main():build-tree.cc:143) For pdf-id 2724, low count 88
VLOG[1] (build-tree[5.5.1049~1-4592c5]:main():build-tree.cc:143) For pdf-id 2727, low count 97
VLOG[1] (build-tree[5.5.1049~1-4592c5]:main():build-tree.cc:143) For pdf-id 2729, low count 97
VLOG[1] (build-tree[5.5.1049~1-4592c5]:main():build-tree.cc:143) For pdf-id 2730, low count 86
VLOG[1] (build-tree[5.5.1049~1-4592c5]:main():build-tree.cc:143) For pdf-id 2731, low count 36
VLOG[1] (build-tree[5.5.1049~1-4592c5]:main():build-tree.cc:143) For pdf-id 2734, low count 90
VLOG[1] (build-tree[5.5.1049~1-4592c5]:main():build-tree.cc:143) For pdf-id 2735, low count 86
VLOG[1] (build-tree[5.5.1049~1-4592c5]:main():build-tree.cc:143) For pdf-id 2738, low count 94
VLOG[1] (build-tree[5.5.1049~1-4592c5]:main():build-tree.cc:143) For pdf-id 2739, low count 66
VLOG[1] (build-tree[5.5.1049~1-4592c5]:main():build-tree.cc:143) For pdf-id 2741, low count 23
VLOG[1] (build-tree[5.5.1049~1-4592c5]:main():build-tree.cc:143) For pdf-id 2742, low count 65
VLOG[1] (build-tree[5.5.1049~1-4592c5]:main():build-tree.cc:143) For pdf-id 2748, low count 53
VLOG[1] (build-tree[5.5.1049~1-4592c5]:main():build-tree.cc:143) For pdf-id 2749, low count 62
VLOG[1] (build-tree[5.5.1049~1-4592c5]:main():build-tree.cc:143) For pdf-id 2752, low count 89
VLOG[1] (build-tree[5.5.1049~1-4592c5]:main():build-tree.cc:143) For pdf-id 2756, low count 87
VLOG[1] (build-tree[5.5.1049~1-4592c5]:main():build-tree.cc:143) For pdf-id 2757, low count 93
VLOG[1] (build-tree[5.5.1049~1-4592c5]:main():build-tree.cc:143) For pdf-id 2758, low count 50
VLOG[1] (build-tree[5.5.1049~1-4592c5]:main():build-tree.cc:143) For pdf-id 2759, low count 59
VLOG[1] (build-tree[5.5.1049~1-4592c5]:main():build-tree.cc:143) For pdf-id 2765, low count 26
VLOG[1] (build-tree[5.5.1049~1-4592c5]:main():build-tree.cc:143) For pdf-id 2768, low count 61
VLOG[1] (build-tree[5.5.1049~1-4592c5]:main():build-tree.cc:143) For pdf-id 2769, low count 28
VLOG[1] (build-tree[5.5.1049~1-4592c5]:main():build-tree.cc:143) For pdf-id 2771, low count 96
VLOG[1] (build-tree[5.5.1049~1-4592c5]:main():build-tree.cc:143) For pdf-id 2775, low count 24
WARNING (build-tree[5.5.1049~1-4592c5]:main():build-tree.cc:185) Saw no stats for following phones: 2 16 78 183 201 208 243 
LOG (build-tree[5.5.1049~1-4592c5]:main():build-tree.cc:189) Wrote tree
# Accounting: time=12 threads=1
# Ended (code 0) at Wed Sep 28 18:09:59 CST 2022, elapsed time 12 seconds
