# gmm-est --power=0.2 --write-occs=exp/tri5a/16.occs --mix-up=57540 exp/tri5a/15.mdl "gmm-sum-accs - exp/tri5a/15.*.acc |" exp/tri5a/16.mdl 
# Started at Sun Sep 25 13:17:17 CST 2022
#
gmm-est --power=0.2 --write-occs=exp/tri5a/16.occs --mix-up=57540 exp/tri5a/15.mdl 'gmm-sum-accs - exp/tri5a/15.*.acc |' exp/tri5a/16.mdl 
gmm-sum-accs - exp/tri5a/15.1.acc 
LOG (gmm-sum-accs[5.5.1047~1-09a63]:main():gmm-sum-accs.cc:63) Summed 1 stats, total count 788012, avg like/frame -42.6683
LOG (gmm-sum-accs[5.5.1047~1-09a63]:main():gmm-sum-accs.cc:66) Total count of stats is 788012
LOG (gmm-sum-accs[5.5.1047~1-09a63]:main():gmm-sum-accs.cc:67) Written stats to -
LOG (gmm-est[5.5.1047~1-09a63]:MleUpdate():transition-model.cc:528) TransitionModel::Update, objf change is 0 per frame over 788012 frames. 
LOG (gmm-est[5.5.1047~1-09a63]:MleUpdate():transition-model.cc:531) 161 probabilities floored, 140 out of 3106 transition-states skipped due to insuffient data (it is normal to have some skipped.)
LOG (gmm-est[5.5.1047~1-09a63]:main():gmm-est.cc:102) Transition model update: Overall 0 log-like improvement per frame over 788012 frames.
WARNING (gmm-est[5.5.1047~1-09a63]:MleDiagGmmUpdate():mle-diag-gmm.cc:359) Too little data - removing Gaussian (weight 0.000136, occupation count 9.691562, vector size 40)
WARNING (gmm-est[5.5.1047~1-09a63]:MleDiagGmmUpdate():mle-diag-gmm.cc:359) Too little data - removing Gaussian (weight 0.000132, occupation count 9.420940, vector size 40)
WARNING (gmm-est[5.5.1047~1-09a63]:MleDiagGmmUpdate():mle-diag-gmm.cc:359) Too little data - removing Gaussian (weight 0.000109, occupation count 7.776989, vector size 40)
WARNING (gmm-est[5.5.1047~1-09a63]:MleDiagGmmUpdate():mle-diag-gmm.cc:359) Too little data - removing Gaussian (weight 0.000130, occupation count 9.219531, vector size 40)
WARNING (gmm-est[5.5.1047~1-09a63]:MleDiagGmmUpdate():mle-diag-gmm.cc:359) Too little data - removing Gaussian (weight 0.000138, occupation count 9.803104, vector size 40)
WARNING (gmm-est[5.5.1047~1-09a63]:MleDiagGmmUpdate():mle-diag-gmm.cc:359) Too little data - removing Gaussian (weight 0.000091, occupation count 6.479152, vector size 40)
WARNING (gmm-est[5.5.1047~1-09a63]:MleDiagGmmUpdate():mle-diag-gmm.cc:359) Too little data - removing Gaussian (weight 0.000120, occupation count 8.528521, vector size 40)
WARNING (gmm-est[5.5.1047~1-09a63]:MleDiagGmmUpdate():mle-diag-gmm.cc:359) Too little data - removing Gaussian (weight 0.000125, occupation count 8.864900, vector size 40)
WARNING (gmm-est[5.5.1047~1-09a63]:MleDiagGmmUpdate():mle-diag-gmm.cc:359) Too little data - removing Gaussian (weight 0.000099, occupation count 7.022609, vector size 40)
WARNING (gmm-est[5.5.1047~1-09a63]:MleDiagGmmUpdate():mle-diag-gmm.cc:359) Too little data - removing Gaussian (weight 0.000130, occupation count 9.270732, vector size 40)
WARNING (gmm-est[5.5.1047~1-09a63]:MleDiagGmmUpdate():mle-diag-gmm.cc:359) Too little data - removing Gaussian (weight 0.000138, occupation count 9.800976, vector size 40)
WARNING (gmm-est[5.5.1047~1-09a63]:MleDiagGmmUpdate():mle-diag-gmm.cc:359) Too little data - removing Gaussian (weight 0.000124, occupation count 8.811881, vector size 40)
WARNING (gmm-est[5.5.1047~1-09a63]:MleDiagGmmUpdate():mle-diag-gmm.cc:359) Too little data - removing Gaussian (weight 0.000129, occupation count 9.144190, vector size 40)
WARNING (gmm-est[5.5.1047~1-09a63]:MleDiagGmmUpdate():mle-diag-gmm.cc:359) Too little data - removing Gaussian (weight 0.000134, occupation count 9.514725, vector size 40)
WARNING (gmm-est[5.5.1047~1-09a63]:MleDiagGmmUpdate():mle-diag-gmm.cc:359) Too little data - removing Gaussian (weight 0.000113, occupation count 8.033051, vector size 40)
WARNING (gmm-est[5.5.1047~1-09a63]:MleDiagGmmUpdate():mle-diag-gmm.cc:359) Too little data - removing Gaussian (weight 0.000117, occupation count 8.330582, vector size 40)
WARNING (gmm-est[5.5.1047~1-09a63]:MleDiagGmmUpdate():mle-diag-gmm.cc:359) Too little data - removing Gaussian (weight 0.000118, occupation count 8.372378, vector size 40)
WARNING (gmm-est[5.5.1047~1-09a63]:MleDiagGmmUpdate():mle-diag-gmm.cc:359) Too little data - removing Gaussian (weight 0.000137, occupation count 9.734136, vector size 40)
WARNING (gmm-est[5.5.1047~1-09a63]:MleDiagGmmUpdate():mle-diag-gmm.cc:359) Too little data - removing Gaussian (weight 0.000117, occupation count 8.309295, vector size 40)
WARNING (gmm-est[5.5.1047~1-09a63]:MleDiagGmmUpdate():mle-diag-gmm.cc:359) Too little data - removing Gaussian (weight 0.000128, occupation count 9.086765, vector size 40)
WARNING (gmm-est[5.5.1047~1-09a63]:MleDiagGmmUpdate():mle-diag-gmm.cc:359) Too little data - removing Gaussian (weight 0.000136, occupation count 9.679496, vector size 40)
WARNING (gmm-est[5.5.1047~1-09a63]:MleDiagGmmUpdate():mle-diag-gmm.cc:359) Too little data - removing Gaussian (weight 0.000136, occupation count 9.681590, vector size 40)
WARNING (gmm-est[5.5.1047~1-09a63]:MleDiagGmmUpdate():mle-diag-gmm.cc:359) Too little data - removing Gaussian (weight 0.000139, occupation count 9.863664, vector size 40)
WARNING (gmm-est[5.5.1047~1-09a63]:MleDiagGmmUpdate():mle-diag-gmm.cc:359) Too little data - removing Gaussian (weight 0.000140, occupation count 9.947824, vector size 40)
WARNING (gmm-est[5.5.1047~1-09a63]:MleDiagGmmUpdate():mle-diag-gmm.cc:359) Too little data - removing Gaussian (weight 0.000115, occupation count 8.166157, vector size 40)
WARNING (gmm-est[5.5.1047~1-09a63]:MleDiagGmmUpdate():mle-diag-gmm.cc:359) Too little data - removing Gaussian (weight 0.000118, occupation count 8.361347, vector size 40)
WARNING (gmm-est[5.5.1047~1-09a63]:MleDiagGmmUpdate():mle-diag-gmm.cc:359) Too little data - removing Gaussian (weight 0.000132, occupation count 9.363000, vector size 40)
WARNING (gmm-est[5.5.1047~1-09a63]:MleDiagGmmUpdate():mle-diag-gmm.cc:359) Too little data - removing Gaussian (weight 0.000106, occupation count 7.571127, vector size 40)
WARNING (gmm-est[5.5.1047~1-09a63]:MleDiagGmmUpdate():mle-diag-gmm.cc:359) Too little data - removing Gaussian (weight 0.000136, occupation count 9.686575, vector size 40)
WARNING (gmm-est[5.5.1047~1-09a63]:MleDiagGmmUpdate():mle-diag-gmm.cc:359) Too little data - removing Gaussian (weight 0.000128, occupation count 9.109588, vector size 40)
WARNING (gmm-est[5.5.1047~1-09a63]:MleDiagGmmUpdate():mle-diag-gmm.cc:359) Too little data - removing Gaussian (weight 0.000112, occupation count 7.953499, vector size 40)
WARNING (gmm-est[5.5.1047~1-09a63]:MleDiagGmmUpdate():mle-diag-gmm.cc:359) Too little data - removing Gaussian (weight 0.000131, occupation count 9.333560, vector size 40)
WARNING (gmm-est[5.5.1047~1-09a63]:MleDiagGmmUpdate():mle-diag-gmm.cc:359) Too little data - removing Gaussian (weight 0.000133, occupation count 9.460311, vector size 40)
WARNING (gmm-est[5.5.1047~1-09a63]:MleDiagGmmUpdate():mle-diag-gmm.cc:359) Too little data - removing Gaussian (weight 0.000104, occupation count 7.403187, vector size 40)
WARNING (gmm-est[5.5.1047~1-09a63]:MleDiagGmmUpdate():mle-diag-gmm.cc:359) Too little data - removing Gaussian (weight 0.000128, occupation count 9.120636, vector size 40)
WARNING (gmm-est[5.5.1047~1-09a63]:MleDiagGmmUpdate():mle-diag-gmm.cc:359) Too little data - removing Gaussian (weight 0.000127, occupation count 8.999880, vector size 40)
WARNING (gmm-est[5.5.1047~1-09a63]:MleDiagGmmUpdate():mle-diag-gmm.cc:359) Too little data - removing Gaussian (weight 0.000139, occupation count 9.894277, vector size 40)
WARNING (gmm-est[5.5.1047~1-09a63]:MleDiagGmmUpdate():mle-diag-gmm.cc:359) Too little data - removing Gaussian (weight 0.000120, occupation count 8.525379, vector size 40)
WARNING (gmm-est[5.5.1047~1-09a63]:MleDiagGmmUpdate():mle-diag-gmm.cc:359) Too little data - removing Gaussian (weight 0.000120, occupation count 8.560818, vector size 40)
WARNING (gmm-est[5.5.1047~1-09a63]:MleDiagGmmUpdate():mle-diag-gmm.cc:359) Too little data - removing Gaussian (weight 0.000134, occupation count 9.564401, vector size 40)
WARNING (gmm-est[5.5.1047~1-09a63]:MleDiagGmmUpdate():mle-diag-gmm.cc:359) Too little data - removing Gaussian (weight 0.000085, occupation count 6.059542, vector size 40)
WARNING (gmm-est[5.5.1047~1-09a63]:MleDiagGmmUpdate():mle-diag-gmm.cc:359) Too little data - removing Gaussian (weight 0.000109, occupation count 7.730456, vector size 40)
WARNING (gmm-est[5.5.1047~1-09a63]:MleDiagGmmUpdate():mle-diag-gmm.cc:359) Too little data - removing Gaussian (weight 0.000133, occupation count 9.495659, vector size 40)
WARNING (gmm-est[5.5.1047~1-09a63]:MleDiagGmmUpdate():mle-diag-gmm.cc:359) Too little data - removing Gaussian (weight 0.000119, occupation count 8.454321, vector size 40)
WARNING (gmm-est[5.5.1047~1-09a63]:MleDiagGmmUpdate():mle-diag-gmm.cc:359) Too little data - removing Gaussian (weight 0.000137, occupation count 9.763587, vector size 40)
WARNING (gmm-est[5.5.1047~1-09a63]:MleDiagGmmUpdate():mle-diag-gmm.cc:359) Too little data - removing Gaussian (weight 0.000128, occupation count 9.072341, vector size 40)
WARNING (gmm-est[5.5.1047~1-09a63]:MleDiagGmmUpdate():mle-diag-gmm.cc:359) Too little data - removing Gaussian (weight 0.000125, occupation count 8.901409, vector size 40)
WARNING (gmm-est[5.5.1047~1-09a63]:MleDiagGmmUpdate():mle-diag-gmm.cc:359) Too little data - removing Gaussian (weight 0.000135, occupation count 9.601481, vector size 40)
WARNING (gmm-est[5.5.1047~1-09a63]:MleDiagGmmUpdate():mle-diag-gmm.cc:359) Too little data - removing Gaussian (weight 0.000129, occupation count 9.175138, vector size 40)
WARNING (gmm-est[5.5.1047~1-09a63]:MleDiagGmmUpdate():mle-diag-gmm.cc:359) Too little data - removing Gaussian (weight 0.000134, occupation count 9.528077, vector size 40)
WARNING (gmm-est[5.5.1047~1-09a63]:MleDiagGmmUpdate():mle-diag-gmm.cc:359) Too little data - removing Gaussian (weight 0.000136, occupation count 9.692463, vector size 40)
WARNING (gmm-est[5.5.1047~1-09a63]:MleDiagGmmUpdate():mle-diag-gmm.cc:359) Too little data - removing Gaussian (weight 0.000113, occupation count 8.058063, vector size 40)
WARNING (gmm-est[5.5.1047~1-09a63]:MleDiagGmmUpdate():mle-diag-gmm.cc:359) Too little data - removing Gaussian (weight 0.000124, occupation count 8.804063, vector size 40)
WARNING (gmm-est[5.5.1047~1-09a63]:MleDiagGmmUpdate():mle-diag-gmm.cc:359) Too little data - removing Gaussian (weight 0.000128, occupation count 9.070498, vector size 40)
WARNING (gmm-est[5.5.1047~1-09a63]:MleDiagGmmUpdate():mle-diag-gmm.cc:359) Too little data - removing Gaussian (weight 0.000126, occupation count 8.976456, vector size 40)
WARNING (gmm-est[5.5.1047~1-09a63]:MleDiagGmmUpdate():mle-diag-gmm.cc:359) Too little data - removing Gaussian (weight 0.000125, occupation count 8.882383, vector size 40)
WARNING (gmm-est[5.5.1047~1-09a63]:MleDiagGmmUpdate():mle-diag-gmm.cc:359) Too little data - removing Gaussian (weight 0.000109, occupation count 7.728317, vector size 40)
WARNING (gmm-est[5.5.1047~1-09a63]:MleDiagGmmUpdate():mle-diag-gmm.cc:359) Too little data - removing Gaussian (weight 0.000116, occupation count 8.235931, vector size 40)
WARNING (gmm-est[5.5.1047~1-09a63]:MleDiagGmmUpdate():mle-diag-gmm.cc:359) Too little data - removing Gaussian (weight 0.000116, occupation count 8.224014, vector size 40)
WARNING (gmm-est[5.5.1047~1-09a63]:MleDiagGmmUpdate():mle-diag-gmm.cc:359) Too little data - removing Gaussian (weight 0.000108, occupation count 7.649535, vector size 40)
WARNING (gmm-est[5.5.1047~1-09a63]:MleDiagGmmUpdate():mle-diag-gmm.cc:359) Too little data - removing Gaussian (weight 0.000120, occupation count 8.504274, vector size 40)
WARNING (gmm-est[5.5.1047~1-09a63]:MleDiagGmmUpdate():mle-diag-gmm.cc:359) Too little data - removing Gaussian (weight 0.000131, occupation count 9.305039, vector size 40)
WARNING (gmm-est[5.5.1047~1-09a63]:MleDiagGmmUpdate():mle-diag-gmm.cc:359) Too little data - removing Gaussian (weight 0.000131, occupation count 9.352299, vector size 40)
WARNING (gmm-est[5.5.1047~1-09a63]:MleDiagGmmUpdate():mle-diag-gmm.cc:359) Too little data - removing Gaussian (weight 0.000139, occupation count 9.898834, vector size 40)
WARNING (gmm-est[5.5.1047~1-09a63]:MleDiagGmmUpdate():mle-diag-gmm.cc:359) Too little data - removing Gaussian (weight 0.000131, occupation count 9.328241, vector size 40)
WARNING (gmm-est[5.5.1047~1-09a63]:MleDiagGmmUpdate():mle-diag-gmm.cc:359) Too little data - removing Gaussian (weight 0.000126, occupation count 8.998466, vector size 40)
WARNING (gmm-est[5.5.1047~1-09a63]:MleDiagGmmUpdate():mle-diag-gmm.cc:359) Too little data - removing Gaussian (weight 0.000113, occupation count 8.052626, vector size 40)
WARNING (gmm-est[5.5.1047~1-09a63]:MleDiagGmmUpdate():mle-diag-gmm.cc:359) Too little data - removing Gaussian (weight 0.000134, occupation count 9.553601, vector size 40)
WARNING (gmm-est[5.5.1047~1-09a63]:MleDiagGmmUpdate():mle-diag-gmm.cc:359) Too little data - removing Gaussian (weight 0.000104, occupation count 7.418480, vector size 40)
WARNING (gmm-est[5.5.1047~1-09a63]:MleDiagGmmUpdate():mle-diag-gmm.cc:359) Too little data - removing Gaussian (weight 0.000126, occupation count 8.989417, vector size 40)
WARNING (gmm-est[5.5.1047~1-09a63]:MleDiagGmmUpdate():mle-diag-gmm.cc:359) Too little data - removing Gaussian (weight 0.000117, occupation count 8.311381, vector size 40)
WARNING (gmm-est[5.5.1047~1-09a63]:MleDiagGmmUpdate():mle-diag-gmm.cc:359) Too little data - removing Gaussian (weight 0.000127, occupation count 9.048815, vector size 40)
WARNING (gmm-est[5.5.1047~1-09a63]:MleDiagGmmUpdate():mle-diag-gmm.cc:359) Too little data - removing Gaussian (weight 0.000109, occupation count 7.755964, vector size 40)
WARNING (gmm-est[5.5.1047~1-09a63]:MleDiagGmmUpdate():mle-diag-gmm.cc:359) Too little data - removing Gaussian (weight 0.000108, occupation count 7.669887, vector size 40)
WARNING (gmm-est[5.5.1047~1-09a63]:MleDiagGmmUpdate():mle-diag-gmm.cc:359) Too little data - removing Gaussian (weight 0.000126, occupation count 8.963402, vector size 40)
WARNING (gmm-est[5.5.1047~1-09a63]:MleDiagGmmUpdate():mle-diag-gmm.cc:359) Too little data - removing Gaussian (weight 0.000135, occupation count 9.590317, vector size 40)
WARNING (gmm-est[5.5.1047~1-09a63]:MleDiagGmmUpdate():mle-diag-gmm.cc:359) Too little data - removing Gaussian (weight 0.000126, occupation count 8.991690, vector size 40)
WARNING (gmm-est[5.5.1047~1-09a63]:MleDiagGmmUpdate():mle-diag-gmm.cc:359) Too little data - removing Gaussian (weight 0.000122, occupation count 8.702645, vector size 40)
WARNING (gmm-est[5.5.1047~1-09a63]:MleDiagGmmUpdate():mle-diag-gmm.cc:359) Too little data - removing Gaussian (weight 0.000113, occupation count 8.013802, vector size 40)
WARNING (gmm-est[5.5.1047~1-09a63]:MleDiagGmmUpdate():mle-diag-gmm.cc:359) Too little data - removing Gaussian (weight 0.000131, occupation count 9.343043, vector size 40)
WARNING (gmm-est[5.5.1047~1-09a63]:MleDiagGmmUpdate():mle-diag-gmm.cc:359) Too little data - removing Gaussian (weight 0.000124, occupation count 8.835956, vector size 40)
WARNING (gmm-est[5.5.1047~1-09a63]:MleDiagGmmUpdate():mle-diag-gmm.cc:359) Too little data - removing Gaussian (weight 0.000102, occupation count 7.270179, vector size 40)
WARNING (gmm-est[5.5.1047~1-09a63]:MleDiagGmmUpdate():mle-diag-gmm.cc:359) Too little data - removing Gaussian (weight 0.000105, occupation count 7.480408, vector size 40)
WARNING (gmm-est[5.5.1047~1-09a63]:MleDiagGmmUpdate():mle-diag-gmm.cc:359) Too little data - removing Gaussian (weight 0.000137, occupation count 9.742434, vector size 40)
WARNING (gmm-est[5.5.1047~1-09a63]:MleDiagGmmUpdate():mle-diag-gmm.cc:359) Too little data - removing Gaussian (weight 0.000123, occupation count 8.768107, vector size 40)
WARNING (gmm-est[5.5.1047~1-09a63]:MleDiagGmmUpdate():mle-diag-gmm.cc:359) Too little data - removing Gaussian (weight 0.000136, occupation count 9.675517, vector size 40)
WARNING (gmm-est[5.5.1047~1-09a63]:MleDiagGmmUpdate():mle-diag-gmm.cc:359) Too little data - removing Gaussian (weight 0.000137, occupation count 9.747173, vector size 40)
WARNING (gmm-est[5.5.1047~1-09a63]:MleDiagGmmUpdate():mle-diag-gmm.cc:359) Too little data - removing Gaussian (weight 0.000138, occupation count 9.816843, vector size 40)
WARNING (gmm-est[5.5.1047~1-09a63]:MleDiagGmmUpdate():mle-diag-gmm.cc:359) Too little data - removing Gaussian (weight 0.000127, occupation count 9.054364, vector size 40)
WARNING (gmm-est[5.5.1047~1-09a63]:MleDiagGmmUpdate():mle-diag-gmm.cc:359) Too little data - removing Gaussian (weight 0.000095, occupation count 6.780068, vector size 40)
WARNING (gmm-est[5.5.1047~1-09a63]:MleDiagGmmUpdate():mle-diag-gmm.cc:359) Too little data - removing Gaussian (weight 0.000104, occupation count 7.397199, vector size 40)
WARNING (gmm-est[5.5.1047~1-09a63]:MleDiagGmmUpdate():mle-diag-gmm.cc:359) Too little data - removing Gaussian (weight 0.000114, occupation count 8.120564, vector size 40)
WARNING (gmm-est[5.5.1047~1-09a63]:MleDiagGmmUpdate():mle-diag-gmm.cc:359) Too little data - removing Gaussian (weight 0.000135, occupation count 9.620559, vector size 40)
WARNING (gmm-est[5.5.1047~1-09a63]:MleDiagGmmUpdate():mle-diag-gmm.cc:359) Too little data - removing Gaussian (weight 0.000112, occupation count 7.986521, vector size 40)
WARNING (gmm-est[5.5.1047~1-09a63]:MleDiagGmmUpdate():mle-diag-gmm.cc:359) Too little data - removing Gaussian (weight 0.000137, occupation count 9.730850, vector size 40)
WARNING (gmm-est[5.5.1047~1-09a63]:MleDiagGmmUpdate():mle-diag-gmm.cc:359) Too little data - removing Gaussian (weight 0.000127, occupation count 9.048599, vector size 40)
WARNING (gmm-est[5.5.1047~1-09a63]:MleDiagGmmUpdate():mle-diag-gmm.cc:359) Too little data - removing Gaussian (weight 0.000118, occupation count 8.379152, vector size 40)
WARNING (gmm-est[5.5.1047~1-09a63]:MleDiagGmmUpdate():mle-diag-gmm.cc:359) Too little data - removing Gaussian (weight 0.000139, occupation count 9.865736, vector size 40)
WARNING (gmm-est[5.5.1047~1-09a63]:MleDiagGmmUpdate():mle-diag-gmm.cc:359) Too little data - removing Gaussian (weight 0.000093, occupation count 6.608015, vector size 40)
WARNING (gmm-est[5.5.1047~1-09a63]:MleDiagGmmUpdate():mle-diag-gmm.cc:359) Too little data - removing Gaussian (weight 0.000117, occupation count 8.299416, vector size 40)
WARNING (gmm-est[5.5.1047~1-09a63]:MleDiagGmmUpdate():mle-diag-gmm.cc:359) Too little data - removing Gaussian (weight 0.000131, occupation count 9.285608, vector size 40)
WARNING (gmm-est[5.5.1047~1-09a63]:MleDiagGmmUpdate():mle-diag-gmm.cc:359) Too little data - removing Gaussian (weight 0.000119, occupation count 8.470060, vector size 40)
WARNING (gmm-est[5.5.1047~1-09a63]:MleDiagGmmUpdate():mle-diag-gmm.cc:359) Too little data - removing Gaussian (weight 0.000127, occupation count 9.041407, vector size 40)
WARNING (gmm-est[5.5.1047~1-09a63]:MleDiagGmmUpdate():mle-diag-gmm.cc:359) Too little data - removing Gaussian (weight 0.000099, occupation count 7.021097, vector size 40)
WARNING (gmm-est[5.5.1047~1-09a63]:MleDiagGmmUpdate():mle-diag-gmm.cc:359) Too little data - removing Gaussian (weight 0.000103, occupation count 7.292205, vector size 40)
WARNING (gmm-est[5.5.1047~1-09a63]:MleDiagGmmUpdate():mle-diag-gmm.cc:359) Too little data - removing Gaussian (weight 0.000135, occupation count 9.584048, vector size 40)
WARNING (gmm-est[5.5.1047~1-09a63]:MleDiagGmmUpdate():mle-diag-gmm.cc:359) Too little data - removing Gaussian (weight 0.000116, occupation count 8.230225, vector size 40)
WARNING (gmm-est[5.5.1047~1-09a63]:MleDiagGmmUpdate():mle-diag-gmm.cc:359) Too little data - removing Gaussian (weight 0.000128, occupation count 9.106846, vector size 40)
WARNING (gmm-est[5.5.1047~1-09a63]:MleDiagGmmUpdate():mle-diag-gmm.cc:359) Too little data - removing Gaussian (weight 0.000126, occupation count 8.946944, vector size 40)
WARNING (gmm-est[5.5.1047~1-09a63]:MleDiagGmmUpdate():mle-diag-gmm.cc:359) Too little data - removing Gaussian (weight 0.000133, occupation count 9.465714, vector size 40)
WARNING (gmm-est[5.5.1047~1-09a63]:MleDiagGmmUpdate():mle-diag-gmm.cc:359) Too little data - removing Gaussian (weight 0.000134, occupation count 9.539500, vector size 40)
WARNING (gmm-est[5.5.1047~1-09a63]:MleDiagGmmUpdate():mle-diag-gmm.cc:359) Too little data - removing Gaussian (weight 0.000115, occupation count 8.164309, vector size 40)
WARNING (gmm-est[5.5.1047~1-09a63]:MleDiagGmmUpdate():mle-diag-gmm.cc:359) Too little data - removing Gaussian (weight 0.000124, occupation count 8.821837, vector size 40)
WARNING (gmm-est[5.5.1047~1-09a63]:MleDiagGmmUpdate():mle-diag-gmm.cc:359) Too little data - removing Gaussian (weight 0.000114, occupation count 8.136380, vector size 40)
WARNING (gmm-est[5.5.1047~1-09a63]:MleDiagGmmUpdate():mle-diag-gmm.cc:359) Too little data - removing Gaussian (weight 0.000129, occupation count 9.182639, vector size 40)
WARNING (gmm-est[5.5.1047~1-09a63]:MleDiagGmmUpdate():mle-diag-gmm.cc:359) Too little data - removing Gaussian (weight 0.000121, occupation count 8.582754, vector size 40)
WARNING (gmm-est[5.5.1047~1-09a63]:MleDiagGmmUpdate():mle-diag-gmm.cc:359) Too little data - removing Gaussian (weight 0.000137, occupation count 9.732224, vector size 40)
WARNING (gmm-est[5.5.1047~1-09a63]:MleDiagGmmUpdate():mle-diag-gmm.cc:359) Too little data - removing Gaussian (weight 0.000137, occupation count 9.756822, vector size 40)
WARNING (gmm-est[5.5.1047~1-09a63]:MleDiagGmmUpdate():mle-diag-gmm.cc:359) Too little data - removing Gaussian (weight 0.000127, occupation count 9.062117, vector size 40)
WARNING (gmm-est[5.5.1047~1-09a63]:MleDiagGmmUpdate():mle-diag-gmm.cc:359) Too little data - removing Gaussian (weight 0.000123, occupation count 8.725901, vector size 40)
WARNING (gmm-est[5.5.1047~1-09a63]:MleDiagGmmUpdate():mle-diag-gmm.cc:359) Too little data - removing Gaussian (weight 0.000119, occupation count 8.500746, vector size 40)
WARNING (gmm-est[5.5.1047~1-09a63]:MleDiagGmmUpdate():mle-diag-gmm.cc:359) Too little data - removing Gaussian (weight 0.000118, occupation count 8.417283, vector size 40)
WARNING (gmm-est[5.5.1047~1-09a63]:MleDiagGmmUpdate():mle-diag-gmm.cc:359) Too little data - removing Gaussian (weight 0.000127, occupation count 9.054183, vector size 40)
WARNING (gmm-est[5.5.1047~1-09a63]:MleDiagGmmUpdate():mle-diag-gmm.cc:359) Too little data - removing Gaussian (weight 0.000130, occupation count 9.270917, vector size 40)
WARNING (gmm-est[5.5.1047~1-09a63]:MleDiagGmmUpdate():mle-diag-gmm.cc:359) Too little data - removing Gaussian (weight 0.000140, occupation count 9.976946, vector size 40)
WARNING (gmm-est[5.5.1047~1-09a63]:MleDiagGmmUpdate():mle-diag-gmm.cc:359) Too little data - removing Gaussian (weight 0.000111, occupation count 7.861862, vector size 40)
WARNING (gmm-est[5.5.1047~1-09a63]:MleDiagGmmUpdate():mle-diag-gmm.cc:359) Too little data - removing Gaussian (weight 0.000133, occupation count 9.458842, vector size 40)
WARNING (gmm-est[5.5.1047~1-09a63]:MleDiagGmmUpdate():mle-diag-gmm.cc:359) Too little data - removing Gaussian (weight 0.000136, occupation count 9.701447, vector size 40)
WARNING (gmm-est[5.5.1047~1-09a63]:MleDiagGmmUpdate():mle-diag-gmm.cc:359) Too little data - removing Gaussian (weight 0.000137, occupation count 9.763702, vector size 40)
WARNING (gmm-est[5.5.1047~1-09a63]:MleDiagGmmUpdate():mle-diag-gmm.cc:359) Too little data - removing Gaussian (weight 0.000132, occupation count 9.421350, vector size 40)
WARNING (gmm-est[5.5.1047~1-09a63]:MleDiagGmmUpdate():mle-diag-gmm.cc:359) Too little data - removing Gaussian (weight 0.000140, occupation count 9.955821, vector size 40)
WARNING (gmm-est[5.5.1047~1-09a63]:MleDiagGmmUpdate():mle-diag-gmm.cc:359) Too little data - removing Gaussian (weight 0.000123, occupation count 8.785182, vector size 40)
WARNING (gmm-est[5.5.1047~1-09a63]:MleDiagGmmUpdate():mle-diag-gmm.cc:359) Too little data - removing Gaussian (weight 0.000136, occupation count 9.708922, vector size 40)
WARNING (gmm-est[5.5.1047~1-09a63]:MleDiagGmmUpdate():mle-diag-gmm.cc:359) Too little data - removing Gaussian (weight 0.000096, occupation count 6.810463, vector size 40)
WARNING (gmm-est[5.5.1047~1-09a63]:MleDiagGmmUpdate():mle-diag-gmm.cc:359) Too little data - removing Gaussian (weight 0.000110, occupation count 7.836825, vector size 40)
WARNING (gmm-est[5.5.1047~1-09a63]:MleDiagGmmUpdate():mle-diag-gmm.cc:359) Too little data - removing Gaussian (weight 0.000137, occupation count 9.725607, vector size 40)
WARNING (gmm-est[5.5.1047~1-09a63]:MleDiagGmmUpdate():mle-diag-gmm.cc:359) Too little data - removing Gaussian (weight 0.000140, occupation count 9.933813, vector size 40)
WARNING (gmm-est[5.5.1047~1-09a63]:MleDiagGmmUpdate():mle-diag-gmm.cc:359) Too little data - removing Gaussian (weight 0.000134, occupation count 9.521244, vector size 40)
WARNING (gmm-est[5.5.1047~1-09a63]:MleDiagGmmUpdate():mle-diag-gmm.cc:359) Too little data - removing Gaussian (weight 0.000131, occupation count 9.288284, vector size 40)
WARNING (gmm-est[5.5.1047~1-09a63]:MleDiagGmmUpdate():mle-diag-gmm.cc:359) Too little data - removing Gaussian (weight 0.000133, occupation count 9.441730, vector size 40)
WARNING (gmm-est[5.5.1047~1-09a63]:MleDiagGmmUpdate():mle-diag-gmm.cc:359) Too little data - removing Gaussian (weight 0.000140, occupation count 9.960920, vector size 40)
WARNING (gmm-est[5.5.1047~1-09a63]:MleDiagGmmUpdate():mle-diag-gmm.cc:359) Too little data - removing Gaussian (weight 0.000108, occupation count 7.692863, vector size 40)
WARNING (gmm-est[5.5.1047~1-09a63]:MleDiagGmmUpdate():mle-diag-gmm.cc:359) Too little data - removing Gaussian (weight 0.000138, occupation count 9.793637, vector size 40)
WARNING (gmm-est[5.5.1047~1-09a63]:MleDiagGmmUpdate():mle-diag-gmm.cc:359) Too little data - removing Gaussian (weight 0.000124, occupation count 8.826282, vector size 40)
WARNING (gmm-est[5.5.1047~1-09a63]:MleDiagGmmUpdate():mle-diag-gmm.cc:359) Too little data - removing Gaussian (weight 0.000138, occupation count 9.815553, vector size 40)
WARNING (gmm-est[5.5.1047~1-09a63]:MleDiagGmmUpdate():mle-diag-gmm.cc:359) Too little data - removing Gaussian (weight 0.000133, occupation count 9.467025, vector size 40)
WARNING (gmm-est[5.5.1047~1-09a63]:MleDiagGmmUpdate():mle-diag-gmm.cc:359) Too little data - removing Gaussian (weight 0.000131, occupation count 9.309810, vector size 40)
WARNING (gmm-est[5.5.1047~1-09a63]:MleDiagGmmUpdate():mle-diag-gmm.cc:359) Too little data - removing Gaussian (weight 0.000139, occupation count 9.877481, vector size 40)
WARNING (gmm-est[5.5.1047~1-09a63]:MleDiagGmmUpdate():mle-diag-gmm.cc:359) Too little data - removing Gaussian (weight 0.000132, occupation count 9.367691, vector size 40)
WARNING (gmm-est[5.5.1047~1-09a63]:MleDiagGmmUpdate():mle-diag-gmm.cc:359) Too little data - removing Gaussian (weight 0.000095, occupation count 6.733361, vector size 40)
WARNING (gmm-est[5.5.1047~1-09a63]:MleDiagGmmUpdate():mle-diag-gmm.cc:359) Too little data - removing Gaussian (weight 0.000105, occupation count 7.487280, vector size 40)
WARNING (gmm-est[5.5.1047~1-09a63]:MleDiagGmmUpdate():mle-diag-gmm.cc:359) Too little data - removing Gaussian (weight 0.000106, occupation count 7.555236, vector size 40)
WARNING (gmm-est[5.5.1047~1-09a63]:MleDiagGmmUpdate():mle-diag-gmm.cc:359) Too little data - removing Gaussian (weight 0.000117, occupation count 8.304317, vector size 40)
WARNING (gmm-est[5.5.1047~1-09a63]:MleDiagGmmUpdate():mle-diag-gmm.cc:359) Too little data - removing Gaussian (weight 0.000132, occupation count 9.397917, vector size 40)
WARNING (gmm-est[5.5.1047~1-09a63]:MleDiagGmmUpdate():mle-diag-gmm.cc:359) Too little data - removing Gaussian (weight 0.000128, occupation count 9.098765, vector size 40)
WARNING (gmm-est[5.5.1047~1-09a63]:MleDiagGmmUpdate():mle-diag-gmm.cc:359) Too little data - removing Gaussian (weight 0.000133, occupation count 9.436196, vector size 40)
WARNING (gmm-est[5.5.1047~1-09a63]:MleDiagGmmUpdate():mle-diag-gmm.cc:359) Too little data - removing Gaussian (weight 0.000138, occupation count 9.813932, vector size 40)
WARNING (gmm-est[5.5.1047~1-09a63]:MleDiagGmmUpdate():mle-diag-gmm.cc:359) Too little data - removing Gaussian (weight 0.000137, occupation count 9.763056, vector size 40)
WARNING (gmm-est[5.5.1047~1-09a63]:MleDiagGmmUpdate():mle-diag-gmm.cc:365) Gaussian has too little data but not removing it because it is the last Gaussian: i = 0, occ = 0, weight = 1
WARNING (gmm-est[5.5.1047~1-09a63]:MleDiagGmmUpdate():mle-diag-gmm.cc:359) Too little data - removing Gaussian (weight 0.010881, occupation count 9.999275, vector size 40)
WARNING (gmm-est[5.5.1047~1-09a63]:MleDiagGmmUpdate():mle-diag-gmm.cc:365) Gaussian has too little data but not removing it because it is the last Gaussian: i = 0, occ = 6, weight = 1
WARNING (gmm-est[5.5.1047~1-09a63]:MleDiagGmmUpdate():mle-diag-gmm.cc:359) Too little data - removing Gaussian (weight 0.024838, occupation count 9.637098, vector size 40)
WARNING (gmm-est[5.5.1047~1-09a63]:MleDiagGmmUpdate():mle-diag-gmm.cc:365) Gaussian has too little data but not removing it because it is the last Gaussian: i = 0, occ = 7, weight = 1
WARNING (gmm-est[5.5.1047~1-09a63]:MleDiagGmmUpdate():mle-diag-gmm.cc:365) Gaussian has too little data but not removing it because it is the last Gaussian: i = 0, occ = 6, weight = 1
WARNING (gmm-est[5.5.1047~1-09a63]:MleDiagGmmUpdate():mle-diag-gmm.cc:365) Gaussian has too little data but not removing it because it is the last Gaussian: i = 0, occ = 0, weight = 1
WARNING (gmm-est[5.5.1047~1-09a63]:MleDiagGmmUpdate():mle-diag-gmm.cc:365) Gaussian has too little data but not removing it because it is the last Gaussian: i = 0, occ = 3, weight = 1
WARNING (gmm-est[5.5.1047~1-09a63]:MleDiagGmmUpdate():mle-diag-gmm.cc:365) Gaussian has too little data but not removing it because it is the last Gaussian: i = 0, occ = 6, weight = 1
WARNING (gmm-est[5.5.1047~1-09a63]:MleDiagGmmUpdate():mle-diag-gmm.cc:359) Too little data - removing Gaussian (weight 0.021116, occupation count 9.945425, vector size 40)
WARNING (gmm-est[5.5.1047~1-09a63]:MleDiagGmmUpdate():mle-diag-gmm.cc:365) Gaussian has too little data but not removing it because it is the last Gaussian: i = 0, occ = 0, weight = 1
WARNING (gmm-est[5.5.1047~1-09a63]:MleDiagGmmUpdate():mle-diag-gmm.cc:365) Gaussian has too little data but not removing it because it is the last Gaussian: i = 0, occ = 0, weight = 1
WARNING (gmm-est[5.5.1047~1-09a63]:MleDiagGmmUpdate():mle-diag-gmm.cc:365) Gaussian has too little data but not removing it because it is the last Gaussian: i = 0, occ = 6, weight = 1
WARNING (gmm-est[5.5.1047~1-09a63]:MleDiagGmmUpdate():mle-diag-gmm.cc:365) Gaussian has too little data but not removing it because it is the last Gaussian: i = 0, occ = 0, weight = 1
WARNING (gmm-est[5.5.1047~1-09a63]:MleDiagGmmUpdate():mle-diag-gmm.cc:365) Gaussian has too little data but not removing it because it is the last Gaussian: i = 0, occ = 3, weight = 1
WARNING (gmm-est[5.5.1047~1-09a63]:MleDiagGmmUpdate():mle-diag-gmm.cc:365) Gaussian has too little data but not removing it because it is the last Gaussian: i = 0, occ = 4, weight = 1
WARNING (gmm-est[5.5.1047~1-09a63]:MleDiagGmmUpdate():mle-diag-gmm.cc:359) Too little data - removing Gaussian (weight 0.044416, occupation count 9.993700, vector size 40)
WARNING (gmm-est[5.5.1047~1-09a63]:MleDiagGmmUpdate():mle-diag-gmm.cc:365) Gaussian has too little data but not removing it because it is the last Gaussian: i = 0, occ = 9, weight = 1
WARNING (gmm-est[5.5.1047~1-09a63]:MleDiagGmmUpdate():mle-diag-gmm.cc:365) Gaussian has too little data but not removing it because it is the last Gaussian: i = 0, occ = 0, weight = 1
WARNING (gmm-est[5.5.1047~1-09a63]:MleDiagGmmUpdate():mle-diag-gmm.cc:359) Too little data - removing Gaussian (weight 0.012722, occupation count 9.987080, vector size 40)
WARNING (gmm-est[5.5.1047~1-09a63]:MleDiagGmmUpdate():mle-diag-gmm.cc:359) Too little data - removing Gaussian (weight 0.035455, occupation count 9.998400, vector size 40)
WARNING (gmm-est[5.5.1047~1-09a63]:MleDiagGmmUpdate():mle-diag-gmm.cc:365) Gaussian has too little data but not removing it because it is the last Gaussian: i = 0, occ = 8, weight = 1
WARNING (gmm-est[5.5.1047~1-09a63]:MleDiagGmmUpdate():mle-diag-gmm.cc:365) Gaussian has too little data but not removing it because it is the last Gaussian: i = 0, occ = 6, weight = 1
WARNING (gmm-est[5.5.1047~1-09a63]:MleDiagGmmUpdate():mle-diag-gmm.cc:365) Gaussian has too little data but not removing it because it is the last Gaussian: i = 0, occ = 4, weight = 1
WARNING (gmm-est[5.5.1047~1-09a63]:MleDiagGmmUpdate():mle-diag-gmm.cc:359) Too little data - removing Gaussian (weight 0.000366, occupation count 8.903239, vector size 40)
WARNING (gmm-est[5.5.1047~1-09a63]:MleDiagGmmUpdate():mle-diag-gmm.cc:359) Too little data - removing Gaussian (weight 0.000331, occupation count 8.043886, vector size 40)
WARNING (gmm-est[5.5.1047~1-09a63]:MleDiagGmmUpdate():mle-diag-gmm.cc:359) Too little data - removing Gaussian (weight 0.000183, occupation count 4.437189, vector size 40)
WARNING (gmm-est[5.5.1047~1-09a63]:MleDiagGmmUpdate():mle-diag-gmm.cc:359) Too little data - removing Gaussian (weight 0.000385, occupation count 9.352304, vector size 40)
WARNING (gmm-est[5.5.1047~1-09a63]:MleDiagGmmUpdate():mle-diag-gmm.cc:359) Too little data - removing Gaussian (weight 0.000307, occupation count 7.457326, vector size 40)
WARNING (gmm-est[5.5.1047~1-09a63]:MleDiagGmmUpdate():mle-diag-gmm.cc:359) Too little data - removing Gaussian (weight 0.000396, occupation count 9.608826, vector size 40)
WARNING (gmm-est[5.5.1047~1-09a63]:MleDiagGmmUpdate():mle-diag-gmm.cc:359) Too little data - removing Gaussian (weight 0.000368, occupation count 8.944959, vector size 40)
WARNING (gmm-est[5.5.1047~1-09a63]:MleDiagGmmUpdate():mle-diag-gmm.cc:359) Too little data - removing Gaussian (weight 0.000396, occupation count 9.630526, vector size 40)
WARNING (gmm-est[5.5.1047~1-09a63]:MleDiagGmmUpdate():mle-diag-gmm.cc:359) Too little data - removing Gaussian (weight 0.000402, occupation count 9.764213, vector size 40)
WARNING (gmm-est[5.5.1047~1-09a63]:MleDiagGmmUpdate():mle-diag-gmm.cc:359) Too little data - removing Gaussian (weight 0.000405, occupation count 9.849306, vector size 40)
WARNING (gmm-est[5.5.1047~1-09a63]:MleDiagGmmUpdate():mle-diag-gmm.cc:359) Too little data - removing Gaussian (weight 0.000392, occupation count 9.519475, vector size 40)
WARNING (gmm-est[5.5.1047~1-09a63]:MleDiagGmmUpdate():mle-diag-gmm.cc:359) Too little data - removing Gaussian (weight 0.000385, occupation count 9.355834, vector size 40)
WARNING (gmm-est[5.5.1047~1-09a63]:MleDiagGmmUpdate():mle-diag-gmm.cc:359) Too little data - removing Gaussian (weight 0.000364, occupation count 8.852876, vector size 40)
WARNING (gmm-est[5.5.1047~1-09a63]:MleDiagGmmUpdate():mle-diag-gmm.cc:359) Too little data - removing Gaussian (weight 0.000337, occupation count 8.177755, vector size 40)
WARNING (gmm-est[5.5.1047~1-09a63]:MleDiagGmmUpdate():mle-diag-gmm.cc:359) Too little data - removing Gaussian (weight 0.000332, occupation count 8.072015, vector size 40)
WARNING (gmm-est[5.5.1047~1-09a63]:MleDiagGmmUpdate():mle-diag-gmm.cc:359) Too little data - removing Gaussian (weight 0.000376, occupation count 9.131349, vector size 40)
WARNING (gmm-est[5.5.1047~1-09a63]:MleDiagGmmUpdate():mle-diag-gmm.cc:359) Too little data - removing Gaussian (weight 0.000385, occupation count 9.345425, vector size 40)
WARNING (gmm-est[5.5.1047~1-09a63]:MleDiagGmmUpdate():mle-diag-gmm.cc:359) Too little data - removing Gaussian (weight 0.000334, occupation count 8.103137, vector size 40)
WARNING (gmm-est[5.5.1047~1-09a63]:MleDiagGmmUpdate():mle-diag-gmm.cc:359) Too little data - removing Gaussian (weight 0.000271, occupation count 6.582720, vector size 40)
WARNING (gmm-est[5.5.1047~1-09a63]:MleDiagGmmUpdate():mle-diag-gmm.cc:359) Too little data - removing Gaussian (weight 0.000360, occupation count 8.756885, vector size 40)
WARNING (gmm-est[5.5.1047~1-09a63]:MleDiagGmmUpdate():mle-diag-gmm.cc:359) Too little data - removing Gaussian (weight 0.000705, occupation count 9.269274, vector size 40)
WARNING (gmm-est[5.5.1047~1-09a63]:MleDiagGmmUpdate():mle-diag-gmm.cc:359) Too little data - removing Gaussian (weight 0.000757, occupation count 9.954281, vector size 40)
WARNING (gmm-est[5.5.1047~1-09a63]:MleDiagGmmUpdate():mle-diag-gmm.cc:359) Too little data - removing Gaussian (weight 0.000647, occupation count 8.506476, vector size 40)
WARNING (gmm-est[5.5.1047~1-09a63]:MleDiagGmmUpdate():mle-diag-gmm.cc:359) Too little data - removing Gaussian (weight 0.000750, occupation count 9.855462, vector size 40)
WARNING (gmm-est[5.5.1047~1-09a63]:MleDiagGmmUpdate():mle-diag-gmm.cc:359) Too little data - removing Gaussian (weight 0.000689, occupation count 9.055441, vector size 40)
WARNING (gmm-est[5.5.1047~1-09a63]:MleDiagGmmUpdate():mle-diag-gmm.cc:359) Too little data - removing Gaussian (weight 0.000753, occupation count 9.891621, vector size 40)
WARNING (gmm-est[5.5.1047~1-09a63]:MleDiagGmmUpdate():mle-diag-gmm.cc:359) Too little data - removing Gaussian (weight 0.000575, occupation count 7.552944, vector size 40)
WARNING (gmm-est[5.5.1047~1-09a63]:MleDiagGmmUpdate():mle-diag-gmm.cc:359) Too little data - removing Gaussian (weight 0.000659, occupation count 8.661383, vector size 40)
WARNING (gmm-est[5.5.1047~1-09a63]:MleDiagGmmUpdate():mle-diag-gmm.cc:359) Too little data - removing Gaussian (weight 0.000744, occupation count 9.782601, vector size 40)
WARNING (gmm-est[5.5.1047~1-09a63]:MleDiagGmmUpdate():mle-diag-gmm.cc:359) Too little data - removing Gaussian (weight 0.000642, occupation count 8.434442, vector size 40)
WARNING (gmm-est[5.5.1047~1-09a63]:MleDiagGmmUpdate():mle-diag-gmm.cc:359) Too little data - removing Gaussian (weight 0.000653, occupation count 8.586082, vector size 40)
WARNING (gmm-est[5.5.1047~1-09a63]:MleDiagGmmUpdate():mle-diag-gmm.cc:359) Too little data - removing Gaussian (weight 0.000745, occupation count 9.791798, vector size 40)
WARNING (gmm-est[5.5.1047~1-09a63]:MleDiagGmmUpdate():mle-diag-gmm.cc:359) Too little data - removing Gaussian (weight 0.000426, occupation count 5.594281, vector size 40)
WARNING (gmm-est[5.5.1047~1-09a63]:MleDiagGmmUpdate():mle-diag-gmm.cc:359) Too little data - removing Gaussian (weight 0.000757, occupation count 9.954917, vector size 40)
WARNING (gmm-est[5.5.1047~1-09a63]:MleDiagGmmUpdate():mle-diag-gmm.cc:359) Too little data - removing Gaussian (weight 0.000708, occupation count 9.305137, vector size 40)
WARNING (gmm-est[5.5.1047~1-09a63]:MleDiagGmmUpdate():mle-diag-gmm.cc:359) Too little data - removing Gaussian (weight 0.000376, occupation count 9.276388, vector size 40)
WARNING (gmm-est[5.5.1047~1-09a63]:MleDiagGmmUpdate():mle-diag-gmm.cc:359) Too little data - removing Gaussian (weight 0.000381, occupation count 9.387435, vector size 40)
WARNING (gmm-est[5.5.1047~1-09a63]:MleDiagGmmUpdate():mle-diag-gmm.cc:359) Too little data - removing Gaussian (weight 0.000338, occupation count 8.320457, vector size 40)
WARNING (gmm-est[5.5.1047~1-09a63]:MleDiagGmmUpdate():mle-diag-gmm.cc:359) Too little data - removing Gaussian (weight 0.000386, occupation count 9.506004, vector size 40)
WARNING (gmm-est[5.5.1047~1-09a63]:MleDiagGmmUpdate():mle-diag-gmm.cc:359) Too little data - removing Gaussian (weight 0.000400, occupation count 9.855668, vector size 40)
WARNING (gmm-est[5.5.1047~1-09a63]:MleDiagGmmUpdate():mle-diag-gmm.cc:359) Too little data - removing Gaussian (weight 0.000402, occupation count 9.914425, vector size 40)
WARNING (gmm-est[5.5.1047~1-09a63]:MleDiagGmmUpdate():mle-diag-gmm.cc:359) Too little data - removing Gaussian (weight 0.000369, occupation count 9.089438, vector size 40)
WARNING (gmm-est[5.5.1047~1-09a63]:MleDiagGmmUpdate():mle-diag-gmm.cc:359) Too little data - removing Gaussian (weight 0.000394, occupation count 9.716671, vector size 40)
WARNING (gmm-est[5.5.1047~1-09a63]:MleDiagGmmUpdate():mle-diag-gmm.cc:359) Too little data - removing Gaussian (weight 0.000351, occupation count 8.644629, vector size 40)
WARNING (gmm-est[5.5.1047~1-09a63]:MleDiagGmmUpdate():mle-diag-gmm.cc:359) Too little data - removing Gaussian (weight 0.000402, occupation count 9.903939, vector size 40)
WARNING (gmm-est[5.5.1047~1-09a63]:MleDiagGmmUpdate():mle-diag-gmm.cc:359) Too little data - removing Gaussian (weight 0.000395, occupation count 9.727726, vector size 40)
WARNING (gmm-est[5.5.1047~1-09a63]:MleDiagGmmUpdate():mle-diag-gmm.cc:359) Too little data - removing Gaussian (weight 0.000372, occupation count 9.172702, vector size 40)
WARNING (gmm-est[5.5.1047~1-09a63]:MleDiagGmmUpdate():mle-diag-gmm.cc:359) Too little data - removing Gaussian (weight 0.000304, occupation count 7.501213, vector size 40)
WARNING (gmm-est[5.5.1047~1-09a63]:MleDiagGmmUpdate():mle-diag-gmm.cc:359) Too little data - removing Gaussian (weight 0.000278, occupation count 6.847277, vector size 40)
WARNING (gmm-est[5.5.1047~1-09a63]:MleDiagGmmUpdate():mle-diag-gmm.cc:359) Too little data - removing Gaussian (weight 0.000392, occupation count 9.674418, vector size 40)
WARNING (gmm-est[5.5.1047~1-09a63]:MleDiagGmmUpdate():mle-diag-gmm.cc:359) Too little data - removing Gaussian (weight 0.000389, occupation count 9.590842, vector size 40)
WARNING (gmm-est[5.5.1047~1-09a63]:MleDiagGmmUpdate():mle-diag-gmm.cc:359) Too little data - removing Gaussian (weight 0.000382, occupation count 9.422983, vector size 40)
WARNING (gmm-est[5.5.1047~1-09a63]:MleDiagGmmUpdate():mle-diag-gmm.cc:359) Too little data - removing Gaussian (weight 0.000281, occupation count 6.932363, vector size 40)
WARNING (gmm-est[5.5.1047~1-09a63]:MleDiagGmmUpdate():mle-diag-gmm.cc:359) Too little data - removing Gaussian (weight 0.000396, occupation count 9.767787, vector size 40)
WARNING (gmm-est[5.5.1047~1-09a63]:MleDiagGmmUpdate():mle-diag-gmm.cc:359) Too little data - removing Gaussian (weight 0.000396, occupation count 9.761415, vector size 40)
WARNING (gmm-est[5.5.1047~1-09a63]:MleDiagGmmUpdate():mle-diag-gmm.cc:359) Too little data - removing Gaussian (weight 0.000323, occupation count 7.962177, vector size 40)
WARNING (gmm-est[5.5.1047~1-09a63]:MleDiagGmmUpdate():mle-diag-gmm.cc:359) Too little data - removing Gaussian (weight 0.000373, occupation count 9.201706, vector size 40)
WARNING (gmm-est[5.5.1047~1-09a63]:MleDiagGmmUpdate():mle-diag-gmm.cc:359) Too little data - removing Gaussian (weight 0.000372, occupation count 9.177338, vector size 40)
WARNING (gmm-est[5.5.1047~1-09a63]:MleDiagGmmUpdate():mle-diag-gmm.cc:359) Too little data - removing Gaussian (weight 0.000310, occupation count 7.636623, vector size 40)
WARNING (gmm-est[5.5.1047~1-09a63]:MleDiagGmmUpdate():mle-diag-gmm.cc:359) Too little data - removing Gaussian (weight 0.000396, occupation count 9.770025, vector size 40)
WARNING (gmm-est[5.5.1047~1-09a63]:MleDiagGmmUpdate():mle-diag-gmm.cc:359) Too little data - removing Gaussian (weight 0.000340, occupation count 9.387192, vector size 40)
WARNING (gmm-est[5.5.1047~1-09a63]:MleDiagGmmUpdate():mle-diag-gmm.cc:359) Too little data - removing Gaussian (weight 0.000268, occupation count 7.393792, vector size 40)
WARNING (gmm-est[5.5.1047~1-09a63]:MleDiagGmmUpdate():mle-diag-gmm.cc:359) Too little data - removing Gaussian (weight 0.000353, occupation count 9.755838, vector size 40)
WARNING (gmm-est[5.5.1047~1-09a63]:MleDiagGmmUpdate():mle-diag-gmm.cc:359) Too little data - removing Gaussian (weight 0.000343, occupation count 9.466874, vector size 40)
WARNING (gmm-est[5.5.1047~1-09a63]:MleDiagGmmUpdate():mle-diag-gmm.cc:359) Too little data - removing Gaussian (weight 0.000339, occupation count 9.373447, vector size 40)
WARNING (gmm-est[5.5.1047~1-09a63]:MleDiagGmmUpdate():mle-diag-gmm.cc:359) Too little data - removing Gaussian (weight 0.000337, occupation count 9.296805, vector size 40)
WARNING (gmm-est[5.5.1047~1-09a63]:MleDiagGmmUpdate():mle-diag-gmm.cc:359) Too little data - removing Gaussian (weight 0.000360, occupation count 9.943047, vector size 40)
WARNING (gmm-est[5.5.1047~1-09a63]:MleDiagGmmUpdate():mle-diag-gmm.cc:359) Too little data - removing Gaussian (weight 0.000256, occupation count 7.062141, vector size 40)
WARNING (gmm-est[5.5.1047~1-09a63]:MleDiagGmmUpdate():mle-diag-gmm.cc:359) Too little data - removing Gaussian (weight 0.000343, occupation count 9.475456, vector size 40)
WARNING (gmm-est[5.5.1047~1-09a63]:MleDiagGmmUpdate():mle-diag-gmm.cc:359) Too little data - removing Gaussian (weight 0.000349, occupation count 9.626814, vector size 40)
WARNING (gmm-est[5.5.1047~1-09a63]:MleDiagGmmUpdate():mle-diag-gmm.cc:359) Too little data - removing Gaussian (weight 0.000357, occupation count 9.847222, vector size 40)
WARNING (gmm-est[5.5.1047~1-09a63]:MleDiagGmmUpdate():mle-diag-gmm.cc:359) Too little data - removing Gaussian (weight 0.000325, occupation count 8.976174, vector size 40)
WARNING (gmm-est[5.5.1047~1-09a63]:MleDiagGmmUpdate():mle-diag-gmm.cc:359) Too little data - removing Gaussian (weight 0.000343, occupation count 9.460578, vector size 40)
WARNING (gmm-est[5.5.1047~1-09a63]:MleDiagGmmUpdate():mle-diag-gmm.cc:359) Too little data - removing Gaussian (weight 0.000348, occupation count 9.624394, vector size 40)
WARNING (gmm-est[5.5.1047~1-09a63]:MleDiagGmmUpdate():mle-diag-gmm.cc:359) Too little data - removing Gaussian (weight 0.000337, occupation count 9.311332, vector size 40)
WARNING (gmm-est[5.5.1047~1-09a63]:MleDiagGmmUpdate():mle-diag-gmm.cc:359) Too little data - removing Gaussian (weight 0.000323, occupation count 8.924087, vector size 40)
WARNING (gmm-est[5.5.1047~1-09a63]:MleDiagGmmUpdate():mle-diag-gmm.cc:359) Too little data - removing Gaussian (weight 0.000355, occupation count 9.811561, vector size 40)
WARNING (gmm-est[5.5.1047~1-09a63]:MleDiagGmmUpdate():mle-diag-gmm.cc:359) Too little data - removing Gaussian (weight 0.000256, occupation count 7.078766, vector size 40)
WARNING (gmm-est[5.5.1047~1-09a63]:MleDiagGmmUpdate():mle-diag-gmm.cc:359) Too little data - removing Gaussian (weight 0.000311, occupation count 8.587154, vector size 40)
WARNING (gmm-est[5.5.1047~1-09a63]:MleDiagGmmUpdate():mle-diag-gmm.cc:359) Too little data - removing Gaussian (weight 0.000162, occupation count 4.483798, vector size 40)
WARNING (gmm-est[5.5.1047~1-09a63]:MleDiagGmmUpdate():mle-diag-gmm.cc:359) Too little data - removing Gaussian (weight 0.000206, occupation count 5.702124, vector size 40)
WARNING (gmm-est[5.5.1047~1-09a63]:MleDiagGmmUpdate():mle-diag-gmm.cc:359) Too little data - removing Gaussian (weight 0.000348, occupation count 9.607954, vector size 40)
WARNING (gmm-est[5.5.1047~1-09a63]:MleDiagGmmUpdate():mle-diag-gmm.cc:359) Too little data - removing Gaussian (weight 0.000351, occupation count 9.691054, vector size 40)
WARNING (gmm-est[5.5.1047~1-09a63]:MleDiagGmmUpdate():mle-diag-gmm.cc:359) Too little data - removing Gaussian (weight 0.000344, occupation count 9.511882, vector size 40)
WARNING (gmm-est[5.5.1047~1-09a63]:MleDiagGmmUpdate():mle-diag-gmm.cc:359) Too little data - removing Gaussian (weight 0.000310, occupation count 8.573387, vector size 40)
WARNING (gmm-est[5.5.1047~1-09a63]:MleDiagGmmUpdate():mle-diag-gmm.cc:359) Too little data - removing Gaussian (weight 0.000225, occupation count 6.204402, vector size 40)
WARNING (gmm-est[5.5.1047~1-09a63]:MleDiagGmmUpdate():mle-diag-gmm.cc:359) Too little data - removing Gaussian (weight 0.000281, occupation count 7.763361, vector size 40)
WARNING (gmm-est[5.5.1047~1-09a63]:MleDiagGmmUpdate():mle-diag-gmm.cc:359) Too little data - removing Gaussian (weight 0.000347, occupation count 9.576204, vector size 40)
WARNING (gmm-est[5.5.1047~1-09a63]:MleDiagGmmUpdate():mle-diag-gmm.cc:359) Too little data - removing Gaussian (weight 0.000348, occupation count 9.622274, vector size 40)
WARNING (gmm-est[5.5.1047~1-09a63]:MleDiagGmmUpdate():mle-diag-gmm.cc:359) Too little data - removing Gaussian (weight 0.000328, occupation count 9.045600, vector size 40)
WARNING (gmm-est[5.5.1047~1-09a63]:MleDiagGmmUpdate():mle-diag-gmm.cc:359) Too little data - removing Gaussian (weight 0.000318, occupation count 8.795958, vector size 40)
WARNING (gmm-est[5.5.1047~1-09a63]:MleDiagGmmUpdate():mle-diag-gmm.cc:359) Too little data - removing Gaussian (weight 0.017181, occupation count 9.982361, vector size 40)
WARNING (gmm-est[5.5.1047~1-09a63]:MleDiagGmmUpdate():mle-diag-gmm.cc:359) Too little data - removing Gaussian (weight 0.009673, occupation count 9.992086, vector size 40)
WARNING (gmm-est[5.5.1047~1-09a63]:MleDiagGmmUpdate():mle-diag-gmm.cc:359) Too little data - removing Gaussian (weight 0.024117, occupation count 9.140259, vector size 40)
WARNING (gmm-est[5.5.1047~1-09a63]:MleDiagGmmUpdate():mle-diag-gmm.cc:359) Too little data - removing Gaussian (weight 0.037622, occupation count 9.932143, vector size 40)
WARNING (gmm-est[5.5.1047~1-09a63]:MleDiagGmmUpdate():mle-diag-gmm.cc:359) Too little data - removing Gaussian (weight 0.042664, occupation count 9.940676, vector size 40)
WARNING (gmm-est[5.5.1047~1-09a63]:MleDiagGmmUpdate():mle-diag-gmm.cc:359) Too little data - removing Gaussian (weight 0.138889, occupation count 10.000000, vector size 40)
WARNING (gmm-est[5.5.1047~1-09a63]:MleDiagGmmUpdate():mle-diag-gmm.cc:359) Too little data - removing Gaussian (weight 0.039486, occupation count 9.002694, vector size 40)
WARNING (gmm-est[5.5.1047~1-09a63]:MleDiagGmmUpdate():mle-diag-gmm.cc:359) Too little data - removing Gaussian (weight 0.023784, occupation count 9.061624, vector size 40)
WARNING (gmm-est[5.5.1047~1-09a63]:MleDiagGmmUpdate():mle-diag-gmm.cc:359) Too little data - removing Gaussian (weight 0.050325, occupation count 9.914075, vector size 40)
WARNING (gmm-est[5.5.1047~1-09a63]:MleDiagGmmUpdate():mle-diag-gmm.cc:359) Too little data - removing Gaussian (weight 0.015025, occupation count 9.826397, vector size 40)
WARNING (gmm-est[5.5.1047~1-09a63]:MleDiagGmmUpdate():mle-diag-gmm.cc:359) Too little data - removing Gaussian (weight 0.011051, occupation count 9.326858, vector size 40)
WARNING (gmm-est[5.5.1047~1-09a63]:MleDiagGmmUpdate():mle-diag-gmm.cc:359) Too little data - removing Gaussian (weight 0.029250, occupation count 9.974115, vector size 40)
WARNING (gmm-est[5.5.1047~1-09a63]:MleDiagGmmUpdate():mle-diag-gmm.cc:359) Too little data - removing Gaussian (weight 0.020870, occupation count 9.725504, vector size 40)
WARNING (gmm-est[5.5.1047~1-09a63]:MleDiagGmmUpdate():mle-diag-gmm.cc:359) Too little data - removing Gaussian (weight 0.043651, occupation count 9.996115, vector size 40)
WARNING (gmm-est[5.5.1047~1-09a63]:MleDiagGmmUpdate():mle-diag-gmm.cc:359) Too little data - removing Gaussian (weight 0.039984, occupation count 9.996031, vector size 40)
WARNING (gmm-est[5.5.1047~1-09a63]:MleDiagGmmUpdate():mle-diag-gmm.cc:359) Too little data - removing Gaussian (weight 0.222222, occupation count 10.000000, vector size 40)
WARNING (gmm-est[5.5.1047~1-09a63]:MleDiagGmmUpdate():mle-diag-gmm.cc:359) Too little data - removing Gaussian (weight 0.032828, occupation count 9.946943, vector size 40)
WARNING (gmm-est[5.5.1047~1-09a63]:MleDiagGmmUpdate():mle-diag-gmm.cc:359) Too little data - removing Gaussian (weight 0.010136, occupation count 9.953079, vector size 40)
WARNING (gmm-est[5.5.1047~1-09a63]:MleDiagGmmUpdate():mle-diag-gmm.cc:359) Too little data - removing Gaussian (weight 0.020370, occupation count 9.329403, vector size 40)
WARNING (gmm-est[5.5.1047~1-09a63]:MleDiagGmmUpdate():mle-diag-gmm.cc:359) Too little data - removing Gaussian (weight 0.102041, occupation count 9.999999, vector size 40)
WARNING (gmm-est[5.5.1047~1-09a63]:MleDiagGmmUpdate():mle-diag-gmm.cc:359) Too little data - removing Gaussian (weight 0.016286, occupation count 9.966961, vector size 40)
WARNING (gmm-est[5.5.1047~1-09a63]:MleDiagGmmUpdate():mle-diag-gmm.cc:359) Too little data - removing Gaussian (weight 0.009059, occupation count 9.955442, vector size 40)
WARNING (gmm-est[5.5.1047~1-09a63]:MleDiagGmmUpdate():mle-diag-gmm.cc:359) Too little data - removing Gaussian (weight 0.098864, occupation count 9.985235, vector size 40)
WARNING (gmm-est[5.5.1047~1-09a63]:MleDiagGmmUpdate():mle-diag-gmm.cc:359) Too little data - removing Gaussian (weight 0.021043, occupation count 9.889986, vector size 40)
WARNING (gmm-est[5.5.1047~1-09a63]:MleDiagGmmUpdate():mle-diag-gmm.cc:359) Too little data - removing Gaussian (weight 0.027140, occupation count 9.091977, vector size 40)
WARNING (gmm-est[5.5.1047~1-09a63]:MleDiagGmmUpdate():mle-diag-gmm.cc:359) Too little data - removing Gaussian (weight 0.024598, occupation count 9.371679, vector size 40)
WARNING (gmm-est[5.5.1047~1-09a63]:MleDiagGmmUpdate():mle-diag-gmm.cc:359) Too little data - removing Gaussian (weight 0.046512, occupation count 10.000000, vector size 40)
WARNING (gmm-est[5.5.1047~1-09a63]:MleDiagGmmUpdate():mle-diag-gmm.cc:359) Too little data - removing Gaussian (weight 0.011219, occupation count 9.850555, vector size 40)
WARNING (gmm-est[5.5.1047~1-09a63]:MleDiagGmmUpdate():mle-diag-gmm.cc:359) Too little data - removing Gaussian (weight 0.018878, occupation count 9.967798, vector size 40)
WARNING (gmm-est[5.5.1047~1-09a63]:MleDiagGmmUpdate():mle-diag-gmm.cc:359) Too little data - removing Gaussian (weight 0.038461, occupation count 9.999885, vector size 40)
WARNING (gmm-est[5.5.1047~1-09a63]:MleDiagGmmUpdate():mle-diag-gmm.cc:359) Too little data - removing Gaussian (weight 0.041983, occupation count 9.110216, vector size 40)
WARNING (gmm-est[5.5.1047~1-09a63]:MleDiagGmmUpdate():mle-diag-gmm.cc:359) Too little data - removing Gaussian (weight 0.025772, occupation count 9.999552, vector size 40)
WARNING (gmm-est[5.5.1047~1-09a63]:MleDiagGmmUpdate():mle-diag-gmm.cc:359) Too little data - removing Gaussian (weight 0.027981, occupation count 9.317824, vector size 40)
WARNING (gmm-est[5.5.1047~1-09a63]:MleDiagGmmUpdate():mle-diag-gmm.cc:359) Too little data - removing Gaussian (weight 0.031346, occupation count 9.999478, vector size 40)
WARNING (gmm-est[5.5.1047~1-09a63]:MleDiagGmmUpdate():mle-diag-gmm.cc:359) Too little data - removing Gaussian (weight 0.110674, occupation count 9.960635, vector size 40)
WARNING (gmm-est[5.5.1047~1-09a63]:MleDiagGmmUpdate():mle-diag-gmm.cc:359) Too little data - removing Gaussian (weight 0.010527, occupation count 9.063717, vector size 40)
WARNING (gmm-est[5.5.1047~1-09a63]:MleDiagGmmUpdate():mle-diag-gmm.cc:359) Too little data - removing Gaussian (weight 0.046729, occupation count 9.999989, vector size 40)
WARNING (gmm-est[5.5.1047~1-09a63]:MleDiagGmmUpdate():mle-diag-gmm.cc:359) Too little data - removing Gaussian (weight 0.009100, occupation count 9.928176, vector size 40)
WARNING (gmm-est[5.5.1047~1-09a63]:MleDiagGmmUpdate():mle-diag-gmm.cc:359) Too little data - removing Gaussian (weight 0.006105, occupation count 9.199820, vector size 40)
WARNING (gmm-est[5.5.1047~1-09a63]:MleDiagGmmUpdate():mle-diag-gmm.cc:359) Too little data - removing Gaussian (weight 0.027621, occupation count 9.998835, vector size 40)
WARNING (gmm-est[5.5.1047~1-09a63]:MleDiagGmmUpdate():mle-diag-gmm.cc:359) Too little data - removing Gaussian (weight 0.021032, occupation count 9.190815, vector size 40)
WARNING (gmm-est[5.5.1047~1-09a63]:MleDiagGmmUpdate():mle-diag-gmm.cc:359) Too little data - removing Gaussian (weight 0.024986, occupation count 9.619491, vector size 40)
WARNING (gmm-est[5.5.1047~1-09a63]:MleDiagGmmUpdate():mle-diag-gmm.cc:359) Too little data - removing Gaussian (weight 0.018450, occupation count 9.999750, vector size 40)
WARNING (gmm-est[5.5.1047~1-09a63]:MleDiagGmmUpdate():mle-diag-gmm.cc:359) Too little data - removing Gaussian (weight 0.025640, occupation count 9.999540, vector size 40)
WARNING (gmm-est[5.5.1047~1-09a63]:MleDiagGmmUpdate():mle-diag-gmm.cc:359) Too little data - removing Gaussian (weight 0.014332, occupation count 7.552849, vector size 40)
WARNING (gmm-est[5.5.1047~1-09a63]:MleDiagGmmUpdate():mle-diag-gmm.cc:359) Too little data - removing Gaussian (weight 0.016260, occupation count 9.999993, vector size 40)
WARNING (gmm-est[5.5.1047~1-09a63]:MleDiagGmmUpdate():mle-diag-gmm.cc:359) Too little data - removing Gaussian (weight 0.036484, occupation count 9.996513, vector size 40)
WARNING (gmm-est[5.5.1047~1-09a63]:MleDiagGmmUpdate():mle-diag-gmm.cc:359) Too little data - removing Gaussian (weight 0.013096, occupation count 9.992174, vector size 40)
WARNING (gmm-est[5.5.1047~1-09a63]:MleDiagGmmUpdate():mle-diag-gmm.cc:359) Too little data - removing Gaussian (weight 0.012839, occupation count 9.385420, vector size 40)
WARNING (gmm-est[5.5.1047~1-09a63]:MleDiagGmmUpdate():mle-diag-gmm.cc:359) Too little data - removing Gaussian (weight 0.114943, occupation count 10.000000, vector size 40)
WARNING (gmm-est[5.5.1047~1-09a63]:MleDiagGmmUpdate():mle-diag-gmm.cc:359) Too little data - removing Gaussian (weight 0.011115, occupation count 9.069511, vector size 40)
WARNING (gmm-est[5.5.1047~1-09a63]:MleDiagGmmUpdate():mle-diag-gmm.cc:359) Too little data - removing Gaussian (weight 0.029563, occupation count 9.992455, vector size 40)
WARNING (gmm-est[5.5.1047~1-09a63]:MleDiagGmmUpdate():mle-diag-gmm.cc:359) Too little data - removing Gaussian (weight 0.015846, occupation count 9.998512, vector size 40)
WARNING (gmm-est[5.5.1047~1-09a63]:MleDiagGmmUpdate():mle-diag-gmm.cc:359) Too little data - removing Gaussian (weight 0.009381, occupation count 9.999846, vector size 40)
WARNING (gmm-est[5.5.1047~1-09a63]:MleDiagGmmUpdate():mle-diag-gmm.cc:359) Too little data - removing Gaussian (weight 0.024903, occupation count 9.986158, vector size 40)
WARNING (gmm-est[5.5.1047~1-09a63]:MleDiagGmmUpdate():mle-diag-gmm.cc:359) Too little data - removing Gaussian (weight 0.007391, occupation count 9.999776, vector size 40)
WARNING (gmm-est[5.5.1047~1-09a63]:MleDiagGmmUpdate():mle-diag-gmm.cc:359) Too little data - removing Gaussian (weight 0.020661, occupation count 9.979479, vector size 40)
WARNING (gmm-est[5.5.1047~1-09a63]:MleDiagGmmUpdate():mle-diag-gmm.cc:359) Too little data - removing Gaussian (weight 0.028045, occupation count 7.880681, vector size 40)
WARNING (gmm-est[5.5.1047~1-09a63]:MleDiagGmmUpdate():mle-diag-gmm.cc:359) Too little data - removing Gaussian (weight 0.032768, occupation count 9.994295, vector size 40)
WARNING (gmm-est[5.5.1047~1-09a63]:MleDiagGmmUpdate():mle-diag-gmm.cc:359) Too little data - removing Gaussian (weight 0.022218, occupation count 9.864985, vector size 40)
WARNING (gmm-est[5.5.1047~1-09a63]:MleDiagGmmUpdate():mle-diag-gmm.cc:359) Too little data - removing Gaussian (weight 0.035193, occupation count 9.994677, vector size 40)
WARNING (gmm-est[5.5.1047~1-09a63]:MleDiagGmmUpdate():mle-diag-gmm.cc:359) Too little data - removing Gaussian (weight 0.091743, occupation count 9.999995, vector size 40)
WARNING (gmm-est[5.5.1047~1-09a63]:MleDiagGmmUpdate():mle-diag-gmm.cc:359) Too little data - removing Gaussian (weight 0.021527, occupation count 9.278019, vector size 40)
WARNING (gmm-est[5.5.1047~1-09a63]:MleDiagGmmUpdate():mle-diag-gmm.cc:359) Too little data - removing Gaussian (weight 0.022173, occupation count 9.999947, vector size 40)
WARNING (gmm-est[5.5.1047~1-09a63]:MleDiagGmmUpdate():mle-diag-gmm.cc:359) Too little data - removing Gaussian (weight 0.066013, occupation count 9.901978, vector size 40)
WARNING (gmm-est[5.5.1047~1-09a63]:MleDiagGmmUpdate():mle-diag-gmm.cc:359) Too little data - removing Gaussian (weight 0.018777, occupation count 9.012966, vector size 40)
WARNING (gmm-est[5.5.1047~1-09a63]:MleDiagGmmUpdate():mle-diag-gmm.cc:359) Too little data - removing Gaussian (weight 0.023752, occupation count 9.690743, vector size 40)
LOG (gmm-est[5.5.1047~1-09a63]:MleAmDiagGmmUpdate():mle-am-diag-gmm.cc:225) 6 variance elements floored in 5 Gaussians, out of 37774
LOG (gmm-est[5.5.1047~1-09a63]:MleAmDiagGmmUpdate():mle-am-diag-gmm.cc:229) Removed 322 Gaussians due to counts < --min-gaussian-occupancy=10 and --remove-low-count-gaussians=true
LOG (gmm-est[5.5.1047~1-09a63]:main():gmm-est.cc:113) GMM update: Overall 0.217835 objective function improvement per frame over 788012 frames
LOG (gmm-est[5.5.1047~1-09a63]:main():gmm-est.cc:116) GMM update: Overall avg like per frame = -42.6683 over 788012 frames.
WARNING (gmm-est[5.5.1047~1-09a63]:GetSplitTargets():model-common.cc:134) Could not split up to 57540 due to min-count = 20 (or no counts at all)

LOG (gmm-est[5.5.1047~1-09a63]:SplitByCount():am-diag-gmm.cc:116) Split 2800 states with target = 57540, power = 0.2, perturb_factor = 0.01 and min_count = 20, split #Gauss from 37774 to 38094
LOG (gmm-est[5.5.1047~1-09a63]:main():gmm-est.cc:146) Written model to exp/tri5a/16.mdl
# Accounting: time=0 threads=1
# Ended (code 0) at Sun Sep 25 13:17:17 CST 2022, elapsed time 0 seconds
