# compile-train-graphs --read-disambig-syms=data/lang/phones/disambig.int exp/tri3a_ali/tree exp/tri3a_ali/final.mdl data/lang/L.fst "ark:utils/sym2int.pl --map-oov 2 -f 2- data/lang/words.txt data/train/split1/1/text|" "ark:|gzip -c >exp/tri3a_ali/fsts.1.gz" 
# Started at Wed Sep  7 15:14:00 CST 2022
#
compile-train-graphs --read-disambig-syms=data/lang/phones/disambig.int exp/tri3a_ali/tree exp/tri3a_ali/final.mdl data/lang/L.fst 'ark:utils/sym2int.pl --map-oov 2 -f 2- data/lang/words.txt data/train/split1/1/text|' 'ark:|gzip -c >exp/tri3a_ali/fsts.1.gz' 
sym2int.pl: replacing "Thâu-ke, with 2
sym2int.pl: replacing bîn-á-tsài with 2
sym2int.pl: replacing lí with 2
sym2int.pl: replacing koh with 2
sym2int.pl: replacing lâi--honnh? with 2
sym2int.pl: replacing " with 2
sym2int.pl: replacing Ū with 2
sym2int.pl: replacing lâng with 2
sym2int.pl: replacing bē with 2
sym2int.pl: replacing jím--leh, with 2
sym2int.pl: replacing án-ne with 2
sym2int.pl: replacing leh with 2
sym2int.pl: replacing mn̄g with 2
sym2int.pl: replacing Hàn with 2
sym2int.pl: replacing Tsing-lî. with 2
sym2int.pl: replacing "Há--hah--hah! with 2
sym2int.pl: replacing Lín with 2
sym2int.pl: replacing hiah-nī with 2
sym2int.pl: replacing ài with 2
sym2int.pl: replacing tsia̍h, with 2
sym2int.pl: not warning for OOVs any more times
** Replaced 23491 instances of OOVs with 2
LOG (compile-train-graphs[5.5.1047~1-09a63]:main():compile-train-graphs.cc:147) compile-train-graphs: succeeded for 2468 graphs, failed for 0
# Accounting: time=3 threads=1
# Ended (code 0) at Wed Sep  7 15:14:03 CST 2022, elapsed time 3 seconds
