# paste-feats --length-tolerance=2 "ark:compute-mfcc-feats  --write-utt2dur=ark,t:exp/make_mfcc/train/utt2dur.6 --verbose=2     --config=conf/mfcc.conf scp,p:exp/make_mfcc/train/wav_train.6.scp ark:- |" "ark,s,cs:compute-kaldi-pitch-feats --verbose=2       --config=conf/pitch.conf scp,p:exp/make_mfcc/train/wav_train.6.scp ark:- |     process-kaldi-pitch-feats  ark:- ark:- |" ark:- | copy-feats --compress=true --write-num-frames=ark,t:exp/make_mfcc/train/utt2num_frames.6 ark:- ark,scp:/home/hcilab1/kaldi/egs/formosa/s5/mfcc/raw_mfcc_pitch_train.6.ark,/home/hcilab1/kaldi/egs/formosa/s5/mfcc/raw_mfcc_pitch_train.6.scp 
# Started at Wed Sep  7 12:40:36 CST 2022
#
copy-feats --compress=true --write-num-frames=ark,t:exp/make_mfcc/train/utt2num_frames.6 ark:- ark,scp:/home/hcilab1/kaldi/egs/formosa/s5/mfcc/raw_mfcc_pitch_train.6.ark,/home/hcilab1/kaldi/egs/formosa/s5/mfcc/raw_mfcc_pitch_train.6.scp 
paste-feats --length-tolerance=2 'ark:compute-mfcc-feats  --write-utt2dur=ark,t:exp/make_mfcc/train/utt2dur.6 --verbose=2     --config=conf/mfcc.conf scp,p:exp/make_mfcc/train/wav_train.6.scp ark:- |' 'ark,s,cs:compute-kaldi-pitch-feats --verbose=2       --config=conf/pitch.conf scp,p:exp/make_mfcc/train/wav_train.6.scp ark:- |     process-kaldi-pitch-feats  ark:- ark:- |' ark:- 
compute-mfcc-feats --write-utt2dur=ark,t:exp/make_mfcc/train/utt2dur.6 --verbose=2 --config=conf/mfcc.conf scp,p:exp/make_mfcc/train/wav_train.6.scp ark:- 
VLOG[2] (compute-mfcc-feats[5.5.1047~1-09a63]:main():compute-mfcc-feats.cc:182) Processed features for key SuiSiann_1620
VLOG[2] (compute-mfcc-feats[5.5.1047~1-09a63]:main():compute-mfcc-feats.cc:182) Processed features for key SuiSiann_1621
VLOG[2] (compute-mfcc-feats[5.5.1047~1-09a63]:main():compute-mfcc-feats.cc:182) Processed features for key SuiSiann_1622
VLOG[2] (compute-mfcc-feats[5.5.1047~1-09a63]:main():compute-mfcc-feats.cc:182) Processed features for key SuiSiann_1623
VLOG[2] (compute-mfcc-feats[5.5.1047~1-09a63]:main():compute-mfcc-feats.cc:182) Processed features for key SuiSiann_1624
VLOG[2] (compute-mfcc-feats[5.5.1047~1-09a63]:main():compute-mfcc-feats.cc:182) Processed features for key SuiSiann_1625
VLOG[2] (compute-mfcc-feats[5.5.1047~1-09a63]:main():compute-mfcc-feats.cc:182) Processed features for key SuiSiann_1626
VLOG[2] (compute-mfcc-feats[5.5.1047~1-09a63]:main():compute-mfcc-feats.cc:182) Processed features for key SuiSiann_1627
process-kaldi-pitch-feats ark:- ark:- 
VLOG[2] (compute-mfcc-feats[5.5.1047~1-09a63]:main():compute-mfcc-feats.cc:182) Processed features for key SuiSiann_1628
compute-kaldi-pitch-feats --verbose=2 --config=conf/pitch.conf scp,p:exp/make_mfcc/train/wav_train.6.scp ark:- 
LOG (compute-mfcc-feats[5.5.1047~1-09a63]:main():compute-mfcc-feats.cc:181) Processed 10 utterances
VLOG[2] (compute-mfcc-feats[5.5.1047~1-09a63]:main():compute-mfcc-feats.cc:182) Processed features for key SuiSiann_1629
VLOG[2] (compute-mfcc-feats[5.5.1047~1-09a63]:main():compute-mfcc-feats.cc:182) Processed features for key SuiSiann_1630
VLOG[2] (compute-mfcc-feats[5.5.1047~1-09a63]:main():compute-mfcc-feats.cc:182) Processed features for key SuiSiann_1631
VLOG[2] (compute-mfcc-feats[5.5.1047~1-09a63]:main():compute-mfcc-feats.cc:182) Processed features for key SuiSiann_1632
VLOG[2] (compute-mfcc-feats[5.5.1047~1-09a63]:main():compute-mfcc-feats.cc:182) Processed features for key SuiSiann_1633
VLOG[2] (compute-mfcc-feats[5.5.1047~1-09a63]:main():compute-mfcc-feats.cc:182) Processed features for key SuiSiann_1634
VLOG[2] (compute-mfcc-feats[5.5.1047~1-09a63]:main():compute-mfcc-feats.cc:182) Processed features for key SuiSiann_1635
VLOG[2] (compute-mfcc-feats[5.5.1047~1-09a63]:main():compute-mfcc-feats.cc:182) Processed features for key SuiSiann_1636
VLOG[2] (compute-mfcc-feats[5.5.1047~1-09a63]:main():compute-mfcc-feats.cc:182) Processed features for key SuiSiann_1637
VLOG[2] (compute-mfcc-feats[5.5.1047~1-09a63]:main():compute-mfcc-feats.cc:182) Processed features for key SuiSiann_1638
LOG (compute-mfcc-feats[5.5.1047~1-09a63]:main():compute-mfcc-feats.cc:181) Processed 20 utterances
VLOG[2] (compute-mfcc-feats[5.5.1047~1-09a63]:main():compute-mfcc-feats.cc:182) Processed features for key SuiSiann_1639
VLOG[2] (compute-mfcc-feats[5.5.1047~1-09a63]:main():compute-mfcc-feats.cc:182) Processed features for key SuiSiann_1640
VLOG[2] (compute-mfcc-feats[5.5.1047~1-09a63]:main():compute-mfcc-feats.cc:182) Processed features for key SuiSiann_1641
VLOG[2] (compute-mfcc-feats[5.5.1047~1-09a63]:main():compute-mfcc-feats.cc:182) Processed features for key SuiSiann_1642
VLOG[2] (compute-mfcc-feats[5.5.1047~1-09a63]:main():compute-mfcc-feats.cc:182) Processed features for key SuiSiann_1643
VLOG[2] (compute-mfcc-feats[5.5.1047~1-09a63]:main():compute-mfcc-feats.cc:182) Processed features for key SuiSiann_1644
VLOG[2] (compute-mfcc-feats[5.5.1047~1-09a63]:main():compute-mfcc-feats.cc:182) Processed features for key SuiSiann_1645
VLOG[2] (compute-mfcc-feats[5.5.1047~1-09a63]:main():compute-mfcc-feats.cc:182) Processed features for key SuiSiann_1646
VLOG[2] (compute-mfcc-feats[5.5.1047~1-09a63]:main():compute-mfcc-feats.cc:182) Processed features for key SuiSiann_1647
VLOG[2] (compute-mfcc-feats[5.5.1047~1-09a63]:main():compute-mfcc-feats.cc:182) Processed features for key SuiSiann_1648
LOG (compute-mfcc-feats[5.5.1047~1-09a63]:main():compute-mfcc-feats.cc:181) Processed 30 utterances
VLOG[2] (compute-mfcc-feats[5.5.1047~1-09a63]:main():compute-mfcc-feats.cc:182) Processed features for key SuiSiann_1649
VLOG[2] (compute-mfcc-feats[5.5.1047~1-09a63]:main():compute-mfcc-feats.cc:182) Processed features for key SuiSiann_1650
VLOG[2] (compute-mfcc-feats[5.5.1047~1-09a63]:main():compute-mfcc-feats.cc:182) Processed features for key SuiSiann_1651
VLOG[2] (compute-mfcc-feats[5.5.1047~1-09a63]:main():compute-mfcc-feats.cc:182) Processed features for key SuiSiann_1652
VLOG[2] (compute-mfcc-feats[5.5.1047~1-09a63]:main():compute-mfcc-feats.cc:182) Processed features for key SuiSiann_1653
VLOG[2] (compute-mfcc-feats[5.5.1047~1-09a63]:main():compute-mfcc-feats.cc:182) Processed features for key SuiSiann_1654
VLOG[2] (compute-mfcc-feats[5.5.1047~1-09a63]:main():compute-mfcc-feats.cc:182) Processed features for key SuiSiann_1655
VLOG[2] (compute-mfcc-feats[5.5.1047~1-09a63]:main():compute-mfcc-feats.cc:182) Processed features for key SuiSiann_1656
VLOG[2] (compute-mfcc-feats[5.5.1047~1-09a63]:main():compute-mfcc-feats.cc:182) Processed features for key SuiSiann_1657
VLOG[2] (compute-mfcc-feats[5.5.1047~1-09a63]:main():compute-mfcc-feats.cc:182) Processed features for key SuiSiann_1658
LOG (compute-mfcc-feats[5.5.1047~1-09a63]:main():compute-mfcc-feats.cc:181) Processed 40 utterances
VLOG[2] (compute-mfcc-feats[5.5.1047~1-09a63]:main():compute-mfcc-feats.cc:182) Processed features for key SuiSiann_1659
VLOG[2] (compute-mfcc-feats[5.5.1047~1-09a63]:main():compute-mfcc-feats.cc:182) Processed features for key SuiSiann_1660
VLOG[2] (compute-mfcc-feats[5.5.1047~1-09a63]:main():compute-mfcc-feats.cc:182) Processed features for key SuiSiann_1661
VLOG[2] (compute-mfcc-feats[5.5.1047~1-09a63]:main():compute-mfcc-feats.cc:182) Processed features for key SuiSiann_1662
VLOG[2] (compute-mfcc-feats[5.5.1047~1-09a63]:main():compute-mfcc-feats.cc:182) Processed features for key SuiSiann_1663
VLOG[2] (compute-mfcc-feats[5.5.1047~1-09a63]:main():compute-mfcc-feats.cc:182) Processed features for key SuiSiann_1664
VLOG[2] (compute-mfcc-feats[5.5.1047~1-09a63]:main():compute-mfcc-feats.cc:182) Processed features for key SuiSiann_1665
VLOG[2] (compute-mfcc-feats[5.5.1047~1-09a63]:main():compute-mfcc-feats.cc:182) Processed features for key SuiSiann_1666
VLOG[2] (compute-mfcc-feats[5.5.1047~1-09a63]:main():compute-mfcc-feats.cc:182) Processed features for key SuiSiann_1667
VLOG[2] (compute-mfcc-feats[5.5.1047~1-09a63]:main():compute-mfcc-feats.cc:182) Processed features for key SuiSiann_1668
LOG (compute-mfcc-feats[5.5.1047~1-09a63]:main():compute-mfcc-feats.cc:181) Processed 50 utterances
VLOG[2] (compute-mfcc-feats[5.5.1047~1-09a63]:main():compute-mfcc-feats.cc:182) Processed features for key SuiSiann_1669
VLOG[2] (compute-mfcc-feats[5.5.1047~1-09a63]:main():compute-mfcc-feats.cc:182) Processed features for key SuiSiann_1670
VLOG[2] (compute-mfcc-feats[5.5.1047~1-09a63]:main():compute-mfcc-feats.cc:182) Processed features for key SuiSiann_1671
VLOG[2] (compute-mfcc-feats[5.5.1047~1-09a63]:main():compute-mfcc-feats.cc:182) Processed features for key SuiSiann_1672
VLOG[2] (compute-mfcc-feats[5.5.1047~1-09a63]:main():compute-mfcc-feats.cc:182) Processed features for key SuiSiann_1673
VLOG[2] (compute-mfcc-feats[5.5.1047~1-09a63]:main():compute-mfcc-feats.cc:182) Processed features for key SuiSiann_1674
VLOG[2] (compute-mfcc-feats[5.5.1047~1-09a63]:main():compute-mfcc-feats.cc:182) Processed features for key SuiSiann_1675
VLOG[2] (compute-kaldi-pitch-feats[5.5.1047~1-09a63]:main():compute-kaldi-pitch-feats.cc:107) Processed 50 utterances
VLOG[2] (compute-mfcc-feats[5.5.1047~1-09a63]:main():compute-mfcc-feats.cc:182) Processed features for key SuiSiann_1676
VLOG[2] (compute-mfcc-feats[5.5.1047~1-09a63]:main():compute-mfcc-feats.cc:182) Processed features for key SuiSiann_1677
VLOG[2] (compute-mfcc-feats[5.5.1047~1-09a63]:main():compute-mfcc-feats.cc:182) Processed features for key SuiSiann_1678
LOG (compute-mfcc-feats[5.5.1047~1-09a63]:main():compute-mfcc-feats.cc:181) Processed 60 utterances
VLOG[2] (compute-mfcc-feats[5.5.1047~1-09a63]:main():compute-mfcc-feats.cc:182) Processed features for key SuiSiann_1679
VLOG[2] (compute-mfcc-feats[5.5.1047~1-09a63]:main():compute-mfcc-feats.cc:182) Processed features for key SuiSiann_1680
VLOG[2] (compute-mfcc-feats[5.5.1047~1-09a63]:main():compute-mfcc-feats.cc:182) Processed features for key SuiSiann_1681
VLOG[2] (compute-mfcc-feats[5.5.1047~1-09a63]:main():compute-mfcc-feats.cc:182) Processed features for key SuiSiann_1682
VLOG[2] (compute-mfcc-feats[5.5.1047~1-09a63]:main():compute-mfcc-feats.cc:182) Processed features for key SuiSiann_1683
VLOG[2] (compute-mfcc-feats[5.5.1047~1-09a63]:main():compute-mfcc-feats.cc:182) Processed features for key SuiSiann_1684
VLOG[2] (compute-mfcc-feats[5.5.1047~1-09a63]:main():compute-mfcc-feats.cc:182) Processed features for key SuiSiann_1685
VLOG[2] (compute-mfcc-feats[5.5.1047~1-09a63]:main():compute-mfcc-feats.cc:182) Processed features for key SuiSiann_1686
VLOG[2] (compute-mfcc-feats[5.5.1047~1-09a63]:main():compute-mfcc-feats.cc:182) Processed features for key SuiSiann_1687
VLOG[2] (compute-mfcc-feats[5.5.1047~1-09a63]:main():compute-mfcc-feats.cc:182) Processed features for key SuiSiann_1688
LOG (compute-mfcc-feats[5.5.1047~1-09a63]:main():compute-mfcc-feats.cc:181) Processed 70 utterances
VLOG[2] (compute-mfcc-feats[5.5.1047~1-09a63]:main():compute-mfcc-feats.cc:182) Processed features for key SuiSiann_1689
VLOG[2] (compute-mfcc-feats[5.5.1047~1-09a63]:main():compute-mfcc-feats.cc:182) Processed features for key SuiSiann_1690
VLOG[2] (compute-mfcc-feats[5.5.1047~1-09a63]:main():compute-mfcc-feats.cc:182) Processed features for key SuiSiann_1691
VLOG[2] (compute-mfcc-feats[5.5.1047~1-09a63]:main():compute-mfcc-feats.cc:182) Processed features for key SuiSiann_1692
VLOG[2] (compute-mfcc-feats[5.5.1047~1-09a63]:main():compute-mfcc-feats.cc:182) Processed features for key SuiSiann_1693
VLOG[2] (compute-mfcc-feats[5.5.1047~1-09a63]:main():compute-mfcc-feats.cc:182) Processed features for key SuiSiann_1694
VLOG[2] (compute-mfcc-feats[5.5.1047~1-09a63]:main():compute-mfcc-feats.cc:182) Processed features for key SuiSiann_1695
VLOG[2] (compute-mfcc-feats[5.5.1047~1-09a63]:main():compute-mfcc-feats.cc:182) Processed features for key SuiSiann_1696
VLOG[2] (compute-mfcc-feats[5.5.1047~1-09a63]:main():compute-mfcc-feats.cc:182) Processed features for key SuiSiann_1697
VLOG[2] (compute-mfcc-feats[5.5.1047~1-09a63]:main():compute-mfcc-feats.cc:182) Processed features for key SuiSiann_1698
LOG (compute-mfcc-feats[5.5.1047~1-09a63]:main():compute-mfcc-feats.cc:181) Processed 80 utterances
VLOG[2] (compute-mfcc-feats[5.5.1047~1-09a63]:main():compute-mfcc-feats.cc:182) Processed features for key SuiSiann_1699
VLOG[2] (compute-mfcc-feats[5.5.1047~1-09a63]:main():compute-mfcc-feats.cc:182) Processed features for key SuiSiann_1700
VLOG[2] (compute-mfcc-feats[5.5.1047~1-09a63]:main():compute-mfcc-feats.cc:182) Processed features for key SuiSiann_1701
VLOG[2] (compute-mfcc-feats[5.5.1047~1-09a63]:main():compute-mfcc-feats.cc:182) Processed features for key SuiSiann_1702
VLOG[2] (compute-mfcc-feats[5.5.1047~1-09a63]:main():compute-mfcc-feats.cc:182) Processed features for key SuiSiann_1703
VLOG[2] (compute-mfcc-feats[5.5.1047~1-09a63]:main():compute-mfcc-feats.cc:182) Processed features for key SuiSiann_1704
VLOG[2] (compute-mfcc-feats[5.5.1047~1-09a63]:main():compute-mfcc-feats.cc:182) Processed features for key SuiSiann_1705
VLOG[2] (compute-mfcc-feats[5.5.1047~1-09a63]:main():compute-mfcc-feats.cc:182) Processed features for key SuiSiann_1706
VLOG[2] (compute-mfcc-feats[5.5.1047~1-09a63]:main():compute-mfcc-feats.cc:182) Processed features for key SuiSiann_1707
VLOG[2] (compute-mfcc-feats[5.5.1047~1-09a63]:main():compute-mfcc-feats.cc:182) Processed features for key SuiSiann_1708
LOG (compute-mfcc-feats[5.5.1047~1-09a63]:main():compute-mfcc-feats.cc:181) Processed 90 utterances
VLOG[2] (compute-mfcc-feats[5.5.1047~1-09a63]:main():compute-mfcc-feats.cc:182) Processed features for key SuiSiann_1709
VLOG[2] (compute-mfcc-feats[5.5.1047~1-09a63]:main():compute-mfcc-feats.cc:182) Processed features for key SuiSiann_1710
VLOG[2] (compute-mfcc-feats[5.5.1047~1-09a63]:main():compute-mfcc-feats.cc:182) Processed features for key SuiSiann_1711
VLOG[2] (compute-mfcc-feats[5.5.1047~1-09a63]:main():compute-mfcc-feats.cc:182) Processed features for key SuiSiann_1712
VLOG[2] (compute-mfcc-feats[5.5.1047~1-09a63]:main():compute-mfcc-feats.cc:182) Processed features for key SuiSiann_1713
VLOG[2] (compute-mfcc-feats[5.5.1047~1-09a63]:main():compute-mfcc-feats.cc:182) Processed features for key SuiSiann_1714
VLOG[2] (compute-mfcc-feats[5.5.1047~1-09a63]:main():compute-mfcc-feats.cc:182) Processed features for key SuiSiann_1715
VLOG[2] (compute-mfcc-feats[5.5.1047~1-09a63]:main():compute-mfcc-feats.cc:182) Processed features for key SuiSiann_1716
VLOG[2] (compute-mfcc-feats[5.5.1047~1-09a63]:main():compute-mfcc-feats.cc:182) Processed features for key SuiSiann_1717
VLOG[2] (compute-mfcc-feats[5.5.1047~1-09a63]:main():compute-mfcc-feats.cc:182) Processed features for key SuiSiann_1718
LOG (compute-mfcc-feats[5.5.1047~1-09a63]:main():compute-mfcc-feats.cc:181) Processed 100 utterances
VLOG[2] (compute-mfcc-feats[5.5.1047~1-09a63]:main():compute-mfcc-feats.cc:182) Processed features for key SuiSiann_1719
VLOG[2] (compute-mfcc-feats[5.5.1047~1-09a63]:main():compute-mfcc-feats.cc:182) Processed features for key SuiSiann_1720
VLOG[2] (compute-mfcc-feats[5.5.1047~1-09a63]:main():compute-mfcc-feats.cc:182) Processed features for key SuiSiann_1721
VLOG[2] (compute-mfcc-feats[5.5.1047~1-09a63]:main():compute-mfcc-feats.cc:182) Processed features for key SuiSiann_1722
VLOG[2] (compute-mfcc-feats[5.5.1047~1-09a63]:main():compute-mfcc-feats.cc:182) Processed features for key SuiSiann_1723
VLOG[2] (compute-kaldi-pitch-feats[5.5.1047~1-09a63]:main():compute-kaldi-pitch-feats.cc:107) Processed 100 utterances
VLOG[2] (compute-mfcc-feats[5.5.1047~1-09a63]:main():compute-mfcc-feats.cc:182) Processed features for key SuiSiann_1724
VLOG[2] (compute-mfcc-feats[5.5.1047~1-09a63]:main():compute-mfcc-feats.cc:182) Processed features for key SuiSiann_1725
VLOG[2] (compute-mfcc-feats[5.5.1047~1-09a63]:main():compute-mfcc-feats.cc:182) Processed features for key SuiSiann_1726
VLOG[2] (compute-mfcc-feats[5.5.1047~1-09a63]:main():compute-mfcc-feats.cc:182) Processed features for key SuiSiann_1727
VLOG[2] (compute-mfcc-feats[5.5.1047~1-09a63]:main():compute-mfcc-feats.cc:182) Processed features for key SuiSiann_1728
LOG (compute-mfcc-feats[5.5.1047~1-09a63]:main():compute-mfcc-feats.cc:181) Processed 110 utterances
VLOG[2] (compute-mfcc-feats[5.5.1047~1-09a63]:main():compute-mfcc-feats.cc:182) Processed features for key SuiSiann_1729
VLOG[2] (compute-mfcc-feats[5.5.1047~1-09a63]:main():compute-mfcc-feats.cc:182) Processed features for key SuiSiann_1730
VLOG[2] (compute-mfcc-feats[5.5.1047~1-09a63]:main():compute-mfcc-feats.cc:182) Processed features for key SuiSiann_1731
VLOG[2] (compute-mfcc-feats[5.5.1047~1-09a63]:main():compute-mfcc-feats.cc:182) Processed features for key SuiSiann_1732
VLOG[2] (compute-mfcc-feats[5.5.1047~1-09a63]:main():compute-mfcc-feats.cc:182) Processed features for key SuiSiann_1733
VLOG[2] (compute-mfcc-feats[5.5.1047~1-09a63]:main():compute-mfcc-feats.cc:182) Processed features for key SuiSiann_1734
VLOG[2] (compute-mfcc-feats[5.5.1047~1-09a63]:main():compute-mfcc-feats.cc:182) Processed features for key SuiSiann_1735
VLOG[2] (compute-mfcc-feats[5.5.1047~1-09a63]:main():compute-mfcc-feats.cc:182) Processed features for key SuiSiann_1736
VLOG[2] (compute-mfcc-feats[5.5.1047~1-09a63]:main():compute-mfcc-feats.cc:182) Processed features for key SuiSiann_1737
VLOG[2] (compute-mfcc-feats[5.5.1047~1-09a63]:main():compute-mfcc-feats.cc:182) Processed features for key SuiSiann_1738
LOG (compute-mfcc-feats[5.5.1047~1-09a63]:main():compute-mfcc-feats.cc:181) Processed 120 utterances
VLOG[2] (compute-mfcc-feats[5.5.1047~1-09a63]:main():compute-mfcc-feats.cc:182) Processed features for key SuiSiann_1739
VLOG[2] (compute-mfcc-feats[5.5.1047~1-09a63]:main():compute-mfcc-feats.cc:182) Processed features for key SuiSiann_1740
VLOG[2] (compute-mfcc-feats[5.5.1047~1-09a63]:main():compute-mfcc-feats.cc:182) Processed features for key SuiSiann_1741
VLOG[2] (compute-mfcc-feats[5.5.1047~1-09a63]:main():compute-mfcc-feats.cc:182) Processed features for key SuiSiann_1742
VLOG[2] (compute-mfcc-feats[5.5.1047~1-09a63]:main():compute-mfcc-feats.cc:182) Processed features for key SuiSiann_1743
LOG (compute-mfcc-feats[5.5.1047~1-09a63]:main():compute-mfcc-feats.cc:185)  Done 124 out of 124 utterances.
LOG (compute-kaldi-pitch-feats[5.5.1047~1-09a63]:main():compute-kaldi-pitch-feats.cc:110) Done 124 utterances, 0 with errors.
LOG (process-kaldi-pitch-feats[5.5.1047~1-09a63]:main():process-kaldi-pitch-feats.cc:85) Post-processed pitch for 124 utterances.
LOG (paste-feats[5.5.1047~1-09a63]:main():paste-feats.cc:158) Done 124 utts, errors on 0
LOG (copy-feats[5.5.1047~1-09a63]:main():copy-feats.cc:143) Copied 124 feature matrices.
# Accounting: time=2 threads=1
# Ended (code 0) at Wed Sep  7 12:40:38 CST 2022, elapsed time 2 seconds
