# compile-train-graphs --read-disambig-syms=data/lang/phones/disambig.int exp/tri5a_sp_ali/tree exp/tri5a_sp_ali/final.mdl data/lang/L.fst "ark:utils/sym2int.pl --map-oov 1 -f 2- data/lang/words.txt data/train_sp/split1/1/text|" "ark:|gzip -c >exp/tri5a_sp_ali/fsts.1.gz" 
# Started at Sun Sep 25 18:28:37 CST 2022
#
compile-train-graphs --read-disambig-syms=data/lang/phones/disambig.int exp/tri5a_sp_ali/tree exp/tri5a_sp_ali/final.mdl data/lang/L.fst 'ark:utils/sym2int.pl --map-oov 1 -f 2- data/lang/words.txt data/train_sp/split1/1/text|' 'ark:|gzip -c >exp/tri5a_sp_ali/fsts.1.gz' 
sym2int.pl: replacing beh4 with 1
sym2int.pl: replacing bo5 with 1
sym2int.pl: replacing leh4 with 1
sym2int.pl: replacing leh4 with 1
sym2int.pl: replacing leh4 with 1
sym2int.pl: replacing gun2 with 1
sym2int.pl: replacing an2-ne1 with 1
sym2int.pl: replacing tsiah8 with 1
sym2int.pl: replacing beh4 with 1
sym2int.pl: replacing an2-tsuann2 with 1
sym2int.pl: replacing e7-sai2 with 1
sym2int.pl: replacing bo5 with 1
sym2int.pl: replacing bo5 with 1
sym2int.pl: replacing bo5 with 1
sym2int.pl: replacing bo5 with 1
sym2int.pl: replacing to7 with 1
sym2int.pl: replacing tsit4 with 1
sym2int.pl: replacing bo5 with 1
sym2int.pl: replacing to7 with 1
sym2int.pl: replacing bo5 with 1
sym2int.pl: not warning for OOVs any more times
** Replaced 7368 instances of OOVs with 1
LOG (compile-train-graphs[5.5.1047~1-09a63]:main():compile-train-graphs.cc:147) compile-train-graphs: succeeded for 5721 graphs, failed for 0
# Accounting: time=6 threads=1
# Ended (code 0) at Sun Sep 25 18:28:43 CST 2022, elapsed time 6 seconds
