# ali-to-post "ark:gunzip -c exp/tri5a_sp_ali/pre_ali.1.gz|" ark:- | weight-silence-post 0.0 1 exp/tri5a/final.alimdl ark:- ark:- | gmm-post-to-gpost exp/tri5a/final.alimdl "ark,s,cs:apply-cmvn  --utt2spk=ark:data/train_sp/split1/1/utt2spk scp:data/train_sp/split1/1/cmvn.scp scp:data/train_sp/split1/1/feats.scp ark:- | splice-feats  ark:- ark:- | transform-feats exp/tri5a/final.mat ark:- ark:- |" ark:- ark:- | gmm-est-fmllr-gpost --fmllr-update-type=full --spk2utt=ark:data/train_sp/split1/1/spk2utt exp/tri5a/final.mdl "ark,s,cs:apply-cmvn  --utt2spk=ark:data/train_sp/split1/1/utt2spk scp:data/train_sp/split1/1/cmvn.scp scp:data/train_sp/split1/1/feats.scp ark:- | splice-feats  ark:- ark:- | transform-feats exp/tri5a/final.mat ark:- ark:- |" ark,s,cs:- ark:exp/tri5a_sp_ali/trans.1 
# Started at Sun Sep 25 18:31:35 CST 2022
#
ali-to-post 'ark:gunzip -c exp/tri5a_sp_ali/pre_ali.1.gz|' ark:- 
weight-silence-post 0.0 1 exp/tri5a/final.alimdl ark:- ark:- 
gmm-post-to-gpost exp/tri5a/final.alimdl 'ark,s,cs:apply-cmvn  --utt2spk=ark:data/train_sp/split1/1/utt2spk scp:data/train_sp/split1/1/cmvn.scp scp:data/train_sp/split1/1/feats.scp ark:- | splice-feats  ark:- ark:- | transform-feats exp/tri5a/final.mat ark:- ark:- |' ark:- ark:- 
gmm-est-fmllr-gpost --fmllr-update-type=full --spk2utt=ark:data/train_sp/split1/1/spk2utt exp/tri5a/final.mdl 'ark,s,cs:apply-cmvn  --utt2spk=ark:data/train_sp/split1/1/utt2spk scp:data/train_sp/split1/1/cmvn.scp scp:data/train_sp/split1/1/feats.scp ark:- | splice-feats  ark:- ark:- | transform-feats exp/tri5a/final.mat ark:- ark:- |' ark,s,cs:- ark:exp/tri5a_sp_ali/trans.1 
splice-feats ark:- ark:- 
transform-feats exp/tri5a/final.mat ark:- ark:- 
splice-feats ark:- ark:- 
transform-feats exp/tri5a/final.mat ark:- ark:- 
apply-cmvn --utt2spk=ark:data/train_sp/split1/1/utt2spk scp:data/train_sp/split1/1/cmvn.scp scp:data/train_sp/split1/1/feats.scp ark:- 
apply-cmvn --utt2spk=ark:data/train_sp/split1/1/utt2spk scp:data/train_sp/split1/1/cmvn.scp scp:data/train_sp/split1/1/feats.scp ark:- 
LOG (ali-to-post[5.5.1047~1-09a63]:main():ali-to-post.cc:73) Converted 5641 alignments.
LOG (weight-silence-post[5.5.1047~1-09a63]:main():weight-silence-post.cc:95) Done 5641 posteriors.
WARNING (gmm-est-fmllr-gpost[5.5.1047~1-09a63]:main():gmm-est-fmllr-gpost.cc:116) Did not find posteriors for utterance SuiSiann_1137
WARNING (gmm-est-fmllr-gpost[5.5.1047~1-09a63]:main():gmm-est-fmllr-gpost.cc:116) Did not find posteriors for utterance SuiSiann_1841
WARNING (gmm-est-fmllr-gpost[5.5.1047~1-09a63]:main():gmm-est-fmllr-gpost.cc:116) Did not find posteriors for utterance SuiSiann_1866
WARNING (gmm-est-fmllr-gpost[5.5.1047~1-09a63]:main():gmm-est-fmllr-gpost.cc:116) Did not find posteriors for utterance SuiSiann_2025
WARNING (gmm-est-fmllr-gpost[5.5.1047~1-09a63]:main():gmm-est-fmllr-gpost.cc:116) Did not find posteriors for utterance SuiSiann_2275
WARNING (gmm-est-fmllr-gpost[5.5.1047~1-09a63]:main():gmm-est-fmllr-gpost.cc:116) Did not find posteriors for utterance SuiSiann_2437
WARNING (gmm-est-fmllr-gpost[5.5.1047~1-09a63]:main():gmm-est-fmllr-gpost.cc:116) Did not find posteriors for utterance SuiSiann_2491
WARNING (gmm-est-fmllr-gpost[5.5.1047~1-09a63]:main():gmm-est-fmllr-gpost.cc:116) Did not find posteriors for utterance SuiSiann_2493
WARNING (gmm-est-fmllr-gpost[5.5.1047~1-09a63]:main():gmm-est-fmllr-gpost.cc:116) Did not find posteriors for utterance SuiSiann_2573
LOG (gmm-est-fmllr-gpost[5.5.1047~1-09a63]:ComputeFmllrMatrixDiagGmmFull():fmllr-diag-gmm.cc:262) fMLLR objf improvement is 3.37742 per frame over 624957 frames.
LOG (gmm-est-fmllr-gpost[5.5.1047~1-09a63]:main():gmm-est-fmllr-gpost.cc:141) For speaker SuiSiann, auxf-impr from fMLLR is 3.37742, over 624957 frames.

WARNING (gmm-est-fmllr-gpost[5.5.1047~1-09a63]:main():gmm-est-fmllr-gpost.cc:116) Did not find posteriors for utterance sp0.9-SuiSiann_0899
WARNING (gmm-est-fmllr-gpost[5.5.1047~1-09a63]:main():gmm-est-fmllr-gpost.cc:116) Did not find posteriors for utterance sp0.9-SuiSiann_1013
WARNING (gmm-est-fmllr-gpost[5.5.1047~1-09a63]:main():gmm-est-fmllr-gpost.cc:116) Did not find posteriors for utterance sp0.9-SuiSiann_1137
WARNING (gmm-est-fmllr-gpost[5.5.1047~1-09a63]:main():gmm-est-fmllr-gpost.cc:116) Did not find posteriors for utterance sp0.9-SuiSiann_1841
WARNING (gmm-est-fmllr-gpost[5.5.1047~1-09a63]:main():gmm-est-fmllr-gpost.cc:116) Did not find posteriors for utterance sp0.9-SuiSiann_1866
WARNING (gmm-est-fmllr-gpost[5.5.1047~1-09a63]:main():gmm-est-fmllr-gpost.cc:116) Did not find posteriors for utterance sp0.9-SuiSiann_2025
WARNING (gmm-est-fmllr-gpost[5.5.1047~1-09a63]:main():gmm-est-fmllr-gpost.cc:116) Did not find posteriors for utterance sp0.9-SuiSiann_2113
WARNING (gmm-est-fmllr-gpost[5.5.1047~1-09a63]:main():gmm-est-fmllr-gpost.cc:116) Did not find posteriors for utterance sp0.9-SuiSiann_2115
WARNING (gmm-est-fmllr-gpost[5.5.1047~1-09a63]:main():gmm-est-fmllr-gpost.cc:116) Did not find posteriors for utterance sp0.9-SuiSiann_2275
WARNING (gmm-est-fmllr-gpost[5.5.1047~1-09a63]:main():gmm-est-fmllr-gpost.cc:116) Did not find posteriors for utterance sp0.9-SuiSiann_2437
WARNING (gmm-est-fmllr-gpost[5.5.1047~1-09a63]:main():gmm-est-fmllr-gpost.cc:116) Did not find posteriors for utterance sp0.9-SuiSiann_2491
WARNING (gmm-est-fmllr-gpost[5.5.1047~1-09a63]:main():gmm-est-fmllr-gpost.cc:116) Did not find posteriors for utterance sp0.9-SuiSiann_2493
WARNING (gmm-est-fmllr-gpost[5.5.1047~1-09a63]:main():gmm-est-fmllr-gpost.cc:116) Did not find posteriors for utterance sp0.9-SuiSiann_2573
WARNING (gmm-est-fmllr-gpost[5.5.1047~1-09a63]:main():gmm-est-fmllr-gpost.cc:116) Did not find posteriors for utterance sp0.9-SuiSiann_2824
WARNING (gmm-est-fmllr-gpost[5.5.1047~1-09a63]:main():gmm-est-fmllr-gpost.cc:116) Did not find posteriors for utterance sp0.9-SuiSiann_2830
WARNING (gmm-est-fmllr-gpost[5.5.1047~1-09a63]:main():gmm-est-fmllr-gpost.cc:116) Did not find posteriors for utterance sp0.9-SuiSiann_2900
WARNING (gmm-est-fmllr-gpost[5.5.1047~1-09a63]:main():gmm-est-fmllr-gpost.cc:116) Did not find posteriors for utterance sp0.9-SuiSiann_3394
LOG (gmm-est-fmllr-gpost[5.5.1047~1-09a63]:ComputeFmllrMatrixDiagGmmFull():fmllr-diag-gmm.cc:262) fMLLR objf improvement is 12.5521 per frame over 645266 frames.
LOG (gmm-est-fmllr-gpost[5.5.1047~1-09a63]:main():gmm-est-fmllr-gpost.cc:141) For speaker sp0.9-SuiSiann, auxf-impr from fMLLR is 12.5521, over 645266 frames.

WARNING (gmm-est-fmllr-gpost[5.5.1047~1-09a63]:main():gmm-est-fmllr-gpost.cc:116) Did not find posteriors for utterance sp1.1-SuiSiann_0055
WARNING (gmm-est-fmllr-gpost[5.5.1047~1-09a63]:main():gmm-est-fmllr-gpost.cc:116) Did not find posteriors for utterance sp1.1-SuiSiann_0889
WARNING (gmm-est-fmllr-gpost[5.5.1047~1-09a63]:main():gmm-est-fmllr-gpost.cc:116) Did not find posteriors for utterance sp1.1-SuiSiann_0899
WARNING (gmm-est-fmllr-gpost[5.5.1047~1-09a63]:main():gmm-est-fmllr-gpost.cc:116) Did not find posteriors for utterance sp1.1-SuiSiann_0936
WARNING (gmm-est-fmllr-gpost[5.5.1047~1-09a63]:main():gmm-est-fmllr-gpost.cc:116) Did not find posteriors for utterance sp1.1-SuiSiann_0947
WARNING (gmm-est-fmllr-gpost[5.5.1047~1-09a63]:main():gmm-est-fmllr-gpost.cc:116) Did not find posteriors for utterance sp1.1-SuiSiann_0953
WARNING (gmm-est-fmllr-gpost[5.5.1047~1-09a63]:main():gmm-est-fmllr-gpost.cc:116) Did not find posteriors for utterance sp1.1-SuiSiann_1052
WARNING (gmm-est-fmllr-gpost[5.5.1047~1-09a63]:main():gmm-est-fmllr-gpost.cc:116) Did not find posteriors for utterance sp1.1-SuiSiann_1065
WARNING (gmm-est-fmllr-gpost[5.5.1047~1-09a63]:main():gmm-est-fmllr-gpost.cc:116) Did not find posteriors for utterance sp1.1-SuiSiann_1084
WARNING (gmm-est-fmllr-gpost[5.5.1047~1-09a63]:main():gmm-est-fmllr-gpost.cc:116) Did not find posteriors for utterance sp1.1-SuiSiann_1137
WARNING (gmm-est-fmllr-gpost[5.5.1047~1-09a63]:main():gmm-est-fmllr-gpost.cc:116) Did not find posteriors for utterance sp1.1-SuiSiann_1167
WARNING (gmm-est-fmllr-gpost[5.5.1047~1-09a63]:main():gmm-est-fmllr-gpost.cc:116) Did not find posteriors for utterance sp1.1-SuiSiann_1189
WARNING (gmm-est-fmllr-gpost[5.5.1047~1-09a63]:main():gmm-est-fmllr-gpost.cc:116) Did not find posteriors for utterance sp1.1-SuiSiann_1268
WARNING (gmm-est-fmllr-gpost[5.5.1047~1-09a63]:main():gmm-est-fmllr-gpost.cc:116) Did not find posteriors for utterance sp1.1-SuiSiann_1316
WARNING (gmm-est-fmllr-gpost[5.5.1047~1-09a63]:main():gmm-est-fmllr-gpost.cc:116) Did not find posteriors for utterance sp1.1-SuiSiann_1380
WARNING (gmm-est-fmllr-gpost[5.5.1047~1-09a63]:main():gmm-est-fmllr-gpost.cc:116) Did not find posteriors for utterance sp1.1-SuiSiann_1415
WARNING (gmm-est-fmllr-gpost[5.5.1047~1-09a63]:main():gmm-est-fmllr-gpost.cc:116) Did not find posteriors for utterance sp1.1-SuiSiann_1435
WARNING (gmm-est-fmllr-gpost[5.5.1047~1-09a63]:main():gmm-est-fmllr-gpost.cc:116) Did not find posteriors for utterance sp1.1-SuiSiann_1442
WARNING (gmm-est-fmllr-gpost[5.5.1047~1-09a63]:main():gmm-est-fmllr-gpost.cc:116) Did not find posteriors for utterance sp1.1-SuiSiann_1469
WARNING (gmm-est-fmllr-gpost[5.5.1047~1-09a63]:main():gmm-est-fmllr-gpost.cc:116) Did not find posteriors for utterance sp1.1-SuiSiann_1480
WARNING (gmm-est-fmllr-gpost[5.5.1047~1-09a63]:main():gmm-est-fmllr-gpost.cc:116) Did not find posteriors for utterance sp1.1-SuiSiann_1490
WARNING (gmm-est-fmllr-gpost[5.5.1047~1-09a63]:main():gmm-est-fmllr-gpost.cc:116) Did not find posteriors for utterance sp1.1-SuiSiann_1562
WARNING (gmm-est-fmllr-gpost[5.5.1047~1-09a63]:main():gmm-est-fmllr-gpost.cc:116) Did not find posteriors for utterance sp1.1-SuiSiann_1576
WARNING (gmm-est-fmllr-gpost[5.5.1047~1-09a63]:main():gmm-est-fmllr-gpost.cc:116) Did not find posteriors for utterance sp1.1-SuiSiann_1577
WARNING (gmm-est-fmllr-gpost[5.5.1047~1-09a63]:main():gmm-est-fmllr-gpost.cc:116) Did not find posteriors for utterance sp1.1-SuiSiann_1786
WARNING (gmm-est-fmllr-gpost[5.5.1047~1-09a63]:main():gmm-est-fmllr-gpost.cc:116) Did not find posteriors for utterance sp1.1-SuiSiann_1833
WARNING (gmm-est-fmllr-gpost[5.5.1047~1-09a63]:main():gmm-est-fmllr-gpost.cc:116) Did not find posteriors for utterance sp1.1-SuiSiann_1841
WARNING (gmm-est-fmllr-gpost[5.5.1047~1-09a63]:main():gmm-est-fmllr-gpost.cc:116) Did not find posteriors for utterance sp1.1-SuiSiann_1866
WARNING (gmm-est-fmllr-gpost[5.5.1047~1-09a63]:main():gmm-est-fmllr-gpost.cc:116) Did not find posteriors for utterance sp1.1-SuiSiann_1899
WARNING (gmm-est-fmllr-gpost[5.5.1047~1-09a63]:main():gmm-est-fmllr-gpost.cc:116) Did not find posteriors for utterance sp1.1-SuiSiann_1975
WARNING (gmm-est-fmllr-gpost[5.5.1047~1-09a63]:main():gmm-est-fmllr-gpost.cc:116) Did not find posteriors for utterance sp1.1-SuiSiann_2025
WARNING (gmm-est-fmllr-gpost[5.5.1047~1-09a63]:main():gmm-est-fmllr-gpost.cc:116) Did not find posteriors for utterance sp1.1-SuiSiann_2113
WARNING (gmm-est-fmllr-gpost[5.5.1047~1-09a63]:main():gmm-est-fmllr-gpost.cc:116) Did not find posteriors for utterance sp1.1-SuiSiann_2115
WARNING (gmm-est-fmllr-gpost[5.5.1047~1-09a63]:main():gmm-est-fmllr-gpost.cc:116) Did not find posteriors for utterance sp1.1-SuiSiann_2184
WARNING (gmm-est-fmllr-gpost[5.5.1047~1-09a63]:main():gmm-est-fmllr-gpost.cc:116) Did not find posteriors for utterance sp1.1-SuiSiann_2275
WARNING (gmm-est-fmllr-gpost[5.5.1047~1-09a63]:main():gmm-est-fmllr-gpost.cc:116) Did not find posteriors for utterance sp1.1-SuiSiann_2437
WARNING (gmm-est-fmllr-gpost[5.5.1047~1-09a63]:main():gmm-est-fmllr-gpost.cc:116) Did not find posteriors for utterance sp1.1-SuiSiann_2491
WARNING (gmm-est-fmllr-gpost[5.5.1047~1-09a63]:main():gmm-est-fmllr-gpost.cc:116) Did not find posteriors for utterance sp1.1-SuiSiann_2493
WARNING (gmm-est-fmllr-gpost[5.5.1047~1-09a63]:main():gmm-est-fmllr-gpost.cc:116) Did not find posteriors for utterance sp1.1-SuiSiann_2498
WARNING (gmm-est-fmllr-gpost[5.5.1047~1-09a63]:main():gmm-est-fmllr-gpost.cc:116) Did not find posteriors for utterance sp1.1-SuiSiann_2503
WARNING (gmm-est-fmllr-gpost[5.5.1047~1-09a63]:main():gmm-est-fmllr-gpost.cc:116) Did not find posteriors for utterance sp1.1-SuiSiann_2573
WARNING (gmm-est-fmllr-gpost[5.5.1047~1-09a63]:main():gmm-est-fmllr-gpost.cc:116) Did not find posteriors for utterance sp1.1-SuiSiann_2574
WARNING (gmm-est-fmllr-gpost[5.5.1047~1-09a63]:main():gmm-est-fmllr-gpost.cc:116) Did not find posteriors for utterance sp1.1-SuiSiann_2656
WARNING (gmm-est-fmllr-gpost[5.5.1047~1-09a63]:main():gmm-est-fmllr-gpost.cc:116) Did not find posteriors for utterance sp1.1-SuiSiann_2824
WARNING (gmm-est-fmllr-gpost[5.5.1047~1-09a63]:main():gmm-est-fmllr-gpost.cc:116) Did not find posteriors for utterance sp1.1-SuiSiann_2830
WARNING (gmm-est-fmllr-gpost[5.5.1047~1-09a63]:main():gmm-est-fmllr-gpost.cc:116) Did not find posteriors for utterance sp1.1-SuiSiann_2884
WARNING (gmm-est-fmllr-gpost[5.5.1047~1-09a63]:main():gmm-est-fmllr-gpost.cc:116) Did not find posteriors for utterance sp1.1-SuiSiann_2904
WARNING (gmm-est-fmllr-gpost[5.5.1047~1-09a63]:main():gmm-est-fmllr-gpost.cc:116) Did not find posteriors for utterance sp1.1-SuiSiann_2908
WARNING (gmm-est-fmllr-gpost[5.5.1047~1-09a63]:main():gmm-est-fmllr-gpost.cc:116) Did not find posteriors for utterance sp1.1-SuiSiann_2977
WARNING (gmm-est-fmllr-gpost[5.5.1047~1-09a63]:main():gmm-est-fmllr-gpost.cc:116) Did not find posteriors for utterance sp1.1-SuiSiann_3039
WARNING (gmm-est-fmllr-gpost[5.5.1047~1-09a63]:main():gmm-est-fmllr-gpost.cc:116) Did not find posteriors for utterance sp1.1-SuiSiann_3151
WARNING (gmm-est-fmllr-gpost[5.5.1047~1-09a63]:main():gmm-est-fmllr-gpost.cc:116) Did not find posteriors for utterance sp1.1-SuiSiann_3178
WARNING (gmm-est-fmllr-gpost[5.5.1047~1-09a63]:main():gmm-est-fmllr-gpost.cc:116) Did not find posteriors for utterance sp1.1-SuiSiann_3262
WARNING (gmm-est-fmllr-gpost[5.5.1047~1-09a63]:main():gmm-est-fmllr-gpost.cc:116) Did not find posteriors for utterance sp1.1-SuiSiann_3394
LOG (apply-cmvn[5.5.1047~1-09a63]:main():apply-cmvn.cc:162) Applied cepstral mean normalization to 5721 utterances, errors on 0
LOG (apply-cmvn[5.5.1047~1-09a63]:main():apply-cmvn.cc:162) Applied cepstral mean normalization to 5721 utterances, errors on 0
LOG (transform-feats[5.5.1047~1-09a63]:main():transform-feats.cc:158) Overall average [pseudo-]logdet is -22.8546 over 2.39342e+06 frames.
LOG (transform-feats[5.5.1047~1-09a63]:main():transform-feats.cc:161) Applied transform to 5721 utterances; 0 had errors.
LOG (gmm-post-to-gpost[5.5.1047~1-09a63]:main():gmm-post-to-gpost.cc:124) Done 5641 files, 80 with no posteriors, 0 with other errors.
LOG (gmm-post-to-gpost[5.5.1047~1-09a63]:main():gmm-post-to-gpost.cc:128) Overall avg like per frame (Gaussian only) = -53.0573 over 1.79301e+06 frames.
LOG (gmm-post-to-gpost[5.5.1047~1-09a63]:main():gmm-post-to-gpost.cc:131) Done converting post to gpost
LOG (transform-feats[5.5.1047~1-09a63]:main():transform-feats.cc:158) Overall average [pseudo-]logdet is -22.8546 over 2.39342e+06 frames.
LOG (transform-feats[5.5.1047~1-09a63]:main():transform-feats.cc:161) Applied transform to 5721 utterances; 0 had errors.
LOG (gmm-est-fmllr-gpost[5.5.1047~1-09a63]:ComputeFmllrMatrixDiagGmmFull():fmllr-diag-gmm.cc:262) fMLLR objf improvement is 11.1583 per frame over 522790 frames.
LOG (gmm-est-fmllr-gpost[5.5.1047~1-09a63]:main():gmm-est-fmllr-gpost.cc:141) For speaker sp1.1-SuiSiann, auxf-impr from fMLLR is 11.1583, over 522790 frames.

LOG (gmm-est-fmllr-gpost[5.5.1047~1-09a63]:main():gmm-est-fmllr-gpost.cc:186) Done 5641 files, 80 with no gposts, 0 with other errors.
LOG (gmm-est-fmllr-gpost[5.5.1047~1-09a63]:main():gmm-est-fmllr-gpost.cc:188) Overall fMLLR auxf impr per frame is 8.94787 over 1.79301e+06 frames.
# Accounting: time=14 threads=1
# Ended (code 0) at Sun Sep 25 18:31:49 CST 2022, elapsed time 14 seconds
