# ali-to-post "ark:gunzip -c exp/tri5a_sp_lats/pre_ali.1.gz|" ark:- | weight-silence-post 0.0 1:2 exp/tri5a/final.alimdl ark:- ark:- | gmm-post-to-gpost exp/tri5a/final.alimdl "ark,s,cs:apply-cmvn  --utt2spk=ark:data/train_sp/split1/1/utt2spk scp:data/train_sp/split1/1/cmvn.scp scp:data/train_sp/split1/1/feats.scp ark:- | splice-feats  ark:- ark:- | transform-feats exp/tri5a/final.mat ark:- ark:- |" ark:- ark:- | gmm-est-fmllr-gpost --fmllr-update-type=full --spk2utt=ark:data/train_sp/split1/1/spk2utt exp/tri5a/final.mdl "ark,s,cs:apply-cmvn  --utt2spk=ark:data/train_sp/split1/1/utt2spk scp:data/train_sp/split1/1/cmvn.scp scp:data/train_sp/split1/1/feats.scp ark:- | splice-feats  ark:- ark:- | transform-feats exp/tri5a/final.mat ark:- ark:- |" ark,s,cs:- ark:exp/tri5a_sp_lats/trans.1 
# Started at Wed Sep 28 18:36:00 CST 2022
#
ali-to-post 'ark:gunzip -c exp/tri5a_sp_lats/pre_ali.1.gz|' ark:- 
weight-silence-post 0.0 1:2 exp/tri5a/final.alimdl ark:- ark:- 
gmm-post-to-gpost exp/tri5a/final.alimdl 'ark,s,cs:apply-cmvn  --utt2spk=ark:data/train_sp/split1/1/utt2spk scp:data/train_sp/split1/1/cmvn.scp scp:data/train_sp/split1/1/feats.scp ark:- | splice-feats  ark:- ark:- | transform-feats exp/tri5a/final.mat ark:- ark:- |' ark:- ark:- 
gmm-est-fmllr-gpost --fmllr-update-type=full --spk2utt=ark:data/train_sp/split1/1/spk2utt exp/tri5a/final.mdl 'ark,s,cs:apply-cmvn  --utt2spk=ark:data/train_sp/split1/1/utt2spk scp:data/train_sp/split1/1/cmvn.scp scp:data/train_sp/split1/1/feats.scp ark:- | splice-feats  ark:- ark:- | transform-feats exp/tri5a/final.mat ark:- ark:- |' ark,s,cs:- ark:exp/tri5a_sp_lats/trans.1 
splice-feats ark:- ark:- 
transform-feats exp/tri5a/final.mat ark:- ark:- 
splice-feats ark:- ark:- 
transform-feats exp/tri5a/final.mat ark:- ark:- 
apply-cmvn --utt2spk=ark:data/train_sp/split1/1/utt2spk scp:data/train_sp/split1/1/cmvn.scp scp:data/train_sp/split1/1/feats.scp ark:- 
apply-cmvn --utt2spk=ark:data/train_sp/split1/1/utt2spk scp:data/train_sp/split1/1/cmvn.scp scp:data/train_sp/split1/1/feats.scp ark:- 
LOG (ali-to-post[5.5.1049~1-4592c5]:main():ali-to-post.cc:73) Converted 5614 alignments.
LOG (weight-silence-post[5.5.1049~1-4592c5]:main():weight-silence-post.cc:95) Done 5614 posteriors.
WARNING (gmm-est-fmllr-gpost[5.5.1049~1-4592c5]:main():gmm-est-fmllr-gpost.cc:116) Did not find posteriors for utterance SuiSiann_1137
WARNING (gmm-est-fmllr-gpost[5.5.1049~1-4592c5]:main():gmm-est-fmllr-gpost.cc:116) Did not find posteriors for utterance SuiSiann_1841
WARNING (gmm-est-fmllr-gpost[5.5.1049~1-4592c5]:main():gmm-est-fmllr-gpost.cc:116) Did not find posteriors for utterance SuiSiann_1866
WARNING (gmm-est-fmllr-gpost[5.5.1049~1-4592c5]:main():gmm-est-fmllr-gpost.cc:116) Did not find posteriors for utterance SuiSiann_2025
WARNING (gmm-est-fmllr-gpost[5.5.1049~1-4592c5]:main():gmm-est-fmllr-gpost.cc:116) Did not find posteriors for utterance SuiSiann_2275
WARNING (gmm-est-fmllr-gpost[5.5.1049~1-4592c5]:main():gmm-est-fmllr-gpost.cc:116) Did not find posteriors for utterance SuiSiann_2437
WARNING (gmm-est-fmllr-gpost[5.5.1049~1-4592c5]:main():gmm-est-fmllr-gpost.cc:116) Did not find posteriors for utterance SuiSiann_2491
WARNING (gmm-est-fmllr-gpost[5.5.1049~1-4592c5]:main():gmm-est-fmllr-gpost.cc:116) Did not find posteriors for utterance SuiSiann_2493
LOG (gmm-est-fmllr-gpost[5.5.1049~1-4592c5]:ComputeFmllrMatrixDiagGmmFull():fmllr-diag-gmm.cc:262) fMLLR objf improvement is 3.79876 per frame over 623867 frames.
LOG (gmm-est-fmllr-gpost[5.5.1049~1-4592c5]:main():gmm-est-fmllr-gpost.cc:141) For speaker SuiSiann, auxf-impr from fMLLR is 3.79876, over 623867 frames.

WARNING (gmm-est-fmllr-gpost[5.5.1049~1-4592c5]:main():gmm-est-fmllr-gpost.cc:116) Did not find posteriors for utterance sp0.9-SuiSiann_0515
WARNING (gmm-est-fmllr-gpost[5.5.1049~1-4592c5]:main():gmm-est-fmllr-gpost.cc:116) Did not find posteriors for utterance sp0.9-SuiSiann_0537
WARNING (gmm-est-fmllr-gpost[5.5.1049~1-4592c5]:main():gmm-est-fmllr-gpost.cc:116) Did not find posteriors for utterance sp0.9-SuiSiann_0899
WARNING (gmm-est-fmllr-gpost[5.5.1049~1-4592c5]:main():gmm-est-fmllr-gpost.cc:116) Did not find posteriors for utterance sp0.9-SuiSiann_1013
WARNING (gmm-est-fmllr-gpost[5.5.1049~1-4592c5]:main():gmm-est-fmllr-gpost.cc:116) Did not find posteriors for utterance sp0.9-SuiSiann_1137
WARNING (gmm-est-fmllr-gpost[5.5.1049~1-4592c5]:main():gmm-est-fmllr-gpost.cc:116) Did not find posteriors for utterance sp0.9-SuiSiann_1841
WARNING (gmm-est-fmllr-gpost[5.5.1049~1-4592c5]:main():gmm-est-fmllr-gpost.cc:116) Did not find posteriors for utterance sp0.9-SuiSiann_1866
WARNING (gmm-est-fmllr-gpost[5.5.1049~1-4592c5]:main():gmm-est-fmllr-gpost.cc:116) Did not find posteriors for utterance sp0.9-SuiSiann_2025
WARNING (gmm-est-fmllr-gpost[5.5.1049~1-4592c5]:main():gmm-est-fmllr-gpost.cc:116) Did not find posteriors for utterance sp0.9-SuiSiann_2113
WARNING (gmm-est-fmllr-gpost[5.5.1049~1-4592c5]:main():gmm-est-fmllr-gpost.cc:116) Did not find posteriors for utterance sp0.9-SuiSiann_2115
WARNING (gmm-est-fmllr-gpost[5.5.1049~1-4592c5]:main():gmm-est-fmllr-gpost.cc:116) Did not find posteriors for utterance sp0.9-SuiSiann_2275
WARNING (gmm-est-fmllr-gpost[5.5.1049~1-4592c5]:main():gmm-est-fmllr-gpost.cc:116) Did not find posteriors for utterance sp0.9-SuiSiann_2437
WARNING (gmm-est-fmllr-gpost[5.5.1049~1-4592c5]:main():gmm-est-fmllr-gpost.cc:116) Did not find posteriors for utterance sp0.9-SuiSiann_2491
WARNING (gmm-est-fmllr-gpost[5.5.1049~1-4592c5]:main():gmm-est-fmllr-gpost.cc:116) Did not find posteriors for utterance sp0.9-SuiSiann_2493
WARNING (gmm-est-fmllr-gpost[5.5.1049~1-4592c5]:main():gmm-est-fmllr-gpost.cc:116) Did not find posteriors for utterance sp0.9-SuiSiann_2824
WARNING (gmm-est-fmllr-gpost[5.5.1049~1-4592c5]:main():gmm-est-fmllr-gpost.cc:116) Did not find posteriors for utterance sp0.9-SuiSiann_2826
WARNING (gmm-est-fmllr-gpost[5.5.1049~1-4592c5]:main():gmm-est-fmllr-gpost.cc:116) Did not find posteriors for utterance sp0.9-SuiSiann_2830
WARNING (gmm-est-fmllr-gpost[5.5.1049~1-4592c5]:main():gmm-est-fmllr-gpost.cc:116) Did not find posteriors for utterance sp0.9-SuiSiann_2879
WARNING (gmm-est-fmllr-gpost[5.5.1049~1-4592c5]:main():gmm-est-fmllr-gpost.cc:116) Did not find posteriors for utterance sp0.9-SuiSiann_2884
WARNING (gmm-est-fmllr-gpost[5.5.1049~1-4592c5]:main():gmm-est-fmllr-gpost.cc:116) Did not find posteriors for utterance sp0.9-SuiSiann_2900
WARNING (gmm-est-fmllr-gpost[5.5.1049~1-4592c5]:main():gmm-est-fmllr-gpost.cc:116) Did not find posteriors for utterance sp0.9-SuiSiann_3394
LOG (gmm-est-fmllr-gpost[5.5.1049~1-4592c5]:ComputeFmllrMatrixDiagGmmFull():fmllr-diag-gmm.cc:262) fMLLR objf improvement is 12.4958 per frame over 641512 frames.
LOG (gmm-est-fmllr-gpost[5.5.1049~1-4592c5]:main():gmm-est-fmllr-gpost.cc:141) For speaker sp0.9-SuiSiann, auxf-impr from fMLLR is 12.4958, over 641512 frames.

WARNING (gmm-est-fmllr-gpost[5.5.1049~1-4592c5]:main():gmm-est-fmllr-gpost.cc:116) Did not find posteriors for utterance sp1.1-SuiSiann_0057
WARNING (gmm-est-fmllr-gpost[5.5.1049~1-4592c5]:main():gmm-est-fmllr-gpost.cc:116) Did not find posteriors for utterance sp1.1-SuiSiann_0386
WARNING (gmm-est-fmllr-gpost[5.5.1049~1-4592c5]:main():gmm-est-fmllr-gpost.cc:116) Did not find posteriors for utterance sp1.1-SuiSiann_0887
WARNING (gmm-est-fmllr-gpost[5.5.1049~1-4592c5]:main():gmm-est-fmllr-gpost.cc:116) Did not find posteriors for utterance sp1.1-SuiSiann_0889
WARNING (gmm-est-fmllr-gpost[5.5.1049~1-4592c5]:main():gmm-est-fmllr-gpost.cc:116) Did not find posteriors for utterance sp1.1-SuiSiann_0899
WARNING (gmm-est-fmllr-gpost[5.5.1049~1-4592c5]:main():gmm-est-fmllr-gpost.cc:116) Did not find posteriors for utterance sp1.1-SuiSiann_0930
WARNING (gmm-est-fmllr-gpost[5.5.1049~1-4592c5]:main():gmm-est-fmllr-gpost.cc:116) Did not find posteriors for utterance sp1.1-SuiSiann_0936
WARNING (gmm-est-fmllr-gpost[5.5.1049~1-4592c5]:main():gmm-est-fmllr-gpost.cc:116) Did not find posteriors for utterance sp1.1-SuiSiann_0947
WARNING (gmm-est-fmllr-gpost[5.5.1049~1-4592c5]:main():gmm-est-fmllr-gpost.cc:116) Did not find posteriors for utterance sp1.1-SuiSiann_0958
WARNING (gmm-est-fmllr-gpost[5.5.1049~1-4592c5]:main():gmm-est-fmllr-gpost.cc:116) Did not find posteriors for utterance sp1.1-SuiSiann_0959
WARNING (gmm-est-fmllr-gpost[5.5.1049~1-4592c5]:main():gmm-est-fmllr-gpost.cc:116) Did not find posteriors for utterance sp1.1-SuiSiann_0962
WARNING (gmm-est-fmllr-gpost[5.5.1049~1-4592c5]:main():gmm-est-fmllr-gpost.cc:116) Did not find posteriors for utterance sp1.1-SuiSiann_1020
WARNING (gmm-est-fmllr-gpost[5.5.1049~1-4592c5]:main():gmm-est-fmllr-gpost.cc:116) Did not find posteriors for utterance sp1.1-SuiSiann_1052
WARNING (gmm-est-fmllr-gpost[5.5.1049~1-4592c5]:main():gmm-est-fmllr-gpost.cc:116) Did not find posteriors for utterance sp1.1-SuiSiann_1065
WARNING (gmm-est-fmllr-gpost[5.5.1049~1-4592c5]:main():gmm-est-fmllr-gpost.cc:116) Did not find posteriors for utterance sp1.1-SuiSiann_1084
WARNING (gmm-est-fmllr-gpost[5.5.1049~1-4592c5]:main():gmm-est-fmllr-gpost.cc:116) Did not find posteriors for utterance sp1.1-SuiSiann_1137
WARNING (gmm-est-fmllr-gpost[5.5.1049~1-4592c5]:main():gmm-est-fmllr-gpost.cc:116) Did not find posteriors for utterance sp1.1-SuiSiann_1167
WARNING (gmm-est-fmllr-gpost[5.5.1049~1-4592c5]:main():gmm-est-fmllr-gpost.cc:116) Did not find posteriors for utterance sp1.1-SuiSiann_1179
WARNING (gmm-est-fmllr-gpost[5.5.1049~1-4592c5]:main():gmm-est-fmllr-gpost.cc:116) Did not find posteriors for utterance sp1.1-SuiSiann_1189
WARNING (gmm-est-fmllr-gpost[5.5.1049~1-4592c5]:main():gmm-est-fmllr-gpost.cc:116) Did not find posteriors for utterance sp1.1-SuiSiann_1200
WARNING (gmm-est-fmllr-gpost[5.5.1049~1-4592c5]:main():gmm-est-fmllr-gpost.cc:116) Did not find posteriors for utterance sp1.1-SuiSiann_1268
WARNING (gmm-est-fmllr-gpost[5.5.1049~1-4592c5]:main():gmm-est-fmllr-gpost.cc:116) Did not find posteriors for utterance sp1.1-SuiSiann_1316
WARNING (gmm-est-fmllr-gpost[5.5.1049~1-4592c5]:main():gmm-est-fmllr-gpost.cc:116) Did not find posteriors for utterance sp1.1-SuiSiann_1321
WARNING (gmm-est-fmllr-gpost[5.5.1049~1-4592c5]:main():gmm-est-fmllr-gpost.cc:116) Did not find posteriors for utterance sp1.1-SuiSiann_1380
WARNING (gmm-est-fmllr-gpost[5.5.1049~1-4592c5]:main():gmm-est-fmllr-gpost.cc:116) Did not find posteriors for utterance sp1.1-SuiSiann_1428
WARNING (gmm-est-fmllr-gpost[5.5.1049~1-4592c5]:main():gmm-est-fmllr-gpost.cc:116) Did not find posteriors for utterance sp1.1-SuiSiann_1431
WARNING (gmm-est-fmllr-gpost[5.5.1049~1-4592c5]:main():gmm-est-fmllr-gpost.cc:116) Did not find posteriors for utterance sp1.1-SuiSiann_1435
WARNING (gmm-est-fmllr-gpost[5.5.1049~1-4592c5]:main():gmm-est-fmllr-gpost.cc:116) Did not find posteriors for utterance sp1.1-SuiSiann_1450
WARNING (gmm-est-fmllr-gpost[5.5.1049~1-4592c5]:main():gmm-est-fmllr-gpost.cc:116) Did not find posteriors for utterance sp1.1-SuiSiann_1469
WARNING (gmm-est-fmllr-gpost[5.5.1049~1-4592c5]:main():gmm-est-fmllr-gpost.cc:116) Did not find posteriors for utterance sp1.1-SuiSiann_1480
WARNING (gmm-est-fmllr-gpost[5.5.1049~1-4592c5]:main():gmm-est-fmllr-gpost.cc:116) Did not find posteriors for utterance sp1.1-SuiSiann_1482
WARNING (gmm-est-fmllr-gpost[5.5.1049~1-4592c5]:main():gmm-est-fmllr-gpost.cc:116) Did not find posteriors for utterance sp1.1-SuiSiann_1519
WARNING (gmm-est-fmllr-gpost[5.5.1049~1-4592c5]:main():gmm-est-fmllr-gpost.cc:116) Did not find posteriors for utterance sp1.1-SuiSiann_1531
WARNING (gmm-est-fmllr-gpost[5.5.1049~1-4592c5]:main():gmm-est-fmllr-gpost.cc:116) Did not find posteriors for utterance sp1.1-SuiSiann_1549
WARNING (gmm-est-fmllr-gpost[5.5.1049~1-4592c5]:main():gmm-est-fmllr-gpost.cc:116) Did not find posteriors for utterance sp1.1-SuiSiann_1562
WARNING (gmm-est-fmllr-gpost[5.5.1049~1-4592c5]:main():gmm-est-fmllr-gpost.cc:116) Did not find posteriors for utterance sp1.1-SuiSiann_1577
WARNING (gmm-est-fmllr-gpost[5.5.1049~1-4592c5]:main():gmm-est-fmllr-gpost.cc:116) Did not find posteriors for utterance sp1.1-SuiSiann_1641
WARNING (gmm-est-fmllr-gpost[5.5.1049~1-4592c5]:main():gmm-est-fmllr-gpost.cc:116) Did not find posteriors for utterance sp1.1-SuiSiann_1773
WARNING (gmm-est-fmllr-gpost[5.5.1049~1-4592c5]:main():gmm-est-fmllr-gpost.cc:116) Did not find posteriors for utterance sp1.1-SuiSiann_1786
WARNING (gmm-est-fmllr-gpost[5.5.1049~1-4592c5]:main():gmm-est-fmllr-gpost.cc:116) Did not find posteriors for utterance sp1.1-SuiSiann_1832
WARNING (gmm-est-fmllr-gpost[5.5.1049~1-4592c5]:main():gmm-est-fmllr-gpost.cc:116) Did not find posteriors for utterance sp1.1-SuiSiann_1833
WARNING (gmm-est-fmllr-gpost[5.5.1049~1-4592c5]:main():gmm-est-fmllr-gpost.cc:116) Did not find posteriors for utterance sp1.1-SuiSiann_1841
WARNING (gmm-est-fmllr-gpost[5.5.1049~1-4592c5]:main():gmm-est-fmllr-gpost.cc:116) Did not find posteriors for utterance sp1.1-SuiSiann_1866
WARNING (gmm-est-fmllr-gpost[5.5.1049~1-4592c5]:main():gmm-est-fmllr-gpost.cc:116) Did not find posteriors for utterance sp1.1-SuiSiann_1899
WARNING (gmm-est-fmllr-gpost[5.5.1049~1-4592c5]:main():gmm-est-fmllr-gpost.cc:116) Did not find posteriors for utterance sp1.1-SuiSiann_2025
WARNING (gmm-est-fmllr-gpost[5.5.1049~1-4592c5]:main():gmm-est-fmllr-gpost.cc:116) Did not find posteriors for utterance sp1.1-SuiSiann_2113
WARNING (gmm-est-fmllr-gpost[5.5.1049~1-4592c5]:main():gmm-est-fmllr-gpost.cc:116) Did not find posteriors for utterance sp1.1-SuiSiann_2115
WARNING (gmm-est-fmllr-gpost[5.5.1049~1-4592c5]:main():gmm-est-fmllr-gpost.cc:116) Did not find posteriors for utterance sp1.1-SuiSiann_2126
WARNING (gmm-est-fmllr-gpost[5.5.1049~1-4592c5]:main():gmm-est-fmllr-gpost.cc:116) Did not find posteriors for utterance sp1.1-SuiSiann_2184
WARNING (gmm-est-fmllr-gpost[5.5.1049~1-4592c5]:main():gmm-est-fmllr-gpost.cc:116) Did not find posteriors for utterance sp1.1-SuiSiann_2275
WARNING (gmm-est-fmllr-gpost[5.5.1049~1-4592c5]:main():gmm-est-fmllr-gpost.cc:116) Did not find posteriors for utterance sp1.1-SuiSiann_2359
WARNING (gmm-est-fmllr-gpost[5.5.1049~1-4592c5]:main():gmm-est-fmllr-gpost.cc:116) Did not find posteriors for utterance sp1.1-SuiSiann_2395
WARNING (gmm-est-fmllr-gpost[5.5.1049~1-4592c5]:main():gmm-est-fmllr-gpost.cc:116) Did not find posteriors for utterance sp1.1-SuiSiann_2406
WARNING (gmm-est-fmllr-gpost[5.5.1049~1-4592c5]:main():gmm-est-fmllr-gpost.cc:116) Did not find posteriors for utterance sp1.1-SuiSiann_2437
WARNING (gmm-est-fmllr-gpost[5.5.1049~1-4592c5]:main():gmm-est-fmllr-gpost.cc:116) Did not find posteriors for utterance sp1.1-SuiSiann_2491
WARNING (gmm-est-fmllr-gpost[5.5.1049~1-4592c5]:main():gmm-est-fmllr-gpost.cc:116) Did not find posteriors for utterance sp1.1-SuiSiann_2493
WARNING (gmm-est-fmllr-gpost[5.5.1049~1-4592c5]:main():gmm-est-fmllr-gpost.cc:116) Did not find posteriors for utterance sp1.1-SuiSiann_2498
WARNING (gmm-est-fmllr-gpost[5.5.1049~1-4592c5]:main():gmm-est-fmllr-gpost.cc:116) Did not find posteriors for utterance sp1.1-SuiSiann_2503
WARNING (gmm-est-fmllr-gpost[5.5.1049~1-4592c5]:main():gmm-est-fmllr-gpost.cc:116) Did not find posteriors for utterance sp1.1-SuiSiann_2656
WARNING (gmm-est-fmllr-gpost[5.5.1049~1-4592c5]:main():gmm-est-fmllr-gpost.cc:116) Did not find posteriors for utterance sp1.1-SuiSiann_2747
WARNING (gmm-est-fmllr-gpost[5.5.1049~1-4592c5]:main():gmm-est-fmllr-gpost.cc:116) Did not find posteriors for utterance sp1.1-SuiSiann_2824
WARNING (gmm-est-fmllr-gpost[5.5.1049~1-4592c5]:main():gmm-est-fmllr-gpost.cc:116) Did not find posteriors for utterance sp1.1-SuiSiann_2826
WARNING (gmm-est-fmllr-gpost[5.5.1049~1-4592c5]:main():gmm-est-fmllr-gpost.cc:116) Did not find posteriors for utterance sp1.1-SuiSiann_2830
WARNING (gmm-est-fmllr-gpost[5.5.1049~1-4592c5]:main():gmm-est-fmllr-gpost.cc:116) Did not find posteriors for utterance sp1.1-SuiSiann_2884
WARNING (gmm-est-fmllr-gpost[5.5.1049~1-4592c5]:main():gmm-est-fmllr-gpost.cc:116) Did not find posteriors for utterance sp1.1-SuiSiann_2908
WARNING (gmm-est-fmllr-gpost[5.5.1049~1-4592c5]:main():gmm-est-fmllr-gpost.cc:116) Did not find posteriors for utterance sp1.1-SuiSiann_2962
WARNING (gmm-est-fmllr-gpost[5.5.1049~1-4592c5]:main():gmm-est-fmllr-gpost.cc:116) Did not find posteriors for utterance sp1.1-SuiSiann_2977
WARNING (gmm-est-fmllr-gpost[5.5.1049~1-4592c5]:main():gmm-est-fmllr-gpost.cc:116) Did not find posteriors for utterance sp1.1-SuiSiann_3039
WARNING (gmm-est-fmllr-gpost[5.5.1049~1-4592c5]:main():gmm-est-fmllr-gpost.cc:116) Did not find posteriors for utterance sp1.1-SuiSiann_3096
WARNING (gmm-est-fmllr-gpost[5.5.1049~1-4592c5]:main():gmm-est-fmllr-gpost.cc:116) Did not find posteriors for utterance sp1.1-SuiSiann_3151
WARNING (gmm-est-fmllr-gpost[5.5.1049~1-4592c5]:main():gmm-est-fmllr-gpost.cc:116) Did not find posteriors for utterance sp1.1-SuiSiann_3152
WARNING (gmm-est-fmllr-gpost[5.5.1049~1-4592c5]:main():gmm-est-fmllr-gpost.cc:116) Did not find posteriors for utterance sp1.1-SuiSiann_3153
WARNING (gmm-est-fmllr-gpost[5.5.1049~1-4592c5]:main():gmm-est-fmllr-gpost.cc:116) Did not find posteriors for utterance sp1.1-SuiSiann_3177
WARNING (gmm-est-fmllr-gpost[5.5.1049~1-4592c5]:main():gmm-est-fmllr-gpost.cc:116) Did not find posteriors for utterance sp1.1-SuiSiann_3178
WARNING (gmm-est-fmllr-gpost[5.5.1049~1-4592c5]:main():gmm-est-fmllr-gpost.cc:116) Did not find posteriors for utterance sp1.1-SuiSiann_3262
WARNING (gmm-est-fmllr-gpost[5.5.1049~1-4592c5]:main():gmm-est-fmllr-gpost.cc:116) Did not find posteriors for utterance sp1.1-SuiSiann_3275
WARNING (gmm-est-fmllr-gpost[5.5.1049~1-4592c5]:main():gmm-est-fmllr-gpost.cc:116) Did not find posteriors for utterance sp1.1-SuiSiann_3316
WARNING (gmm-est-fmllr-gpost[5.5.1049~1-4592c5]:main():gmm-est-fmllr-gpost.cc:116) Did not find posteriors for utterance sp1.1-SuiSiann_3394
LOG (apply-cmvn[5.5.1049~1-4592c5]:main():apply-cmvn.cc:162) Applied cepstral mean normalization to 5721 utterances, errors on 0
LOG (apply-cmvn[5.5.1049~1-4592c5]:main():apply-cmvn.cc:162) Applied cepstral mean normalization to 5721 utterances, errors on 0
LOG (transform-feats[5.5.1049~1-4592c5]:main():transform-feats.cc:158) Overall average [pseudo-]logdet is -23.9099 over 2.39342e+06 frames.
LOG (transform-feats[5.5.1049~1-4592c5]:main():transform-feats.cc:161) Applied transform to 5721 utterances; 0 had errors.
LOG (gmm-post-to-gpost[5.5.1049~1-4592c5]:main():gmm-post-to-gpost.cc:124) Done 5614 files, 107 with no posteriors, 0 with other errors.
LOG (gmm-post-to-gpost[5.5.1049~1-4592c5]:main():gmm-post-to-gpost.cc:128) Overall avg like per frame (Gaussian only) = -53.0801 over 1.774e+06 frames.
LOG (gmm-post-to-gpost[5.5.1049~1-4592c5]:main():gmm-post-to-gpost.cc:131) Done converting post to gpost
LOG (transform-feats[5.5.1049~1-4592c5]:main():transform-feats.cc:158) Overall average [pseudo-]logdet is -23.9099 over 2.39342e+06 frames.
LOG (transform-feats[5.5.1049~1-4592c5]:main():transform-feats.cc:161) Applied transform to 5721 utterances; 0 had errors.
LOG (gmm-est-fmllr-gpost[5.5.1049~1-4592c5]:ComputeFmllrMatrixDiagGmmFull():fmllr-diag-gmm.cc:262) fMLLR objf improvement is 11.7468 per frame over 508623 frames.
LOG (gmm-est-fmllr-gpost[5.5.1049~1-4592c5]:main():gmm-est-fmllr-gpost.cc:141) For speaker sp1.1-SuiSiann, auxf-impr from fMLLR is 11.7468, over 508623 frames.

LOG (gmm-est-fmllr-gpost[5.5.1049~1-4592c5]:main():gmm-est-fmllr-gpost.cc:186) Done 5614 files, 107 with no gposts, 0 with other errors.
LOG (gmm-est-fmllr-gpost[5.5.1049~1-4592c5]:main():gmm-est-fmllr-gpost.cc:188) Overall fMLLR auxf impr per frame is 9.22255 over 1.774e+06 frames.
# Accounting: time=16 threads=1
# Ended (code 0) at Wed Sep 28 18:36:16 CST 2022, elapsed time 16 seconds
