# paste-feats --length-tolerance=2 "ark:compute-mfcc-feats  --write-utt2dur=ark,t:exp/make_hires/train/utt2dur.6 --verbose=2     --config=conf/mfcc_hires.conf scp,p:exp/make_hires/train/wav_train_hires.6.scp ark:- |" "ark,s,cs:compute-kaldi-pitch-feats --verbose=2       --config=conf/pitch.conf scp,p:exp/make_hires/train/wav_train_hires.6.scp ark:- |     process-kaldi-pitch-feats  ark:- ark:- |" ark:- | copy-feats --compress=true --write-num-frames=ark,t:exp/make_hires/train/utt2num_frames.6 ark:- ark,scp:/home/hanasay/kaldi/egs/formosa/s5/mfcc_perturbed_hires/raw_mfcc_pitch_train_hires.6.ark,/home/hanasay/kaldi/egs/formosa/s5/mfcc_perturbed_hires/raw_mfcc_pitch_train_hires.6.scp 
# Started at Wed Sep 28 18:29:03 CST 2022
#
copy-feats --compress=true --write-num-frames=ark,t:exp/make_hires/train/utt2num_frames.6 ark:- ark,scp:/home/hanasay/kaldi/egs/formosa/s5/mfcc_perturbed_hires/raw_mfcc_pitch_train_hires.6.ark,/home/hanasay/kaldi/egs/formosa/s5/mfcc_perturbed_hires/raw_mfcc_pitch_train_hires.6.scp 
paste-feats --length-tolerance=2 'ark:compute-mfcc-feats  --write-utt2dur=ark,t:exp/make_hires/train/utt2dur.6 --verbose=2     --config=conf/mfcc_hires.conf scp,p:exp/make_hires/train/wav_train_hires.6.scp ark:- |' 'ark,s,cs:compute-kaldi-pitch-feats --verbose=2       --config=conf/pitch.conf scp,p:exp/make_hires/train/wav_train_hires.6.scp ark:- |     process-kaldi-pitch-feats  ark:- ark:- |' ark:- 
compute-mfcc-feats --write-utt2dur=ark,t:exp/make_hires/train/utt2dur.6 --verbose=2 --config=conf/mfcc_hires.conf scp,p:exp/make_hires/train/wav_train_hires.6.scp ark:- 
VLOG[2] (compute-mfcc-feats[5.5.1049~1-4592c5]:main():compute-mfcc-feats.cc:182) Processed features for key SuiSiann_1937
VLOG[2] (compute-mfcc-feats[5.5.1049~1-4592c5]:main():compute-mfcc-feats.cc:182) Processed features for key SuiSiann_1938
compute-kaldi-pitch-feats --verbose=2 --config=conf/pitch.conf scp,p:exp/make_hires/train/wav_train_hires.6.scp ark:- 
process-kaldi-pitch-feats ark:- ark:- 
VLOG[2] (compute-mfcc-feats[5.5.1049~1-4592c5]:main():compute-mfcc-feats.cc:182) Processed features for key SuiSiann_1939
VLOG[2] (compute-mfcc-feats[5.5.1049~1-4592c5]:main():compute-mfcc-feats.cc:182) Processed features for key SuiSiann_1940
VLOG[2] (compute-mfcc-feats[5.5.1049~1-4592c5]:main():compute-mfcc-feats.cc:182) Processed features for key SuiSiann_1941
VLOG[2] (compute-mfcc-feats[5.5.1049~1-4592c5]:main():compute-mfcc-feats.cc:182) Processed features for key SuiSiann_1942
VLOG[2] (compute-mfcc-feats[5.5.1049~1-4592c5]:main():compute-mfcc-feats.cc:182) Processed features for key SuiSiann_1943
VLOG[2] (compute-mfcc-feats[5.5.1049~1-4592c5]:main():compute-mfcc-feats.cc:182) Processed features for key SuiSiann_1944
VLOG[2] (compute-mfcc-feats[5.5.1049~1-4592c5]:main():compute-mfcc-feats.cc:182) Processed features for key SuiSiann_1945
LOG (compute-mfcc-feats[5.5.1049~1-4592c5]:main():compute-mfcc-feats.cc:181) Processed 10 utterances
VLOG[2] (compute-mfcc-feats[5.5.1049~1-4592c5]:main():compute-mfcc-feats.cc:182) Processed features for key SuiSiann_1946
VLOG[2] (compute-mfcc-feats[5.5.1049~1-4592c5]:main():compute-mfcc-feats.cc:182) Processed features for key SuiSiann_1948
VLOG[2] (compute-mfcc-feats[5.5.1049~1-4592c5]:main():compute-mfcc-feats.cc:182) Processed features for key SuiSiann_1949
VLOG[2] (compute-mfcc-feats[5.5.1049~1-4592c5]:main():compute-mfcc-feats.cc:182) Processed features for key SuiSiann_1950
VLOG[2] (compute-mfcc-feats[5.5.1049~1-4592c5]:main():compute-mfcc-feats.cc:182) Processed features for key SuiSiann_1951
VLOG[2] (compute-mfcc-feats[5.5.1049~1-4592c5]:main():compute-mfcc-feats.cc:182) Processed features for key SuiSiann_1952
VLOG[2] (compute-mfcc-feats[5.5.1049~1-4592c5]:main():compute-mfcc-feats.cc:182) Processed features for key SuiSiann_1955
VLOG[2] (compute-mfcc-feats[5.5.1049~1-4592c5]:main():compute-mfcc-feats.cc:182) Processed features for key SuiSiann_1956
VLOG[2] (compute-mfcc-feats[5.5.1049~1-4592c5]:main():compute-mfcc-feats.cc:182) Processed features for key SuiSiann_1957
VLOG[2] (compute-mfcc-feats[5.5.1049~1-4592c5]:main():compute-mfcc-feats.cc:182) Processed features for key SuiSiann_1958
LOG (compute-mfcc-feats[5.5.1049~1-4592c5]:main():compute-mfcc-feats.cc:181) Processed 20 utterances
VLOG[2] (compute-mfcc-feats[5.5.1049~1-4592c5]:main():compute-mfcc-feats.cc:182) Processed features for key SuiSiann_1959
VLOG[2] (compute-mfcc-feats[5.5.1049~1-4592c5]:main():compute-mfcc-feats.cc:182) Processed features for key SuiSiann_1960
VLOG[2] (compute-mfcc-feats[5.5.1049~1-4592c5]:main():compute-mfcc-feats.cc:182) Processed features for key SuiSiann_1961
VLOG[2] (compute-mfcc-feats[5.5.1049~1-4592c5]:main():compute-mfcc-feats.cc:182) Processed features for key SuiSiann_1962
VLOG[2] (compute-mfcc-feats[5.5.1049~1-4592c5]:main():compute-mfcc-feats.cc:182) Processed features for key SuiSiann_1966
VLOG[2] (compute-mfcc-feats[5.5.1049~1-4592c5]:main():compute-mfcc-feats.cc:182) Processed features for key SuiSiann_1967
VLOG[2] (compute-mfcc-feats[5.5.1049~1-4592c5]:main():compute-mfcc-feats.cc:182) Processed features for key SuiSiann_1968
VLOG[2] (compute-mfcc-feats[5.5.1049~1-4592c5]:main():compute-mfcc-feats.cc:182) Processed features for key SuiSiann_1969
VLOG[2] (compute-mfcc-feats[5.5.1049~1-4592c5]:main():compute-mfcc-feats.cc:182) Processed features for key SuiSiann_1970
VLOG[2] (compute-mfcc-feats[5.5.1049~1-4592c5]:main():compute-mfcc-feats.cc:182) Processed features for key SuiSiann_1972
LOG (compute-mfcc-feats[5.5.1049~1-4592c5]:main():compute-mfcc-feats.cc:181) Processed 30 utterances
VLOG[2] (compute-mfcc-feats[5.5.1049~1-4592c5]:main():compute-mfcc-feats.cc:182) Processed features for key SuiSiann_1973
VLOG[2] (compute-mfcc-feats[5.5.1049~1-4592c5]:main():compute-mfcc-feats.cc:182) Processed features for key SuiSiann_1974
VLOG[2] (compute-mfcc-feats[5.5.1049~1-4592c5]:main():compute-mfcc-feats.cc:182) Processed features for key SuiSiann_1975
VLOG[2] (compute-kaldi-pitch-feats[5.5.1049~1-4592c5]:main():compute-kaldi-pitch-feats.cc:107) Processed 50 utterances
VLOG[2] (compute-mfcc-feats[5.5.1049~1-4592c5]:main():compute-mfcc-feats.cc:182) Processed features for key SuiSiann_1979
VLOG[2] (compute-mfcc-feats[5.5.1049~1-4592c5]:main():compute-mfcc-feats.cc:182) Processed features for key SuiSiann_1980
VLOG[2] (compute-mfcc-feats[5.5.1049~1-4592c5]:main():compute-mfcc-feats.cc:182) Processed features for key SuiSiann_1983
VLOG[2] (compute-mfcc-feats[5.5.1049~1-4592c5]:main():compute-mfcc-feats.cc:182) Processed features for key SuiSiann_1986
VLOG[2] (compute-mfcc-feats[5.5.1049~1-4592c5]:main():compute-mfcc-feats.cc:182) Processed features for key SuiSiann_1987
VLOG[2] (compute-mfcc-feats[5.5.1049~1-4592c5]:main():compute-mfcc-feats.cc:182) Processed features for key SuiSiann_1989
VLOG[2] (compute-mfcc-feats[5.5.1049~1-4592c5]:main():compute-mfcc-feats.cc:182) Processed features for key SuiSiann_1990
LOG (compute-mfcc-feats[5.5.1049~1-4592c5]:main():compute-mfcc-feats.cc:181) Processed 40 utterances
VLOG[2] (compute-mfcc-feats[5.5.1049~1-4592c5]:main():compute-mfcc-feats.cc:182) Processed features for key SuiSiann_1991
VLOG[2] (compute-mfcc-feats[5.5.1049~1-4592c5]:main():compute-mfcc-feats.cc:182) Processed features for key SuiSiann_1992
VLOG[2] (compute-mfcc-feats[5.5.1049~1-4592c5]:main():compute-mfcc-feats.cc:182) Processed features for key SuiSiann_1993
VLOG[2] (compute-mfcc-feats[5.5.1049~1-4592c5]:main():compute-mfcc-feats.cc:182) Processed features for key SuiSiann_1994
VLOG[2] (compute-mfcc-feats[5.5.1049~1-4592c5]:main():compute-mfcc-feats.cc:182) Processed features for key SuiSiann_1995
VLOG[2] (compute-mfcc-feats[5.5.1049~1-4592c5]:main():compute-mfcc-feats.cc:182) Processed features for key SuiSiann_1996
VLOG[2] (compute-mfcc-feats[5.5.1049~1-4592c5]:main():compute-mfcc-feats.cc:182) Processed features for key SuiSiann_1997
VLOG[2] (compute-mfcc-feats[5.5.1049~1-4592c5]:main():compute-mfcc-feats.cc:182) Processed features for key SuiSiann_1998
VLOG[2] (compute-mfcc-feats[5.5.1049~1-4592c5]:main():compute-mfcc-feats.cc:182) Processed features for key SuiSiann_2000
VLOG[2] (compute-mfcc-feats[5.5.1049~1-4592c5]:main():compute-mfcc-feats.cc:182) Processed features for key SuiSiann_2001
LOG (compute-mfcc-feats[5.5.1049~1-4592c5]:main():compute-mfcc-feats.cc:181) Processed 50 utterances
VLOG[2] (compute-mfcc-feats[5.5.1049~1-4592c5]:main():compute-mfcc-feats.cc:182) Processed features for key SuiSiann_2002
VLOG[2] (compute-mfcc-feats[5.5.1049~1-4592c5]:main():compute-mfcc-feats.cc:182) Processed features for key SuiSiann_2003
VLOG[2] (compute-mfcc-feats[5.5.1049~1-4592c5]:main():compute-mfcc-feats.cc:182) Processed features for key SuiSiann_2004
VLOG[2] (compute-mfcc-feats[5.5.1049~1-4592c5]:main():compute-mfcc-feats.cc:182) Processed features for key SuiSiann_2005
VLOG[2] (compute-mfcc-feats[5.5.1049~1-4592c5]:main():compute-mfcc-feats.cc:182) Processed features for key SuiSiann_2006
VLOG[2] (compute-mfcc-feats[5.5.1049~1-4592c5]:main():compute-mfcc-feats.cc:182) Processed features for key SuiSiann_2008
VLOG[2] (compute-mfcc-feats[5.5.1049~1-4592c5]:main():compute-mfcc-feats.cc:182) Processed features for key SuiSiann_2009
VLOG[2] (compute-mfcc-feats[5.5.1049~1-4592c5]:main():compute-mfcc-feats.cc:182) Processed features for key SuiSiann_2010
VLOG[2] (compute-mfcc-feats[5.5.1049~1-4592c5]:main():compute-mfcc-feats.cc:182) Processed features for key SuiSiann_2011
VLOG[2] (compute-mfcc-feats[5.5.1049~1-4592c5]:main():compute-mfcc-feats.cc:182) Processed features for key SuiSiann_2015
LOG (compute-mfcc-feats[5.5.1049~1-4592c5]:main():compute-mfcc-feats.cc:181) Processed 60 utterances
VLOG[2] (compute-mfcc-feats[5.5.1049~1-4592c5]:main():compute-mfcc-feats.cc:182) Processed features for key SuiSiann_2016
VLOG[2] (compute-mfcc-feats[5.5.1049~1-4592c5]:main():compute-mfcc-feats.cc:182) Processed features for key SuiSiann_2018
VLOG[2] (compute-mfcc-feats[5.5.1049~1-4592c5]:main():compute-mfcc-feats.cc:182) Processed features for key SuiSiann_2019
VLOG[2] (compute-mfcc-feats[5.5.1049~1-4592c5]:main():compute-mfcc-feats.cc:182) Processed features for key SuiSiann_2020
VLOG[2] (compute-mfcc-feats[5.5.1049~1-4592c5]:main():compute-mfcc-feats.cc:182) Processed features for key SuiSiann_2021
VLOG[2] (compute-mfcc-feats[5.5.1049~1-4592c5]:main():compute-mfcc-feats.cc:182) Processed features for key SuiSiann_2022
VLOG[2] (compute-mfcc-feats[5.5.1049~1-4592c5]:main():compute-mfcc-feats.cc:182) Processed features for key SuiSiann_2023
VLOG[2] (compute-mfcc-feats[5.5.1049~1-4592c5]:main():compute-mfcc-feats.cc:182) Processed features for key SuiSiann_2024
VLOG[2] (compute-mfcc-feats[5.5.1049~1-4592c5]:main():compute-mfcc-feats.cc:182) Processed features for key SuiSiann_2025
VLOG[2] (compute-mfcc-feats[5.5.1049~1-4592c5]:main():compute-mfcc-feats.cc:182) Processed features for key SuiSiann_2026
LOG (compute-mfcc-feats[5.5.1049~1-4592c5]:main():compute-mfcc-feats.cc:181) Processed 70 utterances
VLOG[2] (compute-mfcc-feats[5.5.1049~1-4592c5]:main():compute-mfcc-feats.cc:182) Processed features for key SuiSiann_2027
VLOG[2] (compute-mfcc-feats[5.5.1049~1-4592c5]:main():compute-mfcc-feats.cc:182) Processed features for key SuiSiann_2028
VLOG[2] (compute-mfcc-feats[5.5.1049~1-4592c5]:main():compute-mfcc-feats.cc:182) Processed features for key SuiSiann_2029
VLOG[2] (compute-mfcc-feats[5.5.1049~1-4592c5]:main():compute-mfcc-feats.cc:182) Processed features for key SuiSiann_2030
VLOG[2] (compute-mfcc-feats[5.5.1049~1-4592c5]:main():compute-mfcc-feats.cc:182) Processed features for key SuiSiann_2038
VLOG[2] (compute-mfcc-feats[5.5.1049~1-4592c5]:main():compute-mfcc-feats.cc:182) Processed features for key SuiSiann_2039
VLOG[2] (compute-mfcc-feats[5.5.1049~1-4592c5]:main():compute-mfcc-feats.cc:182) Processed features for key SuiSiann_2040
VLOG[2] (compute-mfcc-feats[5.5.1049~1-4592c5]:main():compute-mfcc-feats.cc:182) Processed features for key SuiSiann_2041
VLOG[2] (compute-mfcc-feats[5.5.1049~1-4592c5]:main():compute-mfcc-feats.cc:182) Processed features for key SuiSiann_2042
VLOG[2] (compute-mfcc-feats[5.5.1049~1-4592c5]:main():compute-mfcc-feats.cc:182) Processed features for key SuiSiann_2043
LOG (compute-mfcc-feats[5.5.1049~1-4592c5]:main():compute-mfcc-feats.cc:181) Processed 80 utterances
VLOG[2] (compute-mfcc-feats[5.5.1049~1-4592c5]:main():compute-mfcc-feats.cc:182) Processed features for key SuiSiann_2047
VLOG[2] (compute-mfcc-feats[5.5.1049~1-4592c5]:main():compute-mfcc-feats.cc:182) Processed features for key SuiSiann_2048
VLOG[2] (compute-mfcc-feats[5.5.1049~1-4592c5]:main():compute-mfcc-feats.cc:182) Processed features for key SuiSiann_2049
VLOG[2] (compute-mfcc-feats[5.5.1049~1-4592c5]:main():compute-mfcc-feats.cc:182) Processed features for key SuiSiann_2050
VLOG[2] (compute-mfcc-feats[5.5.1049~1-4592c5]:main():compute-mfcc-feats.cc:182) Processed features for key SuiSiann_2051
VLOG[2] (compute-mfcc-feats[5.5.1049~1-4592c5]:main():compute-mfcc-feats.cc:182) Processed features for key SuiSiann_2052
VLOG[2] (compute-mfcc-feats[5.5.1049~1-4592c5]:main():compute-mfcc-feats.cc:182) Processed features for key SuiSiann_2054
VLOG[2] (compute-mfcc-feats[5.5.1049~1-4592c5]:main():compute-mfcc-feats.cc:182) Processed features for key SuiSiann_2056
VLOG[2] (compute-mfcc-feats[5.5.1049~1-4592c5]:main():compute-mfcc-feats.cc:182) Processed features for key SuiSiann_2057
VLOG[2] (compute-mfcc-feats[5.5.1049~1-4592c5]:main():compute-mfcc-feats.cc:182) Processed features for key SuiSiann_2058
LOG (compute-mfcc-feats[5.5.1049~1-4592c5]:main():compute-mfcc-feats.cc:181) Processed 90 utterances
VLOG[2] (compute-mfcc-feats[5.5.1049~1-4592c5]:main():compute-mfcc-feats.cc:182) Processed features for key SuiSiann_2059
VLOG[2] (compute-mfcc-feats[5.5.1049~1-4592c5]:main():compute-mfcc-feats.cc:182) Processed features for key SuiSiann_2060
VLOG[2] (compute-mfcc-feats[5.5.1049~1-4592c5]:main():compute-mfcc-feats.cc:182) Processed features for key SuiSiann_2062
VLOG[2] (compute-mfcc-feats[5.5.1049~1-4592c5]:main():compute-mfcc-feats.cc:182) Processed features for key SuiSiann_2063
VLOG[2] (compute-mfcc-feats[5.5.1049~1-4592c5]:main():compute-mfcc-feats.cc:182) Processed features for key SuiSiann_2064
VLOG[2] (compute-mfcc-feats[5.5.1049~1-4592c5]:main():compute-mfcc-feats.cc:182) Processed features for key SuiSiann_2065
VLOG[2] (compute-kaldi-pitch-feats[5.5.1049~1-4592c5]:main():compute-kaldi-pitch-feats.cc:107) Processed 100 utterances
VLOG[2] (compute-mfcc-feats[5.5.1049~1-4592c5]:main():compute-mfcc-feats.cc:182) Processed features for key SuiSiann_2066
VLOG[2] (compute-mfcc-feats[5.5.1049~1-4592c5]:main():compute-mfcc-feats.cc:182) Processed features for key SuiSiann_2067
VLOG[2] (compute-mfcc-feats[5.5.1049~1-4592c5]:main():compute-mfcc-feats.cc:182) Processed features for key SuiSiann_2068
VLOG[2] (compute-mfcc-feats[5.5.1049~1-4592c5]:main():compute-mfcc-feats.cc:182) Processed features for key SuiSiann_2069
LOG (compute-mfcc-feats[5.5.1049~1-4592c5]:main():compute-mfcc-feats.cc:181) Processed 100 utterances
VLOG[2] (compute-mfcc-feats[5.5.1049~1-4592c5]:main():compute-mfcc-feats.cc:182) Processed features for key SuiSiann_2070
VLOG[2] (compute-mfcc-feats[5.5.1049~1-4592c5]:main():compute-mfcc-feats.cc:182) Processed features for key SuiSiann_2071
VLOG[2] (compute-mfcc-feats[5.5.1049~1-4592c5]:main():compute-mfcc-feats.cc:182) Processed features for key SuiSiann_2072
VLOG[2] (compute-mfcc-feats[5.5.1049~1-4592c5]:main():compute-mfcc-feats.cc:182) Processed features for key SuiSiann_2073
VLOG[2] (compute-mfcc-feats[5.5.1049~1-4592c5]:main():compute-mfcc-feats.cc:182) Processed features for key SuiSiann_2075
VLOG[2] (compute-mfcc-feats[5.5.1049~1-4592c5]:main():compute-mfcc-feats.cc:182) Processed features for key SuiSiann_2077
VLOG[2] (compute-mfcc-feats[5.5.1049~1-4592c5]:main():compute-mfcc-feats.cc:182) Processed features for key SuiSiann_2078
VLOG[2] (compute-mfcc-feats[5.5.1049~1-4592c5]:main():compute-mfcc-feats.cc:182) Processed features for key SuiSiann_2079
VLOG[2] (compute-mfcc-feats[5.5.1049~1-4592c5]:main():compute-mfcc-feats.cc:182) Processed features for key SuiSiann_2081
VLOG[2] (compute-mfcc-feats[5.5.1049~1-4592c5]:main():compute-mfcc-feats.cc:182) Processed features for key SuiSiann_2082
LOG (compute-mfcc-feats[5.5.1049~1-4592c5]:main():compute-mfcc-feats.cc:181) Processed 110 utterances
VLOG[2] (compute-mfcc-feats[5.5.1049~1-4592c5]:main():compute-mfcc-feats.cc:182) Processed features for key SuiSiann_2083
VLOG[2] (compute-mfcc-feats[5.5.1049~1-4592c5]:main():compute-mfcc-feats.cc:182) Processed features for key SuiSiann_2084
VLOG[2] (compute-mfcc-feats[5.5.1049~1-4592c5]:main():compute-mfcc-feats.cc:182) Processed features for key SuiSiann_2085
VLOG[2] (compute-mfcc-feats[5.5.1049~1-4592c5]:main():compute-mfcc-feats.cc:182) Processed features for key SuiSiann_2086
VLOG[2] (compute-mfcc-feats[5.5.1049~1-4592c5]:main():compute-mfcc-feats.cc:182) Processed features for key SuiSiann_2087
VLOG[2] (compute-mfcc-feats[5.5.1049~1-4592c5]:main():compute-mfcc-feats.cc:182) Processed features for key SuiSiann_2089
VLOG[2] (compute-mfcc-feats[5.5.1049~1-4592c5]:main():compute-mfcc-feats.cc:182) Processed features for key SuiSiann_2091
VLOG[2] (compute-mfcc-feats[5.5.1049~1-4592c5]:main():compute-mfcc-feats.cc:182) Processed features for key SuiSiann_2093
VLOG[2] (compute-mfcc-feats[5.5.1049~1-4592c5]:main():compute-mfcc-feats.cc:182) Processed features for key SuiSiann_2094
VLOG[2] (compute-mfcc-feats[5.5.1049~1-4592c5]:main():compute-mfcc-feats.cc:182) Processed features for key SuiSiann_2095
LOG (compute-mfcc-feats[5.5.1049~1-4592c5]:main():compute-mfcc-feats.cc:181) Processed 120 utterances
VLOG[2] (compute-mfcc-feats[5.5.1049~1-4592c5]:main():compute-mfcc-feats.cc:182) Processed features for key SuiSiann_2096
VLOG[2] (compute-mfcc-feats[5.5.1049~1-4592c5]:main():compute-mfcc-feats.cc:182) Processed features for key SuiSiann_2097
VLOG[2] (compute-mfcc-feats[5.5.1049~1-4592c5]:main():compute-mfcc-feats.cc:182) Processed features for key SuiSiann_2101
VLOG[2] (compute-mfcc-feats[5.5.1049~1-4592c5]:main():compute-mfcc-feats.cc:182) Processed features for key SuiSiann_2108
VLOG[2] (compute-mfcc-feats[5.5.1049~1-4592c5]:main():compute-mfcc-feats.cc:182) Processed features for key SuiSiann_2113
VLOG[2] (compute-mfcc-feats[5.5.1049~1-4592c5]:main():compute-mfcc-feats.cc:182) Processed features for key SuiSiann_2115
VLOG[2] (compute-mfcc-feats[5.5.1049~1-4592c5]:main():compute-mfcc-feats.cc:182) Processed features for key SuiSiann_2116
VLOG[2] (compute-mfcc-feats[5.5.1049~1-4592c5]:main():compute-mfcc-feats.cc:182) Processed features for key SuiSiann_2121
VLOG[2] (compute-mfcc-feats[5.5.1049~1-4592c5]:main():compute-mfcc-feats.cc:182) Processed features for key SuiSiann_2126
VLOG[2] (compute-mfcc-feats[5.5.1049~1-4592c5]:main():compute-mfcc-feats.cc:182) Processed features for key SuiSiann_2127
LOG (compute-mfcc-feats[5.5.1049~1-4592c5]:main():compute-mfcc-feats.cc:181) Processed 130 utterances
VLOG[2] (compute-mfcc-feats[5.5.1049~1-4592c5]:main():compute-mfcc-feats.cc:182) Processed features for key SuiSiann_2136
VLOG[2] (compute-mfcc-feats[5.5.1049~1-4592c5]:main():compute-mfcc-feats.cc:182) Processed features for key SuiSiann_2138
VLOG[2] (compute-mfcc-feats[5.5.1049~1-4592c5]:main():compute-mfcc-feats.cc:182) Processed features for key SuiSiann_2139
VLOG[2] (compute-mfcc-feats[5.5.1049~1-4592c5]:main():compute-mfcc-feats.cc:182) Processed features for key SuiSiann_2141
VLOG[2] (compute-mfcc-feats[5.5.1049~1-4592c5]:main():compute-mfcc-feats.cc:182) Processed features for key SuiSiann_2142
VLOG[2] (compute-mfcc-feats[5.5.1049~1-4592c5]:main():compute-mfcc-feats.cc:182) Processed features for key SuiSiann_2147
VLOG[2] (compute-mfcc-feats[5.5.1049~1-4592c5]:main():compute-mfcc-feats.cc:182) Processed features for key SuiSiann_2149
VLOG[2] (compute-mfcc-feats[5.5.1049~1-4592c5]:main():compute-mfcc-feats.cc:182) Processed features for key SuiSiann_2151
VLOG[2] (compute-mfcc-feats[5.5.1049~1-4592c5]:main():compute-mfcc-feats.cc:182) Processed features for key SuiSiann_2157
VLOG[2] (compute-mfcc-feats[5.5.1049~1-4592c5]:main():compute-mfcc-feats.cc:182) Processed features for key SuiSiann_2159
LOG (compute-mfcc-feats[5.5.1049~1-4592c5]:main():compute-mfcc-feats.cc:181) Processed 140 utterances
VLOG[2] (compute-mfcc-feats[5.5.1049~1-4592c5]:main():compute-mfcc-feats.cc:182) Processed features for key SuiSiann_2160
VLOG[2] (compute-mfcc-feats[5.5.1049~1-4592c5]:main():compute-mfcc-feats.cc:182) Processed features for key SuiSiann_2162
VLOG[2] (compute-mfcc-feats[5.5.1049~1-4592c5]:main():compute-mfcc-feats.cc:182) Processed features for key SuiSiann_2163
VLOG[2] (compute-mfcc-feats[5.5.1049~1-4592c5]:main():compute-mfcc-feats.cc:182) Processed features for key SuiSiann_2165
VLOG[2] (compute-mfcc-feats[5.5.1049~1-4592c5]:main():compute-mfcc-feats.cc:182) Processed features for key SuiSiann_2166
VLOG[2] (compute-mfcc-feats[5.5.1049~1-4592c5]:main():compute-mfcc-feats.cc:182) Processed features for key SuiSiann_2167
VLOG[2] (compute-mfcc-feats[5.5.1049~1-4592c5]:main():compute-mfcc-feats.cc:182) Processed features for key SuiSiann_2173
VLOG[2] (compute-mfcc-feats[5.5.1049~1-4592c5]:main():compute-mfcc-feats.cc:182) Processed features for key SuiSiann_2174
VLOG[2] (compute-mfcc-feats[5.5.1049~1-4592c5]:main():compute-mfcc-feats.cc:182) Processed features for key SuiSiann_2177
VLOG[2] (compute-mfcc-feats[5.5.1049~1-4592c5]:main():compute-mfcc-feats.cc:182) Processed features for key SuiSiann_2181
VLOG[2] (compute-kaldi-pitch-feats[5.5.1049~1-4592c5]:main():compute-kaldi-pitch-feats.cc:107) Processed 150 utterances
LOG (compute-mfcc-feats[5.5.1049~1-4592c5]:main():compute-mfcc-feats.cc:181) Processed 150 utterances
VLOG[2] (compute-mfcc-feats[5.5.1049~1-4592c5]:main():compute-mfcc-feats.cc:182) Processed features for key SuiSiann_2182
VLOG[2] (compute-mfcc-feats[5.5.1049~1-4592c5]:main():compute-mfcc-feats.cc:182) Processed features for key SuiSiann_2183
VLOG[2] (compute-mfcc-feats[5.5.1049~1-4592c5]:main():compute-mfcc-feats.cc:182) Processed features for key SuiSiann_2184
VLOG[2] (compute-mfcc-feats[5.5.1049~1-4592c5]:main():compute-mfcc-feats.cc:182) Processed features for key SuiSiann_2190
VLOG[2] (compute-mfcc-feats[5.5.1049~1-4592c5]:main():compute-mfcc-feats.cc:182) Processed features for key SuiSiann_2197
VLOG[2] (compute-mfcc-feats[5.5.1049~1-4592c5]:main():compute-mfcc-feats.cc:182) Processed features for key SuiSiann_2198
VLOG[2] (compute-mfcc-feats[5.5.1049~1-4592c5]:main():compute-mfcc-feats.cc:182) Processed features for key SuiSiann_2199
VLOG[2] (compute-mfcc-feats[5.5.1049~1-4592c5]:main():compute-mfcc-feats.cc:182) Processed features for key SuiSiann_2201
VLOG[2] (compute-mfcc-feats[5.5.1049~1-4592c5]:main():compute-mfcc-feats.cc:182) Processed features for key SuiSiann_2202
VLOG[2] (compute-mfcc-feats[5.5.1049~1-4592c5]:main():compute-mfcc-feats.cc:182) Processed features for key SuiSiann_2203
LOG (compute-mfcc-feats[5.5.1049~1-4592c5]:main():compute-mfcc-feats.cc:181) Processed 160 utterances
VLOG[2] (compute-mfcc-feats[5.5.1049~1-4592c5]:main():compute-mfcc-feats.cc:182) Processed features for key SuiSiann_2205
VLOG[2] (compute-mfcc-feats[5.5.1049~1-4592c5]:main():compute-mfcc-feats.cc:182) Processed features for key SuiSiann_2208
VLOG[2] (compute-mfcc-feats[5.5.1049~1-4592c5]:main():compute-mfcc-feats.cc:182) Processed features for key SuiSiann_2210
VLOG[2] (compute-mfcc-feats[5.5.1049~1-4592c5]:main():compute-mfcc-feats.cc:182) Processed features for key SuiSiann_2213
VLOG[2] (compute-mfcc-feats[5.5.1049~1-4592c5]:main():compute-mfcc-feats.cc:182) Processed features for key SuiSiann_2215
VLOG[2] (compute-mfcc-feats[5.5.1049~1-4592c5]:main():compute-mfcc-feats.cc:182) Processed features for key SuiSiann_2216
VLOG[2] (compute-mfcc-feats[5.5.1049~1-4592c5]:main():compute-mfcc-feats.cc:182) Processed features for key SuiSiann_2218
VLOG[2] (compute-mfcc-feats[5.5.1049~1-4592c5]:main():compute-mfcc-feats.cc:182) Processed features for key SuiSiann_2219
VLOG[2] (compute-mfcc-feats[5.5.1049~1-4592c5]:main():compute-mfcc-feats.cc:182) Processed features for key SuiSiann_2221
VLOG[2] (compute-mfcc-feats[5.5.1049~1-4592c5]:main():compute-mfcc-feats.cc:182) Processed features for key SuiSiann_2223
LOG (compute-mfcc-feats[5.5.1049~1-4592c5]:main():compute-mfcc-feats.cc:181) Processed 170 utterances
VLOG[2] (compute-mfcc-feats[5.5.1049~1-4592c5]:main():compute-mfcc-feats.cc:182) Processed features for key SuiSiann_2230
VLOG[2] (compute-mfcc-feats[5.5.1049~1-4592c5]:main():compute-mfcc-feats.cc:182) Processed features for key SuiSiann_2233
VLOG[2] (compute-mfcc-feats[5.5.1049~1-4592c5]:main():compute-mfcc-feats.cc:182) Processed features for key SuiSiann_2242
VLOG[2] (compute-mfcc-feats[5.5.1049~1-4592c5]:main():compute-mfcc-feats.cc:182) Processed features for key SuiSiann_2248
VLOG[2] (compute-mfcc-feats[5.5.1049~1-4592c5]:main():compute-mfcc-feats.cc:182) Processed features for key SuiSiann_2259
VLOG[2] (compute-mfcc-feats[5.5.1049~1-4592c5]:main():compute-mfcc-feats.cc:182) Processed features for key SuiSiann_2261
VLOG[2] (compute-mfcc-feats[5.5.1049~1-4592c5]:main():compute-mfcc-feats.cc:182) Processed features for key SuiSiann_2262
VLOG[2] (compute-mfcc-feats[5.5.1049~1-4592c5]:main():compute-mfcc-feats.cc:182) Processed features for key SuiSiann_2264
VLOG[2] (compute-mfcc-feats[5.5.1049~1-4592c5]:main():compute-mfcc-feats.cc:182) Processed features for key SuiSiann_2265
VLOG[2] (compute-mfcc-feats[5.5.1049~1-4592c5]:main():compute-mfcc-feats.cc:182) Processed features for key SuiSiann_2267
LOG (compute-mfcc-feats[5.5.1049~1-4592c5]:main():compute-mfcc-feats.cc:181) Processed 180 utterances
VLOG[2] (compute-mfcc-feats[5.5.1049~1-4592c5]:main():compute-mfcc-feats.cc:182) Processed features for key SuiSiann_2268
VLOG[2] (compute-mfcc-feats[5.5.1049~1-4592c5]:main():compute-mfcc-feats.cc:182) Processed features for key SuiSiann_2269
VLOG[2] (compute-mfcc-feats[5.5.1049~1-4592c5]:main():compute-mfcc-feats.cc:182) Processed features for key SuiSiann_2272
LOG (compute-kaldi-pitch-feats[5.5.1049~1-4592c5]:main():compute-kaldi-pitch-feats.cc:110) Done 191 utterances, 0 with errors.
VLOG[2] (compute-mfcc-feats[5.5.1049~1-4592c5]:main():compute-mfcc-feats.cc:182) Processed features for key SuiSiann_2273
LOG (process-kaldi-pitch-feats[5.5.1049~1-4592c5]:main():process-kaldi-pitch-feats.cc:85) Post-processed pitch for 191 utterances.
VLOG[2] (compute-mfcc-feats[5.5.1049~1-4592c5]:main():compute-mfcc-feats.cc:182) Processed features for key SuiSiann_2274
VLOG[2] (compute-mfcc-feats[5.5.1049~1-4592c5]:main():compute-mfcc-feats.cc:182) Processed features for key SuiSiann_2275
VLOG[2] (compute-mfcc-feats[5.5.1049~1-4592c5]:main():compute-mfcc-feats.cc:182) Processed features for key SuiSiann_2276
VLOG[2] (compute-mfcc-feats[5.5.1049~1-4592c5]:main():compute-mfcc-feats.cc:182) Processed features for key SuiSiann_2278
VLOG[2] (compute-mfcc-feats[5.5.1049~1-4592c5]:main():compute-mfcc-feats.cc:182) Processed features for key SuiSiann_2281
VLOG[2] (compute-mfcc-feats[5.5.1049~1-4592c5]:main():compute-mfcc-feats.cc:182) Processed features for key SuiSiann_2282
LOG (compute-mfcc-feats[5.5.1049~1-4592c5]:main():compute-mfcc-feats.cc:181) Processed 190 utterances
VLOG[2] (compute-mfcc-feats[5.5.1049~1-4592c5]:main():compute-mfcc-feats.cc:182) Processed features for key SuiSiann_2286
VLOG[2] (compute-mfcc-feats[5.5.1049~1-4592c5]:main():compute-mfcc-feats.cc:182) Processed features for key SuiSiann_2287
LOG (compute-mfcc-feats[5.5.1049~1-4592c5]:main():compute-mfcc-feats.cc:185)  Done 191 out of 191 utterances.
LOG (paste-feats[5.5.1049~1-4592c5]:main():paste-feats.cc:158) Done 191 utts, errors on 0
LOG (copy-feats[5.5.1049~1-4592c5]:main():copy-feats.cc:143) Copied 191 feature matrices.
# Accounting: time=8 threads=1
# Ended (code 0) at Wed Sep 28 18:29:11 CST 2022, elapsed time 8 seconds
