# paste-feats --length-tolerance=2 "ark:compute-mfcc-feats  --write-utt2dur=ark,t:exp/make_hires/train/utt2dur.5 --verbose=2     --config=conf/mfcc_hires.conf scp,p:exp/make_hires/train/wav_train_hires.5.scp ark:- |" "ark,s,cs:compute-kaldi-pitch-feats --verbose=2       --config=conf/pitch.conf scp,p:exp/make_hires/train/wav_train_hires.5.scp ark:- |     process-kaldi-pitch-feats  ark:- ark:- |" ark:- | copy-feats --compress=true --write-num-frames=ark,t:exp/make_hires/train/utt2num_frames.5 ark:- ark,scp:/home/hanasay/kaldi/egs/formosa/s5/mfcc_perturbed_hires/raw_mfcc_pitch_train_hires.5.ark,/home/hanasay/kaldi/egs/formosa/s5/mfcc_perturbed_hires/raw_mfcc_pitch_train_hires.5.scp 
# Started at Wed Sep 28 18:29:03 CST 2022
#
copy-feats --compress=true --write-num-frames=ark,t:exp/make_hires/train/utt2num_frames.5 ark:- ark,scp:/home/hanasay/kaldi/egs/formosa/s5/mfcc_perturbed_hires/raw_mfcc_pitch_train_hires.5.ark,/home/hanasay/kaldi/egs/formosa/s5/mfcc_perturbed_hires/raw_mfcc_pitch_train_hires.5.scp 
paste-feats --length-tolerance=2 'ark:compute-mfcc-feats  --write-utt2dur=ark,t:exp/make_hires/train/utt2dur.5 --verbose=2     --config=conf/mfcc_hires.conf scp,p:exp/make_hires/train/wav_train_hires.5.scp ark:- |' 'ark,s,cs:compute-kaldi-pitch-feats --verbose=2       --config=conf/pitch.conf scp,p:exp/make_hires/train/wav_train_hires.5.scp ark:- |     process-kaldi-pitch-feats  ark:- ark:- |' ark:- 
compute-mfcc-feats --write-utt2dur=ark,t:exp/make_hires/train/utt2dur.5 --verbose=2 --config=conf/mfcc_hires.conf scp,p:exp/make_hires/train/wav_train_hires.5.scp ark:- 
VLOG[2] (compute-mfcc-feats[5.5.1049~1-4592c5]:main():compute-mfcc-feats.cc:182) Processed features for key SuiSiann_1671
VLOG[2] (compute-mfcc-feats[5.5.1049~1-4592c5]:main():compute-mfcc-feats.cc:182) Processed features for key SuiSiann_1673
compute-kaldi-pitch-feats --verbose=2 --config=conf/pitch.conf scp,p:exp/make_hires/train/wav_train_hires.5.scp ark:- 
process-kaldi-pitch-feats ark:- ark:- 
VLOG[2] (compute-mfcc-feats[5.5.1049~1-4592c5]:main():compute-mfcc-feats.cc:182) Processed features for key SuiSiann_1674
VLOG[2] (compute-mfcc-feats[5.5.1049~1-4592c5]:main():compute-mfcc-feats.cc:182) Processed features for key SuiSiann_1676
VLOG[2] (compute-mfcc-feats[5.5.1049~1-4592c5]:main():compute-mfcc-feats.cc:182) Processed features for key SuiSiann_1677
VLOG[2] (compute-mfcc-feats[5.5.1049~1-4592c5]:main():compute-mfcc-feats.cc:182) Processed features for key SuiSiann_1678
VLOG[2] (compute-mfcc-feats[5.5.1049~1-4592c5]:main():compute-mfcc-feats.cc:182) Processed features for key SuiSiann_1679
VLOG[2] (compute-mfcc-feats[5.5.1049~1-4592c5]:main():compute-mfcc-feats.cc:182) Processed features for key SuiSiann_1682
VLOG[2] (compute-mfcc-feats[5.5.1049~1-4592c5]:main():compute-mfcc-feats.cc:182) Processed features for key SuiSiann_1683
LOG (compute-mfcc-feats[5.5.1049~1-4592c5]:main():compute-mfcc-feats.cc:181) Processed 10 utterances
VLOG[2] (compute-mfcc-feats[5.5.1049~1-4592c5]:main():compute-mfcc-feats.cc:182) Processed features for key SuiSiann_1684
VLOG[2] (compute-mfcc-feats[5.5.1049~1-4592c5]:main():compute-mfcc-feats.cc:182) Processed features for key SuiSiann_1685
VLOG[2] (compute-mfcc-feats[5.5.1049~1-4592c5]:main():compute-mfcc-feats.cc:182) Processed features for key SuiSiann_1686
VLOG[2] (compute-mfcc-feats[5.5.1049~1-4592c5]:main():compute-mfcc-feats.cc:182) Processed features for key SuiSiann_1688
VLOG[2] (compute-mfcc-feats[5.5.1049~1-4592c5]:main():compute-mfcc-feats.cc:182) Processed features for key SuiSiann_1689
VLOG[2] (compute-mfcc-feats[5.5.1049~1-4592c5]:main():compute-mfcc-feats.cc:182) Processed features for key SuiSiann_1692
VLOG[2] (compute-mfcc-feats[5.5.1049~1-4592c5]:main():compute-mfcc-feats.cc:182) Processed features for key SuiSiann_1693
VLOG[2] (compute-mfcc-feats[5.5.1049~1-4592c5]:main():compute-mfcc-feats.cc:182) Processed features for key SuiSiann_1695
VLOG[2] (compute-mfcc-feats[5.5.1049~1-4592c5]:main():compute-mfcc-feats.cc:182) Processed features for key SuiSiann_1696
VLOG[2] (compute-mfcc-feats[5.5.1049~1-4592c5]:main():compute-mfcc-feats.cc:182) Processed features for key SuiSiann_1697
LOG (compute-mfcc-feats[5.5.1049~1-4592c5]:main():compute-mfcc-feats.cc:181) Processed 20 utterances
VLOG[2] (compute-mfcc-feats[5.5.1049~1-4592c5]:main():compute-mfcc-feats.cc:182) Processed features for key SuiSiann_1698
VLOG[2] (compute-mfcc-feats[5.5.1049~1-4592c5]:main():compute-mfcc-feats.cc:182) Processed features for key SuiSiann_1700
VLOG[2] (compute-mfcc-feats[5.5.1049~1-4592c5]:main():compute-mfcc-feats.cc:182) Processed features for key SuiSiann_1701
VLOG[2] (compute-mfcc-feats[5.5.1049~1-4592c5]:main():compute-mfcc-feats.cc:182) Processed features for key SuiSiann_1702
VLOG[2] (compute-mfcc-feats[5.5.1049~1-4592c5]:main():compute-mfcc-feats.cc:182) Processed features for key SuiSiann_1704
VLOG[2] (compute-mfcc-feats[5.5.1049~1-4592c5]:main():compute-mfcc-feats.cc:182) Processed features for key SuiSiann_1709
VLOG[2] (compute-mfcc-feats[5.5.1049~1-4592c5]:main():compute-mfcc-feats.cc:182) Processed features for key SuiSiann_1710
VLOG[2] (compute-mfcc-feats[5.5.1049~1-4592c5]:main():compute-mfcc-feats.cc:182) Processed features for key SuiSiann_1712
VLOG[2] (compute-mfcc-feats[5.5.1049~1-4592c5]:main():compute-mfcc-feats.cc:182) Processed features for key SuiSiann_1713
VLOG[2] (compute-mfcc-feats[5.5.1049~1-4592c5]:main():compute-mfcc-feats.cc:182) Processed features for key SuiSiann_1714
LOG (compute-mfcc-feats[5.5.1049~1-4592c5]:main():compute-mfcc-feats.cc:181) Processed 30 utterances
VLOG[2] (compute-mfcc-feats[5.5.1049~1-4592c5]:main():compute-mfcc-feats.cc:182) Processed features for key SuiSiann_1715
VLOG[2] (compute-mfcc-feats[5.5.1049~1-4592c5]:main():compute-mfcc-feats.cc:182) Processed features for key SuiSiann_1716
VLOG[2] (compute-mfcc-feats[5.5.1049~1-4592c5]:main():compute-mfcc-feats.cc:182) Processed features for key SuiSiann_1717
VLOG[2] (compute-mfcc-feats[5.5.1049~1-4592c5]:main():compute-mfcc-feats.cc:182) Processed features for key SuiSiann_1718
VLOG[2] (compute-mfcc-feats[5.5.1049~1-4592c5]:main():compute-mfcc-feats.cc:182) Processed features for key SuiSiann_1719
VLOG[2] (compute-mfcc-feats[5.5.1049~1-4592c5]:main():compute-mfcc-feats.cc:182) Processed features for key SuiSiann_1720
VLOG[2] (compute-mfcc-feats[5.5.1049~1-4592c5]:main():compute-mfcc-feats.cc:182) Processed features for key SuiSiann_1723
VLOG[2] (compute-mfcc-feats[5.5.1049~1-4592c5]:main():compute-mfcc-feats.cc:182) Processed features for key SuiSiann_1724
VLOG[2] (compute-mfcc-feats[5.5.1049~1-4592c5]:main():compute-mfcc-feats.cc:182) Processed features for key SuiSiann_1726
VLOG[2] (compute-mfcc-feats[5.5.1049~1-4592c5]:main():compute-mfcc-feats.cc:182) Processed features for key SuiSiann_1728
LOG (compute-mfcc-feats[5.5.1049~1-4592c5]:main():compute-mfcc-feats.cc:181) Processed 40 utterances
VLOG[2] (compute-mfcc-feats[5.5.1049~1-4592c5]:main():compute-mfcc-feats.cc:182) Processed features for key SuiSiann_1732
VLOG[2] (compute-mfcc-feats[5.5.1049~1-4592c5]:main():compute-mfcc-feats.cc:182) Processed features for key SuiSiann_1735
VLOG[2] (compute-mfcc-feats[5.5.1049~1-4592c5]:main():compute-mfcc-feats.cc:182) Processed features for key SuiSiann_1736
VLOG[2] (compute-mfcc-feats[5.5.1049~1-4592c5]:main():compute-mfcc-feats.cc:182) Processed features for key SuiSiann_1740
VLOG[2] (compute-mfcc-feats[5.5.1049~1-4592c5]:main():compute-mfcc-feats.cc:182) Processed features for key SuiSiann_1741
VLOG[2] (compute-mfcc-feats[5.5.1049~1-4592c5]:main():compute-mfcc-feats.cc:182) Processed features for key SuiSiann_1742
VLOG[2] (compute-mfcc-feats[5.5.1049~1-4592c5]:main():compute-mfcc-feats.cc:182) Processed features for key SuiSiann_1744
VLOG[2] (compute-mfcc-feats[5.5.1049~1-4592c5]:main():compute-mfcc-feats.cc:182) Processed features for key SuiSiann_1745
VLOG[2] (compute-mfcc-feats[5.5.1049~1-4592c5]:main():compute-mfcc-feats.cc:182) Processed features for key SuiSiann_1747
VLOG[2] (compute-mfcc-feats[5.5.1049~1-4592c5]:main():compute-mfcc-feats.cc:182) Processed features for key SuiSiann_1748
LOG (compute-mfcc-feats[5.5.1049~1-4592c5]:main():compute-mfcc-feats.cc:181) Processed 50 utterances
VLOG[2] (compute-mfcc-feats[5.5.1049~1-4592c5]:main():compute-mfcc-feats.cc:182) Processed features for key SuiSiann_1749
VLOG[2] (compute-mfcc-feats[5.5.1049~1-4592c5]:main():compute-mfcc-feats.cc:182) Processed features for key SuiSiann_1750
VLOG[2] (compute-mfcc-feats[5.5.1049~1-4592c5]:main():compute-mfcc-feats.cc:182) Processed features for key SuiSiann_1751
VLOG[2] (compute-kaldi-pitch-feats[5.5.1049~1-4592c5]:main():compute-kaldi-pitch-feats.cc:107) Processed 50 utterances
VLOG[2] (compute-mfcc-feats[5.5.1049~1-4592c5]:main():compute-mfcc-feats.cc:182) Processed features for key SuiSiann_1752
VLOG[2] (compute-mfcc-feats[5.5.1049~1-4592c5]:main():compute-mfcc-feats.cc:182) Processed features for key SuiSiann_1753
VLOG[2] (compute-mfcc-feats[5.5.1049~1-4592c5]:main():compute-mfcc-feats.cc:182) Processed features for key SuiSiann_1754
VLOG[2] (compute-mfcc-feats[5.5.1049~1-4592c5]:main():compute-mfcc-feats.cc:182) Processed features for key SuiSiann_1756
VLOG[2] (compute-mfcc-feats[5.5.1049~1-4592c5]:main():compute-mfcc-feats.cc:182) Processed features for key SuiSiann_1757
VLOG[2] (compute-mfcc-feats[5.5.1049~1-4592c5]:main():compute-mfcc-feats.cc:182) Processed features for key SuiSiann_1758
VLOG[2] (compute-mfcc-feats[5.5.1049~1-4592c5]:main():compute-mfcc-feats.cc:182) Processed features for key SuiSiann_1759
LOG (compute-mfcc-feats[5.5.1049~1-4592c5]:main():compute-mfcc-feats.cc:181) Processed 60 utterances
VLOG[2] (compute-mfcc-feats[5.5.1049~1-4592c5]:main():compute-mfcc-feats.cc:182) Processed features for key SuiSiann_1760
VLOG[2] (compute-mfcc-feats[5.5.1049~1-4592c5]:main():compute-mfcc-feats.cc:182) Processed features for key SuiSiann_1761
VLOG[2] (compute-mfcc-feats[5.5.1049~1-4592c5]:main():compute-mfcc-feats.cc:182) Processed features for key SuiSiann_1762
VLOG[2] (compute-mfcc-feats[5.5.1049~1-4592c5]:main():compute-mfcc-feats.cc:182) Processed features for key SuiSiann_1763
VLOG[2] (compute-mfcc-feats[5.5.1049~1-4592c5]:main():compute-mfcc-feats.cc:182) Processed features for key SuiSiann_1764
VLOG[2] (compute-mfcc-feats[5.5.1049~1-4592c5]:main():compute-mfcc-feats.cc:182) Processed features for key SuiSiann_1766
VLOG[2] (compute-mfcc-feats[5.5.1049~1-4592c5]:main():compute-mfcc-feats.cc:182) Processed features for key SuiSiann_1767
VLOG[2] (compute-mfcc-feats[5.5.1049~1-4592c5]:main():compute-mfcc-feats.cc:182) Processed features for key SuiSiann_1768
VLOG[2] (compute-mfcc-feats[5.5.1049~1-4592c5]:main():compute-mfcc-feats.cc:182) Processed features for key SuiSiann_1769
VLOG[2] (compute-mfcc-feats[5.5.1049~1-4592c5]:main():compute-mfcc-feats.cc:182) Processed features for key SuiSiann_1770
LOG (compute-mfcc-feats[5.5.1049~1-4592c5]:main():compute-mfcc-feats.cc:181) Processed 70 utterances
VLOG[2] (compute-mfcc-feats[5.5.1049~1-4592c5]:main():compute-mfcc-feats.cc:182) Processed features for key SuiSiann_1773
VLOG[2] (compute-mfcc-feats[5.5.1049~1-4592c5]:main():compute-mfcc-feats.cc:182) Processed features for key SuiSiann_1775
VLOG[2] (compute-mfcc-feats[5.5.1049~1-4592c5]:main():compute-mfcc-feats.cc:182) Processed features for key SuiSiann_1777
VLOG[2] (compute-mfcc-feats[5.5.1049~1-4592c5]:main():compute-mfcc-feats.cc:182) Processed features for key SuiSiann_1778
VLOG[2] (compute-mfcc-feats[5.5.1049~1-4592c5]:main():compute-mfcc-feats.cc:182) Processed features for key SuiSiann_1780
VLOG[2] (compute-mfcc-feats[5.5.1049~1-4592c5]:main():compute-mfcc-feats.cc:182) Processed features for key SuiSiann_1782
VLOG[2] (compute-mfcc-feats[5.5.1049~1-4592c5]:main():compute-mfcc-feats.cc:182) Processed features for key SuiSiann_1783
VLOG[2] (compute-mfcc-feats[5.5.1049~1-4592c5]:main():compute-mfcc-feats.cc:182) Processed features for key SuiSiann_1784
VLOG[2] (compute-mfcc-feats[5.5.1049~1-4592c5]:main():compute-mfcc-feats.cc:182) Processed features for key SuiSiann_1786
VLOG[2] (compute-mfcc-feats[5.5.1049~1-4592c5]:main():compute-mfcc-feats.cc:182) Processed features for key SuiSiann_1787
LOG (compute-mfcc-feats[5.5.1049~1-4592c5]:main():compute-mfcc-feats.cc:181) Processed 80 utterances
VLOG[2] (compute-mfcc-feats[5.5.1049~1-4592c5]:main():compute-mfcc-feats.cc:182) Processed features for key SuiSiann_1788
VLOG[2] (compute-mfcc-feats[5.5.1049~1-4592c5]:main():compute-mfcc-feats.cc:182) Processed features for key SuiSiann_1789
VLOG[2] (compute-mfcc-feats[5.5.1049~1-4592c5]:main():compute-mfcc-feats.cc:182) Processed features for key SuiSiann_1790
VLOG[2] (compute-mfcc-feats[5.5.1049~1-4592c5]:main():compute-mfcc-feats.cc:182) Processed features for key SuiSiann_1791
VLOG[2] (compute-mfcc-feats[5.5.1049~1-4592c5]:main():compute-mfcc-feats.cc:182) Processed features for key SuiSiann_1792
VLOG[2] (compute-mfcc-feats[5.5.1049~1-4592c5]:main():compute-mfcc-feats.cc:182) Processed features for key SuiSiann_1793
VLOG[2] (compute-mfcc-feats[5.5.1049~1-4592c5]:main():compute-mfcc-feats.cc:182) Processed features for key SuiSiann_1794
VLOG[2] (compute-mfcc-feats[5.5.1049~1-4592c5]:main():compute-mfcc-feats.cc:182) Processed features for key SuiSiann_1795
VLOG[2] (compute-mfcc-feats[5.5.1049~1-4592c5]:main():compute-mfcc-feats.cc:182) Processed features for key SuiSiann_1796
VLOG[2] (compute-mfcc-feats[5.5.1049~1-4592c5]:main():compute-mfcc-feats.cc:182) Processed features for key SuiSiann_1797
LOG (compute-mfcc-feats[5.5.1049~1-4592c5]:main():compute-mfcc-feats.cc:181) Processed 90 utterances
VLOG[2] (compute-mfcc-feats[5.5.1049~1-4592c5]:main():compute-mfcc-feats.cc:182) Processed features for key SuiSiann_1798
VLOG[2] (compute-mfcc-feats[5.5.1049~1-4592c5]:main():compute-mfcc-feats.cc:182) Processed features for key SuiSiann_1800
VLOG[2] (compute-mfcc-feats[5.5.1049~1-4592c5]:main():compute-mfcc-feats.cc:182) Processed features for key SuiSiann_1801
VLOG[2] (compute-mfcc-feats[5.5.1049~1-4592c5]:main():compute-mfcc-feats.cc:182) Processed features for key SuiSiann_1803
VLOG[2] (compute-mfcc-feats[5.5.1049~1-4592c5]:main():compute-mfcc-feats.cc:182) Processed features for key SuiSiann_1804
VLOG[2] (compute-mfcc-feats[5.5.1049~1-4592c5]:main():compute-mfcc-feats.cc:182) Processed features for key SuiSiann_1805
VLOG[2] (compute-mfcc-feats[5.5.1049~1-4592c5]:main():compute-mfcc-feats.cc:182) Processed features for key SuiSiann_1806
VLOG[2] (compute-mfcc-feats[5.5.1049~1-4592c5]:main():compute-mfcc-feats.cc:182) Processed features for key SuiSiann_1807
VLOG[2] (compute-mfcc-feats[5.5.1049~1-4592c5]:main():compute-mfcc-feats.cc:182) Processed features for key SuiSiann_1808
VLOG[2] (compute-mfcc-feats[5.5.1049~1-4592c5]:main():compute-mfcc-feats.cc:182) Processed features for key SuiSiann_1809
LOG (compute-mfcc-feats[5.5.1049~1-4592c5]:main():compute-mfcc-feats.cc:181) Processed 100 utterances
VLOG[2] (compute-mfcc-feats[5.5.1049~1-4592c5]:main():compute-mfcc-feats.cc:182) Processed features for key SuiSiann_1811
VLOG[2] (compute-mfcc-feats[5.5.1049~1-4592c5]:main():compute-mfcc-feats.cc:182) Processed features for key SuiSiann_1812
VLOG[2] (compute-mfcc-feats[5.5.1049~1-4592c5]:main():compute-mfcc-feats.cc:182) Processed features for key SuiSiann_1813
VLOG[2] (compute-kaldi-pitch-feats[5.5.1049~1-4592c5]:main():compute-kaldi-pitch-feats.cc:107) Processed 100 utterances
VLOG[2] (compute-mfcc-feats[5.5.1049~1-4592c5]:main():compute-mfcc-feats.cc:182) Processed features for key SuiSiann_1814
VLOG[2] (compute-mfcc-feats[5.5.1049~1-4592c5]:main():compute-mfcc-feats.cc:182) Processed features for key SuiSiann_1817
VLOG[2] (compute-mfcc-feats[5.5.1049~1-4592c5]:main():compute-mfcc-feats.cc:182) Processed features for key SuiSiann_1818
VLOG[2] (compute-mfcc-feats[5.5.1049~1-4592c5]:main():compute-mfcc-feats.cc:182) Processed features for key SuiSiann_1819
VLOG[2] (compute-mfcc-feats[5.5.1049~1-4592c5]:main():compute-mfcc-feats.cc:182) Processed features for key SuiSiann_1821
VLOG[2] (compute-mfcc-feats[5.5.1049~1-4592c5]:main():compute-mfcc-feats.cc:182) Processed features for key SuiSiann_1823
VLOG[2] (compute-mfcc-feats[5.5.1049~1-4592c5]:main():compute-mfcc-feats.cc:182) Processed features for key SuiSiann_1824
LOG (compute-mfcc-feats[5.5.1049~1-4592c5]:main():compute-mfcc-feats.cc:181) Processed 110 utterances
VLOG[2] (compute-mfcc-feats[5.5.1049~1-4592c5]:main():compute-mfcc-feats.cc:182) Processed features for key SuiSiann_1825
VLOG[2] (compute-mfcc-feats[5.5.1049~1-4592c5]:main():compute-mfcc-feats.cc:182) Processed features for key SuiSiann_1826
VLOG[2] (compute-mfcc-feats[5.5.1049~1-4592c5]:main():compute-mfcc-feats.cc:182) Processed features for key SuiSiann_1827
VLOG[2] (compute-mfcc-feats[5.5.1049~1-4592c5]:main():compute-mfcc-feats.cc:182) Processed features for key SuiSiann_1828
VLOG[2] (compute-mfcc-feats[5.5.1049~1-4592c5]:main():compute-mfcc-feats.cc:182) Processed features for key SuiSiann_1829
VLOG[2] (compute-mfcc-feats[5.5.1049~1-4592c5]:main():compute-mfcc-feats.cc:182) Processed features for key SuiSiann_1831
VLOG[2] (compute-mfcc-feats[5.5.1049~1-4592c5]:main():compute-mfcc-feats.cc:182) Processed features for key SuiSiann_1832
VLOG[2] (compute-mfcc-feats[5.5.1049~1-4592c5]:main():compute-mfcc-feats.cc:182) Processed features for key SuiSiann_1833
VLOG[2] (compute-mfcc-feats[5.5.1049~1-4592c5]:main():compute-mfcc-feats.cc:182) Processed features for key SuiSiann_1835
VLOG[2] (compute-mfcc-feats[5.5.1049~1-4592c5]:main():compute-mfcc-feats.cc:182) Processed features for key SuiSiann_1837
LOG (compute-mfcc-feats[5.5.1049~1-4592c5]:main():compute-mfcc-feats.cc:181) Processed 120 utterances
VLOG[2] (compute-mfcc-feats[5.5.1049~1-4592c5]:main():compute-mfcc-feats.cc:182) Processed features for key SuiSiann_1839
VLOG[2] (compute-mfcc-feats[5.5.1049~1-4592c5]:main():compute-mfcc-feats.cc:182) Processed features for key SuiSiann_1841
VLOG[2] (compute-mfcc-feats[5.5.1049~1-4592c5]:main():compute-mfcc-feats.cc:182) Processed features for key SuiSiann_1842
VLOG[2] (compute-mfcc-feats[5.5.1049~1-4592c5]:main():compute-mfcc-feats.cc:182) Processed features for key SuiSiann_1843
VLOG[2] (compute-mfcc-feats[5.5.1049~1-4592c5]:main():compute-mfcc-feats.cc:182) Processed features for key SuiSiann_1844
VLOG[2] (compute-mfcc-feats[5.5.1049~1-4592c5]:main():compute-mfcc-feats.cc:182) Processed features for key SuiSiann_1845
VLOG[2] (compute-mfcc-feats[5.5.1049~1-4592c5]:main():compute-mfcc-feats.cc:182) Processed features for key SuiSiann_1847
VLOG[2] (compute-mfcc-feats[5.5.1049~1-4592c5]:main():compute-mfcc-feats.cc:182) Processed features for key SuiSiann_1848
VLOG[2] (compute-mfcc-feats[5.5.1049~1-4592c5]:main():compute-mfcc-feats.cc:182) Processed features for key SuiSiann_1849
VLOG[2] (compute-mfcc-feats[5.5.1049~1-4592c5]:main():compute-mfcc-feats.cc:182) Processed features for key SuiSiann_1850
LOG (compute-mfcc-feats[5.5.1049~1-4592c5]:main():compute-mfcc-feats.cc:181) Processed 130 utterances
VLOG[2] (compute-mfcc-feats[5.5.1049~1-4592c5]:main():compute-mfcc-feats.cc:182) Processed features for key SuiSiann_1851
VLOG[2] (compute-mfcc-feats[5.5.1049~1-4592c5]:main():compute-mfcc-feats.cc:182) Processed features for key SuiSiann_1852
VLOG[2] (compute-mfcc-feats[5.5.1049~1-4592c5]:main():compute-mfcc-feats.cc:182) Processed features for key SuiSiann_1854
VLOG[2] (compute-mfcc-feats[5.5.1049~1-4592c5]:main():compute-mfcc-feats.cc:182) Processed features for key SuiSiann_1855
VLOG[2] (compute-mfcc-feats[5.5.1049~1-4592c5]:main():compute-mfcc-feats.cc:182) Processed features for key SuiSiann_1856
VLOG[2] (compute-mfcc-feats[5.5.1049~1-4592c5]:main():compute-mfcc-feats.cc:182) Processed features for key SuiSiann_1857
VLOG[2] (compute-mfcc-feats[5.5.1049~1-4592c5]:main():compute-mfcc-feats.cc:182) Processed features for key SuiSiann_1858
VLOG[2] (compute-mfcc-feats[5.5.1049~1-4592c5]:main():compute-mfcc-feats.cc:182) Processed features for key SuiSiann_1859
VLOG[2] (compute-mfcc-feats[5.5.1049~1-4592c5]:main():compute-mfcc-feats.cc:182) Processed features for key SuiSiann_1860
VLOG[2] (compute-mfcc-feats[5.5.1049~1-4592c5]:main():compute-mfcc-feats.cc:182) Processed features for key SuiSiann_1861
LOG (compute-mfcc-feats[5.5.1049~1-4592c5]:main():compute-mfcc-feats.cc:181) Processed 140 utterances
VLOG[2] (compute-mfcc-feats[5.5.1049~1-4592c5]:main():compute-mfcc-feats.cc:182) Processed features for key SuiSiann_1863
VLOG[2] (compute-mfcc-feats[5.5.1049~1-4592c5]:main():compute-mfcc-feats.cc:182) Processed features for key SuiSiann_1865
VLOG[2] (compute-mfcc-feats[5.5.1049~1-4592c5]:main():compute-mfcc-feats.cc:182) Processed features for key SuiSiann_1866
VLOG[2] (compute-mfcc-feats[5.5.1049~1-4592c5]:main():compute-mfcc-feats.cc:182) Processed features for key SuiSiann_1867
VLOG[2] (compute-mfcc-feats[5.5.1049~1-4592c5]:main():compute-mfcc-feats.cc:182) Processed features for key SuiSiann_1869
VLOG[2] (compute-mfcc-feats[5.5.1049~1-4592c5]:main():compute-mfcc-feats.cc:182) Processed features for key SuiSiann_1870
VLOG[2] (compute-kaldi-pitch-feats[5.5.1049~1-4592c5]:main():compute-kaldi-pitch-feats.cc:107) Processed 150 utterances
VLOG[2] (compute-mfcc-feats[5.5.1049~1-4592c5]:main():compute-mfcc-feats.cc:182) Processed features for key SuiSiann_1874
VLOG[2] (compute-mfcc-feats[5.5.1049~1-4592c5]:main():compute-mfcc-feats.cc:182) Processed features for key SuiSiann_1875
VLOG[2] (compute-mfcc-feats[5.5.1049~1-4592c5]:main():compute-mfcc-feats.cc:182) Processed features for key SuiSiann_1878
VLOG[2] (compute-mfcc-feats[5.5.1049~1-4592c5]:main():compute-mfcc-feats.cc:182) Processed features for key SuiSiann_1879
LOG (compute-mfcc-feats[5.5.1049~1-4592c5]:main():compute-mfcc-feats.cc:181) Processed 150 utterances
VLOG[2] (compute-mfcc-feats[5.5.1049~1-4592c5]:main():compute-mfcc-feats.cc:182) Processed features for key SuiSiann_1880
VLOG[2] (compute-mfcc-feats[5.5.1049~1-4592c5]:main():compute-mfcc-feats.cc:182) Processed features for key SuiSiann_1881
VLOG[2] (compute-mfcc-feats[5.5.1049~1-4592c5]:main():compute-mfcc-feats.cc:182) Processed features for key SuiSiann_1883
VLOG[2] (compute-mfcc-feats[5.5.1049~1-4592c5]:main():compute-mfcc-feats.cc:182) Processed features for key SuiSiann_1884
VLOG[2] (compute-mfcc-feats[5.5.1049~1-4592c5]:main():compute-mfcc-feats.cc:182) Processed features for key SuiSiann_1887
VLOG[2] (compute-mfcc-feats[5.5.1049~1-4592c5]:main():compute-mfcc-feats.cc:182) Processed features for key SuiSiann_1888
VLOG[2] (compute-mfcc-feats[5.5.1049~1-4592c5]:main():compute-mfcc-feats.cc:182) Processed features for key SuiSiann_1889
VLOG[2] (compute-mfcc-feats[5.5.1049~1-4592c5]:main():compute-mfcc-feats.cc:182) Processed features for key SuiSiann_1890
VLOG[2] (compute-mfcc-feats[5.5.1049~1-4592c5]:main():compute-mfcc-feats.cc:182) Processed features for key SuiSiann_1891
VLOG[2] (compute-mfcc-feats[5.5.1049~1-4592c5]:main():compute-mfcc-feats.cc:182) Processed features for key SuiSiann_1893
LOG (compute-mfcc-feats[5.5.1049~1-4592c5]:main():compute-mfcc-feats.cc:181) Processed 160 utterances
VLOG[2] (compute-mfcc-feats[5.5.1049~1-4592c5]:main():compute-mfcc-feats.cc:182) Processed features for key SuiSiann_1894
VLOG[2] (compute-mfcc-feats[5.5.1049~1-4592c5]:main():compute-mfcc-feats.cc:182) Processed features for key SuiSiann_1895
VLOG[2] (compute-mfcc-feats[5.5.1049~1-4592c5]:main():compute-mfcc-feats.cc:182) Processed features for key SuiSiann_1896
VLOG[2] (compute-mfcc-feats[5.5.1049~1-4592c5]:main():compute-mfcc-feats.cc:182) Processed features for key SuiSiann_1897
VLOG[2] (compute-mfcc-feats[5.5.1049~1-4592c5]:main():compute-mfcc-feats.cc:182) Processed features for key SuiSiann_1898
VLOG[2] (compute-mfcc-feats[5.5.1049~1-4592c5]:main():compute-mfcc-feats.cc:182) Processed features for key SuiSiann_1899
VLOG[2] (compute-mfcc-feats[5.5.1049~1-4592c5]:main():compute-mfcc-feats.cc:182) Processed features for key SuiSiann_1900
VLOG[2] (compute-mfcc-feats[5.5.1049~1-4592c5]:main():compute-mfcc-feats.cc:182) Processed features for key SuiSiann_1901
VLOG[2] (compute-mfcc-feats[5.5.1049~1-4592c5]:main():compute-mfcc-feats.cc:182) Processed features for key SuiSiann_1902
VLOG[2] (compute-mfcc-feats[5.5.1049~1-4592c5]:main():compute-mfcc-feats.cc:182) Processed features for key SuiSiann_1903
LOG (compute-mfcc-feats[5.5.1049~1-4592c5]:main():compute-mfcc-feats.cc:181) Processed 170 utterances
VLOG[2] (compute-mfcc-feats[5.5.1049~1-4592c5]:main():compute-mfcc-feats.cc:182) Processed features for key SuiSiann_1904
VLOG[2] (compute-mfcc-feats[5.5.1049~1-4592c5]:main():compute-mfcc-feats.cc:182) Processed features for key SuiSiann_1905
VLOG[2] (compute-mfcc-feats[5.5.1049~1-4592c5]:main():compute-mfcc-feats.cc:182) Processed features for key SuiSiann_1907
VLOG[2] (compute-mfcc-feats[5.5.1049~1-4592c5]:main():compute-mfcc-feats.cc:182) Processed features for key SuiSiann_1908
VLOG[2] (compute-mfcc-feats[5.5.1049~1-4592c5]:main():compute-mfcc-feats.cc:182) Processed features for key SuiSiann_1909
VLOG[2] (compute-mfcc-feats[5.5.1049~1-4592c5]:main():compute-mfcc-feats.cc:182) Processed features for key SuiSiann_1912
VLOG[2] (compute-mfcc-feats[5.5.1049~1-4592c5]:main():compute-mfcc-feats.cc:182) Processed features for key SuiSiann_1913
VLOG[2] (compute-mfcc-feats[5.5.1049~1-4592c5]:main():compute-mfcc-feats.cc:182) Processed features for key SuiSiann_1914
VLOG[2] (compute-mfcc-feats[5.5.1049~1-4592c5]:main():compute-mfcc-feats.cc:182) Processed features for key SuiSiann_1915
VLOG[2] (compute-mfcc-feats[5.5.1049~1-4592c5]:main():compute-mfcc-feats.cc:182) Processed features for key SuiSiann_1916
LOG (compute-mfcc-feats[5.5.1049~1-4592c5]:main():compute-mfcc-feats.cc:181) Processed 180 utterances
VLOG[2] (compute-mfcc-feats[5.5.1049~1-4592c5]:main():compute-mfcc-feats.cc:182) Processed features for key SuiSiann_1917
VLOG[2] (compute-mfcc-feats[5.5.1049~1-4592c5]:main():compute-mfcc-feats.cc:182) Processed features for key SuiSiann_1918
LOG (compute-kaldi-pitch-feats[5.5.1049~1-4592c5]:main():compute-kaldi-pitch-feats.cc:110) Done 191 utterances, 0 with errors.
LOG (process-kaldi-pitch-feats[5.5.1049~1-4592c5]:main():process-kaldi-pitch-feats.cc:85) Post-processed pitch for 191 utterances.
VLOG[2] (compute-mfcc-feats[5.5.1049~1-4592c5]:main():compute-mfcc-feats.cc:182) Processed features for key SuiSiann_1919
VLOG[2] (compute-mfcc-feats[5.5.1049~1-4592c5]:main():compute-mfcc-feats.cc:182) Processed features for key SuiSiann_1921
VLOG[2] (compute-mfcc-feats[5.5.1049~1-4592c5]:main():compute-mfcc-feats.cc:182) Processed features for key SuiSiann_1923
VLOG[2] (compute-mfcc-feats[5.5.1049~1-4592c5]:main():compute-mfcc-feats.cc:182) Processed features for key SuiSiann_1924
VLOG[2] (compute-mfcc-feats[5.5.1049~1-4592c5]:main():compute-mfcc-feats.cc:182) Processed features for key SuiSiann_1925
VLOG[2] (compute-mfcc-feats[5.5.1049~1-4592c5]:main():compute-mfcc-feats.cc:182) Processed features for key SuiSiann_1927
VLOG[2] (compute-mfcc-feats[5.5.1049~1-4592c5]:main():compute-mfcc-feats.cc:182) Processed features for key SuiSiann_1928
VLOG[2] (compute-mfcc-feats[5.5.1049~1-4592c5]:main():compute-mfcc-feats.cc:182) Processed features for key SuiSiann_1929
LOG (compute-mfcc-feats[5.5.1049~1-4592c5]:main():compute-mfcc-feats.cc:181) Processed 190 utterances
VLOG[2] (compute-mfcc-feats[5.5.1049~1-4592c5]:main():compute-mfcc-feats.cc:182) Processed features for key SuiSiann_1932
VLOG[2] (compute-mfcc-feats[5.5.1049~1-4592c5]:main():compute-mfcc-feats.cc:182) Processed features for key SuiSiann_1935
LOG (compute-mfcc-feats[5.5.1049~1-4592c5]:main():compute-mfcc-feats.cc:185)  Done 191 out of 191 utterances.
LOG (paste-feats[5.5.1049~1-4592c5]:main():paste-feats.cc:158) Done 191 utts, errors on 0
LOG (copy-feats[5.5.1049~1-4592c5]:main():copy-feats.cc:143) Copied 191 feature matrices.
# Accounting: time=6 threads=1
# Ended (code 0) at Wed Sep 28 18:29:09 CST 2022, elapsed time 6 seconds
