# paste-feats --length-tolerance=2 "ark:compute-mfcc-feats  --write-utt2dur=ark,t:exp/make_hires/train/utt2dur.10 --verbose=2     --config=conf/mfcc_hires.conf scp,p:exp/make_hires/train/wav_train_hires.10.scp ark:- |" "ark,s,cs:compute-kaldi-pitch-feats --verbose=2       --config=conf/pitch.conf scp,p:exp/make_hires/train/wav_train_hires.10.scp ark:- |     process-kaldi-pitch-feats  ark:- ark:- |" ark:- | copy-feats --compress=true --write-num-frames=ark,t:exp/make_hires/train/utt2num_frames.10 ark:- ark,scp:/home/hanasay/kaldi/egs/formosa/s5/mfcc_perturbed_hires/raw_mfcc_pitch_train_hires.10.ark,/home/hanasay/kaldi/egs/formosa/s5/mfcc_perturbed_hires/raw_mfcc_pitch_train_hires.10.scp 
# Started at Wed Sep 28 18:29:03 CST 2022
#
copy-feats --compress=true --write-num-frames=ark,t:exp/make_hires/train/utt2num_frames.10 ark:- ark,scp:/home/hanasay/kaldi/egs/formosa/s5/mfcc_perturbed_hires/raw_mfcc_pitch_train_hires.10.ark,/home/hanasay/kaldi/egs/formosa/s5/mfcc_perturbed_hires/raw_mfcc_pitch_train_hires.10.scp 
paste-feats --length-tolerance=2 'ark:compute-mfcc-feats  --write-utt2dur=ark,t:exp/make_hires/train/utt2dur.10 --verbose=2     --config=conf/mfcc_hires.conf scp,p:exp/make_hires/train/wav_train_hires.10.scp ark:- |' 'ark,s,cs:compute-kaldi-pitch-feats --verbose=2       --config=conf/pitch.conf scp,p:exp/make_hires/train/wav_train_hires.10.scp ark:- |     process-kaldi-pitch-feats  ark:- ark:- |' ark:- 
compute-mfcc-feats --write-utt2dur=ark,t:exp/make_hires/train/utt2dur.10 --verbose=2 --config=conf/mfcc_hires.conf scp,p:exp/make_hires/train/wav_train_hires.10.scp ark:- 
VLOG[2] (compute-mfcc-feats[5.5.1049~1-4592c5]:main():compute-mfcc-feats.cc:182) Processed features for key SuiSiann_3178
VLOG[2] (compute-mfcc-feats[5.5.1049~1-4592c5]:main():compute-mfcc-feats.cc:182) Processed features for key SuiSiann_3179
compute-kaldi-pitch-feats --verbose=2 --config=conf/pitch.conf scp,p:exp/make_hires/train/wav_train_hires.10.scp ark:- 
process-kaldi-pitch-feats ark:- ark:- 
VLOG[2] (compute-mfcc-feats[5.5.1049~1-4592c5]:main():compute-mfcc-feats.cc:182) Processed features for key SuiSiann_3180
VLOG[2] (compute-mfcc-feats[5.5.1049~1-4592c5]:main():compute-mfcc-feats.cc:182) Processed features for key SuiSiann_3181
VLOG[2] (compute-mfcc-feats[5.5.1049~1-4592c5]:main():compute-mfcc-feats.cc:182) Processed features for key SuiSiann_3182
VLOG[2] (compute-mfcc-feats[5.5.1049~1-4592c5]:main():compute-mfcc-feats.cc:182) Processed features for key SuiSiann_3184
VLOG[2] (compute-mfcc-feats[5.5.1049~1-4592c5]:main():compute-mfcc-feats.cc:182) Processed features for key SuiSiann_3185
VLOG[2] (compute-mfcc-feats[5.5.1049~1-4592c5]:main():compute-mfcc-feats.cc:182) Processed features for key SuiSiann_3186
VLOG[2] (compute-mfcc-feats[5.5.1049~1-4592c5]:main():compute-mfcc-feats.cc:182) Processed features for key SuiSiann_3187
LOG (compute-mfcc-feats[5.5.1049~1-4592c5]:main():compute-mfcc-feats.cc:181) Processed 10 utterances
VLOG[2] (compute-mfcc-feats[5.5.1049~1-4592c5]:main():compute-mfcc-feats.cc:182) Processed features for key SuiSiann_3188
VLOG[2] (compute-mfcc-feats[5.5.1049~1-4592c5]:main():compute-mfcc-feats.cc:182) Processed features for key SuiSiann_3189
VLOG[2] (compute-mfcc-feats[5.5.1049~1-4592c5]:main():compute-mfcc-feats.cc:182) Processed features for key SuiSiann_3193
VLOG[2] (compute-mfcc-feats[5.5.1049~1-4592c5]:main():compute-mfcc-feats.cc:182) Processed features for key SuiSiann_3195
VLOG[2] (compute-mfcc-feats[5.5.1049~1-4592c5]:main():compute-mfcc-feats.cc:182) Processed features for key SuiSiann_3196
VLOG[2] (compute-mfcc-feats[5.5.1049~1-4592c5]:main():compute-mfcc-feats.cc:182) Processed features for key SuiSiann_3197
VLOG[2] (compute-mfcc-feats[5.5.1049~1-4592c5]:main():compute-mfcc-feats.cc:182) Processed features for key SuiSiann_3198
VLOG[2] (compute-mfcc-feats[5.5.1049~1-4592c5]:main():compute-mfcc-feats.cc:182) Processed features for key SuiSiann_3201
VLOG[2] (compute-mfcc-feats[5.5.1049~1-4592c5]:main():compute-mfcc-feats.cc:182) Processed features for key SuiSiann_3202
VLOG[2] (compute-mfcc-feats[5.5.1049~1-4592c5]:main():compute-mfcc-feats.cc:182) Processed features for key SuiSiann_3203
LOG (compute-mfcc-feats[5.5.1049~1-4592c5]:main():compute-mfcc-feats.cc:181) Processed 20 utterances
VLOG[2] (compute-mfcc-feats[5.5.1049~1-4592c5]:main():compute-mfcc-feats.cc:182) Processed features for key SuiSiann_3205
VLOG[2] (compute-mfcc-feats[5.5.1049~1-4592c5]:main():compute-mfcc-feats.cc:182) Processed features for key SuiSiann_3206
VLOG[2] (compute-mfcc-feats[5.5.1049~1-4592c5]:main():compute-mfcc-feats.cc:182) Processed features for key SuiSiann_3207
VLOG[2] (compute-mfcc-feats[5.5.1049~1-4592c5]:main():compute-mfcc-feats.cc:182) Processed features for key SuiSiann_3209
VLOG[2] (compute-mfcc-feats[5.5.1049~1-4592c5]:main():compute-mfcc-feats.cc:182) Processed features for key SuiSiann_3210
VLOG[2] (compute-mfcc-feats[5.5.1049~1-4592c5]:main():compute-mfcc-feats.cc:182) Processed features for key SuiSiann_3211
VLOG[2] (compute-mfcc-feats[5.5.1049~1-4592c5]:main():compute-mfcc-feats.cc:182) Processed features for key SuiSiann_3212
VLOG[2] (compute-mfcc-feats[5.5.1049~1-4592c5]:main():compute-mfcc-feats.cc:182) Processed features for key SuiSiann_3215
VLOG[2] (compute-mfcc-feats[5.5.1049~1-4592c5]:main():compute-mfcc-feats.cc:182) Processed features for key SuiSiann_3216
VLOG[2] (compute-mfcc-feats[5.5.1049~1-4592c5]:main():compute-mfcc-feats.cc:182) Processed features for key SuiSiann_3217
LOG (compute-mfcc-feats[5.5.1049~1-4592c5]:main():compute-mfcc-feats.cc:181) Processed 30 utterances
VLOG[2] (compute-mfcc-feats[5.5.1049~1-4592c5]:main():compute-mfcc-feats.cc:182) Processed features for key SuiSiann_3218
VLOG[2] (compute-mfcc-feats[5.5.1049~1-4592c5]:main():compute-mfcc-feats.cc:182) Processed features for key SuiSiann_3219
VLOG[2] (compute-mfcc-feats[5.5.1049~1-4592c5]:main():compute-mfcc-feats.cc:182) Processed features for key SuiSiann_3220
VLOG[2] (compute-mfcc-feats[5.5.1049~1-4592c5]:main():compute-mfcc-feats.cc:182) Processed features for key SuiSiann_3221
VLOG[2] (compute-mfcc-feats[5.5.1049~1-4592c5]:main():compute-mfcc-feats.cc:182) Processed features for key SuiSiann_3222
VLOG[2] (compute-mfcc-feats[5.5.1049~1-4592c5]:main():compute-mfcc-feats.cc:182) Processed features for key SuiSiann_3224
VLOG[2] (compute-mfcc-feats[5.5.1049~1-4592c5]:main():compute-mfcc-feats.cc:182) Processed features for key SuiSiann_3225
VLOG[2] (compute-mfcc-feats[5.5.1049~1-4592c5]:main():compute-mfcc-feats.cc:182) Processed features for key SuiSiann_3226
VLOG[2] (compute-mfcc-feats[5.5.1049~1-4592c5]:main():compute-mfcc-feats.cc:182) Processed features for key SuiSiann_3230
VLOG[2] (compute-mfcc-feats[5.5.1049~1-4592c5]:main():compute-mfcc-feats.cc:182) Processed features for key SuiSiann_3231
LOG (compute-mfcc-feats[5.5.1049~1-4592c5]:main():compute-mfcc-feats.cc:181) Processed 40 utterances
VLOG[2] (compute-mfcc-feats[5.5.1049~1-4592c5]:main():compute-mfcc-feats.cc:182) Processed features for key SuiSiann_3233
VLOG[2] (compute-mfcc-feats[5.5.1049~1-4592c5]:main():compute-mfcc-feats.cc:182) Processed features for key SuiSiann_3235
VLOG[2] (compute-mfcc-feats[5.5.1049~1-4592c5]:main():compute-mfcc-feats.cc:182) Processed features for key SuiSiann_3236
VLOG[2] (compute-mfcc-feats[5.5.1049~1-4592c5]:main():compute-mfcc-feats.cc:182) Processed features for key SuiSiann_3237
VLOG[2] (compute-mfcc-feats[5.5.1049~1-4592c5]:main():compute-mfcc-feats.cc:182) Processed features for key SuiSiann_3238
VLOG[2] (compute-mfcc-feats[5.5.1049~1-4592c5]:main():compute-mfcc-feats.cc:182) Processed features for key SuiSiann_3240
VLOG[2] (compute-mfcc-feats[5.5.1049~1-4592c5]:main():compute-mfcc-feats.cc:182) Processed features for key SuiSiann_3244
VLOG[2] (compute-mfcc-feats[5.5.1049~1-4592c5]:main():compute-mfcc-feats.cc:182) Processed features for key SuiSiann_3245
VLOG[2] (compute-mfcc-feats[5.5.1049~1-4592c5]:main():compute-mfcc-feats.cc:182) Processed features for key SuiSiann_3246
VLOG[2] (compute-mfcc-feats[5.5.1049~1-4592c5]:main():compute-mfcc-feats.cc:182) Processed features for key SuiSiann_3247
VLOG[2] (compute-kaldi-pitch-feats[5.5.1049~1-4592c5]:main():compute-kaldi-pitch-feats.cc:107) Processed 50 utterances
LOG (compute-mfcc-feats[5.5.1049~1-4592c5]:main():compute-mfcc-feats.cc:181) Processed 50 utterances
VLOG[2] (compute-mfcc-feats[5.5.1049~1-4592c5]:main():compute-mfcc-feats.cc:182) Processed features for key SuiSiann_3248
VLOG[2] (compute-mfcc-feats[5.5.1049~1-4592c5]:main():compute-mfcc-feats.cc:182) Processed features for key SuiSiann_3249
VLOG[2] (compute-mfcc-feats[5.5.1049~1-4592c5]:main():compute-mfcc-feats.cc:182) Processed features for key SuiSiann_3250
VLOG[2] (compute-mfcc-feats[5.5.1049~1-4592c5]:main():compute-mfcc-feats.cc:182) Processed features for key SuiSiann_3251
VLOG[2] (compute-mfcc-feats[5.5.1049~1-4592c5]:main():compute-mfcc-feats.cc:182) Processed features for key SuiSiann_3252
VLOG[2] (compute-mfcc-feats[5.5.1049~1-4592c5]:main():compute-mfcc-feats.cc:182) Processed features for key SuiSiann_3253
VLOG[2] (compute-mfcc-feats[5.5.1049~1-4592c5]:main():compute-mfcc-feats.cc:182) Processed features for key SuiSiann_3254
VLOG[2] (compute-mfcc-feats[5.5.1049~1-4592c5]:main():compute-mfcc-feats.cc:182) Processed features for key SuiSiann_3256
VLOG[2] (compute-mfcc-feats[5.5.1049~1-4592c5]:main():compute-mfcc-feats.cc:182) Processed features for key SuiSiann_3257
VLOG[2] (compute-mfcc-feats[5.5.1049~1-4592c5]:main():compute-mfcc-feats.cc:182) Processed features for key SuiSiann_3260
LOG (compute-mfcc-feats[5.5.1049~1-4592c5]:main():compute-mfcc-feats.cc:181) Processed 60 utterances
VLOG[2] (compute-mfcc-feats[5.5.1049~1-4592c5]:main():compute-mfcc-feats.cc:182) Processed features for key SuiSiann_3261
VLOG[2] (compute-mfcc-feats[5.5.1049~1-4592c5]:main():compute-mfcc-feats.cc:182) Processed features for key SuiSiann_3262
VLOG[2] (compute-mfcc-feats[5.5.1049~1-4592c5]:main():compute-mfcc-feats.cc:182) Processed features for key SuiSiann_3264
VLOG[2] (compute-mfcc-feats[5.5.1049~1-4592c5]:main():compute-mfcc-feats.cc:182) Processed features for key SuiSiann_3265
VLOG[2] (compute-mfcc-feats[5.5.1049~1-4592c5]:main():compute-mfcc-feats.cc:182) Processed features for key SuiSiann_3266
VLOG[2] (compute-mfcc-feats[5.5.1049~1-4592c5]:main():compute-mfcc-feats.cc:182) Processed features for key SuiSiann_3267
VLOG[2] (compute-mfcc-feats[5.5.1049~1-4592c5]:main():compute-mfcc-feats.cc:182) Processed features for key SuiSiann_3268
VLOG[2] (compute-mfcc-feats[5.5.1049~1-4592c5]:main():compute-mfcc-feats.cc:182) Processed features for key SuiSiann_3269
VLOG[2] (compute-mfcc-feats[5.5.1049~1-4592c5]:main():compute-mfcc-feats.cc:182) Processed features for key SuiSiann_3270
VLOG[2] (compute-mfcc-feats[5.5.1049~1-4592c5]:main():compute-mfcc-feats.cc:182) Processed features for key SuiSiann_3271
LOG (compute-mfcc-feats[5.5.1049~1-4592c5]:main():compute-mfcc-feats.cc:181) Processed 70 utterances
VLOG[2] (compute-mfcc-feats[5.5.1049~1-4592c5]:main():compute-mfcc-feats.cc:182) Processed features for key SuiSiann_3272
VLOG[2] (compute-mfcc-feats[5.5.1049~1-4592c5]:main():compute-mfcc-feats.cc:182) Processed features for key SuiSiann_3273
VLOG[2] (compute-mfcc-feats[5.5.1049~1-4592c5]:main():compute-mfcc-feats.cc:182) Processed features for key SuiSiann_3274
VLOG[2] (compute-mfcc-feats[5.5.1049~1-4592c5]:main():compute-mfcc-feats.cc:182) Processed features for key SuiSiann_3275
VLOG[2] (compute-mfcc-feats[5.5.1049~1-4592c5]:main():compute-mfcc-feats.cc:182) Processed features for key SuiSiann_3277
VLOG[2] (compute-mfcc-feats[5.5.1049~1-4592c5]:main():compute-mfcc-feats.cc:182) Processed features for key SuiSiann_3278
VLOG[2] (compute-mfcc-feats[5.5.1049~1-4592c5]:main():compute-mfcc-feats.cc:182) Processed features for key SuiSiann_3279
VLOG[2] (compute-mfcc-feats[5.5.1049~1-4592c5]:main():compute-mfcc-feats.cc:182) Processed features for key SuiSiann_3280
VLOG[2] (compute-mfcc-feats[5.5.1049~1-4592c5]:main():compute-mfcc-feats.cc:182) Processed features for key SuiSiann_3281
VLOG[2] (compute-mfcc-feats[5.5.1049~1-4592c5]:main():compute-mfcc-feats.cc:182) Processed features for key SuiSiann_3282
LOG (compute-mfcc-feats[5.5.1049~1-4592c5]:main():compute-mfcc-feats.cc:181) Processed 80 utterances
VLOG[2] (compute-mfcc-feats[5.5.1049~1-4592c5]:main():compute-mfcc-feats.cc:182) Processed features for key SuiSiann_3283
VLOG[2] (compute-mfcc-feats[5.5.1049~1-4592c5]:main():compute-mfcc-feats.cc:182) Processed features for key SuiSiann_3284
VLOG[2] (compute-mfcc-feats[5.5.1049~1-4592c5]:main():compute-mfcc-feats.cc:182) Processed features for key SuiSiann_3285
VLOG[2] (compute-mfcc-feats[5.5.1049~1-4592c5]:main():compute-mfcc-feats.cc:182) Processed features for key SuiSiann_3286
VLOG[2] (compute-mfcc-feats[5.5.1049~1-4592c5]:main():compute-mfcc-feats.cc:182) Processed features for key SuiSiann_3287
VLOG[2] (compute-mfcc-feats[5.5.1049~1-4592c5]:main():compute-mfcc-feats.cc:182) Processed features for key SuiSiann_3289
VLOG[2] (compute-mfcc-feats[5.5.1049~1-4592c5]:main():compute-mfcc-feats.cc:182) Processed features for key SuiSiann_3290
VLOG[2] (compute-mfcc-feats[5.5.1049~1-4592c5]:main():compute-mfcc-feats.cc:182) Processed features for key SuiSiann_3291
VLOG[2] (compute-mfcc-feats[5.5.1049~1-4592c5]:main():compute-mfcc-feats.cc:182) Processed features for key SuiSiann_3292
VLOG[2] (compute-mfcc-feats[5.5.1049~1-4592c5]:main():compute-mfcc-feats.cc:182) Processed features for key SuiSiann_3293
LOG (compute-mfcc-feats[5.5.1049~1-4592c5]:main():compute-mfcc-feats.cc:181) Processed 90 utterances
VLOG[2] (compute-mfcc-feats[5.5.1049~1-4592c5]:main():compute-mfcc-feats.cc:182) Processed features for key SuiSiann_3295
VLOG[2] (compute-mfcc-feats[5.5.1049~1-4592c5]:main():compute-mfcc-feats.cc:182) Processed features for key SuiSiann_3298
VLOG[2] (compute-mfcc-feats[5.5.1049~1-4592c5]:main():compute-mfcc-feats.cc:182) Processed features for key SuiSiann_3299
VLOG[2] (compute-mfcc-feats[5.5.1049~1-4592c5]:main():compute-mfcc-feats.cc:182) Processed features for key SuiSiann_3300
VLOG[2] (compute-mfcc-feats[5.5.1049~1-4592c5]:main():compute-mfcc-feats.cc:182) Processed features for key SuiSiann_3301
VLOG[2] (compute-mfcc-feats[5.5.1049~1-4592c5]:main():compute-mfcc-feats.cc:182) Processed features for key SuiSiann_3302
VLOG[2] (compute-mfcc-feats[5.5.1049~1-4592c5]:main():compute-mfcc-feats.cc:182) Processed features for key SuiSiann_3303
VLOG[2] (compute-mfcc-feats[5.5.1049~1-4592c5]:main():compute-mfcc-feats.cc:182) Processed features for key SuiSiann_3304
VLOG[2] (compute-mfcc-feats[5.5.1049~1-4592c5]:main():compute-mfcc-feats.cc:182) Processed features for key SuiSiann_3305
VLOG[2] (compute-mfcc-feats[5.5.1049~1-4592c5]:main():compute-mfcc-feats.cc:182) Processed features for key SuiSiann_3306
LOG (compute-mfcc-feats[5.5.1049~1-4592c5]:main():compute-mfcc-feats.cc:181) Processed 100 utterances
VLOG[2] (compute-mfcc-feats[5.5.1049~1-4592c5]:main():compute-mfcc-feats.cc:182) Processed features for key SuiSiann_3307
VLOG[2] (compute-mfcc-feats[5.5.1049~1-4592c5]:main():compute-mfcc-feats.cc:182) Processed features for key SuiSiann_3308
VLOG[2] (compute-kaldi-pitch-feats[5.5.1049~1-4592c5]:main():compute-kaldi-pitch-feats.cc:107) Processed 100 utterances
VLOG[2] (compute-mfcc-feats[5.5.1049~1-4592c5]:main():compute-mfcc-feats.cc:182) Processed features for key SuiSiann_3309
VLOG[2] (compute-mfcc-feats[5.5.1049~1-4592c5]:main():compute-mfcc-feats.cc:182) Processed features for key SuiSiann_3311
VLOG[2] (compute-mfcc-feats[5.5.1049~1-4592c5]:main():compute-mfcc-feats.cc:182) Processed features for key SuiSiann_3312
VLOG[2] (compute-mfcc-feats[5.5.1049~1-4592c5]:main():compute-mfcc-feats.cc:182) Processed features for key SuiSiann_3313
VLOG[2] (compute-mfcc-feats[5.5.1049~1-4592c5]:main():compute-mfcc-feats.cc:182) Processed features for key SuiSiann_3314
VLOG[2] (compute-mfcc-feats[5.5.1049~1-4592c5]:main():compute-mfcc-feats.cc:182) Processed features for key SuiSiann_3315
VLOG[2] (compute-mfcc-feats[5.5.1049~1-4592c5]:main():compute-mfcc-feats.cc:182) Processed features for key SuiSiann_3316
VLOG[2] (compute-mfcc-feats[5.5.1049~1-4592c5]:main():compute-mfcc-feats.cc:182) Processed features for key SuiSiann_3317
LOG (compute-mfcc-feats[5.5.1049~1-4592c5]:main():compute-mfcc-feats.cc:181) Processed 110 utterances
VLOG[2] (compute-mfcc-feats[5.5.1049~1-4592c5]:main():compute-mfcc-feats.cc:182) Processed features for key SuiSiann_3318
VLOG[2] (compute-mfcc-feats[5.5.1049~1-4592c5]:main():compute-mfcc-feats.cc:182) Processed features for key SuiSiann_3319
VLOG[2] (compute-mfcc-feats[5.5.1049~1-4592c5]:main():compute-mfcc-feats.cc:182) Processed features for key SuiSiann_3320
VLOG[2] (compute-mfcc-feats[5.5.1049~1-4592c5]:main():compute-mfcc-feats.cc:182) Processed features for key SuiSiann_3321
VLOG[2] (compute-mfcc-feats[5.5.1049~1-4592c5]:main():compute-mfcc-feats.cc:182) Processed features for key SuiSiann_3322
VLOG[2] (compute-mfcc-feats[5.5.1049~1-4592c5]:main():compute-mfcc-feats.cc:182) Processed features for key SuiSiann_3330
VLOG[2] (compute-mfcc-feats[5.5.1049~1-4592c5]:main():compute-mfcc-feats.cc:182) Processed features for key SuiSiann_3331
VLOG[2] (compute-mfcc-feats[5.5.1049~1-4592c5]:main():compute-mfcc-feats.cc:182) Processed features for key SuiSiann_3333
VLOG[2] (compute-mfcc-feats[5.5.1049~1-4592c5]:main():compute-mfcc-feats.cc:182) Processed features for key SuiSiann_3334
VLOG[2] (compute-mfcc-feats[5.5.1049~1-4592c5]:main():compute-mfcc-feats.cc:182) Processed features for key SuiSiann_3335
LOG (compute-mfcc-feats[5.5.1049~1-4592c5]:main():compute-mfcc-feats.cc:181) Processed 120 utterances
VLOG[2] (compute-mfcc-feats[5.5.1049~1-4592c5]:main():compute-mfcc-feats.cc:182) Processed features for key SuiSiann_3336
VLOG[2] (compute-mfcc-feats[5.5.1049~1-4592c5]:main():compute-mfcc-feats.cc:182) Processed features for key SuiSiann_3337
VLOG[2] (compute-mfcc-feats[5.5.1049~1-4592c5]:main():compute-mfcc-feats.cc:182) Processed features for key SuiSiann_3338
VLOG[2] (compute-mfcc-feats[5.5.1049~1-4592c5]:main():compute-mfcc-feats.cc:182) Processed features for key SuiSiann_3339
VLOG[2] (compute-mfcc-feats[5.5.1049~1-4592c5]:main():compute-mfcc-feats.cc:182) Processed features for key SuiSiann_3341
VLOG[2] (compute-mfcc-feats[5.5.1049~1-4592c5]:main():compute-mfcc-feats.cc:182) Processed features for key SuiSiann_3342
VLOG[2] (compute-mfcc-feats[5.5.1049~1-4592c5]:main():compute-mfcc-feats.cc:182) Processed features for key SuiSiann_3343
VLOG[2] (compute-mfcc-feats[5.5.1049~1-4592c5]:main():compute-mfcc-feats.cc:182) Processed features for key SuiSiann_3344
VLOG[2] (compute-mfcc-feats[5.5.1049~1-4592c5]:main():compute-mfcc-feats.cc:182) Processed features for key SuiSiann_3345
VLOG[2] (compute-mfcc-feats[5.5.1049~1-4592c5]:main():compute-mfcc-feats.cc:182) Processed features for key SuiSiann_3346
LOG (compute-mfcc-feats[5.5.1049~1-4592c5]:main():compute-mfcc-feats.cc:181) Processed 130 utterances
VLOG[2] (compute-mfcc-feats[5.5.1049~1-4592c5]:main():compute-mfcc-feats.cc:182) Processed features for key SuiSiann_3347
VLOG[2] (compute-mfcc-feats[5.5.1049~1-4592c5]:main():compute-mfcc-feats.cc:182) Processed features for key SuiSiann_3348
VLOG[2] (compute-mfcc-feats[5.5.1049~1-4592c5]:main():compute-mfcc-feats.cc:182) Processed features for key SuiSiann_3349
VLOG[2] (compute-mfcc-feats[5.5.1049~1-4592c5]:main():compute-mfcc-feats.cc:182) Processed features for key SuiSiann_3351
VLOG[2] (compute-mfcc-feats[5.5.1049~1-4592c5]:main():compute-mfcc-feats.cc:182) Processed features for key SuiSiann_3353
VLOG[2] (compute-mfcc-feats[5.5.1049~1-4592c5]:main():compute-mfcc-feats.cc:182) Processed features for key SuiSiann_3356
VLOG[2] (compute-mfcc-feats[5.5.1049~1-4592c5]:main():compute-mfcc-feats.cc:182) Processed features for key SuiSiann_3358
VLOG[2] (compute-mfcc-feats[5.5.1049~1-4592c5]:main():compute-mfcc-feats.cc:182) Processed features for key SuiSiann_3359
VLOG[2] (compute-mfcc-feats[5.5.1049~1-4592c5]:main():compute-mfcc-feats.cc:182) Processed features for key SuiSiann_3360
VLOG[2] (compute-mfcc-feats[5.5.1049~1-4592c5]:main():compute-mfcc-feats.cc:182) Processed features for key SuiSiann_3362
LOG (compute-mfcc-feats[5.5.1049~1-4592c5]:main():compute-mfcc-feats.cc:181) Processed 140 utterances
VLOG[2] (compute-mfcc-feats[5.5.1049~1-4592c5]:main():compute-mfcc-feats.cc:182) Processed features for key SuiSiann_3363
VLOG[2] (compute-mfcc-feats[5.5.1049~1-4592c5]:main():compute-mfcc-feats.cc:182) Processed features for key SuiSiann_3364
VLOG[2] (compute-mfcc-feats[5.5.1049~1-4592c5]:main():compute-mfcc-feats.cc:182) Processed features for key SuiSiann_3365
VLOG[2] (compute-mfcc-feats[5.5.1049~1-4592c5]:main():compute-mfcc-feats.cc:182) Processed features for key SuiSiann_3366
VLOG[2] (compute-mfcc-feats[5.5.1049~1-4592c5]:main():compute-mfcc-feats.cc:182) Processed features for key SuiSiann_3367
VLOG[2] (compute-mfcc-feats[5.5.1049~1-4592c5]:main():compute-mfcc-feats.cc:182) Processed features for key SuiSiann_3368
VLOG[2] (compute-mfcc-feats[5.5.1049~1-4592c5]:main():compute-mfcc-feats.cc:182) Processed features for key SuiSiann_3369
VLOG[2] (compute-mfcc-feats[5.5.1049~1-4592c5]:main():compute-mfcc-feats.cc:182) Processed features for key SuiSiann_3370
VLOG[2] (compute-mfcc-feats[5.5.1049~1-4592c5]:main():compute-mfcc-feats.cc:182) Processed features for key SuiSiann_3371
VLOG[2] (compute-mfcc-feats[5.5.1049~1-4592c5]:main():compute-mfcc-feats.cc:182) Processed features for key SuiSiann_3373
LOG (compute-mfcc-feats[5.5.1049~1-4592c5]:main():compute-mfcc-feats.cc:181) Processed 150 utterances
VLOG[2] (compute-mfcc-feats[5.5.1049~1-4592c5]:main():compute-mfcc-feats.cc:182) Processed features for key SuiSiann_3374
VLOG[2] (compute-kaldi-pitch-feats[5.5.1049~1-4592c5]:main():compute-kaldi-pitch-feats.cc:107) Processed 150 utterances
VLOG[2] (compute-mfcc-feats[5.5.1049~1-4592c5]:main():compute-mfcc-feats.cc:182) Processed features for key SuiSiann_3375
VLOG[2] (compute-mfcc-feats[5.5.1049~1-4592c5]:main():compute-mfcc-feats.cc:182) Processed features for key SuiSiann_3376
VLOG[2] (compute-mfcc-feats[5.5.1049~1-4592c5]:main():compute-mfcc-feats.cc:182) Processed features for key SuiSiann_3377
VLOG[2] (compute-mfcc-feats[5.5.1049~1-4592c5]:main():compute-mfcc-feats.cc:182) Processed features for key SuiSiann_3378
VLOG[2] (compute-mfcc-feats[5.5.1049~1-4592c5]:main():compute-mfcc-feats.cc:182) Processed features for key SuiSiann_3379
VLOG[2] (compute-mfcc-feats[5.5.1049~1-4592c5]:main():compute-mfcc-feats.cc:182) Processed features for key SuiSiann_3380
VLOG[2] (compute-mfcc-feats[5.5.1049~1-4592c5]:main():compute-mfcc-feats.cc:182) Processed features for key SuiSiann_3381
VLOG[2] (compute-mfcc-feats[5.5.1049~1-4592c5]:main():compute-mfcc-feats.cc:182) Processed features for key SuiSiann_3382
VLOG[2] (compute-mfcc-feats[5.5.1049~1-4592c5]:main():compute-mfcc-feats.cc:182) Processed features for key SuiSiann_3383
LOG (compute-mfcc-feats[5.5.1049~1-4592c5]:main():compute-mfcc-feats.cc:181) Processed 160 utterances
VLOG[2] (compute-mfcc-feats[5.5.1049~1-4592c5]:main():compute-mfcc-feats.cc:182) Processed features for key SuiSiann_3384
VLOG[2] (compute-mfcc-feats[5.5.1049~1-4592c5]:main():compute-mfcc-feats.cc:182) Processed features for key SuiSiann_3388
VLOG[2] (compute-mfcc-feats[5.5.1049~1-4592c5]:main():compute-mfcc-feats.cc:182) Processed features for key SuiSiann_3389
VLOG[2] (compute-mfcc-feats[5.5.1049~1-4592c5]:main():compute-mfcc-feats.cc:182) Processed features for key SuiSiann_3390
VLOG[2] (compute-mfcc-feats[5.5.1049~1-4592c5]:main():compute-mfcc-feats.cc:182) Processed features for key SuiSiann_3394
VLOG[2] (compute-mfcc-feats[5.5.1049~1-4592c5]:main():compute-mfcc-feats.cc:182) Processed features for key SuiSiann_3399
VLOG[2] (compute-mfcc-feats[5.5.1049~1-4592c5]:main():compute-mfcc-feats.cc:182) Processed features for key SuiSiann_3400
VLOG[2] (compute-mfcc-feats[5.5.1049~1-4592c5]:main():compute-mfcc-feats.cc:182) Processed features for key SuiSiann_3401
VLOG[2] (compute-mfcc-feats[5.5.1049~1-4592c5]:main():compute-mfcc-feats.cc:182) Processed features for key SuiSiann_3406
VLOG[2] (compute-mfcc-feats[5.5.1049~1-4592c5]:main():compute-mfcc-feats.cc:182) Processed features for key SuiSiann_3410
LOG (compute-mfcc-feats[5.5.1049~1-4592c5]:main():compute-mfcc-feats.cc:181) Processed 170 utterances
VLOG[2] (compute-mfcc-feats[5.5.1049~1-4592c5]:main():compute-mfcc-feats.cc:182) Processed features for key SuiSiann_3411
VLOG[2] (compute-mfcc-feats[5.5.1049~1-4592c5]:main():compute-mfcc-feats.cc:182) Processed features for key SuiSiann_3416
VLOG[2] (compute-mfcc-feats[5.5.1049~1-4592c5]:main():compute-mfcc-feats.cc:182) Processed features for key SuiSiann_3418
VLOG[2] (compute-mfcc-feats[5.5.1049~1-4592c5]:main():compute-mfcc-feats.cc:182) Processed features for key SuiSiann_3422
VLOG[2] (compute-mfcc-feats[5.5.1049~1-4592c5]:main():compute-mfcc-feats.cc:182) Processed features for key SuiSiann_3430
VLOG[2] (compute-mfcc-feats[5.5.1049~1-4592c5]:main():compute-mfcc-feats.cc:182) Processed features for key SuiSiann_3431
VLOG[2] (compute-mfcc-feats[5.5.1049~1-4592c5]:main():compute-mfcc-feats.cc:182) Processed features for key SuiSiann_3439
VLOG[2] (compute-mfcc-feats[5.5.1049~1-4592c5]:main():compute-mfcc-feats.cc:182) Processed features for key SuiSiann_3440
VLOG[2] (compute-mfcc-feats[5.5.1049~1-4592c5]:main():compute-mfcc-feats.cc:182) Processed features for key SuiSiann_3441
VLOG[2] (compute-mfcc-feats[5.5.1049~1-4592c5]:main():compute-mfcc-feats.cc:182) Processed features for key SuiSiann_3442
LOG (compute-mfcc-feats[5.5.1049~1-4592c5]:main():compute-mfcc-feats.cc:181) Processed 180 utterances
VLOG[2] (compute-mfcc-feats[5.5.1049~1-4592c5]:main():compute-mfcc-feats.cc:182) Processed features for key SuiSiann_3443
VLOG[2] (compute-mfcc-feats[5.5.1049~1-4592c5]:main():compute-mfcc-feats.cc:182) Processed features for key SuiSiann_3444
VLOG[2] (compute-mfcc-feats[5.5.1049~1-4592c5]:main():compute-mfcc-feats.cc:182) Processed features for key SuiSiann_3447
VLOG[2] (compute-mfcc-feats[5.5.1049~1-4592c5]:main():compute-mfcc-feats.cc:182) Processed features for key SuiSiann_3450
VLOG[2] (compute-mfcc-feats[5.5.1049~1-4592c5]:main():compute-mfcc-feats.cc:182) Processed features for key SuiSiann_3453
VLOG[2] (compute-mfcc-feats[5.5.1049~1-4592c5]:main():compute-mfcc-feats.cc:182) Processed features for key SuiSiann_3455
VLOG[2] (compute-mfcc-feats[5.5.1049~1-4592c5]:main():compute-mfcc-feats.cc:182) Processed features for key SuiSiann_3457
LOG (compute-kaldi-pitch-feats[5.5.1049~1-4592c5]:main():compute-kaldi-pitch-feats.cc:110) Done 190 utterances, 0 with errors.
LOG (process-kaldi-pitch-feats[5.5.1049~1-4592c5]:main():process-kaldi-pitch-feats.cc:85) Post-processed pitch for 190 utterances.
VLOG[2] (compute-mfcc-feats[5.5.1049~1-4592c5]:main():compute-mfcc-feats.cc:182) Processed features for key SuiSiann_3460
VLOG[2] (compute-mfcc-feats[5.5.1049~1-4592c5]:main():compute-mfcc-feats.cc:182) Processed features for key SuiSiann_3464
VLOG[2] (compute-mfcc-feats[5.5.1049~1-4592c5]:main():compute-mfcc-feats.cc:182) Processed features for key SuiSiann_3465
LOG (compute-mfcc-feats[5.5.1049~1-4592c5]:main():compute-mfcc-feats.cc:181) Processed 190 utterances
VLOG[2] (compute-mfcc-feats[5.5.1049~1-4592c5]:main():compute-mfcc-feats.cc:182) Processed features for key SuiSiann_3467
LOG (compute-mfcc-feats[5.5.1049~1-4592c5]:main():compute-mfcc-feats.cc:185)  Done 190 out of 190 utterances.
LOG (paste-feats[5.5.1049~1-4592c5]:main():paste-feats.cc:158) Done 190 utts, errors on 0
LOG (copy-feats[5.5.1049~1-4592c5]:main():copy-feats.cc:143) Copied 190 feature matrices.
# Accounting: time=8 threads=1
# Ended (code 0) at Wed Sep 28 18:29:11 CST 2022, elapsed time 8 seconds
