# gmm-acc-stats-ali exp/tri3a/26.mdl "ark,s,cs:apply-cmvn  --utt2spk=ark:data/train/split1/1/utt2spk scp:data/train/split1/1/cmvn.scp scp:data/train/split1/1/feats.scp ark:- | splice-feats  ark:- ark:- | transform-feats exp/tri3a/12.mat ark:- ark:- |" "ark,s,cs:gunzip -c exp/tri3a/ali.1.gz|" exp/tri3a/26.1.acc 
# Started at Wed Sep 28 18:07:26 CST 2022
#
gmm-acc-stats-ali exp/tri3a/26.mdl 'ark,s,cs:apply-cmvn  --utt2spk=ark:data/train/split1/1/utt2spk scp:data/train/split1/1/cmvn.scp scp:data/train/split1/1/feats.scp ark:- | splice-feats  ark:- ark:- | transform-feats exp/tri3a/12.mat ark:- ark:- |' 'ark,s,cs:gunzip -c exp/tri3a/ali.1.gz|' exp/tri3a/26.1.acc 
transform-feats exp/tri3a/12.mat ark:- ark:- 
splice-feats ark:- ark:- 
apply-cmvn --utt2spk=ark:data/train/split1/1/utt2spk scp:data/train/split1/1/cmvn.scp scp:data/train/split1/1/feats.scp ark:- 
LOG (gmm-acc-stats-ali[5.5.1049~1-4592c5]:main():gmm-acc-stats-ali.cc:105) Processed 50 utterances; for utterance SuiSiann_0071 avg. like is -45.6957 over 96 frames.
LOG (gmm-acc-stats-ali[5.5.1049~1-4592c5]:main():gmm-acc-stats-ali.cc:105) Processed 100 utterances; for utterance SuiSiann_0301 avg. like is -36.8578 over 99 frames.
LOG (gmm-acc-stats-ali[5.5.1049~1-4592c5]:main():gmm-acc-stats-ali.cc:105) Processed 150 utterances; for utterance SuiSiann_0392 avg. like is -37.8838 over 207 frames.
LOG (gmm-acc-stats-ali[5.5.1049~1-4592c5]:main():gmm-acc-stats-ali.cc:105) Processed 200 utterances; for utterance SuiSiann_0460 avg. like is -48.8005 over 204 frames.
LOG (gmm-acc-stats-ali[5.5.1049~1-4592c5]:main():gmm-acc-stats-ali.cc:105) Processed 250 utterances; for utterance SuiSiann_0520 avg. like is -45.8147 over 162 frames.
LOG (gmm-acc-stats-ali[5.5.1049~1-4592c5]:main():gmm-acc-stats-ali.cc:105) Processed 300 utterances; for utterance SuiSiann_0593 avg. like is -49.5763 over 321 frames.
LOG (gmm-acc-stats-ali[5.5.1049~1-4592c5]:main():gmm-acc-stats-ali.cc:105) Processed 350 utterances; for utterance SuiSiann_0943 avg. like is -45.2152 over 969 frames.
LOG (gmm-acc-stats-ali[5.5.1049~1-4592c5]:main():gmm-acc-stats-ali.cc:105) Processed 400 utterances; for utterance SuiSiann_1038 avg. like is -45.4836 over 528 frames.
LOG (gmm-acc-stats-ali[5.5.1049~1-4592c5]:main():gmm-acc-stats-ali.cc:105) Processed 450 utterances; for utterance SuiSiann_1129 avg. like is -46.5351 over 804 frames.
WARNING (gmm-acc-stats-ali[5.5.1049~1-4592c5]:main():gmm-acc-stats-ali.cc:79) No alignment for utterance SuiSiann_1137
LOG (gmm-acc-stats-ali[5.5.1049~1-4592c5]:main():gmm-acc-stats-ali.cc:105) Processed 500 utterances; for utterance SuiSiann_1265 avg. like is -47.7506 over 1197 frames.
LOG (gmm-acc-stats-ali[5.5.1049~1-4592c5]:main():gmm-acc-stats-ali.cc:105) Processed 550 utterances; for utterance SuiSiann_1357 avg. like is -43.6869 over 1275 frames.
LOG (gmm-acc-stats-ali[5.5.1049~1-4592c5]:main():gmm-acc-stats-ali.cc:105) Processed 600 utterances; for utterance SuiSiann_1433 avg. like is -48.4836 over 198 frames.
LOG (gmm-acc-stats-ali[5.5.1049~1-4592c5]:main():gmm-acc-stats-ali.cc:105) Processed 650 utterances; for utterance SuiSiann_1497 avg. like is -41.627 over 153 frames.
LOG (gmm-acc-stats-ali[5.5.1049~1-4592c5]:main():gmm-acc-stats-ali.cc:105) Processed 700 utterances; for utterance SuiSiann_1584 avg. like is -52.2806 over 147 frames.
LOG (gmm-acc-stats-ali[5.5.1049~1-4592c5]:main():gmm-acc-stats-ali.cc:105) Processed 750 utterances; for utterance SuiSiann_1656 avg. like is -46.4171 over 318 frames.
LOG (gmm-acc-stats-ali[5.5.1049~1-4592c5]:main():gmm-acc-stats-ali.cc:105) Processed 800 utterances; for utterance SuiSiann_1724 avg. like is -50.4453 over 399 frames.
LOG (gmm-acc-stats-ali[5.5.1049~1-4592c5]:main():gmm-acc-stats-ali.cc:105) Processed 850 utterances; for utterance SuiSiann_1795 avg. like is -33.8678 over 72 frames.
WARNING (gmm-acc-stats-ali[5.5.1049~1-4592c5]:main():gmm-acc-stats-ali.cc:79) No alignment for utterance SuiSiann_1841
LOG (gmm-acc-stats-ali[5.5.1049~1-4592c5]:main():gmm-acc-stats-ali.cc:105) Processed 900 utterances; for utterance SuiSiann_1860 avg. like is -37.5359 over 243 frames.
WARNING (gmm-acc-stats-ali[5.5.1049~1-4592c5]:main():gmm-acc-stats-ali.cc:79) No alignment for utterance SuiSiann_1866
LOG (gmm-acc-stats-ali[5.5.1049~1-4592c5]:main():gmm-acc-stats-ali.cc:105) Processed 950 utterances; for utterance SuiSiann_1929 avg. like is -49.2944 over 180 frames.
LOG (gmm-acc-stats-ali[5.5.1049~1-4592c5]:main():gmm-acc-stats-ali.cc:105) Processed 1000 utterances; for utterance SuiSiann_2000 avg. like is -41.6632 over 81 frames.
WARNING (gmm-acc-stats-ali[5.5.1049~1-4592c5]:main():gmm-acc-stats-ali.cc:79) No alignment for utterance SuiSiann_2025
LOG (gmm-acc-stats-ali[5.5.1049~1-4592c5]:main():gmm-acc-stats-ali.cc:105) Processed 1050 utterances; for utterance SuiSiann_2069 avg. like is -43.8699 over 426 frames.
LOG (gmm-acc-stats-ali[5.5.1049~1-4592c5]:main():gmm-acc-stats-ali.cc:105) Processed 1100 utterances; for utterance SuiSiann_2181 avg. like is -43.2714 over 963 frames.
WARNING (gmm-acc-stats-ali[5.5.1049~1-4592c5]:main():gmm-acc-stats-ali.cc:79) No alignment for utterance SuiSiann_2275
LOG (gmm-acc-stats-ali[5.5.1049~1-4592c5]:main():gmm-acc-stats-ali.cc:105) Processed 1150 utterances; for utterance SuiSiann_2298 avg. like is -47.4242 over 267 frames.
LOG (gmm-acc-stats-ali[5.5.1049~1-4592c5]:main():gmm-acc-stats-ali.cc:105) Processed 1200 utterances; for utterance SuiSiann_2360 avg. like is -45.2821 over 387 frames.
LOG (gmm-acc-stats-ali[5.5.1049~1-4592c5]:main():gmm-acc-stats-ali.cc:105) Processed 1250 utterances; for utterance SuiSiann_2422 avg. like is -45.9965 over 408 frames.
WARNING (gmm-acc-stats-ali[5.5.1049~1-4592c5]:main():gmm-acc-stats-ali.cc:79) No alignment for utterance SuiSiann_2437
WARNING (gmm-acc-stats-ali[5.5.1049~1-4592c5]:main():gmm-acc-stats-ali.cc:79) No alignment for utterance SuiSiann_2491
LOG (gmm-acc-stats-ali[5.5.1049~1-4592c5]:main():gmm-acc-stats-ali.cc:105) Processed 1300 utterances; for utterance SuiSiann_2492 avg. like is -42.6149 over 849 frames.
WARNING (gmm-acc-stats-ali[5.5.1049~1-4592c5]:main():gmm-acc-stats-ali.cc:79) No alignment for utterance SuiSiann_2493
LOG (gmm-acc-stats-ali[5.5.1049~1-4592c5]:main():gmm-acc-stats-ali.cc:105) Processed 1350 utterances; for utterance SuiSiann_2565 avg. like is -46.0831 over 138 frames.
LOG (gmm-acc-stats-ali[5.5.1049~1-4592c5]:main():gmm-acc-stats-ali.cc:105) Processed 1400 utterances; for utterance SuiSiann_2640 avg. like is -53.9322 over 42 frames.
LOG (gmm-acc-stats-ali[5.5.1049~1-4592c5]:main():gmm-acc-stats-ali.cc:105) Processed 1450 utterances; for utterance SuiSiann_2719 avg. like is -41.778 over 435 frames.
LOG (gmm-acc-stats-ali[5.5.1049~1-4592c5]:main():gmm-acc-stats-ali.cc:105) Processed 1500 utterances; for utterance SuiSiann_2797 avg. like is -46.1935 over 453 frames.
LOG (gmm-acc-stats-ali[5.5.1049~1-4592c5]:main():gmm-acc-stats-ali.cc:105) Processed 1550 utterances; for utterance SuiSiann_2911 avg. like is -47.7874 over 636 frames.
LOG (gmm-acc-stats-ali[5.5.1049~1-4592c5]:main():gmm-acc-stats-ali.cc:105) Processed 1600 utterances; for utterance SuiSiann_3010 avg. like is -46.2047 over 492 frames.
LOG (gmm-acc-stats-ali[5.5.1049~1-4592c5]:main():gmm-acc-stats-ali.cc:105) Processed 1650 utterances; for utterance SuiSiann_3081 avg. like is -47.1931 over 171 frames.
LOG (gmm-acc-stats-ali[5.5.1049~1-4592c5]:main():gmm-acc-stats-ali.cc:105) Processed 1700 utterances; for utterance SuiSiann_3161 avg. like is -49.3174 over 366 frames.
LOG (gmm-acc-stats-ali[5.5.1049~1-4592c5]:main():gmm-acc-stats-ali.cc:105) Processed 1750 utterances; for utterance SuiSiann_3235 avg. like is -43.5899 over 657 frames.
LOG (gmm-acc-stats-ali[5.5.1049~1-4592c5]:main():gmm-acc-stats-ali.cc:105) Processed 1800 utterances; for utterance SuiSiann_3298 avg. like is -52.0935 over 177 frames.
LOG (gmm-acc-stats-ali[5.5.1049~1-4592c5]:main():gmm-acc-stats-ali.cc:105) Processed 1850 utterances; for utterance SuiSiann_3364 avg. like is -50.0088 over 549 frames.
LOG (apply-cmvn[5.5.1049~1-4592c5]:main():apply-cmvn.cc:162) Applied cepstral mean normalization to 1907 utterances, errors on 0
LOG (transform-feats[5.5.1049~1-4592c5]:main():transform-feats.cc:158) Overall average [pseudo-]logdet is -23.9099 over 792377 frames.
LOG (transform-feats[5.5.1049~1-4592c5]:main():transform-feats.cc:161) Applied transform to 1907 utterances; 0 had errors.
LOG (gmm-acc-stats-ali[5.5.1049~1-4592c5]:main():gmm-acc-stats-ali.cc:112) Done 1899 files, 8 with errors.
LOG (gmm-acc-stats-ali[5.5.1049~1-4592c5]:main():gmm-acc-stats-ali.cc:115) Overall avg like per frame (Gaussian only) = -45.9146 over 788240 frames.
LOG (gmm-acc-stats-ali[5.5.1049~1-4592c5]:main():gmm-acc-stats-ali.cc:123) Written accs.
# Accounting: time=1 threads=1
# Ended (code 0) at Wed Sep 28 18:07:27 CST 2022, elapsed time 1 seconds
