# gmm-acc-stats-ali exp/tri3a/22.mdl "ark,s,cs:apply-cmvn  --utt2spk=ark:data/train/split1/1/utt2spk scp:data/train/split1/1/cmvn.scp scp:data/train/split1/1/feats.scp ark:- | splice-feats  ark:- ark:- | transform-feats exp/tri3a/12.mat ark:- ark:- |" "ark,s,cs:gunzip -c exp/tri3a/ali.1.gz|" exp/tri3a/22.1.acc 
# Started at Wed Sep  7 14:46:18 CST 2022
#
gmm-acc-stats-ali exp/tri3a/22.mdl 'ark,s,cs:apply-cmvn  --utt2spk=ark:data/train/split1/1/utt2spk scp:data/train/split1/1/cmvn.scp scp:data/train/split1/1/feats.scp ark:- | splice-feats  ark:- ark:- | transform-feats exp/tri3a/12.mat ark:- ark:- |' 'ark,s,cs:gunzip -c exp/tri3a/ali.1.gz|' exp/tri3a/22.1.acc 
transform-feats exp/tri3a/12.mat ark:- ark:- 
splice-feats ark:- ark:- 
apply-cmvn --utt2spk=ark:data/train/split1/1/utt2spk scp:data/train/split1/1/cmvn.scp scp:data/train/split1/1/feats.scp ark:- 
LOG (gmm-acc-stats-ali[5.5.1047~1-09a63]:main():gmm-acc-stats-ali.cc:105) Processed 50 utterances; for utterance SuiSiann_1049 avg. like is -51.556 over 315 frames.
LOG (gmm-acc-stats-ali[5.5.1047~1-09a63]:main():gmm-acc-stats-ali.cc:105) Processed 100 utterances; for utterance SuiSiann_1099 avg. like is -58.3587 over 900 frames.
LOG (gmm-acc-stats-ali[5.5.1047~1-09a63]:main():gmm-acc-stats-ali.cc:105) Processed 150 utterances; for utterance SuiSiann_1149 avg. like is -58.7808 over 1131 frames.
LOG (gmm-acc-stats-ali[5.5.1047~1-09a63]:main():gmm-acc-stats-ali.cc:105) Processed 200 utterances; for utterance SuiSiann_1199 avg. like is -56.4455 over 228 frames.
LOG (gmm-acc-stats-ali[5.5.1047~1-09a63]:main():gmm-acc-stats-ali.cc:105) Processed 250 utterances; for utterance SuiSiann_1249 avg. like is -59.3075 over 1788 frames.
LOG (gmm-acc-stats-ali[5.5.1047~1-09a63]:main():gmm-acc-stats-ali.cc:105) Processed 300 utterances; for utterance SuiSiann_1299 avg. like is -58.3703 over 1664 frames.
LOG (gmm-acc-stats-ali[5.5.1047~1-09a63]:main():gmm-acc-stats-ali.cc:105) Processed 350 utterances; for utterance SuiSiann_1349 avg. like is -54.5618 over 636 frames.
LOG (gmm-acc-stats-ali[5.5.1047~1-09a63]:main():gmm-acc-stats-ali.cc:105) Processed 400 utterances; for utterance SuiSiann_1399 avg. like is -49.3866 over 108 frames.
LOG (gmm-acc-stats-ali[5.5.1047~1-09a63]:main():gmm-acc-stats-ali.cc:105) Processed 450 utterances; for utterance SuiSiann_1449 avg. like is -58.6112 over 312 frames.
LOG (gmm-acc-stats-ali[5.5.1047~1-09a63]:main():gmm-acc-stats-ali.cc:105) Processed 500 utterances; for utterance SuiSiann_1499 avg. like is -59.4791 over 450 frames.
LOG (gmm-acc-stats-ali[5.5.1047~1-09a63]:main():gmm-acc-stats-ali.cc:105) Processed 550 utterances; for utterance SuiSiann_1549 avg. like is -57.6587 over 285 frames.
LOG (gmm-acc-stats-ali[5.5.1047~1-09a63]:main():gmm-acc-stats-ali.cc:105) Processed 600 utterances; for utterance SuiSiann_1599 avg. like is -57.6776 over 264 frames.
LOG (gmm-acc-stats-ali[5.5.1047~1-09a63]:main():gmm-acc-stats-ali.cc:105) Processed 650 utterances; for utterance SuiSiann_1649 avg. like is -57.2954 over 63 frames.
LOG (gmm-acc-stats-ali[5.5.1047~1-09a63]:main():gmm-acc-stats-ali.cc:105) Processed 700 utterances; for utterance SuiSiann_1699 avg. like is -53.1792 over 144 frames.
LOG (gmm-acc-stats-ali[5.5.1047~1-09a63]:main():gmm-acc-stats-ali.cc:105) Processed 750 utterances; for utterance SuiSiann_1749 avg. like is -54.9371 over 180 frames.
LOG (gmm-acc-stats-ali[5.5.1047~1-09a63]:main():gmm-acc-stats-ali.cc:105) Processed 800 utterances; for utterance SuiSiann_1799 avg. like is -56.5634 over 81 frames.
LOG (gmm-acc-stats-ali[5.5.1047~1-09a63]:main():gmm-acc-stats-ali.cc:105) Processed 850 utterances; for utterance SuiSiann_1849 avg. like is -50.6789 over 204 frames.
LOG (gmm-acc-stats-ali[5.5.1047~1-09a63]:main():gmm-acc-stats-ali.cc:105) Processed 900 utterances; for utterance SuiSiann_1899 avg. like is -61.5665 over 321 frames.
LOG (gmm-acc-stats-ali[5.5.1047~1-09a63]:main():gmm-acc-stats-ali.cc:105) Processed 950 utterances; for utterance SuiSiann_1949 avg. like is -54.2638 over 306 frames.
LOG (gmm-acc-stats-ali[5.5.1047~1-09a63]:main():gmm-acc-stats-ali.cc:105) Processed 1000 utterances; for utterance SuiSiann_1999 avg. like is -60.4988 over 87 frames.
LOG (gmm-acc-stats-ali[5.5.1047~1-09a63]:main():gmm-acc-stats-ali.cc:105) Processed 1050 utterances; for utterance SuiSiann_2049 avg. like is -61.5098 over 369 frames.
LOG (gmm-acc-stats-ali[5.5.1047~1-09a63]:main():gmm-acc-stats-ali.cc:105) Processed 1100 utterances; for utterance SuiSiann_2099 avg. like is -59.7343 over 957 frames.
LOG (gmm-acc-stats-ali[5.5.1047~1-09a63]:main():gmm-acc-stats-ali.cc:105) Processed 1150 utterances; for utterance SuiSiann_2149 avg. like is -61.1371 over 177 frames.
LOG (gmm-acc-stats-ali[5.5.1047~1-09a63]:main():gmm-acc-stats-ali.cc:105) Processed 1200 utterances; for utterance SuiSiann_2199 avg. like is -58.9029 over 423 frames.
LOG (gmm-acc-stats-ali[5.5.1047~1-09a63]:main():gmm-acc-stats-ali.cc:105) Processed 1250 utterances; for utterance SuiSiann_2249 avg. like is -55.6892 over 681 frames.
LOG (gmm-acc-stats-ali[5.5.1047~1-09a63]:main():gmm-acc-stats-ali.cc:105) Processed 1300 utterances; for utterance SuiSiann_2299 avg. like is -60.4696 over 363 frames.
LOG (gmm-acc-stats-ali[5.5.1047~1-09a63]:main():gmm-acc-stats-ali.cc:105) Processed 1350 utterances; for utterance SuiSiann_2349 avg. like is -56.173 over 384 frames.
LOG (gmm-acc-stats-ali[5.5.1047~1-09a63]:main():gmm-acc-stats-ali.cc:105) Processed 1400 utterances; for utterance SuiSiann_2399 avg. like is -59.2105 over 915 frames.
LOG (gmm-acc-stats-ali[5.5.1047~1-09a63]:main():gmm-acc-stats-ali.cc:105) Processed 1450 utterances; for utterance SuiSiann_2449 avg. like is -58.3135 over 582 frames.
LOG (gmm-acc-stats-ali[5.5.1047~1-09a63]:main():gmm-acc-stats-ali.cc:105) Processed 1500 utterances; for utterance SuiSiann_2499 avg. like is -56.3132 over 708 frames.
LOG (gmm-acc-stats-ali[5.5.1047~1-09a63]:main():gmm-acc-stats-ali.cc:105) Processed 1550 utterances; for utterance SuiSiann_2549 avg. like is -55.3325 over 909 frames.
LOG (gmm-acc-stats-ali[5.5.1047~1-09a63]:main():gmm-acc-stats-ali.cc:105) Processed 1600 utterances; for utterance SuiSiann_2599 avg. like is -58.2472 over 462 frames.
LOG (gmm-acc-stats-ali[5.5.1047~1-09a63]:main():gmm-acc-stats-ali.cc:105) Processed 1650 utterances; for utterance SuiSiann_2649 avg. like is -58.0141 over 45 frames.
LOG (gmm-acc-stats-ali[5.5.1047~1-09a63]:main():gmm-acc-stats-ali.cc:105) Processed 1700 utterances; for utterance SuiSiann_2699 avg. like is -56.8331 over 69 frames.
LOG (gmm-acc-stats-ali[5.5.1047~1-09a63]:main():gmm-acc-stats-ali.cc:105) Processed 1750 utterances; for utterance SuiSiann_2749 avg. like is -61.25 over 579 frames.
LOG (gmm-acc-stats-ali[5.5.1047~1-09a63]:main():gmm-acc-stats-ali.cc:105) Processed 1800 utterances; for utterance SuiSiann_2799 avg. like is -55.5655 over 342 frames.
LOG (gmm-acc-stats-ali[5.5.1047~1-09a63]:main():gmm-acc-stats-ali.cc:105) Processed 1850 utterances; for utterance SuiSiann_2849 avg. like is -59.8979 over 597 frames.
LOG (gmm-acc-stats-ali[5.5.1047~1-09a63]:main():gmm-acc-stats-ali.cc:105) Processed 1900 utterances; for utterance SuiSiann_2899 avg. like is -51.3101 over 186 frames.
LOG (gmm-acc-stats-ali[5.5.1047~1-09a63]:main():gmm-acc-stats-ali.cc:105) Processed 1950 utterances; for utterance SuiSiann_2949 avg. like is -63.4515 over 186 frames.
LOG (gmm-acc-stats-ali[5.5.1047~1-09a63]:main():gmm-acc-stats-ali.cc:105) Processed 2000 utterances; for utterance SuiSiann_2999 avg. like is -56.808 over 1251 frames.
LOG (gmm-acc-stats-ali[5.5.1047~1-09a63]:main():gmm-acc-stats-ali.cc:105) Processed 2050 utterances; for utterance SuiSiann_3049 avg. like is -60.8198 over 177 frames.
LOG (gmm-acc-stats-ali[5.5.1047~1-09a63]:main():gmm-acc-stats-ali.cc:105) Processed 2100 utterances; for utterance SuiSiann_3099 avg. like is -54.4369 over 216 frames.
LOG (gmm-acc-stats-ali[5.5.1047~1-09a63]:main():gmm-acc-stats-ali.cc:105) Processed 2150 utterances; for utterance SuiSiann_3149 avg. like is -65.4643 over 168 frames.
LOG (gmm-acc-stats-ali[5.5.1047~1-09a63]:main():gmm-acc-stats-ali.cc:105) Processed 2200 utterances; for utterance SuiSiann_3199 avg. like is -59.8708 over 438 frames.
LOG (gmm-acc-stats-ali[5.5.1047~1-09a63]:main():gmm-acc-stats-ali.cc:105) Processed 2250 utterances; for utterance SuiSiann_3249 avg. like is -62.5031 over 345 frames.
LOG (gmm-acc-stats-ali[5.5.1047~1-09a63]:main():gmm-acc-stats-ali.cc:105) Processed 2300 utterances; for utterance SuiSiann_3299 avg. like is -59.7765 over 156 frames.
LOG (gmm-acc-stats-ali[5.5.1047~1-09a63]:main():gmm-acc-stats-ali.cc:105) Processed 2350 utterances; for utterance SuiSiann_3349 avg. like is -55.7383 over 171 frames.
LOG (gmm-acc-stats-ali[5.5.1047~1-09a63]:main():gmm-acc-stats-ali.cc:105) Processed 2400 utterances; for utterance SuiSiann_3399 avg. like is -61.3864 over 207 frames.
LOG (gmm-acc-stats-ali[5.5.1047~1-09a63]:main():gmm-acc-stats-ali.cc:105) Processed 2450 utterances; for utterance SuiSiann_3449 avg. like is -58.1713 over 3012 frames.
WARNING (gmm-acc-stats-ali[5.5.1047~1-09a63]:main():gmm-acc-stats-ali.cc:79) No alignment for utterance SuiSiann_3458
WARNING (gmm-acc-stats-ali[5.5.1047~1-09a63]:main():gmm-acc-stats-ali.cc:79) No alignment for utterance SuiSiann_3459
WARNING (gmm-acc-stats-ali[5.5.1047~1-09a63]:main():gmm-acc-stats-ali.cc:79) No alignment for utterance SuiSiann_3461
WARNING (gmm-acc-stats-ali[5.5.1047~1-09a63]:main():gmm-acc-stats-ali.cc:79) No alignment for utterance SuiSiann_3462
LOG (apply-cmvn[5.5.1047~1-09a63]:main():apply-cmvn.cc:162) Applied cepstral mean normalization to 2468 utterances, errors on 0
WARNING (gmm-acc-stats-ali[5.5.1047~1-09a63]:main():gmm-acc-stats-ali.cc:79) No alignment for utterance SuiSiann_3466
LOG (transform-feats[5.5.1047~1-09a63]:main():transform-feats.cc:158) Overall average [pseudo-]logdet is 46.1534 over 1.2203e+06 frames.
LOG (transform-feats[5.5.1047~1-09a63]:main():transform-feats.cc:161) Applied transform to 2468 utterances; 0 had errors.
LOG (gmm-acc-stats-ali[5.5.1047~1-09a63]:main():gmm-acc-stats-ali.cc:112) Done 2463 files, 5 with errors.
LOG (gmm-acc-stats-ali[5.5.1047~1-09a63]:main():gmm-acc-stats-ali.cc:115) Overall avg like per frame (Gaussian only) = -57.7713 over 1211255 frames.
LOG (gmm-acc-stats-ali[5.5.1047~1-09a63]:main():gmm-acc-stats-ali.cc:123) Written accs.
# Accounting: time=93 threads=1
# Ended (code 0) at Wed Sep  7 14:47:51 CST 2022, elapsed time 93 seconds
