# build-tree --verbose=1 --max-leaves=2500 --cluster-thresh=-1 exp/tri3a/treeacc data/lang/phones/roots.int exp/tri3a/questions.qst data/lang/topo exp/tri3a/tree 
# Started at Wed Sep 28 18:06:35 CST 2022
#
build-tree --verbose=1 --max-leaves=2500 --cluster-thresh=-1 exp/tri3a/treeacc data/lang/phones/roots.int exp/tri3a/questions.qst data/lang/topo exp/tri3a/tree 
LOG (build-tree[5.5.1049~1-4592c5]:main():build-tree.cc:104) Number of separate statistics is 48062
LOG (build-tree[5.5.1049~1-4592c5]:BuildTree():build-tree.cc:161) BuildTree: before building trees, map has 282 leaves.
LOG (build-tree[5.5.1049~1-4592c5]:SplitDecisionTree():build-tree-utils.cc:577) DoDecisionTreeSplit: split 2218 times, #leaves now 2500
LOG (build-tree[5.5.1049~1-4592c5]:BuildTree():build-tree.cc:187) Setting clustering threshold to smallest split 610.434
VLOG[1] (build-tree[5.5.1049~1-4592c5]:BuildTree():build-tree.cc:196) After decision tree split, num-leaves = 2500, like-impr = 7.52356 per frame over 788174 frames.
VLOG[1] (build-tree[5.5.1049~1-4592c5]:BuildTree():build-tree.cc:200) Including just phones that were split, improvement is 7.52356 per frame over 788174 frames.
LOG (build-tree[5.5.1049~1-4592c5]:BuildTree():build-tree.cc:215) BuildTree: removed 457 leaves.
VLOG[1] (build-tree[5.5.1049~1-4592c5]:ClusterEventMapToNClustersRestrictedByMap():build-tree-utils.cc:914) Number of non-empty clusters in map = 275
VLOG[1] (build-tree[5.5.1049~1-4592c5]:ClusterEventMapToNClustersRestrictedByMap():build-tree-utils.cc:915) Number of non-empty clusters = 2036
LOG (build-tree[5.5.1049~1-4592c5]:BuildTree():build-tree.cc:231) BuildTree: Rounded num leaves to multiple of 8 by removing 3 leaves.
VLOG[1] (build-tree[5.5.1049~1-4592c5]:BuildTree():build-tree.cc:256) Objf change due to clustering -0.229929 per frame.
VLOG[1] (build-tree[5.5.1049~1-4592c5]:BuildTree():build-tree.cc:259) Normalizing over only split phones, this is: -0.229929 per frame.
VLOG[1] (build-tree[5.5.1049~1-4592c5]:BuildTree():build-tree.cc:262) Num-leaves is now 2040
VLOG[1] (build-tree[5.5.1049~1-4592c5]:main():build-tree.cc:143) For pdf-id 1, low count 0
VLOG[1] (build-tree[5.5.1049~1-4592c5]:main():build-tree.cc:143) For pdf-id 5, low count 73
VLOG[1] (build-tree[5.5.1049~1-4592c5]:main():build-tree.cc:143) For pdf-id 9, low count 79
VLOG[1] (build-tree[5.5.1049~1-4592c5]:main():build-tree.cc:143) For pdf-id 14, low count 20
VLOG[1] (build-tree[5.5.1049~1-4592c5]:main():build-tree.cc:143) For pdf-id 15, low count 0
VLOG[1] (build-tree[5.5.1049~1-4592c5]:main():build-tree.cc:143) For pdf-id 17, low count 72
VLOG[1] (build-tree[5.5.1049~1-4592c5]:main():build-tree.cc:143) For pdf-id 18, low count 30
VLOG[1] (build-tree[5.5.1049~1-4592c5]:main():build-tree.cc:143) For pdf-id 19, low count 12
VLOG[1] (build-tree[5.5.1049~1-4592c5]:main():build-tree.cc:143) For pdf-id 28, low count 83
VLOG[1] (build-tree[5.5.1049~1-4592c5]:main():build-tree.cc:143) For pdf-id 39, low count 33
VLOG[1] (build-tree[5.5.1049~1-4592c5]:main():build-tree.cc:143) For pdf-id 40, low count 17
VLOG[1] (build-tree[5.5.1049~1-4592c5]:main():build-tree.cc:143) For pdf-id 50, low count 70
VLOG[1] (build-tree[5.5.1049~1-4592c5]:main():build-tree.cc:143) For pdf-id 51, low count 12
VLOG[1] (build-tree[5.5.1049~1-4592c5]:main():build-tree.cc:143) For pdf-id 53, low count 8
VLOG[1] (build-tree[5.5.1049~1-4592c5]:main():build-tree.cc:143) For pdf-id 57, low count 76
VLOG[1] (build-tree[5.5.1049~1-4592c5]:main():build-tree.cc:143) For pdf-id 58, low count 31
VLOG[1] (build-tree[5.5.1049~1-4592c5]:main():build-tree.cc:143) For pdf-id 64, low count 6
VLOG[1] (build-tree[5.5.1049~1-4592c5]:main():build-tree.cc:143) For pdf-id 65, low count 84
VLOG[1] (build-tree[5.5.1049~1-4592c5]:main():build-tree.cc:143) For pdf-id 66, low count 56
VLOG[1] (build-tree[5.5.1049~1-4592c5]:main():build-tree.cc:143) For pdf-id 67, low count 76
VLOG[1] (build-tree[5.5.1049~1-4592c5]:main():build-tree.cc:143) For pdf-id 68, low count 6
VLOG[1] (build-tree[5.5.1049~1-4592c5]:main():build-tree.cc:143) For pdf-id 69, low count 21
VLOG[1] (build-tree[5.5.1049~1-4592c5]:main():build-tree.cc:143) For pdf-id 72, low count 8
VLOG[1] (build-tree[5.5.1049~1-4592c5]:main():build-tree.cc:143) For pdf-id 77, low count 0
VLOG[1] (build-tree[5.5.1049~1-4592c5]:main():build-tree.cc:143) For pdf-id 81, low count 69
VLOG[1] (build-tree[5.5.1049~1-4592c5]:main():build-tree.cc:143) For pdf-id 82, low count 87
VLOG[1] (build-tree[5.5.1049~1-4592c5]:main():build-tree.cc:143) For pdf-id 85, low count 27
VLOG[1] (build-tree[5.5.1049~1-4592c5]:main():build-tree.cc:143) For pdf-id 86, low count 74
VLOG[1] (build-tree[5.5.1049~1-4592c5]:main():build-tree.cc:143) For pdf-id 87, low count 63
VLOG[1] (build-tree[5.5.1049~1-4592c5]:main():build-tree.cc:143) For pdf-id 88, low count 95
VLOG[1] (build-tree[5.5.1049~1-4592c5]:main():build-tree.cc:143) For pdf-id 91, low count 81
VLOG[1] (build-tree[5.5.1049~1-4592c5]:main():build-tree.cc:143) For pdf-id 95, low count 90
VLOG[1] (build-tree[5.5.1049~1-4592c5]:main():build-tree.cc:143) For pdf-id 98, low count 92
VLOG[1] (build-tree[5.5.1049~1-4592c5]:main():build-tree.cc:143) For pdf-id 99, low count 76
VLOG[1] (build-tree[5.5.1049~1-4592c5]:main():build-tree.cc:143) For pdf-id 100, low count 28
VLOG[1] (build-tree[5.5.1049~1-4592c5]:main():build-tree.cc:143) For pdf-id 101, low count 3
VLOG[1] (build-tree[5.5.1049~1-4592c5]:main():build-tree.cc:143) For pdf-id 102, low count 47
VLOG[1] (build-tree[5.5.1049~1-4592c5]:main():build-tree.cc:143) For pdf-id 106, low count 49
VLOG[1] (build-tree[5.5.1049~1-4592c5]:main():build-tree.cc:143) For pdf-id 108, low count 39
VLOG[1] (build-tree[5.5.1049~1-4592c5]:main():build-tree.cc:143) For pdf-id 109, low count 73
VLOG[1] (build-tree[5.5.1049~1-4592c5]:main():build-tree.cc:143) For pdf-id 118, low count 20
VLOG[1] (build-tree[5.5.1049~1-4592c5]:main():build-tree.cc:143) For pdf-id 119, low count 10
VLOG[1] (build-tree[5.5.1049~1-4592c5]:main():build-tree.cc:143) For pdf-id 125, low count 89
VLOG[1] (build-tree[5.5.1049~1-4592c5]:main():build-tree.cc:143) For pdf-id 139, low count 49
VLOG[1] (build-tree[5.5.1049~1-4592c5]:main():build-tree.cc:143) For pdf-id 143, low count 94
VLOG[1] (build-tree[5.5.1049~1-4592c5]:main():build-tree.cc:143) For pdf-id 144, low count 34
VLOG[1] (build-tree[5.5.1049~1-4592c5]:main():build-tree.cc:143) For pdf-id 146, low count 46
VLOG[1] (build-tree[5.5.1049~1-4592c5]:main():build-tree.cc:143) For pdf-id 149, low count 88
VLOG[1] (build-tree[5.5.1049~1-4592c5]:main():build-tree.cc:143) For pdf-id 159, low count 67
VLOG[1] (build-tree[5.5.1049~1-4592c5]:main():build-tree.cc:143) For pdf-id 168, low count 68
VLOG[1] (build-tree[5.5.1049~1-4592c5]:main():build-tree.cc:143) For pdf-id 170, low count 71
VLOG[1] (build-tree[5.5.1049~1-4592c5]:main():build-tree.cc:143) For pdf-id 171, low count 64
VLOG[1] (build-tree[5.5.1049~1-4592c5]:main():build-tree.cc:143) For pdf-id 173, low count 53
VLOG[1] (build-tree[5.5.1049~1-4592c5]:main():build-tree.cc:143) For pdf-id 174, low count 65
VLOG[1] (build-tree[5.5.1049~1-4592c5]:main():build-tree.cc:143) For pdf-id 180, low count 37
VLOG[1] (build-tree[5.5.1049~1-4592c5]:main():build-tree.cc:143) For pdf-id 182, low count 0
VLOG[1] (build-tree[5.5.1049~1-4592c5]:main():build-tree.cc:143) For pdf-id 200, low count 0
VLOG[1] (build-tree[5.5.1049~1-4592c5]:main():build-tree.cc:143) For pdf-id 204, low count 86
VLOG[1] (build-tree[5.5.1049~1-4592c5]:main():build-tree.cc:143) For pdf-id 206, low count 10
VLOG[1] (build-tree[5.5.1049~1-4592c5]:main():build-tree.cc:143) For pdf-id 207, low count 0
VLOG[1] (build-tree[5.5.1049~1-4592c5]:main():build-tree.cc:143) For pdf-id 208, low count 15
VLOG[1] (build-tree[5.5.1049~1-4592c5]:main():build-tree.cc:143) For pdf-id 209, low count 42
VLOG[1] (build-tree[5.5.1049~1-4592c5]:main():build-tree.cc:143) For pdf-id 213, low count 98
VLOG[1] (build-tree[5.5.1049~1-4592c5]:main():build-tree.cc:143) For pdf-id 214, low count 27
VLOG[1] (build-tree[5.5.1049~1-4592c5]:main():build-tree.cc:143) For pdf-id 216, low count 73
VLOG[1] (build-tree[5.5.1049~1-4592c5]:main():build-tree.cc:143) For pdf-id 217, low count 6
VLOG[1] (build-tree[5.5.1049~1-4592c5]:main():build-tree.cc:143) For pdf-id 218, low count 5
VLOG[1] (build-tree[5.5.1049~1-4592c5]:main():build-tree.cc:143) For pdf-id 231, low count 59
VLOG[1] (build-tree[5.5.1049~1-4592c5]:main():build-tree.cc:143) For pdf-id 234, low count 80
VLOG[1] (build-tree[5.5.1049~1-4592c5]:main():build-tree.cc:143) For pdf-id 237, low count 85
VLOG[1] (build-tree[5.5.1049~1-4592c5]:main():build-tree.cc:143) For pdf-id 239, low count 12
VLOG[1] (build-tree[5.5.1049~1-4592c5]:main():build-tree.cc:143) For pdf-id 240, low count 71
VLOG[1] (build-tree[5.5.1049~1-4592c5]:main():build-tree.cc:143) For pdf-id 241, low count 8
VLOG[1] (build-tree[5.5.1049~1-4592c5]:main():build-tree.cc:143) For pdf-id 242, low count 0
VLOG[1] (build-tree[5.5.1049~1-4592c5]:main():build-tree.cc:143) For pdf-id 243, low count 81
VLOG[1] (build-tree[5.5.1049~1-4592c5]:main():build-tree.cc:143) For pdf-id 244, low count 21
VLOG[1] (build-tree[5.5.1049~1-4592c5]:main():build-tree.cc:143) For pdf-id 245, low count 47
VLOG[1] (build-tree[5.5.1049~1-4592c5]:main():build-tree.cc:143) For pdf-id 255, low count 60
VLOG[1] (build-tree[5.5.1049~1-4592c5]:main():build-tree.cc:143) For pdf-id 265, low count 6
VLOG[1] (build-tree[5.5.1049~1-4592c5]:main():build-tree.cc:143) For pdf-id 266, low count 6
VLOG[1] (build-tree[5.5.1049~1-4592c5]:main():build-tree.cc:143) For pdf-id 267, low count 46
VLOG[1] (build-tree[5.5.1049~1-4592c5]:main():build-tree.cc:143) For pdf-id 272, low count 3
VLOG[1] (build-tree[5.5.1049~1-4592c5]:main():build-tree.cc:143) For pdf-id 273, low count 12
VLOG[1] (build-tree[5.5.1049~1-4592c5]:main():build-tree.cc:143) For pdf-id 274, low count 16
VLOG[1] (build-tree[5.5.1049~1-4592c5]:main():build-tree.cc:143) For pdf-id 276, low count 91
VLOG[1] (build-tree[5.5.1049~1-4592c5]:main():build-tree.cc:143) For pdf-id 280, low count 95
VLOG[1] (build-tree[5.5.1049~1-4592c5]:main():build-tree.cc:143) For pdf-id 297, low count 97
VLOG[1] (build-tree[5.5.1049~1-4592c5]:main():build-tree.cc:143) For pdf-id 304, low count 95
VLOG[1] (build-tree[5.5.1049~1-4592c5]:main():build-tree.cc:143) For pdf-id 306, low count 98
VLOG[1] (build-tree[5.5.1049~1-4592c5]:main():build-tree.cc:143) For pdf-id 309, low count 43
VLOG[1] (build-tree[5.5.1049~1-4592c5]:main():build-tree.cc:143) For pdf-id 311, low count 94
VLOG[1] (build-tree[5.5.1049~1-4592c5]:main():build-tree.cc:143) For pdf-id 319, low count 52
VLOG[1] (build-tree[5.5.1049~1-4592c5]:main():build-tree.cc:143) For pdf-id 335, low count 89
VLOG[1] (build-tree[5.5.1049~1-4592c5]:main():build-tree.cc:143) For pdf-id 337, low count 74
VLOG[1] (build-tree[5.5.1049~1-4592c5]:main():build-tree.cc:143) For pdf-id 339, low count 83
VLOG[1] (build-tree[5.5.1049~1-4592c5]:main():build-tree.cc:143) For pdf-id 353, low count 98
VLOG[1] (build-tree[5.5.1049~1-4592c5]:main():build-tree.cc:143) For pdf-id 361, low count 72
VLOG[1] (build-tree[5.5.1049~1-4592c5]:main():build-tree.cc:143) For pdf-id 375, low count 59
VLOG[1] (build-tree[5.5.1049~1-4592c5]:main():build-tree.cc:143) For pdf-id 385, low count 84
VLOG[1] (build-tree[5.5.1049~1-4592c5]:main():build-tree.cc:143) For pdf-id 390, low count 38
VLOG[1] (build-tree[5.5.1049~1-4592c5]:main():build-tree.cc:143) For pdf-id 397, low count 62
VLOG[1] (build-tree[5.5.1049~1-4592c5]:main():build-tree.cc:143) For pdf-id 398, low count 54
VLOG[1] (build-tree[5.5.1049~1-4592c5]:main():build-tree.cc:143) For pdf-id 404, low count 53
VLOG[1] (build-tree[5.5.1049~1-4592c5]:main():build-tree.cc:143) For pdf-id 407, low count 76
VLOG[1] (build-tree[5.5.1049~1-4592c5]:main():build-tree.cc:143) For pdf-id 414, low count 42
VLOG[1] (build-tree[5.5.1049~1-4592c5]:main():build-tree.cc:143) For pdf-id 418, low count 25
VLOG[1] (build-tree[5.5.1049~1-4592c5]:main():build-tree.cc:143) For pdf-id 430, low count 56
VLOG[1] (build-tree[5.5.1049~1-4592c5]:main():build-tree.cc:143) For pdf-id 433, low count 69
VLOG[1] (build-tree[5.5.1049~1-4592c5]:main():build-tree.cc:143) For pdf-id 434, low count 35
VLOG[1] (build-tree[5.5.1049~1-4592c5]:main():build-tree.cc:143) For pdf-id 453, low count 58
VLOG[1] (build-tree[5.5.1049~1-4592c5]:main():build-tree.cc:143) For pdf-id 460, low count 64
VLOG[1] (build-tree[5.5.1049~1-4592c5]:main():build-tree.cc:143) For pdf-id 467, low count 38
VLOG[1] (build-tree[5.5.1049~1-4592c5]:main():build-tree.cc:143) For pdf-id 476, low count 39
VLOG[1] (build-tree[5.5.1049~1-4592c5]:main():build-tree.cc:143) For pdf-id 488, low count 85
VLOG[1] (build-tree[5.5.1049~1-4592c5]:main():build-tree.cc:143) For pdf-id 496, low count 61
VLOG[1] (build-tree[5.5.1049~1-4592c5]:main():build-tree.cc:143) For pdf-id 502, low count 33
VLOG[1] (build-tree[5.5.1049~1-4592c5]:main():build-tree.cc:143) For pdf-id 507, low count 97
VLOG[1] (build-tree[5.5.1049~1-4592c5]:main():build-tree.cc:143) For pdf-id 509, low count 67
VLOG[1] (build-tree[5.5.1049~1-4592c5]:main():build-tree.cc:143) For pdf-id 510, low count 76
VLOG[1] (build-tree[5.5.1049~1-4592c5]:main():build-tree.cc:143) For pdf-id 520, low count 72
VLOG[1] (build-tree[5.5.1049~1-4592c5]:main():build-tree.cc:143) For pdf-id 521, low count 54
VLOG[1] (build-tree[5.5.1049~1-4592c5]:main():build-tree.cc:143) For pdf-id 528, low count 97
VLOG[1] (build-tree[5.5.1049~1-4592c5]:main():build-tree.cc:143) For pdf-id 539, low count 97
VLOG[1] (build-tree[5.5.1049~1-4592c5]:main():build-tree.cc:143) For pdf-id 543, low count 67
VLOG[1] (build-tree[5.5.1049~1-4592c5]:main():build-tree.cc:143) For pdf-id 554, low count 75
VLOG[1] (build-tree[5.5.1049~1-4592c5]:main():build-tree.cc:143) For pdf-id 555, low count 56
VLOG[1] (build-tree[5.5.1049~1-4592c5]:main():build-tree.cc:143) For pdf-id 559, low count 92
VLOG[1] (build-tree[5.5.1049~1-4592c5]:main():build-tree.cc:143) For pdf-id 563, low count 81
VLOG[1] (build-tree[5.5.1049~1-4592c5]:main():build-tree.cc:143) For pdf-id 565, low count 95
VLOG[1] (build-tree[5.5.1049~1-4592c5]:main():build-tree.cc:143) For pdf-id 568, low count 78
VLOG[1] (build-tree[5.5.1049~1-4592c5]:main():build-tree.cc:143) For pdf-id 573, low count 97
VLOG[1] (build-tree[5.5.1049~1-4592c5]:main():build-tree.cc:143) For pdf-id 581, low count 91
VLOG[1] (build-tree[5.5.1049~1-4592c5]:main():build-tree.cc:143) For pdf-id 590, low count 48
VLOG[1] (build-tree[5.5.1049~1-4592c5]:main():build-tree.cc:143) For pdf-id 598, low count 17
VLOG[1] (build-tree[5.5.1049~1-4592c5]:main():build-tree.cc:143) For pdf-id 611, low count 71
VLOG[1] (build-tree[5.5.1049~1-4592c5]:main():build-tree.cc:143) For pdf-id 614, low count 98
VLOG[1] (build-tree[5.5.1049~1-4592c5]:main():build-tree.cc:143) For pdf-id 615, low count 88
VLOG[1] (build-tree[5.5.1049~1-4592c5]:main():build-tree.cc:143) For pdf-id 620, low count 91
VLOG[1] (build-tree[5.5.1049~1-4592c5]:main():build-tree.cc:143) For pdf-id 625, low count 77
VLOG[1] (build-tree[5.5.1049~1-4592c5]:main():build-tree.cc:143) For pdf-id 634, low count 93
VLOG[1] (build-tree[5.5.1049~1-4592c5]:main():build-tree.cc:143) For pdf-id 637, low count 64
VLOG[1] (build-tree[5.5.1049~1-4592c5]:main():build-tree.cc:143) For pdf-id 644, low count 77
VLOG[1] (build-tree[5.5.1049~1-4592c5]:main():build-tree.cc:143) For pdf-id 665, low count 70
VLOG[1] (build-tree[5.5.1049~1-4592c5]:main():build-tree.cc:143) For pdf-id 671, low count 82
VLOG[1] (build-tree[5.5.1049~1-4592c5]:main():build-tree.cc:143) For pdf-id 680, low count 97
VLOG[1] (build-tree[5.5.1049~1-4592c5]:main():build-tree.cc:143) For pdf-id 709, low count 70
VLOG[1] (build-tree[5.5.1049~1-4592c5]:main():build-tree.cc:143) For pdf-id 727, low count 50
VLOG[1] (build-tree[5.5.1049~1-4592c5]:main():build-tree.cc:143) For pdf-id 731, low count 65
VLOG[1] (build-tree[5.5.1049~1-4592c5]:main():build-tree.cc:143) For pdf-id 737, low count 98
VLOG[1] (build-tree[5.5.1049~1-4592c5]:main():build-tree.cc:143) For pdf-id 753, low count 66
VLOG[1] (build-tree[5.5.1049~1-4592c5]:main():build-tree.cc:143) For pdf-id 754, low count 69
VLOG[1] (build-tree[5.5.1049~1-4592c5]:main():build-tree.cc:143) For pdf-id 755, low count 17
VLOG[1] (build-tree[5.5.1049~1-4592c5]:main():build-tree.cc:143) For pdf-id 756, low count 20
VLOG[1] (build-tree[5.5.1049~1-4592c5]:main():build-tree.cc:143) For pdf-id 761, low count 58
VLOG[1] (build-tree[5.5.1049~1-4592c5]:main():build-tree.cc:143) For pdf-id 762, low count 68
VLOG[1] (build-tree[5.5.1049~1-4592c5]:main():build-tree.cc:143) For pdf-id 770, low count 68
VLOG[1] (build-tree[5.5.1049~1-4592c5]:main():build-tree.cc:143) For pdf-id 776, low count 99
VLOG[1] (build-tree[5.5.1049~1-4592c5]:main():build-tree.cc:143) For pdf-id 778, low count 75
VLOG[1] (build-tree[5.5.1049~1-4592c5]:main():build-tree.cc:143) For pdf-id 782, low count 67
VLOG[1] (build-tree[5.5.1049~1-4592c5]:main():build-tree.cc:143) For pdf-id 787, low count 49
VLOG[1] (build-tree[5.5.1049~1-4592c5]:main():build-tree.cc:143) For pdf-id 791, low count 92
VLOG[1] (build-tree[5.5.1049~1-4592c5]:main():build-tree.cc:143) For pdf-id 792, low count 67
VLOG[1] (build-tree[5.5.1049~1-4592c5]:main():build-tree.cc:143) For pdf-id 793, low count 96
VLOG[1] (build-tree[5.5.1049~1-4592c5]:main():build-tree.cc:143) For pdf-id 798, low count 86
VLOG[1] (build-tree[5.5.1049~1-4592c5]:main():build-tree.cc:143) For pdf-id 800, low count 82
VLOG[1] (build-tree[5.5.1049~1-4592c5]:main():build-tree.cc:143) For pdf-id 805, low count 99
VLOG[1] (build-tree[5.5.1049~1-4592c5]:main():build-tree.cc:143) For pdf-id 806, low count 89
VLOG[1] (build-tree[5.5.1049~1-4592c5]:main():build-tree.cc:143) For pdf-id 817, low count 92
VLOG[1] (build-tree[5.5.1049~1-4592c5]:main():build-tree.cc:143) For pdf-id 822, low count 87
VLOG[1] (build-tree[5.5.1049~1-4592c5]:main():build-tree.cc:143) For pdf-id 832, low count 90
VLOG[1] (build-tree[5.5.1049~1-4592c5]:main():build-tree.cc:143) For pdf-id 842, low count 74
VLOG[1] (build-tree[5.5.1049~1-4592c5]:main():build-tree.cc:143) For pdf-id 848, low count 76
VLOG[1] (build-tree[5.5.1049~1-4592c5]:main():build-tree.cc:143) For pdf-id 855, low count 74
VLOG[1] (build-tree[5.5.1049~1-4592c5]:main():build-tree.cc:143) For pdf-id 860, low count 96
VLOG[1] (build-tree[5.5.1049~1-4592c5]:main():build-tree.cc:143) For pdf-id 867, low count 48
VLOG[1] (build-tree[5.5.1049~1-4592c5]:main():build-tree.cc:143) For pdf-id 875, low count 93
VLOG[1] (build-tree[5.5.1049~1-4592c5]:main():build-tree.cc:143) For pdf-id 876, low count 98
VLOG[1] (build-tree[5.5.1049~1-4592c5]:main():build-tree.cc:143) For pdf-id 887, low count 49
VLOG[1] (build-tree[5.5.1049~1-4592c5]:main():build-tree.cc:143) For pdf-id 898, low count 55
VLOG[1] (build-tree[5.5.1049~1-4592c5]:main():build-tree.cc:143) For pdf-id 902, low count 56
VLOG[1] (build-tree[5.5.1049~1-4592c5]:main():build-tree.cc:143) For pdf-id 928, low count 65
VLOG[1] (build-tree[5.5.1049~1-4592c5]:main():build-tree.cc:143) For pdf-id 932, low count 64
VLOG[1] (build-tree[5.5.1049~1-4592c5]:main():build-tree.cc:143) For pdf-id 936, low count 74
VLOG[1] (build-tree[5.5.1049~1-4592c5]:main():build-tree.cc:143) For pdf-id 947, low count 80
VLOG[1] (build-tree[5.5.1049~1-4592c5]:main():build-tree.cc:143) For pdf-id 953, low count 97
VLOG[1] (build-tree[5.5.1049~1-4592c5]:main():build-tree.cc:143) For pdf-id 976, low count 75
VLOG[1] (build-tree[5.5.1049~1-4592c5]:main():build-tree.cc:143) For pdf-id 994, low count 60
VLOG[1] (build-tree[5.5.1049~1-4592c5]:main():build-tree.cc:143) For pdf-id 1003, low count 71
VLOG[1] (build-tree[5.5.1049~1-4592c5]:main():build-tree.cc:143) For pdf-id 1013, low count 32
VLOG[1] (build-tree[5.5.1049~1-4592c5]:main():build-tree.cc:143) For pdf-id 1026, low count 74
VLOG[1] (build-tree[5.5.1049~1-4592c5]:main():build-tree.cc:143) For pdf-id 1032, low count 71
VLOG[1] (build-tree[5.5.1049~1-4592c5]:main():build-tree.cc:143) For pdf-id 1033, low count 61
VLOG[1] (build-tree[5.5.1049~1-4592c5]:main():build-tree.cc:143) For pdf-id 1034, low count 43
VLOG[1] (build-tree[5.5.1049~1-4592c5]:main():build-tree.cc:143) For pdf-id 1035, low count 34
VLOG[1] (build-tree[5.5.1049~1-4592c5]:main():build-tree.cc:143) For pdf-id 1041, low count 76
VLOG[1] (build-tree[5.5.1049~1-4592c5]:main():build-tree.cc:143) For pdf-id 1052, low count 50
VLOG[1] (build-tree[5.5.1049~1-4592c5]:main():build-tree.cc:143) For pdf-id 1058, low count 78
VLOG[1] (build-tree[5.5.1049~1-4592c5]:main():build-tree.cc:143) For pdf-id 1065, low count 75
VLOG[1] (build-tree[5.5.1049~1-4592c5]:main():build-tree.cc:143) For pdf-id 1076, low count 71
VLOG[1] (build-tree[5.5.1049~1-4592c5]:main():build-tree.cc:143) For pdf-id 1078, low count 63
VLOG[1] (build-tree[5.5.1049~1-4592c5]:main():build-tree.cc:143) For pdf-id 1080, low count 64
VLOG[1] (build-tree[5.5.1049~1-4592c5]:main():build-tree.cc:143) For pdf-id 1088, low count 62
VLOG[1] (build-tree[5.5.1049~1-4592c5]:main():build-tree.cc:143) For pdf-id 1090, low count 96
VLOG[1] (build-tree[5.5.1049~1-4592c5]:main():build-tree.cc:143) For pdf-id 1092, low count 68
VLOG[1] (build-tree[5.5.1049~1-4592c5]:main():build-tree.cc:143) For pdf-id 1095, low count 89
VLOG[1] (build-tree[5.5.1049~1-4592c5]:main():build-tree.cc:143) For pdf-id 1107, low count 60
VLOG[1] (build-tree[5.5.1049~1-4592c5]:main():build-tree.cc:143) For pdf-id 1111, low count 89
VLOG[1] (build-tree[5.5.1049~1-4592c5]:main():build-tree.cc:143) For pdf-id 1126, low count 75
VLOG[1] (build-tree[5.5.1049~1-4592c5]:main():build-tree.cc:143) For pdf-id 1127, low count 92
VLOG[1] (build-tree[5.5.1049~1-4592c5]:main():build-tree.cc:143) For pdf-id 1129, low count 90
VLOG[1] (build-tree[5.5.1049~1-4592c5]:main():build-tree.cc:143) For pdf-id 1132, low count 45
VLOG[1] (build-tree[5.5.1049~1-4592c5]:main():build-tree.cc:143) For pdf-id 1133, low count 79
VLOG[1] (build-tree[5.5.1049~1-4592c5]:main():build-tree.cc:143) For pdf-id 1141, low count 56
VLOG[1] (build-tree[5.5.1049~1-4592c5]:main():build-tree.cc:143) For pdf-id 1149, low count 75
VLOG[1] (build-tree[5.5.1049~1-4592c5]:main():build-tree.cc:143) For pdf-id 1154, low count 40
VLOG[1] (build-tree[5.5.1049~1-4592c5]:main():build-tree.cc:143) For pdf-id 1158, low count 88
VLOG[1] (build-tree[5.5.1049~1-4592c5]:main():build-tree.cc:143) For pdf-id 1187, low count 80
VLOG[1] (build-tree[5.5.1049~1-4592c5]:main():build-tree.cc:143) For pdf-id 1199, low count 92
VLOG[1] (build-tree[5.5.1049~1-4592c5]:main():build-tree.cc:143) For pdf-id 1203, low count 35
VLOG[1] (build-tree[5.5.1049~1-4592c5]:main():build-tree.cc:143) For pdf-id 1214, low count 97
VLOG[1] (build-tree[5.5.1049~1-4592c5]:main():build-tree.cc:143) For pdf-id 1229, low count 74
VLOG[1] (build-tree[5.5.1049~1-4592c5]:main():build-tree.cc:143) For pdf-id 1233, low count 77
VLOG[1] (build-tree[5.5.1049~1-4592c5]:main():build-tree.cc:143) For pdf-id 1238, low count 27
VLOG[1] (build-tree[5.5.1049~1-4592c5]:main():build-tree.cc:143) For pdf-id 1248, low count 79
VLOG[1] (build-tree[5.5.1049~1-4592c5]:main():build-tree.cc:143) For pdf-id 1261, low count 73
VLOG[1] (build-tree[5.5.1049~1-4592c5]:main():build-tree.cc:143) For pdf-id 1262, low count 75
VLOG[1] (build-tree[5.5.1049~1-4592c5]:main():build-tree.cc:143) For pdf-id 1277, low count 69
VLOG[1] (build-tree[5.5.1049~1-4592c5]:main():build-tree.cc:143) For pdf-id 1281, low count 64
VLOG[1] (build-tree[5.5.1049~1-4592c5]:main():build-tree.cc:143) For pdf-id 1285, low count 55
VLOG[1] (build-tree[5.5.1049~1-4592c5]:main():build-tree.cc:143) For pdf-id 1297, low count 71
VLOG[1] (build-tree[5.5.1049~1-4592c5]:main():build-tree.cc:143) For pdf-id 1300, low count 87
VLOG[1] (build-tree[5.5.1049~1-4592c5]:main():build-tree.cc:143) For pdf-id 1329, low count 48
VLOG[1] (build-tree[5.5.1049~1-4592c5]:main():build-tree.cc:143) For pdf-id 1338, low count 74
VLOG[1] (build-tree[5.5.1049~1-4592c5]:main():build-tree.cc:143) For pdf-id 1344, low count 99
VLOG[1] (build-tree[5.5.1049~1-4592c5]:main():build-tree.cc:143) For pdf-id 1360, low count 47
VLOG[1] (build-tree[5.5.1049~1-4592c5]:main():build-tree.cc:143) For pdf-id 1362, low count 98
VLOG[1] (build-tree[5.5.1049~1-4592c5]:main():build-tree.cc:143) For pdf-id 1366, low count 37
VLOG[1] (build-tree[5.5.1049~1-4592c5]:main():build-tree.cc:143) For pdf-id 1368, low count 98
VLOG[1] (build-tree[5.5.1049~1-4592c5]:main():build-tree.cc:143) For pdf-id 1371, low count 88
VLOG[1] (build-tree[5.5.1049~1-4592c5]:main():build-tree.cc:143) For pdf-id 1390, low count 80
VLOG[1] (build-tree[5.5.1049~1-4592c5]:main():build-tree.cc:143) For pdf-id 1395, low count 86
VLOG[1] (build-tree[5.5.1049~1-4592c5]:main():build-tree.cc:143) For pdf-id 1396, low count 53
VLOG[1] (build-tree[5.5.1049~1-4592c5]:main():build-tree.cc:143) For pdf-id 1398, low count 32
VLOG[1] (build-tree[5.5.1049~1-4592c5]:main():build-tree.cc:143) For pdf-id 1404, low count 47
VLOG[1] (build-tree[5.5.1049~1-4592c5]:main():build-tree.cc:143) For pdf-id 1408, low count 53
VLOG[1] (build-tree[5.5.1049~1-4592c5]:main():build-tree.cc:143) For pdf-id 1415, low count 33
VLOG[1] (build-tree[5.5.1049~1-4592c5]:main():build-tree.cc:143) For pdf-id 1418, low count 32
VLOG[1] (build-tree[5.5.1049~1-4592c5]:main():build-tree.cc:143) For pdf-id 1419, low count 47
VLOG[1] (build-tree[5.5.1049~1-4592c5]:main():build-tree.cc:143) For pdf-id 1429, low count 62
VLOG[1] (build-tree[5.5.1049~1-4592c5]:main():build-tree.cc:143) For pdf-id 1447, low count 30
VLOG[1] (build-tree[5.5.1049~1-4592c5]:main():build-tree.cc:143) For pdf-id 1454, low count 87
VLOG[1] (build-tree[5.5.1049~1-4592c5]:main():build-tree.cc:143) For pdf-id 1455, low count 73
VLOG[1] (build-tree[5.5.1049~1-4592c5]:main():build-tree.cc:143) For pdf-id 1471, low count 24
VLOG[1] (build-tree[5.5.1049~1-4592c5]:main():build-tree.cc:143) For pdf-id 1486, low count 83
VLOG[1] (build-tree[5.5.1049~1-4592c5]:main():build-tree.cc:143) For pdf-id 1494, low count 31
VLOG[1] (build-tree[5.5.1049~1-4592c5]:main():build-tree.cc:143) For pdf-id 1495, low count 52
VLOG[1] (build-tree[5.5.1049~1-4592c5]:main():build-tree.cc:143) For pdf-id 1511, low count 97
VLOG[1] (build-tree[5.5.1049~1-4592c5]:main():build-tree.cc:143) For pdf-id 1538, low count 63
VLOG[1] (build-tree[5.5.1049~1-4592c5]:main():build-tree.cc:143) For pdf-id 1544, low count 51
VLOG[1] (build-tree[5.5.1049~1-4592c5]:main():build-tree.cc:143) For pdf-id 1558, low count 76
VLOG[1] (build-tree[5.5.1049~1-4592c5]:main():build-tree.cc:143) For pdf-id 1577, low count 97
VLOG[1] (build-tree[5.5.1049~1-4592c5]:main():build-tree.cc:143) For pdf-id 1595, low count 67
VLOG[1] (build-tree[5.5.1049~1-4592c5]:main():build-tree.cc:143) For pdf-id 1633, low count 79
VLOG[1] (build-tree[5.5.1049~1-4592c5]:main():build-tree.cc:143) For pdf-id 1639, low count 77
VLOG[1] (build-tree[5.5.1049~1-4592c5]:main():build-tree.cc:143) For pdf-id 1649, low count 96
VLOG[1] (build-tree[5.5.1049~1-4592c5]:main():build-tree.cc:143) For pdf-id 1650, low count 89
VLOG[1] (build-tree[5.5.1049~1-4592c5]:main():build-tree.cc:143) For pdf-id 1652, low count 65
VLOG[1] (build-tree[5.5.1049~1-4592c5]:main():build-tree.cc:143) For pdf-id 1659, low count 32
VLOG[1] (build-tree[5.5.1049~1-4592c5]:main():build-tree.cc:143) For pdf-id 1681, low count 88
VLOG[1] (build-tree[5.5.1049~1-4592c5]:main():build-tree.cc:143) For pdf-id 1693, low count 70
VLOG[1] (build-tree[5.5.1049~1-4592c5]:main():build-tree.cc:143) For pdf-id 1696, low count 66
VLOG[1] (build-tree[5.5.1049~1-4592c5]:main():build-tree.cc:143) For pdf-id 1698, low count 92
VLOG[1] (build-tree[5.5.1049~1-4592c5]:main():build-tree.cc:143) For pdf-id 1704, low count 40
VLOG[1] (build-tree[5.5.1049~1-4592c5]:main():build-tree.cc:143) For pdf-id 1716, low count 98
VLOG[1] (build-tree[5.5.1049~1-4592c5]:main():build-tree.cc:143) For pdf-id 1720, low count 21
VLOG[1] (build-tree[5.5.1049~1-4592c5]:main():build-tree.cc:143) For pdf-id 1737, low count 43
VLOG[1] (build-tree[5.5.1049~1-4592c5]:main():build-tree.cc:143) For pdf-id 1739, low count 59
VLOG[1] (build-tree[5.5.1049~1-4592c5]:main():build-tree.cc:143) For pdf-id 1748, low count 87
VLOG[1] (build-tree[5.5.1049~1-4592c5]:main():build-tree.cc:143) For pdf-id 1749, low count 95
VLOG[1] (build-tree[5.5.1049~1-4592c5]:main():build-tree.cc:143) For pdf-id 1757, low count 50
VLOG[1] (build-tree[5.5.1049~1-4592c5]:main():build-tree.cc:143) For pdf-id 1765, low count 73
VLOG[1] (build-tree[5.5.1049~1-4592c5]:main():build-tree.cc:143) For pdf-id 1777, low count 87
VLOG[1] (build-tree[5.5.1049~1-4592c5]:main():build-tree.cc:143) For pdf-id 1778, low count 92
VLOG[1] (build-tree[5.5.1049~1-4592c5]:main():build-tree.cc:143) For pdf-id 1780, low count 33
VLOG[1] (build-tree[5.5.1049~1-4592c5]:main():build-tree.cc:143) For pdf-id 1781, low count 88
VLOG[1] (build-tree[5.5.1049~1-4592c5]:main():build-tree.cc:143) For pdf-id 1785, low count 70
VLOG[1] (build-tree[5.5.1049~1-4592c5]:main():build-tree.cc:143) For pdf-id 1789, low count 59
VLOG[1] (build-tree[5.5.1049~1-4592c5]:main():build-tree.cc:143) For pdf-id 1804, low count 50
VLOG[1] (build-tree[5.5.1049~1-4592c5]:main():build-tree.cc:143) For pdf-id 1832, low count 97
VLOG[1] (build-tree[5.5.1049~1-4592c5]:main():build-tree.cc:143) For pdf-id 1833, low count 21
VLOG[1] (build-tree[5.5.1049~1-4592c5]:main():build-tree.cc:143) For pdf-id 1835, low count 97
VLOG[1] (build-tree[5.5.1049~1-4592c5]:main():build-tree.cc:143) For pdf-id 1838, low count 79
VLOG[1] (build-tree[5.5.1049~1-4592c5]:main():build-tree.cc:143) For pdf-id 1844, low count 21
VLOG[1] (build-tree[5.5.1049~1-4592c5]:main():build-tree.cc:143) For pdf-id 1846, low count 94
VLOG[1] (build-tree[5.5.1049~1-4592c5]:main():build-tree.cc:143) For pdf-id 1853, low count 47
VLOG[1] (build-tree[5.5.1049~1-4592c5]:main():build-tree.cc:143) For pdf-id 1866, low count 20
VLOG[1] (build-tree[5.5.1049~1-4592c5]:main():build-tree.cc:143) For pdf-id 1881, low count 22
VLOG[1] (build-tree[5.5.1049~1-4592c5]:main():build-tree.cc:143) For pdf-id 1882, low count 23
VLOG[1] (build-tree[5.5.1049~1-4592c5]:main():build-tree.cc:143) For pdf-id 1884, low count 52
VLOG[1] (build-tree[5.5.1049~1-4592c5]:main():build-tree.cc:143) For pdf-id 1906, low count 26
VLOG[1] (build-tree[5.5.1049~1-4592c5]:main():build-tree.cc:143) For pdf-id 1907, low count 31
VLOG[1] (build-tree[5.5.1049~1-4592c5]:main():build-tree.cc:143) For pdf-id 1932, low count 91
VLOG[1] (build-tree[5.5.1049~1-4592c5]:main():build-tree.cc:143) For pdf-id 1937, low count 47
VLOG[1] (build-tree[5.5.1049~1-4592c5]:main():build-tree.cc:143) For pdf-id 1945, low count 29
VLOG[1] (build-tree[5.5.1049~1-4592c5]:main():build-tree.cc:143) For pdf-id 1948, low count 98
VLOG[1] (build-tree[5.5.1049~1-4592c5]:main():build-tree.cc:143) For pdf-id 1953, low count 83
VLOG[1] (build-tree[5.5.1049~1-4592c5]:main():build-tree.cc:143) For pdf-id 1958, low count 43
VLOG[1] (build-tree[5.5.1049~1-4592c5]:main():build-tree.cc:143) For pdf-id 1975, low count 84
VLOG[1] (build-tree[5.5.1049~1-4592c5]:main():build-tree.cc:143) For pdf-id 1985, low count 34
VLOG[1] (build-tree[5.5.1049~1-4592c5]:main():build-tree.cc:143) For pdf-id 1989, low count 60
VLOG[1] (build-tree[5.5.1049~1-4592c5]:main():build-tree.cc:143) For pdf-id 1990, low count 68
VLOG[1] (build-tree[5.5.1049~1-4592c5]:main():build-tree.cc:143) For pdf-id 1992, low count 33
VLOG[1] (build-tree[5.5.1049~1-4592c5]:main():build-tree.cc:143) For pdf-id 1994, low count 80
VLOG[1] (build-tree[5.5.1049~1-4592c5]:main():build-tree.cc:143) For pdf-id 2015, low count 22
VLOG[1] (build-tree[5.5.1049~1-4592c5]:main():build-tree.cc:143) For pdf-id 2021, low count 77
VLOG[1] (build-tree[5.5.1049~1-4592c5]:main():build-tree.cc:143) For pdf-id 2025, low count 56
VLOG[1] (build-tree[5.5.1049~1-4592c5]:main():build-tree.cc:143) For pdf-id 2028, low count 69
WARNING (build-tree[5.5.1049~1-4592c5]:main():build-tree.cc:185) Saw no stats for following phones: 2 16 78 183 201 208 243 
LOG (build-tree[5.5.1049~1-4592c5]:main():build-tree.cc:189) Wrote tree
# Accounting: time=8 threads=1
# Ended (code 0) at Wed Sep 28 18:06:43 CST 2022, elapsed time 8 seconds
