# compile-train-graphs --read-disambig-syms=data/lang/phones/disambig.int exp/tri3a/tree exp/tri3a/1.mdl data/lang/L.fst "ark:utils/sym2int.pl --map-oov 1 -f 2- data/lang/words.txt < data/train/split1/1/text |" "ark:|gzip -c >exp/tri3a/fsts.1.gz" 
# Started at Wed Sep 28 18:06:44 CST 2022
#
compile-train-graphs --read-disambig-syms=data/lang/phones/disambig.int exp/tri3a/tree exp/tri3a/1.mdl data/lang/L.fst 'ark:utils/sym2int.pl --map-oov 1 -f 2- data/lang/words.txt < data/train/split1/1/text |' 'ark:|gzip -c >exp/tri3a/fsts.1.gz' 
sym2int.pl: replacing beh4 with 1
sym2int.pl: replacing bo5 with 1
sym2int.pl: replacing leh4 with 1
sym2int.pl: replacing leh4 with 1
sym2int.pl: replacing leh4 with 1
sym2int.pl: replacing gun2 with 1
sym2int.pl: replacing an2-ne1 with 1
sym2int.pl: replacing tsiah8 with 1
sym2int.pl: replacing beh4 with 1
sym2int.pl: replacing an2-tsuann2 with 1
sym2int.pl: replacing e7-sai2 with 1
sym2int.pl: replacing bo5 with 1
sym2int.pl: replacing bo5 with 1
sym2int.pl: replacing bo5 with 1
sym2int.pl: replacing bo5 with 1
sym2int.pl: replacing to7 with 1
sym2int.pl: replacing tsit4 with 1
sym2int.pl: replacing bo5 with 1
sym2int.pl: replacing to7 with 1
sym2int.pl: replacing bo5 with 1
sym2int.pl: not warning for OOVs any more times
** Replaced 2456 instances of OOVs with 1
LOG (compile-train-graphs[5.5.1049~1-4592c5]:main():compile-train-graphs.cc:147) compile-train-graphs: succeeded for 1907 graphs, failed for 0
# Accounting: time=3 threads=1
# Ended (code 0) at Wed Sep 28 18:06:47 CST 2022, elapsed time 3 seconds
