gmm-init-model --write-occs=exp/tri3a/1.occs exp/tri3a/tree exp/tri3a/treeacc data/lang/topo exp/tri3a/1.mdl 
LOG (gmm-init-model[5.5.1047~1-09a63]:main():gmm-init-model.cc:271) Number of separate statistics is 48200
WARNING (gmm-init-model[5.5.1047~1-09a63]:InitAmGmm():gmm-init-model.cc:55) Tree has pdf-id 14 with no stats; corresponding phone list: 15 
WARNING (gmm-init-model[5.5.1047~1-09a63]:InitAmGmm():gmm-init-model.cc:55) Tree has pdf-id 76 with no stats; corresponding phone list: 77 
WARNING (gmm-init-model[5.5.1047~1-09a63]:InitAmGmm():gmm-init-model.cc:55) Tree has pdf-id 181 with no stats; corresponding phone list: 182 
WARNING (gmm-init-model[5.5.1047~1-09a63]:InitAmGmm():gmm-init-model.cc:55) Tree has pdf-id 199 with no stats; corresponding phone list: 200 
WARNING (gmm-init-model[5.5.1047~1-09a63]:InitAmGmm():gmm-init-model.cc:55) Tree has pdf-id 206 with no stats; corresponding phone list: 207 
WARNING (gmm-init-model[5.5.1047~1-09a63]:InitAmGmm():gmm-init-model.cc:55) Tree has pdf-id 241 with no stats; corresponding phone list: 242 
WARNING (gmm-init-model[5.5.1047~1-09a63]:InitAmGmm():gmm-init-model.cc:83) Very small count for state 8: 84; corresponding phone list: 9 
WARNING (gmm-init-model[5.5.1047~1-09a63]:InitAmGmm():gmm-init-model.cc:83) Very small count for state 16: 70; corresponding phone list: 17 
WARNING (gmm-init-model[5.5.1047~1-09a63]:InitAmGmm():gmm-init-model.cc:83) Very small count for state 17: 30; corresponding phone list: 18 
WARNING (gmm-init-model[5.5.1047~1-09a63]:InitAmGmm():gmm-init-model.cc:83) Very small count for state 18: 10; corresponding phone list: 19 
WARNING (gmm-init-model[5.5.1047~1-09a63]:InitAmGmm():gmm-init-model.cc:83) Very small count for state 27: 94; corresponding phone list: 28 
WARNING (gmm-init-model[5.5.1047~1-09a63]:InitAmGmm():gmm-init-model.cc:83) Very small count for state 38: 34; corresponding phone list: 39 
WARNING (gmm-init-model[5.5.1047~1-09a63]:InitAmGmm():gmm-init-model.cc:83) Very small count for state 39: 14; corresponding phone list: 40 
WARNING (gmm-init-model[5.5.1047~1-09a63]:InitAmGmm():gmm-init-model.cc:83) Very small count for state 50: 11; corresponding phone list: 51 
WARNING (gmm-init-model[5.5.1047~1-09a63]:InitAmGmm():gmm-init-model.cc:83) Very small count for state 52: 7; corresponding phone list: 53 
WARNING (gmm-init-model[5.5.1047~1-09a63]:InitAmGmm():gmm-init-model.cc:83) Very small count for state 56: 75; corresponding phone list: 57 
WARNING (gmm-init-model[5.5.1047~1-09a63]:InitAmGmm():gmm-init-model.cc:83) Very small count for state 57: 31; corresponding phone list: 58 
WARNING (gmm-init-model[5.5.1047~1-09a63]:InitAmGmm():gmm-init-model.cc:83) Very small count for state 62: 88; corresponding phone list: 63 
WARNING (gmm-init-model[5.5.1047~1-09a63]:InitAmGmm():gmm-init-model.cc:83) Very small count for state 63: 6; corresponding phone list: 64 
WARNING (gmm-init-model[5.5.1047~1-09a63]:InitAmGmm():gmm-init-model.cc:83) Very small count for state 64: 83; corresponding phone list: 65 
WARNING (gmm-init-model[5.5.1047~1-09a63]:InitAmGmm():gmm-init-model.cc:83) Very small count for state 65: 59; corresponding phone list: 66 
WARNING (gmm-init-model[5.5.1047~1-09a63]:InitAmGmm():gmm-init-model.cc:83) Very small count for state 66: 36; corresponding phone list: 67 
WARNING (gmm-init-model[5.5.1047~1-09a63]:InitAmGmm():gmm-init-model.cc:83) Very small count for state 67: 7; corresponding phone list: 68 
WARNING (gmm-init-model[5.5.1047~1-09a63]:InitAmGmm():gmm-init-model.cc:83) Very small count for state 68: 20; corresponding phone list: 69 
WARNING (gmm-init-model[5.5.1047~1-09a63]:InitAmGmm():gmm-init-model.cc:83) Very small count for state 71: 8; corresponding phone list: 72 
WARNING (gmm-init-model[5.5.1047~1-09a63]:InitAmGmm():gmm-init-model.cc:83) Very small count for state 80: 73; corresponding phone list: 81 
WARNING (gmm-init-model[5.5.1047~1-09a63]:InitAmGmm():gmm-init-model.cc:83) Very small count for state 81: 94; corresponding phone list: 82 
WARNING (gmm-init-model[5.5.1047~1-09a63]:InitAmGmm():gmm-init-model.cc:83) Very small count for state 84: 30; corresponding phone list: 85 
WARNING (gmm-init-model[5.5.1047~1-09a63]:InitAmGmm():gmm-init-model.cc:83) Very small count for state 85: 66; corresponding phone list: 86 
WARNING (gmm-init-model[5.5.1047~1-09a63]:InitAmGmm():gmm-init-model.cc:83) Very small count for state 86: 62; corresponding phone list: 87 
WARNING (gmm-init-model[5.5.1047~1-09a63]:InitAmGmm():gmm-init-model.cc:83) Very small count for state 87: 92; corresponding phone list: 88 
WARNING (gmm-init-model[5.5.1047~1-09a63]:InitAmGmm():gmm-init-model.cc:83) Very small count for state 90: 85; corresponding phone list: 91 
WARNING (gmm-init-model[5.5.1047~1-09a63]:InitAmGmm():gmm-init-model.cc:83) Very small count for state 97: 93; corresponding phone list: 98 
WARNING (gmm-init-model[5.5.1047~1-09a63]:InitAmGmm():gmm-init-model.cc:83) Very small count for state 98: 88; corresponding phone list: 99 
WARNING (gmm-init-model[5.5.1047~1-09a63]:InitAmGmm():gmm-init-model.cc:83) Very small count for state 99: 14; corresponding phone list: 100 
WARNING (gmm-init-model[5.5.1047~1-09a63]:InitAmGmm():gmm-init-model.cc:83) Very small count for state 100: 3; corresponding phone list: 101 
WARNING (gmm-init-model[5.5.1047~1-09a63]:InitAmGmm():gmm-init-model.cc:83) Very small count for state 101: 48; corresponding phone list: 102 
WARNING (gmm-init-model[5.5.1047~1-09a63]:InitAmGmm():gmm-init-model.cc:83) Very small count for state 105: 49; corresponding phone list: 106 
WARNING (gmm-init-model[5.5.1047~1-09a63]:InitAmGmm():gmm-init-model.cc:83) Very small count for state 107: 30; corresponding phone list: 108 
WARNING (gmm-init-model[5.5.1047~1-09a63]:InitAmGmm():gmm-init-model.cc:83) Very small count for state 108: 72; corresponding phone list: 109 
WARNING (gmm-init-model[5.5.1047~1-09a63]:InitAmGmm():gmm-init-model.cc:83) Very small count for state 117: 22; corresponding phone list: 118 
WARNING (gmm-init-model[5.5.1047~1-09a63]:InitAmGmm():gmm-init-model.cc:83) Very small count for state 118: 7; corresponding phone list: 119 
WARNING (gmm-init-model[5.5.1047~1-09a63]:InitAmGmm():gmm-init-model.cc:83) Very small count for state 124: 83; corresponding phone list: 125 
WARNING (gmm-init-model[5.5.1047~1-09a63]:InitAmGmm():gmm-init-model.cc:83) Very small count for state 127: 97; corresponding phone list: 128 
WARNING (gmm-init-model[5.5.1047~1-09a63]:InitAmGmm():gmm-init-model.cc:83) Very small count for state 138: 47; corresponding phone list: 139 
WARNING (gmm-init-model[5.5.1047~1-09a63]:InitAmGmm():gmm-init-model.cc:83) Very small count for state 140: 45; corresponding phone list: 141 
WARNING (gmm-init-model[5.5.1047~1-09a63]:InitAmGmm():gmm-init-model.cc:83) Very small count for state 143: 32; corresponding phone list: 144 
WARNING (gmm-init-model[5.5.1047~1-09a63]:InitAmGmm():gmm-init-model.cc:83) Very small count for state 148: 97; corresponding phone list: 149 
WARNING (gmm-init-model[5.5.1047~1-09a63]:InitAmGmm():gmm-init-model.cc:83) Very small count for state 158: 70; corresponding phone list: 159 
WARNING (gmm-init-model[5.5.1047~1-09a63]:InitAmGmm():gmm-init-model.cc:83) Very small count for state 167: 68; corresponding phone list: 168 
WARNING (gmm-init-model[5.5.1047~1-09a63]:InitAmGmm():gmm-init-model.cc:83) Very small count for state 169: 61; corresponding phone list: 170 
WARNING (gmm-init-model[5.5.1047~1-09a63]:InitAmGmm():gmm-init-model.cc:83) Very small count for state 170: 63; corresponding phone list: 171 
WARNING (gmm-init-model[5.5.1047~1-09a63]:InitAmGmm():gmm-init-model.cc:83) Very small count for state 172: 60; corresponding phone list: 173 
WARNING (gmm-init-model[5.5.1047~1-09a63]:InitAmGmm():gmm-init-model.cc:83) Very small count for state 173: 56; corresponding phone list: 174 
WARNING (gmm-init-model[5.5.1047~1-09a63]:InitAmGmm():gmm-init-model.cc:83) Very small count for state 174: 80; corresponding phone list: 175 
WARNING (gmm-init-model[5.5.1047~1-09a63]:InitAmGmm():gmm-init-model.cc:83) Very small count for state 176: 94; corresponding phone list: 177 
WARNING (gmm-init-model[5.5.1047~1-09a63]:InitAmGmm():gmm-init-model.cc:83) Very small count for state 177: 44; corresponding phone list: 178 
WARNING (gmm-init-model[5.5.1047~1-09a63]:InitAmGmm():gmm-init-model.cc:83) Very small count for state 179: 35; corresponding phone list: 180 
WARNING (gmm-init-model[5.5.1047~1-09a63]:InitAmGmm():gmm-init-model.cc:83) Very small count for state 203: 91; corresponding phone list: 204 
WARNING (gmm-init-model[5.5.1047~1-09a63]:InitAmGmm():gmm-init-model.cc:83) Very small count for state 205: 10; corresponding phone list: 206 
WARNING (gmm-init-model[5.5.1047~1-09a63]:InitAmGmm():gmm-init-model.cc:83) Very small count for state 207: 16; corresponding phone list: 208 
WARNING (gmm-init-model[5.5.1047~1-09a63]:InitAmGmm():gmm-init-model.cc:83) Very small count for state 208: 42; corresponding phone list: 209 
WARNING (gmm-init-model[5.5.1047~1-09a63]:InitAmGmm():gmm-init-model.cc:83) Very small count for state 210: 97; corresponding phone list: 211 
WARNING (gmm-init-model[5.5.1047~1-09a63]:InitAmGmm():gmm-init-model.cc:83) Very small count for state 212: 91; corresponding phone list: 213 
WARNING (gmm-init-model[5.5.1047~1-09a63]:InitAmGmm():gmm-init-model.cc:83) Very small count for state 213: 26; corresponding phone list: 214 
WARNING (gmm-init-model[5.5.1047~1-09a63]:InitAmGmm():gmm-init-model.cc:83) Very small count for state 215: 97; corresponding phone list: 216 
WARNING (gmm-init-model[5.5.1047~1-09a63]:InitAmGmm():gmm-init-model.cc:83) Very small count for state 216: 6; corresponding phone list: 217 
WARNING (gmm-init-model[5.5.1047~1-09a63]:InitAmGmm():gmm-init-model.cc:83) Very small count for state 217: 5; corresponding phone list: 218 
WARNING (gmm-init-model[5.5.1047~1-09a63]:InitAmGmm():gmm-init-model.cc:83) Very small count for state 226: 75; corresponding phone list: 227 
WARNING (gmm-init-model[5.5.1047~1-09a63]:InitAmGmm():gmm-init-model.cc:83) Very small count for state 230: 69; corresponding phone list: 231 
WARNING (gmm-init-model[5.5.1047~1-09a63]:InitAmGmm():gmm-init-model.cc:83) Very small count for state 233: 88; corresponding phone list: 234 
WARNING (gmm-init-model[5.5.1047~1-09a63]:InitAmGmm():gmm-init-model.cc:83) Very small count for state 236: 81; corresponding phone list: 237 
WARNING (gmm-init-model[5.5.1047~1-09a63]:InitAmGmm():gmm-init-model.cc:83) Very small count for state 238: 12; corresponding phone list: 239 
WARNING (gmm-init-model[5.5.1047~1-09a63]:InitAmGmm():gmm-init-model.cc:83) Very small count for state 239: 69; corresponding phone list: 240 
WARNING (gmm-init-model[5.5.1047~1-09a63]:InitAmGmm():gmm-init-model.cc:83) Very small count for state 240: 8; corresponding phone list: 241 
WARNING (gmm-init-model[5.5.1047~1-09a63]:InitAmGmm():gmm-init-model.cc:83) Very small count for state 242: 69; corresponding phone list: 243 
WARNING (gmm-init-model[5.5.1047~1-09a63]:InitAmGmm():gmm-init-model.cc:83) Very small count for state 243: 10; corresponding phone list: 244 
WARNING (gmm-init-model[5.5.1047~1-09a63]:InitAmGmm():gmm-init-model.cc:83) Very small count for state 244: 69; corresponding phone list: 245 
WARNING (gmm-init-model[5.5.1047~1-09a63]:InitAmGmm():gmm-init-model.cc:83) Very small count for state 246: 68; corresponding phone list: 247 
WARNING (gmm-init-model[5.5.1047~1-09a63]:InitAmGmm():gmm-init-model.cc:83) Very small count for state 254: 64; corresponding phone list: 255 
WARNING (gmm-init-model[5.5.1047~1-09a63]:InitAmGmm():gmm-init-model.cc:83) Very small count for state 264: 6; corresponding phone list: 265 
WARNING (gmm-init-model[5.5.1047~1-09a63]:InitAmGmm():gmm-init-model.cc:83) Very small count for state 265: 6; corresponding phone list: 266 
WARNING (gmm-init-model[5.5.1047~1-09a63]:InitAmGmm():gmm-init-model.cc:83) Very small count for state 271: 3; corresponding phone list: 272 
WARNING (gmm-init-model[5.5.1047~1-09a63]:InitAmGmm():gmm-init-model.cc:83) Very small count for state 272: 12; corresponding phone list: 273 
WARNING (gmm-init-model[5.5.1047~1-09a63]:InitAmGmm():gmm-init-model.cc:83) Very small count for state 273: 14; corresponding phone list: 274 
WARNING (gmm-init-model[5.5.1047~1-09a63]:InitAmGmm():gmm-init-model.cc:83) Very small count for state 309: 47; corresponding phone list: 61 
WARNING (gmm-init-model[5.5.1047~1-09a63]:InitAmGmm():gmm-init-model.cc:83) Very small count for state 318: 51; corresponding phone list: 60 
WARNING (gmm-init-model[5.5.1047~1-09a63]:InitAmGmm():gmm-init-model.cc:83) Very small count for state 324: 85; corresponding phone list: 13 
WARNING (gmm-init-model[5.5.1047~1-09a63]:InitAmGmm():gmm-init-model.cc:83) Very small count for state 333: 73; corresponding phone list: 221 
WARNING (gmm-init-model[5.5.1047~1-09a63]:InitAmGmm():gmm-init-model.cc:83) Very small count for state 335: 84; corresponding phone list: 249 
WARNING (gmm-init-model[5.5.1047~1-09a63]:InitAmGmm():gmm-init-model.cc:83) Very small count for state 343: 79; corresponding phone list: 35 
WARNING (gmm-init-model[5.5.1047~1-09a63]:InitAmGmm():gmm-init-model.cc:83) Very small count for state 344: 66; corresponding phone list: 232 
WARNING (gmm-init-model[5.5.1047~1-09a63]:InitAmGmm():gmm-init-model.cc:83) Very small count for state 349: 85; corresponding phone list: 158 
WARNING (gmm-init-model[5.5.1047~1-09a63]:InitAmGmm():gmm-init-model.cc:83) Very small count for state 373: 56; corresponding phone list: 13 
WARNING (gmm-init-model[5.5.1047~1-09a63]:InitAmGmm():gmm-init-model.cc:83) Very small count for state 376: 75; corresponding phone list: 194 
WARNING (gmm-init-model[5.5.1047~1-09a63]:InitAmGmm():gmm-init-model.cc:83) Very small count for state 385: 78; corresponding phone list: 222 
WARNING (gmm-init-model[5.5.1047~1-09a63]:InitAmGmm():gmm-init-model.cc:83) Very small count for state 397: 43; corresponding phone list: 196 
WARNING (gmm-init-model[5.5.1047~1-09a63]:InitAmGmm():gmm-init-model.cc:83) Very small count for state 403: 42; corresponding phone list: 278 
WARNING (gmm-init-model[5.5.1047~1-09a63]:InitAmGmm():gmm-init-model.cc:83) Very small count for state 417: 58; corresponding phone list: 162 
WARNING (gmm-init-model[5.5.1047~1-09a63]:InitAmGmm():gmm-init-model.cc:83) Very small count for state 418: 67; corresponding phone list: 74 
WARNING (gmm-init-model[5.5.1047~1-09a63]:InitAmGmm():gmm-init-model.cc:83) Very small count for state 420: 28; corresponding phone list: 279 
WARNING (gmm-init-model[5.5.1047~1-09a63]:InitAmGmm():gmm-init-model.cc:83) Very small count for state 422: 73; corresponding phone list: 27 
WARNING (gmm-init-model[5.5.1047~1-09a63]:InitAmGmm():gmm-init-model.cc:83) Very small count for state 430: 92; corresponding phone list: 48 
WARNING (gmm-init-model[5.5.1047~1-09a63]:InitAmGmm():gmm-init-model.cc:83) Very small count for state 433: 67; corresponding phone list: 73 
WARNING (gmm-init-model[5.5.1047~1-09a63]:InitAmGmm():gmm-init-model.cc:83) Very small count for state 435: 86; corresponding phone list: 6 
WARNING (gmm-init-model[5.5.1047~1-09a63]:InitAmGmm():gmm-init-model.cc:83) Very small count for state 440: 69; corresponding phone list: 50 
WARNING (gmm-init-model[5.5.1047~1-09a63]:InitAmGmm():gmm-init-model.cc:83) Very small count for state 452: 27; corresponding phone list: 229 
WARNING (gmm-init-model[5.5.1047~1-09a63]:InitAmGmm():gmm-init-model.cc:83) Very small count for state 459: 96; corresponding phone list: 43 
WARNING (gmm-init-model[5.5.1047~1-09a63]:InitAmGmm():gmm-init-model.cc:83) Very small count for state 472: 41; corresponding phone list: 212 
WARNING (gmm-init-model[5.5.1047~1-09a63]:InitAmGmm():gmm-init-model.cc:83) Very small count for state 487: 66; corresponding phone list: 246 
WARNING (gmm-init-model[5.5.1047~1-09a63]:InitAmGmm():gmm-init-model.cc:83) Very small count for state 488: 87; corresponding phone list: 60 
WARNING (gmm-init-model[5.5.1047~1-09a63]:InitAmGmm():gmm-init-model.cc:83) Very small count for state 497: 84; corresponding phone list: 114 
WARNING (gmm-init-model[5.5.1047~1-09a63]:InitAmGmm():gmm-init-model.cc:83) Very small count for state 501: 69; corresponding phone list: 161 
WARNING (gmm-init-model[5.5.1047~1-09a63]:InitAmGmm():gmm-init-model.cc:83) Very small count for state 506: 56; corresponding phone list: 221 
WARNING (gmm-init-model[5.5.1047~1-09a63]:InitAmGmm():gmm-init-model.cc:83) Very small count for state 514: 68; corresponding phone list: 230 
WARNING (gmm-init-model[5.5.1047~1-09a63]:InitAmGmm():gmm-init-model.cc:83) Very small count for state 516: 73; corresponding phone list: 151 
WARNING (gmm-init-model[5.5.1047~1-09a63]:InitAmGmm():gmm-init-model.cc:83) Very small count for state 529: 86; corresponding phone list: 221 
WARNING (gmm-init-model[5.5.1047~1-09a63]:InitAmGmm():gmm-init-model.cc:83) Very small count for state 531: 75; corresponding phone list: 215 
WARNING (gmm-init-model[5.5.1047~1-09a63]:InitAmGmm():gmm-init-model.cc:83) Very small count for state 534: 89; corresponding phone list: 136 
WARNING (gmm-init-model[5.5.1047~1-09a63]:InitAmGmm():gmm-init-model.cc:83) Very small count for state 552: 33; corresponding phone list: 214 
WARNING (gmm-init-model[5.5.1047~1-09a63]:InitAmGmm():gmm-init-model.cc:83) Very small count for state 554: 74; corresponding phone list: 211 
WARNING (gmm-init-model[5.5.1047~1-09a63]:InitAmGmm():gmm-init-model.cc:83) Very small count for state 557: 68; corresponding phone list: 32 
WARNING (gmm-init-model[5.5.1047~1-09a63]:InitAmGmm():gmm-init-model.cc:83) Very small count for state 561: 92; corresponding phone list: 59 
WARNING (gmm-init-model[5.5.1047~1-09a63]:InitAmGmm():gmm-init-model.cc:83) Very small count for state 572: 88; corresponding phone list: 107 
WARNING (gmm-init-model[5.5.1047~1-09a63]:InitAmGmm():gmm-init-model.cc:83) Very small count for state 573: 28; corresponding phone list: 73 
WARNING (gmm-init-model[5.5.1047~1-09a63]:InitAmGmm():gmm-init-model.cc:83) Very small count for state 585: 46; corresponding phone list: 78 
WARNING (gmm-init-model[5.5.1047~1-09a63]:InitAmGmm():gmm-init-model.cc:83) Very small count for state 587: 50; corresponding phone list: 48 
WARNING (gmm-init-model[5.5.1047~1-09a63]:InitAmGmm():gmm-init-model.cc:83) Very small count for state 590: 91; corresponding phone list: 49 
WARNING (gmm-init-model[5.5.1047~1-09a63]:InitAmGmm():gmm-init-model.cc:83) Very small count for state 591: 77; corresponding phone list: 229 
WARNING (gmm-init-model[5.5.1047~1-09a63]:InitAmGmm():gmm-init-model.cc:83) Very small count for state 593: 67; corresponding phone list: 84 
WARNING (gmm-init-model[5.5.1047~1-09a63]:InitAmGmm():gmm-init-model.cc:83) Very small count for state 594: 97; corresponding phone list: 191 
WARNING (gmm-init-model[5.5.1047~1-09a63]:InitAmGmm():gmm-init-model.cc:83) Very small count for state 606: 57; corresponding phone list: 55 
WARNING (gmm-init-model[5.5.1047~1-09a63]:InitAmGmm():gmm-init-model.cc:83) Very small count for state 611: 73; corresponding phone list: 224 
WARNING (gmm-init-model[5.5.1047~1-09a63]:InitAmGmm():gmm-init-model.cc:83) Very small count for state 613: 91; corresponding phone list: 162 
WARNING (gmm-init-model[5.5.1047~1-09a63]:InitAmGmm():gmm-init-model.cc:83) Very small count for state 653: 95; corresponding phone list: 11 
WARNING (gmm-init-model[5.5.1047~1-09a63]:InitAmGmm():gmm-init-model.cc:83) Very small count for state 657: 87; corresponding phone list: 71 
WARNING (gmm-init-model[5.5.1047~1-09a63]:InitAmGmm():gmm-init-model.cc:83) Very small count for state 663: 54; corresponding phone list: 222 
WARNING (gmm-init-model[5.5.1047~1-09a63]:InitAmGmm():gmm-init-model.cc:83) Very small count for state 676: 69; corresponding phone list: 176 
WARNING (gmm-init-model[5.5.1047~1-09a63]:InitAmGmm():gmm-init-model.cc:83) Very small count for state 684: 98; corresponding phone list: 221 
WARNING (gmm-init-model[5.5.1047~1-09a63]:InitAmGmm():gmm-init-model.cc:83) Very small count for state 687: 72; corresponding phone list: 222 
WARNING (gmm-init-model[5.5.1047~1-09a63]:InitAmGmm():gmm-init-model.cc:83) Very small count for state 691: 51; corresponding phone list: 85 
WARNING (gmm-init-model[5.5.1047~1-09a63]:InitAmGmm():gmm-init-model.cc:83) Very small count for state 696: 17; corresponding phone list: 50 
WARNING (gmm-init-model[5.5.1047~1-09a63]:InitAmGmm():gmm-init-model.cc:83) Very small count for state 710: 69; corresponding phone list: 130 
WARNING (gmm-init-model[5.5.1047~1-09a63]:InitAmGmm():gmm-init-model.cc:83) Very small count for state 712: 80; corresponding phone list: 97 
WARNING (gmm-init-model[5.5.1047~1-09a63]:InitAmGmm():gmm-init-model.cc:83) Very small count for state 714: 32; corresponding phone list: 226 
WARNING (gmm-init-model[5.5.1047~1-09a63]:InitAmGmm():gmm-init-model.cc:83) Very small count for state 717: 67; corresponding phone list: 212 
WARNING (gmm-init-model[5.5.1047~1-09a63]:InitAmGmm():gmm-init-model.cc:83) Very small count for state 728: 69; corresponding phone list: 269 
WARNING (gmm-init-model[5.5.1047~1-09a63]:InitAmGmm():gmm-init-model.cc:83) Very small count for state 729: 81; corresponding phone list: 222 
WARNING (gmm-init-model[5.5.1047~1-09a63]:InitAmGmm():gmm-init-model.cc:83) Very small count for state 738: 93; corresponding phone list: 58 
WARNING (gmm-init-model[5.5.1047~1-09a63]:InitAmGmm():gmm-init-model.cc:83) Very small count for state 750: 35; corresponding phone list: 83 
WARNING (gmm-init-model[5.5.1047~1-09a63]:InitAmGmm():gmm-init-model.cc:83) Very small count for state 759: 89; corresponding phone list: 224 
WARNING (gmm-init-model[5.5.1047~1-09a63]:InitAmGmm():gmm-init-model.cc:83) Very small count for state 768: 87; corresponding phone list: 9 
WARNING (gmm-init-model[5.5.1047~1-09a63]:InitAmGmm():gmm-init-model.cc:83) Very small count for state 773: 50; corresponding phone list: 175 
WARNING (gmm-init-model[5.5.1047~1-09a63]:InitAmGmm():gmm-init-model.cc:83) Very small count for state 774: 67; corresponding phone list: 261 
WARNING (gmm-init-model[5.5.1047~1-09a63]:InitAmGmm():gmm-init-model.cc:83) Very small count for state 818: 34; corresponding phone list: 94 
WARNING (gmm-init-model[5.5.1047~1-09a63]:InitAmGmm():gmm-init-model.cc:83) Very small count for state 819: 83; corresponding phone list: 150 
WARNING (gmm-init-model[5.5.1047~1-09a63]:InitAmGmm():gmm-init-model.cc:83) Very small count for state 824: 95; corresponding phone list: 277 
WARNING (gmm-init-model[5.5.1047~1-09a63]:InitAmGmm():gmm-init-model.cc:83) Very small count for state 827: 76; corresponding phone list: 174 
WARNING (gmm-init-model[5.5.1047~1-09a63]:InitAmGmm():gmm-init-model.cc:83) Very small count for state 840: 94; corresponding phone list: 221 
WARNING (gmm-init-model[5.5.1047~1-09a63]:InitAmGmm():gmm-init-model.cc:83) Very small count for state 851: 94; corresponding phone list: 71 
WARNING (gmm-init-model[5.5.1047~1-09a63]:InitAmGmm():gmm-init-model.cc:83) Very small count for state 853: 98; corresponding phone list: 93 
WARNING (gmm-init-model[5.5.1047~1-09a63]:InitAmGmm():gmm-init-model.cc:83) Very small count for state 860: 94; corresponding phone list: 60 
WARNING (gmm-init-model[5.5.1047~1-09a63]:InitAmGmm():gmm-init-model.cc:83) Very small count for state 865: 63; corresponding phone list: 71 
WARNING (gmm-init-model[5.5.1047~1-09a63]:InitAmGmm():gmm-init-model.cc:83) Very small count for state 866: 22; corresponding phone list: 56 
WARNING (gmm-init-model[5.5.1047~1-09a63]:InitAmGmm():gmm-init-model.cc:83) Very small count for state 869: 79; corresponding phone list: 219 
WARNING (gmm-init-model[5.5.1047~1-09a63]:InitAmGmm():gmm-init-model.cc:83) Very small count for state 875: 17; corresponding phone list: 7 
WARNING (gmm-init-model[5.5.1047~1-09a63]:InitAmGmm():gmm-init-model.cc:83) Very small count for state 886: 74; corresponding phone list: 181 
WARNING (gmm-init-model[5.5.1047~1-09a63]:InitAmGmm():gmm-init-model.cc:83) Very small count for state 894: 99; corresponding phone list: 193 
WARNING (gmm-init-model[5.5.1047~1-09a63]:InitAmGmm():gmm-init-model.cc:83) Very small count for state 896: 56; corresponding phone list: 41 
WARNING (gmm-init-model[5.5.1047~1-09a63]:InitAmGmm():gmm-init-model.cc:83) Very small count for state 898: 65; corresponding phone list: 237 
WARNING (gmm-init-model[5.5.1047~1-09a63]:InitAmGmm():gmm-init-model.cc:83) Very small count for state 903: 72; corresponding phone list: 189 
WARNING (gmm-init-model[5.5.1047~1-09a63]:InitAmGmm():gmm-init-model.cc:83) Very small count for state 949: 60; corresponding phone list: 192 
WARNING (gmm-init-model[5.5.1047~1-09a63]:InitAmGmm():gmm-init-model.cc:83) Very small count for state 963: 73; corresponding phone list: 71 
WARNING (gmm-init-model[5.5.1047~1-09a63]:InitAmGmm():gmm-init-model.cc:83) Very small count for state 967: 61; corresponding phone list: 71 
WARNING (gmm-init-model[5.5.1047~1-09a63]:InitAmGmm():gmm-init-model.cc:83) Very small count for state 968: 23; corresponding phone list: 62 
WARNING (gmm-init-model[5.5.1047~1-09a63]:InitAmGmm():gmm-init-model.cc:83) Very small count for state 976: 95; corresponding phone list: 70 
WARNING (gmm-init-model[5.5.1047~1-09a63]:InitAmGmm():gmm-init-model.cc:83) Very small count for state 979: 63; corresponding phone list: 97 
WARNING (gmm-init-model[5.5.1047~1-09a63]:InitAmGmm():gmm-init-model.cc:83) Very small count for state 983: 75; corresponding phone list: 192 
WARNING (gmm-init-model[5.5.1047~1-09a63]:InitAmGmm():gmm-init-model.cc:83) Very small count for state 989: 95; corresponding phone list: 220 
WARNING (gmm-init-model[5.5.1047~1-09a63]:InitAmGmm():gmm-init-model.cc:83) Very small count for state 996: 58; corresponding phone list: 113 
WARNING (gmm-init-model[5.5.1047~1-09a63]:InitAmGmm():gmm-init-model.cc:83) Very small count for state 1004: 88; corresponding phone list: 5 
WARNING (gmm-init-model[5.5.1047~1-09a63]:InitAmGmm():gmm-init-model.cc:83) Very small count for state 1010: 88; corresponding phone list: 134 
WARNING (gmm-init-model[5.5.1047~1-09a63]:InitAmGmm():gmm-init-model.cc:83) Very small count for state 1023: 32; corresponding phone list: 27 
WARNING (gmm-init-model[5.5.1047~1-09a63]:InitAmGmm():gmm-init-model.cc:83) Very small count for state 1024: 99; corresponding phone list: 177 
WARNING (gmm-init-model[5.5.1047~1-09a63]:InitAmGmm():gmm-init-model.cc:83) Very small count for state 1030: 69; corresponding phone list: 129 
WARNING (gmm-init-model[5.5.1047~1-09a63]:InitAmGmm():gmm-init-model.cc:83) Very small count for state 1031: 68; corresponding phone list: 178 
WARNING (gmm-init-model[5.5.1047~1-09a63]:InitAmGmm():gmm-init-model.cc:83) Very small count for state 1045: 72; corresponding phone list: 71 
WARNING (gmm-init-model[5.5.1047~1-09a63]:InitAmGmm():gmm-init-model.cc:83) Very small count for state 1047: 96; corresponding phone list: 114 
WARNING (gmm-init-model[5.5.1047~1-09a63]:InitAmGmm():gmm-init-model.cc:83) Very small count for state 1051: 88; corresponding phone list: 129 
WARNING (gmm-init-model[5.5.1047~1-09a63]:InitAmGmm():gmm-init-model.cc:83) Very small count for state 1057: 74; corresponding phone list: 6 
WARNING (gmm-init-model[5.5.1047~1-09a63]:InitAmGmm():gmm-init-model.cc:83) Very small count for state 1060: 33; corresponding phone list: 188 
WARNING (gmm-init-model[5.5.1047~1-09a63]:InitAmGmm():gmm-init-model.cc:83) Very small count for state 1061: 62; corresponding phone list: 221 
WARNING (gmm-init-model[5.5.1047~1-09a63]:InitAmGmm():gmm-init-model.cc:83) Very small count for state 1072: 88; corresponding phone list: 141 
WARNING (gmm-init-model[5.5.1047~1-09a63]:InitAmGmm():gmm-init-model.cc:83) Very small count for state 1075: 73; corresponding phone list: 165 
WARNING (gmm-init-model[5.5.1047~1-09a63]:InitAmGmm():gmm-init-model.cc:83) Very small count for state 1076: 77; corresponding phone list: 215 
WARNING (gmm-init-model[5.5.1047~1-09a63]:InitAmGmm():gmm-init-model.cc:83) Very small count for state 1077: 43; corresponding phone list: 215 
WARNING (gmm-init-model[5.5.1047~1-09a63]:InitAmGmm():gmm-init-model.cc:83) Very small count for state 1088: 20; corresponding phone list: 83 
WARNING (gmm-init-model[5.5.1047~1-09a63]:InitAmGmm():gmm-init-model.cc:83) Very small count for state 1110: 83; corresponding phone list: 55 
WARNING (gmm-init-model[5.5.1047~1-09a63]:InitAmGmm():gmm-init-model.cc:83) Very small count for state 1117: 53; corresponding phone list: 2 
WARNING (gmm-init-model[5.5.1047~1-09a63]:InitAmGmm():gmm-init-model.cc:83) Very small count for state 1123: 83; corresponding phone list: 225 
WARNING (gmm-init-model[5.5.1047~1-09a63]:InitAmGmm():gmm-init-model.cc:83) Very small count for state 1127: 65; corresponding phone list: 60 
WARNING (gmm-init-model[5.5.1047~1-09a63]:InitAmGmm():gmm-init-model.cc:83) Very small count for state 1134: 75; corresponding phone list: 216 
WARNING (gmm-init-model[5.5.1047~1-09a63]:InitAmGmm():gmm-init-model.cc:83) Very small count for state 1135: 63; corresponding phone list: 47 
WARNING (gmm-init-model[5.5.1047~1-09a63]:InitAmGmm():gmm-init-model.cc:83) Very small count for state 1136: 98; corresponding phone list: 212 
WARNING (gmm-init-model[5.5.1047~1-09a63]:InitAmGmm():gmm-init-model.cc:83) Very small count for state 1142: 90; corresponding phone list: 146 
WARNING (gmm-init-model[5.5.1047~1-09a63]:InitAmGmm():gmm-init-model.cc:83) Very small count for state 1146: 95; corresponding phone list: 74 
WARNING (gmm-init-model[5.5.1047~1-09a63]:InitAmGmm():gmm-init-model.cc:83) Very small count for state 1156: 67; corresponding phone list: 276 
WARNING (gmm-init-model[5.5.1047~1-09a63]:InitAmGmm():gmm-init-model.cc:83) Very small count for state 1159: 97; corresponding phone list: 177 
WARNING (gmm-init-model[5.5.1047~1-09a63]:InitAmGmm():gmm-init-model.cc:83) Very small count for state 1169: 94; corresponding phone list: 90 
WARNING (gmm-init-model[5.5.1047~1-09a63]:InitAmGmm():gmm-init-model.cc:83) Very small count for state 1172: 95; corresponding phone list: 219 
WARNING (gmm-init-model[5.5.1047~1-09a63]:InitAmGmm():gmm-init-model.cc:83) Very small count for state 1185: 43; corresponding phone list: 60 
WARNING (gmm-init-model[5.5.1047~1-09a63]:InitAmGmm():gmm-init-model.cc:83) Very small count for state 1196: 69; corresponding phone list: 35 
WARNING (gmm-init-model[5.5.1047~1-09a63]:InitAmGmm():gmm-init-model.cc:83) Very small count for state 1212: 88; corresponding phone list: 221 
WARNING (gmm-init-model[5.5.1047~1-09a63]:InitAmGmm():gmm-init-model.cc:83) Very small count for state 1214: 63; corresponding phone list: 215 
WARNING (gmm-init-model[5.5.1047~1-09a63]:InitAmGmm():gmm-init-model.cc:83) Very small count for state 1215: 83; corresponding phone list: 195 
WARNING (gmm-init-model[5.5.1047~1-09a63]:InitAmGmm():gmm-init-model.cc:83) Very small count for state 1219: 33; corresponding phone list: 185 
WARNING (gmm-init-model[5.5.1047~1-09a63]:InitAmGmm():gmm-init-model.cc:83) Very small count for state 1220: 57; corresponding phone list: 280 
WARNING (gmm-init-model[5.5.1047~1-09a63]:InitAmGmm():gmm-init-model.cc:83) Very small count for state 1235: 58; corresponding phone list: 55 
WARNING (gmm-init-model[5.5.1047~1-09a63]:InitAmGmm():gmm-init-model.cc:83) Very small count for state 1239: 97; corresponding phone list: 6 
WARNING (gmm-init-model[5.5.1047~1-09a63]:InitAmGmm():gmm-init-model.cc:83) Very small count for state 1243: 92; corresponding phone list: 232 
WARNING (gmm-init-model[5.5.1047~1-09a63]:InitAmGmm():gmm-init-model.cc:83) Very small count for state 1253: 87; corresponding phone list: 189 
WARNING (gmm-init-model[5.5.1047~1-09a63]:InitAmGmm():gmm-init-model.cc:83) Very small count for state 1266: 77; corresponding phone list: 76 
WARNING (gmm-init-model[5.5.1047~1-09a63]:InitAmGmm():gmm-init-model.cc:83) Very small count for state 1281: 53; corresponding phone list: 3 
WARNING (gmm-init-model[5.5.1047~1-09a63]:InitAmGmm():gmm-init-model.cc:83) Very small count for state 1283: 89; corresponding phone list: 73 
WARNING (gmm-init-model[5.5.1047~1-09a63]:InitAmGmm():gmm-init-model.cc:83) Very small count for state 1284: 96; corresponding phone list: 173 
WARNING (gmm-init-model[5.5.1047~1-09a63]:InitAmGmm():gmm-init-model.cc:83) Very small count for state 1307: 74; corresponding phone list: 56 
WARNING (gmm-init-model[5.5.1047~1-09a63]:InitAmGmm():gmm-init-model.cc:83) Very small count for state 1318: 91; corresponding phone list: 254 
WARNING (gmm-init-model[5.5.1047~1-09a63]:InitAmGmm():gmm-init-model.cc:83) Very small count for state 1324: 38; corresponding phone list: 143 
WARNING (gmm-init-model[5.5.1047~1-09a63]:InitAmGmm():gmm-init-model.cc:83) Very small count for state 1329: 67; corresponding phone list: 3 
WARNING (gmm-init-model[5.5.1047~1-09a63]:InitAmGmm():gmm-init-model.cc:83) Very small count for state 1340: 96; corresponding phone list: 226 
WARNING (gmm-init-model[5.5.1047~1-09a63]:InitAmGmm():gmm-init-model.cc:83) Very small count for state 1341: 94; corresponding phone list: 56 
WARNING (gmm-init-model[5.5.1047~1-09a63]:InitAmGmm():gmm-init-model.cc:83) Very small count for state 1342: 52; corresponding phone list: 59 
WARNING (gmm-init-model[5.5.1047~1-09a63]:InitAmGmm():gmm-init-model.cc:83) Very small count for state 1343: 43; corresponding phone list: 240 
WARNING (gmm-init-model[5.5.1047~1-09a63]:InitAmGmm():gmm-init-model.cc:83) Very small count for state 1349: 89; corresponding phone list: 192 
WARNING (gmm-init-model[5.5.1047~1-09a63]:InitAmGmm():gmm-init-model.cc:83) Very small count for state 1352: 64; corresponding phone list: 59 
WARNING (gmm-init-model[5.5.1047~1-09a63]:InitAmGmm():gmm-init-model.cc:83) Very small count for state 1362: 35; corresponding phone list: 213 
WARNING (gmm-init-model[5.5.1047~1-09a63]:InitAmGmm():gmm-init-model.cc:83) Very small count for state 1364: 59; corresponding phone list: 192 
WARNING (gmm-init-model[5.5.1047~1-09a63]:InitAmGmm():gmm-init-model.cc:83) Very small count for state 1369: 39; corresponding phone list: 177 
WARNING (gmm-init-model[5.5.1047~1-09a63]:InitAmGmm():gmm-init-model.cc:83) Very small count for state 1372: 32; corresponding phone list: 178 
WARNING (gmm-init-model[5.5.1047~1-09a63]:InitAmGmm():gmm-init-model.cc:83) Very small count for state 1383: 92; corresponding phone list: 216 
WARNING (gmm-init-model[5.5.1047~1-09a63]:InitAmGmm():gmm-init-model.cc:83) Very small count for state 1398: 94; corresponding phone list: 3 
WARNING (gmm-init-model[5.5.1047~1-09a63]:InitAmGmm():gmm-init-model.cc:83) Very small count for state 1424: 91; corresponding phone list: 235 
WARNING (gmm-init-model[5.5.1047~1-09a63]:InitAmGmm():gmm-init-model.cc:83) Very small count for state 1428: 64; corresponding phone list: 185 
WARNING (gmm-init-model[5.5.1047~1-09a63]:InitAmGmm():gmm-init-model.cc:83) Very small count for state 1429: 82; corresponding phone list: 161 
WARNING (gmm-init-model[5.5.1047~1-09a63]:InitAmGmm():gmm-init-model.cc:83) Very small count for state 1433: 71; corresponding phone list: 216 
WARNING (gmm-init-model[5.5.1047~1-09a63]:InitAmGmm():gmm-init-model.cc:83) Very small count for state 1440: 71; corresponding phone list: 2 
WARNING (gmm-init-model[5.5.1047~1-09a63]:InitAmGmm():gmm-init-model.cc:83) Very small count for state 1454: 31; corresponding phone list: 145 
WARNING (gmm-init-model[5.5.1047~1-09a63]:InitAmGmm():gmm-init-model.cc:83) Very small count for state 1459: 99; corresponding phone list: 128 
WARNING (gmm-init-model[5.5.1047~1-09a63]:InitAmGmm():gmm-init-model.cc:83) Very small count for state 1474: 81; corresponding phone list: 184 
WARNING (gmm-init-model[5.5.1047~1-09a63]:InitAmGmm():gmm-init-model.cc:83) Very small count for state 1476: 26; corresponding phone list: 211 
WARNING (gmm-init-model[5.5.1047~1-09a63]:InitAmGmm():gmm-init-model.cc:83) Very small count for state 1569: 46; corresponding phone list: 228 
WARNING (gmm-init-model[5.5.1047~1-09a63]:InitAmGmm():gmm-init-model.cc:83) Very small count for state 1574: 51; corresponding phone list: 183 
WARNING (gmm-init-model[5.5.1047~1-09a63]:InitAmGmm():gmm-init-model.cc:83) Very small count for state 1581: 48; corresponding phone list: 7 
WARNING (gmm-init-model[5.5.1047~1-09a63]:InitAmGmm():gmm-init-model.cc:83) Very small count for state 1583: 76; corresponding phone list: 128 
WARNING (gmm-init-model[5.5.1047~1-09a63]:InitAmGmm():gmm-init-model.cc:83) Very small count for state 1590: 57; corresponding phone list: 183 
WARNING (gmm-init-model[5.5.1047~1-09a63]:InitAmGmm():gmm-init-model.cc:83) Very small count for state 1620: 80; corresponding phone list: 120 
WARNING (gmm-init-model[5.5.1047~1-09a63]:InitAmGmm():gmm-init-model.cc:83) Very small count for state 1628: 83; corresponding phone list: 173 
WARNING (gmm-init-model[5.5.1047~1-09a63]:InitAmGmm():gmm-init-model.cc:83) Very small count for state 1654: 61; corresponding phone list: 117 
WARNING (gmm-init-model[5.5.1047~1-09a63]:InitAmGmm():gmm-init-model.cc:83) Very small count for state 1684: 87; corresponding phone list: 234 
WARNING (gmm-init-model[5.5.1047~1-09a63]:InitAmGmm():gmm-init-model.cc:83) Very small count for state 1691: 95; corresponding phone list: 149 
WARNING (gmm-init-model[5.5.1047~1-09a63]:InitAmGmm():gmm-init-model.cc:83) Very small count for state 1694: 32; corresponding phone list: 76 
WARNING (gmm-init-model[5.5.1047~1-09a63]:InitAmGmm():gmm-init-model.cc:83) Very small count for state 1705: 31; corresponding phone list: 132 
WARNING (gmm-init-model[5.5.1047~1-09a63]:InitAmGmm():gmm-init-model.cc:83) Very small count for state 1711: 82; corresponding phone list: 91 
WARNING (gmm-init-model[5.5.1047~1-09a63]:InitAmGmm():gmm-init-model.cc:83) Very small count for state 1720: 86; corresponding phone list: 220 
WARNING (gmm-init-model[5.5.1047~1-09a63]:InitAmGmm():gmm-init-model.cc:83) Very small count for state 1732: 76; corresponding phone list: 145 
WARNING (gmm-init-model[5.5.1047~1-09a63]:InitAmGmm():gmm-init-model.cc:83) Very small count for state 1741: 55; corresponding phone list: 212 
WARNING (gmm-init-model[5.5.1047~1-09a63]:InitAmGmm():gmm-init-model.cc:83) Very small count for state 1750: 32; corresponding phone list: 226 
WARNING (gmm-init-model[5.5.1047~1-09a63]:InitAmGmm():gmm-init-model.cc:83) Very small count for state 1775: 82; corresponding phone list: 83 
WARNING (gmm-init-model[5.5.1047~1-09a63]:InitAmGmm():gmm-init-model.cc:83) Very small count for state 1781: 85; corresponding phone list: 133 
WARNING (gmm-init-model[5.5.1047~1-09a63]:InitAmGmm():gmm-init-model.cc:83) Very small count for state 1786: 69; corresponding phone list: 231 
WARNING (gmm-init-model[5.5.1047~1-09a63]:InitAmGmm():gmm-init-model.cc:83) Very small count for state 1793: 67; corresponding phone list: 248 
WARNING (gmm-init-model[5.5.1047~1-09a63]:InitAmGmm():gmm-init-model.cc:83) Very small count for state 1800: 37; corresponding phone list: 258 
WARNING (gmm-init-model[5.5.1047~1-09a63]:InitAmGmm():gmm-init-model.cc:83) Very small count for state 1801: 47; corresponding phone list: 66 
WARNING (gmm-init-model[5.5.1047~1-09a63]:InitAmGmm():gmm-init-model.cc:83) Very small count for state 1806: 40; corresponding phone list: 232 
WARNING (gmm-init-model[5.5.1047~1-09a63]:InitAmGmm():gmm-init-model.cc:83) Very small count for state 1825: 61; corresponding phone list: 202 
WARNING (gmm-init-model[5.5.1047~1-09a63]:InitAmGmm():gmm-init-model.cc:83) Very small count for state 1833: 53; corresponding phone list: 179 
WARNING (gmm-init-model[5.5.1047~1-09a63]:InitAmGmm():gmm-init-model.cc:83) Very small count for state 1844: 75; corresponding phone list: 196 
WARNING (gmm-init-model[5.5.1047~1-09a63]:InitAmGmm():gmm-init-model.cc:83) Very small count for state 1875: 91; corresponding phone list: 150 
WARNING (gmm-init-model[5.5.1047~1-09a63]:InitAmGmm():gmm-init-model.cc:83) Very small count for state 1886: 58; corresponding phone list: 211 
WARNING (gmm-init-model[5.5.1047~1-09a63]:InitAmGmm():gmm-init-model.cc:83) Very small count for state 1889: 54; corresponding phone list: 28 
WARNING (gmm-init-model[5.5.1047~1-09a63]:InitAmGmm():gmm-init-model.cc:83) Very small count for state 1894: 22; corresponding phone list: 215 
WARNING (gmm-init-model[5.5.1047~1-09a63]:InitAmGmm():gmm-init-model.cc:83) Very small count for state 1902: 18; corresponding phone list: 100 
WARNING (gmm-init-model[5.5.1047~1-09a63]:InitAmGmm():gmm-init-model.cc:83) Very small count for state 1911: 67; corresponding phone list: 85 
WARNING (gmm-init-model[5.5.1047~1-09a63]:InitAmGmm():gmm-init-model.cc:83) Very small count for state 1917: 97; corresponding phone list: 169 
WARNING (gmm-init-model[5.5.1047~1-09a63]:InitAmGmm():gmm-init-model.cc:83) Very small count for state 1923: 97; corresponding phone list: 147 
WARNING (gmm-init-model[5.5.1047~1-09a63]:InitAmGmm():gmm-init-model.cc:83) Very small count for state 1927: 60; corresponding phone list: 150 
WARNING (gmm-init-model[5.5.1047~1-09a63]:InitAmGmm():gmm-init-model.cc:83) Very small count for state 1932: 93; corresponding phone list: 247 
WARNING (gmm-init-model[5.5.1047~1-09a63]:InitAmGmm():gmm-init-model.cc:83) Very small count for state 1933: 26; corresponding phone list: 18 
WARNING (gmm-init-model[5.5.1047~1-09a63]:InitAmGmm():gmm-init-model.cc:83) Very small count for state 1935: 62; corresponding phone list: 47 
WARNING (gmm-init-model[5.5.1047~1-09a63]:InitAmGmm():gmm-init-model.cc:83) Very small count for state 1958: 90; corresponding phone list: 49 
WARNING (gmm-init-model[5.5.1047~1-09a63]:InitAmGmm():gmm-init-model.cc:83) Very small count for state 1962: 35; corresponding phone list: 27 
WARNING (gmm-init-model[5.5.1047~1-09a63]:InitAmGmm():gmm-init-model.cc:83) Very small count for state 1969: 65; corresponding phone list: 211 
WARNING (gmm-init-model[5.5.1047~1-09a63]:InitAmGmm():gmm-init-model.cc:83) Very small count for state 1971: 50; corresponding phone list: 261 
WARNING (gmm-init-model[5.5.1047~1-09a63]:InitAmGmm():gmm-init-model.cc:83) Very small count for state 1980: 88; corresponding phone list: 156 
WARNING (gmm-init-model[5.5.1047~1-09a63]:InitAmGmm():gmm-init-model.cc:83) Very small count for state 1991: 88; corresponding phone list: 104 
WARNING (gmm-init-model[5.5.1047~1-09a63]:InitAmGmm():gmm-init-model.cc:83) Very small count for state 1992: 24; corresponding phone list: 37 
WARNING (gmm-init-model[5.5.1047~1-09a63]:InitAmGmm():gmm-init-model.cc:83) Very small count for state 1994: 89; corresponding phone list: 35 
WARNING (gmm-init-model[5.5.1047~1-09a63]:InitAmGmm():gmm-init-model.cc:83) Very small count for state 2005: 54; corresponding phone list: 248 
WARNING (gmm-init-model[5.5.1047~1-09a63]:InitAmGmm():gmm-init-model.cc:83) Very small count for state 2010: 71; corresponding phone list: 96 
WARNING (gmm-init-model[5.5.1047~1-09a63]:InitAmGmm():gmm-init-model.cc:83) Very small count for state 2012: 41; corresponding phone list: 67 
WARNING (gmm-init-model[5.5.1047~1-09a63]:InitAmGmm():gmm-init-model.cc:83) Very small count for state 2022: 78; corresponding phone list: 66 
WARNING (gmm-init-model[5.5.1047~1-09a63]:InitAmGmm():gmm-init-model.cc:83) Very small count for state 2024: 84; corresponding phone list: 134 
WARNING (gmm-init-model[5.5.1047~1-09a63]:InitAmGmm():gmm-init-model.cc:83) Very small count for state 2032: 43; corresponding phone list: 31 
WARNING (gmm-init-model[5.5.1047~1-09a63]:InitAmGmm():gmm-init-model.cc:83) Very small count for state 2036: 58; corresponding phone list: 133 
WARNING (gmm-init-model[5.5.1047~1-09a63]:InitAmGmm():gmm-init-model.cc:83) Very small count for state 2038: 77; corresponding phone list: 123 
LOG (gmm-init-model[5.5.1047~1-09a63]:main():gmm-init-model.cc:306) Wrote model.
