# ali-to-post "ark:gunzip -c exp/tri2_ali/ali.1.gz|" ark:- | weight-silence-post 0.0 1 exp/tri2_ali/final.mdl ark:- ark:- | acc-lda --rand-prune=4.0 exp/tri2_ali/final.mdl "ark,s,cs:apply-cmvn  --utt2spk=ark:data/train/split1/1/utt2spk scp:data/train/split1/1/cmvn.scp scp:data/train/split1/1/feats.scp ark:- | splice-feats  ark:- ark:- |" ark,s,cs:- exp/tri3a/lda.1.acc 
# Started at Sun Sep 25 13:11:37 CST 2022
#
ali-to-post 'ark:gunzip -c exp/tri2_ali/ali.1.gz|' ark:- 
acc-lda --rand-prune=4.0 exp/tri2_ali/final.mdl 'ark,s,cs:apply-cmvn  --utt2spk=ark:data/train/split1/1/utt2spk scp:data/train/split1/1/cmvn.scp scp:data/train/split1/1/feats.scp ark:- | splice-feats  ark:- ark:- |' ark,s,cs:- exp/tri3a/lda.1.acc 
weight-silence-post 0.0 1 exp/tri2_ali/final.mdl ark:- ark:- 
apply-cmvn --utt2spk=ark:data/train/split1/1/utt2spk scp:data/train/split1/1/cmvn.scp scp:data/train/split1/1/feats.scp ark:- 
splice-feats ark:- ark:- 
LOG (acc-lda[5.5.1047~1-09a63]:main():acc-lda.cc:114) Done 100 utterances.
LOG (acc-lda[5.5.1047~1-09a63]:main():acc-lda.cc:114) Done 200 utterances.
LOG (acc-lda[5.5.1047~1-09a63]:main():acc-lda.cc:114) Done 300 utterances.
LOG (acc-lda[5.5.1047~1-09a63]:main():acc-lda.cc:114) Done 400 utterances.
WARNING (acc-lda[5.5.1047~1-09a63]:main():acc-lda.cc:77) No posteriors for utterance SuiSiann_1137
LOG (acc-lda[5.5.1047~1-09a63]:main():acc-lda.cc:114) Done 500 utterances.
LOG (acc-lda[5.5.1047~1-09a63]:main():acc-lda.cc:114) Done 600 utterances.
LOG (acc-lda[5.5.1047~1-09a63]:main():acc-lda.cc:114) Done 700 utterances.
LOG (acc-lda[5.5.1047~1-09a63]:main():acc-lda.cc:114) Done 800 utterances.
WARNING (acc-lda[5.5.1047~1-09a63]:main():acc-lda.cc:77) No posteriors for utterance SuiSiann_1841
LOG (acc-lda[5.5.1047~1-09a63]:main():acc-lda.cc:114) Done 900 utterances.
LOG (acc-lda[5.5.1047~1-09a63]:main():acc-lda.cc:114) Done 1000 utterances.
WARNING (acc-lda[5.5.1047~1-09a63]:main():acc-lda.cc:77) No posteriors for utterance SuiSiann_2025
LOG (acc-lda[5.5.1047~1-09a63]:main():acc-lda.cc:114) Done 1100 utterances.
WARNING (acc-lda[5.5.1047~1-09a63]:main():acc-lda.cc:77) No posteriors for utterance SuiSiann_2275
LOG (acc-lda[5.5.1047~1-09a63]:main():acc-lda.cc:114) Done 1200 utterances.
WARNING (acc-lda[5.5.1047~1-09a63]:main():acc-lda.cc:77) No posteriors for utterance SuiSiann_2437
LOG (acc-lda[5.5.1047~1-09a63]:main():acc-lda.cc:114) Done 1300 utterances.
WARNING (acc-lda[5.5.1047~1-09a63]:main():acc-lda.cc:77) No posteriors for utterance SuiSiann_2491
WARNING (acc-lda[5.5.1047~1-09a63]:main():acc-lda.cc:77) No posteriors for utterance SuiSiann_2493
WARNING (acc-lda[5.5.1047~1-09a63]:main():acc-lda.cc:77) No posteriors for utterance SuiSiann_2573
LOG (acc-lda[5.5.1047~1-09a63]:main():acc-lda.cc:114) Done 1400 utterances.
LOG (acc-lda[5.5.1047~1-09a63]:main():acc-lda.cc:114) Done 1500 utterances.
LOG (acc-lda[5.5.1047~1-09a63]:main():acc-lda.cc:114) Done 1600 utterances.
LOG (acc-lda[5.5.1047~1-09a63]:main():acc-lda.cc:114) Done 1700 utterances.
LOG (acc-lda[5.5.1047~1-09a63]:main():acc-lda.cc:114) Done 1800 utterances.
LOG (ali-to-post[5.5.1047~1-09a63]:main():ali-to-post.cc:73) Converted 1899 alignments.
LOG (weight-silence-post[5.5.1047~1-09a63]:main():weight-silence-post.cc:95) Done 1899 posteriors.
LOG (apply-cmvn[5.5.1047~1-09a63]:main():apply-cmvn.cc:162) Applied cepstral mean normalization to 1907 utterances, errors on 0
LOG (acc-lda[5.5.1047~1-09a63]:main():acc-lda.cc:117) Done 1899 files, failed for 8
LOG (acc-lda[5.5.1047~1-09a63]:main():acc-lda.cc:122) Written statistics.
# Accounting: time=1 threads=1
# Ended (code 0) at Sun Sep 25 13:11:38 CST 2022, elapsed time 1 seconds
