# gmm-est --write-occs=exp/tri3a/25.occs --mix-up=18600 --power=0.25 exp/tri3a/24.mdl "gmm-sum-accs - exp/tri3a/24.*.acc |" exp/tri3a/25.mdl 
# Started at Wed Sep 28 18:07:25 CST 2022
#
gmm-est --write-occs=exp/tri3a/25.occs --mix-up=18600 --power=0.25 exp/tri3a/24.mdl 'gmm-sum-accs - exp/tri3a/24.*.acc |' exp/tri3a/25.mdl 
gmm-sum-accs - exp/tri3a/24.1.acc 
LOG (gmm-sum-accs[5.5.1049~1-4592c5]:main():gmm-sum-accs.cc:63) Summed 1 stats, total count 788240, avg like/frame -46.3171
LOG (gmm-sum-accs[5.5.1049~1-4592c5]:main():gmm-sum-accs.cc:66) Total count of stats is 788240
LOG (gmm-sum-accs[5.5.1049~1-4592c5]:main():gmm-sum-accs.cc:67) Written stats to -
LOG (gmm-est[5.5.1049~1-4592c5]:MleUpdate():transition-model.cc:528) TransitionModel::Update, objf change is 0 per frame over 788240 frames. 
LOG (gmm-est[5.5.1049~1-4592c5]:MleUpdate():transition-model.cc:531) 125 probabilities floored, 125 out of 2278 transition-states skipped due to insuffient data (it is normal to have some skipped.)
LOG (gmm-est[5.5.1049~1-4592c5]:main():gmm-est.cc:102) Transition model update: Overall 0 log-like improvement per frame over 788240 frames.
WARNING (gmm-est[5.5.1049~1-4592c5]:MleDiagGmmUpdate():mle-diag-gmm.cc:365) Gaussian has too little data but not removing it because it is the last Gaussian: i = 0, occ = 0, weight = 1
WARNING (gmm-est[5.5.1049~1-4592c5]:MleDiagGmmUpdate():mle-diag-gmm.cc:365) Gaussian has too little data but not removing it because it is the last Gaussian: i = 0, occ = 0, weight = 1
WARNING (gmm-est[5.5.1049~1-4592c5]:MleDiagGmmUpdate():mle-diag-gmm.cc:365) Gaussian has too little data but not removing it because it is the last Gaussian: i = 0, occ = 5, weight = 1
WARNING (gmm-est[5.5.1049~1-4592c5]:MleDiagGmmUpdate():mle-diag-gmm.cc:365) Gaussian has too little data but not removing it because it is the last Gaussian: i = 0, occ = 6, weight = 1
WARNING (gmm-est[5.5.1049~1-4592c5]:MleDiagGmmUpdate():mle-diag-gmm.cc:365) Gaussian has too little data but not removing it because it is the last Gaussian: i = 0, occ = 6, weight = 1
WARNING (gmm-est[5.5.1049~1-4592c5]:MleDiagGmmUpdate():mle-diag-gmm.cc:365) Gaussian has too little data but not removing it because it is the last Gaussian: i = 0, occ = 6, weight = 1
WARNING (gmm-est[5.5.1049~1-4592c5]:MleDiagGmmUpdate():mle-diag-gmm.cc:365) Gaussian has too little data but not removing it because it is the last Gaussian: i = 0, occ = 0, weight = 1
WARNING (gmm-est[5.5.1049~1-4592c5]:MleDiagGmmUpdate():mle-diag-gmm.cc:365) Gaussian has too little data but not removing it because it is the last Gaussian: i = 0, occ = 3, weight = 1
WARNING (gmm-est[5.5.1049~1-4592c5]:MleDiagGmmUpdate():mle-diag-gmm.cc:365) Gaussian has too little data but not removing it because it is the last Gaussian: i = 0, occ = 7, weight = 1
WARNING (gmm-est[5.5.1049~1-4592c5]:MleDiagGmmUpdate():mle-diag-gmm.cc:359) Too little data - removing Gaussian (weight 0.051350, occupation count 7.753855, vector size 40)
WARNING (gmm-est[5.5.1049~1-4592c5]:MleDiagGmmUpdate():mle-diag-gmm.cc:365) Gaussian has too little data but not removing it because it is the last Gaussian: i = 0, occ = 0, weight = 1
WARNING (gmm-est[5.5.1049~1-4592c5]:MleDiagGmmUpdate():mle-diag-gmm.cc:365) Gaussian has too little data but not removing it because it is the last Gaussian: i = 0, occ = 0, weight = 1
WARNING (gmm-est[5.5.1049~1-4592c5]:MleDiagGmmUpdate():mle-diag-gmm.cc:365) Gaussian has too little data but not removing it because it is the last Gaussian: i = 0, occ = 6, weight = 1
WARNING (gmm-est[5.5.1049~1-4592c5]:MleDiagGmmUpdate():mle-diag-gmm.cc:365) Gaussian has too little data but not removing it because it is the last Gaussian: i = 0, occ = 0, weight = 1
WARNING (gmm-est[5.5.1049~1-4592c5]:MleDiagGmmUpdate():mle-diag-gmm.cc:365) Gaussian has too little data but not removing it because it is the last Gaussian: i = 0, occ = 4, weight = 1
WARNING (gmm-est[5.5.1049~1-4592c5]:MleDiagGmmUpdate():mle-diag-gmm.cc:365) Gaussian has too little data but not removing it because it is the last Gaussian: i = 0, occ = 4, weight = 1
WARNING (gmm-est[5.5.1049~1-4592c5]:MleDiagGmmUpdate():mle-diag-gmm.cc:365) Gaussian has too little data but not removing it because it is the last Gaussian: i = 0, occ = 8, weight = 1
WARNING (gmm-est[5.5.1049~1-4592c5]:MleDiagGmmUpdate():mle-diag-gmm.cc:365) Gaussian has too little data but not removing it because it is the last Gaussian: i = 0, occ = 0, weight = 1
WARNING (gmm-est[5.5.1049~1-4592c5]:MleDiagGmmUpdate():mle-diag-gmm.cc:365) Gaussian has too little data but not removing it because it is the last Gaussian: i = 0, occ = 6, weight = 1
WARNING (gmm-est[5.5.1049~1-4592c5]:MleDiagGmmUpdate():mle-diag-gmm.cc:365) Gaussian has too little data but not removing it because it is the last Gaussian: i = 0, occ = 6, weight = 1
WARNING (gmm-est[5.5.1049~1-4592c5]:MleDiagGmmUpdate():mle-diag-gmm.cc:365) Gaussian has too little data but not removing it because it is the last Gaussian: i = 0, occ = 3, weight = 1
WARNING (gmm-est[5.5.1049~1-4592c5]:MleDiagGmmUpdate():mle-diag-gmm.cc:359) Too little data - removing Gaussian (weight 0.043470, occupation count 9.346127, vector size 40)
WARNING (gmm-est[5.5.1049~1-4592c5]:MleDiagGmmUpdate():mle-diag-gmm.cc:359) Too little data - removing Gaussian (weight 0.036305, occupation count 9.947618, vector size 40)
WARNING (gmm-est[5.5.1049~1-4592c5]:MleDiagGmmUpdate():mle-diag-gmm.cc:359) Too little data - removing Gaussian (weight 0.090204, occupation count 9.381219, vector size 40)
WARNING (gmm-est[5.5.1049~1-4592c5]:MleDiagGmmUpdate():mle-diag-gmm.cc:359) Too little data - removing Gaussian (weight 0.062011, occupation count 9.983723, vector size 40)
WARNING (gmm-est[5.5.1049~1-4592c5]:MleDiagGmmUpdate():mle-diag-gmm.cc:359) Too little data - removing Gaussian (weight 0.052095, occupation count 9.846039, vector size 40)
WARNING (gmm-est[5.5.1049~1-4592c5]:MleDiagGmmUpdate():mle-diag-gmm.cc:359) Too little data - removing Gaussian (weight 0.098989, occupation count 9.997897, vector size 40)
WARNING (gmm-est[5.5.1049~1-4592c5]:MleDiagGmmUpdate():mle-diag-gmm.cc:359) Too little data - removing Gaussian (weight 0.057168, occupation count 9.832914, vector size 40)
WARNING (gmm-est[5.5.1049~1-4592c5]:MleDiagGmmUpdate():mle-diag-gmm.cc:359) Too little data - removing Gaussian (weight 0.030977, occupation count 6.071515, vector size 40)
WARNING (gmm-est[5.5.1049~1-4592c5]:MleDiagGmmUpdate():mle-diag-gmm.cc:359) Too little data - removing Gaussian (weight 0.044328, occupation count 9.973763, vector size 40)
WARNING (gmm-est[5.5.1049~1-4592c5]:MleDiagGmmUpdate():mle-diag-gmm.cc:359) Too little data - removing Gaussian (weight 0.041370, occupation count 9.970182, vector size 40)
WARNING (gmm-est[5.5.1049~1-4592c5]:MleDiagGmmUpdate():mle-diag-gmm.cc:359) Too little data - removing Gaussian (weight 0.044266, occupation count 9.915526, vector size 40)
WARNING (gmm-est[5.5.1049~1-4592c5]:MleDiagGmmUpdate():mle-diag-gmm.cc:359) Too little data - removing Gaussian (weight 0.071429, occupation count 9.999999, vector size 40)
WARNING (gmm-est[5.5.1049~1-4592c5]:MleDiagGmmUpdate():mle-diag-gmm.cc:359) Too little data - removing Gaussian (weight 0.053024, occupation count 8.801935, vector size 40)
LOG (gmm-est[5.5.1049~1-4592c5]:MleAmDiagGmmUpdate():mle-am-diag-gmm.cc:225) 2 variance elements floored in 2 Gaussians, out of 17900
LOG (gmm-est[5.5.1049~1-4592c5]:MleAmDiagGmmUpdate():mle-am-diag-gmm.cc:229) Removed 14 Gaussians due to counts < --min-gaussian-occupancy=10 and --remove-low-count-gaussians=true
LOG (gmm-est[5.5.1049~1-4592c5]:main():gmm-est.cc:113) GMM update: Overall 0.120932 objective function improvement per frame over 788240 frames
LOG (gmm-est[5.5.1049~1-4592c5]:main():gmm-est.cc:116) GMM update: Overall avg like per frame = -46.3171 over 788240 frames.
LOG (gmm-est[5.5.1049~1-4592c5]:SplitByCount():am-diag-gmm.cc:116) Split 2040 states with target = 18600, power = 0.25, perturb_factor = 0.01 and min_count = 20, split #Gauss from 17900 to 18614
LOG (gmm-est[5.5.1049~1-4592c5]:main():gmm-est.cc:146) Written model to exp/tri3a/25.mdl
# Accounting: time=0 threads=1
# Ended (code 0) at Wed Sep 28 18:07:25 CST 2022, elapsed time 0 seconds
