# gmm-est --write-occs=exp/tri3a/22.occs --mix-up=16500 --power=0.25 exp/tri3a/21.mdl "gmm-sum-accs - exp/tri3a/21.*.acc |" exp/tri3a/22.mdl 
# Started at Wed Sep 28 18:07:21 CST 2022
#
gmm-est --write-occs=exp/tri3a/22.occs --mix-up=16500 --power=0.25 exp/tri3a/21.mdl 'gmm-sum-accs - exp/tri3a/21.*.acc |' exp/tri3a/22.mdl 
gmm-sum-accs - exp/tri3a/21.1.acc 
LOG (gmm-sum-accs[5.5.1049~1-4592c5]:main():gmm-sum-accs.cc:63) Summed 1 stats, total count 788240, avg like/frame -46.9897
LOG (gmm-sum-accs[5.5.1049~1-4592c5]:main():gmm-sum-accs.cc:66) Total count of stats is 788240
LOG (gmm-sum-accs[5.5.1049~1-4592c5]:main():gmm-sum-accs.cc:67) Written stats to -
LOG (gmm-est[5.5.1049~1-4592c5]:MleUpdate():transition-model.cc:528) TransitionModel::Update, objf change is 0 per frame over 788240 frames. 
LOG (gmm-est[5.5.1049~1-4592c5]:MleUpdate():transition-model.cc:531) 125 probabilities floored, 125 out of 2278 transition-states skipped due to insuffient data (it is normal to have some skipped.)
LOG (gmm-est[5.5.1049~1-4592c5]:main():gmm-est.cc:102) Transition model update: Overall 0 log-like improvement per frame over 788240 frames.
WARNING (gmm-est[5.5.1049~1-4592c5]:MleDiagGmmUpdate():mle-diag-gmm.cc:365) Gaussian has too little data but not removing it because it is the last Gaussian: i = 0, occ = 0, weight = 1
WARNING (gmm-est[5.5.1049~1-4592c5]:MleDiagGmmUpdate():mle-diag-gmm.cc:365) Gaussian has too little data but not removing it because it is the last Gaussian: i = 0, occ = 0, weight = 1
WARNING (gmm-est[5.5.1049~1-4592c5]:MleDiagGmmUpdate():mle-diag-gmm.cc:365) Gaussian has too little data but not removing it because it is the last Gaussian: i = 0, occ = 5, weight = 1
WARNING (gmm-est[5.5.1049~1-4592c5]:MleDiagGmmUpdate():mle-diag-gmm.cc:365) Gaussian has too little data but not removing it because it is the last Gaussian: i = 0, occ = 6, weight = 1
WARNING (gmm-est[5.5.1049~1-4592c5]:MleDiagGmmUpdate():mle-diag-gmm.cc:365) Gaussian has too little data but not removing it because it is the last Gaussian: i = 0, occ = 6, weight = 1
WARNING (gmm-est[5.5.1049~1-4592c5]:MleDiagGmmUpdate():mle-diag-gmm.cc:365) Gaussian has too little data but not removing it because it is the last Gaussian: i = 0, occ = 6, weight = 1
WARNING (gmm-est[5.5.1049~1-4592c5]:MleDiagGmmUpdate():mle-diag-gmm.cc:365) Gaussian has too little data but not removing it because it is the last Gaussian: i = 0, occ = 0, weight = 1
WARNING (gmm-est[5.5.1049~1-4592c5]:MleDiagGmmUpdate():mle-diag-gmm.cc:359) Too little data - removing Gaussian (weight 0.060155, occupation count 8.060815, vector size 40)
WARNING (gmm-est[5.5.1049~1-4592c5]:MleDiagGmmUpdate():mle-diag-gmm.cc:365) Gaussian has too little data but not removing it because it is the last Gaussian: i = 0, occ = 3, weight = 1
WARNING (gmm-est[5.5.1049~1-4592c5]:MleDiagGmmUpdate():mle-diag-gmm.cc:365) Gaussian has too little data but not removing it because it is the last Gaussian: i = 0, occ = 7, weight = 1
WARNING (gmm-est[5.5.1049~1-4592c5]:MleDiagGmmUpdate():mle-diag-gmm.cc:359) Too little data - removing Gaussian (weight 0.087366, occupation count 9.260770, vector size 40)
WARNING (gmm-est[5.5.1049~1-4592c5]:MleDiagGmmUpdate():mle-diag-gmm.cc:359) Too little data - removing Gaussian (weight 0.063696, occupation count 9.618135, vector size 40)
WARNING (gmm-est[5.5.1049~1-4592c5]:MleDiagGmmUpdate():mle-diag-gmm.cc:365) Gaussian has too little data but not removing it because it is the last Gaussian: i = 0, occ = 0, weight = 1
WARNING (gmm-est[5.5.1049~1-4592c5]:MleDiagGmmUpdate():mle-diag-gmm.cc:359) Too little data - removing Gaussian (weight 0.064162, occupation count 9.110945, vector size 40)
WARNING (gmm-est[5.5.1049~1-4592c5]:MleDiagGmmUpdate():mle-diag-gmm.cc:365) Gaussian has too little data but not removing it because it is the last Gaussian: i = 0, occ = 0, weight = 1
WARNING (gmm-est[5.5.1049~1-4592c5]:MleDiagGmmUpdate():mle-diag-gmm.cc:365) Gaussian has too little data but not removing it because it is the last Gaussian: i = 0, occ = 6, weight = 1
WARNING (gmm-est[5.5.1049~1-4592c5]:MleDiagGmmUpdate():mle-diag-gmm.cc:365) Gaussian has too little data but not removing it because it is the last Gaussian: i = 0, occ = 0, weight = 1
WARNING (gmm-est[5.5.1049~1-4592c5]:MleDiagGmmUpdate():mle-diag-gmm.cc:365) Gaussian has too little data but not removing it because it is the last Gaussian: i = 0, occ = 4, weight = 1
WARNING (gmm-est[5.5.1049~1-4592c5]:MleDiagGmmUpdate():mle-diag-gmm.cc:365) Gaussian has too little data but not removing it because it is the last Gaussian: i = 0, occ = 4, weight = 1
WARNING (gmm-est[5.5.1049~1-4592c5]:MleDiagGmmUpdate():mle-diag-gmm.cc:365) Gaussian has too little data but not removing it because it is the last Gaussian: i = 0, occ = 8, weight = 1
WARNING (gmm-est[5.5.1049~1-4592c5]:MleDiagGmmUpdate():mle-diag-gmm.cc:365) Gaussian has too little data but not removing it because it is the last Gaussian: i = 0, occ = 0, weight = 1
WARNING (gmm-est[5.5.1049~1-4592c5]:MleDiagGmmUpdate():mle-diag-gmm.cc:359) Too little data - removing Gaussian (weight 0.157042, occupation count 9.893656, vector size 40)
WARNING (gmm-est[5.5.1049~1-4592c5]:MleDiagGmmUpdate():mle-diag-gmm.cc:365) Gaussian has too little data but not removing it because it is the last Gaussian: i = 0, occ = 6, weight = 1
WARNING (gmm-est[5.5.1049~1-4592c5]:MleDiagGmmUpdate():mle-diag-gmm.cc:365) Gaussian has too little data but not removing it because it is the last Gaussian: i = 0, occ = 6, weight = 1
WARNING (gmm-est[5.5.1049~1-4592c5]:MleDiagGmmUpdate():mle-diag-gmm.cc:365) Gaussian has too little data but not removing it because it is the last Gaussian: i = 0, occ = 3, weight = 1
WARNING (gmm-est[5.5.1049~1-4592c5]:MleDiagGmmUpdate():mle-diag-gmm.cc:359) Too little data - removing Gaussian (weight 0.065847, occupation count 9.416178, vector size 40)
WARNING (gmm-est[5.5.1049~1-4592c5]:MleDiagGmmUpdate():mle-diag-gmm.cc:359) Too little data - removing Gaussian (weight 0.059558, occupation count 8.755077, vector size 40)
WARNING (gmm-est[5.5.1049~1-4592c5]:MleDiagGmmUpdate():mle-diag-gmm.cc:359) Too little data - removing Gaussian (weight 0.095443, occupation count 9.926073, vector size 40)
WARNING (gmm-est[5.5.1049~1-4592c5]:MleDiagGmmUpdate():mle-diag-gmm.cc:359) Too little data - removing Gaussian (weight 0.066591, occupation count 9.988720, vector size 40)
WARNING (gmm-est[5.5.1049~1-4592c5]:MleDiagGmmUpdate():mle-diag-gmm.cc:359) Too little data - removing Gaussian (weight 0.062169, occupation count 9.014516, vector size 40)
WARNING (gmm-est[5.5.1049~1-4592c5]:MleDiagGmmUpdate():mle-diag-gmm.cc:359) Too little data - removing Gaussian (weight 0.049193, occupation count 9.002409, vector size 40)
WARNING (gmm-est[5.5.1049~1-4592c5]:MleDiagGmmUpdate():mle-diag-gmm.cc:359) Too little data - removing Gaussian (weight 0.071322, occupation count 9.985014, vector size 40)
WARNING (gmm-est[5.5.1049~1-4592c5]:MleDiagGmmUpdate():mle-diag-gmm.cc:359) Too little data - removing Gaussian (weight 0.065983, occupation count 9.633492, vector size 40)
LOG (gmm-est[5.5.1049~1-4592c5]:MleAmDiagGmmUpdate():mle-am-diag-gmm.cc:225) 1 variance elements floored in 1 Gaussians, out of 15802
LOG (gmm-est[5.5.1049~1-4592c5]:MleAmDiagGmmUpdate():mle-am-diag-gmm.cc:229) Removed 13 Gaussians due to counts < --min-gaussian-occupancy=10 and --remove-low-count-gaussians=true
LOG (gmm-est[5.5.1049~1-4592c5]:main():gmm-est.cc:113) GMM update: Overall 0.138589 objective function improvement per frame over 788240 frames
LOG (gmm-est[5.5.1049~1-4592c5]:main():gmm-est.cc:116) GMM update: Overall avg like per frame = -46.9897 over 788240 frames.
LOG (gmm-est[5.5.1049~1-4592c5]:SplitByCount():am-diag-gmm.cc:116) Split 2040 states with target = 16500, power = 0.25, perturb_factor = 0.01 and min_count = 20, split #Gauss from 15802 to 16514
LOG (gmm-est[5.5.1049~1-4592c5]:main():gmm-est.cc:146) Written model to exp/tri3a/22.mdl
# Accounting: time=1 threads=1
# Ended (code 0) at Wed Sep 28 18:07:22 CST 2022, elapsed time 1 seconds
