# gmm-est --write-occs=exp/tri3a/13.occs --mix-up=10200 --power=0.25 exp/tri3a/12.mdl "gmm-sum-accs - exp/tri3a/12.*.acc |" exp/tri3a/13.mdl 
# Started at Wed Sep 28 18:07:07 CST 2022
#
gmm-est --write-occs=exp/tri3a/13.occs --mix-up=10200 --power=0.25 exp/tri3a/12.mdl 'gmm-sum-accs - exp/tri3a/12.*.acc |' exp/tri3a/13.mdl 
gmm-sum-accs - exp/tri3a/12.1.acc 
LOG (gmm-sum-accs[5.5.1049~1-4592c5]:main():gmm-sum-accs.cc:63) Summed 1 stats, total count 788402, avg like/frame -49.8462
LOG (gmm-sum-accs[5.5.1049~1-4592c5]:main():gmm-sum-accs.cc:66) Total count of stats is 788402
LOG (gmm-sum-accs[5.5.1049~1-4592c5]:main():gmm-sum-accs.cc:67) Written stats to -
LOG (gmm-est[5.5.1049~1-4592c5]:MleUpdate():transition-model.cc:528) TransitionModel::Update, objf change is 0 per frame over 788402 frames. 
LOG (gmm-est[5.5.1049~1-4592c5]:MleUpdate():transition-model.cc:531) 125 probabilities floored, 125 out of 2278 transition-states skipped due to insuffient data (it is normal to have some skipped.)
LOG (gmm-est[5.5.1049~1-4592c5]:main():gmm-est.cc:102) Transition model update: Overall 0 log-like improvement per frame over 788402 frames.
WARNING (gmm-est[5.5.1049~1-4592c5]:MleDiagGmmUpdate():mle-diag-gmm.cc:365) Gaussian has too little data but not removing it because it is the last Gaussian: i = 0, occ = 0, weight = 1
WARNING (gmm-est[5.5.1049~1-4592c5]:MleDiagGmmUpdate():mle-diag-gmm.cc:365) Gaussian has too little data but not removing it because it is the last Gaussian: i = 0, occ = 0, weight = 1
WARNING (gmm-est[5.5.1049~1-4592c5]:MleDiagGmmUpdate():mle-diag-gmm.cc:365) Gaussian has too little data but not removing it because it is the last Gaussian: i = 0, occ = 5, weight = 1
WARNING (gmm-est[5.5.1049~1-4592c5]:MleDiagGmmUpdate():mle-diag-gmm.cc:365) Gaussian has too little data but not removing it because it is the last Gaussian: i = 0, occ = 6, weight = 1
WARNING (gmm-est[5.5.1049~1-4592c5]:MleDiagGmmUpdate():mle-diag-gmm.cc:365) Gaussian has too little data but not removing it because it is the last Gaussian: i = 0, occ = 6, weight = 1
WARNING (gmm-est[5.5.1049~1-4592c5]:MleDiagGmmUpdate():mle-diag-gmm.cc:365) Gaussian has too little data but not removing it because it is the last Gaussian: i = 0, occ = 6, weight = 1
WARNING (gmm-est[5.5.1049~1-4592c5]:MleDiagGmmUpdate():mle-diag-gmm.cc:365) Gaussian has too little data but not removing it because it is the last Gaussian: i = 0, occ = 0, weight = 1
WARNING (gmm-est[5.5.1049~1-4592c5]:MleDiagGmmUpdate():mle-diag-gmm.cc:359) Too little data - removing Gaussian (weight 0.051636, occupation count 7.022431, vector size 40)
WARNING (gmm-est[5.5.1049~1-4592c5]:MleDiagGmmUpdate():mle-diag-gmm.cc:365) Gaussian has too little data but not removing it because it is the last Gaussian: i = 0, occ = 3, weight = 1
WARNING (gmm-est[5.5.1049~1-4592c5]:MleDiagGmmUpdate():mle-diag-gmm.cc:365) Gaussian has too little data but not removing it because it is the last Gaussian: i = 0, occ = 8, weight = 1
WARNING (gmm-est[5.5.1049~1-4592c5]:MleDiagGmmUpdate():mle-diag-gmm.cc:365) Gaussian has too little data but not removing it because it is the last Gaussian: i = 0, occ = 0, weight = 1
WARNING (gmm-est[5.5.1049~1-4592c5]:MleDiagGmmUpdate():mle-diag-gmm.cc:365) Gaussian has too little data but not removing it because it is the last Gaussian: i = 0, occ = 0, weight = 1
WARNING (gmm-est[5.5.1049~1-4592c5]:MleDiagGmmUpdate():mle-diag-gmm.cc:365) Gaussian has too little data but not removing it because it is the last Gaussian: i = 0, occ = 6, weight = 1
WARNING (gmm-est[5.5.1049~1-4592c5]:MleDiagGmmUpdate():mle-diag-gmm.cc:365) Gaussian has too little data but not removing it because it is the last Gaussian: i = 0, occ = 0, weight = 1
WARNING (gmm-est[5.5.1049~1-4592c5]:MleDiagGmmUpdate():mle-diag-gmm.cc:365) Gaussian has too little data but not removing it because it is the last Gaussian: i = 0, occ = 4, weight = 1
WARNING (gmm-est[5.5.1049~1-4592c5]:MleDiagGmmUpdate():mle-diag-gmm.cc:365) Gaussian has too little data but not removing it because it is the last Gaussian: i = 0, occ = 5, weight = 1
WARNING (gmm-est[5.5.1049~1-4592c5]:MleDiagGmmUpdate():mle-diag-gmm.cc:365) Gaussian has too little data but not removing it because it is the last Gaussian: i = 0, occ = 8, weight = 1
WARNING (gmm-est[5.5.1049~1-4592c5]:MleDiagGmmUpdate():mle-diag-gmm.cc:365) Gaussian has too little data but not removing it because it is the last Gaussian: i = 0, occ = 0, weight = 1
WARNING (gmm-est[5.5.1049~1-4592c5]:MleDiagGmmUpdate():mle-diag-gmm.cc:365) Gaussian has too little data but not removing it because it is the last Gaussian: i = 0, occ = 6, weight = 1
WARNING (gmm-est[5.5.1049~1-4592c5]:MleDiagGmmUpdate():mle-diag-gmm.cc:365) Gaussian has too little data but not removing it because it is the last Gaussian: i = 0, occ = 6, weight = 1
WARNING (gmm-est[5.5.1049~1-4592c5]:MleDiagGmmUpdate():mle-diag-gmm.cc:365) Gaussian has too little data but not removing it because it is the last Gaussian: i = 0, occ = 4, weight = 1
WARNING (gmm-est[5.5.1049~1-4592c5]:MleDiagGmmUpdate():mle-diag-gmm.cc:359) Too little data - removing Gaussian (weight 0.138842, occupation count 9.857773, vector size 40)
LOG (gmm-est[5.5.1049~1-4592c5]:MleAmDiagGmmUpdate():mle-am-diag-gmm.cc:225) 0 variance elements floored in 0 Gaussians, out of 9499
LOG (gmm-est[5.5.1049~1-4592c5]:MleAmDiagGmmUpdate():mle-am-diag-gmm.cc:229) Removed 2 Gaussians due to counts < --min-gaussian-occupancy=10 and --remove-low-count-gaussians=true
LOG (gmm-est[5.5.1049~1-4592c5]:main():gmm-est.cc:113) GMM update: Overall 0.303827 objective function improvement per frame over 788402 frames
LOG (gmm-est[5.5.1049~1-4592c5]:main():gmm-est.cc:116) GMM update: Overall avg like per frame = -49.8462 over 788402 frames.
LOG (gmm-est[5.5.1049~1-4592c5]:SplitByCount():am-diag-gmm.cc:116) Split 2040 states with target = 10200, power = 0.25, perturb_factor = 0.01 and min_count = 20, split #Gauss from 9499 to 10201
LOG (gmm-est[5.5.1049~1-4592c5]:main():gmm-est.cc:146) Written model to exp/tri3a/13.mdl
# Accounting: time=0 threads=1
# Ended (code 0) at Wed Sep 28 18:07:07 CST 2022, elapsed time 0 seconds
